[2022-10-27 22:13:46,295] {processor.py:153} INFO - Started process (PID=48723) to work on /home/nayara/Documentos/airflowalura/venv/lib/python3.9/site-packages/airflow/example_dags/subdags/subdag.py
[2022-10-27 22:13:46,296] {processor.py:641} INFO - Processing file /home/nayara/Documentos/airflowalura/venv/lib/python3.9/site-packages/airflow/example_dags/subdags/subdag.py for tasks to queue
[2022-10-27 22:13:46,297] {logging_mixin.py:115} INFO - [2022-10-27 22:13:46,297] {dagbag.py:507} INFO - Filling up the DagBag from /home/nayara/Documentos/airflowalura/venv/lib/python3.9/site-packages/airflow/example_dags/subdags/subdag.py
[2022-10-27 22:13:46,299] {processor.py:653} WARNING - No viable dags retrieved from /home/nayara/Documentos/airflowalura/venv/lib/python3.9/site-packages/airflow/example_dags/subdags/subdag.py
[2022-10-27 22:13:46,315] {processor.py:161} INFO - Processing /home/nayara/Documentos/airflowalura/venv/lib/python3.9/site-packages/airflow/example_dags/subdags/subdag.py took 0.026 seconds
[2022-10-27 22:17:25,944] {processor.py:153} INFO - Started process (PID=49206) to work on /home/nayara/Documentos/airflowalura/venv/lib/python3.9/site-packages/airflow/example_dags/subdags/subdag.py
[2022-10-27 22:17:25,961] {processor.py:641} INFO - Processing file /home/nayara/Documentos/airflowalura/venv/lib/python3.9/site-packages/airflow/example_dags/subdags/subdag.py for tasks to queue
[2022-10-27 22:17:25,962] {logging_mixin.py:115} INFO - [2022-10-27 22:17:25,962] {dagbag.py:507} INFO - Filling up the DagBag from /home/nayara/Documentos/airflowalura/venv/lib/python3.9/site-packages/airflow/example_dags/subdags/subdag.py
[2022-10-27 22:17:25,965] {processor.py:653} WARNING - No viable dags retrieved from /home/nayara/Documentos/airflowalura/venv/lib/python3.9/site-packages/airflow/example_dags/subdags/subdag.py
[2022-10-27 22:17:25,988] {processor.py:161} INFO - Processing /home/nayara/Documentos/airflowalura/venv/lib/python3.9/site-packages/airflow/example_dags/subdags/subdag.py took 0.048 seconds
[2022-10-27 22:18:03,760] {processor.py:153} INFO - Started process (PID=49276) to work on /home/nayara/Documentos/airflowalura/venv/lib/python3.9/site-packages/airflow/example_dags/subdags/subdag.py
[2022-10-27 22:18:03,769] {processor.py:641} INFO - Processing file /home/nayara/Documentos/airflowalura/venv/lib/python3.9/site-packages/airflow/example_dags/subdags/subdag.py for tasks to queue
[2022-10-27 22:18:03,769] {logging_mixin.py:115} INFO - [2022-10-27 22:18:03,769] {dagbag.py:507} INFO - Filling up the DagBag from /home/nayara/Documentos/airflowalura/venv/lib/python3.9/site-packages/airflow/example_dags/subdags/subdag.py
[2022-10-27 22:18:03,771] {processor.py:653} WARNING - No viable dags retrieved from /home/nayara/Documentos/airflowalura/venv/lib/python3.9/site-packages/airflow/example_dags/subdags/subdag.py
[2022-10-27 22:18:03,787] {processor.py:161} INFO - Processing /home/nayara/Documentos/airflowalura/venv/lib/python3.9/site-packages/airflow/example_dags/subdags/subdag.py took 0.033 seconds
[2022-10-27 22:19:01,285] {processor.py:153} INFO - Started process (PID=49494) to work on /home/nayara/Documentos/airflowalura/venv/lib/python3.9/site-packages/airflow/example_dags/subdags/subdag.py
[2022-10-27 22:19:01,325] {processor.py:641} INFO - Processing file /home/nayara/Documentos/airflowalura/venv/lib/python3.9/site-packages/airflow/example_dags/subdags/subdag.py for tasks to queue
[2022-10-27 22:19:01,327] {logging_mixin.py:115} INFO - [2022-10-27 22:19:01,326] {dagbag.py:507} INFO - Filling up the DagBag from /home/nayara/Documentos/airflowalura/venv/lib/python3.9/site-packages/airflow/example_dags/subdags/subdag.py
[2022-10-27 22:19:01,333] {processor.py:653} WARNING - No viable dags retrieved from /home/nayara/Documentos/airflowalura/venv/lib/python3.9/site-packages/airflow/example_dags/subdags/subdag.py
[2022-10-27 22:19:01,362] {processor.py:161} INFO - Processing /home/nayara/Documentos/airflowalura/venv/lib/python3.9/site-packages/airflow/example_dags/subdags/subdag.py took 0.084 seconds
[2022-10-27 22:19:52,248] {processor.py:153} INFO - Started process (PID=49755) to work on /home/nayara/Documentos/airflowalura/venv/lib/python3.9/site-packages/airflow/example_dags/subdags/subdag.py
[2022-10-27 22:19:52,271] {processor.py:641} INFO - Processing file /home/nayara/Documentos/airflowalura/venv/lib/python3.9/site-packages/airflow/example_dags/subdags/subdag.py for tasks to queue
[2022-10-27 22:19:52,272] {logging_mixin.py:115} INFO - [2022-10-27 22:19:52,272] {dagbag.py:507} INFO - Filling up the DagBag from /home/nayara/Documentos/airflowalura/venv/lib/python3.9/site-packages/airflow/example_dags/subdags/subdag.py
[2022-10-27 22:19:52,276] {processor.py:653} WARNING - No viable dags retrieved from /home/nayara/Documentos/airflowalura/venv/lib/python3.9/site-packages/airflow/example_dags/subdags/subdag.py
[2022-10-27 22:19:52,298] {processor.py:161} INFO - Processing /home/nayara/Documentos/airflowalura/venv/lib/python3.9/site-packages/airflow/example_dags/subdags/subdag.py took 0.063 seconds
[2022-10-27 22:20:28,311] {processor.py:153} INFO - Started process (PID=49870) to work on /home/nayara/Documentos/airflowalura/venv/lib/python3.9/site-packages/airflow/example_dags/subdags/subdag.py
[2022-10-27 22:20:28,398] {processor.py:641} INFO - Processing file /home/nayara/Documentos/airflowalura/venv/lib/python3.9/site-packages/airflow/example_dags/subdags/subdag.py for tasks to queue
[2022-10-27 22:20:28,401] {logging_mixin.py:115} INFO - [2022-10-27 22:20:28,400] {dagbag.py:507} INFO - Filling up the DagBag from /home/nayara/Documentos/airflowalura/venv/lib/python3.9/site-packages/airflow/example_dags/subdags/subdag.py
[2022-10-27 22:20:28,407] {processor.py:653} WARNING - No viable dags retrieved from /home/nayara/Documentos/airflowalura/venv/lib/python3.9/site-packages/airflow/example_dags/subdags/subdag.py
[2022-10-27 22:20:28,457] {processor.py:161} INFO - Processing /home/nayara/Documentos/airflowalura/venv/lib/python3.9/site-packages/airflow/example_dags/subdags/subdag.py took 0.151 seconds
[2022-10-27 22:21:11,744] {processor.py:153} INFO - Started process (PID=49968) to work on /home/nayara/Documentos/airflowalura/venv/lib/python3.9/site-packages/airflow/example_dags/subdags/subdag.py
[2022-10-27 22:21:11,747] {processor.py:641} INFO - Processing file /home/nayara/Documentos/airflowalura/venv/lib/python3.9/site-packages/airflow/example_dags/subdags/subdag.py for tasks to queue
[2022-10-27 22:21:11,750] {logging_mixin.py:115} INFO - [2022-10-27 22:21:11,750] {dagbag.py:507} INFO - Filling up the DagBag from /home/nayara/Documentos/airflowalura/venv/lib/python3.9/site-packages/airflow/example_dags/subdags/subdag.py
[2022-10-27 22:21:11,759] {processor.py:653} WARNING - No viable dags retrieved from /home/nayara/Documentos/airflowalura/venv/lib/python3.9/site-packages/airflow/example_dags/subdags/subdag.py
[2022-10-27 22:21:11,790] {processor.py:161} INFO - Processing /home/nayara/Documentos/airflowalura/venv/lib/python3.9/site-packages/airflow/example_dags/subdags/subdag.py took 0.066 seconds
[2022-10-27 22:21:51,538] {processor.py:153} INFO - Started process (PID=50065) to work on /home/nayara/Documentos/airflowalura/venv/lib/python3.9/site-packages/airflow/example_dags/subdags/subdag.py
[2022-10-27 22:21:51,552] {processor.py:641} INFO - Processing file /home/nayara/Documentos/airflowalura/venv/lib/python3.9/site-packages/airflow/example_dags/subdags/subdag.py for tasks to queue
[2022-10-27 22:21:51,554] {logging_mixin.py:115} INFO - [2022-10-27 22:21:51,553] {dagbag.py:507} INFO - Filling up the DagBag from /home/nayara/Documentos/airflowalura/venv/lib/python3.9/site-packages/airflow/example_dags/subdags/subdag.py
[2022-10-27 22:21:51,555] {processor.py:653} WARNING - No viable dags retrieved from /home/nayara/Documentos/airflowalura/venv/lib/python3.9/site-packages/airflow/example_dags/subdags/subdag.py
[2022-10-27 22:21:51,577] {processor.py:161} INFO - Processing /home/nayara/Documentos/airflowalura/venv/lib/python3.9/site-packages/airflow/example_dags/subdags/subdag.py took 0.045 seconds
[2022-10-27 22:22:33,527] {processor.py:153} INFO - Started process (PID=50154) to work on /home/nayara/Documentos/airflowalura/venv/lib/python3.9/site-packages/airflow/example_dags/subdags/subdag.py
[2022-10-27 22:22:33,547] {processor.py:641} INFO - Processing file /home/nayara/Documentos/airflowalura/venv/lib/python3.9/site-packages/airflow/example_dags/subdags/subdag.py for tasks to queue
[2022-10-27 22:22:33,552] {logging_mixin.py:115} INFO - [2022-10-27 22:22:33,551] {dagbag.py:507} INFO - Filling up the DagBag from /home/nayara/Documentos/airflowalura/venv/lib/python3.9/site-packages/airflow/example_dags/subdags/subdag.py
[2022-10-27 22:22:33,560] {processor.py:653} WARNING - No viable dags retrieved from /home/nayara/Documentos/airflowalura/venv/lib/python3.9/site-packages/airflow/example_dags/subdags/subdag.py
[2022-10-27 22:22:33,590] {processor.py:161} INFO - Processing /home/nayara/Documentos/airflowalura/venv/lib/python3.9/site-packages/airflow/example_dags/subdags/subdag.py took 0.080 seconds
[2022-10-27 22:23:15,240] {processor.py:153} INFO - Started process (PID=50234) to work on /home/nayara/Documentos/airflowalura/venv/lib/python3.9/site-packages/airflow/example_dags/subdags/subdag.py
[2022-10-27 22:23:15,256] {processor.py:641} INFO - Processing file /home/nayara/Documentos/airflowalura/venv/lib/python3.9/site-packages/airflow/example_dags/subdags/subdag.py for tasks to queue
[2022-10-27 22:23:15,257] {logging_mixin.py:115} INFO - [2022-10-27 22:23:15,257] {dagbag.py:507} INFO - Filling up the DagBag from /home/nayara/Documentos/airflowalura/venv/lib/python3.9/site-packages/airflow/example_dags/subdags/subdag.py
[2022-10-27 22:23:15,259] {processor.py:653} WARNING - No viable dags retrieved from /home/nayara/Documentos/airflowalura/venv/lib/python3.9/site-packages/airflow/example_dags/subdags/subdag.py
[2022-10-27 22:23:15,280] {processor.py:161} INFO - Processing /home/nayara/Documentos/airflowalura/venv/lib/python3.9/site-packages/airflow/example_dags/subdags/subdag.py took 0.044 seconds
[2022-10-27 22:23:58,674] {processor.py:153} INFO - Started process (PID=50352) to work on /home/nayara/Documentos/airflowalura/venv/lib/python3.9/site-packages/airflow/example_dags/subdags/subdag.py
[2022-10-27 22:23:58,689] {processor.py:641} INFO - Processing file /home/nayara/Documentos/airflowalura/venv/lib/python3.9/site-packages/airflow/example_dags/subdags/subdag.py for tasks to queue
[2022-10-27 22:23:58,692] {logging_mixin.py:115} INFO - [2022-10-27 22:23:58,692] {dagbag.py:507} INFO - Filling up the DagBag from /home/nayara/Documentos/airflowalura/venv/lib/python3.9/site-packages/airflow/example_dags/subdags/subdag.py
[2022-10-27 22:23:58,701] {processor.py:653} WARNING - No viable dags retrieved from /home/nayara/Documentos/airflowalura/venv/lib/python3.9/site-packages/airflow/example_dags/subdags/subdag.py
[2022-10-27 22:23:58,749] {processor.py:161} INFO - Processing /home/nayara/Documentos/airflowalura/venv/lib/python3.9/site-packages/airflow/example_dags/subdags/subdag.py took 0.081 seconds
[2022-10-27 22:24:48,989] {processor.py:153} INFO - Started process (PID=50453) to work on /home/nayara/Documentos/airflowalura/venv/lib/python3.9/site-packages/airflow/example_dags/subdags/subdag.py
[2022-10-27 22:24:49,011] {processor.py:641} INFO - Processing file /home/nayara/Documentos/airflowalura/venv/lib/python3.9/site-packages/airflow/example_dags/subdags/subdag.py for tasks to queue
[2022-10-27 22:24:49,012] {logging_mixin.py:115} INFO - [2022-10-27 22:24:49,012] {dagbag.py:507} INFO - Filling up the DagBag from /home/nayara/Documentos/airflowalura/venv/lib/python3.9/site-packages/airflow/example_dags/subdags/subdag.py
[2022-10-27 22:24:49,015] {processor.py:653} WARNING - No viable dags retrieved from /home/nayara/Documentos/airflowalura/venv/lib/python3.9/site-packages/airflow/example_dags/subdags/subdag.py
[2022-10-27 22:24:49,035] {processor.py:161} INFO - Processing /home/nayara/Documentos/airflowalura/venv/lib/python3.9/site-packages/airflow/example_dags/subdags/subdag.py took 0.054 seconds
[2022-10-27 22:25:37,236] {processor.py:153} INFO - Started process (PID=50569) to work on /home/nayara/Documentos/airflowalura/venv/lib/python3.9/site-packages/airflow/example_dags/subdags/subdag.py
[2022-10-27 22:25:37,237] {processor.py:641} INFO - Processing file /home/nayara/Documentos/airflowalura/venv/lib/python3.9/site-packages/airflow/example_dags/subdags/subdag.py for tasks to queue
[2022-10-27 22:25:37,238] {logging_mixin.py:115} INFO - [2022-10-27 22:25:37,237] {dagbag.py:507} INFO - Filling up the DagBag from /home/nayara/Documentos/airflowalura/venv/lib/python3.9/site-packages/airflow/example_dags/subdags/subdag.py
[2022-10-27 22:25:37,242] {processor.py:653} WARNING - No viable dags retrieved from /home/nayara/Documentos/airflowalura/venv/lib/python3.9/site-packages/airflow/example_dags/subdags/subdag.py
[2022-10-27 22:25:37,265] {processor.py:161} INFO - Processing /home/nayara/Documentos/airflowalura/venv/lib/python3.9/site-packages/airflow/example_dags/subdags/subdag.py took 0.035 seconds
[2022-10-27 22:26:12,181] {processor.py:153} INFO - Started process (PID=50630) to work on /home/nayara/Documentos/airflowalura/venv/lib/python3.9/site-packages/airflow/example_dags/subdags/subdag.py
[2022-10-27 22:26:12,195] {processor.py:641} INFO - Processing file /home/nayara/Documentos/airflowalura/venv/lib/python3.9/site-packages/airflow/example_dags/subdags/subdag.py for tasks to queue
[2022-10-27 22:26:12,197] {logging_mixin.py:115} INFO - [2022-10-27 22:26:12,197] {dagbag.py:507} INFO - Filling up the DagBag from /home/nayara/Documentos/airflowalura/venv/lib/python3.9/site-packages/airflow/example_dags/subdags/subdag.py
[2022-10-27 22:26:12,201] {processor.py:653} WARNING - No viable dags retrieved from /home/nayara/Documentos/airflowalura/venv/lib/python3.9/site-packages/airflow/example_dags/subdags/subdag.py
[2022-10-27 22:26:12,244] {processor.py:161} INFO - Processing /home/nayara/Documentos/airflowalura/venv/lib/python3.9/site-packages/airflow/example_dags/subdags/subdag.py took 0.074 seconds
[2022-10-27 22:27:01,579] {processor.py:153} INFO - Started process (PID=50756) to work on /home/nayara/Documentos/airflowalura/venv/lib/python3.9/site-packages/airflow/example_dags/subdags/subdag.py
[2022-10-27 22:27:01,596] {processor.py:641} INFO - Processing file /home/nayara/Documentos/airflowalura/venv/lib/python3.9/site-packages/airflow/example_dags/subdags/subdag.py for tasks to queue
[2022-10-27 22:27:01,597] {logging_mixin.py:115} INFO - [2022-10-27 22:27:01,596] {dagbag.py:507} INFO - Filling up the DagBag from /home/nayara/Documentos/airflowalura/venv/lib/python3.9/site-packages/airflow/example_dags/subdags/subdag.py
[2022-10-27 22:27:01,599] {processor.py:653} WARNING - No viable dags retrieved from /home/nayara/Documentos/airflowalura/venv/lib/python3.9/site-packages/airflow/example_dags/subdags/subdag.py
[2022-10-27 22:27:01,617] {processor.py:161} INFO - Processing /home/nayara/Documentos/airflowalura/venv/lib/python3.9/site-packages/airflow/example_dags/subdags/subdag.py took 0.044 seconds
[2022-10-27 22:27:45,754] {processor.py:153} INFO - Started process (PID=50898) to work on /home/nayara/Documentos/airflowalura/venv/lib/python3.9/site-packages/airflow/example_dags/subdags/subdag.py
[2022-10-27 22:27:45,771] {processor.py:641} INFO - Processing file /home/nayara/Documentos/airflowalura/venv/lib/python3.9/site-packages/airflow/example_dags/subdags/subdag.py for tasks to queue
[2022-10-27 22:27:45,771] {logging_mixin.py:115} INFO - [2022-10-27 22:27:45,771] {dagbag.py:507} INFO - Filling up the DagBag from /home/nayara/Documentos/airflowalura/venv/lib/python3.9/site-packages/airflow/example_dags/subdags/subdag.py
[2022-10-27 22:27:45,773] {processor.py:653} WARNING - No viable dags retrieved from /home/nayara/Documentos/airflowalura/venv/lib/python3.9/site-packages/airflow/example_dags/subdags/subdag.py
[2022-10-27 22:27:45,788] {processor.py:161} INFO - Processing /home/nayara/Documentos/airflowalura/venv/lib/python3.9/site-packages/airflow/example_dags/subdags/subdag.py took 0.037 seconds
[2022-10-27 22:28:36,180] {processor.py:153} INFO - Started process (PID=51034) to work on /home/nayara/Documentos/airflowalura/venv/lib/python3.9/site-packages/airflow/example_dags/subdags/subdag.py
[2022-10-27 22:28:36,198] {processor.py:641} INFO - Processing file /home/nayara/Documentos/airflowalura/venv/lib/python3.9/site-packages/airflow/example_dags/subdags/subdag.py for tasks to queue
[2022-10-27 22:28:36,200] {logging_mixin.py:115} INFO - [2022-10-27 22:28:36,200] {dagbag.py:507} INFO - Filling up the DagBag from /home/nayara/Documentos/airflowalura/venv/lib/python3.9/site-packages/airflow/example_dags/subdags/subdag.py
[2022-10-27 22:28:36,204] {processor.py:653} WARNING - No viable dags retrieved from /home/nayara/Documentos/airflowalura/venv/lib/python3.9/site-packages/airflow/example_dags/subdags/subdag.py
[2022-10-27 22:28:36,242] {processor.py:161} INFO - Processing /home/nayara/Documentos/airflowalura/venv/lib/python3.9/site-packages/airflow/example_dags/subdags/subdag.py took 0.073 seconds
[2022-10-27 22:29:25,723] {processor.py:153} INFO - Started process (PID=51155) to work on /home/nayara/Documentos/airflowalura/venv/lib/python3.9/site-packages/airflow/example_dags/subdags/subdag.py
[2022-10-27 22:29:25,739] {processor.py:641} INFO - Processing file /home/nayara/Documentos/airflowalura/venv/lib/python3.9/site-packages/airflow/example_dags/subdags/subdag.py for tasks to queue
[2022-10-27 22:29:25,742] {logging_mixin.py:115} INFO - [2022-10-27 22:29:25,741] {dagbag.py:507} INFO - Filling up the DagBag from /home/nayara/Documentos/airflowalura/venv/lib/python3.9/site-packages/airflow/example_dags/subdags/subdag.py
[2022-10-27 22:29:25,749] {processor.py:653} WARNING - No viable dags retrieved from /home/nayara/Documentos/airflowalura/venv/lib/python3.9/site-packages/airflow/example_dags/subdags/subdag.py
[2022-10-27 22:29:25,795] {processor.py:161} INFO - Processing /home/nayara/Documentos/airflowalura/venv/lib/python3.9/site-packages/airflow/example_dags/subdags/subdag.py took 0.089 seconds
[2022-10-27 22:30:10,131] {processor.py:153} INFO - Started process (PID=51225) to work on /home/nayara/Documentos/airflowalura/venv/lib/python3.9/site-packages/airflow/example_dags/subdags/subdag.py
[2022-10-27 22:30:10,132] {processor.py:641} INFO - Processing file /home/nayara/Documentos/airflowalura/venv/lib/python3.9/site-packages/airflow/example_dags/subdags/subdag.py for tasks to queue
[2022-10-27 22:30:10,133] {logging_mixin.py:115} INFO - [2022-10-27 22:30:10,133] {dagbag.py:507} INFO - Filling up the DagBag from /home/nayara/Documentos/airflowalura/venv/lib/python3.9/site-packages/airflow/example_dags/subdags/subdag.py
[2022-10-27 22:30:10,134] {processor.py:653} WARNING - No viable dags retrieved from /home/nayara/Documentos/airflowalura/venv/lib/python3.9/site-packages/airflow/example_dags/subdags/subdag.py
[2022-10-27 22:30:10,148] {processor.py:161} INFO - Processing /home/nayara/Documentos/airflowalura/venv/lib/python3.9/site-packages/airflow/example_dags/subdags/subdag.py took 0.021 seconds
[2022-10-27 22:30:50,050] {processor.py:153} INFO - Started process (PID=51296) to work on /home/nayara/Documentos/airflowalura/venv/lib/python3.9/site-packages/airflow/example_dags/subdags/subdag.py
[2022-10-27 22:30:50,069] {processor.py:641} INFO - Processing file /home/nayara/Documentos/airflowalura/venv/lib/python3.9/site-packages/airflow/example_dags/subdags/subdag.py for tasks to queue
[2022-10-27 22:30:50,070] {logging_mixin.py:115} INFO - [2022-10-27 22:30:50,070] {dagbag.py:507} INFO - Filling up the DagBag from /home/nayara/Documentos/airflowalura/venv/lib/python3.9/site-packages/airflow/example_dags/subdags/subdag.py
[2022-10-27 22:30:50,074] {processor.py:653} WARNING - No viable dags retrieved from /home/nayara/Documentos/airflowalura/venv/lib/python3.9/site-packages/airflow/example_dags/subdags/subdag.py
[2022-10-27 22:30:50,097] {processor.py:161} INFO - Processing /home/nayara/Documentos/airflowalura/venv/lib/python3.9/site-packages/airflow/example_dags/subdags/subdag.py took 0.054 seconds
[2022-10-27 22:31:31,453] {processor.py:153} INFO - Started process (PID=51386) to work on /home/nayara/Documentos/airflowalura/venv/lib/python3.9/site-packages/airflow/example_dags/subdags/subdag.py
[2022-10-27 22:31:31,476] {processor.py:641} INFO - Processing file /home/nayara/Documentos/airflowalura/venv/lib/python3.9/site-packages/airflow/example_dags/subdags/subdag.py for tasks to queue
[2022-10-27 22:31:31,477] {logging_mixin.py:115} INFO - [2022-10-27 22:31:31,476] {dagbag.py:507} INFO - Filling up the DagBag from /home/nayara/Documentos/airflowalura/venv/lib/python3.9/site-packages/airflow/example_dags/subdags/subdag.py
[2022-10-27 22:31:31,478] {processor.py:653} WARNING - No viable dags retrieved from /home/nayara/Documentos/airflowalura/venv/lib/python3.9/site-packages/airflow/example_dags/subdags/subdag.py
[2022-10-27 22:31:31,493] {processor.py:161} INFO - Processing /home/nayara/Documentos/airflowalura/venv/lib/python3.9/site-packages/airflow/example_dags/subdags/subdag.py took 0.044 seconds
[2022-10-27 22:32:23,062] {processor.py:153} INFO - Started process (PID=51514) to work on /home/nayara/Documentos/airflowalura/venv/lib/python3.9/site-packages/airflow/example_dags/subdags/subdag.py
[2022-10-27 22:32:23,079] {processor.py:641} INFO - Processing file /home/nayara/Documentos/airflowalura/venv/lib/python3.9/site-packages/airflow/example_dags/subdags/subdag.py for tasks to queue
[2022-10-27 22:32:23,082] {logging_mixin.py:115} INFO - [2022-10-27 22:32:23,081] {dagbag.py:507} INFO - Filling up the DagBag from /home/nayara/Documentos/airflowalura/venv/lib/python3.9/site-packages/airflow/example_dags/subdags/subdag.py
[2022-10-27 22:32:23,089] {processor.py:653} WARNING - No viable dags retrieved from /home/nayara/Documentos/airflowalura/venv/lib/python3.9/site-packages/airflow/example_dags/subdags/subdag.py
[2022-10-27 22:32:23,154] {processor.py:161} INFO - Processing /home/nayara/Documentos/airflowalura/venv/lib/python3.9/site-packages/airflow/example_dags/subdags/subdag.py took 0.101 seconds
[2022-10-27 22:33:08,265] {processor.py:153} INFO - Started process (PID=51607) to work on /home/nayara/Documentos/airflowalura/venv/lib/python3.9/site-packages/airflow/example_dags/subdags/subdag.py
[2022-10-27 22:33:08,294] {processor.py:641} INFO - Processing file /home/nayara/Documentos/airflowalura/venv/lib/python3.9/site-packages/airflow/example_dags/subdags/subdag.py for tasks to queue
[2022-10-27 22:33:08,296] {logging_mixin.py:115} INFO - [2022-10-27 22:33:08,296] {dagbag.py:507} INFO - Filling up the DagBag from /home/nayara/Documentos/airflowalura/venv/lib/python3.9/site-packages/airflow/example_dags/subdags/subdag.py
[2022-10-27 22:33:08,304] {processor.py:653} WARNING - No viable dags retrieved from /home/nayara/Documentos/airflowalura/venv/lib/python3.9/site-packages/airflow/example_dags/subdags/subdag.py
[2022-10-27 22:33:08,329] {processor.py:161} INFO - Processing /home/nayara/Documentos/airflowalura/venv/lib/python3.9/site-packages/airflow/example_dags/subdags/subdag.py took 0.068 seconds
[2022-10-27 22:33:50,419] {processor.py:153} INFO - Started process (PID=51692) to work on /home/nayara/Documentos/airflowalura/venv/lib/python3.9/site-packages/airflow/example_dags/subdags/subdag.py
[2022-10-27 22:33:50,507] {processor.py:641} INFO - Processing file /home/nayara/Documentos/airflowalura/venv/lib/python3.9/site-packages/airflow/example_dags/subdags/subdag.py for tasks to queue
[2022-10-27 22:33:50,509] {logging_mixin.py:115} INFO - [2022-10-27 22:33:50,508] {dagbag.py:507} INFO - Filling up the DagBag from /home/nayara/Documentos/airflowalura/venv/lib/python3.9/site-packages/airflow/example_dags/subdags/subdag.py
[2022-10-27 22:33:50,513] {processor.py:653} WARNING - No viable dags retrieved from /home/nayara/Documentos/airflowalura/venv/lib/python3.9/site-packages/airflow/example_dags/subdags/subdag.py
[2022-10-27 22:33:50,545] {processor.py:161} INFO - Processing /home/nayara/Documentos/airflowalura/venv/lib/python3.9/site-packages/airflow/example_dags/subdags/subdag.py took 0.135 seconds
[2022-10-27 22:34:27,352] {processor.py:153} INFO - Started process (PID=51761) to work on /home/nayara/Documentos/airflowalura/venv/lib/python3.9/site-packages/airflow/example_dags/subdags/subdag.py
[2022-10-27 22:34:27,378] {processor.py:641} INFO - Processing file /home/nayara/Documentos/airflowalura/venv/lib/python3.9/site-packages/airflow/example_dags/subdags/subdag.py for tasks to queue
[2022-10-27 22:34:27,379] {logging_mixin.py:115} INFO - [2022-10-27 22:34:27,379] {dagbag.py:507} INFO - Filling up the DagBag from /home/nayara/Documentos/airflowalura/venv/lib/python3.9/site-packages/airflow/example_dags/subdags/subdag.py
[2022-10-27 22:34:27,381] {processor.py:653} WARNING - No viable dags retrieved from /home/nayara/Documentos/airflowalura/venv/lib/python3.9/site-packages/airflow/example_dags/subdags/subdag.py
[2022-10-27 22:34:27,394] {processor.py:161} INFO - Processing /home/nayara/Documentos/airflowalura/venv/lib/python3.9/site-packages/airflow/example_dags/subdags/subdag.py took 0.051 seconds
[2022-10-27 22:35:06,442] {processor.py:153} INFO - Started process (PID=51817) to work on /home/nayara/Documentos/airflowalura/venv/lib/python3.9/site-packages/airflow/example_dags/subdags/subdag.py
[2022-10-27 22:35:06,456] {processor.py:641} INFO - Processing file /home/nayara/Documentos/airflowalura/venv/lib/python3.9/site-packages/airflow/example_dags/subdags/subdag.py for tasks to queue
[2022-10-27 22:35:06,457] {logging_mixin.py:115} INFO - [2022-10-27 22:35:06,456] {dagbag.py:507} INFO - Filling up the DagBag from /home/nayara/Documentos/airflowalura/venv/lib/python3.9/site-packages/airflow/example_dags/subdags/subdag.py
[2022-10-27 22:35:06,459] {processor.py:653} WARNING - No viable dags retrieved from /home/nayara/Documentos/airflowalura/venv/lib/python3.9/site-packages/airflow/example_dags/subdags/subdag.py
[2022-10-27 22:35:06,476] {processor.py:161} INFO - Processing /home/nayara/Documentos/airflowalura/venv/lib/python3.9/site-packages/airflow/example_dags/subdags/subdag.py took 0.045 seconds
[2022-10-27 22:35:43,941] {processor.py:153} INFO - Started process (PID=51874) to work on /home/nayara/Documentos/airflowalura/venv/lib/python3.9/site-packages/airflow/example_dags/subdags/subdag.py
[2022-10-27 22:35:43,949] {processor.py:641} INFO - Processing file /home/nayara/Documentos/airflowalura/venv/lib/python3.9/site-packages/airflow/example_dags/subdags/subdag.py for tasks to queue
[2022-10-27 22:35:43,950] {logging_mixin.py:115} INFO - [2022-10-27 22:35:43,949] {dagbag.py:507} INFO - Filling up the DagBag from /home/nayara/Documentos/airflowalura/venv/lib/python3.9/site-packages/airflow/example_dags/subdags/subdag.py
[2022-10-27 22:35:43,952] {processor.py:653} WARNING - No viable dags retrieved from /home/nayara/Documentos/airflowalura/venv/lib/python3.9/site-packages/airflow/example_dags/subdags/subdag.py
[2022-10-27 22:35:43,970] {processor.py:161} INFO - Processing /home/nayara/Documentos/airflowalura/venv/lib/python3.9/site-packages/airflow/example_dags/subdags/subdag.py took 0.034 seconds
[2022-10-27 22:36:27,562] {processor.py:153} INFO - Started process (PID=51969) to work on /home/nayara/Documentos/airflowalura/venv/lib/python3.9/site-packages/airflow/example_dags/subdags/subdag.py
[2022-10-27 22:36:27,585] {processor.py:641} INFO - Processing file /home/nayara/Documentos/airflowalura/venv/lib/python3.9/site-packages/airflow/example_dags/subdags/subdag.py for tasks to queue
[2022-10-27 22:36:27,587] {logging_mixin.py:115} INFO - [2022-10-27 22:36:27,587] {dagbag.py:507} INFO - Filling up the DagBag from /home/nayara/Documentos/airflowalura/venv/lib/python3.9/site-packages/airflow/example_dags/subdags/subdag.py
[2022-10-27 22:36:27,595] {processor.py:653} WARNING - No viable dags retrieved from /home/nayara/Documentos/airflowalura/venv/lib/python3.9/site-packages/airflow/example_dags/subdags/subdag.py
[2022-10-27 22:36:27,651] {processor.py:161} INFO - Processing /home/nayara/Documentos/airflowalura/venv/lib/python3.9/site-packages/airflow/example_dags/subdags/subdag.py took 0.099 seconds
[2022-10-27 22:37:24,573] {processor.py:153} INFO - Started process (PID=52282) to work on /home/nayara/Documentos/airflowalura/venv/lib/python3.9/site-packages/airflow/example_dags/subdags/subdag.py
[2022-10-27 22:37:24,654] {processor.py:641} INFO - Processing file /home/nayara/Documentos/airflowalura/venv/lib/python3.9/site-packages/airflow/example_dags/subdags/subdag.py for tasks to queue
[2022-10-27 22:37:24,656] {logging_mixin.py:115} INFO - [2022-10-27 22:37:24,656] {dagbag.py:507} INFO - Filling up the DagBag from /home/nayara/Documentos/airflowalura/venv/lib/python3.9/site-packages/airflow/example_dags/subdags/subdag.py
[2022-10-27 22:37:24,660] {processor.py:653} WARNING - No viable dags retrieved from /home/nayara/Documentos/airflowalura/venv/lib/python3.9/site-packages/airflow/example_dags/subdags/subdag.py
[2022-10-27 22:37:24,690] {processor.py:161} INFO - Processing /home/nayara/Documentos/airflowalura/venv/lib/python3.9/site-packages/airflow/example_dags/subdags/subdag.py took 0.125 seconds
[2022-10-27 22:38:25,343] {processor.py:153} INFO - Started process (PID=52467) to work on /home/nayara/Documentos/airflowalura/venv/lib/python3.9/site-packages/airflow/example_dags/subdags/subdag.py
[2022-10-27 22:38:25,361] {processor.py:641} INFO - Processing file /home/nayara/Documentos/airflowalura/venv/lib/python3.9/site-packages/airflow/example_dags/subdags/subdag.py for tasks to queue
[2022-10-27 22:38:25,362] {logging_mixin.py:115} INFO - [2022-10-27 22:38:25,362] {dagbag.py:507} INFO - Filling up the DagBag from /home/nayara/Documentos/airflowalura/venv/lib/python3.9/site-packages/airflow/example_dags/subdags/subdag.py
[2022-10-27 22:38:25,365] {processor.py:653} WARNING - No viable dags retrieved from /home/nayara/Documentos/airflowalura/venv/lib/python3.9/site-packages/airflow/example_dags/subdags/subdag.py
[2022-10-27 22:38:25,383] {processor.py:161} INFO - Processing /home/nayara/Documentos/airflowalura/venv/lib/python3.9/site-packages/airflow/example_dags/subdags/subdag.py took 0.052 seconds
[2022-10-27 22:39:06,620] {processor.py:153} INFO - Started process (PID=52558) to work on /home/nayara/Documentos/airflowalura/venv/lib/python3.9/site-packages/airflow/example_dags/subdags/subdag.py
[2022-10-27 22:39:06,641] {processor.py:641} INFO - Processing file /home/nayara/Documentos/airflowalura/venv/lib/python3.9/site-packages/airflow/example_dags/subdags/subdag.py for tasks to queue
[2022-10-27 22:39:06,643] {logging_mixin.py:115} INFO - [2022-10-27 22:39:06,642] {dagbag.py:507} INFO - Filling up the DagBag from /home/nayara/Documentos/airflowalura/venv/lib/python3.9/site-packages/airflow/example_dags/subdags/subdag.py
[2022-10-27 22:39:06,647] {processor.py:653} WARNING - No viable dags retrieved from /home/nayara/Documentos/airflowalura/venv/lib/python3.9/site-packages/airflow/example_dags/subdags/subdag.py
[2022-10-27 22:39:06,665] {processor.py:161} INFO - Processing /home/nayara/Documentos/airflowalura/venv/lib/python3.9/site-packages/airflow/example_dags/subdags/subdag.py took 0.066 seconds
[2022-10-27 22:39:53,021] {processor.py:153} INFO - Started process (PID=52654) to work on /home/nayara/Documentos/airflowalura/venv/lib/python3.9/site-packages/airflow/example_dags/subdags/subdag.py
[2022-10-27 22:39:53,114] {processor.py:641} INFO - Processing file /home/nayara/Documentos/airflowalura/venv/lib/python3.9/site-packages/airflow/example_dags/subdags/subdag.py for tasks to queue
[2022-10-27 22:39:53,116] {logging_mixin.py:115} INFO - [2022-10-27 22:39:53,116] {dagbag.py:507} INFO - Filling up the DagBag from /home/nayara/Documentos/airflowalura/venv/lib/python3.9/site-packages/airflow/example_dags/subdags/subdag.py
[2022-10-27 22:39:53,123] {processor.py:653} WARNING - No viable dags retrieved from /home/nayara/Documentos/airflowalura/venv/lib/python3.9/site-packages/airflow/example_dags/subdags/subdag.py
[2022-10-27 22:39:53,197] {processor.py:161} INFO - Processing /home/nayara/Documentos/airflowalura/venv/lib/python3.9/site-packages/airflow/example_dags/subdags/subdag.py took 0.186 seconds
[2022-10-27 22:40:49,456] {processor.py:153} INFO - Started process (PID=52769) to work on /home/nayara/Documentos/airflowalura/venv/lib/python3.9/site-packages/airflow/example_dags/subdags/subdag.py
[2022-10-27 22:40:49,497] {processor.py:641} INFO - Processing file /home/nayara/Documentos/airflowalura/venv/lib/python3.9/site-packages/airflow/example_dags/subdags/subdag.py for tasks to queue
[2022-10-27 22:40:49,498] {logging_mixin.py:115} INFO - [2022-10-27 22:40:49,498] {dagbag.py:507} INFO - Filling up the DagBag from /home/nayara/Documentos/airflowalura/venv/lib/python3.9/site-packages/airflow/example_dags/subdags/subdag.py
[2022-10-27 22:40:49,501] {processor.py:653} WARNING - No viable dags retrieved from /home/nayara/Documentos/airflowalura/venv/lib/python3.9/site-packages/airflow/example_dags/subdags/subdag.py
[2022-10-27 22:40:49,581] {processor.py:161} INFO - Processing /home/nayara/Documentos/airflowalura/venv/lib/python3.9/site-packages/airflow/example_dags/subdags/subdag.py took 0.129 seconds
[2022-10-27 22:41:31,947] {processor.py:153} INFO - Started process (PID=52848) to work on /home/nayara/Documentos/airflowalura/venv/lib/python3.9/site-packages/airflow/example_dags/subdags/subdag.py
[2022-10-27 22:41:31,964] {processor.py:641} INFO - Processing file /home/nayara/Documentos/airflowalura/venv/lib/python3.9/site-packages/airflow/example_dags/subdags/subdag.py for tasks to queue
[2022-10-27 22:41:31,965] {logging_mixin.py:115} INFO - [2022-10-27 22:41:31,965] {dagbag.py:507} INFO - Filling up the DagBag from /home/nayara/Documentos/airflowalura/venv/lib/python3.9/site-packages/airflow/example_dags/subdags/subdag.py
[2022-10-27 22:41:31,968] {processor.py:653} WARNING - No viable dags retrieved from /home/nayara/Documentos/airflowalura/venv/lib/python3.9/site-packages/airflow/example_dags/subdags/subdag.py
[2022-10-27 22:41:31,990] {processor.py:161} INFO - Processing /home/nayara/Documentos/airflowalura/venv/lib/python3.9/site-packages/airflow/example_dags/subdags/subdag.py took 0.049 seconds
[2022-10-27 22:42:14,754] {processor.py:153} INFO - Started process (PID=52947) to work on /home/nayara/Documentos/airflowalura/venv/lib/python3.9/site-packages/airflow/example_dags/subdags/subdag.py
[2022-10-27 22:42:14,775] {processor.py:641} INFO - Processing file /home/nayara/Documentos/airflowalura/venv/lib/python3.9/site-packages/airflow/example_dags/subdags/subdag.py for tasks to queue
[2022-10-27 22:42:14,776] {logging_mixin.py:115} INFO - [2022-10-27 22:42:14,776] {dagbag.py:507} INFO - Filling up the DagBag from /home/nayara/Documentos/airflowalura/venv/lib/python3.9/site-packages/airflow/example_dags/subdags/subdag.py
[2022-10-27 22:42:14,779] {processor.py:653} WARNING - No viable dags retrieved from /home/nayara/Documentos/airflowalura/venv/lib/python3.9/site-packages/airflow/example_dags/subdags/subdag.py
[2022-10-27 22:42:14,794] {processor.py:161} INFO - Processing /home/nayara/Documentos/airflowalura/venv/lib/python3.9/site-packages/airflow/example_dags/subdags/subdag.py took 0.047 seconds
[2022-10-27 22:42:52,416] {processor.py:153} INFO - Started process (PID=53012) to work on /home/nayara/Documentos/airflowalura/venv/lib/python3.9/site-packages/airflow/example_dags/subdags/subdag.py
[2022-10-27 22:42:52,438] {processor.py:641} INFO - Processing file /home/nayara/Documentos/airflowalura/venv/lib/python3.9/site-packages/airflow/example_dags/subdags/subdag.py for tasks to queue
[2022-10-27 22:42:52,441] {logging_mixin.py:115} INFO - [2022-10-27 22:42:52,441] {dagbag.py:507} INFO - Filling up the DagBag from /home/nayara/Documentos/airflowalura/venv/lib/python3.9/site-packages/airflow/example_dags/subdags/subdag.py
[2022-10-27 22:42:52,447] {processor.py:653} WARNING - No viable dags retrieved from /home/nayara/Documentos/airflowalura/venv/lib/python3.9/site-packages/airflow/example_dags/subdags/subdag.py
[2022-10-27 22:42:52,469] {processor.py:161} INFO - Processing /home/nayara/Documentos/airflowalura/venv/lib/python3.9/site-packages/airflow/example_dags/subdags/subdag.py took 0.065 seconds
[2022-10-27 22:43:28,198] {processor.py:153} INFO - Started process (PID=53097) to work on /home/nayara/Documentos/airflowalura/venv/lib/python3.9/site-packages/airflow/example_dags/subdags/subdag.py
[2022-10-27 22:43:28,217] {processor.py:641} INFO - Processing file /home/nayara/Documentos/airflowalura/venv/lib/python3.9/site-packages/airflow/example_dags/subdags/subdag.py for tasks to queue
[2022-10-27 22:43:28,221] {logging_mixin.py:115} INFO - [2022-10-27 22:43:28,221] {dagbag.py:507} INFO - Filling up the DagBag from /home/nayara/Documentos/airflowalura/venv/lib/python3.9/site-packages/airflow/example_dags/subdags/subdag.py
[2022-10-27 22:43:28,224] {processor.py:653} WARNING - No viable dags retrieved from /home/nayara/Documentos/airflowalura/venv/lib/python3.9/site-packages/airflow/example_dags/subdags/subdag.py
[2022-10-27 22:43:28,250] {processor.py:161} INFO - Processing /home/nayara/Documentos/airflowalura/venv/lib/python3.9/site-packages/airflow/example_dags/subdags/subdag.py took 0.057 seconds
[2022-10-27 22:44:09,053] {processor.py:153} INFO - Started process (PID=53168) to work on /home/nayara/Documentos/airflowalura/venv/lib/python3.9/site-packages/airflow/example_dags/subdags/subdag.py
[2022-10-27 22:44:09,071] {processor.py:641} INFO - Processing file /home/nayara/Documentos/airflowalura/venv/lib/python3.9/site-packages/airflow/example_dags/subdags/subdag.py for tasks to queue
[2022-10-27 22:44:09,075] {logging_mixin.py:115} INFO - [2022-10-27 22:44:09,074] {dagbag.py:507} INFO - Filling up the DagBag from /home/nayara/Documentos/airflowalura/venv/lib/python3.9/site-packages/airflow/example_dags/subdags/subdag.py
[2022-10-27 22:44:09,083] {processor.py:653} WARNING - No viable dags retrieved from /home/nayara/Documentos/airflowalura/venv/lib/python3.9/site-packages/airflow/example_dags/subdags/subdag.py
[2022-10-27 22:44:09,130] {processor.py:161} INFO - Processing /home/nayara/Documentos/airflowalura/venv/lib/python3.9/site-packages/airflow/example_dags/subdags/subdag.py took 0.097 seconds
[2022-10-27 22:45:04,199] {processor.py:153} INFO - Started process (PID=53343) to work on /home/nayara/Documentos/airflowalura/venv/lib/python3.9/site-packages/airflow/example_dags/subdags/subdag.py
[2022-10-27 22:45:04,214] {processor.py:641} INFO - Processing file /home/nayara/Documentos/airflowalura/venv/lib/python3.9/site-packages/airflow/example_dags/subdags/subdag.py for tasks to queue
[2022-10-27 22:45:04,216] {logging_mixin.py:115} INFO - [2022-10-27 22:45:04,215] {dagbag.py:507} INFO - Filling up the DagBag from /home/nayara/Documentos/airflowalura/venv/lib/python3.9/site-packages/airflow/example_dags/subdags/subdag.py
[2022-10-27 22:45:04,219] {processor.py:653} WARNING - No viable dags retrieved from /home/nayara/Documentos/airflowalura/venv/lib/python3.9/site-packages/airflow/example_dags/subdags/subdag.py
[2022-10-27 22:45:04,241] {processor.py:161} INFO - Processing /home/nayara/Documentos/airflowalura/venv/lib/python3.9/site-packages/airflow/example_dags/subdags/subdag.py took 0.050 seconds
[2022-10-27 22:45:37,479] {processor.py:153} INFO - Started process (PID=53413) to work on /home/nayara/Documentos/airflowalura/venv/lib/python3.9/site-packages/airflow/example_dags/subdags/subdag.py
[2022-10-27 22:45:37,482] {processor.py:641} INFO - Processing file /home/nayara/Documentos/airflowalura/venv/lib/python3.9/site-packages/airflow/example_dags/subdags/subdag.py for tasks to queue
[2022-10-27 22:45:37,484] {logging_mixin.py:115} INFO - [2022-10-27 22:45:37,484] {dagbag.py:507} INFO - Filling up the DagBag from /home/nayara/Documentos/airflowalura/venv/lib/python3.9/site-packages/airflow/example_dags/subdags/subdag.py
[2022-10-27 22:45:37,489] {processor.py:653} WARNING - No viable dags retrieved from /home/nayara/Documentos/airflowalura/venv/lib/python3.9/site-packages/airflow/example_dags/subdags/subdag.py
[2022-10-27 22:45:37,516] {processor.py:161} INFO - Processing /home/nayara/Documentos/airflowalura/venv/lib/python3.9/site-packages/airflow/example_dags/subdags/subdag.py took 0.055 seconds
[2022-10-27 22:46:30,889] {processor.py:153} INFO - Started process (PID=53504) to work on /home/nayara/Documentos/airflowalura/venv/lib/python3.9/site-packages/airflow/example_dags/subdags/subdag.py
[2022-10-27 22:46:30,916] {processor.py:641} INFO - Processing file /home/nayara/Documentos/airflowalura/venv/lib/python3.9/site-packages/airflow/example_dags/subdags/subdag.py for tasks to queue
[2022-10-27 22:46:30,917] {logging_mixin.py:115} INFO - [2022-10-27 22:46:30,917] {dagbag.py:507} INFO - Filling up the DagBag from /home/nayara/Documentos/airflowalura/venv/lib/python3.9/site-packages/airflow/example_dags/subdags/subdag.py
[2022-10-27 22:46:30,920] {processor.py:653} WARNING - No viable dags retrieved from /home/nayara/Documentos/airflowalura/venv/lib/python3.9/site-packages/airflow/example_dags/subdags/subdag.py
[2022-10-27 22:46:30,946] {processor.py:161} INFO - Processing /home/nayara/Documentos/airflowalura/venv/lib/python3.9/site-packages/airflow/example_dags/subdags/subdag.py took 0.062 seconds
[2022-10-27 22:47:18,336] {processor.py:153} INFO - Started process (PID=53635) to work on /home/nayara/Documentos/airflowalura/venv/lib/python3.9/site-packages/airflow/example_dags/subdags/subdag.py
[2022-10-27 22:47:18,358] {processor.py:641} INFO - Processing file /home/nayara/Documentos/airflowalura/venv/lib/python3.9/site-packages/airflow/example_dags/subdags/subdag.py for tasks to queue
[2022-10-27 22:47:18,361] {logging_mixin.py:115} INFO - [2022-10-27 22:47:18,361] {dagbag.py:507} INFO - Filling up the DagBag from /home/nayara/Documentos/airflowalura/venv/lib/python3.9/site-packages/airflow/example_dags/subdags/subdag.py
[2022-10-27 22:47:18,368] {processor.py:653} WARNING - No viable dags retrieved from /home/nayara/Documentos/airflowalura/venv/lib/python3.9/site-packages/airflow/example_dags/subdags/subdag.py
[2022-10-27 22:47:18,418] {processor.py:161} INFO - Processing /home/nayara/Documentos/airflowalura/venv/lib/python3.9/site-packages/airflow/example_dags/subdags/subdag.py took 0.097 seconds
[2022-10-27 22:48:06,702] {processor.py:153} INFO - Started process (PID=53737) to work on /home/nayara/Documentos/airflowalura/venv/lib/python3.9/site-packages/airflow/example_dags/subdags/subdag.py
[2022-10-27 22:48:06,754] {processor.py:641} INFO - Processing file /home/nayara/Documentos/airflowalura/venv/lib/python3.9/site-packages/airflow/example_dags/subdags/subdag.py for tasks to queue
[2022-10-27 22:48:06,757] {logging_mixin.py:115} INFO - [2022-10-27 22:48:06,757] {dagbag.py:507} INFO - Filling up the DagBag from /home/nayara/Documentos/airflowalura/venv/lib/python3.9/site-packages/airflow/example_dags/subdags/subdag.py
[2022-10-27 22:48:06,768] {processor.py:653} WARNING - No viable dags retrieved from /home/nayara/Documentos/airflowalura/venv/lib/python3.9/site-packages/airflow/example_dags/subdags/subdag.py
[2022-10-27 22:48:06,819] {processor.py:161} INFO - Processing /home/nayara/Documentos/airflowalura/venv/lib/python3.9/site-packages/airflow/example_dags/subdags/subdag.py took 0.139 seconds
[2022-10-27 22:48:53,283] {processor.py:153} INFO - Started process (PID=53830) to work on /home/nayara/Documentos/airflowalura/venv/lib/python3.9/site-packages/airflow/example_dags/subdags/subdag.py
[2022-10-27 22:48:53,300] {processor.py:641} INFO - Processing file /home/nayara/Documentos/airflowalura/venv/lib/python3.9/site-packages/airflow/example_dags/subdags/subdag.py for tasks to queue
[2022-10-27 22:48:53,303] {logging_mixin.py:115} INFO - [2022-10-27 22:48:53,303] {dagbag.py:507} INFO - Filling up the DagBag from /home/nayara/Documentos/airflowalura/venv/lib/python3.9/site-packages/airflow/example_dags/subdags/subdag.py
[2022-10-27 22:48:53,309] {processor.py:653} WARNING - No viable dags retrieved from /home/nayara/Documentos/airflowalura/venv/lib/python3.9/site-packages/airflow/example_dags/subdags/subdag.py
[2022-10-27 22:48:53,334] {processor.py:161} INFO - Processing /home/nayara/Documentos/airflowalura/venv/lib/python3.9/site-packages/airflow/example_dags/subdags/subdag.py took 0.070 seconds
[2022-10-27 22:49:35,223] {processor.py:153} INFO - Started process (PID=53914) to work on /home/nayara/Documentos/airflowalura/venv/lib/python3.9/site-packages/airflow/example_dags/subdags/subdag.py
[2022-10-27 22:49:35,247] {processor.py:641} INFO - Processing file /home/nayara/Documentos/airflowalura/venv/lib/python3.9/site-packages/airflow/example_dags/subdags/subdag.py for tasks to queue
[2022-10-27 22:49:35,251] {logging_mixin.py:115} INFO - [2022-10-27 22:49:35,250] {dagbag.py:507} INFO - Filling up the DagBag from /home/nayara/Documentos/airflowalura/venv/lib/python3.9/site-packages/airflow/example_dags/subdags/subdag.py
[2022-10-27 22:49:35,258] {processor.py:653} WARNING - No viable dags retrieved from /home/nayara/Documentos/airflowalura/venv/lib/python3.9/site-packages/airflow/example_dags/subdags/subdag.py
[2022-10-27 22:49:35,299] {processor.py:161} INFO - Processing /home/nayara/Documentos/airflowalura/venv/lib/python3.9/site-packages/airflow/example_dags/subdags/subdag.py took 0.096 seconds
[2022-10-27 22:50:19,203] {processor.py:153} INFO - Started process (PID=53995) to work on /home/nayara/Documentos/airflowalura/venv/lib/python3.9/site-packages/airflow/example_dags/subdags/subdag.py
[2022-10-27 22:50:19,226] {processor.py:641} INFO - Processing file /home/nayara/Documentos/airflowalura/venv/lib/python3.9/site-packages/airflow/example_dags/subdags/subdag.py for tasks to queue
[2022-10-27 22:50:19,230] {logging_mixin.py:115} INFO - [2022-10-27 22:50:19,229] {dagbag.py:507} INFO - Filling up the DagBag from /home/nayara/Documentos/airflowalura/venv/lib/python3.9/site-packages/airflow/example_dags/subdags/subdag.py
[2022-10-27 22:50:19,238] {processor.py:653} WARNING - No viable dags retrieved from /home/nayara/Documentos/airflowalura/venv/lib/python3.9/site-packages/airflow/example_dags/subdags/subdag.py
[2022-10-27 22:50:19,282] {processor.py:161} INFO - Processing /home/nayara/Documentos/airflowalura/venv/lib/python3.9/site-packages/airflow/example_dags/subdags/subdag.py took 0.098 seconds
[2022-10-27 22:51:04,046] {processor.py:153} INFO - Started process (PID=54082) to work on /home/nayara/Documentos/airflowalura/venv/lib/python3.9/site-packages/airflow/example_dags/subdags/subdag.py
[2022-10-27 22:51:04,060] {processor.py:641} INFO - Processing file /home/nayara/Documentos/airflowalura/venv/lib/python3.9/site-packages/airflow/example_dags/subdags/subdag.py for tasks to queue
[2022-10-27 22:51:04,061] {logging_mixin.py:115} INFO - [2022-10-27 22:51:04,061] {dagbag.py:507} INFO - Filling up the DagBag from /home/nayara/Documentos/airflowalura/venv/lib/python3.9/site-packages/airflow/example_dags/subdags/subdag.py
[2022-10-27 22:51:04,065] {processor.py:653} WARNING - No viable dags retrieved from /home/nayara/Documentos/airflowalura/venv/lib/python3.9/site-packages/airflow/example_dags/subdags/subdag.py
[2022-10-27 22:51:04,087] {processor.py:161} INFO - Processing /home/nayara/Documentos/airflowalura/venv/lib/python3.9/site-packages/airflow/example_dags/subdags/subdag.py took 0.048 seconds
[2022-10-27 22:51:54,655] {processor.py:153} INFO - Started process (PID=54193) to work on /home/nayara/Documentos/airflowalura/venv/lib/python3.9/site-packages/airflow/example_dags/subdags/subdag.py
[2022-10-27 22:51:54,674] {processor.py:641} INFO - Processing file /home/nayara/Documentos/airflowalura/venv/lib/python3.9/site-packages/airflow/example_dags/subdags/subdag.py for tasks to queue
[2022-10-27 22:51:54,676] {logging_mixin.py:115} INFO - [2022-10-27 22:51:54,676] {dagbag.py:507} INFO - Filling up the DagBag from /home/nayara/Documentos/airflowalura/venv/lib/python3.9/site-packages/airflow/example_dags/subdags/subdag.py
[2022-10-27 22:51:54,684] {processor.py:653} WARNING - No viable dags retrieved from /home/nayara/Documentos/airflowalura/venv/lib/python3.9/site-packages/airflow/example_dags/subdags/subdag.py
[2022-10-27 22:51:54,716] {processor.py:161} INFO - Processing /home/nayara/Documentos/airflowalura/venv/lib/python3.9/site-packages/airflow/example_dags/subdags/subdag.py took 0.076 seconds
[2022-10-27 22:52:50,844] {processor.py:153} INFO - Started process (PID=54281) to work on /home/nayara/Documentos/airflowalura/venv/lib/python3.9/site-packages/airflow/example_dags/subdags/subdag.py
[2022-10-27 22:52:50,863] {processor.py:641} INFO - Processing file /home/nayara/Documentos/airflowalura/venv/lib/python3.9/site-packages/airflow/example_dags/subdags/subdag.py for tasks to queue
[2022-10-27 22:52:50,867] {logging_mixin.py:115} INFO - [2022-10-27 22:52:50,867] {dagbag.py:507} INFO - Filling up the DagBag from /home/nayara/Documentos/airflowalura/venv/lib/python3.9/site-packages/airflow/example_dags/subdags/subdag.py
[2022-10-27 22:52:50,880] {processor.py:653} WARNING - No viable dags retrieved from /home/nayara/Documentos/airflowalura/venv/lib/python3.9/site-packages/airflow/example_dags/subdags/subdag.py
[2022-10-27 22:52:50,939] {processor.py:161} INFO - Processing /home/nayara/Documentos/airflowalura/venv/lib/python3.9/site-packages/airflow/example_dags/subdags/subdag.py took 0.112 seconds
[2022-10-27 22:53:35,115] {processor.py:153} INFO - Started process (PID=54366) to work on /home/nayara/Documentos/airflowalura/venv/lib/python3.9/site-packages/airflow/example_dags/subdags/subdag.py
[2022-10-27 22:53:35,133] {processor.py:641} INFO - Processing file /home/nayara/Documentos/airflowalura/venv/lib/python3.9/site-packages/airflow/example_dags/subdags/subdag.py for tasks to queue
[2022-10-27 22:53:35,134] {logging_mixin.py:115} INFO - [2022-10-27 22:53:35,134] {dagbag.py:507} INFO - Filling up the DagBag from /home/nayara/Documentos/airflowalura/venv/lib/python3.9/site-packages/airflow/example_dags/subdags/subdag.py
[2022-10-27 22:53:35,135] {processor.py:653} WARNING - No viable dags retrieved from /home/nayara/Documentos/airflowalura/venv/lib/python3.9/site-packages/airflow/example_dags/subdags/subdag.py
[2022-10-27 22:53:35,150] {processor.py:161} INFO - Processing /home/nayara/Documentos/airflowalura/venv/lib/python3.9/site-packages/airflow/example_dags/subdags/subdag.py took 0.040 seconds
[2022-10-27 22:54:25,223] {processor.py:153} INFO - Started process (PID=54469) to work on /home/nayara/Documentos/airflowalura/venv/lib/python3.9/site-packages/airflow/example_dags/subdags/subdag.py
[2022-10-27 22:54:25,240] {processor.py:641} INFO - Processing file /home/nayara/Documentos/airflowalura/venv/lib/python3.9/site-packages/airflow/example_dags/subdags/subdag.py for tasks to queue
[2022-10-27 22:54:25,244] {logging_mixin.py:115} INFO - [2022-10-27 22:54:25,244] {dagbag.py:507} INFO - Filling up the DagBag from /home/nayara/Documentos/airflowalura/venv/lib/python3.9/site-packages/airflow/example_dags/subdags/subdag.py
[2022-10-27 22:54:25,255] {processor.py:653} WARNING - No viable dags retrieved from /home/nayara/Documentos/airflowalura/venv/lib/python3.9/site-packages/airflow/example_dags/subdags/subdag.py
[2022-10-27 22:54:25,332] {processor.py:161} INFO - Processing /home/nayara/Documentos/airflowalura/venv/lib/python3.9/site-packages/airflow/example_dags/subdags/subdag.py took 0.115 seconds
[2022-10-27 22:55:15,978] {processor.py:153} INFO - Started process (PID=54569) to work on /home/nayara/Documentos/airflowalura/venv/lib/python3.9/site-packages/airflow/example_dags/subdags/subdag.py
[2022-10-27 22:55:16,001] {processor.py:641} INFO - Processing file /home/nayara/Documentos/airflowalura/venv/lib/python3.9/site-packages/airflow/example_dags/subdags/subdag.py for tasks to queue
[2022-10-27 22:55:16,002] {logging_mixin.py:115} INFO - [2022-10-27 22:55:16,002] {dagbag.py:507} INFO - Filling up the DagBag from /home/nayara/Documentos/airflowalura/venv/lib/python3.9/site-packages/airflow/example_dags/subdags/subdag.py
[2022-10-27 22:55:16,004] {processor.py:653} WARNING - No viable dags retrieved from /home/nayara/Documentos/airflowalura/venv/lib/python3.9/site-packages/airflow/example_dags/subdags/subdag.py
[2022-10-27 22:55:16,019] {processor.py:161} INFO - Processing /home/nayara/Documentos/airflowalura/venv/lib/python3.9/site-packages/airflow/example_dags/subdags/subdag.py took 0.046 seconds
[2022-10-27 22:56:06,664] {processor.py:153} INFO - Started process (PID=54664) to work on /home/nayara/Documentos/airflowalura/venv/lib/python3.9/site-packages/airflow/example_dags/subdags/subdag.py
[2022-10-27 22:56:06,679] {processor.py:641} INFO - Processing file /home/nayara/Documentos/airflowalura/venv/lib/python3.9/site-packages/airflow/example_dags/subdags/subdag.py for tasks to queue
[2022-10-27 22:56:06,680] {logging_mixin.py:115} INFO - [2022-10-27 22:56:06,680] {dagbag.py:507} INFO - Filling up the DagBag from /home/nayara/Documentos/airflowalura/venv/lib/python3.9/site-packages/airflow/example_dags/subdags/subdag.py
[2022-10-27 22:56:06,682] {processor.py:653} WARNING - No viable dags retrieved from /home/nayara/Documentos/airflowalura/venv/lib/python3.9/site-packages/airflow/example_dags/subdags/subdag.py
[2022-10-27 22:56:06,701] {processor.py:161} INFO - Processing /home/nayara/Documentos/airflowalura/venv/lib/python3.9/site-packages/airflow/example_dags/subdags/subdag.py took 0.045 seconds
[2022-10-27 22:56:52,559] {processor.py:153} INFO - Started process (PID=54806) to work on /home/nayara/Documentos/airflowalura/venv/lib/python3.9/site-packages/airflow/example_dags/subdags/subdag.py
[2022-10-27 22:56:52,585] {processor.py:641} INFO - Processing file /home/nayara/Documentos/airflowalura/venv/lib/python3.9/site-packages/airflow/example_dags/subdags/subdag.py for tasks to queue
[2022-10-27 22:56:52,588] {logging_mixin.py:115} INFO - [2022-10-27 22:56:52,587] {dagbag.py:507} INFO - Filling up the DagBag from /home/nayara/Documentos/airflowalura/venv/lib/python3.9/site-packages/airflow/example_dags/subdags/subdag.py
[2022-10-27 22:56:52,594] {processor.py:653} WARNING - No viable dags retrieved from /home/nayara/Documentos/airflowalura/venv/lib/python3.9/site-packages/airflow/example_dags/subdags/subdag.py
[2022-10-27 22:56:52,630] {processor.py:161} INFO - Processing /home/nayara/Documentos/airflowalura/venv/lib/python3.9/site-packages/airflow/example_dags/subdags/subdag.py took 0.088 seconds
