[2022-10-27 22:14:07,661] {processor.py:153} INFO - Started process (PID=48748) to work on /home/nayara/Documentos/airflowalura/venv/lib/python3.9/site-packages/airflow/example_dags/plugins/workday.py
[2022-10-27 22:14:07,663] {processor.py:641} INFO - Processing file /home/nayara/Documentos/airflowalura/venv/lib/python3.9/site-packages/airflow/example_dags/plugins/workday.py for tasks to queue
[2022-10-27 22:14:07,665] {logging_mixin.py:115} INFO - [2022-10-27 22:14:07,665] {dagbag.py:507} INFO - Filling up the DagBag from /home/nayara/Documentos/airflowalura/venv/lib/python3.9/site-packages/airflow/example_dags/plugins/workday.py
[2022-10-27 22:14:07,675] {processor.py:653} WARNING - No viable dags retrieved from /home/nayara/Documentos/airflowalura/venv/lib/python3.9/site-packages/airflow/example_dags/plugins/workday.py
[2022-10-27 22:14:07,710] {processor.py:161} INFO - Processing /home/nayara/Documentos/airflowalura/venv/lib/python3.9/site-packages/airflow/example_dags/plugins/workday.py took 0.063 seconds
[2022-10-27 22:17:31,588] {processor.py:153} INFO - Started process (PID=49221) to work on /home/nayara/Documentos/airflowalura/venv/lib/python3.9/site-packages/airflow/example_dags/plugins/workday.py
[2022-10-27 22:17:31,612] {processor.py:641} INFO - Processing file /home/nayara/Documentos/airflowalura/venv/lib/python3.9/site-packages/airflow/example_dags/plugins/workday.py for tasks to queue
[2022-10-27 22:17:31,615] {logging_mixin.py:115} INFO - [2022-10-27 22:17:31,614] {dagbag.py:507} INFO - Filling up the DagBag from /home/nayara/Documentos/airflowalura/venv/lib/python3.9/site-packages/airflow/example_dags/plugins/workday.py
[2022-10-27 22:17:31,620] {processor.py:653} WARNING - No viable dags retrieved from /home/nayara/Documentos/airflowalura/venv/lib/python3.9/site-packages/airflow/example_dags/plugins/workday.py
[2022-10-27 22:17:31,646] {processor.py:161} INFO - Processing /home/nayara/Documentos/airflowalura/venv/lib/python3.9/site-packages/airflow/example_dags/plugins/workday.py took 0.066 seconds
[2022-10-27 22:18:12,396] {processor.py:153} INFO - Started process (PID=49293) to work on /home/nayara/Documentos/airflowalura/venv/lib/python3.9/site-packages/airflow/example_dags/plugins/workday.py
[2022-10-27 22:18:12,426] {processor.py:641} INFO - Processing file /home/nayara/Documentos/airflowalura/venv/lib/python3.9/site-packages/airflow/example_dags/plugins/workday.py for tasks to queue
[2022-10-27 22:18:12,429] {logging_mixin.py:115} INFO - [2022-10-27 22:18:12,428] {dagbag.py:507} INFO - Filling up the DagBag from /home/nayara/Documentos/airflowalura/venv/lib/python3.9/site-packages/airflow/example_dags/plugins/workday.py
[2022-10-27 22:18:12,435] {processor.py:653} WARNING - No viable dags retrieved from /home/nayara/Documentos/airflowalura/venv/lib/python3.9/site-packages/airflow/example_dags/plugins/workday.py
[2022-10-27 22:18:12,456] {processor.py:161} INFO - Processing /home/nayara/Documentos/airflowalura/venv/lib/python3.9/site-packages/airflow/example_dags/plugins/workday.py took 0.070 seconds
[2022-10-27 22:19:11,748] {processor.py:153} INFO - Started process (PID=49572) to work on /home/nayara/Documentos/airflowalura/venv/lib/python3.9/site-packages/airflow/example_dags/plugins/workday.py
[2022-10-27 22:19:11,801] {processor.py:641} INFO - Processing file /home/nayara/Documentos/airflowalura/venv/lib/python3.9/site-packages/airflow/example_dags/plugins/workday.py for tasks to queue
[2022-10-27 22:19:11,803] {logging_mixin.py:115} INFO - [2022-10-27 22:19:11,803] {dagbag.py:507} INFO - Filling up the DagBag from /home/nayara/Documentos/airflowalura/venv/lib/python3.9/site-packages/airflow/example_dags/plugins/workday.py
[2022-10-27 22:19:11,811] {processor.py:653} WARNING - No viable dags retrieved from /home/nayara/Documentos/airflowalura/venv/lib/python3.9/site-packages/airflow/example_dags/plugins/workday.py
[2022-10-27 22:19:11,838] {processor.py:161} INFO - Processing /home/nayara/Documentos/airflowalura/venv/lib/python3.9/site-packages/airflow/example_dags/plugins/workday.py took 0.103 seconds
[2022-10-27 22:19:59,568] {processor.py:153} INFO - Started process (PID=49765) to work on /home/nayara/Documentos/airflowalura/venv/lib/python3.9/site-packages/airflow/example_dags/plugins/workday.py
[2022-10-27 22:19:59,581] {processor.py:641} INFO - Processing file /home/nayara/Documentos/airflowalura/venv/lib/python3.9/site-packages/airflow/example_dags/plugins/workday.py for tasks to queue
[2022-10-27 22:19:59,583] {logging_mixin.py:115} INFO - [2022-10-27 22:19:59,583] {dagbag.py:507} INFO - Filling up the DagBag from /home/nayara/Documentos/airflowalura/venv/lib/python3.9/site-packages/airflow/example_dags/plugins/workday.py
[2022-10-27 22:19:59,592] {processor.py:653} WARNING - No viable dags retrieved from /home/nayara/Documentos/airflowalura/venv/lib/python3.9/site-packages/airflow/example_dags/plugins/workday.py
[2022-10-27 22:19:59,617] {processor.py:161} INFO - Processing /home/nayara/Documentos/airflowalura/venv/lib/python3.9/site-packages/airflow/example_dags/plugins/workday.py took 0.063 seconds
[2022-10-27 22:20:52,260] {processor.py:153} INFO - Started process (PID=49918) to work on /home/nayara/Documentos/airflowalura/venv/lib/python3.9/site-packages/airflow/example_dags/plugins/workday.py
[2022-10-27 22:20:52,269] {processor.py:641} INFO - Processing file /home/nayara/Documentos/airflowalura/venv/lib/python3.9/site-packages/airflow/example_dags/plugins/workday.py for tasks to queue
[2022-10-27 22:20:52,271] {logging_mixin.py:115} INFO - [2022-10-27 22:20:52,271] {dagbag.py:507} INFO - Filling up the DagBag from /home/nayara/Documentos/airflowalura/venv/lib/python3.9/site-packages/airflow/example_dags/plugins/workday.py
[2022-10-27 22:20:52,280] {processor.py:653} WARNING - No viable dags retrieved from /home/nayara/Documentos/airflowalura/venv/lib/python3.9/site-packages/airflow/example_dags/plugins/workday.py
[2022-10-27 22:20:52,317] {processor.py:161} INFO - Processing /home/nayara/Documentos/airflowalura/venv/lib/python3.9/site-packages/airflow/example_dags/plugins/workday.py took 0.069 seconds
[2022-10-27 22:21:32,645] {processor.py:153} INFO - Started process (PID=50003) to work on /home/nayara/Documentos/airflowalura/venv/lib/python3.9/site-packages/airflow/example_dags/plugins/workday.py
[2022-10-27 22:21:32,667] {processor.py:641} INFO - Processing file /home/nayara/Documentos/airflowalura/venv/lib/python3.9/site-packages/airflow/example_dags/plugins/workday.py for tasks to queue
[2022-10-27 22:21:32,670] {logging_mixin.py:115} INFO - [2022-10-27 22:21:32,669] {dagbag.py:507} INFO - Filling up the DagBag from /home/nayara/Documentos/airflowalura/venv/lib/python3.9/site-packages/airflow/example_dags/plugins/workday.py
[2022-10-27 22:21:32,680] {processor.py:653} WARNING - No viable dags retrieved from /home/nayara/Documentos/airflowalura/venv/lib/python3.9/site-packages/airflow/example_dags/plugins/workday.py
[2022-10-27 22:21:32,719] {processor.py:161} INFO - Processing /home/nayara/Documentos/airflowalura/venv/lib/python3.9/site-packages/airflow/example_dags/plugins/workday.py took 0.090 seconds
[2022-10-27 22:22:13,897] {processor.py:153} INFO - Started process (PID=50102) to work on /home/nayara/Documentos/airflowalura/venv/lib/python3.9/site-packages/airflow/example_dags/plugins/workday.py
[2022-10-27 22:22:13,921] {processor.py:641} INFO - Processing file /home/nayara/Documentos/airflowalura/venv/lib/python3.9/site-packages/airflow/example_dags/plugins/workday.py for tasks to queue
[2022-10-27 22:22:13,929] {logging_mixin.py:115} INFO - [2022-10-27 22:22:13,924] {dagbag.py:507} INFO - Filling up the DagBag from /home/nayara/Documentos/airflowalura/venv/lib/python3.9/site-packages/airflow/example_dags/plugins/workday.py
[2022-10-27 22:22:13,938] {processor.py:653} WARNING - No viable dags retrieved from /home/nayara/Documentos/airflowalura/venv/lib/python3.9/site-packages/airflow/example_dags/plugins/workday.py
[2022-10-27 22:22:13,960] {processor.py:161} INFO - Processing /home/nayara/Documentos/airflowalura/venv/lib/python3.9/site-packages/airflow/example_dags/plugins/workday.py took 0.083 seconds
[2022-10-27 22:22:56,675] {processor.py:153} INFO - Started process (PID=50202) to work on /home/nayara/Documentos/airflowalura/venv/lib/python3.9/site-packages/airflow/example_dags/plugins/workday.py
[2022-10-27 22:22:56,688] {processor.py:641} INFO - Processing file /home/nayara/Documentos/airflowalura/venv/lib/python3.9/site-packages/airflow/example_dags/plugins/workday.py for tasks to queue
[2022-10-27 22:22:56,689] {logging_mixin.py:115} INFO - [2022-10-27 22:22:56,689] {dagbag.py:507} INFO - Filling up the DagBag from /home/nayara/Documentos/airflowalura/venv/lib/python3.9/site-packages/airflow/example_dags/plugins/workday.py
[2022-10-27 22:22:56,693] {processor.py:653} WARNING - No viable dags retrieved from /home/nayara/Documentos/airflowalura/venv/lib/python3.9/site-packages/airflow/example_dags/plugins/workday.py
[2022-10-27 22:22:56,719] {processor.py:161} INFO - Processing /home/nayara/Documentos/airflowalura/venv/lib/python3.9/site-packages/airflow/example_dags/plugins/workday.py took 0.063 seconds
[2022-10-27 22:23:36,672] {processor.py:153} INFO - Started process (PID=50293) to work on /home/nayara/Documentos/airflowalura/venv/lib/python3.9/site-packages/airflow/example_dags/plugins/workday.py
[2022-10-27 22:23:36,688] {processor.py:641} INFO - Processing file /home/nayara/Documentos/airflowalura/venv/lib/python3.9/site-packages/airflow/example_dags/plugins/workday.py for tasks to queue
[2022-10-27 22:23:36,689] {logging_mixin.py:115} INFO - [2022-10-27 22:23:36,689] {dagbag.py:507} INFO - Filling up the DagBag from /home/nayara/Documentos/airflowalura/venv/lib/python3.9/site-packages/airflow/example_dags/plugins/workday.py
[2022-10-27 22:23:36,696] {processor.py:653} WARNING - No viable dags retrieved from /home/nayara/Documentos/airflowalura/venv/lib/python3.9/site-packages/airflow/example_dags/plugins/workday.py
[2022-10-27 22:23:36,718] {processor.py:161} INFO - Processing /home/nayara/Documentos/airflowalura/venv/lib/python3.9/site-packages/airflow/example_dags/plugins/workday.py took 0.060 seconds
[2022-10-27 22:24:23,534] {processor.py:153} INFO - Started process (PID=50398) to work on /home/nayara/Documentos/airflowalura/venv/lib/python3.9/site-packages/airflow/example_dags/plugins/workday.py
[2022-10-27 22:24:23,558] {processor.py:641} INFO - Processing file /home/nayara/Documentos/airflowalura/venv/lib/python3.9/site-packages/airflow/example_dags/plugins/workday.py for tasks to queue
[2022-10-27 22:24:23,559] {logging_mixin.py:115} INFO - [2022-10-27 22:24:23,559] {dagbag.py:507} INFO - Filling up the DagBag from /home/nayara/Documentos/airflowalura/venv/lib/python3.9/site-packages/airflow/example_dags/plugins/workday.py
[2022-10-27 22:24:23,565] {processor.py:653} WARNING - No viable dags retrieved from /home/nayara/Documentos/airflowalura/venv/lib/python3.9/site-packages/airflow/example_dags/plugins/workday.py
[2022-10-27 22:24:23,593] {processor.py:161} INFO - Processing /home/nayara/Documentos/airflowalura/venv/lib/python3.9/site-packages/airflow/example_dags/plugins/workday.py took 0.072 seconds
[2022-10-27 22:25:11,967] {processor.py:153} INFO - Started process (PID=50510) to work on /home/nayara/Documentos/airflowalura/venv/lib/python3.9/site-packages/airflow/example_dags/plugins/workday.py
[2022-10-27 22:25:11,984] {processor.py:641} INFO - Processing file /home/nayara/Documentos/airflowalura/venv/lib/python3.9/site-packages/airflow/example_dags/plugins/workday.py for tasks to queue
[2022-10-27 22:25:11,986] {logging_mixin.py:115} INFO - [2022-10-27 22:25:11,986] {dagbag.py:507} INFO - Filling up the DagBag from /home/nayara/Documentos/airflowalura/venv/lib/python3.9/site-packages/airflow/example_dags/plugins/workday.py
[2022-10-27 22:25:11,997] {processor.py:653} WARNING - No viable dags retrieved from /home/nayara/Documentos/airflowalura/venv/lib/python3.9/site-packages/airflow/example_dags/plugins/workday.py
[2022-10-27 22:25:12,041] {processor.py:161} INFO - Processing /home/nayara/Documentos/airflowalura/venv/lib/python3.9/site-packages/airflow/example_dags/plugins/workday.py took 0.087 seconds
[2022-10-27 22:26:18,094] {processor.py:153} INFO - Started process (PID=50642) to work on /home/nayara/Documentos/airflowalura/venv/lib/python3.9/site-packages/airflow/example_dags/plugins/workday.py
[2022-10-27 22:26:18,116] {processor.py:641} INFO - Processing file /home/nayara/Documentos/airflowalura/venv/lib/python3.9/site-packages/airflow/example_dags/plugins/workday.py for tasks to queue
[2022-10-27 22:26:18,118] {logging_mixin.py:115} INFO - [2022-10-27 22:26:18,117] {dagbag.py:507} INFO - Filling up the DagBag from /home/nayara/Documentos/airflowalura/venv/lib/python3.9/site-packages/airflow/example_dags/plugins/workday.py
[2022-10-27 22:26:18,123] {processor.py:653} WARNING - No viable dags retrieved from /home/nayara/Documentos/airflowalura/venv/lib/python3.9/site-packages/airflow/example_dags/plugins/workday.py
[2022-10-27 22:26:18,152] {processor.py:161} INFO - Processing /home/nayara/Documentos/airflowalura/venv/lib/python3.9/site-packages/airflow/example_dags/plugins/workday.py took 0.068 seconds
[2022-10-27 22:27:07,266] {processor.py:153} INFO - Started process (PID=50764) to work on /home/nayara/Documentos/airflowalura/venv/lib/python3.9/site-packages/airflow/example_dags/plugins/workday.py
[2022-10-27 22:27:07,267] {processor.py:641} INFO - Processing file /home/nayara/Documentos/airflowalura/venv/lib/python3.9/site-packages/airflow/example_dags/plugins/workday.py for tasks to queue
[2022-10-27 22:27:07,268] {logging_mixin.py:115} INFO - [2022-10-27 22:27:07,267] {dagbag.py:507} INFO - Filling up the DagBag from /home/nayara/Documentos/airflowalura/venv/lib/python3.9/site-packages/airflow/example_dags/plugins/workday.py
[2022-10-27 22:27:07,272] {processor.py:653} WARNING - No viable dags retrieved from /home/nayara/Documentos/airflowalura/venv/lib/python3.9/site-packages/airflow/example_dags/plugins/workday.py
[2022-10-27 22:27:07,287] {processor.py:161} INFO - Processing /home/nayara/Documentos/airflowalura/venv/lib/python3.9/site-packages/airflow/example_dags/plugins/workday.py took 0.025 seconds
[2022-10-27 22:27:50,048] {processor.py:153} INFO - Started process (PID=50910) to work on /home/nayara/Documentos/airflowalura/venv/lib/python3.9/site-packages/airflow/example_dags/plugins/workday.py
[2022-10-27 22:27:50,073] {processor.py:641} INFO - Processing file /home/nayara/Documentos/airflowalura/venv/lib/python3.9/site-packages/airflow/example_dags/plugins/workday.py for tasks to queue
[2022-10-27 22:27:50,076] {logging_mixin.py:115} INFO - [2022-10-27 22:27:50,075] {dagbag.py:507} INFO - Filling up the DagBag from /home/nayara/Documentos/airflowalura/venv/lib/python3.9/site-packages/airflow/example_dags/plugins/workday.py
[2022-10-27 22:27:50,090] {processor.py:653} WARNING - No viable dags retrieved from /home/nayara/Documentos/airflowalura/venv/lib/python3.9/site-packages/airflow/example_dags/plugins/workday.py
[2022-10-27 22:27:50,137] {processor.py:161} INFO - Processing /home/nayara/Documentos/airflowalura/venv/lib/python3.9/site-packages/airflow/example_dags/plugins/workday.py took 0.105 seconds
[2022-10-27 22:28:42,052] {processor.py:153} INFO - Started process (PID=51047) to work on /home/nayara/Documentos/airflowalura/venv/lib/python3.9/site-packages/airflow/example_dags/plugins/workday.py
[2022-10-27 22:28:42,089] {processor.py:641} INFO - Processing file /home/nayara/Documentos/airflowalura/venv/lib/python3.9/site-packages/airflow/example_dags/plugins/workday.py for tasks to queue
[2022-10-27 22:28:42,093] {logging_mixin.py:115} INFO - [2022-10-27 22:28:42,092] {dagbag.py:507} INFO - Filling up the DagBag from /home/nayara/Documentos/airflowalura/venv/lib/python3.9/site-packages/airflow/example_dags/plugins/workday.py
[2022-10-27 22:28:42,103] {processor.py:653} WARNING - No viable dags retrieved from /home/nayara/Documentos/airflowalura/venv/lib/python3.9/site-packages/airflow/example_dags/plugins/workday.py
[2022-10-27 22:28:42,148] {processor.py:161} INFO - Processing /home/nayara/Documentos/airflowalura/venv/lib/python3.9/site-packages/airflow/example_dags/plugins/workday.py took 0.113 seconds
[2022-10-27 22:29:31,638] {processor.py:153} INFO - Started process (PID=51161) to work on /home/nayara/Documentos/airflowalura/venv/lib/python3.9/site-packages/airflow/example_dags/plugins/workday.py
[2022-10-27 22:29:31,666] {processor.py:641} INFO - Processing file /home/nayara/Documentos/airflowalura/venv/lib/python3.9/site-packages/airflow/example_dags/plugins/workday.py for tasks to queue
[2022-10-27 22:29:31,669] {logging_mixin.py:115} INFO - [2022-10-27 22:29:31,668] {dagbag.py:507} INFO - Filling up the DagBag from /home/nayara/Documentos/airflowalura/venv/lib/python3.9/site-packages/airflow/example_dags/plugins/workday.py
[2022-10-27 22:29:31,678] {processor.py:653} WARNING - No viable dags retrieved from /home/nayara/Documentos/airflowalura/venv/lib/python3.9/site-packages/airflow/example_dags/plugins/workday.py
[2022-10-27 22:29:31,708] {processor.py:161} INFO - Processing /home/nayara/Documentos/airflowalura/venv/lib/python3.9/site-packages/airflow/example_dags/plugins/workday.py took 0.074 seconds
[2022-10-27 22:30:15,745] {processor.py:153} INFO - Started process (PID=51237) to work on /home/nayara/Documentos/airflowalura/venv/lib/python3.9/site-packages/airflow/example_dags/plugins/workday.py
[2022-10-27 22:30:15,773] {processor.py:641} INFO - Processing file /home/nayara/Documentos/airflowalura/venv/lib/python3.9/site-packages/airflow/example_dags/plugins/workday.py for tasks to queue
[2022-10-27 22:30:15,774] {logging_mixin.py:115} INFO - [2022-10-27 22:30:15,774] {dagbag.py:507} INFO - Filling up the DagBag from /home/nayara/Documentos/airflowalura/venv/lib/python3.9/site-packages/airflow/example_dags/plugins/workday.py
[2022-10-27 22:30:15,780] {processor.py:653} WARNING - No viable dags retrieved from /home/nayara/Documentos/airflowalura/venv/lib/python3.9/site-packages/airflow/example_dags/plugins/workday.py
[2022-10-27 22:30:15,803] {processor.py:161} INFO - Processing /home/nayara/Documentos/airflowalura/venv/lib/python3.9/site-packages/airflow/example_dags/plugins/workday.py took 0.070 seconds
[2022-10-27 22:30:55,694] {processor.py:153} INFO - Started process (PID=51303) to work on /home/nayara/Documentos/airflowalura/venv/lib/python3.9/site-packages/airflow/example_dags/plugins/workday.py
[2022-10-27 22:30:55,722] {processor.py:641} INFO - Processing file /home/nayara/Documentos/airflowalura/venv/lib/python3.9/site-packages/airflow/example_dags/plugins/workday.py for tasks to queue
[2022-10-27 22:30:55,724] {logging_mixin.py:115} INFO - [2022-10-27 22:30:55,724] {dagbag.py:507} INFO - Filling up the DagBag from /home/nayara/Documentos/airflowalura/venv/lib/python3.9/site-packages/airflow/example_dags/plugins/workday.py
[2022-10-27 22:30:55,729] {processor.py:653} WARNING - No viable dags retrieved from /home/nayara/Documentos/airflowalura/venv/lib/python3.9/site-packages/airflow/example_dags/plugins/workday.py
[2022-10-27 22:30:55,751] {processor.py:161} INFO - Processing /home/nayara/Documentos/airflowalura/venv/lib/python3.9/site-packages/airflow/example_dags/plugins/workday.py took 0.069 seconds
[2022-10-27 22:31:37,623] {processor.py:153} INFO - Started process (PID=51406) to work on /home/nayara/Documentos/airflowalura/venv/lib/python3.9/site-packages/airflow/example_dags/plugins/workday.py
[2022-10-27 22:31:37,645] {processor.py:641} INFO - Processing file /home/nayara/Documentos/airflowalura/venv/lib/python3.9/site-packages/airflow/example_dags/plugins/workday.py for tasks to queue
[2022-10-27 22:31:37,646] {logging_mixin.py:115} INFO - [2022-10-27 22:31:37,646] {dagbag.py:507} INFO - Filling up the DagBag from /home/nayara/Documentos/airflowalura/venv/lib/python3.9/site-packages/airflow/example_dags/plugins/workday.py
[2022-10-27 22:31:37,653] {processor.py:653} WARNING - No viable dags retrieved from /home/nayara/Documentos/airflowalura/venv/lib/python3.9/site-packages/airflow/example_dags/plugins/workday.py
[2022-10-27 22:31:37,678] {processor.py:161} INFO - Processing /home/nayara/Documentos/airflowalura/venv/lib/python3.9/site-packages/airflow/example_dags/plugins/workday.py took 0.062 seconds
[2022-10-27 22:32:28,710] {processor.py:153} INFO - Started process (PID=51521) to work on /home/nayara/Documentos/airflowalura/venv/lib/python3.9/site-packages/airflow/example_dags/plugins/workday.py
[2022-10-27 22:32:28,751] {processor.py:641} INFO - Processing file /home/nayara/Documentos/airflowalura/venv/lib/python3.9/site-packages/airflow/example_dags/plugins/workday.py for tasks to queue
[2022-10-27 22:32:28,752] {logging_mixin.py:115} INFO - [2022-10-27 22:32:28,752] {dagbag.py:507} INFO - Filling up the DagBag from /home/nayara/Documentos/airflowalura/venv/lib/python3.9/site-packages/airflow/example_dags/plugins/workday.py
[2022-10-27 22:32:28,759] {processor.py:653} WARNING - No viable dags retrieved from /home/nayara/Documentos/airflowalura/venv/lib/python3.9/site-packages/airflow/example_dags/plugins/workday.py
[2022-10-27 22:32:28,795] {processor.py:161} INFO - Processing /home/nayara/Documentos/airflowalura/venv/lib/python3.9/site-packages/airflow/example_dags/plugins/workday.py took 0.094 seconds
[2022-10-27 22:33:15,412] {processor.py:153} INFO - Started process (PID=51617) to work on /home/nayara/Documentos/airflowalura/venv/lib/python3.9/site-packages/airflow/example_dags/plugins/workday.py
[2022-10-27 22:33:15,428] {processor.py:641} INFO - Processing file /home/nayara/Documentos/airflowalura/venv/lib/python3.9/site-packages/airflow/example_dags/plugins/workday.py for tasks to queue
[2022-10-27 22:33:15,429] {logging_mixin.py:115} INFO - [2022-10-27 22:33:15,429] {dagbag.py:507} INFO - Filling up the DagBag from /home/nayara/Documentos/airflowalura/venv/lib/python3.9/site-packages/airflow/example_dags/plugins/workday.py
[2022-10-27 22:33:15,432] {processor.py:653} WARNING - No viable dags retrieved from /home/nayara/Documentos/airflowalura/venv/lib/python3.9/site-packages/airflow/example_dags/plugins/workday.py
[2022-10-27 22:33:15,446] {processor.py:161} INFO - Processing /home/nayara/Documentos/airflowalura/venv/lib/python3.9/site-packages/airflow/example_dags/plugins/workday.py took 0.040 seconds
[2022-10-27 22:33:56,931] {processor.py:153} INFO - Started process (PID=51706) to work on /home/nayara/Documentos/airflowalura/venv/lib/python3.9/site-packages/airflow/example_dags/plugins/workday.py
[2022-10-27 22:33:56,934] {processor.py:641} INFO - Processing file /home/nayara/Documentos/airflowalura/venv/lib/python3.9/site-packages/airflow/example_dags/plugins/workday.py for tasks to queue
[2022-10-27 22:33:56,937] {logging_mixin.py:115} INFO - [2022-10-27 22:33:56,936] {dagbag.py:507} INFO - Filling up the DagBag from /home/nayara/Documentos/airflowalura/venv/lib/python3.9/site-packages/airflow/example_dags/plugins/workday.py
[2022-10-27 22:33:56,946] {processor.py:653} WARNING - No viable dags retrieved from /home/nayara/Documentos/airflowalura/venv/lib/python3.9/site-packages/airflow/example_dags/plugins/workday.py
[2022-10-27 22:33:56,973] {processor.py:161} INFO - Processing /home/nayara/Documentos/airflowalura/venv/lib/python3.9/site-packages/airflow/example_dags/plugins/workday.py took 0.061 seconds
[2022-10-27 22:34:34,793] {processor.py:153} INFO - Started process (PID=51769) to work on /home/nayara/Documentos/airflowalura/venv/lib/python3.9/site-packages/airflow/example_dags/plugins/workday.py
[2022-10-27 22:34:34,794] {processor.py:641} INFO - Processing file /home/nayara/Documentos/airflowalura/venv/lib/python3.9/site-packages/airflow/example_dags/plugins/workday.py for tasks to queue
[2022-10-27 22:34:34,794] {logging_mixin.py:115} INFO - [2022-10-27 22:34:34,794] {dagbag.py:507} INFO - Filling up the DagBag from /home/nayara/Documentos/airflowalura/venv/lib/python3.9/site-packages/airflow/example_dags/plugins/workday.py
[2022-10-27 22:34:34,797] {processor.py:653} WARNING - No viable dags retrieved from /home/nayara/Documentos/airflowalura/venv/lib/python3.9/site-packages/airflow/example_dags/plugins/workday.py
[2022-10-27 22:34:34,812] {processor.py:161} INFO - Processing /home/nayara/Documentos/airflowalura/venv/lib/python3.9/site-packages/airflow/example_dags/plugins/workday.py took 0.024 seconds
[2022-10-27 22:35:12,006] {processor.py:153} INFO - Started process (PID=51823) to work on /home/nayara/Documentos/airflowalura/venv/lib/python3.9/site-packages/airflow/example_dags/plugins/workday.py
[2022-10-27 22:35:12,021] {processor.py:641} INFO - Processing file /home/nayara/Documentos/airflowalura/venv/lib/python3.9/site-packages/airflow/example_dags/plugins/workday.py for tasks to queue
[2022-10-27 22:35:12,023] {logging_mixin.py:115} INFO - [2022-10-27 22:35:12,022] {dagbag.py:507} INFO - Filling up the DagBag from /home/nayara/Documentos/airflowalura/venv/lib/python3.9/site-packages/airflow/example_dags/plugins/workday.py
[2022-10-27 22:35:12,028] {processor.py:653} WARNING - No viable dags retrieved from /home/nayara/Documentos/airflowalura/venv/lib/python3.9/site-packages/airflow/example_dags/plugins/workday.py
[2022-10-27 22:35:12,048] {processor.py:161} INFO - Processing /home/nayara/Documentos/airflowalura/venv/lib/python3.9/site-packages/airflow/example_dags/plugins/workday.py took 0.056 seconds
[2022-10-27 22:35:51,392] {processor.py:153} INFO - Started process (PID=51886) to work on /home/nayara/Documentos/airflowalura/venv/lib/python3.9/site-packages/airflow/example_dags/plugins/workday.py
[2022-10-27 22:35:51,408] {processor.py:641} INFO - Processing file /home/nayara/Documentos/airflowalura/venv/lib/python3.9/site-packages/airflow/example_dags/plugins/workday.py for tasks to queue
[2022-10-27 22:35:51,409] {logging_mixin.py:115} INFO - [2022-10-27 22:35:51,409] {dagbag.py:507} INFO - Filling up the DagBag from /home/nayara/Documentos/airflowalura/venv/lib/python3.9/site-packages/airflow/example_dags/plugins/workday.py
[2022-10-27 22:35:51,412] {processor.py:653} WARNING - No viable dags retrieved from /home/nayara/Documentos/airflowalura/venv/lib/python3.9/site-packages/airflow/example_dags/plugins/workday.py
[2022-10-27 22:35:51,427] {processor.py:161} INFO - Processing /home/nayara/Documentos/airflowalura/venv/lib/python3.9/site-packages/airflow/example_dags/plugins/workday.py took 0.040 seconds
[2022-10-27 22:36:35,846] {processor.py:153} INFO - Started process (PID=52009) to work on /home/nayara/Documentos/airflowalura/venv/lib/python3.9/site-packages/airflow/example_dags/plugins/workday.py
[2022-10-27 22:36:35,878] {processor.py:641} INFO - Processing file /home/nayara/Documentos/airflowalura/venv/lib/python3.9/site-packages/airflow/example_dags/plugins/workday.py for tasks to queue
[2022-10-27 22:36:35,881] {logging_mixin.py:115} INFO - [2022-10-27 22:36:35,880] {dagbag.py:507} INFO - Filling up the DagBag from /home/nayara/Documentos/airflowalura/venv/lib/python3.9/site-packages/airflow/example_dags/plugins/workday.py
[2022-10-27 22:36:35,891] {processor.py:653} WARNING - No viable dags retrieved from /home/nayara/Documentos/airflowalura/venv/lib/python3.9/site-packages/airflow/example_dags/plugins/workday.py
[2022-10-27 22:36:35,964] {processor.py:161} INFO - Processing /home/nayara/Documentos/airflowalura/venv/lib/python3.9/site-packages/airflow/example_dags/plugins/workday.py took 0.124 seconds
[2022-10-27 22:37:35,397] {processor.py:153} INFO - Started process (PID=52321) to work on /home/nayara/Documentos/airflowalura/venv/lib/python3.9/site-packages/airflow/example_dags/plugins/workday.py
[2022-10-27 22:37:35,473] {processor.py:641} INFO - Processing file /home/nayara/Documentos/airflowalura/venv/lib/python3.9/site-packages/airflow/example_dags/plugins/workday.py for tasks to queue
[2022-10-27 22:37:35,475] {logging_mixin.py:115} INFO - [2022-10-27 22:37:35,475] {dagbag.py:507} INFO - Filling up the DagBag from /home/nayara/Documentos/airflowalura/venv/lib/python3.9/site-packages/airflow/example_dags/plugins/workday.py
[2022-10-27 22:37:35,486] {processor.py:653} WARNING - No viable dags retrieved from /home/nayara/Documentos/airflowalura/venv/lib/python3.9/site-packages/airflow/example_dags/plugins/workday.py
[2022-10-27 22:37:35,516] {processor.py:161} INFO - Processing /home/nayara/Documentos/airflowalura/venv/lib/python3.9/site-packages/airflow/example_dags/plugins/workday.py took 0.123 seconds
[2022-10-27 22:38:34,592] {processor.py:153} INFO - Started process (PID=52502) to work on /home/nayara/Documentos/airflowalura/venv/lib/python3.9/site-packages/airflow/example_dags/plugins/workday.py
[2022-10-27 22:38:34,604] {processor.py:641} INFO - Processing file /home/nayara/Documentos/airflowalura/venv/lib/python3.9/site-packages/airflow/example_dags/plugins/workday.py for tasks to queue
[2022-10-27 22:38:34,608] {logging_mixin.py:115} INFO - [2022-10-27 22:38:34,607] {dagbag.py:507} INFO - Filling up the DagBag from /home/nayara/Documentos/airflowalura/venv/lib/python3.9/site-packages/airflow/example_dags/plugins/workday.py
[2022-10-27 22:38:34,621] {processor.py:653} WARNING - No viable dags retrieved from /home/nayara/Documentos/airflowalura/venv/lib/python3.9/site-packages/airflow/example_dags/plugins/workday.py
[2022-10-27 22:38:34,651] {processor.py:161} INFO - Processing /home/nayara/Documentos/airflowalura/venv/lib/python3.9/site-packages/airflow/example_dags/plugins/workday.py took 0.077 seconds
[2022-10-27 22:39:14,076] {processor.py:153} INFO - Started process (PID=52581) to work on /home/nayara/Documentos/airflowalura/venv/lib/python3.9/site-packages/airflow/example_dags/plugins/workday.py
[2022-10-27 22:39:14,078] {processor.py:641} INFO - Processing file /home/nayara/Documentos/airflowalura/venv/lib/python3.9/site-packages/airflow/example_dags/plugins/workday.py for tasks to queue
[2022-10-27 22:39:14,080] {logging_mixin.py:115} INFO - [2022-10-27 22:39:14,080] {dagbag.py:507} INFO - Filling up the DagBag from /home/nayara/Documentos/airflowalura/venv/lib/python3.9/site-packages/airflow/example_dags/plugins/workday.py
[2022-10-27 22:39:14,089] {processor.py:653} WARNING - No viable dags retrieved from /home/nayara/Documentos/airflowalura/venv/lib/python3.9/site-packages/airflow/example_dags/plugins/workday.py
[2022-10-27 22:39:14,122] {processor.py:161} INFO - Processing /home/nayara/Documentos/airflowalura/venv/lib/python3.9/site-packages/airflow/example_dags/plugins/workday.py took 0.059 seconds
[2022-10-27 22:40:09,659] {processor.py:153} INFO - Started process (PID=52700) to work on /home/nayara/Documentos/airflowalura/venv/lib/python3.9/site-packages/airflow/example_dags/plugins/workday.py
[2022-10-27 22:40:09,684] {processor.py:641} INFO - Processing file /home/nayara/Documentos/airflowalura/venv/lib/python3.9/site-packages/airflow/example_dags/plugins/workday.py for tasks to queue
[2022-10-27 22:40:09,686] {logging_mixin.py:115} INFO - [2022-10-27 22:40:09,686] {dagbag.py:507} INFO - Filling up the DagBag from /home/nayara/Documentos/airflowalura/venv/lib/python3.9/site-packages/airflow/example_dags/plugins/workday.py
[2022-10-27 22:40:09,947] {processor.py:653} WARNING - No viable dags retrieved from /home/nayara/Documentos/airflowalura/venv/lib/python3.9/site-packages/airflow/example_dags/plugins/workday.py
[2022-10-27 22:40:10,099] {processor.py:161} INFO - Processing /home/nayara/Documentos/airflowalura/venv/lib/python3.9/site-packages/airflow/example_dags/plugins/workday.py took 0.456 seconds
[2022-10-27 22:40:57,888] {processor.py:153} INFO - Started process (PID=52775) to work on /home/nayara/Documentos/airflowalura/venv/lib/python3.9/site-packages/airflow/example_dags/plugins/workday.py
[2022-10-27 22:40:57,971] {processor.py:641} INFO - Processing file /home/nayara/Documentos/airflowalura/venv/lib/python3.9/site-packages/airflow/example_dags/plugins/workday.py for tasks to queue
[2022-10-27 22:40:57,975] {logging_mixin.py:115} INFO - [2022-10-27 22:40:57,974] {dagbag.py:507} INFO - Filling up the DagBag from /home/nayara/Documentos/airflowalura/venv/lib/python3.9/site-packages/airflow/example_dags/plugins/workday.py
[2022-10-27 22:40:57,991] {processor.py:653} WARNING - No viable dags retrieved from /home/nayara/Documentos/airflowalura/venv/lib/python3.9/site-packages/airflow/example_dags/plugins/workday.py
[2022-10-27 22:40:58,049] {processor.py:161} INFO - Processing /home/nayara/Documentos/airflowalura/venv/lib/python3.9/site-packages/airflow/example_dags/plugins/workday.py took 0.173 seconds
[2022-10-27 22:41:38,123] {processor.py:153} INFO - Started process (PID=52854) to work on /home/nayara/Documentos/airflowalura/venv/lib/python3.9/site-packages/airflow/example_dags/plugins/workday.py
[2022-10-27 22:41:38,168] {processor.py:641} INFO - Processing file /home/nayara/Documentos/airflowalura/venv/lib/python3.9/site-packages/airflow/example_dags/plugins/workday.py for tasks to queue
[2022-10-27 22:41:38,169] {logging_mixin.py:115} INFO - [2022-10-27 22:41:38,169] {dagbag.py:507} INFO - Filling up the DagBag from /home/nayara/Documentos/airflowalura/venv/lib/python3.9/site-packages/airflow/example_dags/plugins/workday.py
[2022-10-27 22:41:38,173] {processor.py:653} WARNING - No viable dags retrieved from /home/nayara/Documentos/airflowalura/venv/lib/python3.9/site-packages/airflow/example_dags/plugins/workday.py
[2022-10-27 22:41:38,204] {processor.py:161} INFO - Processing /home/nayara/Documentos/airflowalura/venv/lib/python3.9/site-packages/airflow/example_dags/plugins/workday.py took 0.086 seconds
[2022-10-27 22:42:21,877] {processor.py:153} INFO - Started process (PID=52962) to work on /home/nayara/Documentos/airflowalura/venv/lib/python3.9/site-packages/airflow/example_dags/plugins/workday.py
[2022-10-27 22:42:21,879] {processor.py:641} INFO - Processing file /home/nayara/Documentos/airflowalura/venv/lib/python3.9/site-packages/airflow/example_dags/plugins/workday.py for tasks to queue
[2022-10-27 22:42:21,880] {logging_mixin.py:115} INFO - [2022-10-27 22:42:21,880] {dagbag.py:507} INFO - Filling up the DagBag from /home/nayara/Documentos/airflowalura/venv/lib/python3.9/site-packages/airflow/example_dags/plugins/workday.py
[2022-10-27 22:42:21,885] {processor.py:653} WARNING - No viable dags retrieved from /home/nayara/Documentos/airflowalura/venv/lib/python3.9/site-packages/airflow/example_dags/plugins/workday.py
[2022-10-27 22:42:21,900] {processor.py:161} INFO - Processing /home/nayara/Documentos/airflowalura/venv/lib/python3.9/site-packages/airflow/example_dags/plugins/workday.py took 0.037 seconds
[2022-10-27 22:43:00,078] {processor.py:153} INFO - Started process (PID=53020) to work on /home/nayara/Documentos/airflowalura/venv/lib/python3.9/site-packages/airflow/example_dags/plugins/workday.py
[2022-10-27 22:43:00,080] {processor.py:641} INFO - Processing file /home/nayara/Documentos/airflowalura/venv/lib/python3.9/site-packages/airflow/example_dags/plugins/workday.py for tasks to queue
[2022-10-27 22:43:00,081] {logging_mixin.py:115} INFO - [2022-10-27 22:43:00,081] {dagbag.py:507} INFO - Filling up the DagBag from /home/nayara/Documentos/airflowalura/venv/lib/python3.9/site-packages/airflow/example_dags/plugins/workday.py
[2022-10-27 22:43:00,085] {processor.py:653} WARNING - No viable dags retrieved from /home/nayara/Documentos/airflowalura/venv/lib/python3.9/site-packages/airflow/example_dags/plugins/workday.py
[2022-10-27 22:43:00,101] {processor.py:161} INFO - Processing /home/nayara/Documentos/airflowalura/venv/lib/python3.9/site-packages/airflow/example_dags/plugins/workday.py took 0.035 seconds
[2022-10-27 22:43:49,510] {processor.py:153} INFO - Started process (PID=53136) to work on /home/nayara/Documentos/airflowalura/venv/lib/python3.9/site-packages/airflow/example_dags/plugins/workday.py
[2022-10-27 22:43:49,527] {processor.py:641} INFO - Processing file /home/nayara/Documentos/airflowalura/venv/lib/python3.9/site-packages/airflow/example_dags/plugins/workday.py for tasks to queue
[2022-10-27 22:43:49,531] {logging_mixin.py:115} INFO - [2022-10-27 22:43:49,530] {dagbag.py:507} INFO - Filling up the DagBag from /home/nayara/Documentos/airflowalura/venv/lib/python3.9/site-packages/airflow/example_dags/plugins/workday.py
[2022-10-27 22:43:49,542] {processor.py:653} WARNING - No viable dags retrieved from /home/nayara/Documentos/airflowalura/venv/lib/python3.9/site-packages/airflow/example_dags/plugins/workday.py
[2022-10-27 22:43:49,600] {processor.py:161} INFO - Processing /home/nayara/Documentos/airflowalura/venv/lib/python3.9/site-packages/airflow/example_dags/plugins/workday.py took 0.096 seconds
[2022-10-27 22:44:33,858] {processor.py:153} INFO - Started process (PID=53244) to work on /home/nayara/Documentos/airflowalura/venv/lib/python3.9/site-packages/airflow/example_dags/plugins/workday.py
[2022-10-27 22:44:33,942] {processor.py:641} INFO - Processing file /home/nayara/Documentos/airflowalura/venv/lib/python3.9/site-packages/airflow/example_dags/plugins/workday.py for tasks to queue
[2022-10-27 22:44:33,944] {logging_mixin.py:115} INFO - [2022-10-27 22:44:33,944] {dagbag.py:507} INFO - Filling up the DagBag from /home/nayara/Documentos/airflowalura/venv/lib/python3.9/site-packages/airflow/example_dags/plugins/workday.py
[2022-10-27 22:44:33,953] {processor.py:653} WARNING - No viable dags retrieved from /home/nayara/Documentos/airflowalura/venv/lib/python3.9/site-packages/airflow/example_dags/plugins/workday.py
[2022-10-27 22:44:34,016] {processor.py:161} INFO - Processing /home/nayara/Documentos/airflowalura/venv/lib/python3.9/site-packages/airflow/example_dags/plugins/workday.py took 0.163 seconds
[2022-10-27 22:45:12,517] {processor.py:153} INFO - Started process (PID=53358) to work on /home/nayara/Documentos/airflowalura/venv/lib/python3.9/site-packages/airflow/example_dags/plugins/workday.py
[2022-10-27 22:45:12,625] {processor.py:641} INFO - Processing file /home/nayara/Documentos/airflowalura/venv/lib/python3.9/site-packages/airflow/example_dags/plugins/workday.py for tasks to queue
[2022-10-27 22:45:12,627] {logging_mixin.py:115} INFO - [2022-10-27 22:45:12,626] {dagbag.py:507} INFO - Filling up the DagBag from /home/nayara/Documentos/airflowalura/venv/lib/python3.9/site-packages/airflow/example_dags/plugins/workday.py
[2022-10-27 22:45:12,633] {processor.py:653} WARNING - No viable dags retrieved from /home/nayara/Documentos/airflowalura/venv/lib/python3.9/site-packages/airflow/example_dags/plugins/workday.py
[2022-10-27 22:45:12,674] {processor.py:161} INFO - Processing /home/nayara/Documentos/airflowalura/venv/lib/python3.9/site-packages/airflow/example_dags/plugins/workday.py took 0.176 seconds
[2022-10-27 22:46:10,368] {processor.py:153} INFO - Started process (PID=53468) to work on /home/nayara/Documentos/airflowalura/venv/lib/python3.9/site-packages/airflow/example_dags/plugins/workday.py
[2022-10-27 22:46:10,394] {processor.py:641} INFO - Processing file /home/nayara/Documentos/airflowalura/venv/lib/python3.9/site-packages/airflow/example_dags/plugins/workday.py for tasks to queue
[2022-10-27 22:46:10,395] {logging_mixin.py:115} INFO - [2022-10-27 22:46:10,395] {dagbag.py:507} INFO - Filling up the DagBag from /home/nayara/Documentos/airflowalura/venv/lib/python3.9/site-packages/airflow/example_dags/plugins/workday.py
[2022-10-27 22:46:10,398] {processor.py:653} WARNING - No viable dags retrieved from /home/nayara/Documentos/airflowalura/venv/lib/python3.9/site-packages/airflow/example_dags/plugins/workday.py
[2022-10-27 22:46:10,417] {processor.py:161} INFO - Processing /home/nayara/Documentos/airflowalura/venv/lib/python3.9/site-packages/airflow/example_dags/plugins/workday.py took 0.054 seconds
[2022-10-27 22:46:55,371] {processor.py:153} INFO - Started process (PID=53583) to work on /home/nayara/Documentos/airflowalura/venv/lib/python3.9/site-packages/airflow/example_dags/plugins/workday.py
[2022-10-27 22:46:55,395] {processor.py:641} INFO - Processing file /home/nayara/Documentos/airflowalura/venv/lib/python3.9/site-packages/airflow/example_dags/plugins/workday.py for tasks to queue
[2022-10-27 22:46:55,397] {logging_mixin.py:115} INFO - [2022-10-27 22:46:55,396] {dagbag.py:507} INFO - Filling up the DagBag from /home/nayara/Documentos/airflowalura/venv/lib/python3.9/site-packages/airflow/example_dags/plugins/workday.py
[2022-10-27 22:46:55,401] {processor.py:653} WARNING - No viable dags retrieved from /home/nayara/Documentos/airflowalura/venv/lib/python3.9/site-packages/airflow/example_dags/plugins/workday.py
[2022-10-27 22:46:55,424] {processor.py:161} INFO - Processing /home/nayara/Documentos/airflowalura/venv/lib/python3.9/site-packages/airflow/example_dags/plugins/workday.py took 0.063 seconds
[2022-10-27 22:47:46,561] {processor.py:153} INFO - Started process (PID=53695) to work on /home/nayara/Documentos/airflowalura/venv/lib/python3.9/site-packages/airflow/example_dags/plugins/workday.py
[2022-10-27 22:47:46,608] {processor.py:641} INFO - Processing file /home/nayara/Documentos/airflowalura/venv/lib/python3.9/site-packages/airflow/example_dags/plugins/workday.py for tasks to queue
[2022-10-27 22:47:46,609] {logging_mixin.py:115} INFO - [2022-10-27 22:47:46,609] {dagbag.py:507} INFO - Filling up the DagBag from /home/nayara/Documentos/airflowalura/venv/lib/python3.9/site-packages/airflow/example_dags/plugins/workday.py
[2022-10-27 22:47:46,613] {processor.py:653} WARNING - No viable dags retrieved from /home/nayara/Documentos/airflowalura/venv/lib/python3.9/site-packages/airflow/example_dags/plugins/workday.py
[2022-10-27 22:47:46,640] {processor.py:161} INFO - Processing /home/nayara/Documentos/airflowalura/venv/lib/python3.9/site-packages/airflow/example_dags/plugins/workday.py took 0.085 seconds
[2022-10-27 22:48:32,414] {processor.py:153} INFO - Started process (PID=53778) to work on /home/nayara/Documentos/airflowalura/venv/lib/python3.9/site-packages/airflow/example_dags/plugins/workday.py
[2022-10-27 22:48:32,417] {processor.py:641} INFO - Processing file /home/nayara/Documentos/airflowalura/venv/lib/python3.9/site-packages/airflow/example_dags/plugins/workday.py for tasks to queue
[2022-10-27 22:48:32,419] {logging_mixin.py:115} INFO - [2022-10-27 22:48:32,418] {dagbag.py:507} INFO - Filling up the DagBag from /home/nayara/Documentos/airflowalura/venv/lib/python3.9/site-packages/airflow/example_dags/plugins/workday.py
[2022-10-27 22:48:32,426] {processor.py:653} WARNING - No viable dags retrieved from /home/nayara/Documentos/airflowalura/venv/lib/python3.9/site-packages/airflow/example_dags/plugins/workday.py
[2022-10-27 22:48:32,452] {processor.py:161} INFO - Processing /home/nayara/Documentos/airflowalura/venv/lib/python3.9/site-packages/airflow/example_dags/plugins/workday.py took 0.056 seconds
[2022-10-27 22:49:14,975] {processor.py:153} INFO - Started process (PID=53875) to work on /home/nayara/Documentos/airflowalura/venv/lib/python3.9/site-packages/airflow/example_dags/plugins/workday.py
[2022-10-27 22:49:14,977] {processor.py:641} INFO - Processing file /home/nayara/Documentos/airflowalura/venv/lib/python3.9/site-packages/airflow/example_dags/plugins/workday.py for tasks to queue
[2022-10-27 22:49:14,979] {logging_mixin.py:115} INFO - [2022-10-27 22:49:14,978] {dagbag.py:507} INFO - Filling up the DagBag from /home/nayara/Documentos/airflowalura/venv/lib/python3.9/site-packages/airflow/example_dags/plugins/workday.py
[2022-10-27 22:49:14,986] {processor.py:653} WARNING - No viable dags retrieved from /home/nayara/Documentos/airflowalura/venv/lib/python3.9/site-packages/airflow/example_dags/plugins/workday.py
[2022-10-27 22:49:15,005] {processor.py:161} INFO - Processing /home/nayara/Documentos/airflowalura/venv/lib/python3.9/site-packages/airflow/example_dags/plugins/workday.py took 0.044 seconds
[2022-10-27 22:49:57,654] {processor.py:153} INFO - Started process (PID=53955) to work on /home/nayara/Documentos/airflowalura/venv/lib/python3.9/site-packages/airflow/example_dags/plugins/workday.py
[2022-10-27 22:49:57,692] {processor.py:641} INFO - Processing file /home/nayara/Documentos/airflowalura/venv/lib/python3.9/site-packages/airflow/example_dags/plugins/workday.py for tasks to queue
[2022-10-27 22:49:57,693] {logging_mixin.py:115} INFO - [2022-10-27 22:49:57,693] {dagbag.py:507} INFO - Filling up the DagBag from /home/nayara/Documentos/airflowalura/venv/lib/python3.9/site-packages/airflow/example_dags/plugins/workday.py
[2022-10-27 22:49:57,699] {processor.py:653} WARNING - No viable dags retrieved from /home/nayara/Documentos/airflowalura/venv/lib/python3.9/site-packages/airflow/example_dags/plugins/workday.py
[2022-10-27 22:49:57,733] {processor.py:161} INFO - Processing /home/nayara/Documentos/airflowalura/venv/lib/python3.9/site-packages/airflow/example_dags/plugins/workday.py took 0.089 seconds
[2022-10-27 22:50:43,786] {processor.py:153} INFO - Started process (PID=54040) to work on /home/nayara/Documentos/airflowalura/venv/lib/python3.9/site-packages/airflow/example_dags/plugins/workday.py
[2022-10-27 22:50:43,807] {processor.py:641} INFO - Processing file /home/nayara/Documentos/airflowalura/venv/lib/python3.9/site-packages/airflow/example_dags/plugins/workday.py for tasks to queue
[2022-10-27 22:50:43,811] {logging_mixin.py:115} INFO - [2022-10-27 22:50:43,810] {dagbag.py:507} INFO - Filling up the DagBag from /home/nayara/Documentos/airflowalura/venv/lib/python3.9/site-packages/airflow/example_dags/plugins/workday.py
[2022-10-27 22:50:43,823] {processor.py:653} WARNING - No viable dags retrieved from /home/nayara/Documentos/airflowalura/venv/lib/python3.9/site-packages/airflow/example_dags/plugins/workday.py
[2022-10-27 22:50:43,862] {processor.py:161} INFO - Processing /home/nayara/Documentos/airflowalura/venv/lib/python3.9/site-packages/airflow/example_dags/plugins/workday.py took 0.094 seconds
[2022-10-27 22:51:29,804] {processor.py:153} INFO - Started process (PID=54121) to work on /home/nayara/Documentos/airflowalura/venv/lib/python3.9/site-packages/airflow/example_dags/plugins/workday.py
[2022-10-27 22:51:29,827] {processor.py:641} INFO - Processing file /home/nayara/Documentos/airflowalura/venv/lib/python3.9/site-packages/airflow/example_dags/plugins/workday.py for tasks to queue
[2022-10-27 22:51:29,828] {logging_mixin.py:115} INFO - [2022-10-27 22:51:29,828] {dagbag.py:507} INFO - Filling up the DagBag from /home/nayara/Documentos/airflowalura/venv/lib/python3.9/site-packages/airflow/example_dags/plugins/workday.py
[2022-10-27 22:51:29,836] {processor.py:653} WARNING - No viable dags retrieved from /home/nayara/Documentos/airflowalura/venv/lib/python3.9/site-packages/airflow/example_dags/plugins/workday.py
[2022-10-27 22:51:29,882] {processor.py:161} INFO - Processing /home/nayara/Documentos/airflowalura/venv/lib/python3.9/site-packages/airflow/example_dags/plugins/workday.py took 0.084 seconds
[2022-10-27 22:52:24,070] {processor.py:153} INFO - Started process (PID=54232) to work on /home/nayara/Documentos/airflowalura/venv/lib/python3.9/site-packages/airflow/example_dags/plugins/workday.py
[2022-10-27 22:52:24,085] {processor.py:641} INFO - Processing file /home/nayara/Documentos/airflowalura/venv/lib/python3.9/site-packages/airflow/example_dags/plugins/workday.py for tasks to queue
[2022-10-27 22:52:24,086] {logging_mixin.py:115} INFO - [2022-10-27 22:52:24,086] {dagbag.py:507} INFO - Filling up the DagBag from /home/nayara/Documentos/airflowalura/venv/lib/python3.9/site-packages/airflow/example_dags/plugins/workday.py
[2022-10-27 22:52:24,091] {processor.py:653} WARNING - No viable dags retrieved from /home/nayara/Documentos/airflowalura/venv/lib/python3.9/site-packages/airflow/example_dags/plugins/workday.py
[2022-10-27 22:52:24,109] {processor.py:161} INFO - Processing /home/nayara/Documentos/airflowalura/venv/lib/python3.9/site-packages/airflow/example_dags/plugins/workday.py took 0.048 seconds
[2022-10-27 22:53:14,262] {processor.py:153} INFO - Started process (PID=54320) to work on /home/nayara/Documentos/airflowalura/venv/lib/python3.9/site-packages/airflow/example_dags/plugins/workday.py
[2022-10-27 22:53:14,266] {processor.py:641} INFO - Processing file /home/nayara/Documentos/airflowalura/venv/lib/python3.9/site-packages/airflow/example_dags/plugins/workday.py for tasks to queue
[2022-10-27 22:53:14,269] {logging_mixin.py:115} INFO - [2022-10-27 22:53:14,268] {dagbag.py:507} INFO - Filling up the DagBag from /home/nayara/Documentos/airflowalura/venv/lib/python3.9/site-packages/airflow/example_dags/plugins/workday.py
[2022-10-27 22:53:14,280] {processor.py:653} WARNING - No viable dags retrieved from /home/nayara/Documentos/airflowalura/venv/lib/python3.9/site-packages/airflow/example_dags/plugins/workday.py
[2022-10-27 22:53:14,315] {processor.py:161} INFO - Processing /home/nayara/Documentos/airflowalura/venv/lib/python3.9/site-packages/airflow/example_dags/plugins/workday.py took 0.073 seconds
[2022-10-27 22:53:58,864] {processor.py:153} INFO - Started process (PID=54412) to work on /home/nayara/Documentos/airflowalura/venv/lib/python3.9/site-packages/airflow/example_dags/plugins/workday.py
[2022-10-27 22:53:58,889] {processor.py:641} INFO - Processing file /home/nayara/Documentos/airflowalura/venv/lib/python3.9/site-packages/airflow/example_dags/plugins/workday.py for tasks to queue
[2022-10-27 22:53:58,894] {logging_mixin.py:115} INFO - [2022-10-27 22:53:58,894] {dagbag.py:507} INFO - Filling up the DagBag from /home/nayara/Documentos/airflowalura/venv/lib/python3.9/site-packages/airflow/example_dags/plugins/workday.py
[2022-10-27 22:53:58,904] {processor.py:653} WARNING - No viable dags retrieved from /home/nayara/Documentos/airflowalura/venv/lib/python3.9/site-packages/airflow/example_dags/plugins/workday.py
[2022-10-27 22:53:58,929] {processor.py:161} INFO - Processing /home/nayara/Documentos/airflowalura/venv/lib/python3.9/site-packages/airflow/example_dags/plugins/workday.py took 0.083 seconds
[2022-10-27 22:54:49,715] {processor.py:153} INFO - Started process (PID=54511) to work on /home/nayara/Documentos/airflowalura/venv/lib/python3.9/site-packages/airflow/example_dags/plugins/workday.py
[2022-10-27 22:54:49,729] {processor.py:641} INFO - Processing file /home/nayara/Documentos/airflowalura/venv/lib/python3.9/site-packages/airflow/example_dags/plugins/workday.py for tasks to queue
[2022-10-27 22:54:49,730] {logging_mixin.py:115} INFO - [2022-10-27 22:54:49,730] {dagbag.py:507} INFO - Filling up the DagBag from /home/nayara/Documentos/airflowalura/venv/lib/python3.9/site-packages/airflow/example_dags/plugins/workday.py
[2022-10-27 22:54:49,735] {processor.py:653} WARNING - No viable dags retrieved from /home/nayara/Documentos/airflowalura/venv/lib/python3.9/site-packages/airflow/example_dags/plugins/workday.py
[2022-10-27 22:54:49,755] {processor.py:161} INFO - Processing /home/nayara/Documentos/airflowalura/venv/lib/python3.9/site-packages/airflow/example_dags/plugins/workday.py took 0.045 seconds
[2022-10-27 22:55:42,666] {processor.py:153} INFO - Started process (PID=54618) to work on /home/nayara/Documentos/airflowalura/venv/lib/python3.9/site-packages/airflow/example_dags/plugins/workday.py
[2022-10-27 22:55:42,680] {processor.py:641} INFO - Processing file /home/nayara/Documentos/airflowalura/venv/lib/python3.9/site-packages/airflow/example_dags/plugins/workday.py for tasks to queue
[2022-10-27 22:55:42,681] {logging_mixin.py:115} INFO - [2022-10-27 22:55:42,681] {dagbag.py:507} INFO - Filling up the DagBag from /home/nayara/Documentos/airflowalura/venv/lib/python3.9/site-packages/airflow/example_dags/plugins/workday.py
[2022-10-27 22:55:42,685] {processor.py:653} WARNING - No viable dags retrieved from /home/nayara/Documentos/airflowalura/venv/lib/python3.9/site-packages/airflow/example_dags/plugins/workday.py
[2022-10-27 22:55:42,706] {processor.py:161} INFO - Processing /home/nayara/Documentos/airflowalura/venv/lib/python3.9/site-packages/airflow/example_dags/plugins/workday.py took 0.049 seconds
[2022-10-27 22:56:32,807] {processor.py:153} INFO - Started process (PID=54726) to work on /home/nayara/Documentos/airflowalura/venv/lib/python3.9/site-packages/airflow/example_dags/plugins/workday.py
[2022-10-27 22:56:32,824] {processor.py:641} INFO - Processing file /home/nayara/Documentos/airflowalura/venv/lib/python3.9/site-packages/airflow/example_dags/plugins/workday.py for tasks to queue
[2022-10-27 22:56:32,825] {logging_mixin.py:115} INFO - [2022-10-27 22:56:32,825] {dagbag.py:507} INFO - Filling up the DagBag from /home/nayara/Documentos/airflowalura/venv/lib/python3.9/site-packages/airflow/example_dags/plugins/workday.py
[2022-10-27 22:56:32,827] {processor.py:653} WARNING - No viable dags retrieved from /home/nayara/Documentos/airflowalura/venv/lib/python3.9/site-packages/airflow/example_dags/plugins/workday.py
[2022-10-27 22:56:32,842] {processor.py:161} INFO - Processing /home/nayara/Documentos/airflowalura/venv/lib/python3.9/site-packages/airflow/example_dags/plugins/workday.py took 0.040 seconds
