[2022-11-01 22:37:24,122] {taskinstance.py:1159} INFO - Dependencies all met for <TaskInstance: dados_climaticos.cria_pasta scheduled__2022-11-01T00:00:00+00:00 [queued]>
[2022-11-01 22:37:24,137] {taskinstance.py:1159} INFO - Dependencies all met for <TaskInstance: dados_climaticos.cria_pasta scheduled__2022-11-01T00:00:00+00:00 [queued]>
[2022-11-01 22:37:24,138] {taskinstance.py:1356} INFO - 
--------------------------------------------------------------------------------
[2022-11-01 22:37:24,138] {taskinstance.py:1357} INFO - Starting attempt 1 of 1
[2022-11-01 22:37:24,138] {taskinstance.py:1358} INFO - 
--------------------------------------------------------------------------------
[2022-11-01 22:37:25,457] {taskinstance.py:1377} INFO - Executing <Task(BashOperator): cria_pasta> on 2022-11-01 00:00:00+00:00
[2022-11-01 22:37:25,462] {standard_task_runner.py:52} INFO - Started process 17522 to run task
[2022-11-01 22:37:25,470] {standard_task_runner.py:79} INFO - Running: ['airflow', 'tasks', 'run', 'dados_climaticos', 'cria_pasta', 'scheduled__2022-11-01T00:00:00+00:00', '--job-id', '20', '--raw', '--subdir', 'DAGS_FOLDER/dados_climaticos.py', '--cfg-path', '/tmp/tmpt8ioslfc', '--error-file', '/tmp/tmpsdk3poe7']
[2022-11-01 22:37:25,472] {standard_task_runner.py:80} INFO - Job 20: Subtask cria_pasta
[2022-11-01 22:37:29,407] {task_command.py:370} INFO - Running <TaskInstance: dados_climaticos.cria_pasta scheduled__2022-11-01T00:00:00+00:00 [running]> on host nayara-S14SL01
[2022-11-01 22:37:32,509] {taskinstance.py:1569} INFO - Exporting the following env vars:
AIRFLOW_CTX_DAG_OWNER=airflow
AIRFLOW_CTX_DAG_ID=dados_climaticos
AIRFLOW_CTX_TASK_ID=cria_pasta
AIRFLOW_CTX_EXECUTION_DATE=2022-11-01T00:00:00+00:00
AIRFLOW_CTX_TRY_NUMBER=1
AIRFLOW_CTX_DAG_RUN_ID=scheduled__2022-11-01T00:00:00+00:00
[2022-11-01 22:37:32,511] {subprocess.py:62} INFO - Tmp dir root location: 
 /tmp
[2022-11-01 22:37:32,532] {subprocess.py:74} INFO - Running command: ['bash', '-c', 'mkdir -p "/home/nayara/Documentos/airflowalura/semana=2022-11-02"']
[2022-11-01 22:37:33,129] {subprocess.py:85} INFO - Output:
[2022-11-01 22:37:34,771] {subprocess.py:96} INFO - Command exited with return code 0
[2022-11-01 22:37:36,304] {taskinstance.py:1395} INFO - Marking task as SUCCESS. dag_id=dados_climaticos, task_id=cria_pasta, execution_date=20221101T000000, start_date=20221102T013724, end_date=20221102T013736
[2022-11-01 22:37:39,065] {local_task_job.py:156} INFO - Task exited with return code 0
[2022-11-01 22:37:40,261] {local_task_job.py:273} INFO - 1 downstream tasks scheduled from follow-on schedule check
