[2022-11-01 22:40:08,674] {processor.py:153} INFO - Started process (PID=17708) to work on /home/nayara/Documentos/airflowalura/dags/atividade_aula_4.py
[2022-11-01 22:40:08,675] {processor.py:641} INFO - Processing file /home/nayara/Documentos/airflowalura/dags/atividade_aula_4.py for tasks to queue
[2022-11-01 22:40:08,678] {logging_mixin.py:115} INFO - [2022-11-01 22:40:08,678] {dagbag.py:507} INFO - Filling up the DagBag from /home/nayara/Documentos/airflowalura/dags/atividade_aula_4.py
[2022-11-01 22:40:09,192] {processor.py:651} INFO - DAG(s) dict_keys(['atividade_aula_4']) retrieved from /home/nayara/Documentos/airflowalura/dags/atividade_aula_4.py
[2022-11-01 22:40:09,507] {logging_mixin.py:115} INFO - [2022-11-01 22:40:09,507] {dag.py:2379} INFO - Sync 1 DAGs
[2022-11-01 22:40:09,525] {logging_mixin.py:115} INFO - [2022-11-01 22:40:09,525] {dag.py:2927} INFO - Setting next_dagrun for atividade_aula_4 to 2022-11-01T00:00:00+00:00, run_after=2022-11-02T00:00:00+00:00
[2022-11-01 22:40:09,762] {processor.py:161} INFO - Processing /home/nayara/Documentos/airflowalura/dags/atividade_aula_4.py took 1.103 seconds
[2022-11-01 22:42:34,989] {processor.py:153} INFO - Started process (PID=17945) to work on /home/nayara/Documentos/airflowalura/dags/atividade_aula_4.py
[2022-11-01 22:42:35,157] {processor.py:641} INFO - Processing file /home/nayara/Documentos/airflowalura/dags/atividade_aula_4.py for tasks to queue
[2022-11-01 22:42:35,159] {logging_mixin.py:115} INFO - [2022-11-01 22:42:35,159] {dagbag.py:507} INFO - Filling up the DagBag from /home/nayara/Documentos/airflowalura/dags/atividade_aula_4.py
[2022-11-01 22:42:35,407] {processor.py:651} INFO - DAG(s) dict_keys(['atividade_aula_4']) retrieved from /home/nayara/Documentos/airflowalura/dags/atividade_aula_4.py
[2022-11-01 22:42:35,458] {logging_mixin.py:115} INFO - [2022-11-01 22:42:35,458] {dag.py:2379} INFO - Sync 1 DAGs
[2022-11-01 22:42:35,494] {logging_mixin.py:115} INFO - [2022-11-01 22:42:35,494] {dag.py:2927} INFO - Setting next_dagrun for atividade_aula_4 to 2022-11-01T00:00:00+00:00, run_after=2022-11-02T00:00:00+00:00
[2022-11-01 22:42:36,143] {processor.py:161} INFO - Processing /home/nayara/Documentos/airflowalura/dags/atividade_aula_4.py took 1.160 seconds
[2022-11-01 22:43:36,027] {processor.py:153} INFO - Started process (PID=18030) to work on /home/nayara/Documentos/airflowalura/dags/atividade_aula_4.py
[2022-11-01 22:43:36,038] {processor.py:641} INFO - Processing file /home/nayara/Documentos/airflowalura/dags/atividade_aula_4.py for tasks to queue
[2022-11-01 22:43:36,040] {logging_mixin.py:115} INFO - [2022-11-01 22:43:36,039] {dagbag.py:507} INFO - Filling up the DagBag from /home/nayara/Documentos/airflowalura/dags/atividade_aula_4.py
[2022-11-01 22:43:36,060] {processor.py:651} INFO - DAG(s) dict_keys(['atividade_aula_4']) retrieved from /home/nayara/Documentos/airflowalura/dags/atividade_aula_4.py
[2022-11-01 22:43:36,102] {logging_mixin.py:115} INFO - [2022-11-01 22:43:36,102] {dag.py:2379} INFO - Sync 1 DAGs
[2022-11-01 22:43:36,144] {logging_mixin.py:115} INFO - [2022-11-01 22:43:36,144] {dag.py:2927} INFO - Setting next_dagrun for atividade_aula_4 to 2022-11-01T00:00:00+00:00, run_after=2022-11-02T00:00:00+00:00
[2022-11-01 22:43:36,437] {processor.py:161} INFO - Processing /home/nayara/Documentos/airflowalura/dags/atividade_aula_4.py took 0.414 seconds
[2022-11-01 22:44:23,559] {processor.py:153} INFO - Started process (PID=18112) to work on /home/nayara/Documentos/airflowalura/dags/atividade_aula_4.py
[2022-11-01 22:44:23,560] {processor.py:641} INFO - Processing file /home/nayara/Documentos/airflowalura/dags/atividade_aula_4.py for tasks to queue
[2022-11-01 22:44:23,563] {logging_mixin.py:115} INFO - [2022-11-01 22:44:23,562] {dagbag.py:507} INFO - Filling up the DagBag from /home/nayara/Documentos/airflowalura/dags/atividade_aula_4.py
[2022-11-01 22:44:23,633] {processor.py:651} INFO - DAG(s) dict_keys(['atividade_aula_4']) retrieved from /home/nayara/Documentos/airflowalura/dags/atividade_aula_4.py
[2022-11-01 22:44:23,907] {logging_mixin.py:115} INFO - [2022-11-01 22:44:23,907] {dag.py:2379} INFO - Sync 1 DAGs
[2022-11-01 22:44:23,974] {logging_mixin.py:115} INFO - [2022-11-01 22:44:23,974] {dag.py:2927} INFO - Setting next_dagrun for atividade_aula_4 to 2022-11-01T00:00:00+00:00, run_after=2022-11-02T00:00:00+00:00
[2022-11-01 22:44:24,190] {processor.py:161} INFO - Processing /home/nayara/Documentos/airflowalura/dags/atividade_aula_4.py took 0.636 seconds
[2022-11-01 22:45:02,582] {processor.py:153} INFO - Started process (PID=18176) to work on /home/nayara/Documentos/airflowalura/dags/atividade_aula_4.py
[2022-11-01 22:45:02,604] {processor.py:641} INFO - Processing file /home/nayara/Documentos/airflowalura/dags/atividade_aula_4.py for tasks to queue
[2022-11-01 22:45:02,606] {logging_mixin.py:115} INFO - [2022-11-01 22:45:02,605] {dagbag.py:507} INFO - Filling up the DagBag from /home/nayara/Documentos/airflowalura/dags/atividade_aula_4.py
[2022-11-01 22:45:02,624] {processor.py:651} INFO - DAG(s) dict_keys(['atividade_aula_4']) retrieved from /home/nayara/Documentos/airflowalura/dags/atividade_aula_4.py
[2022-11-01 22:45:02,666] {logging_mixin.py:115} INFO - [2022-11-01 22:45:02,666] {dag.py:2379} INFO - Sync 1 DAGs
[2022-11-01 22:45:02,709] {logging_mixin.py:115} INFO - [2022-11-01 22:45:02,709] {dag.py:2927} INFO - Setting next_dagrun for atividade_aula_4 to 2022-11-01T00:00:00+00:00, run_after=2022-11-02T00:00:00+00:00
[2022-11-01 22:45:02,952] {processor.py:161} INFO - Processing /home/nayara/Documentos/airflowalura/dags/atividade_aula_4.py took 0.378 seconds
[2022-11-01 22:46:01,439] {processor.py:153} INFO - Started process (PID=18276) to work on /home/nayara/Documentos/airflowalura/dags/atividade_aula_4.py
[2022-11-01 22:46:01,441] {processor.py:641} INFO - Processing file /home/nayara/Documentos/airflowalura/dags/atividade_aula_4.py for tasks to queue
[2022-11-01 22:46:01,443] {logging_mixin.py:115} INFO - [2022-11-01 22:46:01,442] {dagbag.py:507} INFO - Filling up the DagBag from /home/nayara/Documentos/airflowalura/dags/atividade_aula_4.py
[2022-11-01 22:46:01,471] {processor.py:651} INFO - DAG(s) dict_keys(['atividade_aula_4']) retrieved from /home/nayara/Documentos/airflowalura/dags/atividade_aula_4.py
[2022-11-01 22:46:01,522] {logging_mixin.py:115} INFO - [2022-11-01 22:46:01,522] {dag.py:2379} INFO - Sync 1 DAGs
[2022-11-01 22:46:01,559] {logging_mixin.py:115} INFO - [2022-11-01 22:46:01,559] {dag.py:2927} INFO - Setting next_dagrun for atividade_aula_4 to 2022-11-01T00:00:00+00:00, run_after=2022-11-02T00:00:00+00:00
[2022-11-01 22:46:01,777] {processor.py:161} INFO - Processing /home/nayara/Documentos/airflowalura/dags/atividade_aula_4.py took 0.346 seconds
[2022-11-01 22:47:08,793] {processor.py:153} INFO - Started process (PID=18445) to work on /home/nayara/Documentos/airflowalura/dags/atividade_aula_4.py
[2022-11-01 22:47:08,807] {processor.py:641} INFO - Processing file /home/nayara/Documentos/airflowalura/dags/atividade_aula_4.py for tasks to queue
[2022-11-01 22:47:08,808] {logging_mixin.py:115} INFO - [2022-11-01 22:47:08,808] {dagbag.py:507} INFO - Filling up the DagBag from /home/nayara/Documentos/airflowalura/dags/atividade_aula_4.py
[2022-11-01 22:47:08,829] {processor.py:651} INFO - DAG(s) dict_keys(['atividade_aula_4']) retrieved from /home/nayara/Documentos/airflowalura/dags/atividade_aula_4.py
[2022-11-01 22:47:08,871] {logging_mixin.py:115} INFO - [2022-11-01 22:47:08,871] {dag.py:2379} INFO - Sync 1 DAGs
[2022-11-01 22:47:08,910] {logging_mixin.py:115} INFO - [2022-11-01 22:47:08,909] {dag.py:2927} INFO - Setting next_dagrun for atividade_aula_4 to 2022-11-01T00:00:00+00:00, run_after=2022-11-02T00:00:00+00:00
[2022-11-01 22:47:09,186] {processor.py:161} INFO - Processing /home/nayara/Documentos/airflowalura/dags/atividade_aula_4.py took 0.401 seconds
[2022-11-01 22:48:07,377] {processor.py:153} INFO - Started process (PID=18558) to work on /home/nayara/Documentos/airflowalura/dags/atividade_aula_4.py
[2022-11-01 22:48:07,418] {processor.py:641} INFO - Processing file /home/nayara/Documentos/airflowalura/dags/atividade_aula_4.py for tasks to queue
[2022-11-01 22:48:07,420] {logging_mixin.py:115} INFO - [2022-11-01 22:48:07,419] {dagbag.py:507} INFO - Filling up the DagBag from /home/nayara/Documentos/airflowalura/dags/atividade_aula_4.py
[2022-11-01 22:48:07,439] {processor.py:651} INFO - DAG(s) dict_keys(['atividade_aula_4']) retrieved from /home/nayara/Documentos/airflowalura/dags/atividade_aula_4.py
[2022-11-01 22:48:07,480] {logging_mixin.py:115} INFO - [2022-11-01 22:48:07,480] {dag.py:2379} INFO - Sync 1 DAGs
[2022-11-01 22:48:07,515] {logging_mixin.py:115} INFO - [2022-11-01 22:48:07,515] {dag.py:2927} INFO - Setting next_dagrun for atividade_aula_4 to 2022-11-01T00:00:00+00:00, run_after=2022-11-02T00:00:00+00:00
[2022-11-01 22:48:07,711] {processor.py:161} INFO - Processing /home/nayara/Documentos/airflowalura/dags/atividade_aula_4.py took 0.344 seconds
[2022-11-01 22:49:04,160] {processor.py:153} INFO - Started process (PID=18661) to work on /home/nayara/Documentos/airflowalura/dags/atividade_aula_4.py
[2022-11-01 22:49:04,191] {processor.py:641} INFO - Processing file /home/nayara/Documentos/airflowalura/dags/atividade_aula_4.py for tasks to queue
[2022-11-01 22:49:04,192] {logging_mixin.py:115} INFO - [2022-11-01 22:49:04,192] {dagbag.py:507} INFO - Filling up the DagBag from /home/nayara/Documentos/airflowalura/dags/atividade_aula_4.py
[2022-11-01 22:49:04,210] {processor.py:651} INFO - DAG(s) dict_keys(['atividade_aula_4']) retrieved from /home/nayara/Documentos/airflowalura/dags/atividade_aula_4.py
[2022-11-01 22:49:04,253] {logging_mixin.py:115} INFO - [2022-11-01 22:49:04,252] {dag.py:2379} INFO - Sync 1 DAGs
[2022-11-01 22:49:04,291] {logging_mixin.py:115} INFO - [2022-11-01 22:49:04,290] {dag.py:2927} INFO - Setting next_dagrun for atividade_aula_4 to 2022-11-01T00:00:00+00:00, run_after=2022-11-02T00:00:00+00:00
[2022-11-01 22:49:04,564] {processor.py:161} INFO - Processing /home/nayara/Documentos/airflowalura/dags/atividade_aula_4.py took 0.410 seconds
[2022-11-01 22:50:00,706] {processor.py:153} INFO - Started process (PID=18773) to work on /home/nayara/Documentos/airflowalura/dags/atividade_aula_4.py
[2022-11-01 22:50:00,746] {processor.py:641} INFO - Processing file /home/nayara/Documentos/airflowalura/dags/atividade_aula_4.py for tasks to queue
[2022-11-01 22:50:00,748] {logging_mixin.py:115} INFO - [2022-11-01 22:50:00,747] {dagbag.py:507} INFO - Filling up the DagBag from /home/nayara/Documentos/airflowalura/dags/atividade_aula_4.py
[2022-11-01 22:50:00,772] {processor.py:651} INFO - DAG(s) dict_keys(['atividade_aula_4']) retrieved from /home/nayara/Documentos/airflowalura/dags/atividade_aula_4.py
[2022-11-01 22:50:00,845] {logging_mixin.py:115} INFO - [2022-11-01 22:50:00,845] {dag.py:2379} INFO - Sync 1 DAGs
[2022-11-01 22:50:00,893] {logging_mixin.py:115} INFO - [2022-11-01 22:50:00,892] {dag.py:2927} INFO - Setting next_dagrun for atividade_aula_4 to 2022-11-01T00:00:00+00:00, run_after=2022-11-02T00:00:00+00:00
[2022-11-01 22:50:01,562] {processor.py:161} INFO - Processing /home/nayara/Documentos/airflowalura/dags/atividade_aula_4.py took 0.864 seconds
[2022-11-01 22:50:53,694] {processor.py:153} INFO - Started process (PID=18874) to work on /home/nayara/Documentos/airflowalura/dags/atividade_aula_4.py
[2022-11-01 22:50:53,792] {processor.py:641} INFO - Processing file /home/nayara/Documentos/airflowalura/dags/atividade_aula_4.py for tasks to queue
[2022-11-01 22:50:53,793] {logging_mixin.py:115} INFO - [2022-11-01 22:50:53,793] {dagbag.py:507} INFO - Filling up the DagBag from /home/nayara/Documentos/airflowalura/dags/atividade_aula_4.py
[2022-11-01 22:50:53,807] {processor.py:651} INFO - DAG(s) dict_keys(['atividade_aula_4']) retrieved from /home/nayara/Documentos/airflowalura/dags/atividade_aula_4.py
[2022-11-01 22:50:53,850] {logging_mixin.py:115} INFO - [2022-11-01 22:50:53,850] {dag.py:2379} INFO - Sync 1 DAGs
[2022-11-01 22:50:53,881] {logging_mixin.py:115} INFO - [2022-11-01 22:50:53,881] {dag.py:2927} INFO - Setting next_dagrun for atividade_aula_4 to 2022-11-01T00:00:00+00:00, run_after=2022-11-02T00:00:00+00:00
[2022-11-01 22:50:54,189] {processor.py:161} INFO - Processing /home/nayara/Documentos/airflowalura/dags/atividade_aula_4.py took 0.499 seconds
[2022-11-01 22:51:33,696] {processor.py:153} INFO - Started process (PID=18943) to work on /home/nayara/Documentos/airflowalura/dags/atividade_aula_4.py
[2022-11-01 22:51:33,697] {processor.py:641} INFO - Processing file /home/nayara/Documentos/airflowalura/dags/atividade_aula_4.py for tasks to queue
[2022-11-01 22:51:33,698] {logging_mixin.py:115} INFO - [2022-11-01 22:51:33,698] {dagbag.py:507} INFO - Filling up the DagBag from /home/nayara/Documentos/airflowalura/dags/atividade_aula_4.py
[2022-11-01 22:51:33,737] {processor.py:651} INFO - DAG(s) dict_keys(['atividade_aula_4']) retrieved from /home/nayara/Documentos/airflowalura/dags/atividade_aula_4.py
[2022-11-01 22:51:33,775] {logging_mixin.py:115} INFO - [2022-11-01 22:51:33,774] {dag.py:2379} INFO - Sync 1 DAGs
[2022-11-01 22:51:33,820] {logging_mixin.py:115} INFO - [2022-11-01 22:51:33,820] {dag.py:2927} INFO - Setting next_dagrun for atividade_aula_4 to 2022-11-01T00:00:00+00:00, run_after=2022-11-02T00:00:00+00:00
[2022-11-01 22:51:34,014] {processor.py:161} INFO - Processing /home/nayara/Documentos/airflowalura/dags/atividade_aula_4.py took 0.325 seconds
[2022-11-01 22:52:25,498] {processor.py:153} INFO - Started process (PID=19069) to work on /home/nayara/Documentos/airflowalura/dags/atividade_aula_4.py
[2022-11-01 22:52:25,512] {processor.py:641} INFO - Processing file /home/nayara/Documentos/airflowalura/dags/atividade_aula_4.py for tasks to queue
[2022-11-01 22:52:25,513] {logging_mixin.py:115} INFO - [2022-11-01 22:52:25,513] {dagbag.py:507} INFO - Filling up the DagBag from /home/nayara/Documentos/airflowalura/dags/atividade_aula_4.py
[2022-11-01 22:52:25,528] {processor.py:651} INFO - DAG(s) dict_keys(['atividade_aula_4']) retrieved from /home/nayara/Documentos/airflowalura/dags/atividade_aula_4.py
[2022-11-01 22:52:25,565] {logging_mixin.py:115} INFO - [2022-11-01 22:52:25,564] {dag.py:2379} INFO - Sync 1 DAGs
[2022-11-01 22:52:25,617] {logging_mixin.py:115} INFO - [2022-11-01 22:52:25,617] {dag.py:2927} INFO - Setting next_dagrun for atividade_aula_4 to 2022-11-01T00:00:00+00:00, run_after=2022-11-02T00:00:00+00:00
[2022-11-01 22:52:26,241] {processor.py:161} INFO - Processing /home/nayara/Documentos/airflowalura/dags/atividade_aula_4.py took 0.748 seconds
[2022-11-01 22:53:06,000] {processor.py:153} INFO - Started process (PID=19152) to work on /home/nayara/Documentos/airflowalura/dags/atividade_aula_4.py
[2022-11-01 22:53:06,001] {processor.py:641} INFO - Processing file /home/nayara/Documentos/airflowalura/dags/atividade_aula_4.py for tasks to queue
[2022-11-01 22:53:06,002] {logging_mixin.py:115} INFO - [2022-11-01 22:53:06,002] {dagbag.py:507} INFO - Filling up the DagBag from /home/nayara/Documentos/airflowalura/dags/atividade_aula_4.py
[2022-11-01 22:53:06,018] {processor.py:651} INFO - DAG(s) dict_keys(['atividade_aula_4']) retrieved from /home/nayara/Documentos/airflowalura/dags/atividade_aula_4.py
[2022-11-01 22:53:06,068] {logging_mixin.py:115} INFO - [2022-11-01 22:53:06,068] {dag.py:2379} INFO - Sync 1 DAGs
[2022-11-01 22:53:06,123] {logging_mixin.py:115} INFO - [2022-11-01 22:53:06,123] {dag.py:2927} INFO - Setting next_dagrun for atividade_aula_4 to 2022-11-01T00:00:00+00:00, run_after=2022-11-02T00:00:00+00:00
[2022-11-01 22:53:06,451] {processor.py:161} INFO - Processing /home/nayara/Documentos/airflowalura/dags/atividade_aula_4.py took 0.458 seconds
[2022-11-01 22:54:05,528] {processor.py:153} INFO - Started process (PID=19272) to work on /home/nayara/Documentos/airflowalura/dags/atividade_aula_4.py
[2022-11-01 22:54:05,595] {processor.py:641} INFO - Processing file /home/nayara/Documentos/airflowalura/dags/atividade_aula_4.py for tasks to queue
[2022-11-01 22:54:05,598] {logging_mixin.py:115} INFO - [2022-11-01 22:54:05,597] {dagbag.py:507} INFO - Filling up the DagBag from /home/nayara/Documentos/airflowalura/dags/atividade_aula_4.py
[2022-11-01 22:54:05,625] {processor.py:651} INFO - DAG(s) dict_keys(['atividade_aula_4']) retrieved from /home/nayara/Documentos/airflowalura/dags/atividade_aula_4.py
[2022-11-01 22:54:05,648] {logging_mixin.py:115} INFO - [2022-11-01 22:54:05,647] {dag.py:2379} INFO - Sync 1 DAGs
[2022-11-01 22:54:05,676] {logging_mixin.py:115} INFO - [2022-11-01 22:54:05,675] {dag.py:2927} INFO - Setting next_dagrun for atividade_aula_4 to 2022-11-01T00:00:00+00:00, run_after=2022-11-02T00:00:00+00:00
[2022-11-01 22:54:05,881] {processor.py:161} INFO - Processing /home/nayara/Documentos/airflowalura/dags/atividade_aula_4.py took 0.358 seconds
[2022-11-01 22:55:17,100] {processor.py:153} INFO - Started process (PID=19444) to work on /home/nayara/Documentos/airflowalura/dags/atividade_aula_4.py
[2022-11-01 22:55:17,118] {processor.py:641} INFO - Processing file /home/nayara/Documentos/airflowalura/dags/atividade_aula_4.py for tasks to queue
[2022-11-01 22:55:17,118] {logging_mixin.py:115} INFO - [2022-11-01 22:55:17,118] {dagbag.py:507} INFO - Filling up the DagBag from /home/nayara/Documentos/airflowalura/dags/atividade_aula_4.py
[2022-11-01 22:55:17,129] {processor.py:651} INFO - DAG(s) dict_keys(['atividade_aula_4']) retrieved from /home/nayara/Documentos/airflowalura/dags/atividade_aula_4.py
[2022-11-01 22:55:17,148] {logging_mixin.py:115} INFO - [2022-11-01 22:55:17,148] {dag.py:2379} INFO - Sync 1 DAGs
[2022-11-01 22:55:17,166] {logging_mixin.py:115} INFO - [2022-11-01 22:55:17,166] {dag.py:2927} INFO - Setting next_dagrun for atividade_aula_4 to 2022-11-01T00:00:00+00:00, run_after=2022-11-02T00:00:00+00:00
[2022-11-01 22:55:17,526] {processor.py:161} INFO - Processing /home/nayara/Documentos/airflowalura/dags/atividade_aula_4.py took 0.432 seconds
[2022-11-01 22:56:21,950] {processor.py:153} INFO - Started process (PID=19578) to work on /home/nayara/Documentos/airflowalura/dags/atividade_aula_4.py
[2022-11-01 22:56:21,996] {processor.py:641} INFO - Processing file /home/nayara/Documentos/airflowalura/dags/atividade_aula_4.py for tasks to queue
[2022-11-01 22:56:21,998] {logging_mixin.py:115} INFO - [2022-11-01 22:56:21,998] {dagbag.py:507} INFO - Filling up the DagBag from /home/nayara/Documentos/airflowalura/dags/atividade_aula_4.py
[2022-11-01 22:56:22,039] {processor.py:651} INFO - DAG(s) dict_keys(['atividade_aula_4']) retrieved from /home/nayara/Documentos/airflowalura/dags/atividade_aula_4.py
[2022-11-01 22:56:22,078] {logging_mixin.py:115} INFO - [2022-11-01 22:56:22,077] {dag.py:2379} INFO - Sync 1 DAGs
[2022-11-01 22:56:22,098] {logging_mixin.py:115} INFO - [2022-11-01 22:56:22,097] {dag.py:2927} INFO - Setting next_dagrun for atividade_aula_4 to 2022-11-01T00:00:00+00:00, run_after=2022-11-02T00:00:00+00:00
[2022-11-01 22:56:22,710] {processor.py:161} INFO - Processing /home/nayara/Documentos/airflowalura/dags/atividade_aula_4.py took 0.768 seconds
[2022-11-01 22:57:06,828] {processor.py:153} INFO - Started process (PID=19712) to work on /home/nayara/Documentos/airflowalura/dags/atividade_aula_4.py
[2022-11-01 22:57:06,979] {processor.py:641} INFO - Processing file /home/nayara/Documentos/airflowalura/dags/atividade_aula_4.py for tasks to queue
[2022-11-01 22:57:06,980] {logging_mixin.py:115} INFO - [2022-11-01 22:57:06,980] {dagbag.py:507} INFO - Filling up the DagBag from /home/nayara/Documentos/airflowalura/dags/atividade_aula_4.py
[2022-11-01 22:57:06,992] {processor.py:651} INFO - DAG(s) dict_keys(['atividade_aula_4']) retrieved from /home/nayara/Documentos/airflowalura/dags/atividade_aula_4.py
[2022-11-01 22:57:07,018] {logging_mixin.py:115} INFO - [2022-11-01 22:57:07,018] {dag.py:2379} INFO - Sync 1 DAGs
[2022-11-01 22:57:07,041] {logging_mixin.py:115} INFO - [2022-11-01 22:57:07,040] {dag.py:2927} INFO - Setting next_dagrun for atividade_aula_4 to 2022-11-01T00:00:00+00:00, run_after=2022-11-02T00:00:00+00:00
[2022-11-01 22:57:07,932] {processor.py:161} INFO - Processing /home/nayara/Documentos/airflowalura/dags/atividade_aula_4.py took 1.108 seconds
[2022-11-01 22:57:52,137] {processor.py:153} INFO - Started process (PID=19812) to work on /home/nayara/Documentos/airflowalura/dags/atividade_aula_4.py
[2022-11-01 22:57:52,221] {processor.py:641} INFO - Processing file /home/nayara/Documentos/airflowalura/dags/atividade_aula_4.py for tasks to queue
[2022-11-01 22:57:52,225] {logging_mixin.py:115} INFO - [2022-11-01 22:57:52,224] {dagbag.py:507} INFO - Filling up the DagBag from /home/nayara/Documentos/airflowalura/dags/atividade_aula_4.py
[2022-11-01 22:57:52,283] {processor.py:651} INFO - DAG(s) dict_keys(['atividade_aula_4']) retrieved from /home/nayara/Documentos/airflowalura/dags/atividade_aula_4.py
[2022-11-01 22:57:52,403] {logging_mixin.py:115} INFO - [2022-11-01 22:57:52,403] {dag.py:2379} INFO - Sync 1 DAGs
[2022-11-01 22:57:52,457] {logging_mixin.py:115} INFO - [2022-11-01 22:57:52,456] {dag.py:2927} INFO - Setting next_dagrun for atividade_aula_4 to 2022-11-01T00:00:00+00:00, run_after=2022-11-02T00:00:00+00:00
[2022-11-01 22:57:52,767] {processor.py:161} INFO - Processing /home/nayara/Documentos/airflowalura/dags/atividade_aula_4.py took 0.644 seconds
[2022-11-01 22:58:46,568] {processor.py:153} INFO - Started process (PID=19922) to work on /home/nayara/Documentos/airflowalura/dags/atividade_aula_4.py
[2022-11-01 22:58:46,584] {processor.py:641} INFO - Processing file /home/nayara/Documentos/airflowalura/dags/atividade_aula_4.py for tasks to queue
[2022-11-01 22:58:46,585] {logging_mixin.py:115} INFO - [2022-11-01 22:58:46,585] {dagbag.py:507} INFO - Filling up the DagBag from /home/nayara/Documentos/airflowalura/dags/atividade_aula_4.py
[2022-11-01 22:58:46,597] {processor.py:651} INFO - DAG(s) dict_keys(['atividade_aula_4']) retrieved from /home/nayara/Documentos/airflowalura/dags/atividade_aula_4.py
[2022-11-01 22:58:46,621] {logging_mixin.py:115} INFO - [2022-11-01 22:58:46,621] {dag.py:2379} INFO - Sync 1 DAGs
[2022-11-01 22:58:46,644] {logging_mixin.py:115} INFO - [2022-11-01 22:58:46,643] {dag.py:2927} INFO - Setting next_dagrun for atividade_aula_4 to 2022-11-01T00:00:00+00:00, run_after=2022-11-02T00:00:00+00:00
[2022-11-01 22:58:46,856] {processor.py:161} INFO - Processing /home/nayara/Documentos/airflowalura/dags/atividade_aula_4.py took 0.293 seconds
[2022-11-01 22:59:34,335] {processor.py:153} INFO - Started process (PID=20033) to work on /home/nayara/Documentos/airflowalura/dags/atividade_aula_4.py
[2022-11-01 22:59:34,391] {processor.py:641} INFO - Processing file /home/nayara/Documentos/airflowalura/dags/atividade_aula_4.py for tasks to queue
[2022-11-01 22:59:34,392] {logging_mixin.py:115} INFO - [2022-11-01 22:59:34,392] {dagbag.py:507} INFO - Filling up the DagBag from /home/nayara/Documentos/airflowalura/dags/atividade_aula_4.py
[2022-11-01 22:59:34,407] {processor.py:651} INFO - DAG(s) dict_keys(['atividade_aula_4']) retrieved from /home/nayara/Documentos/airflowalura/dags/atividade_aula_4.py
[2022-11-01 22:59:34,435] {logging_mixin.py:115} INFO - [2022-11-01 22:59:34,435] {dag.py:2379} INFO - Sync 1 DAGs
[2022-11-01 22:59:34,455] {logging_mixin.py:115} INFO - [2022-11-01 22:59:34,455] {dag.py:2927} INFO - Setting next_dagrun for atividade_aula_4 to 2022-11-01T00:00:00+00:00, run_after=2022-11-02T00:00:00+00:00
[2022-11-01 22:59:34,659] {processor.py:161} INFO - Processing /home/nayara/Documentos/airflowalura/dags/atividade_aula_4.py took 0.329 seconds
[2022-11-01 23:00:31,179] {processor.py:153} INFO - Started process (PID=20140) to work on /home/nayara/Documentos/airflowalura/dags/atividade_aula_4.py
[2022-11-01 23:00:31,180] {processor.py:641} INFO - Processing file /home/nayara/Documentos/airflowalura/dags/atividade_aula_4.py for tasks to queue
[2022-11-01 23:00:31,181] {logging_mixin.py:115} INFO - [2022-11-01 23:00:31,181] {dagbag.py:507} INFO - Filling up the DagBag from /home/nayara/Documentos/airflowalura/dags/atividade_aula_4.py
[2022-11-01 23:00:31,195] {processor.py:651} INFO - DAG(s) dict_keys(['atividade_aula_4']) retrieved from /home/nayara/Documentos/airflowalura/dags/atividade_aula_4.py
[2022-11-01 23:00:31,222] {logging_mixin.py:115} INFO - [2022-11-01 23:00:31,222] {dag.py:2379} INFO - Sync 1 DAGs
[2022-11-01 23:00:31,246] {logging_mixin.py:115} INFO - [2022-11-01 23:00:31,246] {dag.py:2927} INFO - Setting next_dagrun for atividade_aula_4 to 2022-11-01T00:00:00+00:00, run_after=2022-11-02T00:00:00+00:00
[2022-11-01 23:00:31,457] {processor.py:161} INFO - Processing /home/nayara/Documentos/airflowalura/dags/atividade_aula_4.py took 0.284 seconds
[2022-11-01 23:01:19,504] {processor.py:153} INFO - Started process (PID=20224) to work on /home/nayara/Documentos/airflowalura/dags/atividade_aula_4.py
[2022-11-01 23:01:19,532] {processor.py:641} INFO - Processing file /home/nayara/Documentos/airflowalura/dags/atividade_aula_4.py for tasks to queue
[2022-11-01 23:01:19,535] {logging_mixin.py:115} INFO - [2022-11-01 23:01:19,535] {dagbag.py:507} INFO - Filling up the DagBag from /home/nayara/Documentos/airflowalura/dags/atividade_aula_4.py
[2022-11-01 23:01:19,583] {processor.py:651} INFO - DAG(s) dict_keys(['atividade_aula_4']) retrieved from /home/nayara/Documentos/airflowalura/dags/atividade_aula_4.py
[2022-11-01 23:01:19,974] {logging_mixin.py:115} INFO - [2022-11-01 23:01:19,974] {dag.py:2379} INFO - Sync 1 DAGs
[2022-11-01 23:01:20,014] {logging_mixin.py:115} INFO - [2022-11-01 23:01:20,014] {dag.py:2927} INFO - Setting next_dagrun for atividade_aula_4 to 2022-11-01T00:00:00+00:00, run_after=2022-11-02T00:00:00+00:00
[2022-11-01 23:01:20,501] {processor.py:161} INFO - Processing /home/nayara/Documentos/airflowalura/dags/atividade_aula_4.py took 1.013 seconds
[2022-11-01 23:02:22,722] {processor.py:153} INFO - Started process (PID=20405) to work on /home/nayara/Documentos/airflowalura/dags/atividade_aula_4.py
[2022-11-01 23:02:22,742] {processor.py:641} INFO - Processing file /home/nayara/Documentos/airflowalura/dags/atividade_aula_4.py for tasks to queue
[2022-11-01 23:02:22,745] {logging_mixin.py:115} INFO - [2022-11-01 23:02:22,744] {dagbag.py:507} INFO - Filling up the DagBag from /home/nayara/Documentos/airflowalura/dags/atividade_aula_4.py
[2022-11-01 23:02:22,773] {processor.py:651} INFO - DAG(s) dict_keys(['atividade_aula_4']) retrieved from /home/nayara/Documentos/airflowalura/dags/atividade_aula_4.py
[2022-11-01 23:02:22,827] {logging_mixin.py:115} INFO - [2022-11-01 23:02:22,826] {dag.py:2379} INFO - Sync 1 DAGs
[2022-11-01 23:02:22,849] {logging_mixin.py:115} INFO - [2022-11-01 23:02:22,849] {dag.py:2927} INFO - Setting next_dagrun for atividade_aula_4 to 2022-11-01T00:00:00+00:00, run_after=2022-11-02T00:00:00+00:00
[2022-11-01 23:02:23,118] {processor.py:161} INFO - Processing /home/nayara/Documentos/airflowalura/dags/atividade_aula_4.py took 0.408 seconds
[2022-11-01 23:03:17,162] {processor.py:153} INFO - Started process (PID=20507) to work on /home/nayara/Documentos/airflowalura/dags/atividade_aula_4.py
[2022-11-01 23:03:17,165] {processor.py:641} INFO - Processing file /home/nayara/Documentos/airflowalura/dags/atividade_aula_4.py for tasks to queue
[2022-11-01 23:03:17,168] {logging_mixin.py:115} INFO - [2022-11-01 23:03:17,167] {dagbag.py:507} INFO - Filling up the DagBag from /home/nayara/Documentos/airflowalura/dags/atividade_aula_4.py
[2022-11-01 23:03:17,195] {processor.py:651} INFO - DAG(s) dict_keys(['atividade_aula_4']) retrieved from /home/nayara/Documentos/airflowalura/dags/atividade_aula_4.py
[2022-11-01 23:03:17,231] {logging_mixin.py:115} INFO - [2022-11-01 23:03:17,231] {dag.py:2379} INFO - Sync 1 DAGs
[2022-11-01 23:03:17,257] {logging_mixin.py:115} INFO - [2022-11-01 23:03:17,257] {dag.py:2927} INFO - Setting next_dagrun for atividade_aula_4 to 2022-11-01T00:00:00+00:00, run_after=2022-11-02T00:00:00+00:00
[2022-11-01 23:03:17,616] {processor.py:161} INFO - Processing /home/nayara/Documentos/airflowalura/dags/atividade_aula_4.py took 0.463 seconds
[2022-11-01 23:04:10,479] {processor.py:153} INFO - Started process (PID=20607) to work on /home/nayara/Documentos/airflowalura/dags/atividade_aula_4.py
[2022-11-01 23:04:10,487] {processor.py:641} INFO - Processing file /home/nayara/Documentos/airflowalura/dags/atividade_aula_4.py for tasks to queue
[2022-11-01 23:04:10,494] {logging_mixin.py:115} INFO - [2022-11-01 23:04:10,493] {dagbag.py:507} INFO - Filling up the DagBag from /home/nayara/Documentos/airflowalura/dags/atividade_aula_4.py
[2022-11-01 23:04:10,529] {processor.py:651} INFO - DAG(s) dict_keys(['atividade_aula_4']) retrieved from /home/nayara/Documentos/airflowalura/dags/atividade_aula_4.py
[2022-11-01 23:04:10,559] {logging_mixin.py:115} INFO - [2022-11-01 23:04:10,559] {dag.py:2379} INFO - Sync 1 DAGs
[2022-11-01 23:04:10,585] {logging_mixin.py:115} INFO - [2022-11-01 23:04:10,585] {dag.py:2927} INFO - Setting next_dagrun for atividade_aula_4 to 2022-11-01T00:00:00+00:00, run_after=2022-11-02T00:00:00+00:00
[2022-11-01 23:04:10,816] {processor.py:161} INFO - Processing /home/nayara/Documentos/airflowalura/dags/atividade_aula_4.py took 0.354 seconds
[2022-11-01 23:05:08,872] {processor.py:153} INFO - Started process (PID=20733) to work on /home/nayara/Documentos/airflowalura/dags/atividade_aula_4.py
[2022-11-01 23:05:08,888] {processor.py:641} INFO - Processing file /home/nayara/Documentos/airflowalura/dags/atividade_aula_4.py for tasks to queue
[2022-11-01 23:05:08,889] {logging_mixin.py:115} INFO - [2022-11-01 23:05:08,888] {dagbag.py:507} INFO - Filling up the DagBag from /home/nayara/Documentos/airflowalura/dags/atividade_aula_4.py
[2022-11-01 23:05:08,900] {processor.py:651} INFO - DAG(s) dict_keys(['atividade_aula_4']) retrieved from /home/nayara/Documentos/airflowalura/dags/atividade_aula_4.py
[2022-11-01 23:05:08,928] {logging_mixin.py:115} INFO - [2022-11-01 23:05:08,928] {dag.py:2379} INFO - Sync 1 DAGs
[2022-11-01 23:05:08,955] {logging_mixin.py:115} INFO - [2022-11-01 23:05:08,954] {dag.py:2927} INFO - Setting next_dagrun for atividade_aula_4 to 2022-11-01T00:00:00+00:00, run_after=2022-11-02T00:00:00+00:00
[2022-11-01 23:05:09,286] {processor.py:161} INFO - Processing /home/nayara/Documentos/airflowalura/dags/atividade_aula_4.py took 0.422 seconds
[2022-11-01 23:06:00,683] {processor.py:153} INFO - Started process (PID=20842) to work on /home/nayara/Documentos/airflowalura/dags/atividade_aula_4.py
[2022-11-01 23:06:00,707] {processor.py:641} INFO - Processing file /home/nayara/Documentos/airflowalura/dags/atividade_aula_4.py for tasks to queue
[2022-11-01 23:06:00,709] {logging_mixin.py:115} INFO - [2022-11-01 23:06:00,709] {dagbag.py:507} INFO - Filling up the DagBag from /home/nayara/Documentos/airflowalura/dags/atividade_aula_4.py
[2022-11-01 23:06:00,726] {processor.py:651} INFO - DAG(s) dict_keys(['atividade_aula_4']) retrieved from /home/nayara/Documentos/airflowalura/dags/atividade_aula_4.py
[2022-11-01 23:06:00,746] {logging_mixin.py:115} INFO - [2022-11-01 23:06:00,746] {dag.py:2379} INFO - Sync 1 DAGs
[2022-11-01 23:06:00,765] {logging_mixin.py:115} INFO - [2022-11-01 23:06:00,765] {dag.py:2927} INFO - Setting next_dagrun for atividade_aula_4 to 2022-11-01T00:00:00+00:00, run_after=2022-11-02T00:00:00+00:00
[2022-11-01 23:06:00,902] {processor.py:161} INFO - Processing /home/nayara/Documentos/airflowalura/dags/atividade_aula_4.py took 0.231 seconds
[2022-11-01 23:06:55,448] {processor.py:153} INFO - Started process (PID=20997) to work on /home/nayara/Documentos/airflowalura/dags/atividade_aula_4.py
[2022-11-01 23:06:55,496] {processor.py:641} INFO - Processing file /home/nayara/Documentos/airflowalura/dags/atividade_aula_4.py for tasks to queue
[2022-11-01 23:06:55,497] {logging_mixin.py:115} INFO - [2022-11-01 23:06:55,497] {dagbag.py:507} INFO - Filling up the DagBag from /home/nayara/Documentos/airflowalura/dags/atividade_aula_4.py
[2022-11-01 23:06:55,509] {processor.py:651} INFO - DAG(s) dict_keys(['atividade_aula_4']) retrieved from /home/nayara/Documentos/airflowalura/dags/atividade_aula_4.py
[2022-11-01 23:06:55,535] {logging_mixin.py:115} INFO - [2022-11-01 23:06:55,534] {dag.py:2379} INFO - Sync 1 DAGs
[2022-11-01 23:06:55,564] {logging_mixin.py:115} INFO - [2022-11-01 23:06:55,564] {dag.py:2927} INFO - Setting next_dagrun for atividade_aula_4 to 2022-11-01T00:00:00+00:00, run_after=2022-11-02T00:00:00+00:00
[2022-11-01 23:06:55,986] {processor.py:161} INFO - Processing /home/nayara/Documentos/airflowalura/dags/atividade_aula_4.py took 0.544 seconds
[2022-11-01 23:07:29,225] {processor.py:153} INFO - Started process (PID=21065) to work on /home/nayara/Documentos/airflowalura/dags/atividade_aula_4.py
[2022-11-01 23:07:29,261] {processor.py:641} INFO - Processing file /home/nayara/Documentos/airflowalura/dags/atividade_aula_4.py for tasks to queue
[2022-11-01 23:07:29,264] {logging_mixin.py:115} INFO - [2022-11-01 23:07:29,263] {dagbag.py:507} INFO - Filling up the DagBag from /home/nayara/Documentos/airflowalura/dags/atividade_aula_4.py
[2022-11-01 23:07:29,284] {processor.py:651} INFO - DAG(s) dict_keys(['atividade_aula_4']) retrieved from /home/nayara/Documentos/airflowalura/dags/atividade_aula_4.py
[2022-11-01 23:07:29,660] {logging_mixin.py:115} INFO - [2022-11-01 23:07:29,660] {dag.py:2379} INFO - Sync 1 DAGs
[2022-11-01 23:07:29,681] {logging_mixin.py:115} INFO - [2022-11-01 23:07:29,681] {dag.py:2927} INFO - Setting next_dagrun for atividade_aula_4 to 2022-11-01T00:00:00+00:00, run_after=2022-11-02T00:00:00+00:00
[2022-11-01 23:07:30,089] {processor.py:161} INFO - Processing /home/nayara/Documentos/airflowalura/dags/atividade_aula_4.py took 0.868 seconds
[2022-11-01 23:08:18,113] {processor.py:153} INFO - Started process (PID=21156) to work on /home/nayara/Documentos/airflowalura/dags/atividade_aula_4.py
[2022-11-01 23:08:18,129] {processor.py:641} INFO - Processing file /home/nayara/Documentos/airflowalura/dags/atividade_aula_4.py for tasks to queue
[2022-11-01 23:08:18,130] {logging_mixin.py:115} INFO - [2022-11-01 23:08:18,130] {dagbag.py:507} INFO - Filling up the DagBag from /home/nayara/Documentos/airflowalura/dags/atividade_aula_4.py
[2022-11-01 23:08:18,148] {processor.py:651} INFO - DAG(s) dict_keys(['atividade_aula_4']) retrieved from /home/nayara/Documentos/airflowalura/dags/atividade_aula_4.py
[2022-11-01 23:08:18,168] {logging_mixin.py:115} INFO - [2022-11-01 23:08:18,168] {dag.py:2379} INFO - Sync 1 DAGs
[2022-11-01 23:08:18,186] {logging_mixin.py:115} INFO - [2022-11-01 23:08:18,186] {dag.py:2927} INFO - Setting next_dagrun for atividade_aula_4 to 2022-11-01T00:00:00+00:00, run_after=2022-11-02T00:00:00+00:00
[2022-11-01 23:08:18,379] {processor.py:161} INFO - Processing /home/nayara/Documentos/airflowalura/dags/atividade_aula_4.py took 0.278 seconds
[2022-11-01 23:09:00,608] {processor.py:153} INFO - Started process (PID=21260) to work on /home/nayara/Documentos/airflowalura/dags/atividade_aula_4.py
[2022-11-01 23:09:00,679] {processor.py:641} INFO - Processing file /home/nayara/Documentos/airflowalura/dags/atividade_aula_4.py for tasks to queue
[2022-11-01 23:09:00,681] {logging_mixin.py:115} INFO - [2022-11-01 23:09:00,681] {dagbag.py:507} INFO - Filling up the DagBag from /home/nayara/Documentos/airflowalura/dags/atividade_aula_4.py
[2022-11-01 23:09:00,705] {processor.py:651} INFO - DAG(s) dict_keys(['atividade_aula_4']) retrieved from /home/nayara/Documentos/airflowalura/dags/atividade_aula_4.py
[2022-11-01 23:09:00,732] {logging_mixin.py:115} INFO - [2022-11-01 23:09:00,732] {dag.py:2379} INFO - Sync 1 DAGs
[2022-11-01 23:09:00,769] {logging_mixin.py:115} INFO - [2022-11-01 23:09:00,769] {dag.py:2927} INFO - Setting next_dagrun for atividade_aula_4 to 2022-11-01T00:00:00+00:00, run_after=2022-11-02T00:00:00+00:00
[2022-11-01 23:09:01,248] {processor.py:161} INFO - Processing /home/nayara/Documentos/airflowalura/dags/atividade_aula_4.py took 0.652 seconds
[2022-11-01 23:09:52,986] {processor.py:153} INFO - Started process (PID=21419) to work on /home/nayara/Documentos/airflowalura/dags/atividade_aula_4.py
[2022-11-01 23:09:53,007] {processor.py:641} INFO - Processing file /home/nayara/Documentos/airflowalura/dags/atividade_aula_4.py for tasks to queue
[2022-11-01 23:09:53,009] {logging_mixin.py:115} INFO - [2022-11-01 23:09:53,009] {dagbag.py:507} INFO - Filling up the DagBag from /home/nayara/Documentos/airflowalura/dags/atividade_aula_4.py
[2022-11-01 23:09:53,032] {processor.py:651} INFO - DAG(s) dict_keys(['atividade_aula_4']) retrieved from /home/nayara/Documentos/airflowalura/dags/atividade_aula_4.py
[2022-11-01 23:09:53,054] {logging_mixin.py:115} INFO - [2022-11-01 23:09:53,054] {dag.py:2379} INFO - Sync 1 DAGs
[2022-11-01 23:09:53,085] {logging_mixin.py:115} INFO - [2022-11-01 23:09:53,085] {dag.py:2927} INFO - Setting next_dagrun for atividade_aula_4 to 2022-11-01T00:00:00+00:00, run_after=2022-11-02T00:00:00+00:00
[2022-11-01 23:09:53,450] {processor.py:161} INFO - Processing /home/nayara/Documentos/airflowalura/dags/atividade_aula_4.py took 0.467 seconds
[2022-11-01 23:10:39,381] {processor.py:153} INFO - Started process (PID=21517) to work on /home/nayara/Documentos/airflowalura/dags/atividade_aula_4.py
[2022-11-01 23:10:39,401] {processor.py:641} INFO - Processing file /home/nayara/Documentos/airflowalura/dags/atividade_aula_4.py for tasks to queue
[2022-11-01 23:10:39,403] {logging_mixin.py:115} INFO - [2022-11-01 23:10:39,403] {dagbag.py:507} INFO - Filling up the DagBag from /home/nayara/Documentos/airflowalura/dags/atividade_aula_4.py
[2022-11-01 23:10:39,420] {processor.py:651} INFO - DAG(s) dict_keys(['atividade_aula_4']) retrieved from /home/nayara/Documentos/airflowalura/dags/atividade_aula_4.py
[2022-11-01 23:10:40,026] {logging_mixin.py:115} INFO - [2022-11-01 23:10:40,025] {dag.py:2379} INFO - Sync 1 DAGs
[2022-11-01 23:10:40,056] {logging_mixin.py:115} INFO - [2022-11-01 23:10:40,056] {dag.py:2927} INFO - Setting next_dagrun for atividade_aula_4 to 2022-11-01T00:00:00+00:00, run_after=2022-11-02T00:00:00+00:00
[2022-11-01 23:10:40,574] {processor.py:161} INFO - Processing /home/nayara/Documentos/airflowalura/dags/atividade_aula_4.py took 1.204 seconds
[2022-11-01 23:11:27,832] {processor.py:153} INFO - Started process (PID=21644) to work on /home/nayara/Documentos/airflowalura/dags/atividade_aula_4.py
[2022-11-01 23:11:27,875] {processor.py:641} INFO - Processing file /home/nayara/Documentos/airflowalura/dags/atividade_aula_4.py for tasks to queue
[2022-11-01 23:11:27,878] {logging_mixin.py:115} INFO - [2022-11-01 23:11:27,878] {dagbag.py:507} INFO - Filling up the DagBag from /home/nayara/Documentos/airflowalura/dags/atividade_aula_4.py
[2022-11-01 23:11:28,022] {processor.py:651} INFO - DAG(s) dict_keys(['atividade_aula_4']) retrieved from /home/nayara/Documentos/airflowalura/dags/atividade_aula_4.py
[2022-11-01 23:11:28,486] {logging_mixin.py:115} INFO - [2022-11-01 23:11:28,486] {dag.py:2379} INFO - Sync 1 DAGs
[2022-11-01 23:11:28,602] {logging_mixin.py:115} INFO - [2022-11-01 23:11:28,602] {dag.py:2927} INFO - Setting next_dagrun for atividade_aula_4 to 2022-11-01T00:00:00+00:00, run_after=2022-11-02T00:00:00+00:00
[2022-11-01 23:11:29,018] {processor.py:161} INFO - Processing /home/nayara/Documentos/airflowalura/dags/atividade_aula_4.py took 1.199 seconds
[2022-11-01 23:12:12,288] {processor.py:153} INFO - Started process (PID=21761) to work on /home/nayara/Documentos/airflowalura/dags/atividade_aula_4.py
[2022-11-01 23:12:12,376] {processor.py:641} INFO - Processing file /home/nayara/Documentos/airflowalura/dags/atividade_aula_4.py for tasks to queue
[2022-11-01 23:12:12,379] {logging_mixin.py:115} INFO - [2022-11-01 23:12:12,378] {dagbag.py:507} INFO - Filling up the DagBag from /home/nayara/Documentos/airflowalura/dags/atividade_aula_4.py
[2022-11-01 23:12:12,422] {processor.py:651} INFO - DAG(s) dict_keys(['atividade_aula_4']) retrieved from /home/nayara/Documentos/airflowalura/dags/atividade_aula_4.py
[2022-11-01 23:12:12,453] {logging_mixin.py:115} INFO - [2022-11-01 23:12:12,453] {dag.py:2379} INFO - Sync 1 DAGs
[2022-11-01 23:12:12,479] {logging_mixin.py:115} INFO - [2022-11-01 23:12:12,479] {dag.py:2927} INFO - Setting next_dagrun for atividade_aula_4 to 2022-11-01T00:00:00+00:00, run_after=2022-11-02T00:00:00+00:00
[2022-11-01 23:12:12,855] {processor.py:161} INFO - Processing /home/nayara/Documentos/airflowalura/dags/atividade_aula_4.py took 0.574 seconds
[2022-11-01 23:12:52,395] {processor.py:153} INFO - Started process (PID=21846) to work on /home/nayara/Documentos/airflowalura/dags/atividade_aula_4.py
[2022-11-01 23:12:52,397] {processor.py:641} INFO - Processing file /home/nayara/Documentos/airflowalura/dags/atividade_aula_4.py for tasks to queue
[2022-11-01 23:12:52,400] {logging_mixin.py:115} INFO - [2022-11-01 23:12:52,399] {dagbag.py:507} INFO - Filling up the DagBag from /home/nayara/Documentos/airflowalura/dags/atividade_aula_4.py
[2022-11-01 23:12:52,416] {processor.py:651} INFO - DAG(s) dict_keys(['atividade_aula_4']) retrieved from /home/nayara/Documentos/airflowalura/dags/atividade_aula_4.py
[2022-11-01 23:12:52,812] {logging_mixin.py:115} INFO - [2022-11-01 23:12:52,812] {dag.py:2379} INFO - Sync 1 DAGs
[2022-11-01 23:12:52,848] {logging_mixin.py:115} INFO - [2022-11-01 23:12:52,848] {dag.py:2927} INFO - Setting next_dagrun for atividade_aula_4 to 2022-11-01T00:00:00+00:00, run_after=2022-11-02T00:00:00+00:00
[2022-11-01 23:12:53,269] {processor.py:161} INFO - Processing /home/nayara/Documentos/airflowalura/dags/atividade_aula_4.py took 0.887 seconds
[2022-11-01 23:13:28,193] {processor.py:153} INFO - Started process (PID=21911) to work on /home/nayara/Documentos/airflowalura/dags/atividade_aula_4.py
[2022-11-01 23:13:28,211] {processor.py:641} INFO - Processing file /home/nayara/Documentos/airflowalura/dags/atividade_aula_4.py for tasks to queue
[2022-11-01 23:13:28,214] {logging_mixin.py:115} INFO - [2022-11-01 23:13:28,214] {dagbag.py:507} INFO - Filling up the DagBag from /home/nayara/Documentos/airflowalura/dags/atividade_aula_4.py
[2022-11-01 23:13:28,247] {processor.py:651} INFO - DAG(s) dict_keys(['atividade_aula_4']) retrieved from /home/nayara/Documentos/airflowalura/dags/atividade_aula_4.py
[2022-11-01 23:13:28,276] {logging_mixin.py:115} INFO - [2022-11-01 23:13:28,276] {dag.py:2379} INFO - Sync 1 DAGs
[2022-11-01 23:13:28,298] {logging_mixin.py:115} INFO - [2022-11-01 23:13:28,298] {dag.py:2927} INFO - Setting next_dagrun for atividade_aula_4 to 2022-11-01T00:00:00+00:00, run_after=2022-11-02T00:00:00+00:00
[2022-11-01 23:13:28,584] {processor.py:161} INFO - Processing /home/nayara/Documentos/airflowalura/dags/atividade_aula_4.py took 0.405 seconds
[2022-11-01 23:14:04,729] {processor.py:153} INFO - Started process (PID=22024) to work on /home/nayara/Documentos/airflowalura/dags/atividade_aula_4.py
[2022-11-01 23:14:04,763] {processor.py:641} INFO - Processing file /home/nayara/Documentos/airflowalura/dags/atividade_aula_4.py for tasks to queue
[2022-11-01 23:14:04,764] {logging_mixin.py:115} INFO - [2022-11-01 23:14:04,764] {dagbag.py:507} INFO - Filling up the DagBag from /home/nayara/Documentos/airflowalura/dags/atividade_aula_4.py
[2022-11-01 23:14:04,777] {processor.py:651} INFO - DAG(s) dict_keys(['atividade_aula_4']) retrieved from /home/nayara/Documentos/airflowalura/dags/atividade_aula_4.py
[2022-11-01 23:14:04,804] {logging_mixin.py:115} INFO - [2022-11-01 23:14:04,804] {dag.py:2379} INFO - Sync 1 DAGs
[2022-11-01 23:14:04,831] {logging_mixin.py:115} INFO - [2022-11-01 23:14:04,831] {dag.py:2927} INFO - Setting next_dagrun for atividade_aula_4 to 2022-11-01T00:00:00+00:00, run_after=2022-11-02T00:00:00+00:00
[2022-11-01 23:14:05,623] {processor.py:161} INFO - Processing /home/nayara/Documentos/airflowalura/dags/atividade_aula_4.py took 0.913 seconds
[2022-11-01 23:15:07,929] {processor.py:153} INFO - Started process (PID=22163) to work on /home/nayara/Documentos/airflowalura/dags/atividade_aula_4.py
[2022-11-01 23:15:07,931] {processor.py:641} INFO - Processing file /home/nayara/Documentos/airflowalura/dags/atividade_aula_4.py for tasks to queue
[2022-11-01 23:15:07,932] {logging_mixin.py:115} INFO - [2022-11-01 23:15:07,932] {dagbag.py:507} INFO - Filling up the DagBag from /home/nayara/Documentos/airflowalura/dags/atividade_aula_4.py
[2022-11-01 23:15:07,948] {processor.py:651} INFO - DAG(s) dict_keys(['atividade_aula_4']) retrieved from /home/nayara/Documentos/airflowalura/dags/atividade_aula_4.py
[2022-11-01 23:15:07,970] {logging_mixin.py:115} INFO - [2022-11-01 23:15:07,970] {dag.py:2379} INFO - Sync 1 DAGs
[2022-11-01 23:15:07,989] {logging_mixin.py:115} INFO - [2022-11-01 23:15:07,989] {dag.py:2927} INFO - Setting next_dagrun for atividade_aula_4 to 2022-11-01T00:00:00+00:00, run_after=2022-11-02T00:00:00+00:00
[2022-11-01 23:15:08,289] {processor.py:161} INFO - Processing /home/nayara/Documentos/airflowalura/dags/atividade_aula_4.py took 0.367 seconds
[2022-11-01 23:16:09,014] {processor.py:153} INFO - Started process (PID=22321) to work on /home/nayara/Documentos/airflowalura/dags/atividade_aula_4.py
[2022-11-01 23:16:09,016] {processor.py:641} INFO - Processing file /home/nayara/Documentos/airflowalura/dags/atividade_aula_4.py for tasks to queue
[2022-11-01 23:16:09,017] {logging_mixin.py:115} INFO - [2022-11-01 23:16:09,017] {dagbag.py:507} INFO - Filling up the DagBag from /home/nayara/Documentos/airflowalura/dags/atividade_aula_4.py
[2022-11-01 23:16:09,032] {processor.py:651} INFO - DAG(s) dict_keys(['atividade_aula_4']) retrieved from /home/nayara/Documentos/airflowalura/dags/atividade_aula_4.py
[2022-11-01 23:16:09,062] {logging_mixin.py:115} INFO - [2022-11-01 23:16:09,062] {dag.py:2379} INFO - Sync 1 DAGs
[2022-11-01 23:16:09,095] {logging_mixin.py:115} INFO - [2022-11-01 23:16:09,095] {dag.py:2927} INFO - Setting next_dagrun for atividade_aula_4 to 2022-11-01T00:00:00+00:00, run_after=2022-11-02T00:00:00+00:00
[2022-11-01 23:16:09,554] {processor.py:161} INFO - Processing /home/nayara/Documentos/airflowalura/dags/atividade_aula_4.py took 0.546 seconds
[2022-11-01 23:17:14,063] {processor.py:153} INFO - Started process (PID=22480) to work on /home/nayara/Documentos/airflowalura/dags/atividade_aula_4.py
[2022-11-01 23:17:14,079] {processor.py:641} INFO - Processing file /home/nayara/Documentos/airflowalura/dags/atividade_aula_4.py for tasks to queue
[2022-11-01 23:17:14,082] {logging_mixin.py:115} INFO - [2022-11-01 23:17:14,082] {dagbag.py:507} INFO - Filling up the DagBag from /home/nayara/Documentos/airflowalura/dags/atividade_aula_4.py
[2022-11-01 23:17:14,123] {processor.py:651} INFO - DAG(s) dict_keys(['atividade_aula_4']) retrieved from /home/nayara/Documentos/airflowalura/dags/atividade_aula_4.py
[2022-11-01 23:17:14,153] {logging_mixin.py:115} INFO - [2022-11-01 23:17:14,153] {dag.py:2379} INFO - Sync 1 DAGs
[2022-11-01 23:17:14,175] {logging_mixin.py:115} INFO - [2022-11-01 23:17:14,175] {dag.py:2927} INFO - Setting next_dagrun for atividade_aula_4 to 2022-11-01T00:00:00+00:00, run_after=2022-11-02T00:00:00+00:00
[2022-11-01 23:17:14,412] {processor.py:161} INFO - Processing /home/nayara/Documentos/airflowalura/dags/atividade_aula_4.py took 0.366 seconds
[2022-11-01 23:17:50,966] {processor.py:153} INFO - Started process (PID=22559) to work on /home/nayara/Documentos/airflowalura/dags/atividade_aula_4.py
[2022-11-01 23:17:51,013] {processor.py:641} INFO - Processing file /home/nayara/Documentos/airflowalura/dags/atividade_aula_4.py for tasks to queue
[2022-11-01 23:17:51,015] {logging_mixin.py:115} INFO - [2022-11-01 23:17:51,015] {dagbag.py:507} INFO - Filling up the DagBag from /home/nayara/Documentos/airflowalura/dags/atividade_aula_4.py
[2022-11-01 23:17:51,032] {processor.py:651} INFO - DAG(s) dict_keys(['atividade_aula_4']) retrieved from /home/nayara/Documentos/airflowalura/dags/atividade_aula_4.py
[2022-11-01 23:17:51,065] {logging_mixin.py:115} INFO - [2022-11-01 23:17:51,065] {dag.py:2379} INFO - Sync 1 DAGs
[2022-11-01 23:17:51,094] {logging_mixin.py:115} INFO - [2022-11-01 23:17:51,094] {dag.py:2927} INFO - Setting next_dagrun for atividade_aula_4 to 2022-11-01T00:00:00+00:00, run_after=2022-11-02T00:00:00+00:00
[2022-11-01 23:17:51,784] {processor.py:161} INFO - Processing /home/nayara/Documentos/airflowalura/dags/atividade_aula_4.py took 0.823 seconds
[2022-11-01 23:18:32,380] {processor.py:153} INFO - Started process (PID=22622) to work on /home/nayara/Documentos/airflowalura/dags/atividade_aula_4.py
[2022-11-01 23:18:32,414] {processor.py:641} INFO - Processing file /home/nayara/Documentos/airflowalura/dags/atividade_aula_4.py for tasks to queue
[2022-11-01 23:18:32,416] {logging_mixin.py:115} INFO - [2022-11-01 23:18:32,415] {dagbag.py:507} INFO - Filling up the DagBag from /home/nayara/Documentos/airflowalura/dags/atividade_aula_4.py
[2022-11-01 23:18:32,437] {processor.py:651} INFO - DAG(s) dict_keys(['atividade_aula_4']) retrieved from /home/nayara/Documentos/airflowalura/dags/atividade_aula_4.py
[2022-11-01 23:18:32,459] {logging_mixin.py:115} INFO - [2022-11-01 23:18:32,459] {dag.py:2379} INFO - Sync 1 DAGs
[2022-11-01 23:18:32,478] {logging_mixin.py:115} INFO - [2022-11-01 23:18:32,478] {dag.py:2927} INFO - Setting next_dagrun for atividade_aula_4 to 2022-11-01T00:00:00+00:00, run_after=2022-11-02T00:00:00+00:00
[2022-11-01 23:18:33,154] {processor.py:161} INFO - Processing /home/nayara/Documentos/airflowalura/dags/atividade_aula_4.py took 0.777 seconds
[2022-11-01 23:19:07,950] {processor.py:153} INFO - Started process (PID=22684) to work on /home/nayara/Documentos/airflowalura/dags/atividade_aula_4.py
[2022-11-01 23:19:08,045] {processor.py:641} INFO - Processing file /home/nayara/Documentos/airflowalura/dags/atividade_aula_4.py for tasks to queue
[2022-11-01 23:19:08,047] {logging_mixin.py:115} INFO - [2022-11-01 23:19:08,047] {dagbag.py:507} INFO - Filling up the DagBag from /home/nayara/Documentos/airflowalura/dags/atividade_aula_4.py
[2022-11-01 23:19:08,079] {processor.py:651} INFO - DAG(s) dict_keys(['atividade_aula_4']) retrieved from /home/nayara/Documentos/airflowalura/dags/atividade_aula_4.py
[2022-11-01 23:19:08,457] {logging_mixin.py:115} INFO - [2022-11-01 23:19:08,457] {dag.py:2379} INFO - Sync 1 DAGs
[2022-11-01 23:19:08,479] {logging_mixin.py:115} INFO - [2022-11-01 23:19:08,479] {dag.py:2927} INFO - Setting next_dagrun for atividade_aula_4 to 2022-11-01T00:00:00+00:00, run_after=2022-11-02T00:00:00+00:00
[2022-11-01 23:19:08,765] {processor.py:161} INFO - Processing /home/nayara/Documentos/airflowalura/dags/atividade_aula_4.py took 0.819 seconds
[2022-11-01 23:20:07,801] {processor.py:153} INFO - Started process (PID=22820) to work on /home/nayara/Documentos/airflowalura/dags/atividade_aula_4.py
[2022-11-01 23:20:07,821] {processor.py:641} INFO - Processing file /home/nayara/Documentos/airflowalura/dags/atividade_aula_4.py for tasks to queue
[2022-11-01 23:20:07,822] {logging_mixin.py:115} INFO - [2022-11-01 23:20:07,822] {dagbag.py:507} INFO - Filling up the DagBag from /home/nayara/Documentos/airflowalura/dags/atividade_aula_4.py
[2022-11-01 23:20:07,832] {processor.py:651} INFO - DAG(s) dict_keys(['atividade_aula_4']) retrieved from /home/nayara/Documentos/airflowalura/dags/atividade_aula_4.py
[2022-11-01 23:20:07,859] {logging_mixin.py:115} INFO - [2022-11-01 23:20:07,858] {dag.py:2379} INFO - Sync 1 DAGs
[2022-11-01 23:20:07,884] {logging_mixin.py:115} INFO - [2022-11-01 23:20:07,884] {dag.py:2927} INFO - Setting next_dagrun for atividade_aula_4 to 2022-11-01T00:00:00+00:00, run_after=2022-11-02T00:00:00+00:00
[2022-11-01 23:20:08,180] {processor.py:161} INFO - Processing /home/nayara/Documentos/airflowalura/dags/atividade_aula_4.py took 0.386 seconds
[2022-11-01 23:20:44,557] {processor.py:153} INFO - Started process (PID=22938) to work on /home/nayara/Documentos/airflowalura/dags/atividade_aula_4.py
[2022-11-01 23:20:44,572] {processor.py:641} INFO - Processing file /home/nayara/Documentos/airflowalura/dags/atividade_aula_4.py for tasks to queue
[2022-11-01 23:20:44,574] {logging_mixin.py:115} INFO - [2022-11-01 23:20:44,574] {dagbag.py:507} INFO - Filling up the DagBag from /home/nayara/Documentos/airflowalura/dags/atividade_aula_4.py
[2022-11-01 23:20:44,596] {processor.py:651} INFO - DAG(s) dict_keys(['atividade_aula_4']) retrieved from /home/nayara/Documentos/airflowalura/dags/atividade_aula_4.py
[2022-11-01 23:20:44,617] {logging_mixin.py:115} INFO - [2022-11-01 23:20:44,617] {dag.py:2379} INFO - Sync 1 DAGs
[2022-11-01 23:20:44,637] {logging_mixin.py:115} INFO - [2022-11-01 23:20:44,636] {dag.py:2927} INFO - Setting next_dagrun for atividade_aula_4 to 2022-11-01T00:00:00+00:00, run_after=2022-11-02T00:00:00+00:00
[2022-11-01 23:20:44,922] {processor.py:161} INFO - Processing /home/nayara/Documentos/airflowalura/dags/atividade_aula_4.py took 0.369 seconds
[2022-11-01 23:21:26,464] {processor.py:153} INFO - Started process (PID=23061) to work on /home/nayara/Documentos/airflowalura/dags/atividade_aula_4.py
[2022-11-01 23:21:26,615] {processor.py:641} INFO - Processing file /home/nayara/Documentos/airflowalura/dags/atividade_aula_4.py for tasks to queue
[2022-11-01 23:21:26,846] {logging_mixin.py:115} INFO - [2022-11-01 23:21:26,845] {dagbag.py:507} INFO - Filling up the DagBag from /home/nayara/Documentos/airflowalura/dags/atividade_aula_4.py
[2022-11-01 23:21:29,368] {processor.py:651} INFO - DAG(s) dict_keys(['atividade_aula_4']) retrieved from /home/nayara/Documentos/airflowalura/dags/atividade_aula_4.py
[2022-11-01 23:21:29,591] {logging_mixin.py:115} INFO - [2022-11-01 23:21:29,591] {dag.py:2379} INFO - Sync 1 DAGs
[2022-11-01 23:21:29,818] {logging_mixin.py:115} INFO - [2022-11-01 23:21:29,818] {dag.py:2927} INFO - Setting next_dagrun for atividade_aula_4 to 2022-11-01T00:00:00+00:00, run_after=2022-11-02T00:00:00+00:00
[2022-11-01 23:21:30,675] {processor.py:161} INFO - Processing /home/nayara/Documentos/airflowalura/dags/atividade_aula_4.py took 4.216 seconds
