[2022-11-01 22:33:17,796] {processor.py:153} INFO - Started process (PID=16917) to work on /home/nayara/Documentos/airflowalura/dags/dados_climaticos.py
[2022-11-01 22:33:17,798] {processor.py:641} INFO - Processing file /home/nayara/Documentos/airflowalura/dags/dados_climaticos.py for tasks to queue
[2022-11-01 22:33:17,800] {logging_mixin.py:115} INFO - [2022-11-01 22:33:17,799] {dagbag.py:507} INFO - Filling up the DagBag from /home/nayara/Documentos/airflowalura/dags/dados_climaticos.py
[2022-11-01 22:35:02,360] {processor.py:153} INFO - Started process (PID=17305) to work on /home/nayara/Documentos/airflowalura/dags/dados_climaticos.py
[2022-11-01 22:35:02,372] {processor.py:641} INFO - Processing file /home/nayara/Documentos/airflowalura/dags/dados_climaticos.py for tasks to queue
[2022-11-01 22:35:02,373] {logging_mixin.py:115} INFO - [2022-11-01 22:35:02,373] {dagbag.py:507} INFO - Filling up the DagBag from /home/nayara/Documentos/airflowalura/dags/dados_climaticos.py
[2022-11-01 22:35:10,976] {processor.py:651} INFO - DAG(s) dict_keys(['dados_climaticos']) retrieved from /home/nayara/Documentos/airflowalura/dags/dados_climaticos.py
[2022-11-01 22:35:12,313] {logging_mixin.py:115} INFO - [2022-11-01 22:35:12,313] {dag.py:2379} INFO - Sync 1 DAGs
[2022-11-01 22:35:12,475] {logging_mixin.py:115} INFO - [2022-11-01 22:35:12,475] {dag.py:2927} INFO - Setting next_dagrun for dados_climaticos to 2022-11-01T00:00:00+00:00, run_after=2022-11-02T00:00:00+00:00
[2022-11-01 22:35:14,196] {processor.py:161} INFO - Processing /home/nayara/Documentos/airflowalura/dags/dados_climaticos.py took 11.848 seconds
[2022-11-01 22:38:04,856] {processor.py:153} INFO - Started process (PID=17573) to work on /home/nayara/Documentos/airflowalura/dags/dados_climaticos.py
[2022-11-01 22:38:04,871] {processor.py:641} INFO - Processing file /home/nayara/Documentos/airflowalura/dags/dados_climaticos.py for tasks to queue
[2022-11-01 22:38:04,873] {logging_mixin.py:115} INFO - [2022-11-01 22:38:04,872] {dagbag.py:507} INFO - Filling up the DagBag from /home/nayara/Documentos/airflowalura/dags/dados_climaticos.py
[2022-11-01 22:38:08,888] {processor.py:651} INFO - DAG(s) dict_keys(['dados_climaticos']) retrieved from /home/nayara/Documentos/airflowalura/dags/dados_climaticos.py
[2022-11-01 22:38:08,907] {logging_mixin.py:115} INFO - [2022-11-01 22:38:08,907] {dag.py:2379} INFO - Sync 1 DAGs
[2022-11-01 22:38:08,935] {logging_mixin.py:115} INFO - [2022-11-01 22:38:08,935] {dag.py:2927} INFO - Setting next_dagrun for dados_climaticos to 2022-11-02T00:00:00+00:00, run_after=2022-11-03T00:00:00+00:00
[2022-11-01 22:38:09,657] {processor.py:161} INFO - Processing /home/nayara/Documentos/airflowalura/dags/dados_climaticos.py took 4.811 seconds
[2022-11-01 22:39:15,055] {processor.py:153} INFO - Started process (PID=17658) to work on /home/nayara/Documentos/airflowalura/dags/dados_climaticos.py
[2022-11-01 22:39:15,170] {processor.py:641} INFO - Processing file /home/nayara/Documentos/airflowalura/dags/dados_climaticos.py for tasks to queue
[2022-11-01 22:39:15,172] {logging_mixin.py:115} INFO - [2022-11-01 22:39:15,172] {dagbag.py:507} INFO - Filling up the DagBag from /home/nayara/Documentos/airflowalura/dags/dados_climaticos.py
[2022-11-01 22:39:35,137] {processor.py:651} INFO - DAG(s) dict_keys(['dados_climaticos']) retrieved from /home/nayara/Documentos/airflowalura/dags/dados_climaticos.py
[2022-11-01 22:39:35,200] {logging_mixin.py:115} INFO - [2022-11-01 22:39:35,199] {dag.py:2379} INFO - Sync 1 DAGs
[2022-11-01 22:39:35,229] {logging_mixin.py:115} INFO - [2022-11-01 22:39:35,229] {dag.py:2927} INFO - Setting next_dagrun for dados_climaticos to 2022-11-02T00:00:00+00:00, run_after=2022-11-03T00:00:00+00:00
[2022-11-01 22:39:35,604] {processor.py:161} INFO - Processing /home/nayara/Documentos/airflowalura/dags/dados_climaticos.py took 20.562 seconds
[2022-11-01 22:41:30,831] {processor.py:153} INFO - Started process (PID=17858) to work on /home/nayara/Documentos/airflowalura/dags/dados_climaticos.py
[2022-11-01 22:41:30,967] {processor.py:641} INFO - Processing file /home/nayara/Documentos/airflowalura/dags/dados_climaticos.py for tasks to queue
[2022-11-01 22:41:30,971] {logging_mixin.py:115} INFO - [2022-11-01 22:41:30,970] {dagbag.py:507} INFO - Filling up the DagBag from /home/nayara/Documentos/airflowalura/dags/dados_climaticos.py
[2022-11-01 22:42:27,293] {logging_mixin.py:115} INFO - [2022-11-01 22:42:27,290] {timeout.py:67} ERROR - Process timed out, PID: 17858
[2022-11-01 22:42:28,373] {logging_mixin.py:115} INFO - [2022-11-01 22:42:27,293] {dagbag.py:320} ERROR - Failed to import: /home/nayara/Documentos/airflowalura/dags/dados_climaticos.py
Traceback (most recent call last):
  File "/home/nayara/Documentos/airflowalura/venv/lib/python3.9/site-packages/airflow/models/dagbag.py", line 317, in parse
    loader.exec_module(new_module)
  File "<frozen importlib._bootstrap_external>", line 850, in exec_module
  File "<frozen importlib._bootstrap>", line 228, in _call_with_frames_removed
  File "/home/nayara/Documentos/airflowalura/dags/dados_climaticos.py", line 8, in <module>
    import pandas as pd
  File "/home/nayara/Documentos/airflowalura/venv/lib/python3.9/site-packages/pandas/__init__.py", line 48, in <module>
    from pandas.core.api import (
  File "/home/nayara/Documentos/airflowalura/venv/lib/python3.9/site-packages/pandas/core/api.py", line 47, in <module>
    from pandas.core.groupby import (
  File "/home/nayara/Documentos/airflowalura/venv/lib/python3.9/site-packages/pandas/core/groupby/__init__.py", line 1, in <module>
    from pandas.core.groupby.generic import (
  File "/home/nayara/Documentos/airflowalura/venv/lib/python3.9/site-packages/pandas/core/groupby/generic.py", line 76, in <module>
    from pandas.core.frame import DataFrame
  File "/home/nayara/Documentos/airflowalura/venv/lib/python3.9/site-packages/pandas/core/frame.py", line 170, in <module>
    from pandas.core.generic import NDFrame
  File "/home/nayara/Documentos/airflowalura/venv/lib/python3.9/site-packages/pandas/core/generic.py", line 147, in <module>
    from pandas.core.describe import describe_ndframe
  File "/home/nayara/Documentos/airflowalura/venv/lib/python3.9/site-packages/pandas/core/describe.py", line 45, in <module>
    from pandas.io.formats.format import format_percentiles
  File "/home/nayara/Documentos/airflowalura/venv/lib/python3.9/site-packages/pandas/io/formats/format.py", line 2012, in <module>
    def _has_names(index: Index) -> bool:
  File "/home/nayara/Documentos/airflowalura/venv/lib/python3.9/site-packages/airflow/utils/timeout.py", line 68, in handle_timeout
    raise AirflowTaskTimeout(self.error_message)
airflow.exceptions.AirflowTaskTimeout: DagBag import timeout for /home/nayara/Documentos/airflowalura/dags/dados_climaticos.py after 30.0s.
Please take a look at these docs to improve your DAG import time:
* https://airflow.apache.org/docs/apache-airflow/2.3.2/best-practices.html#top-level-python-code
* https://airflow.apache.org/docs/apache-airflow/2.3.2/best-practices.html#reducing-dag-complexity, PID: 17858
[2022-11-01 22:42:28,375] {processor.py:653} WARNING - No viable dags retrieved from /home/nayara/Documentos/airflowalura/dags/dados_climaticos.py
[2022-11-01 22:42:29,252] {processor.py:161} INFO - Processing /home/nayara/Documentos/airflowalura/dags/dados_climaticos.py took 58.430 seconds
[2022-11-01 22:43:30,232] {processor.py:153} INFO - Started process (PID=18022) to work on /home/nayara/Documentos/airflowalura/dags/dados_climaticos.py
[2022-11-01 22:43:30,258] {processor.py:641} INFO - Processing file /home/nayara/Documentos/airflowalura/dags/dados_climaticos.py for tasks to queue
[2022-11-01 22:43:30,259] {logging_mixin.py:115} INFO - [2022-11-01 22:43:30,259] {dagbag.py:507} INFO - Filling up the DagBag from /home/nayara/Documentos/airflowalura/dags/dados_climaticos.py
[2022-11-01 22:43:31,779] {processor.py:651} INFO - DAG(s) dict_keys(['dados_climaticos']) retrieved from /home/nayara/Documentos/airflowalura/dags/dados_climaticos.py
[2022-11-01 22:43:31,799] {logging_mixin.py:115} INFO - [2022-11-01 22:43:31,799] {dag.py:2379} INFO - Sync 1 DAGs
[2022-11-01 22:43:31,832] {logging_mixin.py:115} INFO - [2022-11-01 22:43:31,832] {dag.py:2927} INFO - Setting next_dagrun for dados_climaticos to 2022-11-02T00:00:00+00:00, run_after=2022-11-03T00:00:00+00:00
[2022-11-01 22:43:32,657] {processor.py:161} INFO - Processing /home/nayara/Documentos/airflowalura/dags/dados_climaticos.py took 2.434 seconds
[2022-11-01 22:44:14,034] {processor.py:153} INFO - Started process (PID=18100) to work on /home/nayara/Documentos/airflowalura/dags/dados_climaticos.py
[2022-11-01 22:44:14,120] {processor.py:641} INFO - Processing file /home/nayara/Documentos/airflowalura/dags/dados_climaticos.py for tasks to queue
[2022-11-01 22:44:14,144] {logging_mixin.py:115} INFO - [2022-11-01 22:44:14,143] {dagbag.py:507} INFO - Filling up the DagBag from /home/nayara/Documentos/airflowalura/dags/dados_climaticos.py
[2022-11-01 22:44:19,960] {processor.py:651} INFO - DAG(s) dict_keys(['dados_climaticos']) retrieved from /home/nayara/Documentos/airflowalura/dags/dados_climaticos.py
[2022-11-01 22:44:19,989] {logging_mixin.py:115} INFO - [2022-11-01 22:44:19,988] {dag.py:2379} INFO - Sync 1 DAGs
[2022-11-01 22:44:20,025] {logging_mixin.py:115} INFO - [2022-11-01 22:44:20,025] {dag.py:2927} INFO - Setting next_dagrun for dados_climaticos to 2022-11-02T00:00:00+00:00, run_after=2022-11-03T00:00:00+00:00
[2022-11-01 22:44:20,481] {processor.py:161} INFO - Processing /home/nayara/Documentos/airflowalura/dags/dados_climaticos.py took 6.455 seconds
[2022-11-01 22:44:57,608] {processor.py:153} INFO - Started process (PID=18172) to work on /home/nayara/Documentos/airflowalura/dags/dados_climaticos.py
[2022-11-01 22:44:57,626] {processor.py:641} INFO - Processing file /home/nayara/Documentos/airflowalura/dags/dados_climaticos.py for tasks to queue
[2022-11-01 22:44:57,628] {logging_mixin.py:115} INFO - [2022-11-01 22:44:57,628] {dagbag.py:507} INFO - Filling up the DagBag from /home/nayara/Documentos/airflowalura/dags/dados_climaticos.py
[2022-11-01 22:44:58,924] {processor.py:651} INFO - DAG(s) dict_keys(['dados_climaticos']) retrieved from /home/nayara/Documentos/airflowalura/dags/dados_climaticos.py
[2022-11-01 22:44:58,952] {logging_mixin.py:115} INFO - [2022-11-01 22:44:58,952] {dag.py:2379} INFO - Sync 1 DAGs
[2022-11-01 22:44:58,979] {logging_mixin.py:115} INFO - [2022-11-01 22:44:58,978] {dag.py:2927} INFO - Setting next_dagrun for dados_climaticos to 2022-11-02T00:00:00+00:00, run_after=2022-11-03T00:00:00+00:00
[2022-11-01 22:44:59,453] {processor.py:161} INFO - Processing /home/nayara/Documentos/airflowalura/dags/dados_climaticos.py took 1.853 seconds
[2022-11-01 22:45:31,105] {processor.py:153} INFO - Started process (PID=18226) to work on /home/nayara/Documentos/airflowalura/dags/dados_climaticos.py
[2022-11-01 22:45:31,130] {processor.py:641} INFO - Processing file /home/nayara/Documentos/airflowalura/dags/dados_climaticos.py for tasks to queue
[2022-11-01 22:45:31,131] {logging_mixin.py:115} INFO - [2022-11-01 22:45:31,131] {dagbag.py:507} INFO - Filling up the DagBag from /home/nayara/Documentos/airflowalura/dags/dados_climaticos.py
[2022-11-01 22:45:31,995] {processor.py:651} INFO - DAG(s) dict_keys(['dados_climaticos']) retrieved from /home/nayara/Documentos/airflowalura/dags/dados_climaticos.py
[2022-11-01 22:45:32,021] {logging_mixin.py:115} INFO - [2022-11-01 22:45:32,021] {dag.py:2379} INFO - Sync 1 DAGs
[2022-11-01 22:45:32,051] {logging_mixin.py:115} INFO - [2022-11-01 22:45:32,051] {dag.py:2927} INFO - Setting next_dagrun for dados_climaticos to 2022-11-02T00:00:00+00:00, run_after=2022-11-03T00:00:00+00:00
[2022-11-01 22:45:32,602] {processor.py:161} INFO - Processing /home/nayara/Documentos/airflowalura/dags/dados_climaticos.py took 1.506 seconds
[2022-11-01 22:46:28,572] {processor.py:153} INFO - Started process (PID=18335) to work on /home/nayara/Documentos/airflowalura/dags/dados_climaticos.py
[2022-11-01 22:46:28,600] {processor.py:641} INFO - Processing file /home/nayara/Documentos/airflowalura/dags/dados_climaticos.py for tasks to queue
[2022-11-01 22:46:28,601] {logging_mixin.py:115} INFO - [2022-11-01 22:46:28,601] {dagbag.py:507} INFO - Filling up the DagBag from /home/nayara/Documentos/airflowalura/dags/dados_climaticos.py
[2022-11-01 22:46:29,583] {processor.py:651} INFO - DAG(s) dict_keys(['dados_climaticos']) retrieved from /home/nayara/Documentos/airflowalura/dags/dados_climaticos.py
[2022-11-01 22:46:29,610] {logging_mixin.py:115} INFO - [2022-11-01 22:46:29,610] {dag.py:2379} INFO - Sync 1 DAGs
[2022-11-01 22:46:29,640] {logging_mixin.py:115} INFO - [2022-11-01 22:46:29,640] {dag.py:2927} INFO - Setting next_dagrun for dados_climaticos to 2022-11-02T00:00:00+00:00, run_after=2022-11-03T00:00:00+00:00
[2022-11-01 22:46:29,930] {processor.py:161} INFO - Processing /home/nayara/Documentos/airflowalura/dags/dados_climaticos.py took 1.367 seconds
[2022-11-01 22:47:04,458] {processor.py:153} INFO - Started process (PID=18442) to work on /home/nayara/Documentos/airflowalura/dags/dados_climaticos.py
[2022-11-01 22:47:04,476] {processor.py:641} INFO - Processing file /home/nayara/Documentos/airflowalura/dags/dados_climaticos.py for tasks to queue
[2022-11-01 22:47:04,478] {logging_mixin.py:115} INFO - [2022-11-01 22:47:04,477] {dagbag.py:507} INFO - Filling up the DagBag from /home/nayara/Documentos/airflowalura/dags/dados_climaticos.py
[2022-11-01 22:47:05,406] {processor.py:651} INFO - DAG(s) dict_keys(['dados_climaticos']) retrieved from /home/nayara/Documentos/airflowalura/dags/dados_climaticos.py
[2022-11-01 22:47:05,423] {logging_mixin.py:115} INFO - [2022-11-01 22:47:05,423] {dag.py:2379} INFO - Sync 1 DAGs
[2022-11-01 22:47:05,454] {logging_mixin.py:115} INFO - [2022-11-01 22:47:05,454] {dag.py:2927} INFO - Setting next_dagrun for dados_climaticos to 2022-11-02T00:00:00+00:00, run_after=2022-11-03T00:00:00+00:00
[2022-11-01 22:47:05,693] {processor.py:161} INFO - Processing /home/nayara/Documentos/airflowalura/dags/dados_climaticos.py took 1.240 seconds
[2022-11-01 22:47:35,817] {processor.py:153} INFO - Started process (PID=18496) to work on /home/nayara/Documentos/airflowalura/dags/dados_climaticos.py
[2022-11-01 22:47:35,851] {processor.py:641} INFO - Processing file /home/nayara/Documentos/airflowalura/dags/dados_climaticos.py for tasks to queue
[2022-11-01 22:47:35,852] {logging_mixin.py:115} INFO - [2022-11-01 22:47:35,851] {dagbag.py:507} INFO - Filling up the DagBag from /home/nayara/Documentos/airflowalura/dags/dados_climaticos.py
[2022-11-01 22:47:36,747] {processor.py:651} INFO - DAG(s) dict_keys(['dados_climaticos']) retrieved from /home/nayara/Documentos/airflowalura/dags/dados_climaticos.py
[2022-11-01 22:47:36,774] {logging_mixin.py:115} INFO - [2022-11-01 22:47:36,774] {dag.py:2379} INFO - Sync 1 DAGs
[2022-11-01 22:47:36,794] {logging_mixin.py:115} INFO - [2022-11-01 22:47:36,794] {dag.py:2927} INFO - Setting next_dagrun for dados_climaticos to 2022-11-02T00:00:00+00:00, run_after=2022-11-03T00:00:00+00:00
[2022-11-01 22:47:37,041] {processor.py:161} INFO - Processing /home/nayara/Documentos/airflowalura/dags/dados_climaticos.py took 1.233 seconds
[2022-11-01 22:48:34,413] {processor.py:153} INFO - Started process (PID=18609) to work on /home/nayara/Documentos/airflowalura/dags/dados_climaticos.py
[2022-11-01 22:48:34,432] {processor.py:641} INFO - Processing file /home/nayara/Documentos/airflowalura/dags/dados_climaticos.py for tasks to queue
[2022-11-01 22:48:34,436] {logging_mixin.py:115} INFO - [2022-11-01 22:48:34,436] {dagbag.py:507} INFO - Filling up the DagBag from /home/nayara/Documentos/airflowalura/dags/dados_climaticos.py
[2022-11-01 22:48:35,528] {processor.py:651} INFO - DAG(s) dict_keys(['dados_climaticos']) retrieved from /home/nayara/Documentos/airflowalura/dags/dados_climaticos.py
[2022-11-01 22:48:35,554] {logging_mixin.py:115} INFO - [2022-11-01 22:48:35,554] {dag.py:2379} INFO - Sync 1 DAGs
[2022-11-01 22:48:35,590] {logging_mixin.py:115} INFO - [2022-11-01 22:48:35,589] {dag.py:2927} INFO - Setting next_dagrun for dados_climaticos to 2022-11-02T00:00:00+00:00, run_after=2022-11-03T00:00:00+00:00
[2022-11-01 22:48:35,830] {processor.py:161} INFO - Processing /home/nayara/Documentos/airflowalura/dags/dados_climaticos.py took 1.422 seconds
[2022-11-01 22:49:31,025] {processor.py:153} INFO - Started process (PID=18725) to work on /home/nayara/Documentos/airflowalura/dags/dados_climaticos.py
[2022-11-01 22:49:31,060] {processor.py:641} INFO - Processing file /home/nayara/Documentos/airflowalura/dags/dados_climaticos.py for tasks to queue
[2022-11-01 22:49:31,062] {logging_mixin.py:115} INFO - [2022-11-01 22:49:31,061] {dagbag.py:507} INFO - Filling up the DagBag from /home/nayara/Documentos/airflowalura/dags/dados_climaticos.py
[2022-11-01 22:49:31,906] {processor.py:651} INFO - DAG(s) dict_keys(['dados_climaticos']) retrieved from /home/nayara/Documentos/airflowalura/dags/dados_climaticos.py
[2022-11-01 22:49:31,936] {logging_mixin.py:115} INFO - [2022-11-01 22:49:31,936] {dag.py:2379} INFO - Sync 1 DAGs
[2022-11-01 22:49:31,968] {logging_mixin.py:115} INFO - [2022-11-01 22:49:31,967] {dag.py:2927} INFO - Setting next_dagrun for dados_climaticos to 2022-11-02T00:00:00+00:00, run_after=2022-11-03T00:00:00+00:00
[2022-11-01 22:49:32,339] {processor.py:161} INFO - Processing /home/nayara/Documentos/airflowalura/dags/dados_climaticos.py took 1.322 seconds
[2022-11-01 22:50:24,221] {processor.py:153} INFO - Started process (PID=18820) to work on /home/nayara/Documentos/airflowalura/dags/dados_climaticos.py
[2022-11-01 22:50:24,254] {processor.py:641} INFO - Processing file /home/nayara/Documentos/airflowalura/dags/dados_climaticos.py for tasks to queue
[2022-11-01 22:50:24,257] {logging_mixin.py:115} INFO - [2022-11-01 22:50:24,257] {dagbag.py:507} INFO - Filling up the DagBag from /home/nayara/Documentos/airflowalura/dags/dados_climaticos.py
[2022-11-01 22:50:25,115] {processor.py:651} INFO - DAG(s) dict_keys(['dados_climaticos']) retrieved from /home/nayara/Documentos/airflowalura/dags/dados_climaticos.py
[2022-11-01 22:50:25,143] {logging_mixin.py:115} INFO - [2022-11-01 22:50:25,143] {dag.py:2379} INFO - Sync 1 DAGs
[2022-11-01 22:50:25,173] {logging_mixin.py:115} INFO - [2022-11-01 22:50:25,173] {dag.py:2927} INFO - Setting next_dagrun for dados_climaticos to 2022-11-02T00:00:00+00:00, run_after=2022-11-03T00:00:00+00:00
[2022-11-01 22:50:25,393] {processor.py:161} INFO - Processing /home/nayara/Documentos/airflowalura/dags/dados_climaticos.py took 1.183 seconds
[2022-11-01 22:51:28,954] {processor.py:153} INFO - Started process (PID=18938) to work on /home/nayara/Documentos/airflowalura/dags/dados_climaticos.py
[2022-11-01 22:51:29,016] {processor.py:641} INFO - Processing file /home/nayara/Documentos/airflowalura/dags/dados_climaticos.py for tasks to queue
[2022-11-01 22:51:29,018] {logging_mixin.py:115} INFO - [2022-11-01 22:51:29,018] {dagbag.py:507} INFO - Filling up the DagBag from /home/nayara/Documentos/airflowalura/dags/dados_climaticos.py
[2022-11-01 22:51:30,856] {processor.py:651} INFO - DAG(s) dict_keys(['dados_climaticos']) retrieved from /home/nayara/Documentos/airflowalura/dags/dados_climaticos.py
[2022-11-01 22:51:30,883] {logging_mixin.py:115} INFO - [2022-11-01 22:51:30,883] {dag.py:2379} INFO - Sync 1 DAGs
[2022-11-01 22:51:30,917] {logging_mixin.py:115} INFO - [2022-11-01 22:51:30,917] {dag.py:2927} INFO - Setting next_dagrun for dados_climaticos to 2022-11-02T00:00:00+00:00, run_after=2022-11-03T00:00:00+00:00
[2022-11-01 22:51:31,146] {processor.py:161} INFO - Processing /home/nayara/Documentos/airflowalura/dags/dados_climaticos.py took 2.199 seconds
[2022-11-01 22:52:18,585] {processor.py:153} INFO - Started process (PID=19059) to work on /home/nayara/Documentos/airflowalura/dags/dados_climaticos.py
[2022-11-01 22:52:18,696] {processor.py:641} INFO - Processing file /home/nayara/Documentos/airflowalura/dags/dados_climaticos.py for tasks to queue
[2022-11-01 22:52:18,697] {logging_mixin.py:115} INFO - [2022-11-01 22:52:18,697] {dagbag.py:507} INFO - Filling up the DagBag from /home/nayara/Documentos/airflowalura/dags/dados_climaticos.py
[2022-11-01 22:52:21,335] {processor.py:651} INFO - DAG(s) dict_keys(['dados_climaticos']) retrieved from /home/nayara/Documentos/airflowalura/dags/dados_climaticos.py
[2022-11-01 22:52:21,369] {logging_mixin.py:115} INFO - [2022-11-01 22:52:21,368] {dag.py:2379} INFO - Sync 1 DAGs
[2022-11-01 22:52:21,405] {logging_mixin.py:115} INFO - [2022-11-01 22:52:21,405] {dag.py:2927} INFO - Setting next_dagrun for dados_climaticos to 2022-11-02T00:00:00+00:00, run_after=2022-11-03T00:00:00+00:00
[2022-11-01 22:52:21,634] {processor.py:161} INFO - Processing /home/nayara/Documentos/airflowalura/dags/dados_climaticos.py took 3.055 seconds
[2022-11-01 22:53:01,546] {processor.py:153} INFO - Started process (PID=19146) to work on /home/nayara/Documentos/airflowalura/dags/dados_climaticos.py
[2022-11-01 22:53:01,569] {processor.py:641} INFO - Processing file /home/nayara/Documentos/airflowalura/dags/dados_climaticos.py for tasks to queue
[2022-11-01 22:53:01,572] {logging_mixin.py:115} INFO - [2022-11-01 22:53:01,571] {dagbag.py:507} INFO - Filling up the DagBag from /home/nayara/Documentos/airflowalura/dags/dados_climaticos.py
[2022-11-01 22:53:02,593] {processor.py:651} INFO - DAG(s) dict_keys(['dados_climaticos']) retrieved from /home/nayara/Documentos/airflowalura/dags/dados_climaticos.py
[2022-11-01 22:53:02,623] {logging_mixin.py:115} INFO - [2022-11-01 22:53:02,623] {dag.py:2379} INFO - Sync 1 DAGs
[2022-11-01 22:53:02,654] {logging_mixin.py:115} INFO - [2022-11-01 22:53:02,654] {dag.py:2927} INFO - Setting next_dagrun for dados_climaticos to 2022-11-02T00:00:00+00:00, run_after=2022-11-03T00:00:00+00:00
[2022-11-01 22:53:02,886] {processor.py:161} INFO - Processing /home/nayara/Documentos/airflowalura/dags/dados_climaticos.py took 1.347 seconds
[2022-11-01 22:54:02,453] {processor.py:153} INFO - Started process (PID=19265) to work on /home/nayara/Documentos/airflowalura/dags/dados_climaticos.py
[2022-11-01 22:54:02,470] {processor.py:641} INFO - Processing file /home/nayara/Documentos/airflowalura/dags/dados_climaticos.py for tasks to queue
[2022-11-01 22:54:02,471] {logging_mixin.py:115} INFO - [2022-11-01 22:54:02,471] {dagbag.py:507} INFO - Filling up the DagBag from /home/nayara/Documentos/airflowalura/dags/dados_climaticos.py
[2022-11-01 22:54:02,969] {processor.py:651} INFO - DAG(s) dict_keys(['dados_climaticos']) retrieved from /home/nayara/Documentos/airflowalura/dags/dados_climaticos.py
[2022-11-01 22:54:02,982] {logging_mixin.py:115} INFO - [2022-11-01 22:54:02,982] {dag.py:2379} INFO - Sync 1 DAGs
[2022-11-01 22:54:03,005] {logging_mixin.py:115} INFO - [2022-11-01 22:54:03,005] {dag.py:2927} INFO - Setting next_dagrun for dados_climaticos to 2022-11-02T00:00:00+00:00, run_after=2022-11-03T00:00:00+00:00
[2022-11-01 22:54:03,237] {processor.py:161} INFO - Processing /home/nayara/Documentos/airflowalura/dags/dados_climaticos.py took 0.788 seconds
[2022-11-01 22:54:33,865] {processor.py:153} INFO - Started process (PID=19323) to work on /home/nayara/Documentos/airflowalura/dags/dados_climaticos.py
[2022-11-01 22:54:33,867] {processor.py:641} INFO - Processing file /home/nayara/Documentos/airflowalura/dags/dados_climaticos.py for tasks to queue
[2022-11-01 22:54:33,868] {logging_mixin.py:115} INFO - [2022-11-01 22:54:33,868] {dagbag.py:507} INFO - Filling up the DagBag from /home/nayara/Documentos/airflowalura/dags/dados_climaticos.py
[2022-11-01 22:54:34,327] {processor.py:651} INFO - DAG(s) dict_keys(['dados_climaticos']) retrieved from /home/nayara/Documentos/airflowalura/dags/dados_climaticos.py
[2022-11-01 22:54:34,340] {logging_mixin.py:115} INFO - [2022-11-01 22:54:34,340] {dag.py:2379} INFO - Sync 1 DAGs
[2022-11-01 22:54:34,361] {logging_mixin.py:115} INFO - [2022-11-01 22:54:34,361] {dag.py:2927} INFO - Setting next_dagrun for dados_climaticos to 2022-11-02T00:00:00+00:00, run_after=2022-11-03T00:00:00+00:00
[2022-11-01 22:54:35,311] {processor.py:161} INFO - Processing /home/nayara/Documentos/airflowalura/dags/dados_climaticos.py took 1.456 seconds
[2022-11-01 22:55:12,776] {processor.py:153} INFO - Started process (PID=19434) to work on /home/nayara/Documentos/airflowalura/dags/dados_climaticos.py
[2022-11-01 22:55:12,896] {processor.py:641} INFO - Processing file /home/nayara/Documentos/airflowalura/dags/dados_climaticos.py for tasks to queue
[2022-11-01 22:55:12,899] {logging_mixin.py:115} INFO - [2022-11-01 22:55:12,898] {dagbag.py:507} INFO - Filling up the DagBag from /home/nayara/Documentos/airflowalura/dags/dados_climaticos.py
[2022-11-01 22:55:13,347] {processor.py:651} INFO - DAG(s) dict_keys(['dados_climaticos']) retrieved from /home/nayara/Documentos/airflowalura/dags/dados_climaticos.py
[2022-11-01 22:55:13,359] {logging_mixin.py:115} INFO - [2022-11-01 22:55:13,359] {dag.py:2379} INFO - Sync 1 DAGs
[2022-11-01 22:55:13,374] {logging_mixin.py:115} INFO - [2022-11-01 22:55:13,374] {dag.py:2927} INFO - Setting next_dagrun for dados_climaticos to 2022-11-02T00:00:00+00:00, run_after=2022-11-03T00:00:00+00:00
[2022-11-01 22:55:13,927] {processor.py:161} INFO - Processing /home/nayara/Documentos/airflowalura/dags/dados_climaticos.py took 1.156 seconds
[2022-11-01 22:55:47,034] {processor.py:153} INFO - Started process (PID=19499) to work on /home/nayara/Documentos/airflowalura/dags/dados_climaticos.py
[2022-11-01 22:55:47,049] {processor.py:641} INFO - Processing file /home/nayara/Documentos/airflowalura/dags/dados_climaticos.py for tasks to queue
[2022-11-01 22:55:47,051] {logging_mixin.py:115} INFO - [2022-11-01 22:55:47,050] {dagbag.py:507} INFO - Filling up the DagBag from /home/nayara/Documentos/airflowalura/dags/dados_climaticos.py
[2022-11-01 22:55:47,489] {processor.py:651} INFO - DAG(s) dict_keys(['dados_climaticos']) retrieved from /home/nayara/Documentos/airflowalura/dags/dados_climaticos.py
[2022-11-01 22:55:47,502] {logging_mixin.py:115} INFO - [2022-11-01 22:55:47,502] {dag.py:2379} INFO - Sync 1 DAGs
[2022-11-01 22:55:47,519] {logging_mixin.py:115} INFO - [2022-11-01 22:55:47,519] {dag.py:2927} INFO - Setting next_dagrun for dados_climaticos to 2022-11-02T00:00:00+00:00, run_after=2022-11-03T00:00:00+00:00
[2022-11-01 22:55:47,913] {processor.py:161} INFO - Processing /home/nayara/Documentos/airflowalura/dags/dados_climaticos.py took 0.891 seconds
[2022-11-01 22:56:20,262] {processor.py:153} INFO - Started process (PID=19575) to work on /home/nayara/Documentos/airflowalura/dags/dados_climaticos.py
[2022-11-01 22:56:20,265] {processor.py:641} INFO - Processing file /home/nayara/Documentos/airflowalura/dags/dados_climaticos.py for tasks to queue
[2022-11-01 22:56:20,267] {logging_mixin.py:115} INFO - [2022-11-01 22:56:20,267] {dagbag.py:507} INFO - Filling up the DagBag from /home/nayara/Documentos/airflowalura/dags/dados_climaticos.py
[2022-11-01 22:56:20,712] {processor.py:651} INFO - DAG(s) dict_keys(['dados_climaticos']) retrieved from /home/nayara/Documentos/airflowalura/dags/dados_climaticos.py
[2022-11-01 22:56:20,726] {logging_mixin.py:115} INFO - [2022-11-01 22:56:20,726] {dag.py:2379} INFO - Sync 1 DAGs
[2022-11-01 22:56:20,742] {logging_mixin.py:115} INFO - [2022-11-01 22:56:20,742] {dag.py:2927} INFO - Setting next_dagrun for dados_climaticos to 2022-11-02T00:00:00+00:00, run_after=2022-11-03T00:00:00+00:00
[2022-11-01 22:56:21,103] {processor.py:161} INFO - Processing /home/nayara/Documentos/airflowalura/dags/dados_climaticos.py took 0.852 seconds
[2022-11-01 22:57:02,847] {processor.py:153} INFO - Started process (PID=19695) to work on /home/nayara/Documentos/airflowalura/dags/dados_climaticos.py
[2022-11-01 22:57:02,880] {processor.py:641} INFO - Processing file /home/nayara/Documentos/airflowalura/dags/dados_climaticos.py for tasks to queue
[2022-11-01 22:57:02,882] {logging_mixin.py:115} INFO - [2022-11-01 22:57:02,881] {dagbag.py:507} INFO - Filling up the DagBag from /home/nayara/Documentos/airflowalura/dags/dados_climaticos.py
[2022-11-01 22:57:03,394] {processor.py:651} INFO - DAG(s) dict_keys(['dados_climaticos']) retrieved from /home/nayara/Documentos/airflowalura/dags/dados_climaticos.py
[2022-11-01 22:57:03,406] {logging_mixin.py:115} INFO - [2022-11-01 22:57:03,406] {dag.py:2379} INFO - Sync 1 DAGs
[2022-11-01 22:57:03,423] {logging_mixin.py:115} INFO - [2022-11-01 22:57:03,423] {dag.py:2927} INFO - Setting next_dagrun for dados_climaticos to 2022-11-02T00:00:00+00:00, run_after=2022-11-03T00:00:00+00:00
[2022-11-01 22:57:04,125] {processor.py:161} INFO - Processing /home/nayara/Documentos/airflowalura/dags/dados_climaticos.py took 1.289 seconds
[2022-11-01 22:57:47,472] {processor.py:153} INFO - Started process (PID=19805) to work on /home/nayara/Documentos/airflowalura/dags/dados_climaticos.py
[2022-11-01 22:57:47,487] {processor.py:641} INFO - Processing file /home/nayara/Documentos/airflowalura/dags/dados_climaticos.py for tasks to queue
[2022-11-01 22:57:47,489] {logging_mixin.py:115} INFO - [2022-11-01 22:57:47,488] {dagbag.py:507} INFO - Filling up the DagBag from /home/nayara/Documentos/airflowalura/dags/dados_climaticos.py
[2022-11-01 22:57:48,123] {processor.py:651} INFO - DAG(s) dict_keys(['dados_climaticos']) retrieved from /home/nayara/Documentos/airflowalura/dags/dados_climaticos.py
[2022-11-01 22:57:48,146] {logging_mixin.py:115} INFO - [2022-11-01 22:57:48,146] {dag.py:2379} INFO - Sync 1 DAGs
[2022-11-01 22:57:48,177] {logging_mixin.py:115} INFO - [2022-11-01 22:57:48,177] {dag.py:2927} INFO - Setting next_dagrun for dados_climaticos to 2022-11-02T00:00:00+00:00, run_after=2022-11-03T00:00:00+00:00
[2022-11-01 22:57:48,672] {processor.py:161} INFO - Processing /home/nayara/Documentos/airflowalura/dags/dados_climaticos.py took 1.208 seconds
[2022-11-01 22:58:42,238] {processor.py:153} INFO - Started process (PID=19915) to work on /home/nayara/Documentos/airflowalura/dags/dados_climaticos.py
[2022-11-01 22:58:42,266] {processor.py:641} INFO - Processing file /home/nayara/Documentos/airflowalura/dags/dados_climaticos.py for tasks to queue
[2022-11-01 22:58:42,267] {logging_mixin.py:115} INFO - [2022-11-01 22:58:42,267] {dagbag.py:507} INFO - Filling up the DagBag from /home/nayara/Documentos/airflowalura/dags/dados_climaticos.py
[2022-11-01 22:58:42,686] {processor.py:651} INFO - DAG(s) dict_keys(['dados_climaticos']) retrieved from /home/nayara/Documentos/airflowalura/dags/dados_climaticos.py
[2022-11-01 22:58:42,698] {logging_mixin.py:115} INFO - [2022-11-01 22:58:42,698] {dag.py:2379} INFO - Sync 1 DAGs
[2022-11-01 22:58:42,713] {logging_mixin.py:115} INFO - [2022-11-01 22:58:42,713] {dag.py:2927} INFO - Setting next_dagrun for dados_climaticos to 2022-11-02T00:00:00+00:00, run_after=2022-11-03T00:00:00+00:00
[2022-11-01 22:58:43,072] {processor.py:161} INFO - Processing /home/nayara/Documentos/airflowalura/dags/dados_climaticos.py took 0.844 seconds
[2022-11-01 22:59:29,693] {processor.py:153} INFO - Started process (PID=20019) to work on /home/nayara/Documentos/airflowalura/dags/dados_climaticos.py
[2022-11-01 22:59:29,778] {processor.py:641} INFO - Processing file /home/nayara/Documentos/airflowalura/dags/dados_climaticos.py for tasks to queue
[2022-11-01 22:59:29,781] {logging_mixin.py:115} INFO - [2022-11-01 22:59:29,780] {dagbag.py:507} INFO - Filling up the DagBag from /home/nayara/Documentos/airflowalura/dags/dados_climaticos.py
[2022-11-01 22:59:30,240] {processor.py:651} INFO - DAG(s) dict_keys(['dados_climaticos']) retrieved from /home/nayara/Documentos/airflowalura/dags/dados_climaticos.py
[2022-11-01 22:59:30,252] {logging_mixin.py:115} INFO - [2022-11-01 22:59:30,252] {dag.py:2379} INFO - Sync 1 DAGs
[2022-11-01 22:59:30,268] {logging_mixin.py:115} INFO - [2022-11-01 22:59:30,268] {dag.py:2927} INFO - Setting next_dagrun for dados_climaticos to 2022-11-02T00:00:00+00:00, run_after=2022-11-03T00:00:00+00:00
[2022-11-01 22:59:30,587] {processor.py:161} INFO - Processing /home/nayara/Documentos/airflowalura/dags/dados_climaticos.py took 0.898 seconds
[2022-11-01 23:00:28,291] {processor.py:153} INFO - Started process (PID=20137) to work on /home/nayara/Documentos/airflowalura/dags/dados_climaticos.py
[2022-11-01 23:00:28,309] {processor.py:641} INFO - Processing file /home/nayara/Documentos/airflowalura/dags/dados_climaticos.py for tasks to queue
[2022-11-01 23:00:28,311] {logging_mixin.py:115} INFO - [2022-11-01 23:00:28,311] {dagbag.py:507} INFO - Filling up the DagBag from /home/nayara/Documentos/airflowalura/dags/dados_climaticos.py
[2022-11-01 23:00:28,759] {processor.py:651} INFO - DAG(s) dict_keys(['dados_climaticos']) retrieved from /home/nayara/Documentos/airflowalura/dags/dados_climaticos.py
[2022-11-01 23:00:28,772] {logging_mixin.py:115} INFO - [2022-11-01 23:00:28,772] {dag.py:2379} INFO - Sync 1 DAGs
[2022-11-01 23:00:28,787] {logging_mixin.py:115} INFO - [2022-11-01 23:00:28,787] {dag.py:2927} INFO - Setting next_dagrun for dados_climaticos to 2022-11-02T00:00:00+00:00, run_after=2022-11-03T00:00:00+00:00
[2022-11-01 23:00:29,037] {processor.py:161} INFO - Processing /home/nayara/Documentos/airflowalura/dags/dados_climaticos.py took 0.760 seconds
[2022-11-01 23:01:17,576] {processor.py:153} INFO - Started process (PID=20221) to work on /home/nayara/Documentos/airflowalura/dags/dados_climaticos.py
[2022-11-01 23:01:17,598] {processor.py:641} INFO - Processing file /home/nayara/Documentos/airflowalura/dags/dados_climaticos.py for tasks to queue
[2022-11-01 23:01:17,599] {logging_mixin.py:115} INFO - [2022-11-01 23:01:17,599] {dagbag.py:507} INFO - Filling up the DagBag from /home/nayara/Documentos/airflowalura/dags/dados_climaticos.py
[2022-11-01 23:01:18,050] {processor.py:651} INFO - DAG(s) dict_keys(['dados_climaticos']) retrieved from /home/nayara/Documentos/airflowalura/dags/dados_climaticos.py
[2022-11-01 23:01:18,062] {logging_mixin.py:115} INFO - [2022-11-01 23:01:18,062] {dag.py:2379} INFO - Sync 1 DAGs
[2022-11-01 23:01:18,077] {logging_mixin.py:115} INFO - [2022-11-01 23:01:18,077] {dag.py:2927} INFO - Setting next_dagrun for dados_climaticos to 2022-11-02T00:00:00+00:00, run_after=2022-11-03T00:00:00+00:00
[2022-11-01 23:01:18,433] {processor.py:161} INFO - Processing /home/nayara/Documentos/airflowalura/dags/dados_climaticos.py took 0.869 seconds
[2022-11-01 23:02:16,910] {processor.py:153} INFO - Started process (PID=20398) to work on /home/nayara/Documentos/airflowalura/dags/dados_climaticos.py
[2022-11-01 23:02:16,919] {processor.py:641} INFO - Processing file /home/nayara/Documentos/airflowalura/dags/dados_climaticos.py for tasks to queue
[2022-11-01 23:02:16,920] {logging_mixin.py:115} INFO - [2022-11-01 23:02:16,920] {dagbag.py:507} INFO - Filling up the DagBag from /home/nayara/Documentos/airflowalura/dags/dados_climaticos.py
[2022-11-01 23:02:17,836] {processor.py:651} INFO - DAG(s) dict_keys(['dados_climaticos']) retrieved from /home/nayara/Documentos/airflowalura/dags/dados_climaticos.py
[2022-11-01 23:02:17,907] {logging_mixin.py:115} INFO - [2022-11-01 23:02:17,907] {dag.py:2379} INFO - Sync 1 DAGs
[2022-11-01 23:02:17,933] {logging_mixin.py:115} INFO - [2022-11-01 23:02:17,933] {dag.py:2927} INFO - Setting next_dagrun for dados_climaticos to 2022-11-02T00:00:00+00:00, run_after=2022-11-07T00:00:00+00:00
[2022-11-01 23:02:18,813] {processor.py:161} INFO - Processing /home/nayara/Documentos/airflowalura/dags/dados_climaticos.py took 1.909 seconds
[2022-11-01 23:03:10,280] {processor.py:153} INFO - Started process (PID=20493) to work on /home/nayara/Documentos/airflowalura/dags/dados_climaticos.py
[2022-11-01 23:03:10,316] {processor.py:641} INFO - Processing file /home/nayara/Documentos/airflowalura/dags/dados_climaticos.py for tasks to queue
[2022-11-01 23:03:10,320] {logging_mixin.py:115} INFO - [2022-11-01 23:03:10,319] {dagbag.py:507} INFO - Filling up the DagBag from /home/nayara/Documentos/airflowalura/dags/dados_climaticos.py
[2022-11-01 23:03:12,527] {processor.py:651} INFO - DAG(s) dict_keys(['dados_climaticos']) retrieved from /home/nayara/Documentos/airflowalura/dags/dados_climaticos.py
[2022-11-01 23:03:12,548] {logging_mixin.py:115} INFO - [2022-11-01 23:03:12,548] {dag.py:2379} INFO - Sync 1 DAGs
[2022-11-01 23:03:12,570] {logging_mixin.py:115} INFO - [2022-11-01 23:03:12,570] {dag.py:2927} INFO - Setting next_dagrun for dados_climaticos to 2022-11-02T00:00:00+00:00, run_after=2022-11-07T00:00:00+00:00
[2022-11-01 23:03:13,099] {processor.py:161} INFO - Processing /home/nayara/Documentos/airflowalura/dags/dados_climaticos.py took 2.830 seconds
[2022-11-01 23:04:06,263] {processor.py:153} INFO - Started process (PID=20594) to work on /home/nayara/Documentos/airflowalura/dags/dados_climaticos.py
[2022-11-01 23:04:06,279] {processor.py:641} INFO - Processing file /home/nayara/Documentos/airflowalura/dags/dados_climaticos.py for tasks to queue
[2022-11-01 23:04:06,285] {logging_mixin.py:115} INFO - [2022-11-01 23:04:06,284] {dagbag.py:507} INFO - Filling up the DagBag from /home/nayara/Documentos/airflowalura/dags/dados_climaticos.py
[2022-11-01 23:04:06,983] {processor.py:651} INFO - DAG(s) dict_keys(['dados_climaticos']) retrieved from /home/nayara/Documentos/airflowalura/dags/dados_climaticos.py
[2022-11-01 23:04:06,998] {logging_mixin.py:115} INFO - [2022-11-01 23:04:06,998] {dag.py:2379} INFO - Sync 1 DAGs
[2022-11-01 23:04:07,016] {logging_mixin.py:115} INFO - [2022-11-01 23:04:07,016] {dag.py:2927} INFO - Setting next_dagrun for dados_climaticos to 2022-11-02T00:00:00+00:00, run_after=2022-11-07T00:00:00+00:00
[2022-11-01 23:04:07,320] {processor.py:161} INFO - Processing /home/nayara/Documentos/airflowalura/dags/dados_climaticos.py took 1.078 seconds
[2022-11-01 23:04:40,174] {processor.py:153} INFO - Started process (PID=20679) to work on /home/nayara/Documentos/airflowalura/dags/dados_climaticos.py
[2022-11-01 23:04:40,200] {processor.py:641} INFO - Processing file /home/nayara/Documentos/airflowalura/dags/dados_climaticos.py for tasks to queue
[2022-11-01 23:04:40,204] {logging_mixin.py:115} INFO - [2022-11-01 23:04:40,203] {dagbag.py:507} INFO - Filling up the DagBag from /home/nayara/Documentos/airflowalura/dags/dados_climaticos.py
[2022-11-01 23:04:40,769] {processor.py:651} INFO - DAG(s) dict_keys(['dados_climaticos']) retrieved from /home/nayara/Documentos/airflowalura/dags/dados_climaticos.py
[2022-11-01 23:04:40,784] {logging_mixin.py:115} INFO - [2022-11-01 23:04:40,784] {dag.py:2379} INFO - Sync 1 DAGs
[2022-11-01 23:04:40,807] {logging_mixin.py:115} INFO - [2022-11-01 23:04:40,807] {dag.py:2927} INFO - Setting next_dagrun for dados_climaticos to 2022-11-02T00:00:00+00:00, run_after=2022-11-07T00:00:00+00:00
[2022-11-01 23:04:41,398] {processor.py:161} INFO - Processing /home/nayara/Documentos/airflowalura/dags/dados_climaticos.py took 1.243 seconds
[2022-11-01 23:05:35,929] {processor.py:153} INFO - Started process (PID=20796) to work on /home/nayara/Documentos/airflowalura/dags/dados_climaticos.py
[2022-11-01 23:05:35,944] {processor.py:641} INFO - Processing file /home/nayara/Documentos/airflowalura/dags/dados_climaticos.py for tasks to queue
[2022-11-01 23:05:35,946] {logging_mixin.py:115} INFO - [2022-11-01 23:05:35,945] {dagbag.py:507} INFO - Filling up the DagBag from /home/nayara/Documentos/airflowalura/dags/dados_climaticos.py
[2022-11-01 23:05:36,449] {processor.py:651} INFO - DAG(s) dict_keys(['dados_climaticos']) retrieved from /home/nayara/Documentos/airflowalura/dags/dados_climaticos.py
[2022-11-01 23:05:36,461] {logging_mixin.py:115} INFO - [2022-11-01 23:05:36,461] {dag.py:2379} INFO - Sync 1 DAGs
[2022-11-01 23:05:36,476] {logging_mixin.py:115} INFO - [2022-11-01 23:05:36,476] {dag.py:2927} INFO - Setting next_dagrun for dados_climaticos to 2022-11-02T00:00:00+00:00, run_after=2022-11-07T00:00:00+00:00
[2022-11-01 23:05:36,710] {processor.py:161} INFO - Processing /home/nayara/Documentos/airflowalura/dags/dados_climaticos.py took 0.799 seconds
[2022-11-01 23:06:27,507] {processor.py:153} INFO - Started process (PID=20887) to work on /home/nayara/Documentos/airflowalura/dags/dados_climaticos.py
[2022-11-01 23:06:27,525] {processor.py:641} INFO - Processing file /home/nayara/Documentos/airflowalura/dags/dados_climaticos.py for tasks to queue
[2022-11-01 23:06:27,526] {logging_mixin.py:115} INFO - [2022-11-01 23:06:27,526] {dagbag.py:507} INFO - Filling up the DagBag from /home/nayara/Documentos/airflowalura/dags/dados_climaticos.py
[2022-11-01 23:06:27,952] {processor.py:651} INFO - DAG(s) dict_keys(['dados_climaticos']) retrieved from /home/nayara/Documentos/airflowalura/dags/dados_climaticos.py
[2022-11-01 23:06:27,965] {logging_mixin.py:115} INFO - [2022-11-01 23:06:27,965] {dag.py:2379} INFO - Sync 1 DAGs
[2022-11-01 23:06:27,980] {logging_mixin.py:115} INFO - [2022-11-01 23:06:27,980] {dag.py:2927} INFO - Setting next_dagrun for dados_climaticos to 2022-11-02T00:00:00+00:00, run_after=2022-11-07T00:00:00+00:00
[2022-11-01 23:06:28,300] {processor.py:161} INFO - Processing /home/nayara/Documentos/airflowalura/dags/dados_climaticos.py took 0.803 seconds
[2022-11-01 23:07:27,043] {processor.py:153} INFO - Started process (PID=21061) to work on /home/nayara/Documentos/airflowalura/dags/dados_climaticos.py
[2022-11-01 23:07:27,065] {processor.py:641} INFO - Processing file /home/nayara/Documentos/airflowalura/dags/dados_climaticos.py for tasks to queue
[2022-11-01 23:07:27,066] {logging_mixin.py:115} INFO - [2022-11-01 23:07:27,066] {dagbag.py:507} INFO - Filling up the DagBag from /home/nayara/Documentos/airflowalura/dags/dados_climaticos.py
[2022-11-01 23:07:27,492] {processor.py:651} INFO - DAG(s) dict_keys(['dados_climaticos']) retrieved from /home/nayara/Documentos/airflowalura/dags/dados_climaticos.py
[2022-11-01 23:07:27,504] {logging_mixin.py:115} INFO - [2022-11-01 23:07:27,504] {dag.py:2379} INFO - Sync 1 DAGs
[2022-11-01 23:07:27,519] {logging_mixin.py:115} INFO - [2022-11-01 23:07:27,519] {dag.py:2927} INFO - Setting next_dagrun for dados_climaticos to 2022-11-02T00:00:00+00:00, run_after=2022-11-07T00:00:00+00:00
[2022-11-01 23:07:27,868] {processor.py:161} INFO - Processing /home/nayara/Documentos/airflowalura/dags/dados_climaticos.py took 0.829 seconds
[2022-11-01 23:08:14,874] {processor.py:153} INFO - Started process (PID=21153) to work on /home/nayara/Documentos/airflowalura/dags/dados_climaticos.py
[2022-11-01 23:08:14,884] {processor.py:641} INFO - Processing file /home/nayara/Documentos/airflowalura/dags/dados_climaticos.py for tasks to queue
[2022-11-01 23:08:14,885] {logging_mixin.py:115} INFO - [2022-11-01 23:08:14,884] {dagbag.py:507} INFO - Filling up the DagBag from /home/nayara/Documentos/airflowalura/dags/dados_climaticos.py
[2022-11-01 23:08:15,304] {processor.py:651} INFO - DAG(s) dict_keys(['dados_climaticos']) retrieved from /home/nayara/Documentos/airflowalura/dags/dados_climaticos.py
[2022-11-01 23:08:15,316] {logging_mixin.py:115} INFO - [2022-11-01 23:08:15,316] {dag.py:2379} INFO - Sync 1 DAGs
[2022-11-01 23:08:15,331] {logging_mixin.py:115} INFO - [2022-11-01 23:08:15,331] {dag.py:2927} INFO - Setting next_dagrun for dados_climaticos to 2022-11-02T00:00:00+00:00, run_after=2022-11-07T00:00:00+00:00
[2022-11-01 23:08:15,492] {processor.py:161} INFO - Processing /home/nayara/Documentos/airflowalura/dags/dados_climaticos.py took 0.624 seconds
[2022-11-01 23:08:55,564] {processor.py:153} INFO - Started process (PID=21240) to work on /home/nayara/Documentos/airflowalura/dags/dados_climaticos.py
[2022-11-01 23:08:55,581] {processor.py:641} INFO - Processing file /home/nayara/Documentos/airflowalura/dags/dados_climaticos.py for tasks to queue
[2022-11-01 23:08:55,604] {logging_mixin.py:115} INFO - [2022-11-01 23:08:55,604] {dagbag.py:507} INFO - Filling up the DagBag from /home/nayara/Documentos/airflowalura/dags/dados_climaticos.py
[2022-11-01 23:08:56,240] {processor.py:651} INFO - DAG(s) dict_keys(['dados_climaticos']) retrieved from /home/nayara/Documentos/airflowalura/dags/dados_climaticos.py
[2022-11-01 23:08:56,252] {logging_mixin.py:115} INFO - [2022-11-01 23:08:56,252] {dag.py:2379} INFO - Sync 1 DAGs
[2022-11-01 23:08:56,273] {logging_mixin.py:115} INFO - [2022-11-01 23:08:56,273] {dag.py:2927} INFO - Setting next_dagrun for dados_climaticos to 2022-11-02T00:00:00+00:00, run_after=2022-11-07T00:00:00+00:00
[2022-11-01 23:08:56,885] {processor.py:161} INFO - Processing /home/nayara/Documentos/airflowalura/dags/dados_climaticos.py took 1.326 seconds
[2022-11-01 23:09:48,990] {processor.py:153} INFO - Started process (PID=21400) to work on /home/nayara/Documentos/airflowalura/dags/dados_climaticos.py
[2022-11-01 23:09:49,004] {processor.py:641} INFO - Processing file /home/nayara/Documentos/airflowalura/dags/dados_climaticos.py for tasks to queue
[2022-11-01 23:09:49,005] {logging_mixin.py:115} INFO - [2022-11-01 23:09:49,005] {dagbag.py:507} INFO - Filling up the DagBag from /home/nayara/Documentos/airflowalura/dags/dados_climaticos.py
[2022-11-01 23:09:49,704] {processor.py:651} INFO - DAG(s) dict_keys(['dados_climaticos']) retrieved from /home/nayara/Documentos/airflowalura/dags/dados_climaticos.py
[2022-11-01 23:09:49,731] {logging_mixin.py:115} INFO - [2022-11-01 23:09:49,731] {dag.py:2379} INFO - Sync 1 DAGs
[2022-11-01 23:09:49,757] {logging_mixin.py:115} INFO - [2022-11-01 23:09:49,757] {dag.py:2927} INFO - Setting next_dagrun for dados_climaticos to 2022-11-02T00:00:00+00:00, run_after=2022-11-07T00:00:00+00:00
[2022-11-01 23:09:50,610] {processor.py:161} INFO - Processing /home/nayara/Documentos/airflowalura/dags/dados_climaticos.py took 1.624 seconds
[2022-11-01 23:10:31,892] {processor.py:153} INFO - Started process (PID=21512) to work on /home/nayara/Documentos/airflowalura/dags/dados_climaticos.py
[2022-11-01 23:10:31,994] {processor.py:641} INFO - Processing file /home/nayara/Documentos/airflowalura/dags/dados_climaticos.py for tasks to queue
[2022-11-01 23:10:31,997] {logging_mixin.py:115} INFO - [2022-11-01 23:10:31,996] {dagbag.py:507} INFO - Filling up the DagBag from /home/nayara/Documentos/airflowalura/dags/dados_climaticos.py
[2022-11-01 23:10:34,810] {processor.py:651} INFO - DAG(s) dict_keys(['dados_climaticos']) retrieved from /home/nayara/Documentos/airflowalura/dags/dados_climaticos.py
[2022-11-01 23:10:34,825] {logging_mixin.py:115} INFO - [2022-11-01 23:10:34,825] {dag.py:2379} INFO - Sync 1 DAGs
[2022-11-01 23:10:34,847] {logging_mixin.py:115} INFO - [2022-11-01 23:10:34,846] {dag.py:2927} INFO - Setting next_dagrun for dados_climaticos to 2022-11-02T00:00:00+00:00, run_after=2022-11-07T00:00:00+00:00
[2022-11-01 23:10:35,521] {processor.py:161} INFO - Processing /home/nayara/Documentos/airflowalura/dags/dados_climaticos.py took 3.635 seconds
[2022-11-01 23:11:22,107] {processor.py:153} INFO - Started process (PID=21634) to work on /home/nayara/Documentos/airflowalura/dags/dados_climaticos.py
[2022-11-01 23:11:22,155] {processor.py:641} INFO - Processing file /home/nayara/Documentos/airflowalura/dags/dados_climaticos.py for tasks to queue
[2022-11-01 23:11:22,158] {logging_mixin.py:115} INFO - [2022-11-01 23:11:22,157] {dagbag.py:507} INFO - Filling up the DagBag from /home/nayara/Documentos/airflowalura/dags/dados_climaticos.py
[2022-11-01 23:11:23,393] {processor.py:651} INFO - DAG(s) dict_keys(['dados_climaticos']) retrieved from /home/nayara/Documentos/airflowalura/dags/dados_climaticos.py
[2022-11-01 23:11:23,405] {logging_mixin.py:115} INFO - [2022-11-01 23:11:23,405] {dag.py:2379} INFO - Sync 1 DAGs
[2022-11-01 23:11:23,422] {logging_mixin.py:115} INFO - [2022-11-01 23:11:23,422] {dag.py:2927} INFO - Setting next_dagrun for dados_climaticos to 2022-11-02T00:00:00+00:00, run_after=2022-11-07T00:00:00+00:00
[2022-11-01 23:11:23,792] {processor.py:161} INFO - Processing /home/nayara/Documentos/airflowalura/dags/dados_climaticos.py took 1.691 seconds
[2022-11-01 23:12:07,570] {processor.py:153} INFO - Started process (PID=21756) to work on /home/nayara/Documentos/airflowalura/dags/dados_climaticos.py
[2022-11-01 23:12:07,685] {processor.py:641} INFO - Processing file /home/nayara/Documentos/airflowalura/dags/dados_climaticos.py for tasks to queue
[2022-11-01 23:12:07,689] {logging_mixin.py:115} INFO - [2022-11-01 23:12:07,688] {dagbag.py:507} INFO - Filling up the DagBag from /home/nayara/Documentos/airflowalura/dags/dados_climaticos.py
[2022-11-01 23:12:08,938] {processor.py:651} INFO - DAG(s) dict_keys(['dados_climaticos']) retrieved from /home/nayara/Documentos/airflowalura/dags/dados_climaticos.py
[2022-11-01 23:12:08,953] {logging_mixin.py:115} INFO - [2022-11-01 23:12:08,953] {dag.py:2379} INFO - Sync 1 DAGs
[2022-11-01 23:12:08,972] {logging_mixin.py:115} INFO - [2022-11-01 23:12:08,972] {dag.py:2927} INFO - Setting next_dagrun for dados_climaticos to 2022-11-02T00:00:00+00:00, run_after=2022-11-07T00:00:00+00:00
[2022-11-01 23:12:09,229] {processor.py:161} INFO - Processing /home/nayara/Documentos/airflowalura/dags/dados_climaticos.py took 1.666 seconds
[2022-11-01 23:12:48,255] {processor.py:153} INFO - Started process (PID=21837) to work on /home/nayara/Documentos/airflowalura/dags/dados_climaticos.py
[2022-11-01 23:12:48,310] {processor.py:641} INFO - Processing file /home/nayara/Documentos/airflowalura/dags/dados_climaticos.py for tasks to queue
[2022-11-01 23:12:48,314] {logging_mixin.py:115} INFO - [2022-11-01 23:12:48,313] {dagbag.py:507} INFO - Filling up the DagBag from /home/nayara/Documentos/airflowalura/dags/dados_climaticos.py
[2022-11-01 23:12:49,506] {processor.py:651} INFO - DAG(s) dict_keys(['dados_climaticos']) retrieved from /home/nayara/Documentos/airflowalura/dags/dados_climaticos.py
[2022-11-01 23:12:49,522] {logging_mixin.py:115} INFO - [2022-11-01 23:12:49,522] {dag.py:2379} INFO - Sync 1 DAGs
[2022-11-01 23:12:49,541] {logging_mixin.py:115} INFO - [2022-11-01 23:12:49,541] {dag.py:2927} INFO - Setting next_dagrun for dados_climaticos to 2022-11-02T00:00:00+00:00, run_after=2022-11-07T00:00:00+00:00
[2022-11-01 23:12:49,899] {processor.py:161} INFO - Processing /home/nayara/Documentos/airflowalura/dags/dados_climaticos.py took 1.652 seconds
[2022-11-01 23:13:23,885] {processor.py:153} INFO - Started process (PID=21906) to work on /home/nayara/Documentos/airflowalura/dags/dados_climaticos.py
[2022-11-01 23:13:23,906] {processor.py:641} INFO - Processing file /home/nayara/Documentos/airflowalura/dags/dados_climaticos.py for tasks to queue
[2022-11-01 23:13:23,911] {logging_mixin.py:115} INFO - [2022-11-01 23:13:23,911] {dagbag.py:507} INFO - Filling up the DagBag from /home/nayara/Documentos/airflowalura/dags/dados_climaticos.py
[2022-11-01 23:13:24,720] {processor.py:651} INFO - DAG(s) dict_keys(['dados_climaticos']) retrieved from /home/nayara/Documentos/airflowalura/dags/dados_climaticos.py
[2022-11-01 23:13:24,735] {logging_mixin.py:115} INFO - [2022-11-01 23:13:24,734] {dag.py:2379} INFO - Sync 1 DAGs
[2022-11-01 23:13:24,755] {logging_mixin.py:115} INFO - [2022-11-01 23:13:24,755] {dag.py:2927} INFO - Setting next_dagrun for dados_climaticos to 2022-11-02T00:00:00+00:00, run_after=2022-11-07T00:00:00+00:00
[2022-11-01 23:13:25,039] {processor.py:161} INFO - Processing /home/nayara/Documentos/airflowalura/dags/dados_climaticos.py took 1.171 seconds
[2022-11-01 23:13:59,893] {processor.py:153} INFO - Started process (PID=21995) to work on /home/nayara/Documentos/airflowalura/dags/dados_climaticos.py
[2022-11-01 23:13:59,904] {processor.py:641} INFO - Processing file /home/nayara/Documentos/airflowalura/dags/dados_climaticos.py for tasks to queue
[2022-11-01 23:13:59,904] {logging_mixin.py:115} INFO - [2022-11-01 23:13:59,904] {dagbag.py:507} INFO - Filling up the DagBag from /home/nayara/Documentos/airflowalura/dags/dados_climaticos.py
[2022-11-01 23:14:00,325] {processor.py:651} INFO - DAG(s) dict_keys(['dados_climaticos']) retrieved from /home/nayara/Documentos/airflowalura/dags/dados_climaticos.py
[2022-11-01 23:14:00,337] {logging_mixin.py:115} INFO - [2022-11-01 23:14:00,337] {dag.py:2379} INFO - Sync 1 DAGs
[2022-11-01 23:14:00,352] {logging_mixin.py:115} INFO - [2022-11-01 23:14:00,352] {dag.py:2927} INFO - Setting next_dagrun for dados_climaticos to 2022-11-02T00:00:00+00:00, run_after=2022-11-07T00:00:00+00:00
[2022-11-01 23:14:00,733] {processor.py:161} INFO - Processing /home/nayara/Documentos/airflowalura/dags/dados_climaticos.py took 0.844 seconds
[2022-11-01 23:14:34,452] {processor.py:153} INFO - Started process (PID=22104) to work on /home/nayara/Documentos/airflowalura/dags/dados_climaticos.py
[2022-11-01 23:14:34,486] {processor.py:641} INFO - Processing file /home/nayara/Documentos/airflowalura/dags/dados_climaticos.py for tasks to queue
[2022-11-01 23:14:34,486] {logging_mixin.py:115} INFO - [2022-11-01 23:14:34,486] {dagbag.py:507} INFO - Filling up the DagBag from /home/nayara/Documentos/airflowalura/dags/dados_climaticos.py
[2022-11-01 23:14:34,922] {processor.py:651} INFO - DAG(s) dict_keys(['dados_climaticos']) retrieved from /home/nayara/Documentos/airflowalura/dags/dados_climaticos.py
[2022-11-01 23:14:34,934] {logging_mixin.py:115} INFO - [2022-11-01 23:14:34,934] {dag.py:2379} INFO - Sync 1 DAGs
[2022-11-01 23:14:34,949] {logging_mixin.py:115} INFO - [2022-11-01 23:14:34,949] {dag.py:2927} INFO - Setting next_dagrun for dados_climaticos to 2022-11-02T00:00:00+00:00, run_after=2022-11-07T00:00:00+00:00
[2022-11-01 23:14:35,216] {processor.py:161} INFO - Processing /home/nayara/Documentos/airflowalura/dags/dados_climaticos.py took 0.769 seconds
[2022-11-01 23:15:05,971] {processor.py:153} INFO - Started process (PID=22160) to work on /home/nayara/Documentos/airflowalura/dags/dados_climaticos.py
[2022-11-01 23:15:05,972] {processor.py:641} INFO - Processing file /home/nayara/Documentos/airflowalura/dags/dados_climaticos.py for tasks to queue
[2022-11-01 23:15:05,973] {logging_mixin.py:115} INFO - [2022-11-01 23:15:05,973] {dagbag.py:507} INFO - Filling up the DagBag from /home/nayara/Documentos/airflowalura/dags/dados_climaticos.py
[2022-11-01 23:15:06,398] {processor.py:651} INFO - DAG(s) dict_keys(['dados_climaticos']) retrieved from /home/nayara/Documentos/airflowalura/dags/dados_climaticos.py
[2022-11-01 23:15:06,410] {logging_mixin.py:115} INFO - [2022-11-01 23:15:06,410] {dag.py:2379} INFO - Sync 1 DAGs
[2022-11-01 23:15:06,425] {logging_mixin.py:115} INFO - [2022-11-01 23:15:06,425] {dag.py:2927} INFO - Setting next_dagrun for dados_climaticos to 2022-11-02T00:00:00+00:00, run_after=2022-11-07T00:00:00+00:00
[2022-11-01 23:15:06,848] {processor.py:161} INFO - Processing /home/nayara/Documentos/airflowalura/dags/dados_climaticos.py took 0.889 seconds
[2022-11-01 23:16:06,953] {processor.py:153} INFO - Started process (PID=22320) to work on /home/nayara/Documentos/airflowalura/dags/dados_climaticos.py
[2022-11-01 23:16:06,970] {processor.py:641} INFO - Processing file /home/nayara/Documentos/airflowalura/dags/dados_climaticos.py for tasks to queue
[2022-11-01 23:16:06,971] {logging_mixin.py:115} INFO - [2022-11-01 23:16:06,970] {dagbag.py:507} INFO - Filling up the DagBag from /home/nayara/Documentos/airflowalura/dags/dados_climaticos.py
[2022-11-01 23:16:07,381] {processor.py:651} INFO - DAG(s) dict_keys(['dados_climaticos']) retrieved from /home/nayara/Documentos/airflowalura/dags/dados_climaticos.py
[2022-11-01 23:16:07,393] {logging_mixin.py:115} INFO - [2022-11-01 23:16:07,393] {dag.py:2379} INFO - Sync 1 DAGs
[2022-11-01 23:16:07,409] {logging_mixin.py:115} INFO - [2022-11-01 23:16:07,409] {dag.py:2927} INFO - Setting next_dagrun for dados_climaticos to 2022-11-02T00:00:00+00:00, run_after=2022-11-07T00:00:00+00:00
[2022-11-01 23:16:07,867] {processor.py:161} INFO - Processing /home/nayara/Documentos/airflowalura/dags/dados_climaticos.py took 0.919 seconds
[2022-11-01 23:17:09,267] {processor.py:153} INFO - Started process (PID=22468) to work on /home/nayara/Documentos/airflowalura/dags/dados_climaticos.py
[2022-11-01 23:17:09,279] {processor.py:641} INFO - Processing file /home/nayara/Documentos/airflowalura/dags/dados_climaticos.py for tasks to queue
[2022-11-01 23:17:09,281] {logging_mixin.py:115} INFO - [2022-11-01 23:17:09,280] {dagbag.py:507} INFO - Filling up the DagBag from /home/nayara/Documentos/airflowalura/dags/dados_climaticos.py
[2022-11-01 23:17:09,789] {processor.py:651} INFO - DAG(s) dict_keys(['dados_climaticos']) retrieved from /home/nayara/Documentos/airflowalura/dags/dados_climaticos.py
[2022-11-01 23:17:09,804] {logging_mixin.py:115} INFO - [2022-11-01 23:17:09,804] {dag.py:2379} INFO - Sync 1 DAGs
[2022-11-01 23:17:09,822] {logging_mixin.py:115} INFO - [2022-11-01 23:17:09,822] {dag.py:2927} INFO - Setting next_dagrun for dados_climaticos to 2022-11-02T00:00:00+00:00, run_after=2022-11-07T00:00:00+00:00
[2022-11-01 23:17:10,061] {processor.py:161} INFO - Processing /home/nayara/Documentos/airflowalura/dags/dados_climaticos.py took 0.812 seconds
[2022-11-01 23:17:45,098] {processor.py:153} INFO - Started process (PID=22529) to work on /home/nayara/Documentos/airflowalura/dags/dados_climaticos.py
[2022-11-01 23:17:45,193] {processor.py:641} INFO - Processing file /home/nayara/Documentos/airflowalura/dags/dados_climaticos.py for tasks to queue
[2022-11-01 23:17:45,196] {logging_mixin.py:115} INFO - [2022-11-01 23:17:45,195] {dagbag.py:507} INFO - Filling up the DagBag from /home/nayara/Documentos/airflowalura/dags/dados_climaticos.py
[2022-11-01 23:17:45,836] {processor.py:651} INFO - DAG(s) dict_keys(['dados_climaticos']) retrieved from /home/nayara/Documentos/airflowalura/dags/dados_climaticos.py
[2022-11-01 23:17:45,855] {logging_mixin.py:115} INFO - [2022-11-01 23:17:45,855] {dag.py:2379} INFO - Sync 1 DAGs
[2022-11-01 23:17:45,875] {logging_mixin.py:115} INFO - [2022-11-01 23:17:45,874] {dag.py:2927} INFO - Setting next_dagrun for dados_climaticos to 2022-11-02T00:00:00+00:00, run_after=2022-11-07T00:00:00+00:00
[2022-11-01 23:17:46,428] {processor.py:161} INFO - Processing /home/nayara/Documentos/airflowalura/dags/dados_climaticos.py took 1.353 seconds
[2022-11-01 23:18:28,417] {processor.py:153} INFO - Started process (PID=22618) to work on /home/nayara/Documentos/airflowalura/dags/dados_climaticos.py
[2022-11-01 23:18:28,524] {processor.py:641} INFO - Processing file /home/nayara/Documentos/airflowalura/dags/dados_climaticos.py for tasks to queue
[2022-11-01 23:18:28,526] {logging_mixin.py:115} INFO - [2022-11-01 23:18:28,526] {dagbag.py:507} INFO - Filling up the DagBag from /home/nayara/Documentos/airflowalura/dags/dados_climaticos.py
[2022-11-01 23:18:28,948] {processor.py:651} INFO - DAG(s) dict_keys(['dados_climaticos']) retrieved from /home/nayara/Documentos/airflowalura/dags/dados_climaticos.py
[2022-11-01 23:18:28,960] {logging_mixin.py:115} INFO - [2022-11-01 23:18:28,960] {dag.py:2379} INFO - Sync 1 DAGs
[2022-11-01 23:18:28,978] {logging_mixin.py:115} INFO - [2022-11-01 23:18:28,977] {dag.py:2927} INFO - Setting next_dagrun for dados_climaticos to 2022-11-02T00:00:00+00:00, run_after=2022-11-07T00:00:00+00:00
[2022-11-01 23:18:29,464] {processor.py:161} INFO - Processing /home/nayara/Documentos/airflowalura/dags/dados_climaticos.py took 1.058 seconds
[2022-11-01 23:19:04,516] {processor.py:153} INFO - Started process (PID=22678) to work on /home/nayara/Documentos/airflowalura/dags/dados_climaticos.py
[2022-11-01 23:19:04,530] {processor.py:641} INFO - Processing file /home/nayara/Documentos/airflowalura/dags/dados_climaticos.py for tasks to queue
[2022-11-01 23:19:04,531] {logging_mixin.py:115} INFO - [2022-11-01 23:19:04,531] {dagbag.py:507} INFO - Filling up the DagBag from /home/nayara/Documentos/airflowalura/dags/dados_climaticos.py
[2022-11-01 23:19:04,959] {processor.py:651} INFO - DAG(s) dict_keys(['dados_climaticos']) retrieved from /home/nayara/Documentos/airflowalura/dags/dados_climaticos.py
[2022-11-01 23:19:04,971] {logging_mixin.py:115} INFO - [2022-11-01 23:19:04,970] {dag.py:2379} INFO - Sync 1 DAGs
[2022-11-01 23:19:04,986] {logging_mixin.py:115} INFO - [2022-11-01 23:19:04,985] {dag.py:2927} INFO - Setting next_dagrun for dados_climaticos to 2022-11-02T00:00:00+00:00, run_after=2022-11-07T00:00:00+00:00
[2022-11-01 23:19:05,224] {processor.py:161} INFO - Processing /home/nayara/Documentos/airflowalura/dags/dados_climaticos.py took 0.712 seconds
[2022-11-01 23:20:03,657] {processor.py:153} INFO - Started process (PID=22809) to work on /home/nayara/Documentos/airflowalura/dags/dados_climaticos.py
[2022-11-01 23:20:03,676] {processor.py:641} INFO - Processing file /home/nayara/Documentos/airflowalura/dags/dados_climaticos.py for tasks to queue
[2022-11-01 23:20:03,676] {logging_mixin.py:115} INFO - [2022-11-01 23:20:03,676] {dagbag.py:507} INFO - Filling up the DagBag from /home/nayara/Documentos/airflowalura/dags/dados_climaticos.py
[2022-11-01 23:20:04,256] {processor.py:651} INFO - DAG(s) dict_keys(['dados_climaticos']) retrieved from /home/nayara/Documentos/airflowalura/dags/dados_climaticos.py
[2022-11-01 23:20:04,272] {logging_mixin.py:115} INFO - [2022-11-01 23:20:04,272] {dag.py:2379} INFO - Sync 1 DAGs
[2022-11-01 23:20:04,298] {logging_mixin.py:115} INFO - [2022-11-01 23:20:04,298] {dag.py:2927} INFO - Setting next_dagrun for dados_climaticos to 2022-11-02T00:00:00+00:00, run_after=2022-11-07T00:00:00+00:00
[2022-11-01 23:20:04,567] {processor.py:161} INFO - Processing /home/nayara/Documentos/airflowalura/dags/dados_climaticos.py took 0.916 seconds
[2022-11-01 23:20:40,463] {processor.py:153} INFO - Started process (PID=22916) to work on /home/nayara/Documentos/airflowalura/dags/dados_climaticos.py
[2022-11-01 23:20:40,532] {processor.py:641} INFO - Processing file /home/nayara/Documentos/airflowalura/dags/dados_climaticos.py for tasks to queue
[2022-11-01 23:20:40,536] {logging_mixin.py:115} INFO - [2022-11-01 23:20:40,535] {dagbag.py:507} INFO - Filling up the DagBag from /home/nayara/Documentos/airflowalura/dags/dados_climaticos.py
[2022-11-01 23:20:41,096] {processor.py:651} INFO - DAG(s) dict_keys(['dados_climaticos']) retrieved from /home/nayara/Documentos/airflowalura/dags/dados_climaticos.py
[2022-11-01 23:20:41,111] {logging_mixin.py:115} INFO - [2022-11-01 23:20:41,111] {dag.py:2379} INFO - Sync 1 DAGs
[2022-11-01 23:20:41,134] {logging_mixin.py:115} INFO - [2022-11-01 23:20:41,133] {dag.py:2927} INFO - Setting next_dagrun for dados_climaticos to 2022-11-02T00:00:00+00:00, run_after=2022-11-07T00:00:00+00:00
[2022-11-01 23:20:41,357] {processor.py:161} INFO - Processing /home/nayara/Documentos/airflowalura/dags/dados_climaticos.py took 0.914 seconds
[2022-11-01 23:21:19,392] {processor.py:153} INFO - Started process (PID=23049) to work on /home/nayara/Documentos/airflowalura/dags/dados_climaticos.py
[2022-11-01 23:21:19,545] {processor.py:641} INFO - Processing file /home/nayara/Documentos/airflowalura/dags/dados_climaticos.py for tasks to queue
[2022-11-01 23:21:19,546] {logging_mixin.py:115} INFO - [2022-11-01 23:21:19,546] {dagbag.py:507} INFO - Filling up the DagBag from /home/nayara/Documentos/airflowalura/dags/dados_climaticos.py
[2022-11-01 23:21:20,180] {processor.py:651} INFO - DAG(s) dict_keys(['dados_climaticos']) retrieved from /home/nayara/Documentos/airflowalura/dags/dados_climaticos.py
[2022-11-01 23:21:20,200] {logging_mixin.py:115} INFO - [2022-11-01 23:21:20,200] {dag.py:2379} INFO - Sync 1 DAGs
[2022-11-01 23:21:20,230] {logging_mixin.py:115} INFO - [2022-11-01 23:21:20,230] {dag.py:2927} INFO - Setting next_dagrun for dados_climaticos to 2022-11-02T00:00:00+00:00, run_after=2022-11-07T00:00:00+00:00
[2022-11-01 23:21:20,518] {processor.py:161} INFO - Processing /home/nayara/Documentos/airflowalura/dags/dados_climaticos.py took 1.131 seconds
