[2022-11-01 22:39:53,294] {processor.py:153} INFO - Started process (PID=17688) to work on /home/nayara/Documentos/airflowalura/dags/meu_primeiro_dag.py
[2022-11-01 22:39:53,297] {processor.py:641} INFO - Processing file /home/nayara/Documentos/airflowalura/dags/meu_primeiro_dag.py for tasks to queue
[2022-11-01 22:39:53,298] {logging_mixin.py:115} INFO - [2022-11-01 22:39:53,298] {dagbag.py:507} INFO - Filling up the DagBag from /home/nayara/Documentos/airflowalura/dags/meu_primeiro_dag.py
[2022-11-01 22:39:54,700] {processor.py:651} INFO - DAG(s) dict_keys(['meu_primeiro_dag']) retrieved from /home/nayara/Documentos/airflowalura/dags/meu_primeiro_dag.py
[2022-11-01 22:39:55,816] {logging_mixin.py:115} INFO - [2022-11-01 22:39:55,816] {dag.py:2379} INFO - Sync 1 DAGs
[2022-11-01 22:39:55,870] {logging_mixin.py:115} INFO - [2022-11-01 22:39:55,870] {dag.py:2927} INFO - Setting next_dagrun for meu_primeiro_dag to 2022-11-01T00:00:00+00:00, run_after=2022-11-02T00:00:00+00:00
[2022-11-01 22:39:56,316] {processor.py:161} INFO - Processing /home/nayara/Documentos/airflowalura/dags/meu_primeiro_dag.py took 3.033 seconds
[2022-11-01 22:42:31,516] {processor.py:153} INFO - Started process (PID=17941) to work on /home/nayara/Documentos/airflowalura/dags/meu_primeiro_dag.py
[2022-11-01 22:42:31,527] {processor.py:641} INFO - Processing file /home/nayara/Documentos/airflowalura/dags/meu_primeiro_dag.py for tasks to queue
[2022-11-01 22:42:31,530] {logging_mixin.py:115} INFO - [2022-11-01 22:42:31,530] {dagbag.py:507} INFO - Filling up the DagBag from /home/nayara/Documentos/airflowalura/dags/meu_primeiro_dag.py
[2022-11-01 22:42:31,619] {processor.py:651} INFO - DAG(s) dict_keys(['meu_primeiro_dag']) retrieved from /home/nayara/Documentos/airflowalura/dags/meu_primeiro_dag.py
[2022-11-01 22:42:32,358] {logging_mixin.py:115} INFO - [2022-11-01 22:42:32,357] {dag.py:2379} INFO - Sync 1 DAGs
[2022-11-01 22:42:32,400] {logging_mixin.py:115} INFO - [2022-11-01 22:42:32,400] {dag.py:2927} INFO - Setting next_dagrun for meu_primeiro_dag to 2022-11-01T00:00:00+00:00, run_after=2022-11-02T00:00:00+00:00
[2022-11-01 22:42:33,383] {processor.py:161} INFO - Processing /home/nayara/Documentos/airflowalura/dags/meu_primeiro_dag.py took 1.883 seconds
[2022-11-01 22:43:33,486] {processor.py:153} INFO - Started process (PID=18026) to work on /home/nayara/Documentos/airflowalura/dags/meu_primeiro_dag.py
[2022-11-01 22:43:33,525] {processor.py:641} INFO - Processing file /home/nayara/Documentos/airflowalura/dags/meu_primeiro_dag.py for tasks to queue
[2022-11-01 22:43:33,526] {logging_mixin.py:115} INFO - [2022-11-01 22:43:33,526] {dagbag.py:507} INFO - Filling up the DagBag from /home/nayara/Documentos/airflowalura/dags/meu_primeiro_dag.py
[2022-11-01 22:43:33,595] {processor.py:651} INFO - DAG(s) dict_keys(['meu_primeiro_dag']) retrieved from /home/nayara/Documentos/airflowalura/dags/meu_primeiro_dag.py
[2022-11-01 22:43:33,638] {logging_mixin.py:115} INFO - [2022-11-01 22:43:33,637] {dag.py:2379} INFO - Sync 1 DAGs
[2022-11-01 22:43:33,672] {logging_mixin.py:115} INFO - [2022-11-01 22:43:33,671] {dag.py:2927} INFO - Setting next_dagrun for meu_primeiro_dag to 2022-11-01T00:00:00+00:00, run_after=2022-11-02T00:00:00+00:00
[2022-11-01 22:43:34,021] {processor.py:161} INFO - Processing /home/nayara/Documentos/airflowalura/dags/meu_primeiro_dag.py took 0.541 seconds
[2022-11-01 22:44:22,077] {processor.py:153} INFO - Started process (PID=18110) to work on /home/nayara/Documentos/airflowalura/dags/meu_primeiro_dag.py
[2022-11-01 22:44:22,094] {processor.py:641} INFO - Processing file /home/nayara/Documentos/airflowalura/dags/meu_primeiro_dag.py for tasks to queue
[2022-11-01 22:44:22,095] {logging_mixin.py:115} INFO - [2022-11-01 22:44:22,095] {dagbag.py:507} INFO - Filling up the DagBag from /home/nayara/Documentos/airflowalura/dags/meu_primeiro_dag.py
[2022-11-01 22:44:22,110] {processor.py:651} INFO - DAG(s) dict_keys(['meu_primeiro_dag']) retrieved from /home/nayara/Documentos/airflowalura/dags/meu_primeiro_dag.py
[2022-11-01 22:44:22,165] {logging_mixin.py:115} INFO - [2022-11-01 22:44:22,164] {dag.py:2379} INFO - Sync 1 DAGs
[2022-11-01 22:44:22,211] {logging_mixin.py:115} INFO - [2022-11-01 22:44:22,211] {dag.py:2927} INFO - Setting next_dagrun for meu_primeiro_dag to 2022-11-01T00:00:00+00:00, run_after=2022-11-02T00:00:00+00:00
[2022-11-01 22:44:22,440] {processor.py:161} INFO - Processing /home/nayara/Documentos/airflowalura/dags/meu_primeiro_dag.py took 0.369 seconds
[2022-11-01 22:45:01,007] {processor.py:153} INFO - Started process (PID=18174) to work on /home/nayara/Documentos/airflowalura/dags/meu_primeiro_dag.py
[2022-11-01 22:45:01,063] {processor.py:641} INFO - Processing file /home/nayara/Documentos/airflowalura/dags/meu_primeiro_dag.py for tasks to queue
[2022-11-01 22:45:01,067] {logging_mixin.py:115} INFO - [2022-11-01 22:45:01,067] {dagbag.py:507} INFO - Filling up the DagBag from /home/nayara/Documentos/airflowalura/dags/meu_primeiro_dag.py
[2022-11-01 22:45:01,086] {processor.py:651} INFO - DAG(s) dict_keys(['meu_primeiro_dag']) retrieved from /home/nayara/Documentos/airflowalura/dags/meu_primeiro_dag.py
[2022-11-01 22:45:01,135] {logging_mixin.py:115} INFO - [2022-11-01 22:45:01,135] {dag.py:2379} INFO - Sync 1 DAGs
[2022-11-01 22:45:01,181] {logging_mixin.py:115} INFO - [2022-11-01 22:45:01,180] {dag.py:2927} INFO - Setting next_dagrun for meu_primeiro_dag to 2022-11-01T00:00:00+00:00, run_after=2022-11-02T00:00:00+00:00
[2022-11-01 22:45:01,422] {processor.py:161} INFO - Processing /home/nayara/Documentos/airflowalura/dags/meu_primeiro_dag.py took 0.419 seconds
[2022-11-01 22:45:59,233] {processor.py:153} INFO - Started process (PID=18274) to work on /home/nayara/Documentos/airflowalura/dags/meu_primeiro_dag.py
[2022-11-01 22:45:59,253] {processor.py:641} INFO - Processing file /home/nayara/Documentos/airflowalura/dags/meu_primeiro_dag.py for tasks to queue
[2022-11-01 22:45:59,254] {logging_mixin.py:115} INFO - [2022-11-01 22:45:59,254] {dagbag.py:507} INFO - Filling up the DagBag from /home/nayara/Documentos/airflowalura/dags/meu_primeiro_dag.py
[2022-11-01 22:45:59,270] {processor.py:651} INFO - DAG(s) dict_keys(['meu_primeiro_dag']) retrieved from /home/nayara/Documentos/airflowalura/dags/meu_primeiro_dag.py
[2022-11-01 22:45:59,312] {logging_mixin.py:115} INFO - [2022-11-01 22:45:59,312] {dag.py:2379} INFO - Sync 1 DAGs
[2022-11-01 22:45:59,350] {logging_mixin.py:115} INFO - [2022-11-01 22:45:59,349] {dag.py:2927} INFO - Setting next_dagrun for meu_primeiro_dag to 2022-11-01T00:00:00+00:00, run_after=2022-11-02T00:00:00+00:00
[2022-11-01 22:45:59,686] {processor.py:161} INFO - Processing /home/nayara/Documentos/airflowalura/dags/meu_primeiro_dag.py took 0.457 seconds
[2022-11-01 22:47:06,830] {processor.py:153} INFO - Started process (PID=18443) to work on /home/nayara/Documentos/airflowalura/dags/meu_primeiro_dag.py
[2022-11-01 22:47:06,919] {processor.py:641} INFO - Processing file /home/nayara/Documentos/airflowalura/dags/meu_primeiro_dag.py for tasks to queue
[2022-11-01 22:47:06,923] {logging_mixin.py:115} INFO - [2022-11-01 22:47:06,923] {dagbag.py:507} INFO - Filling up the DagBag from /home/nayara/Documentos/airflowalura/dags/meu_primeiro_dag.py
[2022-11-01 22:47:06,979] {processor.py:651} INFO - DAG(s) dict_keys(['meu_primeiro_dag']) retrieved from /home/nayara/Documentos/airflowalura/dags/meu_primeiro_dag.py
[2022-11-01 22:47:07,027] {logging_mixin.py:115} INFO - [2022-11-01 22:47:07,027] {dag.py:2379} INFO - Sync 1 DAGs
[2022-11-01 22:47:07,070] {logging_mixin.py:115} INFO - [2022-11-01 22:47:07,070] {dag.py:2927} INFO - Setting next_dagrun for meu_primeiro_dag to 2022-11-01T00:00:00+00:00, run_after=2022-11-02T00:00:00+00:00
[2022-11-01 22:47:07,284] {processor.py:161} INFO - Processing /home/nayara/Documentos/airflowalura/dags/meu_primeiro_dag.py took 0.460 seconds
[2022-11-01 22:48:06,211] {processor.py:153} INFO - Started process (PID=18555) to work on /home/nayara/Documentos/airflowalura/dags/meu_primeiro_dag.py
[2022-11-01 22:48:06,231] {processor.py:641} INFO - Processing file /home/nayara/Documentos/airflowalura/dags/meu_primeiro_dag.py for tasks to queue
[2022-11-01 22:48:06,232] {logging_mixin.py:115} INFO - [2022-11-01 22:48:06,231] {dagbag.py:507} INFO - Filling up the DagBag from /home/nayara/Documentos/airflowalura/dags/meu_primeiro_dag.py
[2022-11-01 22:48:06,246] {processor.py:651} INFO - DAG(s) dict_keys(['meu_primeiro_dag']) retrieved from /home/nayara/Documentos/airflowalura/dags/meu_primeiro_dag.py
[2022-11-01 22:48:06,289] {logging_mixin.py:115} INFO - [2022-11-01 22:48:06,288] {dag.py:2379} INFO - Sync 1 DAGs
[2022-11-01 22:48:06,329] {logging_mixin.py:115} INFO - [2022-11-01 22:48:06,328] {dag.py:2927} INFO - Setting next_dagrun for meu_primeiro_dag to 2022-11-01T00:00:00+00:00, run_after=2022-11-02T00:00:00+00:00
[2022-11-01 22:48:06,551] {processor.py:161} INFO - Processing /home/nayara/Documentos/airflowalura/dags/meu_primeiro_dag.py took 0.348 seconds
[2022-11-01 22:49:02,083] {processor.py:153} INFO - Started process (PID=18658) to work on /home/nayara/Documentos/airflowalura/dags/meu_primeiro_dag.py
[2022-11-01 22:49:02,150] {processor.py:641} INFO - Processing file /home/nayara/Documentos/airflowalura/dags/meu_primeiro_dag.py for tasks to queue
[2022-11-01 22:49:02,151] {logging_mixin.py:115} INFO - [2022-11-01 22:49:02,151] {dagbag.py:507} INFO - Filling up the DagBag from /home/nayara/Documentos/airflowalura/dags/meu_primeiro_dag.py
[2022-11-01 22:49:02,164] {processor.py:651} INFO - DAG(s) dict_keys(['meu_primeiro_dag']) retrieved from /home/nayara/Documentos/airflowalura/dags/meu_primeiro_dag.py
[2022-11-01 22:49:02,639] {logging_mixin.py:115} INFO - [2022-11-01 22:49:02,639] {dag.py:2379} INFO - Sync 1 DAGs
[2022-11-01 22:49:02,678] {logging_mixin.py:115} INFO - [2022-11-01 22:49:02,678] {dag.py:2927} INFO - Setting next_dagrun for meu_primeiro_dag to 2022-11-01T00:00:00+00:00, run_after=2022-11-02T00:00:00+00:00
[2022-11-01 22:49:03,001] {processor.py:161} INFO - Processing /home/nayara/Documentos/airflowalura/dags/meu_primeiro_dag.py took 0.923 seconds
[2022-11-01 22:49:58,730] {processor.py:153} INFO - Started process (PID=18771) to work on /home/nayara/Documentos/airflowalura/dags/meu_primeiro_dag.py
[2022-11-01 22:49:58,748] {processor.py:641} INFO - Processing file /home/nayara/Documentos/airflowalura/dags/meu_primeiro_dag.py for tasks to queue
[2022-11-01 22:49:58,749] {logging_mixin.py:115} INFO - [2022-11-01 22:49:58,749] {dagbag.py:507} INFO - Filling up the DagBag from /home/nayara/Documentos/airflowalura/dags/meu_primeiro_dag.py
[2022-11-01 22:49:58,773] {processor.py:651} INFO - DAG(s) dict_keys(['meu_primeiro_dag']) retrieved from /home/nayara/Documentos/airflowalura/dags/meu_primeiro_dag.py
[2022-11-01 22:49:58,872] {logging_mixin.py:115} INFO - [2022-11-01 22:49:58,868] {dag.py:2379} INFO - Sync 1 DAGs
[2022-11-01 22:49:58,919] {logging_mixin.py:115} INFO - [2022-11-01 22:49:58,919] {dag.py:2927} INFO - Setting next_dagrun for meu_primeiro_dag to 2022-11-01T00:00:00+00:00, run_after=2022-11-02T00:00:00+00:00
[2022-11-01 22:49:59,235] {processor.py:161} INFO - Processing /home/nayara/Documentos/airflowalura/dags/meu_primeiro_dag.py took 0.513 seconds
[2022-11-01 22:50:52,559] {processor.py:153} INFO - Started process (PID=18867) to work on /home/nayara/Documentos/airflowalura/dags/meu_primeiro_dag.py
[2022-11-01 22:50:52,580] {processor.py:641} INFO - Processing file /home/nayara/Documentos/airflowalura/dags/meu_primeiro_dag.py for tasks to queue
[2022-11-01 22:50:52,581] {logging_mixin.py:115} INFO - [2022-11-01 22:50:52,581] {dagbag.py:507} INFO - Filling up the DagBag from /home/nayara/Documentos/airflowalura/dags/meu_primeiro_dag.py
[2022-11-01 22:50:52,595] {processor.py:651} INFO - DAG(s) dict_keys(['meu_primeiro_dag']) retrieved from /home/nayara/Documentos/airflowalura/dags/meu_primeiro_dag.py
[2022-11-01 22:50:52,637] {logging_mixin.py:115} INFO - [2022-11-01 22:50:52,637] {dag.py:2379} INFO - Sync 1 DAGs
[2022-11-01 22:50:52,670] {logging_mixin.py:115} INFO - [2022-11-01 22:50:52,670] {dag.py:2927} INFO - Setting next_dagrun for meu_primeiro_dag to 2022-11-01T00:00:00+00:00, run_after=2022-11-02T00:00:00+00:00
[2022-11-01 22:50:52,921] {processor.py:161} INFO - Processing /home/nayara/Documentos/airflowalura/dags/meu_primeiro_dag.py took 0.371 seconds
[2022-11-01 22:51:31,833] {processor.py:153} INFO - Started process (PID=18941) to work on /home/nayara/Documentos/airflowalura/dags/meu_primeiro_dag.py
[2022-11-01 22:51:31,865] {processor.py:641} INFO - Processing file /home/nayara/Documentos/airflowalura/dags/meu_primeiro_dag.py for tasks to queue
[2022-11-01 22:51:31,868] {logging_mixin.py:115} INFO - [2022-11-01 22:51:31,867] {dagbag.py:507} INFO - Filling up the DagBag from /home/nayara/Documentos/airflowalura/dags/meu_primeiro_dag.py
[2022-11-01 22:51:31,886] {processor.py:651} INFO - DAG(s) dict_keys(['meu_primeiro_dag']) retrieved from /home/nayara/Documentos/airflowalura/dags/meu_primeiro_dag.py
[2022-11-01 22:51:31,924] {logging_mixin.py:115} INFO - [2022-11-01 22:51:31,924] {dag.py:2379} INFO - Sync 1 DAGs
[2022-11-01 22:51:31,969] {logging_mixin.py:115} INFO - [2022-11-01 22:51:31,969] {dag.py:2927} INFO - Setting next_dagrun for meu_primeiro_dag to 2022-11-01T00:00:00+00:00, run_after=2022-11-02T00:00:00+00:00
[2022-11-01 22:51:32,173] {processor.py:161} INFO - Processing /home/nayara/Documentos/airflowalura/dags/meu_primeiro_dag.py took 0.349 seconds
[2022-11-01 22:52:23,707] {processor.py:153} INFO - Started process (PID=19066) to work on /home/nayara/Documentos/airflowalura/dags/meu_primeiro_dag.py
[2022-11-01 22:52:23,732] {processor.py:641} INFO - Processing file /home/nayara/Documentos/airflowalura/dags/meu_primeiro_dag.py for tasks to queue
[2022-11-01 22:52:23,733] {logging_mixin.py:115} INFO - [2022-11-01 22:52:23,733] {dagbag.py:507} INFO - Filling up the DagBag from /home/nayara/Documentos/airflowalura/dags/meu_primeiro_dag.py
[2022-11-01 22:52:23,756] {processor.py:651} INFO - DAG(s) dict_keys(['meu_primeiro_dag']) retrieved from /home/nayara/Documentos/airflowalura/dags/meu_primeiro_dag.py
[2022-11-01 22:52:23,810] {logging_mixin.py:115} INFO - [2022-11-01 22:52:23,810] {dag.py:2379} INFO - Sync 1 DAGs
[2022-11-01 22:52:23,875] {logging_mixin.py:115} INFO - [2022-11-01 22:52:23,875] {dag.py:2927} INFO - Setting next_dagrun for meu_primeiro_dag to 2022-11-01T00:00:00+00:00, run_after=2022-11-02T00:00:00+00:00
[2022-11-01 22:52:24,360] {processor.py:161} INFO - Processing /home/nayara/Documentos/airflowalura/dags/meu_primeiro_dag.py took 0.665 seconds
[2022-11-01 22:53:04,026] {processor.py:153} INFO - Started process (PID=19149) to work on /home/nayara/Documentos/airflowalura/dags/meu_primeiro_dag.py
[2022-11-01 22:53:04,059] {processor.py:641} INFO - Processing file /home/nayara/Documentos/airflowalura/dags/meu_primeiro_dag.py for tasks to queue
[2022-11-01 22:53:04,060] {logging_mixin.py:115} INFO - [2022-11-01 22:53:04,059] {dagbag.py:507} INFO - Filling up the DagBag from /home/nayara/Documentos/airflowalura/dags/meu_primeiro_dag.py
[2022-11-01 22:53:04,077] {processor.py:651} INFO - DAG(s) dict_keys(['meu_primeiro_dag']) retrieved from /home/nayara/Documentos/airflowalura/dags/meu_primeiro_dag.py
[2022-11-01 22:53:04,111] {logging_mixin.py:115} INFO - [2022-11-01 22:53:04,111] {dag.py:2379} INFO - Sync 1 DAGs
[2022-11-01 22:53:04,145] {logging_mixin.py:115} INFO - [2022-11-01 22:53:04,144] {dag.py:2927} INFO - Setting next_dagrun for meu_primeiro_dag to 2022-11-01T00:00:00+00:00, run_after=2022-11-02T00:00:00+00:00
[2022-11-01 22:53:04,381] {processor.py:161} INFO - Processing /home/nayara/Documentos/airflowalura/dags/meu_primeiro_dag.py took 0.362 seconds
[2022-11-01 22:54:03,795] {processor.py:153} INFO - Started process (PID=19267) to work on /home/nayara/Documentos/airflowalura/dags/meu_primeiro_dag.py
[2022-11-01 22:54:03,796] {processor.py:641} INFO - Processing file /home/nayara/Documentos/airflowalura/dags/meu_primeiro_dag.py for tasks to queue
[2022-11-01 22:54:03,797] {logging_mixin.py:115} INFO - [2022-11-01 22:54:03,797] {dagbag.py:507} INFO - Filling up the DagBag from /home/nayara/Documentos/airflowalura/dags/meu_primeiro_dag.py
[2022-11-01 22:54:03,806] {processor.py:651} INFO - DAG(s) dict_keys(['meu_primeiro_dag']) retrieved from /home/nayara/Documentos/airflowalura/dags/meu_primeiro_dag.py
[2022-11-01 22:54:03,833] {logging_mixin.py:115} INFO - [2022-11-01 22:54:03,833] {dag.py:2379} INFO - Sync 1 DAGs
[2022-11-01 22:54:03,856] {logging_mixin.py:115} INFO - [2022-11-01 22:54:03,856] {dag.py:2927} INFO - Setting next_dagrun for meu_primeiro_dag to 2022-11-01T00:00:00+00:00, run_after=2022-11-02T00:00:00+00:00
[2022-11-01 22:54:04,059] {processor.py:161} INFO - Processing /home/nayara/Documentos/airflowalura/dags/meu_primeiro_dag.py took 0.267 seconds
[2022-11-01 22:55:15,643] {processor.py:153} INFO - Started process (PID=19443) to work on /home/nayara/Documentos/airflowalura/dags/meu_primeiro_dag.py
[2022-11-01 22:55:15,662] {processor.py:641} INFO - Processing file /home/nayara/Documentos/airflowalura/dags/meu_primeiro_dag.py for tasks to queue
[2022-11-01 22:55:15,664] {logging_mixin.py:115} INFO - [2022-11-01 22:55:15,663] {dagbag.py:507} INFO - Filling up the DagBag from /home/nayara/Documentos/airflowalura/dags/meu_primeiro_dag.py
[2022-11-01 22:55:15,681] {processor.py:651} INFO - DAG(s) dict_keys(['meu_primeiro_dag']) retrieved from /home/nayara/Documentos/airflowalura/dags/meu_primeiro_dag.py
[2022-11-01 22:55:15,702] {logging_mixin.py:115} INFO - [2022-11-01 22:55:15,702] {dag.py:2379} INFO - Sync 1 DAGs
[2022-11-01 22:55:15,722] {logging_mixin.py:115} INFO - [2022-11-01 22:55:15,721] {dag.py:2927} INFO - Setting next_dagrun for meu_primeiro_dag to 2022-11-01T00:00:00+00:00, run_after=2022-11-02T00:00:00+00:00
[2022-11-01 22:55:15,979] {processor.py:161} INFO - Processing /home/nayara/Documentos/airflowalura/dags/meu_primeiro_dag.py took 0.346 seconds
[2022-11-01 22:55:48,972] {processor.py:153} INFO - Started process (PID=19501) to work on /home/nayara/Documentos/airflowalura/dags/meu_primeiro_dag.py
[2022-11-01 22:55:48,974] {processor.py:641} INFO - Processing file /home/nayara/Documentos/airflowalura/dags/meu_primeiro_dag.py for tasks to queue
[2022-11-01 22:55:48,976] {logging_mixin.py:115} INFO - [2022-11-01 22:55:48,975] {dagbag.py:507} INFO - Filling up the DagBag from /home/nayara/Documentos/airflowalura/dags/meu_primeiro_dag.py
[2022-11-01 22:55:48,987] {processor.py:651} INFO - DAG(s) dict_keys(['meu_primeiro_dag']) retrieved from /home/nayara/Documentos/airflowalura/dags/meu_primeiro_dag.py
[2022-11-01 22:55:49,676] {logging_mixin.py:115} INFO - [2022-11-01 22:55:49,676] {dag.py:2379} INFO - Sync 1 DAGs
[2022-11-01 22:55:49,723] {logging_mixin.py:115} INFO - [2022-11-01 22:55:49,723] {dag.py:2927} INFO - Setting next_dagrun for meu_primeiro_dag to 2022-11-01T00:00:00+00:00, run_after=2022-11-02T00:00:00+00:00
[2022-11-01 22:55:50,394] {processor.py:161} INFO - Processing /home/nayara/Documentos/airflowalura/dags/meu_primeiro_dag.py took 1.434 seconds
[2022-11-01 22:57:05,247] {processor.py:153} INFO - Started process (PID=19699) to work on /home/nayara/Documentos/airflowalura/dags/meu_primeiro_dag.py
[2022-11-01 22:57:05,346] {processor.py:641} INFO - Processing file /home/nayara/Documentos/airflowalura/dags/meu_primeiro_dag.py for tasks to queue
[2022-11-01 22:57:05,349] {logging_mixin.py:115} INFO - [2022-11-01 22:57:05,348] {dagbag.py:507} INFO - Filling up the DagBag from /home/nayara/Documentos/airflowalura/dags/meu_primeiro_dag.py
[2022-11-01 22:57:05,370] {processor.py:651} INFO - DAG(s) dict_keys(['meu_primeiro_dag']) retrieved from /home/nayara/Documentos/airflowalura/dags/meu_primeiro_dag.py
[2022-11-01 22:57:05,398] {logging_mixin.py:115} INFO - [2022-11-01 22:57:05,398] {dag.py:2379} INFO - Sync 1 DAGs
[2022-11-01 22:57:05,417] {logging_mixin.py:115} INFO - [2022-11-01 22:57:05,417] {dag.py:2927} INFO - Setting next_dagrun for meu_primeiro_dag to 2022-11-01T00:00:00+00:00, run_after=2022-11-02T00:00:00+00:00
[2022-11-01 22:57:06,174] {processor.py:161} INFO - Processing /home/nayara/Documentos/airflowalura/dags/meu_primeiro_dag.py took 0.937 seconds
[2022-11-01 22:57:50,488] {processor.py:153} INFO - Started process (PID=19809) to work on /home/nayara/Documentos/airflowalura/dags/meu_primeiro_dag.py
[2022-11-01 22:57:50,509] {processor.py:641} INFO - Processing file /home/nayara/Documentos/airflowalura/dags/meu_primeiro_dag.py for tasks to queue
[2022-11-01 22:57:50,510] {logging_mixin.py:115} INFO - [2022-11-01 22:57:50,510] {dagbag.py:507} INFO - Filling up the DagBag from /home/nayara/Documentos/airflowalura/dags/meu_primeiro_dag.py
[2022-11-01 22:57:50,525] {processor.py:651} INFO - DAG(s) dict_keys(['meu_primeiro_dag']) retrieved from /home/nayara/Documentos/airflowalura/dags/meu_primeiro_dag.py
[2022-11-01 22:57:50,560] {logging_mixin.py:115} INFO - [2022-11-01 22:57:50,560] {dag.py:2379} INFO - Sync 1 DAGs
[2022-11-01 22:57:50,588] {logging_mixin.py:115} INFO - [2022-11-01 22:57:50,587] {dag.py:2927} INFO - Setting next_dagrun for meu_primeiro_dag to 2022-11-01T00:00:00+00:00, run_after=2022-11-02T00:00:00+00:00
[2022-11-01 22:57:50,938] {processor.py:161} INFO - Processing /home/nayara/Documentos/airflowalura/dags/meu_primeiro_dag.py took 0.460 seconds
[2022-11-01 22:58:44,694] {processor.py:153} INFO - Started process (PID=19918) to work on /home/nayara/Documentos/airflowalura/dags/meu_primeiro_dag.py
[2022-11-01 22:58:44,788] {processor.py:641} INFO - Processing file /home/nayara/Documentos/airflowalura/dags/meu_primeiro_dag.py for tasks to queue
[2022-11-01 22:58:44,790] {logging_mixin.py:115} INFO - [2022-11-01 22:58:44,789] {dagbag.py:507} INFO - Filling up the DagBag from /home/nayara/Documentos/airflowalura/dags/meu_primeiro_dag.py
[2022-11-01 22:58:44,816] {processor.py:651} INFO - DAG(s) dict_keys(['meu_primeiro_dag']) retrieved from /home/nayara/Documentos/airflowalura/dags/meu_primeiro_dag.py
[2022-11-01 22:58:44,880] {logging_mixin.py:115} INFO - [2022-11-01 22:58:44,880] {dag.py:2379} INFO - Sync 1 DAGs
[2022-11-01 22:58:44,913] {logging_mixin.py:115} INFO - [2022-11-01 22:58:44,913] {dag.py:2927} INFO - Setting next_dagrun for meu_primeiro_dag to 2022-11-01T00:00:00+00:00, run_after=2022-11-02T00:00:00+00:00
[2022-11-01 22:58:45,409] {processor.py:161} INFO - Processing /home/nayara/Documentos/airflowalura/dags/meu_primeiro_dag.py took 0.720 seconds
[2022-11-01 22:59:32,838] {processor.py:153} INFO - Started process (PID=20031) to work on /home/nayara/Documentos/airflowalura/dags/meu_primeiro_dag.py
[2022-11-01 22:59:32,855] {processor.py:641} INFO - Processing file /home/nayara/Documentos/airflowalura/dags/meu_primeiro_dag.py for tasks to queue
[2022-11-01 22:59:32,856] {logging_mixin.py:115} INFO - [2022-11-01 22:59:32,856] {dagbag.py:507} INFO - Filling up the DagBag from /home/nayara/Documentos/airflowalura/dags/meu_primeiro_dag.py
[2022-11-01 22:59:32,869] {processor.py:651} INFO - DAG(s) dict_keys(['meu_primeiro_dag']) retrieved from /home/nayara/Documentos/airflowalura/dags/meu_primeiro_dag.py
[2022-11-01 22:59:32,894] {logging_mixin.py:115} INFO - [2022-11-01 22:59:32,894] {dag.py:2379} INFO - Sync 1 DAGs
[2022-11-01 22:59:32,916] {logging_mixin.py:115} INFO - [2022-11-01 22:59:32,916] {dag.py:2927} INFO - Setting next_dagrun for meu_primeiro_dag to 2022-11-01T00:00:00+00:00, run_after=2022-11-02T00:00:00+00:00
[2022-11-01 22:59:33,171] {processor.py:161} INFO - Processing /home/nayara/Documentos/airflowalura/dags/meu_primeiro_dag.py took 0.337 seconds
[2022-11-01 23:00:29,245] {processor.py:153} INFO - Started process (PID=20138) to work on /home/nayara/Documentos/airflowalura/dags/meu_primeiro_dag.py
[2022-11-01 23:00:29,262] {processor.py:641} INFO - Processing file /home/nayara/Documentos/airflowalura/dags/meu_primeiro_dag.py for tasks to queue
[2022-11-01 23:00:29,263] {logging_mixin.py:115} INFO - [2022-11-01 23:00:29,263] {dagbag.py:507} INFO - Filling up the DagBag from /home/nayara/Documentos/airflowalura/dags/meu_primeiro_dag.py
[2022-11-01 23:00:29,276] {processor.py:651} INFO - DAG(s) dict_keys(['meu_primeiro_dag']) retrieved from /home/nayara/Documentos/airflowalura/dags/meu_primeiro_dag.py
[2022-11-01 23:00:29,296] {logging_mixin.py:115} INFO - [2022-11-01 23:00:29,296] {dag.py:2379} INFO - Sync 1 DAGs
[2022-11-01 23:00:29,315] {logging_mixin.py:115} INFO - [2022-11-01 23:00:29,314] {dag.py:2927} INFO - Setting next_dagrun for meu_primeiro_dag to 2022-11-01T00:00:00+00:00, run_after=2022-11-02T00:00:00+00:00
[2022-11-01 23:00:29,662] {processor.py:161} INFO - Processing /home/nayara/Documentos/airflowalura/dags/meu_primeiro_dag.py took 0.422 seconds
[2022-11-01 23:01:18,834] {processor.py:153} INFO - Started process (PID=20222) to work on /home/nayara/Documentos/airflowalura/dags/meu_primeiro_dag.py
[2022-11-01 23:01:18,842] {processor.py:641} INFO - Processing file /home/nayara/Documentos/airflowalura/dags/meu_primeiro_dag.py for tasks to queue
[2022-11-01 23:01:18,843] {logging_mixin.py:115} INFO - [2022-11-01 23:01:18,843] {dagbag.py:507} INFO - Filling up the DagBag from /home/nayara/Documentos/airflowalura/dags/meu_primeiro_dag.py
[2022-11-01 23:01:18,856] {processor.py:651} INFO - DAG(s) dict_keys(['meu_primeiro_dag']) retrieved from /home/nayara/Documentos/airflowalura/dags/meu_primeiro_dag.py
[2022-11-01 23:01:18,882] {logging_mixin.py:115} INFO - [2022-11-01 23:01:18,882] {dag.py:2379} INFO - Sync 1 DAGs
[2022-11-01 23:01:18,911] {logging_mixin.py:115} INFO - [2022-11-01 23:01:18,911] {dag.py:2927} INFO - Setting next_dagrun for meu_primeiro_dag to 2022-11-01T00:00:00+00:00, run_after=2022-11-02T00:00:00+00:00
[2022-11-01 23:01:19,186] {processor.py:161} INFO - Processing /home/nayara/Documentos/airflowalura/dags/meu_primeiro_dag.py took 0.359 seconds
[2022-11-01 23:02:20,902] {processor.py:153} INFO - Started process (PID=20402) to work on /home/nayara/Documentos/airflowalura/dags/meu_primeiro_dag.py
[2022-11-01 23:02:21,019] {processor.py:641} INFO - Processing file /home/nayara/Documentos/airflowalura/dags/meu_primeiro_dag.py for tasks to queue
[2022-11-01 23:02:21,022] {logging_mixin.py:115} INFO - [2022-11-01 23:02:21,022] {dagbag.py:507} INFO - Filling up the DagBag from /home/nayara/Documentos/airflowalura/dags/meu_primeiro_dag.py
[2022-11-01 23:02:21,061] {processor.py:651} INFO - DAG(s) dict_keys(['meu_primeiro_dag']) retrieved from /home/nayara/Documentos/airflowalura/dags/meu_primeiro_dag.py
[2022-11-01 23:02:21,116] {logging_mixin.py:115} INFO - [2022-11-01 23:02:21,116] {dag.py:2379} INFO - Sync 1 DAGs
[2022-11-01 23:02:21,142] {logging_mixin.py:115} INFO - [2022-11-01 23:02:21,142] {dag.py:2927} INFO - Setting next_dagrun for meu_primeiro_dag to 2022-11-01T00:00:00+00:00, run_after=2022-11-02T00:00:00+00:00
[2022-11-01 23:02:21,915] {processor.py:161} INFO - Processing /home/nayara/Documentos/airflowalura/dags/meu_primeiro_dag.py took 1.020 seconds
[2022-11-01 23:03:14,653] {processor.py:153} INFO - Started process (PID=20506) to work on /home/nayara/Documentos/airflowalura/dags/meu_primeiro_dag.py
[2022-11-01 23:03:14,727] {processor.py:641} INFO - Processing file /home/nayara/Documentos/airflowalura/dags/meu_primeiro_dag.py for tasks to queue
[2022-11-01 23:03:14,730] {logging_mixin.py:115} INFO - [2022-11-01 23:03:14,729] {dagbag.py:507} INFO - Filling up the DagBag from /home/nayara/Documentos/airflowalura/dags/meu_primeiro_dag.py
[2022-11-01 23:03:14,985] {processor.py:651} INFO - DAG(s) dict_keys(['meu_primeiro_dag']) retrieved from /home/nayara/Documentos/airflowalura/dags/meu_primeiro_dag.py
[2022-11-01 23:03:15,060] {logging_mixin.py:115} INFO - [2022-11-01 23:03:15,059] {dag.py:2379} INFO - Sync 1 DAGs
[2022-11-01 23:03:15,170] {logging_mixin.py:115} INFO - [2022-11-01 23:03:15,170] {dag.py:2927} INFO - Setting next_dagrun for meu_primeiro_dag to 2022-11-01T00:00:00+00:00, run_after=2022-11-02T00:00:00+00:00
[2022-11-01 23:03:15,576] {processor.py:161} INFO - Processing /home/nayara/Documentos/airflowalura/dags/meu_primeiro_dag.py took 0.936 seconds
[2022-11-01 23:04:08,906] {processor.py:153} INFO - Started process (PID=20602) to work on /home/nayara/Documentos/airflowalura/dags/meu_primeiro_dag.py
[2022-11-01 23:04:08,926] {processor.py:641} INFO - Processing file /home/nayara/Documentos/airflowalura/dags/meu_primeiro_dag.py for tasks to queue
[2022-11-01 23:04:08,932] {logging_mixin.py:115} INFO - [2022-11-01 23:04:08,932] {dagbag.py:507} INFO - Filling up the DagBag from /home/nayara/Documentos/airflowalura/dags/meu_primeiro_dag.py
[2022-11-01 23:04:08,966] {processor.py:651} INFO - DAG(s) dict_keys(['meu_primeiro_dag']) retrieved from /home/nayara/Documentos/airflowalura/dags/meu_primeiro_dag.py
[2022-11-01 23:04:09,009] {logging_mixin.py:115} INFO - [2022-11-01 23:04:09,008] {dag.py:2379} INFO - Sync 1 DAGs
[2022-11-01 23:04:09,042] {logging_mixin.py:115} INFO - [2022-11-01 23:04:09,041] {dag.py:2927} INFO - Setting next_dagrun for meu_primeiro_dag to 2022-11-01T00:00:00+00:00, run_after=2022-11-02T00:00:00+00:00
[2022-11-01 23:04:09,298] {processor.py:161} INFO - Processing /home/nayara/Documentos/airflowalura/dags/meu_primeiro_dag.py took 0.410 seconds
[2022-11-01 23:04:42,539] {processor.py:153} INFO - Started process (PID=20680) to work on /home/nayara/Documentos/airflowalura/dags/meu_primeiro_dag.py
[2022-11-01 23:04:42,565] {processor.py:641} INFO - Processing file /home/nayara/Documentos/airflowalura/dags/meu_primeiro_dag.py for tasks to queue
[2022-11-01 23:04:42,566] {logging_mixin.py:115} INFO - [2022-11-01 23:04:42,566] {dagbag.py:507} INFO - Filling up the DagBag from /home/nayara/Documentos/airflowalura/dags/meu_primeiro_dag.py
[2022-11-01 23:04:42,625] {processor.py:651} INFO - DAG(s) dict_keys(['meu_primeiro_dag']) retrieved from /home/nayara/Documentos/airflowalura/dags/meu_primeiro_dag.py
[2022-11-01 23:04:42,704] {logging_mixin.py:115} INFO - [2022-11-01 23:04:42,704] {dag.py:2379} INFO - Sync 1 DAGs
[2022-11-01 23:04:42,743] {logging_mixin.py:115} INFO - [2022-11-01 23:04:42,743] {dag.py:2927} INFO - Setting next_dagrun for meu_primeiro_dag to 2022-11-01T00:00:00+00:00, run_after=2022-11-02T00:00:00+00:00
[2022-11-01 23:04:42,921] {processor.py:161} INFO - Processing /home/nayara/Documentos/airflowalura/dags/meu_primeiro_dag.py took 0.387 seconds
[2022-11-01 23:05:38,402] {processor.py:153} INFO - Started process (PID=20804) to work on /home/nayara/Documentos/airflowalura/dags/meu_primeiro_dag.py
[2022-11-01 23:05:38,507] {processor.py:641} INFO - Processing file /home/nayara/Documentos/airflowalura/dags/meu_primeiro_dag.py for tasks to queue
[2022-11-01 23:05:38,510] {logging_mixin.py:115} INFO - [2022-11-01 23:05:38,510] {dagbag.py:507} INFO - Filling up the DagBag from /home/nayara/Documentos/airflowalura/dags/meu_primeiro_dag.py
[2022-11-01 23:05:38,526] {processor.py:651} INFO - DAG(s) dict_keys(['meu_primeiro_dag']) retrieved from /home/nayara/Documentos/airflowalura/dags/meu_primeiro_dag.py
[2022-11-01 23:05:38,547] {logging_mixin.py:115} INFO - [2022-11-01 23:05:38,547] {dag.py:2379} INFO - Sync 1 DAGs
[2022-11-01 23:05:38,568] {logging_mixin.py:115} INFO - [2022-11-01 23:05:38,568] {dag.py:2927} INFO - Setting next_dagrun for meu_primeiro_dag to 2022-11-01T00:00:00+00:00, run_after=2022-11-02T00:00:00+00:00
[2022-11-01 23:05:38,810] {processor.py:161} INFO - Processing /home/nayara/Documentos/airflowalura/dags/meu_primeiro_dag.py took 0.420 seconds
[2022-11-01 23:06:29,465] {processor.py:153} INFO - Started process (PID=20888) to work on /home/nayara/Documentos/airflowalura/dags/meu_primeiro_dag.py
[2022-11-01 23:06:29,487] {processor.py:641} INFO - Processing file /home/nayara/Documentos/airflowalura/dags/meu_primeiro_dag.py for tasks to queue
[2022-11-01 23:06:29,490] {logging_mixin.py:115} INFO - [2022-11-01 23:06:29,489] {dagbag.py:507} INFO - Filling up the DagBag from /home/nayara/Documentos/airflowalura/dags/meu_primeiro_dag.py
[2022-11-01 23:06:29,513] {processor.py:651} INFO - DAG(s) dict_keys(['meu_primeiro_dag']) retrieved from /home/nayara/Documentos/airflowalura/dags/meu_primeiro_dag.py
[2022-11-01 23:06:29,534] {logging_mixin.py:115} INFO - [2022-11-01 23:06:29,534] {dag.py:2379} INFO - Sync 1 DAGs
[2022-11-01 23:06:29,553] {logging_mixin.py:115} INFO - [2022-11-01 23:06:29,553] {dag.py:2927} INFO - Setting next_dagrun for meu_primeiro_dag to 2022-11-01T00:00:00+00:00, run_after=2022-11-02T00:00:00+00:00
[2022-11-01 23:06:29,756] {processor.py:161} INFO - Processing /home/nayara/Documentos/airflowalura/dags/meu_primeiro_dag.py took 0.295 seconds
[2022-11-01 23:07:28,170] {processor.py:153} INFO - Started process (PID=21063) to work on /home/nayara/Documentos/airflowalura/dags/meu_primeiro_dag.py
[2022-11-01 23:07:28,232] {processor.py:641} INFO - Processing file /home/nayara/Documentos/airflowalura/dags/meu_primeiro_dag.py for tasks to queue
[2022-11-01 23:07:28,235] {logging_mixin.py:115} INFO - [2022-11-01 23:07:28,234] {dagbag.py:507} INFO - Filling up the DagBag from /home/nayara/Documentos/airflowalura/dags/meu_primeiro_dag.py
[2022-11-01 23:07:28,254] {processor.py:651} INFO - DAG(s) dict_keys(['meu_primeiro_dag']) retrieved from /home/nayara/Documentos/airflowalura/dags/meu_primeiro_dag.py
[2022-11-01 23:07:28,277] {logging_mixin.py:115} INFO - [2022-11-01 23:07:28,277] {dag.py:2379} INFO - Sync 1 DAGs
[2022-11-01 23:07:28,296] {logging_mixin.py:115} INFO - [2022-11-01 23:07:28,295] {dag.py:2927} INFO - Setting next_dagrun for meu_primeiro_dag to 2022-11-01T00:00:00+00:00, run_after=2022-11-02T00:00:00+00:00
[2022-11-01 23:07:28,661] {processor.py:161} INFO - Processing /home/nayara/Documentos/airflowalura/dags/meu_primeiro_dag.py took 0.503 seconds
[2022-11-01 23:08:16,664] {processor.py:153} INFO - Started process (PID=21154) to work on /home/nayara/Documentos/airflowalura/dags/meu_primeiro_dag.py
[2022-11-01 23:08:16,696] {processor.py:641} INFO - Processing file /home/nayara/Documentos/airflowalura/dags/meu_primeiro_dag.py for tasks to queue
[2022-11-01 23:08:16,699] {logging_mixin.py:115} INFO - [2022-11-01 23:08:16,698] {dagbag.py:507} INFO - Filling up the DagBag from /home/nayara/Documentos/airflowalura/dags/meu_primeiro_dag.py
[2022-11-01 23:08:16,728] {processor.py:651} INFO - DAG(s) dict_keys(['meu_primeiro_dag']) retrieved from /home/nayara/Documentos/airflowalura/dags/meu_primeiro_dag.py
[2022-11-01 23:08:16,749] {logging_mixin.py:115} INFO - [2022-11-01 23:08:16,749] {dag.py:2379} INFO - Sync 1 DAGs
[2022-11-01 23:08:16,768] {logging_mixin.py:115} INFO - [2022-11-01 23:08:16,768] {dag.py:2927} INFO - Setting next_dagrun for meu_primeiro_dag to 2022-11-01T00:00:00+00:00, run_after=2022-11-02T00:00:00+00:00
[2022-11-01 23:08:17,015] {processor.py:161} INFO - Processing /home/nayara/Documentos/airflowalura/dags/meu_primeiro_dag.py took 0.365 seconds
[2022-11-01 23:08:58,018] {processor.py:153} INFO - Started process (PID=21257) to work on /home/nayara/Documentos/airflowalura/dags/meu_primeiro_dag.py
[2022-11-01 23:08:58,114] {processor.py:641} INFO - Processing file /home/nayara/Documentos/airflowalura/dags/meu_primeiro_dag.py for tasks to queue
[2022-11-01 23:08:58,115] {logging_mixin.py:115} INFO - [2022-11-01 23:08:58,115] {dagbag.py:507} INFO - Filling up the DagBag from /home/nayara/Documentos/airflowalura/dags/meu_primeiro_dag.py
[2022-11-01 23:08:58,124] {processor.py:651} INFO - DAG(s) dict_keys(['meu_primeiro_dag']) retrieved from /home/nayara/Documentos/airflowalura/dags/meu_primeiro_dag.py
[2022-11-01 23:08:58,143] {logging_mixin.py:115} INFO - [2022-11-01 23:08:58,143] {dag.py:2379} INFO - Sync 1 DAGs
[2022-11-01 23:08:58,162] {logging_mixin.py:115} INFO - [2022-11-01 23:08:58,162] {dag.py:2927} INFO - Setting next_dagrun for meu_primeiro_dag to 2022-11-01T00:00:00+00:00, run_after=2022-11-02T00:00:00+00:00
[2022-11-01 23:08:58,740] {processor.py:161} INFO - Processing /home/nayara/Documentos/airflowalura/dags/meu_primeiro_dag.py took 0.725 seconds
[2022-11-01 23:09:51,800] {processor.py:153} INFO - Started process (PID=21417) to work on /home/nayara/Documentos/airflowalura/dags/meu_primeiro_dag.py
[2022-11-01 23:09:51,818] {processor.py:641} INFO - Processing file /home/nayara/Documentos/airflowalura/dags/meu_primeiro_dag.py for tasks to queue
[2022-11-01 23:09:51,819] {logging_mixin.py:115} INFO - [2022-11-01 23:09:51,818] {dagbag.py:507} INFO - Filling up the DagBag from /home/nayara/Documentos/airflowalura/dags/meu_primeiro_dag.py
[2022-11-01 23:09:51,829] {processor.py:651} INFO - DAG(s) dict_keys(['meu_primeiro_dag']) retrieved from /home/nayara/Documentos/airflowalura/dags/meu_primeiro_dag.py
[2022-11-01 23:09:51,850] {logging_mixin.py:115} INFO - [2022-11-01 23:09:51,850] {dag.py:2379} INFO - Sync 1 DAGs
[2022-11-01 23:09:51,873] {logging_mixin.py:115} INFO - [2022-11-01 23:09:51,873] {dag.py:2927} INFO - Setting next_dagrun for meu_primeiro_dag to 2022-11-01T00:00:00+00:00, run_after=2022-11-02T00:00:00+00:00
[2022-11-01 23:09:52,194] {processor.py:161} INFO - Processing /home/nayara/Documentos/airflowalura/dags/meu_primeiro_dag.py took 0.398 seconds
[2022-11-01 23:10:37,513] {processor.py:153} INFO - Started process (PID=21516) to work on /home/nayara/Documentos/airflowalura/dags/meu_primeiro_dag.py
[2022-11-01 23:10:37,543] {processor.py:641} INFO - Processing file /home/nayara/Documentos/airflowalura/dags/meu_primeiro_dag.py for tasks to queue
[2022-11-01 23:10:37,544] {logging_mixin.py:115} INFO - [2022-11-01 23:10:37,544] {dagbag.py:507} INFO - Filling up the DagBag from /home/nayara/Documentos/airflowalura/dags/meu_primeiro_dag.py
[2022-11-01 23:10:37,560] {processor.py:651} INFO - DAG(s) dict_keys(['meu_primeiro_dag']) retrieved from /home/nayara/Documentos/airflowalura/dags/meu_primeiro_dag.py
[2022-11-01 23:10:37,586] {logging_mixin.py:115} INFO - [2022-11-01 23:10:37,586] {dag.py:2379} INFO - Sync 1 DAGs
[2022-11-01 23:10:37,619] {logging_mixin.py:115} INFO - [2022-11-01 23:10:37,619] {dag.py:2927} INFO - Setting next_dagrun for meu_primeiro_dag to 2022-11-01T00:00:00+00:00, run_after=2022-11-02T00:00:00+00:00
[2022-11-01 23:10:38,264] {processor.py:161} INFO - Processing /home/nayara/Documentos/airflowalura/dags/meu_primeiro_dag.py took 0.767 seconds
[2022-11-01 23:11:24,654] {processor.py:153} INFO - Started process (PID=21641) to work on /home/nayara/Documentos/airflowalura/dags/meu_primeiro_dag.py
[2022-11-01 23:11:24,685] {processor.py:641} INFO - Processing file /home/nayara/Documentos/airflowalura/dags/meu_primeiro_dag.py for tasks to queue
[2022-11-01 23:11:24,689] {logging_mixin.py:115} INFO - [2022-11-01 23:11:24,689] {dagbag.py:507} INFO - Filling up the DagBag from /home/nayara/Documentos/airflowalura/dags/meu_primeiro_dag.py
[2022-11-01 23:11:24,831] {processor.py:651} INFO - DAG(s) dict_keys(['meu_primeiro_dag']) retrieved from /home/nayara/Documentos/airflowalura/dags/meu_primeiro_dag.py
[2022-11-01 23:11:25,010] {logging_mixin.py:115} INFO - [2022-11-01 23:11:25,009] {dag.py:2379} INFO - Sync 1 DAGs
[2022-11-01 23:11:25,081] {logging_mixin.py:115} INFO - [2022-11-01 23:11:25,080] {dag.py:2927} INFO - Setting next_dagrun for meu_primeiro_dag to 2022-11-01T00:00:00+00:00, run_after=2022-11-02T00:00:00+00:00
[2022-11-01 23:11:25,902] {processor.py:161} INFO - Processing /home/nayara/Documentos/airflowalura/dags/meu_primeiro_dag.py took 1.277 seconds
[2022-11-01 23:12:10,727] {processor.py:153} INFO - Started process (PID=21758) to work on /home/nayara/Documentos/airflowalura/dags/meu_primeiro_dag.py
[2022-11-01 23:12:10,751] {processor.py:641} INFO - Processing file /home/nayara/Documentos/airflowalura/dags/meu_primeiro_dag.py for tasks to queue
[2022-11-01 23:12:10,752] {logging_mixin.py:115} INFO - [2022-11-01 23:12:10,751] {dagbag.py:507} INFO - Filling up the DagBag from /home/nayara/Documentos/airflowalura/dags/meu_primeiro_dag.py
[2022-11-01 23:12:10,760] {processor.py:651} INFO - DAG(s) dict_keys(['meu_primeiro_dag']) retrieved from /home/nayara/Documentos/airflowalura/dags/meu_primeiro_dag.py
[2022-11-01 23:12:11,160] {logging_mixin.py:115} INFO - [2022-11-01 23:12:11,160] {dag.py:2379} INFO - Sync 1 DAGs
[2022-11-01 23:12:11,191] {logging_mixin.py:115} INFO - [2022-11-01 23:12:11,191] {dag.py:2927} INFO - Setting next_dagrun for meu_primeiro_dag to 2022-11-01T00:00:00+00:00, run_after=2022-11-02T00:00:00+00:00
[2022-11-01 23:12:11,642] {processor.py:161} INFO - Processing /home/nayara/Documentos/airflowalura/dags/meu_primeiro_dag.py took 0.924 seconds
[2022-11-01 23:12:50,690] {processor.py:153} INFO - Started process (PID=21844) to work on /home/nayara/Documentos/airflowalura/dags/meu_primeiro_dag.py
[2022-11-01 23:12:50,810] {processor.py:641} INFO - Processing file /home/nayara/Documentos/airflowalura/dags/meu_primeiro_dag.py for tasks to queue
[2022-11-01 23:12:50,813] {logging_mixin.py:115} INFO - [2022-11-01 23:12:50,812] {dagbag.py:507} INFO - Filling up the DagBag from /home/nayara/Documentos/airflowalura/dags/meu_primeiro_dag.py
[2022-11-01 23:12:50,841] {processor.py:651} INFO - DAG(s) dict_keys(['meu_primeiro_dag']) retrieved from /home/nayara/Documentos/airflowalura/dags/meu_primeiro_dag.py
[2022-11-01 23:12:50,906] {logging_mixin.py:115} INFO - [2022-11-01 23:12:50,906] {dag.py:2379} INFO - Sync 1 DAGs
[2022-11-01 23:12:50,930] {logging_mixin.py:115} INFO - [2022-11-01 23:12:50,930] {dag.py:2927} INFO - Setting next_dagrun for meu_primeiro_dag to 2022-11-01T00:00:00+00:00, run_after=2022-11-02T00:00:00+00:00
[2022-11-01 23:12:51,255] {processor.py:161} INFO - Processing /home/nayara/Documentos/airflowalura/dags/meu_primeiro_dag.py took 0.577 seconds
[2022-11-01 23:13:26,697] {processor.py:153} INFO - Started process (PID=21910) to work on /home/nayara/Documentos/airflowalura/dags/meu_primeiro_dag.py
[2022-11-01 23:13:26,707] {processor.py:641} INFO - Processing file /home/nayara/Documentos/airflowalura/dags/meu_primeiro_dag.py for tasks to queue
[2022-11-01 23:13:26,710] {logging_mixin.py:115} INFO - [2022-11-01 23:13:26,709] {dagbag.py:507} INFO - Filling up the DagBag from /home/nayara/Documentos/airflowalura/dags/meu_primeiro_dag.py
[2022-11-01 23:13:26,749] {processor.py:651} INFO - DAG(s) dict_keys(['meu_primeiro_dag']) retrieved from /home/nayara/Documentos/airflowalura/dags/meu_primeiro_dag.py
[2022-11-01 23:13:26,778] {logging_mixin.py:115} INFO - [2022-11-01 23:13:26,777] {dag.py:2379} INFO - Sync 1 DAGs
[2022-11-01 23:13:26,800] {logging_mixin.py:115} INFO - [2022-11-01 23:13:26,800] {dag.py:2927} INFO - Setting next_dagrun for meu_primeiro_dag to 2022-11-01T00:00:00+00:00, run_after=2022-11-02T00:00:00+00:00
[2022-11-01 23:13:27,004] {processor.py:161} INFO - Processing /home/nayara/Documentos/airflowalura/dags/meu_primeiro_dag.py took 0.320 seconds
[2022-11-01 23:14:01,902] {processor.py:153} INFO - Started process (PID=22011) to work on /home/nayara/Documentos/airflowalura/dags/meu_primeiro_dag.py
[2022-11-01 23:14:01,904] {processor.py:641} INFO - Processing file /home/nayara/Documentos/airflowalura/dags/meu_primeiro_dag.py for tasks to queue
[2022-11-01 23:14:01,907] {logging_mixin.py:115} INFO - [2022-11-01 23:14:01,906] {dagbag.py:507} INFO - Filling up the DagBag from /home/nayara/Documentos/airflowalura/dags/meu_primeiro_dag.py
[2022-11-01 23:14:01,943] {processor.py:651} INFO - DAG(s) dict_keys(['meu_primeiro_dag']) retrieved from /home/nayara/Documentos/airflowalura/dags/meu_primeiro_dag.py
[2022-11-01 23:14:02,168] {logging_mixin.py:115} INFO - [2022-11-01 23:14:02,168] {dag.py:2379} INFO - Sync 1 DAGs
[2022-11-01 23:14:02,268] {logging_mixin.py:115} INFO - [2022-11-01 23:14:02,267] {dag.py:2927} INFO - Setting next_dagrun for meu_primeiro_dag to 2022-11-01T00:00:00+00:00, run_after=2022-11-02T00:00:00+00:00
[2022-11-01 23:14:02,811] {processor.py:161} INFO - Processing /home/nayara/Documentos/airflowalura/dags/meu_primeiro_dag.py took 0.924 seconds
[2022-11-01 23:14:35,819] {processor.py:153} INFO - Started process (PID=22108) to work on /home/nayara/Documentos/airflowalura/dags/meu_primeiro_dag.py
[2022-11-01 23:14:35,835] {processor.py:641} INFO - Processing file /home/nayara/Documentos/airflowalura/dags/meu_primeiro_dag.py for tasks to queue
[2022-11-01 23:14:35,838] {logging_mixin.py:115} INFO - [2022-11-01 23:14:35,837] {dagbag.py:507} INFO - Filling up the DagBag from /home/nayara/Documentos/airflowalura/dags/meu_primeiro_dag.py
[2022-11-01 23:14:35,857] {processor.py:651} INFO - DAG(s) dict_keys(['meu_primeiro_dag']) retrieved from /home/nayara/Documentos/airflowalura/dags/meu_primeiro_dag.py
[2022-11-01 23:14:35,883] {logging_mixin.py:115} INFO - [2022-11-01 23:14:35,883] {dag.py:2379} INFO - Sync 1 DAGs
[2022-11-01 23:14:35,903] {logging_mixin.py:115} INFO - [2022-11-01 23:14:35,903] {dag.py:2927} INFO - Setting next_dagrun for meu_primeiro_dag to 2022-11-01T00:00:00+00:00, run_after=2022-11-02T00:00:00+00:00
[2022-11-01 23:14:36,160] {processor.py:161} INFO - Processing /home/nayara/Documentos/airflowalura/dags/meu_primeiro_dag.py took 0.345 seconds
[2022-11-01 23:15:36,514] {processor.py:153} INFO - Started process (PID=22250) to work on /home/nayara/Documentos/airflowalura/dags/meu_primeiro_dag.py
[2022-11-01 23:15:36,547] {processor.py:641} INFO - Processing file /home/nayara/Documentos/airflowalura/dags/meu_primeiro_dag.py for tasks to queue
[2022-11-01 23:15:36,549] {logging_mixin.py:115} INFO - [2022-11-01 23:15:36,549] {dagbag.py:507} INFO - Filling up the DagBag from /home/nayara/Documentos/airflowalura/dags/meu_primeiro_dag.py
[2022-11-01 23:15:36,578] {processor.py:651} INFO - DAG(s) dict_keys(['meu_primeiro_dag']) retrieved from /home/nayara/Documentos/airflowalura/dags/meu_primeiro_dag.py
[2022-11-01 23:15:36,615] {logging_mixin.py:115} INFO - [2022-11-01 23:15:36,615] {dag.py:2379} INFO - Sync 1 DAGs
[2022-11-01 23:15:36,639] {logging_mixin.py:115} INFO - [2022-11-01 23:15:36,639] {dag.py:2927} INFO - Setting next_dagrun for meu_primeiro_dag to 2022-11-01T00:00:00+00:00, run_after=2022-11-02T00:00:00+00:00
[2022-11-01 23:15:36,909] {processor.py:161} INFO - Processing /home/nayara/Documentos/airflowalura/dags/meu_primeiro_dag.py took 0.406 seconds
[2022-11-01 23:16:35,892] {processor.py:153} INFO - Started process (PID=22383) to work on /home/nayara/Documentos/airflowalura/dags/meu_primeiro_dag.py
[2022-11-01 23:16:35,952] {processor.py:641} INFO - Processing file /home/nayara/Documentos/airflowalura/dags/meu_primeiro_dag.py for tasks to queue
[2022-11-01 23:16:35,955] {logging_mixin.py:115} INFO - [2022-11-01 23:16:35,955] {dagbag.py:507} INFO - Filling up the DagBag from /home/nayara/Documentos/airflowalura/dags/meu_primeiro_dag.py
[2022-11-01 23:16:35,978] {processor.py:651} INFO - DAG(s) dict_keys(['meu_primeiro_dag']) retrieved from /home/nayara/Documentos/airflowalura/dags/meu_primeiro_dag.py
[2022-11-01 23:16:36,565] {logging_mixin.py:115} INFO - [2022-11-01 23:16:36,565] {dag.py:2379} INFO - Sync 1 DAGs
[2022-11-01 23:16:36,586] {logging_mixin.py:115} INFO - [2022-11-01 23:16:36,586] {dag.py:2927} INFO - Setting next_dagrun for meu_primeiro_dag to 2022-11-01T00:00:00+00:00, run_after=2022-11-02T00:00:00+00:00
[2022-11-01 23:16:37,205] {processor.py:161} INFO - Processing /home/nayara/Documentos/airflowalura/dags/meu_primeiro_dag.py took 1.317 seconds
[2022-11-01 23:17:11,683] {processor.py:153} INFO - Started process (PID=22476) to work on /home/nayara/Documentos/airflowalura/dags/meu_primeiro_dag.py
[2022-11-01 23:17:11,711] {processor.py:641} INFO - Processing file /home/nayara/Documentos/airflowalura/dags/meu_primeiro_dag.py for tasks to queue
[2022-11-01 23:17:11,713] {logging_mixin.py:115} INFO - [2022-11-01 23:17:11,713] {dagbag.py:507} INFO - Filling up the DagBag from /home/nayara/Documentos/airflowalura/dags/meu_primeiro_dag.py
[2022-11-01 23:17:11,747] {processor.py:651} INFO - DAG(s) dict_keys(['meu_primeiro_dag']) retrieved from /home/nayara/Documentos/airflowalura/dags/meu_primeiro_dag.py
[2022-11-01 23:17:12,339] {logging_mixin.py:115} INFO - [2022-11-01 23:17:12,339] {dag.py:2379} INFO - Sync 1 DAGs
[2022-11-01 23:17:12,402] {logging_mixin.py:115} INFO - [2022-11-01 23:17:12,402] {dag.py:2927} INFO - Setting next_dagrun for meu_primeiro_dag to 2022-11-01T00:00:00+00:00, run_after=2022-11-02T00:00:00+00:00
[2022-11-01 23:17:12,882] {processor.py:161} INFO - Processing /home/nayara/Documentos/airflowalura/dags/meu_primeiro_dag.py took 1.214 seconds
[2022-11-01 23:17:48,330] {processor.py:153} INFO - Started process (PID=22549) to work on /home/nayara/Documentos/airflowalura/dags/meu_primeiro_dag.py
[2022-11-01 23:17:48,379] {processor.py:641} INFO - Processing file /home/nayara/Documentos/airflowalura/dags/meu_primeiro_dag.py for tasks to queue
[2022-11-01 23:17:48,379] {logging_mixin.py:115} INFO - [2022-11-01 23:17:48,379] {dagbag.py:507} INFO - Filling up the DagBag from /home/nayara/Documentos/airflowalura/dags/meu_primeiro_dag.py
[2022-11-01 23:17:48,392] {processor.py:651} INFO - DAG(s) dict_keys(['meu_primeiro_dag']) retrieved from /home/nayara/Documentos/airflowalura/dags/meu_primeiro_dag.py
[2022-11-01 23:17:48,421] {logging_mixin.py:115} INFO - [2022-11-01 23:17:48,421] {dag.py:2379} INFO - Sync 1 DAGs
[2022-11-01 23:17:48,456] {logging_mixin.py:115} INFO - [2022-11-01 23:17:48,456] {dag.py:2927} INFO - Setting next_dagrun for meu_primeiro_dag to 2022-11-01T00:00:00+00:00, run_after=2022-11-02T00:00:00+00:00
[2022-11-01 23:17:48,942] {processor.py:161} INFO - Processing /home/nayara/Documentos/airflowalura/dags/meu_primeiro_dag.py took 0.618 seconds
[2022-11-01 23:18:30,570] {processor.py:153} INFO - Started process (PID=22619) to work on /home/nayara/Documentos/airflowalura/dags/meu_primeiro_dag.py
[2022-11-01 23:18:30,781] {processor.py:641} INFO - Processing file /home/nayara/Documentos/airflowalura/dags/meu_primeiro_dag.py for tasks to queue
[2022-11-01 23:18:30,783] {logging_mixin.py:115} INFO - [2022-11-01 23:18:30,782] {dagbag.py:507} INFO - Filling up the DagBag from /home/nayara/Documentos/airflowalura/dags/meu_primeiro_dag.py
[2022-11-01 23:18:30,811] {processor.py:651} INFO - DAG(s) dict_keys(['meu_primeiro_dag']) retrieved from /home/nayara/Documentos/airflowalura/dags/meu_primeiro_dag.py
[2022-11-01 23:18:30,839] {logging_mixin.py:115} INFO - [2022-11-01 23:18:30,839] {dag.py:2379} INFO - Sync 1 DAGs
[2022-11-01 23:18:30,863] {logging_mixin.py:115} INFO - [2022-11-01 23:18:30,863] {dag.py:2927} INFO - Setting next_dagrun for meu_primeiro_dag to 2022-11-01T00:00:00+00:00, run_after=2022-11-02T00:00:00+00:00
[2022-11-01 23:18:31,885] {processor.py:161} INFO - Processing /home/nayara/Documentos/airflowalura/dags/meu_primeiro_dag.py took 1.322 seconds
[2022-11-01 23:19:06,410] {processor.py:153} INFO - Started process (PID=22682) to work on /home/nayara/Documentos/airflowalura/dags/meu_primeiro_dag.py
[2022-11-01 23:19:06,430] {processor.py:641} INFO - Processing file /home/nayara/Documentos/airflowalura/dags/meu_primeiro_dag.py for tasks to queue
[2022-11-01 23:19:06,431] {logging_mixin.py:115} INFO - [2022-11-01 23:19:06,431] {dagbag.py:507} INFO - Filling up the DagBag from /home/nayara/Documentos/airflowalura/dags/meu_primeiro_dag.py
[2022-11-01 23:19:06,441] {processor.py:651} INFO - DAG(s) dict_keys(['meu_primeiro_dag']) retrieved from /home/nayara/Documentos/airflowalura/dags/meu_primeiro_dag.py
[2022-11-01 23:19:06,461] {logging_mixin.py:115} INFO - [2022-11-01 23:19:06,461] {dag.py:2379} INFO - Sync 1 DAGs
[2022-11-01 23:19:06,479] {logging_mixin.py:115} INFO - [2022-11-01 23:19:06,479] {dag.py:2927} INFO - Setting next_dagrun for meu_primeiro_dag to 2022-11-01T00:00:00+00:00, run_after=2022-11-02T00:00:00+00:00
[2022-11-01 23:19:06,844] {processor.py:161} INFO - Processing /home/nayara/Documentos/airflowalura/dags/meu_primeiro_dag.py took 0.440 seconds
[2022-11-01 23:20:06,184] {processor.py:153} INFO - Started process (PID=22814) to work on /home/nayara/Documentos/airflowalura/dags/meu_primeiro_dag.py
[2022-11-01 23:20:06,266] {processor.py:641} INFO - Processing file /home/nayara/Documentos/airflowalura/dags/meu_primeiro_dag.py for tasks to queue
[2022-11-01 23:20:06,268] {logging_mixin.py:115} INFO - [2022-11-01 23:20:06,267] {dagbag.py:507} INFO - Filling up the DagBag from /home/nayara/Documentos/airflowalura/dags/meu_primeiro_dag.py
[2022-11-01 23:20:06,308] {processor.py:651} INFO - DAG(s) dict_keys(['meu_primeiro_dag']) retrieved from /home/nayara/Documentos/airflowalura/dags/meu_primeiro_dag.py
[2022-11-01 23:20:06,353] {logging_mixin.py:115} INFO - [2022-11-01 23:20:06,353] {dag.py:2379} INFO - Sync 1 DAGs
[2022-11-01 23:20:06,381] {logging_mixin.py:115} INFO - [2022-11-01 23:20:06,381] {dag.py:2927} INFO - Setting next_dagrun for meu_primeiro_dag to 2022-11-01T00:00:00+00:00, run_after=2022-11-02T00:00:00+00:00
[2022-11-01 23:20:06,627] {processor.py:161} INFO - Processing /home/nayara/Documentos/airflowalura/dags/meu_primeiro_dag.py took 0.447 seconds
[2022-11-01 23:20:43,132] {processor.py:153} INFO - Started process (PID=22937) to work on /home/nayara/Documentos/airflowalura/dags/meu_primeiro_dag.py
[2022-11-01 23:20:43,149] {processor.py:641} INFO - Processing file /home/nayara/Documentos/airflowalura/dags/meu_primeiro_dag.py for tasks to queue
[2022-11-01 23:20:43,150] {logging_mixin.py:115} INFO - [2022-11-01 23:20:43,150] {dagbag.py:507} INFO - Filling up the DagBag from /home/nayara/Documentos/airflowalura/dags/meu_primeiro_dag.py
[2022-11-01 23:20:43,167] {processor.py:651} INFO - DAG(s) dict_keys(['meu_primeiro_dag']) retrieved from /home/nayara/Documentos/airflowalura/dags/meu_primeiro_dag.py
[2022-11-01 23:20:43,189] {logging_mixin.py:115} INFO - [2022-11-01 23:20:43,189] {dag.py:2379} INFO - Sync 1 DAGs
[2022-11-01 23:20:43,208] {logging_mixin.py:115} INFO - [2022-11-01 23:20:43,208] {dag.py:2927} INFO - Setting next_dagrun for meu_primeiro_dag to 2022-11-01T00:00:00+00:00, run_after=2022-11-02T00:00:00+00:00
[2022-11-01 23:20:43,482] {processor.py:161} INFO - Processing /home/nayara/Documentos/airflowalura/dags/meu_primeiro_dag.py took 0.360 seconds
[2022-11-01 23:21:21,658] {processor.py:153} INFO - Started process (PID=23054) to work on /home/nayara/Documentos/airflowalura/dags/meu_primeiro_dag.py
[2022-11-01 23:21:21,766] {processor.py:641} INFO - Processing file /home/nayara/Documentos/airflowalura/dags/meu_primeiro_dag.py for tasks to queue
[2022-11-01 23:21:21,767] {logging_mixin.py:115} INFO - [2022-11-01 23:21:21,767] {dagbag.py:507} INFO - Filling up the DagBag from /home/nayara/Documentos/airflowalura/dags/meu_primeiro_dag.py
[2022-11-01 23:21:21,779] {processor.py:651} INFO - DAG(s) dict_keys(['meu_primeiro_dag']) retrieved from /home/nayara/Documentos/airflowalura/dags/meu_primeiro_dag.py
[2022-11-01 23:21:22,344] {logging_mixin.py:115} INFO - [2022-11-01 23:21:22,344] {dag.py:2379} INFO - Sync 1 DAGs
[2022-11-01 23:21:22,382] {logging_mixin.py:115} INFO - [2022-11-01 23:21:22,381] {dag.py:2927} INFO - Setting next_dagrun for meu_primeiro_dag to 2022-11-01T00:00:00+00:00, run_after=2022-11-02T00:00:00+00:00
[2022-11-01 23:21:23,836] {processor.py:161} INFO - Processing /home/nayara/Documentos/airflowalura/dags/meu_primeiro_dag.py took 2.184 seconds
