[2022-10-27 22:16:22,832] {processor.py:153} INFO - Started process (PID=49046) to work on /home/nayara/Documentos/airflowalura/venv/lib/python3.9/site-packages/airflow/example_dags/example_latest_only_with_trigger.py
[2022-10-27 22:16:22,833] {processor.py:641} INFO - Processing file /home/nayara/Documentos/airflowalura/venv/lib/python3.9/site-packages/airflow/example_dags/example_latest_only_with_trigger.py for tasks to queue
[2022-10-27 22:16:22,834] {logging_mixin.py:115} INFO - [2022-10-27 22:16:22,834] {dagbag.py:507} INFO - Filling up the DagBag from /home/nayara/Documentos/airflowalura/venv/lib/python3.9/site-packages/airflow/example_dags/example_latest_only_with_trigger.py
[2022-10-27 22:16:22,959] {processor.py:651} INFO - DAG(s) dict_keys(['latest_only_with_trigger']) retrieved from /home/nayara/Documentos/airflowalura/venv/lib/python3.9/site-packages/airflow/example_dags/example_latest_only_with_trigger.py
[2022-10-27 22:16:23,895] {logging_mixin.py:115} INFO - [2022-10-27 22:16:23,894] {manager.py:508} INFO - Created Permission View: can read on DAG:latest_only_with_trigger
[2022-10-27 22:16:24,322] {logging_mixin.py:115} INFO - [2022-10-27 22:16:24,321] {manager.py:508} INFO - Created Permission View: can delete on DAG:latest_only_with_trigger
[2022-10-27 22:16:25,326] {logging_mixin.py:115} INFO - [2022-10-27 22:16:25,326] {manager.py:508} INFO - Created Permission View: can edit on DAG:latest_only_with_trigger
[2022-10-27 22:16:25,327] {logging_mixin.py:115} INFO - [2022-10-27 22:16:25,327] {dag.py:2379} INFO - Sync 1 DAGs
[2022-10-27 22:16:25,350] {logging_mixin.py:115} INFO - [2022-10-27 22:16:25,349] {dag.py:2398} INFO - Creating ORM DAG for latest_only_with_trigger
[2022-10-27 22:16:25,374] {logging_mixin.py:115} INFO - [2022-10-27 22:16:25,374] {dag.py:2927} INFO - Setting next_dagrun for latest_only_with_trigger to 2022-10-27T21:16:25.374097+00:00, run_after=2022-10-28T01:16:25.374097+00:00
[2022-10-27 22:16:26,111] {processor.py:161} INFO - Processing /home/nayara/Documentos/airflowalura/venv/lib/python3.9/site-packages/airflow/example_dags/example_latest_only_with_trigger.py took 3.285 seconds
[2022-10-27 22:17:54,667] {processor.py:153} INFO - Started process (PID=49256) to work on /home/nayara/Documentos/airflowalura/venv/lib/python3.9/site-packages/airflow/example_dags/example_latest_only_with_trigger.py
[2022-10-27 22:17:54,669] {processor.py:641} INFO - Processing file /home/nayara/Documentos/airflowalura/venv/lib/python3.9/site-packages/airflow/example_dags/example_latest_only_with_trigger.py for tasks to queue
[2022-10-27 22:17:54,670] {logging_mixin.py:115} INFO - [2022-10-27 22:17:54,670] {dagbag.py:507} INFO - Filling up the DagBag from /home/nayara/Documentos/airflowalura/venv/lib/python3.9/site-packages/airflow/example_dags/example_latest_only_with_trigger.py
[2022-10-27 22:17:54,678] {processor.py:651} INFO - DAG(s) dict_keys(['latest_only_with_trigger']) retrieved from /home/nayara/Documentos/airflowalura/venv/lib/python3.9/site-packages/airflow/example_dags/example_latest_only_with_trigger.py
[2022-10-27 22:17:54,698] {logging_mixin.py:115} INFO - [2022-10-27 22:17:54,698] {dag.py:2379} INFO - Sync 1 DAGs
[2022-10-27 22:17:54,722] {logging_mixin.py:115} INFO - [2022-10-27 22:17:54,722] {dag.py:2927} INFO - Setting next_dagrun for latest_only_with_trigger to 2022-10-27T21:17:54.722185+00:00, run_after=2022-10-28T01:17:54.722185+00:00
[2022-10-27 22:17:55,057] {processor.py:161} INFO - Processing /home/nayara/Documentos/airflowalura/venv/lib/python3.9/site-packages/airflow/example_dags/example_latest_only_with_trigger.py took 0.398 seconds
[2022-10-27 22:18:58,703] {processor.py:153} INFO - Started process (PID=49443) to work on /home/nayara/Documentos/airflowalura/venv/lib/python3.9/site-packages/airflow/example_dags/example_latest_only_with_trigger.py
[2022-10-27 22:18:58,714] {processor.py:641} INFO - Processing file /home/nayara/Documentos/airflowalura/venv/lib/python3.9/site-packages/airflow/example_dags/example_latest_only_with_trigger.py for tasks to queue
[2022-10-27 22:18:58,715] {logging_mixin.py:115} INFO - [2022-10-27 22:18:58,715] {dagbag.py:507} INFO - Filling up the DagBag from /home/nayara/Documentos/airflowalura/venv/lib/python3.9/site-packages/airflow/example_dags/example_latest_only_with_trigger.py
[2022-10-27 22:18:58,724] {processor.py:651} INFO - DAG(s) dict_keys(['latest_only_with_trigger']) retrieved from /home/nayara/Documentos/airflowalura/venv/lib/python3.9/site-packages/airflow/example_dags/example_latest_only_with_trigger.py
[2022-10-27 22:18:58,746] {logging_mixin.py:115} INFO - [2022-10-27 22:18:58,746] {dag.py:2379} INFO - Sync 1 DAGs
[2022-10-27 22:18:58,774] {logging_mixin.py:115} INFO - [2022-10-27 22:18:58,774] {dag.py:2927} INFO - Setting next_dagrun for latest_only_with_trigger to 2022-10-27T21:18:58.774295+00:00, run_after=2022-10-28T01:18:58.774295+00:00
[2022-10-27 22:19:00,192] {processor.py:161} INFO - Processing /home/nayara/Documentos/airflowalura/venv/lib/python3.9/site-packages/airflow/example_dags/example_latest_only_with_trigger.py took 1.494 seconds
[2022-10-27 22:20:26,741] {processor.py:153} INFO - Started process (PID=49867) to work on /home/nayara/Documentos/airflowalura/venv/lib/python3.9/site-packages/airflow/example_dags/example_latest_only_with_trigger.py
[2022-10-27 22:20:26,743] {processor.py:641} INFO - Processing file /home/nayara/Documentos/airflowalura/venv/lib/python3.9/site-packages/airflow/example_dags/example_latest_only_with_trigger.py for tasks to queue
[2022-10-27 22:20:26,743] {logging_mixin.py:115} INFO - [2022-10-27 22:20:26,743] {dagbag.py:507} INFO - Filling up the DagBag from /home/nayara/Documentos/airflowalura/venv/lib/python3.9/site-packages/airflow/example_dags/example_latest_only_with_trigger.py
[2022-10-27 22:20:26,751] {processor.py:651} INFO - DAG(s) dict_keys(['latest_only_with_trigger']) retrieved from /home/nayara/Documentos/airflowalura/venv/lib/python3.9/site-packages/airflow/example_dags/example_latest_only_with_trigger.py
[2022-10-27 22:20:26,775] {logging_mixin.py:115} INFO - [2022-10-27 22:20:26,775] {dag.py:2379} INFO - Sync 1 DAGs
[2022-10-27 22:20:26,800] {logging_mixin.py:115} INFO - [2022-10-27 22:20:26,800] {dag.py:2927} INFO - Setting next_dagrun for latest_only_with_trigger to 2022-10-27T21:20:26.800251+00:00, run_after=2022-10-28T01:20:26.800251+00:00
[2022-10-27 22:20:27,182] {processor.py:161} INFO - Processing /home/nayara/Documentos/airflowalura/venv/lib/python3.9/site-packages/airflow/example_dags/example_latest_only_with_trigger.py took 0.445 seconds
[2022-10-27 22:21:22,689] {processor.py:153} INFO - Started process (PID=49987) to work on /home/nayara/Documentos/airflowalura/venv/lib/python3.9/site-packages/airflow/example_dags/example_latest_only_with_trigger.py
[2022-10-27 22:21:22,691] {processor.py:641} INFO - Processing file /home/nayara/Documentos/airflowalura/venv/lib/python3.9/site-packages/airflow/example_dags/example_latest_only_with_trigger.py for tasks to queue
[2022-10-27 22:21:22,693] {logging_mixin.py:115} INFO - [2022-10-27 22:21:22,693] {dagbag.py:507} INFO - Filling up the DagBag from /home/nayara/Documentos/airflowalura/venv/lib/python3.9/site-packages/airflow/example_dags/example_latest_only_with_trigger.py
[2022-10-27 22:21:22,719] {processor.py:651} INFO - DAG(s) dict_keys(['latest_only_with_trigger']) retrieved from /home/nayara/Documentos/airflowalura/venv/lib/python3.9/site-packages/airflow/example_dags/example_latest_only_with_trigger.py
[2022-10-27 22:21:22,757] {logging_mixin.py:115} INFO - [2022-10-27 22:21:22,757] {dag.py:2379} INFO - Sync 1 DAGs
[2022-10-27 22:21:22,786] {logging_mixin.py:115} INFO - [2022-10-27 22:21:22,786] {dag.py:2927} INFO - Setting next_dagrun for latest_only_with_trigger to 2022-10-27T21:21:22.786107+00:00, run_after=2022-10-28T01:21:22.786107+00:00
[2022-10-27 22:21:23,073] {processor.py:161} INFO - Processing /home/nayara/Documentos/airflowalura/venv/lib/python3.9/site-packages/airflow/example_dags/example_latest_only_with_trigger.py took 0.397 seconds
[2022-10-27 22:22:23,793] {processor.py:153} INFO - Started process (PID=50123) to work on /home/nayara/Documentos/airflowalura/venv/lib/python3.9/site-packages/airflow/example_dags/example_latest_only_with_trigger.py
[2022-10-27 22:22:23,807] {processor.py:641} INFO - Processing file /home/nayara/Documentos/airflowalura/venv/lib/python3.9/site-packages/airflow/example_dags/example_latest_only_with_trigger.py for tasks to queue
[2022-10-27 22:22:23,810] {logging_mixin.py:115} INFO - [2022-10-27 22:22:23,809] {dagbag.py:507} INFO - Filling up the DagBag from /home/nayara/Documentos/airflowalura/venv/lib/python3.9/site-packages/airflow/example_dags/example_latest_only_with_trigger.py
[2022-10-27 22:22:23,845] {processor.py:651} INFO - DAG(s) dict_keys(['latest_only_with_trigger']) retrieved from /home/nayara/Documentos/airflowalura/venv/lib/python3.9/site-packages/airflow/example_dags/example_latest_only_with_trigger.py
[2022-10-27 22:22:23,882] {logging_mixin.py:115} INFO - [2022-10-27 22:22:23,881] {dag.py:2379} INFO - Sync 1 DAGs
[2022-10-27 22:22:23,909] {logging_mixin.py:115} INFO - [2022-10-27 22:22:23,909] {dag.py:2927} INFO - Setting next_dagrun for latest_only_with_trigger to 2022-10-27T21:22:23.909147+00:00, run_after=2022-10-28T01:22:23.909147+00:00
[2022-10-27 22:22:24,326] {processor.py:161} INFO - Processing /home/nayara/Documentos/airflowalura/venv/lib/python3.9/site-packages/airflow/example_dags/example_latest_only_with_trigger.py took 0.548 seconds
[2022-10-27 22:23:13,116] {processor.py:153} INFO - Started process (PID=50230) to work on /home/nayara/Documentos/airflowalura/venv/lib/python3.9/site-packages/airflow/example_dags/example_latest_only_with_trigger.py
[2022-10-27 22:23:13,212] {processor.py:641} INFO - Processing file /home/nayara/Documentos/airflowalura/venv/lib/python3.9/site-packages/airflow/example_dags/example_latest_only_with_trigger.py for tasks to queue
[2022-10-27 22:23:13,213] {logging_mixin.py:115} INFO - [2022-10-27 22:23:13,213] {dagbag.py:507} INFO - Filling up the DagBag from /home/nayara/Documentos/airflowalura/venv/lib/python3.9/site-packages/airflow/example_dags/example_latest_only_with_trigger.py
[2022-10-27 22:23:13,225] {processor.py:651} INFO - DAG(s) dict_keys(['latest_only_with_trigger']) retrieved from /home/nayara/Documentos/airflowalura/venv/lib/python3.9/site-packages/airflow/example_dags/example_latest_only_with_trigger.py
[2022-10-27 22:23:13,256] {logging_mixin.py:115} INFO - [2022-10-27 22:23:13,255] {dag.py:2379} INFO - Sync 1 DAGs
[2022-10-27 22:23:13,296] {logging_mixin.py:115} INFO - [2022-10-27 22:23:13,296] {dag.py:2927} INFO - Setting next_dagrun for latest_only_with_trigger to 2022-10-27T21:23:13.295628+00:00, run_after=2022-10-28T01:23:13.295628+00:00
[2022-10-27 22:23:13,640] {processor.py:161} INFO - Processing /home/nayara/Documentos/airflowalura/venv/lib/python3.9/site-packages/airflow/example_dags/example_latest_only_with_trigger.py took 0.533 seconds
[2022-10-27 22:24:20,513] {processor.py:153} INFO - Started process (PID=50392) to work on /home/nayara/Documentos/airflowalura/venv/lib/python3.9/site-packages/airflow/example_dags/example_latest_only_with_trigger.py
[2022-10-27 22:24:20,533] {processor.py:641} INFO - Processing file /home/nayara/Documentos/airflowalura/venv/lib/python3.9/site-packages/airflow/example_dags/example_latest_only_with_trigger.py for tasks to queue
[2022-10-27 22:24:20,534] {logging_mixin.py:115} INFO - [2022-10-27 22:24:20,534] {dagbag.py:507} INFO - Filling up the DagBag from /home/nayara/Documentos/airflowalura/venv/lib/python3.9/site-packages/airflow/example_dags/example_latest_only_with_trigger.py
[2022-10-27 22:24:20,549] {processor.py:651} INFO - DAG(s) dict_keys(['latest_only_with_trigger']) retrieved from /home/nayara/Documentos/airflowalura/venv/lib/python3.9/site-packages/airflow/example_dags/example_latest_only_with_trigger.py
[2022-10-27 22:24:20,596] {logging_mixin.py:115} INFO - [2022-10-27 22:24:20,596] {dag.py:2379} INFO - Sync 1 DAGs
[2022-10-27 22:24:20,633] {logging_mixin.py:115} INFO - [2022-10-27 22:24:20,633] {dag.py:2927} INFO - Setting next_dagrun for latest_only_with_trigger to 2022-10-27T21:24:20.632710+00:00, run_after=2022-10-28T01:24:20.632710+00:00
[2022-10-27 22:24:21,038] {processor.py:161} INFO - Processing /home/nayara/Documentos/airflowalura/venv/lib/python3.9/site-packages/airflow/example_dags/example_latest_only_with_trigger.py took 0.532 seconds
[2022-10-27 22:25:24,580] {processor.py:153} INFO - Started process (PID=50548) to work on /home/nayara/Documentos/airflowalura/venv/lib/python3.9/site-packages/airflow/example_dags/example_latest_only_with_trigger.py
[2022-10-27 22:25:24,605] {processor.py:641} INFO - Processing file /home/nayara/Documentos/airflowalura/venv/lib/python3.9/site-packages/airflow/example_dags/example_latest_only_with_trigger.py for tasks to queue
[2022-10-27 22:25:24,606] {logging_mixin.py:115} INFO - [2022-10-27 22:25:24,606] {dagbag.py:507} INFO - Filling up the DagBag from /home/nayara/Documentos/airflowalura/venv/lib/python3.9/site-packages/airflow/example_dags/example_latest_only_with_trigger.py
[2022-10-27 22:25:24,627] {processor.py:651} INFO - DAG(s) dict_keys(['latest_only_with_trigger']) retrieved from /home/nayara/Documentos/airflowalura/venv/lib/python3.9/site-packages/airflow/example_dags/example_latest_only_with_trigger.py
[2022-10-27 22:25:24,667] {logging_mixin.py:115} INFO - [2022-10-27 22:25:24,667] {dag.py:2379} INFO - Sync 1 DAGs
[2022-10-27 22:25:24,747] {logging_mixin.py:115} INFO - [2022-10-27 22:25:24,747] {dag.py:2927} INFO - Setting next_dagrun for latest_only_with_trigger to 2022-10-27T21:25:24.746549+00:00, run_after=2022-10-28T01:25:24.746549+00:00
[2022-10-27 22:25:25,143] {processor.py:161} INFO - Processing /home/nayara/Documentos/airflowalura/venv/lib/python3.9/site-packages/airflow/example_dags/example_latest_only_with_trigger.py took 0.573 seconds
[2022-10-27 22:26:29,532] {processor.py:153} INFO - Started process (PID=50661) to work on /home/nayara/Documentos/airflowalura/venv/lib/python3.9/site-packages/airflow/example_dags/example_latest_only_with_trigger.py
[2022-10-27 22:26:29,552] {processor.py:641} INFO - Processing file /home/nayara/Documentos/airflowalura/venv/lib/python3.9/site-packages/airflow/example_dags/example_latest_only_with_trigger.py for tasks to queue
[2022-10-27 22:26:29,554] {logging_mixin.py:115} INFO - [2022-10-27 22:26:29,553] {dagbag.py:507} INFO - Filling up the DagBag from /home/nayara/Documentos/airflowalura/venv/lib/python3.9/site-packages/airflow/example_dags/example_latest_only_with_trigger.py
[2022-10-27 22:26:29,580] {processor.py:651} INFO - DAG(s) dict_keys(['latest_only_with_trigger']) retrieved from /home/nayara/Documentos/airflowalura/venv/lib/python3.9/site-packages/airflow/example_dags/example_latest_only_with_trigger.py
[2022-10-27 22:26:29,626] {logging_mixin.py:115} INFO - [2022-10-27 22:26:29,626] {dag.py:2379} INFO - Sync 1 DAGs
[2022-10-27 22:26:29,658] {logging_mixin.py:115} INFO - [2022-10-27 22:26:29,658] {dag.py:2927} INFO - Setting next_dagrun for latest_only_with_trigger to 2022-10-27T21:26:29.657916+00:00, run_after=2022-10-28T01:26:29.657916+00:00
[2022-10-27 22:26:29,959] {processor.py:161} INFO - Processing /home/nayara/Documentos/airflowalura/venv/lib/python3.9/site-packages/airflow/example_dags/example_latest_only_with_trigger.py took 0.436 seconds
[2022-10-27 22:27:20,530] {processor.py:153} INFO - Started process (PID=50802) to work on /home/nayara/Documentos/airflowalura/venv/lib/python3.9/site-packages/airflow/example_dags/example_latest_only_with_trigger.py
[2022-10-27 22:27:20,551] {processor.py:641} INFO - Processing file /home/nayara/Documentos/airflowalura/venv/lib/python3.9/site-packages/airflow/example_dags/example_latest_only_with_trigger.py for tasks to queue
[2022-10-27 22:27:20,553] {logging_mixin.py:115} INFO - [2022-10-27 22:27:20,552] {dagbag.py:507} INFO - Filling up the DagBag from /home/nayara/Documentos/airflowalura/venv/lib/python3.9/site-packages/airflow/example_dags/example_latest_only_with_trigger.py
[2022-10-27 22:27:20,564] {processor.py:651} INFO - DAG(s) dict_keys(['latest_only_with_trigger']) retrieved from /home/nayara/Documentos/airflowalura/venv/lib/python3.9/site-packages/airflow/example_dags/example_latest_only_with_trigger.py
[2022-10-27 22:27:20,596] {logging_mixin.py:115} INFO - [2022-10-27 22:27:20,595] {dag.py:2379} INFO - Sync 1 DAGs
[2022-10-27 22:27:20,629] {logging_mixin.py:115} INFO - [2022-10-27 22:27:20,629] {dag.py:2927} INFO - Setting next_dagrun for latest_only_with_trigger to 2022-10-27T21:27:20.629445+00:00, run_after=2022-10-28T01:27:20.629445+00:00
[2022-10-27 22:27:20,937] {processor.py:161} INFO - Processing /home/nayara/Documentos/airflowalura/venv/lib/python3.9/site-packages/airflow/example_dags/example_latest_only_with_trigger.py took 0.414 seconds
[2022-10-27 22:28:29,534] {processor.py:153} INFO - Started process (PID=51022) to work on /home/nayara/Documentos/airflowalura/venv/lib/python3.9/site-packages/airflow/example_dags/example_latest_only_with_trigger.py
[2022-10-27 22:28:29,556] {processor.py:641} INFO - Processing file /home/nayara/Documentos/airflowalura/venv/lib/python3.9/site-packages/airflow/example_dags/example_latest_only_with_trigger.py for tasks to queue
[2022-10-27 22:28:29,560] {logging_mixin.py:115} INFO - [2022-10-27 22:28:29,559] {dagbag.py:507} INFO - Filling up the DagBag from /home/nayara/Documentos/airflowalura/venv/lib/python3.9/site-packages/airflow/example_dags/example_latest_only_with_trigger.py
[2022-10-27 22:28:29,590] {processor.py:651} INFO - DAG(s) dict_keys(['latest_only_with_trigger']) retrieved from /home/nayara/Documentos/airflowalura/venv/lib/python3.9/site-packages/airflow/example_dags/example_latest_only_with_trigger.py
[2022-10-27 22:28:29,634] {logging_mixin.py:115} INFO - [2022-10-27 22:28:29,634] {dag.py:2379} INFO - Sync 1 DAGs
[2022-10-27 22:28:29,659] {logging_mixin.py:115} INFO - [2022-10-27 22:28:29,659] {dag.py:2927} INFO - Setting next_dagrun for latest_only_with_trigger to 2022-10-27T21:28:29.658988+00:00, run_after=2022-10-28T01:28:29.658988+00:00
[2022-10-27 22:28:29,953] {processor.py:161} INFO - Processing /home/nayara/Documentos/airflowalura/venv/lib/python3.9/site-packages/airflow/example_dags/example_latest_only_with_trigger.py took 0.431 seconds
[2022-10-27 22:29:20,305] {processor.py:153} INFO - Started process (PID=51131) to work on /home/nayara/Documentos/airflowalura/venv/lib/python3.9/site-packages/airflow/example_dags/example_latest_only_with_trigger.py
[2022-10-27 22:29:20,356] {processor.py:641} INFO - Processing file /home/nayara/Documentos/airflowalura/venv/lib/python3.9/site-packages/airflow/example_dags/example_latest_only_with_trigger.py for tasks to queue
[2022-10-27 22:29:20,359] {logging_mixin.py:115} INFO - [2022-10-27 22:29:20,358] {dagbag.py:507} INFO - Filling up the DagBag from /home/nayara/Documentos/airflowalura/venv/lib/python3.9/site-packages/airflow/example_dags/example_latest_only_with_trigger.py
[2022-10-27 22:29:20,395] {processor.py:651} INFO - DAG(s) dict_keys(['latest_only_with_trigger']) retrieved from /home/nayara/Documentos/airflowalura/venv/lib/python3.9/site-packages/airflow/example_dags/example_latest_only_with_trigger.py
[2022-10-27 22:29:20,451] {logging_mixin.py:115} INFO - [2022-10-27 22:29:20,451] {dag.py:2379} INFO - Sync 1 DAGs
[2022-10-27 22:29:20,480] {logging_mixin.py:115} INFO - [2022-10-27 22:29:20,480] {dag.py:2927} INFO - Setting next_dagrun for latest_only_with_trigger to 2022-10-27T21:29:20.479942+00:00, run_after=2022-10-28T01:29:20.479942+00:00
[2022-10-27 22:29:21,344] {processor.py:161} INFO - Processing /home/nayara/Documentos/airflowalura/venv/lib/python3.9/site-packages/airflow/example_dags/example_latest_only_with_trigger.py took 1.055 seconds
[2022-10-27 22:30:25,205] {processor.py:153} INFO - Started process (PID=51254) to work on /home/nayara/Documentos/airflowalura/venv/lib/python3.9/site-packages/airflow/example_dags/example_latest_only_with_trigger.py
[2022-10-27 22:30:25,223] {processor.py:641} INFO - Processing file /home/nayara/Documentos/airflowalura/venv/lib/python3.9/site-packages/airflow/example_dags/example_latest_only_with_trigger.py for tasks to queue
[2022-10-27 22:30:25,225] {logging_mixin.py:115} INFO - [2022-10-27 22:30:25,225] {dagbag.py:507} INFO - Filling up the DagBag from /home/nayara/Documentos/airflowalura/venv/lib/python3.9/site-packages/airflow/example_dags/example_latest_only_with_trigger.py
[2022-10-27 22:30:25,239] {processor.py:651} INFO - DAG(s) dict_keys(['latest_only_with_trigger']) retrieved from /home/nayara/Documentos/airflowalura/venv/lib/python3.9/site-packages/airflow/example_dags/example_latest_only_with_trigger.py
[2022-10-27 22:30:25,262] {logging_mixin.py:115} INFO - [2022-10-27 22:30:25,262] {dag.py:2379} INFO - Sync 1 DAGs
[2022-10-27 22:30:25,286] {logging_mixin.py:115} INFO - [2022-10-27 22:30:25,286] {dag.py:2927} INFO - Setting next_dagrun for latest_only_with_trigger to 2022-10-27T21:30:25.286068+00:00, run_after=2022-10-28T01:30:25.286068+00:00
[2022-10-27 22:30:25,645] {processor.py:161} INFO - Processing /home/nayara/Documentos/airflowalura/venv/lib/python3.9/site-packages/airflow/example_dags/example_latest_only_with_trigger.py took 0.452 seconds
[2022-10-27 22:31:26,283] {processor.py:153} INFO - Started process (PID=51375) to work on /home/nayara/Documentos/airflowalura/venv/lib/python3.9/site-packages/airflow/example_dags/example_latest_only_with_trigger.py
[2022-10-27 22:31:26,313] {processor.py:641} INFO - Processing file /home/nayara/Documentos/airflowalura/venv/lib/python3.9/site-packages/airflow/example_dags/example_latest_only_with_trigger.py for tasks to queue
[2022-10-27 22:31:26,315] {logging_mixin.py:115} INFO - [2022-10-27 22:31:26,314] {dagbag.py:507} INFO - Filling up the DagBag from /home/nayara/Documentos/airflowalura/venv/lib/python3.9/site-packages/airflow/example_dags/example_latest_only_with_trigger.py
[2022-10-27 22:31:26,325] {processor.py:651} INFO - DAG(s) dict_keys(['latest_only_with_trigger']) retrieved from /home/nayara/Documentos/airflowalura/venv/lib/python3.9/site-packages/airflow/example_dags/example_latest_only_with_trigger.py
[2022-10-27 22:31:26,350] {logging_mixin.py:115} INFO - [2022-10-27 22:31:26,350] {dag.py:2379} INFO - Sync 1 DAGs
[2022-10-27 22:31:26,379] {logging_mixin.py:115} INFO - [2022-10-27 22:31:26,379] {dag.py:2927} INFO - Setting next_dagrun for latest_only_with_trigger to 2022-10-27T21:31:26.379253+00:00, run_after=2022-10-28T01:31:26.379253+00:00
[2022-10-27 22:31:26,714] {processor.py:161} INFO - Processing /home/nayara/Documentos/airflowalura/venv/lib/python3.9/site-packages/airflow/example_dags/example_latest_only_with_trigger.py took 0.448 seconds
[2022-10-27 22:32:53,891] {processor.py:153} INFO - Started process (PID=51570) to work on /home/nayara/Documentos/airflowalura/venv/lib/python3.9/site-packages/airflow/example_dags/example_latest_only_with_trigger.py
[2022-10-27 22:32:53,897] {processor.py:641} INFO - Processing file /home/nayara/Documentos/airflowalura/venv/lib/python3.9/site-packages/airflow/example_dags/example_latest_only_with_trigger.py for tasks to queue
[2022-10-27 22:32:53,898] {logging_mixin.py:115} INFO - [2022-10-27 22:32:53,897] {dagbag.py:507} INFO - Filling up the DagBag from /home/nayara/Documentos/airflowalura/venv/lib/python3.9/site-packages/airflow/example_dags/example_latest_only_with_trigger.py
[2022-10-27 22:32:53,907] {processor.py:651} INFO - DAG(s) dict_keys(['latest_only_with_trigger']) retrieved from /home/nayara/Documentos/airflowalura/venv/lib/python3.9/site-packages/airflow/example_dags/example_latest_only_with_trigger.py
[2022-10-27 22:32:53,927] {logging_mixin.py:115} INFO - [2022-10-27 22:32:53,927] {dag.py:2379} INFO - Sync 1 DAGs
[2022-10-27 22:32:53,952] {logging_mixin.py:115} INFO - [2022-10-27 22:32:53,951] {dag.py:2927} INFO - Setting next_dagrun for latest_only_with_trigger to 2022-10-27T21:32:53.951663+00:00, run_after=2022-10-28T01:32:53.951663+00:00
[2022-10-27 22:32:54,220] {processor.py:161} INFO - Processing /home/nayara/Documentos/airflowalura/venv/lib/python3.9/site-packages/airflow/example_dags/example_latest_only_with_trigger.py took 0.340 seconds
[2022-10-27 22:33:45,031] {processor.py:153} INFO - Started process (PID=51683) to work on /home/nayara/Documentos/airflowalura/venv/lib/python3.9/site-packages/airflow/example_dags/example_latest_only_with_trigger.py
[2022-10-27 22:33:45,063] {processor.py:641} INFO - Processing file /home/nayara/Documentos/airflowalura/venv/lib/python3.9/site-packages/airflow/example_dags/example_latest_only_with_trigger.py for tasks to queue
[2022-10-27 22:33:45,068] {logging_mixin.py:115} INFO - [2022-10-27 22:33:45,067] {dagbag.py:507} INFO - Filling up the DagBag from /home/nayara/Documentos/airflowalura/venv/lib/python3.9/site-packages/airflow/example_dags/example_latest_only_with_trigger.py
[2022-10-27 22:33:45,112] {processor.py:651} INFO - DAG(s) dict_keys(['latest_only_with_trigger']) retrieved from /home/nayara/Documentos/airflowalura/venv/lib/python3.9/site-packages/airflow/example_dags/example_latest_only_with_trigger.py
[2022-10-27 22:33:45,179] {logging_mixin.py:115} INFO - [2022-10-27 22:33:45,179] {dag.py:2379} INFO - Sync 1 DAGs
[2022-10-27 22:33:45,209] {logging_mixin.py:115} INFO - [2022-10-27 22:33:45,209] {dag.py:2927} INFO - Setting next_dagrun for latest_only_with_trigger to 2022-10-27T21:33:45.208819+00:00, run_after=2022-10-28T01:33:45.208819+00:00
[2022-10-27 22:33:45,470] {processor.py:161} INFO - Processing /home/nayara/Documentos/airflowalura/venv/lib/python3.9/site-packages/airflow/example_dags/example_latest_only_with_trigger.py took 0.447 seconds
[2022-10-27 22:34:41,606] {processor.py:153} INFO - Started process (PID=51782) to work on /home/nayara/Documentos/airflowalura/venv/lib/python3.9/site-packages/airflow/example_dags/example_latest_only_with_trigger.py
[2022-10-27 22:34:41,634] {processor.py:641} INFO - Processing file /home/nayara/Documentos/airflowalura/venv/lib/python3.9/site-packages/airflow/example_dags/example_latest_only_with_trigger.py for tasks to queue
[2022-10-27 22:34:41,635] {logging_mixin.py:115} INFO - [2022-10-27 22:34:41,635] {dagbag.py:507} INFO - Filling up the DagBag from /home/nayara/Documentos/airflowalura/venv/lib/python3.9/site-packages/airflow/example_dags/example_latest_only_with_trigger.py
[2022-10-27 22:34:41,642] {processor.py:651} INFO - DAG(s) dict_keys(['latest_only_with_trigger']) retrieved from /home/nayara/Documentos/airflowalura/venv/lib/python3.9/site-packages/airflow/example_dags/example_latest_only_with_trigger.py
[2022-10-27 22:34:41,666] {logging_mixin.py:115} INFO - [2022-10-27 22:34:41,666] {dag.py:2379} INFO - Sync 1 DAGs
[2022-10-27 22:34:41,687] {logging_mixin.py:115} INFO - [2022-10-27 22:34:41,687] {dag.py:2927} INFO - Setting next_dagrun for latest_only_with_trigger to 2022-10-27T21:34:41.686868+00:00, run_after=2022-10-28T01:34:41.686868+00:00
[2022-10-27 22:34:42,003] {processor.py:161} INFO - Processing /home/nayara/Documentos/airflowalura/venv/lib/python3.9/site-packages/airflow/example_dags/example_latest_only_with_trigger.py took 0.400 seconds
[2022-10-27 22:35:37,781] {processor.py:153} INFO - Started process (PID=51870) to work on /home/nayara/Documentos/airflowalura/venv/lib/python3.9/site-packages/airflow/example_dags/example_latest_only_with_trigger.py
[2022-10-27 22:35:37,796] {processor.py:641} INFO - Processing file /home/nayara/Documentos/airflowalura/venv/lib/python3.9/site-packages/airflow/example_dags/example_latest_only_with_trigger.py for tasks to queue
[2022-10-27 22:35:37,798] {logging_mixin.py:115} INFO - [2022-10-27 22:35:37,797] {dagbag.py:507} INFO - Filling up the DagBag from /home/nayara/Documentos/airflowalura/venv/lib/python3.9/site-packages/airflow/example_dags/example_latest_only_with_trigger.py
[2022-10-27 22:35:37,812] {processor.py:651} INFO - DAG(s) dict_keys(['latest_only_with_trigger']) retrieved from /home/nayara/Documentos/airflowalura/venv/lib/python3.9/site-packages/airflow/example_dags/example_latest_only_with_trigger.py
[2022-10-27 22:35:37,837] {logging_mixin.py:115} INFO - [2022-10-27 22:35:37,837] {dag.py:2379} INFO - Sync 1 DAGs
[2022-10-27 22:35:37,858] {logging_mixin.py:115} INFO - [2022-10-27 22:35:37,858] {dag.py:2927} INFO - Setting next_dagrun for latest_only_with_trigger to 2022-10-27T21:35:37.857858+00:00, run_after=2022-10-28T01:35:37.857858+00:00
[2022-10-27 22:35:38,134] {processor.py:161} INFO - Processing /home/nayara/Documentos/airflowalura/venv/lib/python3.9/site-packages/airflow/example_dags/example_latest_only_with_trigger.py took 0.366 seconds
[2022-10-27 22:36:44,578] {processor.py:153} INFO - Started process (PID=52038) to work on /home/nayara/Documentos/airflowalura/venv/lib/python3.9/site-packages/airflow/example_dags/example_latest_only_with_trigger.py
[2022-10-27 22:36:44,597] {processor.py:641} INFO - Processing file /home/nayara/Documentos/airflowalura/venv/lib/python3.9/site-packages/airflow/example_dags/example_latest_only_with_trigger.py for tasks to queue
[2022-10-27 22:36:44,599] {logging_mixin.py:115} INFO - [2022-10-27 22:36:44,598] {dagbag.py:507} INFO - Filling up the DagBag from /home/nayara/Documentos/airflowalura/venv/lib/python3.9/site-packages/airflow/example_dags/example_latest_only_with_trigger.py
[2022-10-27 22:36:44,623] {processor.py:651} INFO - DAG(s) dict_keys(['latest_only_with_trigger']) retrieved from /home/nayara/Documentos/airflowalura/venv/lib/python3.9/site-packages/airflow/example_dags/example_latest_only_with_trigger.py
[2022-10-27 22:36:44,654] {logging_mixin.py:115} INFO - [2022-10-27 22:36:44,654] {dag.py:2379} INFO - Sync 1 DAGs
[2022-10-27 22:36:44,683] {logging_mixin.py:115} INFO - [2022-10-27 22:36:44,683] {dag.py:2927} INFO - Setting next_dagrun for latest_only_with_trigger to 2022-10-27T21:36:44.683331+00:00, run_after=2022-10-28T01:36:44.683331+00:00
[2022-10-27 22:36:45,128] {processor.py:161} INFO - Processing /home/nayara/Documentos/airflowalura/venv/lib/python3.9/site-packages/airflow/example_dags/example_latest_only_with_trigger.py took 0.554 seconds
[2022-10-27 22:37:55,646] {processor.py:153} INFO - Started process (PID=52381) to work on /home/nayara/Documentos/airflowalura/venv/lib/python3.9/site-packages/airflow/example_dags/example_latest_only_with_trigger.py
[2022-10-27 22:37:55,722] {processor.py:641} INFO - Processing file /home/nayara/Documentos/airflowalura/venv/lib/python3.9/site-packages/airflow/example_dags/example_latest_only_with_trigger.py for tasks to queue
[2022-10-27 22:37:55,804] {logging_mixin.py:115} INFO - [2022-10-27 22:37:55,804] {dagbag.py:507} INFO - Filling up the DagBag from /home/nayara/Documentos/airflowalura/venv/lib/python3.9/site-packages/airflow/example_dags/example_latest_only_with_trigger.py
[2022-10-27 22:37:56,378] {processor.py:651} INFO - DAG(s) dict_keys(['latest_only_with_trigger']) retrieved from /home/nayara/Documentos/airflowalura/venv/lib/python3.9/site-packages/airflow/example_dags/example_latest_only_with_trigger.py
[2022-10-27 22:37:57,766] {logging_mixin.py:115} INFO - [2022-10-27 22:37:57,766] {dag.py:2379} INFO - Sync 1 DAGs
[2022-10-27 22:37:57,821] {logging_mixin.py:115} INFO - [2022-10-27 22:37:57,821] {dag.py:2927} INFO - Setting next_dagrun for latest_only_with_trigger to 2022-10-27T21:37:57.821219+00:00, run_after=2022-10-28T01:37:57.821219+00:00
[2022-10-27 22:37:59,302] {processor.py:161} INFO - Processing /home/nayara/Documentos/airflowalura/venv/lib/python3.9/site-packages/airflow/example_dags/example_latest_only_with_trigger.py took 3.664 seconds
[2022-10-27 22:39:17,088] {processor.py:153} INFO - Started process (PID=52592) to work on /home/nayara/Documentos/airflowalura/venv/lib/python3.9/site-packages/airflow/example_dags/example_latest_only_with_trigger.py
[2022-10-27 22:39:17,113] {processor.py:641} INFO - Processing file /home/nayara/Documentos/airflowalura/venv/lib/python3.9/site-packages/airflow/example_dags/example_latest_only_with_trigger.py for tasks to queue
[2022-10-27 22:39:17,115] {logging_mixin.py:115} INFO - [2022-10-27 22:39:17,115] {dagbag.py:507} INFO - Filling up the DagBag from /home/nayara/Documentos/airflowalura/venv/lib/python3.9/site-packages/airflow/example_dags/example_latest_only_with_trigger.py
[2022-10-27 22:39:17,124] {processor.py:651} INFO - DAG(s) dict_keys(['latest_only_with_trigger']) retrieved from /home/nayara/Documentos/airflowalura/venv/lib/python3.9/site-packages/airflow/example_dags/example_latest_only_with_trigger.py
[2022-10-27 22:39:17,160] {logging_mixin.py:115} INFO - [2022-10-27 22:39:17,160] {dag.py:2379} INFO - Sync 1 DAGs
[2022-10-27 22:39:17,191] {logging_mixin.py:115} INFO - [2022-10-27 22:39:17,191] {dag.py:2927} INFO - Setting next_dagrun for latest_only_with_trigger to 2022-10-27T21:39:17.190725+00:00, run_after=2022-10-28T01:39:17.190725+00:00
[2022-10-27 22:39:17,526] {processor.py:161} INFO - Processing /home/nayara/Documentos/airflowalura/venv/lib/python3.9/site-packages/airflow/example_dags/example_latest_only_with_trigger.py took 0.445 seconds
[2022-10-27 22:40:20,181] {processor.py:153} INFO - Started process (PID=52738) to work on /home/nayara/Documentos/airflowalura/venv/lib/python3.9/site-packages/airflow/example_dags/example_latest_only_with_trigger.py
[2022-10-27 22:40:20,246] {processor.py:641} INFO - Processing file /home/nayara/Documentos/airflowalura/venv/lib/python3.9/site-packages/airflow/example_dags/example_latest_only_with_trigger.py for tasks to queue
[2022-10-27 22:40:20,247] {logging_mixin.py:115} INFO - [2022-10-27 22:40:20,247] {dagbag.py:507} INFO - Filling up the DagBag from /home/nayara/Documentos/airflowalura/venv/lib/python3.9/site-packages/airflow/example_dags/example_latest_only_with_trigger.py
[2022-10-27 22:40:20,288] {processor.py:651} INFO - DAG(s) dict_keys(['latest_only_with_trigger']) retrieved from /home/nayara/Documentos/airflowalura/venv/lib/python3.9/site-packages/airflow/example_dags/example_latest_only_with_trigger.py
[2022-10-27 22:40:20,776] {logging_mixin.py:115} INFO - [2022-10-27 22:40:20,776] {dag.py:2379} INFO - Sync 1 DAGs
[2022-10-27 22:40:22,260] {logging_mixin.py:115} INFO - [2022-10-27 22:40:22,260] {dag.py:2927} INFO - Setting next_dagrun for latest_only_with_trigger to 2022-10-27T21:40:22.259877+00:00, run_after=2022-10-28T01:40:22.259877+00:00
[2022-10-27 22:40:22,926] {processor.py:161} INFO - Processing /home/nayara/Documentos/airflowalura/venv/lib/python3.9/site-packages/airflow/example_dags/example_latest_only_with_trigger.py took 2.750 seconds
[2022-10-27 22:41:40,081] {processor.py:153} INFO - Started process (PID=52860) to work on /home/nayara/Documentos/airflowalura/venv/lib/python3.9/site-packages/airflow/example_dags/example_latest_only_with_trigger.py
[2022-10-27 22:41:40,098] {processor.py:641} INFO - Processing file /home/nayara/Documentos/airflowalura/venv/lib/python3.9/site-packages/airflow/example_dags/example_latest_only_with_trigger.py for tasks to queue
[2022-10-27 22:41:40,098] {logging_mixin.py:115} INFO - [2022-10-27 22:41:40,098] {dagbag.py:507} INFO - Filling up the DagBag from /home/nayara/Documentos/airflowalura/venv/lib/python3.9/site-packages/airflow/example_dags/example_latest_only_with_trigger.py
[2022-10-27 22:41:40,106] {processor.py:651} INFO - DAG(s) dict_keys(['latest_only_with_trigger']) retrieved from /home/nayara/Documentos/airflowalura/venv/lib/python3.9/site-packages/airflow/example_dags/example_latest_only_with_trigger.py
[2022-10-27 22:41:40,130] {logging_mixin.py:115} INFO - [2022-10-27 22:41:40,130] {dag.py:2379} INFO - Sync 1 DAGs
[2022-10-27 22:41:40,153] {logging_mixin.py:115} INFO - [2022-10-27 22:41:40,153] {dag.py:2927} INFO - Setting next_dagrun for latest_only_with_trigger to 2022-10-27T21:41:40.152713+00:00, run_after=2022-10-28T01:41:40.152713+00:00
[2022-10-27 22:41:40,464] {processor.py:161} INFO - Processing /home/nayara/Documentos/airflowalura/venv/lib/python3.9/site-packages/airflow/example_dags/example_latest_only_with_trigger.py took 0.389 seconds
[2022-10-27 22:42:26,176] {processor.py:153} INFO - Started process (PID=52967) to work on /home/nayara/Documentos/airflowalura/venv/lib/python3.9/site-packages/airflow/example_dags/example_latest_only_with_trigger.py
[2022-10-27 22:42:26,196] {processor.py:641} INFO - Processing file /home/nayara/Documentos/airflowalura/venv/lib/python3.9/site-packages/airflow/example_dags/example_latest_only_with_trigger.py for tasks to queue
[2022-10-27 22:42:26,199] {logging_mixin.py:115} INFO - [2022-10-27 22:42:26,198] {dagbag.py:507} INFO - Filling up the DagBag from /home/nayara/Documentos/airflowalura/venv/lib/python3.9/site-packages/airflow/example_dags/example_latest_only_with_trigger.py
[2022-10-27 22:42:26,222] {processor.py:651} INFO - DAG(s) dict_keys(['latest_only_with_trigger']) retrieved from /home/nayara/Documentos/airflowalura/venv/lib/python3.9/site-packages/airflow/example_dags/example_latest_only_with_trigger.py
[2022-10-27 22:42:26,246] {logging_mixin.py:115} INFO - [2022-10-27 22:42:26,246] {dag.py:2379} INFO - Sync 1 DAGs
[2022-10-27 22:42:26,267] {logging_mixin.py:115} INFO - [2022-10-27 22:42:26,267] {dag.py:2927} INFO - Setting next_dagrun for latest_only_with_trigger to 2022-10-27T21:42:26.267279+00:00, run_after=2022-10-28T01:42:26.267279+00:00
[2022-10-27 22:42:26,590] {processor.py:161} INFO - Processing /home/nayara/Documentos/airflowalura/venv/lib/python3.9/site-packages/airflow/example_dags/example_latest_only_with_trigger.py took 0.428 seconds
[2022-10-27 22:43:18,256] {processor.py:153} INFO - Started process (PID=53081) to work on /home/nayara/Documentos/airflowalura/venv/lib/python3.9/site-packages/airflow/example_dags/example_latest_only_with_trigger.py
[2022-10-27 22:43:18,259] {processor.py:641} INFO - Processing file /home/nayara/Documentos/airflowalura/venv/lib/python3.9/site-packages/airflow/example_dags/example_latest_only_with_trigger.py for tasks to queue
[2022-10-27 22:43:18,262] {logging_mixin.py:115} INFO - [2022-10-27 22:43:18,261] {dagbag.py:507} INFO - Filling up the DagBag from /home/nayara/Documentos/airflowalura/venv/lib/python3.9/site-packages/airflow/example_dags/example_latest_only_with_trigger.py
[2022-10-27 22:43:18,289] {processor.py:651} INFO - DAG(s) dict_keys(['latest_only_with_trigger']) retrieved from /home/nayara/Documentos/airflowalura/venv/lib/python3.9/site-packages/airflow/example_dags/example_latest_only_with_trigger.py
[2022-10-27 22:43:18,342] {logging_mixin.py:115} INFO - [2022-10-27 22:43:18,342] {dag.py:2379} INFO - Sync 1 DAGs
[2022-10-27 22:43:18,368] {logging_mixin.py:115} INFO - [2022-10-27 22:43:18,368] {dag.py:2927} INFO - Setting next_dagrun for latest_only_with_trigger to 2022-10-27T21:43:18.367892+00:00, run_after=2022-10-28T01:43:18.367892+00:00
[2022-10-27 22:43:18,675] {processor.py:161} INFO - Processing /home/nayara/Documentos/airflowalura/venv/lib/python3.9/site-packages/airflow/example_dags/example_latest_only_with_trigger.py took 0.435 seconds
[2022-10-27 22:44:21,469] {processor.py:153} INFO - Started process (PID=53192) to work on /home/nayara/Documentos/airflowalura/venv/lib/python3.9/site-packages/airflow/example_dags/example_latest_only_with_trigger.py
[2022-10-27 22:44:21,471] {processor.py:641} INFO - Processing file /home/nayara/Documentos/airflowalura/venv/lib/python3.9/site-packages/airflow/example_dags/example_latest_only_with_trigger.py for tasks to queue
[2022-10-27 22:44:21,472] {logging_mixin.py:115} INFO - [2022-10-27 22:44:21,472] {dagbag.py:507} INFO - Filling up the DagBag from /home/nayara/Documentos/airflowalura/venv/lib/python3.9/site-packages/airflow/example_dags/example_latest_only_with_trigger.py
[2022-10-27 22:44:21,489] {processor.py:651} INFO - DAG(s) dict_keys(['latest_only_with_trigger']) retrieved from /home/nayara/Documentos/airflowalura/venv/lib/python3.9/site-packages/airflow/example_dags/example_latest_only_with_trigger.py
[2022-10-27 22:44:21,514] {logging_mixin.py:115} INFO - [2022-10-27 22:44:21,514] {dag.py:2379} INFO - Sync 1 DAGs
[2022-10-27 22:44:21,541] {logging_mixin.py:115} INFO - [2022-10-27 22:44:21,540] {dag.py:2927} INFO - Setting next_dagrun for latest_only_with_trigger to 2022-10-27T21:44:21.540553+00:00, run_after=2022-10-28T01:44:21.540553+00:00
[2022-10-27 22:44:21,861] {processor.py:161} INFO - Processing /home/nayara/Documentos/airflowalura/venv/lib/python3.9/site-packages/airflow/example_dags/example_latest_only_with_trigger.py took 0.401 seconds
[2022-10-27 22:45:25,949] {processor.py:153} INFO - Started process (PID=53392) to work on /home/nayara/Documentos/airflowalura/venv/lib/python3.9/site-packages/airflow/example_dags/example_latest_only_with_trigger.py
[2022-10-27 22:45:25,976] {processor.py:641} INFO - Processing file /home/nayara/Documentos/airflowalura/venv/lib/python3.9/site-packages/airflow/example_dags/example_latest_only_with_trigger.py for tasks to queue
[2022-10-27 22:45:25,978] {logging_mixin.py:115} INFO - [2022-10-27 22:45:25,977] {dagbag.py:507} INFO - Filling up the DagBag from /home/nayara/Documentos/airflowalura/venv/lib/python3.9/site-packages/airflow/example_dags/example_latest_only_with_trigger.py
[2022-10-27 22:45:25,992] {processor.py:651} INFO - DAG(s) dict_keys(['latest_only_with_trigger']) retrieved from /home/nayara/Documentos/airflowalura/venv/lib/python3.9/site-packages/airflow/example_dags/example_latest_only_with_trigger.py
[2022-10-27 22:45:26,015] {logging_mixin.py:115} INFO - [2022-10-27 22:45:26,014] {dag.py:2379} INFO - Sync 1 DAGs
[2022-10-27 22:45:26,042] {logging_mixin.py:115} INFO - [2022-10-27 22:45:26,041] {dag.py:2927} INFO - Setting next_dagrun for latest_only_with_trigger to 2022-10-27T21:45:26.041478+00:00, run_after=2022-10-28T01:45:26.041478+00:00
[2022-10-27 22:45:26,982] {processor.py:161} INFO - Processing /home/nayara/Documentos/airflowalura/venv/lib/python3.9/site-packages/airflow/example_dags/example_latest_only_with_trigger.py took 1.040 seconds
[2022-10-27 22:46:20,423] {processor.py:153} INFO - Started process (PID=53486) to work on /home/nayara/Documentos/airflowalura/venv/lib/python3.9/site-packages/airflow/example_dags/example_latest_only_with_trigger.py
[2022-10-27 22:46:20,452] {processor.py:641} INFO - Processing file /home/nayara/Documentos/airflowalura/venv/lib/python3.9/site-packages/airflow/example_dags/example_latest_only_with_trigger.py for tasks to queue
[2022-10-27 22:46:20,453] {logging_mixin.py:115} INFO - [2022-10-27 22:46:20,453] {dagbag.py:507} INFO - Filling up the DagBag from /home/nayara/Documentos/airflowalura/venv/lib/python3.9/site-packages/airflow/example_dags/example_latest_only_with_trigger.py
[2022-10-27 22:46:20,472] {processor.py:651} INFO - DAG(s) dict_keys(['latest_only_with_trigger']) retrieved from /home/nayara/Documentos/airflowalura/venv/lib/python3.9/site-packages/airflow/example_dags/example_latest_only_with_trigger.py
[2022-10-27 22:46:20,495] {logging_mixin.py:115} INFO - [2022-10-27 22:46:20,495] {dag.py:2379} INFO - Sync 1 DAGs
[2022-10-27 22:46:20,517] {logging_mixin.py:115} INFO - [2022-10-27 22:46:20,517] {dag.py:2927} INFO - Setting next_dagrun for latest_only_with_trigger to 2022-10-27T21:46:20.517144+00:00, run_after=2022-10-28T01:46:20.517144+00:00
[2022-10-27 22:46:20,798] {processor.py:161} INFO - Processing /home/nayara/Documentos/airflowalura/venv/lib/python3.9/site-packages/airflow/example_dags/example_latest_only_with_trigger.py took 0.379 seconds
[2022-10-27 22:47:08,145] {processor.py:153} INFO - Started process (PID=53600) to work on /home/nayara/Documentos/airflowalura/venv/lib/python3.9/site-packages/airflow/example_dags/example_latest_only_with_trigger.py
[2022-10-27 22:47:08,164] {processor.py:641} INFO - Processing file /home/nayara/Documentos/airflowalura/venv/lib/python3.9/site-packages/airflow/example_dags/example_latest_only_with_trigger.py for tasks to queue
[2022-10-27 22:47:08,166] {logging_mixin.py:115} INFO - [2022-10-27 22:47:08,166] {dagbag.py:507} INFO - Filling up the DagBag from /home/nayara/Documentos/airflowalura/venv/lib/python3.9/site-packages/airflow/example_dags/example_latest_only_with_trigger.py
[2022-10-27 22:47:08,186] {processor.py:651} INFO - DAG(s) dict_keys(['latest_only_with_trigger']) retrieved from /home/nayara/Documentos/airflowalura/venv/lib/python3.9/site-packages/airflow/example_dags/example_latest_only_with_trigger.py
[2022-10-27 22:47:08,208] {logging_mixin.py:115} INFO - [2022-10-27 22:47:08,208] {dag.py:2379} INFO - Sync 1 DAGs
[2022-10-27 22:47:08,232] {logging_mixin.py:115} INFO - [2022-10-27 22:47:08,232] {dag.py:2927} INFO - Setting next_dagrun for latest_only_with_trigger to 2022-10-27T21:47:08.231793+00:00, run_after=2022-10-28T01:47:08.231793+00:00
[2022-10-27 22:47:08,980] {processor.py:161} INFO - Processing /home/nayara/Documentos/airflowalura/venv/lib/python3.9/site-packages/airflow/example_dags/example_latest_only_with_trigger.py took 0.840 seconds
[2022-10-27 22:47:59,768] {processor.py:153} INFO - Started process (PID=53723) to work on /home/nayara/Documentos/airflowalura/venv/lib/python3.9/site-packages/airflow/example_dags/example_latest_only_with_trigger.py
[2022-10-27 22:47:59,770] {processor.py:641} INFO - Processing file /home/nayara/Documentos/airflowalura/venv/lib/python3.9/site-packages/airflow/example_dags/example_latest_only_with_trigger.py for tasks to queue
[2022-10-27 22:47:59,771] {logging_mixin.py:115} INFO - [2022-10-27 22:47:59,771] {dagbag.py:507} INFO - Filling up the DagBag from /home/nayara/Documentos/airflowalura/venv/lib/python3.9/site-packages/airflow/example_dags/example_latest_only_with_trigger.py
[2022-10-27 22:47:59,785] {processor.py:651} INFO - DAG(s) dict_keys(['latest_only_with_trigger']) retrieved from /home/nayara/Documentos/airflowalura/venv/lib/python3.9/site-packages/airflow/example_dags/example_latest_only_with_trigger.py
[2022-10-27 22:47:59,805] {logging_mixin.py:115} INFO - [2022-10-27 22:47:59,805] {dag.py:2379} INFO - Sync 1 DAGs
[2022-10-27 22:47:59,827] {logging_mixin.py:115} INFO - [2022-10-27 22:47:59,827] {dag.py:2927} INFO - Setting next_dagrun for latest_only_with_trigger to 2022-10-27T21:47:59.826936+00:00, run_after=2022-10-28T01:47:59.826936+00:00
[2022-10-27 22:48:00,130] {processor.py:161} INFO - Processing /home/nayara/Documentos/airflowalura/venv/lib/python3.9/site-packages/airflow/example_dags/example_latest_only_with_trigger.py took 0.374 seconds
[2022-10-27 22:49:06,881] {processor.py:153} INFO - Started process (PID=53856) to work on /home/nayara/Documentos/airflowalura/venv/lib/python3.9/site-packages/airflow/example_dags/example_latest_only_with_trigger.py
[2022-10-27 22:49:06,900] {processor.py:641} INFO - Processing file /home/nayara/Documentos/airflowalura/venv/lib/python3.9/site-packages/airflow/example_dags/example_latest_only_with_trigger.py for tasks to queue
[2022-10-27 22:49:06,904] {logging_mixin.py:115} INFO - [2022-10-27 22:49:06,903] {dagbag.py:507} INFO - Filling up the DagBag from /home/nayara/Documentos/airflowalura/venv/lib/python3.9/site-packages/airflow/example_dags/example_latest_only_with_trigger.py
[2022-10-27 22:49:06,940] {processor.py:651} INFO - DAG(s) dict_keys(['latest_only_with_trigger']) retrieved from /home/nayara/Documentos/airflowalura/venv/lib/python3.9/site-packages/airflow/example_dags/example_latest_only_with_trigger.py
[2022-10-27 22:49:06,980] {logging_mixin.py:115} INFO - [2022-10-27 22:49:06,980] {dag.py:2379} INFO - Sync 1 DAGs
[2022-10-27 22:49:07,007] {logging_mixin.py:115} INFO - [2022-10-27 22:49:07,007] {dag.py:2927} INFO - Setting next_dagrun for latest_only_with_trigger to 2022-10-27T21:49:07.007421+00:00, run_after=2022-10-28T01:49:07.007421+00:00
[2022-10-27 22:49:07,275] {processor.py:161} INFO - Processing /home/nayara/Documentos/airflowalura/venv/lib/python3.9/site-packages/airflow/example_dags/example_latest_only_with_trigger.py took 0.417 seconds
[2022-10-27 22:50:11,592] {processor.py:153} INFO - Started process (PID=53985) to work on /home/nayara/Documentos/airflowalura/venv/lib/python3.9/site-packages/airflow/example_dags/example_latest_only_with_trigger.py
[2022-10-27 22:50:11,593] {processor.py:641} INFO - Processing file /home/nayara/Documentos/airflowalura/venv/lib/python3.9/site-packages/airflow/example_dags/example_latest_only_with_trigger.py for tasks to queue
[2022-10-27 22:50:11,594] {logging_mixin.py:115} INFO - [2022-10-27 22:50:11,593] {dagbag.py:507} INFO - Filling up the DagBag from /home/nayara/Documentos/airflowalura/venv/lib/python3.9/site-packages/airflow/example_dags/example_latest_only_with_trigger.py
[2022-10-27 22:50:11,604] {processor.py:651} INFO - DAG(s) dict_keys(['latest_only_with_trigger']) retrieved from /home/nayara/Documentos/airflowalura/venv/lib/python3.9/site-packages/airflow/example_dags/example_latest_only_with_trigger.py
[2022-10-27 22:50:11,628] {logging_mixin.py:115} INFO - [2022-10-27 22:50:11,628] {dag.py:2379} INFO - Sync 1 DAGs
[2022-10-27 22:50:11,657] {logging_mixin.py:115} INFO - [2022-10-27 22:50:11,657] {dag.py:2927} INFO - Setting next_dagrun for latest_only_with_trigger to 2022-10-27T21:50:11.656693+00:00, run_after=2022-10-28T01:50:11.656693+00:00
[2022-10-27 22:50:11,969] {processor.py:161} INFO - Processing /home/nayara/Documentos/airflowalura/venv/lib/python3.9/site-packages/airflow/example_dags/example_latest_only_with_trigger.py took 0.382 seconds
[2022-10-27 22:51:20,836] {processor.py:153} INFO - Started process (PID=54105) to work on /home/nayara/Documentos/airflowalura/venv/lib/python3.9/site-packages/airflow/example_dags/example_latest_only_with_trigger.py
[2022-10-27 22:51:20,839] {processor.py:641} INFO - Processing file /home/nayara/Documentos/airflowalura/venv/lib/python3.9/site-packages/airflow/example_dags/example_latest_only_with_trigger.py for tasks to queue
[2022-10-27 22:51:20,840] {logging_mixin.py:115} INFO - [2022-10-27 22:51:20,840] {dagbag.py:507} INFO - Filling up the DagBag from /home/nayara/Documentos/airflowalura/venv/lib/python3.9/site-packages/airflow/example_dags/example_latest_only_with_trigger.py
[2022-10-27 22:51:20,855] {processor.py:651} INFO - DAG(s) dict_keys(['latest_only_with_trigger']) retrieved from /home/nayara/Documentos/airflowalura/venv/lib/python3.9/site-packages/airflow/example_dags/example_latest_only_with_trigger.py
[2022-10-27 22:51:20,889] {logging_mixin.py:115} INFO - [2022-10-27 22:51:20,889] {dag.py:2379} INFO - Sync 1 DAGs
[2022-10-27 22:51:20,937] {logging_mixin.py:115} INFO - [2022-10-27 22:51:20,936] {dag.py:2927} INFO - Setting next_dagrun for latest_only_with_trigger to 2022-10-27T21:51:20.934926+00:00, run_after=2022-10-28T01:51:20.934926+00:00
[2022-10-27 22:51:21,256] {processor.py:161} INFO - Processing /home/nayara/Documentos/airflowalura/venv/lib/python3.9/site-packages/airflow/example_dags/example_latest_only_with_trigger.py took 0.430 seconds
[2022-10-27 22:52:15,598] {processor.py:153} INFO - Started process (PID=54217) to work on /home/nayara/Documentos/airflowalura/venv/lib/python3.9/site-packages/airflow/example_dags/example_latest_only_with_trigger.py
[2022-10-27 22:52:15,624] {processor.py:641} INFO - Processing file /home/nayara/Documentos/airflowalura/venv/lib/python3.9/site-packages/airflow/example_dags/example_latest_only_with_trigger.py for tasks to queue
[2022-10-27 22:52:15,625] {logging_mixin.py:115} INFO - [2022-10-27 22:52:15,625] {dagbag.py:507} INFO - Filling up the DagBag from /home/nayara/Documentos/airflowalura/venv/lib/python3.9/site-packages/airflow/example_dags/example_latest_only_with_trigger.py
[2022-10-27 22:52:15,633] {processor.py:651} INFO - DAG(s) dict_keys(['latest_only_with_trigger']) retrieved from /home/nayara/Documentos/airflowalura/venv/lib/python3.9/site-packages/airflow/example_dags/example_latest_only_with_trigger.py
[2022-10-27 22:52:15,658] {logging_mixin.py:115} INFO - [2022-10-27 22:52:15,658] {dag.py:2379} INFO - Sync 1 DAGs
[2022-10-27 22:52:15,688] {logging_mixin.py:115} INFO - [2022-10-27 22:52:15,687] {dag.py:2927} INFO - Setting next_dagrun for latest_only_with_trigger to 2022-10-27T21:52:15.687628+00:00, run_after=2022-10-28T01:52:15.687628+00:00
[2022-10-27 22:52:16,069] {processor.py:161} INFO - Processing /home/nayara/Documentos/airflowalura/venv/lib/python3.9/site-packages/airflow/example_dags/example_latest_only_with_trigger.py took 0.475 seconds
[2022-10-27 22:53:06,267] {processor.py:153} INFO - Started process (PID=54308) to work on /home/nayara/Documentos/airflowalura/venv/lib/python3.9/site-packages/airflow/example_dags/example_latest_only_with_trigger.py
[2022-10-27 22:53:06,283] {processor.py:641} INFO - Processing file /home/nayara/Documentos/airflowalura/venv/lib/python3.9/site-packages/airflow/example_dags/example_latest_only_with_trigger.py for tasks to queue
[2022-10-27 22:53:06,285] {logging_mixin.py:115} INFO - [2022-10-27 22:53:06,284] {dagbag.py:507} INFO - Filling up the DagBag from /home/nayara/Documentos/airflowalura/venv/lib/python3.9/site-packages/airflow/example_dags/example_latest_only_with_trigger.py
[2022-10-27 22:53:06,299] {processor.py:651} INFO - DAG(s) dict_keys(['latest_only_with_trigger']) retrieved from /home/nayara/Documentos/airflowalura/venv/lib/python3.9/site-packages/airflow/example_dags/example_latest_only_with_trigger.py
[2022-10-27 22:53:06,337] {logging_mixin.py:115} INFO - [2022-10-27 22:53:06,337] {dag.py:2379} INFO - Sync 1 DAGs
[2022-10-27 22:53:06,365] {logging_mixin.py:115} INFO - [2022-10-27 22:53:06,365] {dag.py:2927} INFO - Setting next_dagrun for latest_only_with_trigger to 2022-10-27T21:53:06.365255+00:00, run_after=2022-10-28T01:53:06.365255+00:00
[2022-10-27 22:53:06,727] {processor.py:161} INFO - Processing /home/nayara/Documentos/airflowalura/venv/lib/python3.9/site-packages/airflow/example_dags/example_latest_only_with_trigger.py took 0.468 seconds
[2022-10-27 22:54:13,649] {processor.py:153} INFO - Started process (PID=54448) to work on /home/nayara/Documentos/airflowalura/venv/lib/python3.9/site-packages/airflow/example_dags/example_latest_only_with_trigger.py
[2022-10-27 22:54:13,668] {processor.py:641} INFO - Processing file /home/nayara/Documentos/airflowalura/venv/lib/python3.9/site-packages/airflow/example_dags/example_latest_only_with_trigger.py for tasks to queue
[2022-10-27 22:54:13,672] {logging_mixin.py:115} INFO - [2022-10-27 22:54:13,671] {dagbag.py:507} INFO - Filling up the DagBag from /home/nayara/Documentos/airflowalura/venv/lib/python3.9/site-packages/airflow/example_dags/example_latest_only_with_trigger.py
[2022-10-27 22:54:13,694] {processor.py:651} INFO - DAG(s) dict_keys(['latest_only_with_trigger']) retrieved from /home/nayara/Documentos/airflowalura/venv/lib/python3.9/site-packages/airflow/example_dags/example_latest_only_with_trigger.py
[2022-10-27 22:54:13,724] {logging_mixin.py:115} INFO - [2022-10-27 22:54:13,724] {dag.py:2379} INFO - Sync 1 DAGs
[2022-10-27 22:54:13,755] {logging_mixin.py:115} INFO - [2022-10-27 22:54:13,755] {dag.py:2927} INFO - Setting next_dagrun for latest_only_with_trigger to 2022-10-27T21:54:13.754751+00:00, run_after=2022-10-28T01:54:13.754751+00:00
[2022-10-27 22:54:14,110] {processor.py:161} INFO - Processing /home/nayara/Documentos/airflowalura/venv/lib/python3.9/site-packages/airflow/example_dags/example_latest_only_with_trigger.py took 0.475 seconds
[2022-10-27 22:55:03,746] {processor.py:153} INFO - Started process (PID=54532) to work on /home/nayara/Documentos/airflowalura/venv/lib/python3.9/site-packages/airflow/example_dags/example_latest_only_with_trigger.py
[2022-10-27 22:55:03,763] {processor.py:641} INFO - Processing file /home/nayara/Documentos/airflowalura/venv/lib/python3.9/site-packages/airflow/example_dags/example_latest_only_with_trigger.py for tasks to queue
[2022-10-27 22:55:03,765] {logging_mixin.py:115} INFO - [2022-10-27 22:55:03,765] {dagbag.py:507} INFO - Filling up the DagBag from /home/nayara/Documentos/airflowalura/venv/lib/python3.9/site-packages/airflow/example_dags/example_latest_only_with_trigger.py
[2022-10-27 22:55:03,777] {processor.py:651} INFO - DAG(s) dict_keys(['latest_only_with_trigger']) retrieved from /home/nayara/Documentos/airflowalura/venv/lib/python3.9/site-packages/airflow/example_dags/example_latest_only_with_trigger.py
[2022-10-27 22:55:03,802] {logging_mixin.py:115} INFO - [2022-10-27 22:55:03,802] {dag.py:2379} INFO - Sync 1 DAGs
[2022-10-27 22:55:03,831] {logging_mixin.py:115} INFO - [2022-10-27 22:55:03,831] {dag.py:2927} INFO - Setting next_dagrun for latest_only_with_trigger to 2022-10-27T21:55:03.830777+00:00, run_after=2022-10-28T01:55:03.830777+00:00
[2022-10-27 22:55:04,166] {processor.py:161} INFO - Processing /home/nayara/Documentos/airflowalura/venv/lib/python3.9/site-packages/airflow/example_dags/example_latest_only_with_trigger.py took 0.426 seconds
[2022-10-27 22:55:58,054] {processor.py:153} INFO - Started process (PID=54651) to work on /home/nayara/Documentos/airflowalura/venv/lib/python3.9/site-packages/airflow/example_dags/example_latest_only_with_trigger.py
[2022-10-27 22:55:58,096] {processor.py:641} INFO - Processing file /home/nayara/Documentos/airflowalura/venv/lib/python3.9/site-packages/airflow/example_dags/example_latest_only_with_trigger.py for tasks to queue
[2022-10-27 22:55:58,099] {logging_mixin.py:115} INFO - [2022-10-27 22:55:58,098] {dagbag.py:507} INFO - Filling up the DagBag from /home/nayara/Documentos/airflowalura/venv/lib/python3.9/site-packages/airflow/example_dags/example_latest_only_with_trigger.py
[2022-10-27 22:55:58,141] {processor.py:651} INFO - DAG(s) dict_keys(['latest_only_with_trigger']) retrieved from /home/nayara/Documentos/airflowalura/venv/lib/python3.9/site-packages/airflow/example_dags/example_latest_only_with_trigger.py
[2022-10-27 22:55:58,194] {logging_mixin.py:115} INFO - [2022-10-27 22:55:58,194] {dag.py:2379} INFO - Sync 1 DAGs
[2022-10-27 22:55:58,219] {logging_mixin.py:115} INFO - [2022-10-27 22:55:58,219] {dag.py:2927} INFO - Setting next_dagrun for latest_only_with_trigger to 2022-10-27T21:55:58.219391+00:00, run_after=2022-10-28T01:55:58.219391+00:00
[2022-10-27 22:55:58,499] {processor.py:161} INFO - Processing /home/nayara/Documentos/airflowalura/venv/lib/python3.9/site-packages/airflow/example_dags/example_latest_only_with_trigger.py took 0.455 seconds
[2022-10-27 22:56:46,859] {processor.py:153} INFO - Started process (PID=54775) to work on /home/nayara/Documentos/airflowalura/venv/lib/python3.9/site-packages/airflow/example_dags/example_latest_only_with_trigger.py
[2022-10-27 22:56:46,874] {processor.py:641} INFO - Processing file /home/nayara/Documentos/airflowalura/venv/lib/python3.9/site-packages/airflow/example_dags/example_latest_only_with_trigger.py for tasks to queue
[2022-10-27 22:56:46,875] {logging_mixin.py:115} INFO - [2022-10-27 22:56:46,874] {dagbag.py:507} INFO - Filling up the DagBag from /home/nayara/Documentos/airflowalura/venv/lib/python3.9/site-packages/airflow/example_dags/example_latest_only_with_trigger.py
[2022-10-27 22:56:46,887] {processor.py:651} INFO - DAG(s) dict_keys(['latest_only_with_trigger']) retrieved from /home/nayara/Documentos/airflowalura/venv/lib/python3.9/site-packages/airflow/example_dags/example_latest_only_with_trigger.py
[2022-10-27 22:56:46,921] {logging_mixin.py:115} INFO - [2022-10-27 22:56:46,921] {dag.py:2379} INFO - Sync 1 DAGs
[2022-10-27 22:56:46,954] {logging_mixin.py:115} INFO - [2022-10-27 22:56:46,952] {dag.py:2927} INFO - Setting next_dagrun for latest_only_with_trigger to 2022-10-27T21:56:46.952417+00:00, run_after=2022-10-28T01:56:46.952417+00:00
[2022-10-27 22:56:47,260] {processor.py:161} INFO - Processing /home/nayara/Documentos/airflowalura/venv/lib/python3.9/site-packages/airflow/example_dags/example_latest_only_with_trigger.py took 0.406 seconds
