[2022-10-27 22:16:43,322] {processor.py:153} INFO - Started process (PID=49107) to work on /home/nayara/Documentos/airflowalura/venv/lib/python3.9/site-packages/airflow/example_dags/example_branch_day_of_week_operator.py
[2022-10-27 22:16:43,323] {processor.py:641} INFO - Processing file /home/nayara/Documentos/airflowalura/venv/lib/python3.9/site-packages/airflow/example_dags/example_branch_day_of_week_operator.py for tasks to queue
[2022-10-27 22:16:43,325] {logging_mixin.py:115} INFO - [2022-10-27 22:16:43,325] {dagbag.py:507} INFO - Filling up the DagBag from /home/nayara/Documentos/airflowalura/venv/lib/python3.9/site-packages/airflow/example_dags/example_branch_day_of_week_operator.py
[2022-10-27 22:16:43,409] {processor.py:651} INFO - DAG(s) dict_keys(['example_weekday_branch_operator']) retrieved from /home/nayara/Documentos/airflowalura/venv/lib/python3.9/site-packages/airflow/example_dags/example_branch_day_of_week_operator.py
[2022-10-27 22:16:44,679] {logging_mixin.py:115} INFO - [2022-10-27 22:16:44,678] {manager.py:508} INFO - Created Permission View: can read on DAG:example_weekday_branch_operator
[2022-10-27 22:16:45,227] {logging_mixin.py:115} INFO - [2022-10-27 22:16:45,226] {manager.py:508} INFO - Created Permission View: can delete on DAG:example_weekday_branch_operator
[2022-10-27 22:16:45,689] {logging_mixin.py:115} INFO - [2022-10-27 22:16:45,688] {manager.py:508} INFO - Created Permission View: can edit on DAG:example_weekday_branch_operator
[2022-10-27 22:16:45,690] {logging_mixin.py:115} INFO - [2022-10-27 22:16:45,689] {dag.py:2379} INFO - Sync 1 DAGs
[2022-10-27 22:16:45,732] {logging_mixin.py:115} INFO - [2022-10-27 22:16:45,732] {dag.py:2398} INFO - Creating ORM DAG for example_weekday_branch_operator
[2022-10-27 22:16:45,751] {logging_mixin.py:115} INFO - [2022-10-27 22:16:45,751] {dag.py:2927} INFO - Setting next_dagrun for example_weekday_branch_operator to 2022-10-27T00:00:00+00:00, run_after=2022-10-28T00:00:00+00:00
[2022-10-27 22:16:46,500] {processor.py:161} INFO - Processing /home/nayara/Documentos/airflowalura/venv/lib/python3.9/site-packages/airflow/example_dags/example_branch_day_of_week_operator.py took 3.195 seconds
[2022-10-27 22:18:00,776] {processor.py:153} INFO - Started process (PID=49267) to work on /home/nayara/Documentos/airflowalura/venv/lib/python3.9/site-packages/airflow/example_dags/example_branch_day_of_week_operator.py
[2022-10-27 22:18:00,843] {processor.py:641} INFO - Processing file /home/nayara/Documentos/airflowalura/venv/lib/python3.9/site-packages/airflow/example_dags/example_branch_day_of_week_operator.py for tasks to queue
[2022-10-27 22:18:00,844] {logging_mixin.py:115} INFO - [2022-10-27 22:18:00,844] {dagbag.py:507} INFO - Filling up the DagBag from /home/nayara/Documentos/airflowalura/venv/lib/python3.9/site-packages/airflow/example_dags/example_branch_day_of_week_operator.py
[2022-10-27 22:18:00,858] {processor.py:651} INFO - DAG(s) dict_keys(['example_weekday_branch_operator']) retrieved from /home/nayara/Documentos/airflowalura/venv/lib/python3.9/site-packages/airflow/example_dags/example_branch_day_of_week_operator.py
[2022-10-27 22:18:00,883] {logging_mixin.py:115} INFO - [2022-10-27 22:18:00,883] {dag.py:2379} INFO - Sync 1 DAGs
[2022-10-27 22:18:00,920] {logging_mixin.py:115} INFO - [2022-10-27 22:18:00,920] {dag.py:2927} INFO - Setting next_dagrun for example_weekday_branch_operator to 2022-10-27T00:00:00+00:00, run_after=2022-10-28T00:00:00+00:00
[2022-10-27 22:18:02,042] {processor.py:161} INFO - Processing /home/nayara/Documentos/airflowalura/venv/lib/python3.9/site-packages/airflow/example_dags/example_branch_day_of_week_operator.py took 1.271 seconds
[2022-10-27 22:19:30,327] {processor.py:153} INFO - Started process (PID=49647) to work on /home/nayara/Documentos/airflowalura/venv/lib/python3.9/site-packages/airflow/example_dags/example_branch_day_of_week_operator.py
[2022-10-27 22:19:30,339] {processor.py:641} INFO - Processing file /home/nayara/Documentos/airflowalura/venv/lib/python3.9/site-packages/airflow/example_dags/example_branch_day_of_week_operator.py for tasks to queue
[2022-10-27 22:19:30,342] {logging_mixin.py:115} INFO - [2022-10-27 22:19:30,341] {dagbag.py:507} INFO - Filling up the DagBag from /home/nayara/Documentos/airflowalura/venv/lib/python3.9/site-packages/airflow/example_dags/example_branch_day_of_week_operator.py
[2022-10-27 22:19:30,374] {processor.py:651} INFO - DAG(s) dict_keys(['example_weekday_branch_operator']) retrieved from /home/nayara/Documentos/airflowalura/venv/lib/python3.9/site-packages/airflow/example_dags/example_branch_day_of_week_operator.py
[2022-10-27 22:19:30,419] {logging_mixin.py:115} INFO - [2022-10-27 22:19:30,419] {dag.py:2379} INFO - Sync 1 DAGs
[2022-10-27 22:19:30,453] {logging_mixin.py:115} INFO - [2022-10-27 22:19:30,453] {dag.py:2927} INFO - Setting next_dagrun for example_weekday_branch_operator to 2022-10-27T00:00:00+00:00, run_after=2022-10-28T00:00:00+00:00
[2022-10-27 22:19:31,127] {processor.py:161} INFO - Processing /home/nayara/Documentos/airflowalura/venv/lib/python3.9/site-packages/airflow/example_dags/example_branch_day_of_week_operator.py took 0.811 seconds
[2022-10-27 22:20:39,215] {processor.py:153} INFO - Started process (PID=49891) to work on /home/nayara/Documentos/airflowalura/venv/lib/python3.9/site-packages/airflow/example_dags/example_branch_day_of_week_operator.py
[2022-10-27 22:20:39,228] {processor.py:641} INFO - Processing file /home/nayara/Documentos/airflowalura/venv/lib/python3.9/site-packages/airflow/example_dags/example_branch_day_of_week_operator.py for tasks to queue
[2022-10-27 22:20:39,229] {logging_mixin.py:115} INFO - [2022-10-27 22:20:39,229] {dagbag.py:507} INFO - Filling up the DagBag from /home/nayara/Documentos/airflowalura/venv/lib/python3.9/site-packages/airflow/example_dags/example_branch_day_of_week_operator.py
[2022-10-27 22:20:39,244] {processor.py:651} INFO - DAG(s) dict_keys(['example_weekday_branch_operator']) retrieved from /home/nayara/Documentos/airflowalura/venv/lib/python3.9/site-packages/airflow/example_dags/example_branch_day_of_week_operator.py
[2022-10-27 22:20:39,273] {logging_mixin.py:115} INFO - [2022-10-27 22:20:39,273] {dag.py:2379} INFO - Sync 1 DAGs
[2022-10-27 22:20:39,310] {logging_mixin.py:115} INFO - [2022-10-27 22:20:39,310] {dag.py:2927} INFO - Setting next_dagrun for example_weekday_branch_operator to 2022-10-27T00:00:00+00:00, run_after=2022-10-28T00:00:00+00:00
[2022-10-27 22:20:39,861] {processor.py:161} INFO - Processing /home/nayara/Documentos/airflowalura/venv/lib/python3.9/site-packages/airflow/example_dags/example_branch_day_of_week_operator.py took 0.661 seconds
[2022-10-27 22:21:28,425] {processor.py:153} INFO - Started process (PID=49995) to work on /home/nayara/Documentos/airflowalura/venv/lib/python3.9/site-packages/airflow/example_dags/example_branch_day_of_week_operator.py
[2022-10-27 22:21:28,426] {processor.py:641} INFO - Processing file /home/nayara/Documentos/airflowalura/venv/lib/python3.9/site-packages/airflow/example_dags/example_branch_day_of_week_operator.py for tasks to queue
[2022-10-27 22:21:28,427] {logging_mixin.py:115} INFO - [2022-10-27 22:21:28,427] {dagbag.py:507} INFO - Filling up the DagBag from /home/nayara/Documentos/airflowalura/venv/lib/python3.9/site-packages/airflow/example_dags/example_branch_day_of_week_operator.py
[2022-10-27 22:21:28,440] {processor.py:651} INFO - DAG(s) dict_keys(['example_weekday_branch_operator']) retrieved from /home/nayara/Documentos/airflowalura/venv/lib/python3.9/site-packages/airflow/example_dags/example_branch_day_of_week_operator.py
[2022-10-27 22:21:28,461] {logging_mixin.py:115} INFO - [2022-10-27 22:21:28,461] {dag.py:2379} INFO - Sync 1 DAGs
[2022-10-27 22:21:28,495] {logging_mixin.py:115} INFO - [2022-10-27 22:21:28,495] {dag.py:2927} INFO - Setting next_dagrun for example_weekday_branch_operator to 2022-10-27T00:00:00+00:00, run_after=2022-10-28T00:00:00+00:00
[2022-10-27 22:21:28,710] {processor.py:161} INFO - Processing /home/nayara/Documentos/airflowalura/venv/lib/python3.9/site-packages/airflow/example_dags/example_branch_day_of_week_operator.py took 0.290 seconds
[2022-10-27 22:22:29,915] {processor.py:153} INFO - Started process (PID=50143) to work on /home/nayara/Documentos/airflowalura/venv/lib/python3.9/site-packages/airflow/example_dags/example_branch_day_of_week_operator.py
[2022-10-27 22:22:29,930] {processor.py:641} INFO - Processing file /home/nayara/Documentos/airflowalura/venv/lib/python3.9/site-packages/airflow/example_dags/example_branch_day_of_week_operator.py for tasks to queue
[2022-10-27 22:22:29,931] {logging_mixin.py:115} INFO - [2022-10-27 22:22:29,930] {dagbag.py:507} INFO - Filling up the DagBag from /home/nayara/Documentos/airflowalura/venv/lib/python3.9/site-packages/airflow/example_dags/example_branch_day_of_week_operator.py
[2022-10-27 22:22:29,944] {processor.py:651} INFO - DAG(s) dict_keys(['example_weekday_branch_operator']) retrieved from /home/nayara/Documentos/airflowalura/venv/lib/python3.9/site-packages/airflow/example_dags/example_branch_day_of_week_operator.py
[2022-10-27 22:22:29,973] {logging_mixin.py:115} INFO - [2022-10-27 22:22:29,973] {dag.py:2379} INFO - Sync 1 DAGs
[2022-10-27 22:22:30,025] {logging_mixin.py:115} INFO - [2022-10-27 22:22:30,025] {dag.py:2927} INFO - Setting next_dagrun for example_weekday_branch_operator to 2022-10-27T00:00:00+00:00, run_after=2022-10-28T00:00:00+00:00
[2022-10-27 22:22:30,391] {processor.py:161} INFO - Processing /home/nayara/Documentos/airflowalura/venv/lib/python3.9/site-packages/airflow/example_dags/example_branch_day_of_week_operator.py took 0.484 seconds
[2022-10-27 22:23:32,972] {processor.py:153} INFO - Started process (PID=50285) to work on /home/nayara/Documentos/airflowalura/venv/lib/python3.9/site-packages/airflow/example_dags/example_branch_day_of_week_operator.py
[2022-10-27 22:23:33,001] {processor.py:641} INFO - Processing file /home/nayara/Documentos/airflowalura/venv/lib/python3.9/site-packages/airflow/example_dags/example_branch_day_of_week_operator.py for tasks to queue
[2022-10-27 22:23:33,002] {logging_mixin.py:115} INFO - [2022-10-27 22:23:33,002] {dagbag.py:507} INFO - Filling up the DagBag from /home/nayara/Documentos/airflowalura/venv/lib/python3.9/site-packages/airflow/example_dags/example_branch_day_of_week_operator.py
[2022-10-27 22:23:33,016] {processor.py:651} INFO - DAG(s) dict_keys(['example_weekday_branch_operator']) retrieved from /home/nayara/Documentos/airflowalura/venv/lib/python3.9/site-packages/airflow/example_dags/example_branch_day_of_week_operator.py
[2022-10-27 22:23:33,044] {logging_mixin.py:115} INFO - [2022-10-27 22:23:33,044] {dag.py:2379} INFO - Sync 1 DAGs
[2022-10-27 22:23:33,074] {logging_mixin.py:115} INFO - [2022-10-27 22:23:33,074] {dag.py:2927} INFO - Setting next_dagrun for example_weekday_branch_operator to 2022-10-27T00:00:00+00:00, run_after=2022-10-28T00:00:00+00:00
[2022-10-27 22:23:33,324] {processor.py:161} INFO - Processing /home/nayara/Documentos/airflowalura/venv/lib/python3.9/site-packages/airflow/example_dags/example_branch_day_of_week_operator.py took 0.363 seconds
[2022-10-27 22:24:39,413] {processor.py:153} INFO - Started process (PID=50436) to work on /home/nayara/Documentos/airflowalura/venv/lib/python3.9/site-packages/airflow/example_dags/example_branch_day_of_week_operator.py
[2022-10-27 22:24:39,468] {processor.py:641} INFO - Processing file /home/nayara/Documentos/airflowalura/venv/lib/python3.9/site-packages/airflow/example_dags/example_branch_day_of_week_operator.py for tasks to queue
[2022-10-27 22:24:39,469] {logging_mixin.py:115} INFO - [2022-10-27 22:24:39,469] {dagbag.py:507} INFO - Filling up the DagBag from /home/nayara/Documentos/airflowalura/venv/lib/python3.9/site-packages/airflow/example_dags/example_branch_day_of_week_operator.py
[2022-10-27 22:24:39,485] {processor.py:651} INFO - DAG(s) dict_keys(['example_weekday_branch_operator']) retrieved from /home/nayara/Documentos/airflowalura/venv/lib/python3.9/site-packages/airflow/example_dags/example_branch_day_of_week_operator.py
[2022-10-27 22:24:39,518] {logging_mixin.py:115} INFO - [2022-10-27 22:24:39,517] {dag.py:2379} INFO - Sync 1 DAGs
[2022-10-27 22:24:39,557] {logging_mixin.py:115} INFO - [2022-10-27 22:24:39,556] {dag.py:2927} INFO - Setting next_dagrun for example_weekday_branch_operator to 2022-10-27T00:00:00+00:00, run_after=2022-10-28T00:00:00+00:00
[2022-10-27 22:24:39,910] {processor.py:161} INFO - Processing /home/nayara/Documentos/airflowalura/venv/lib/python3.9/site-packages/airflow/example_dags/example_branch_day_of_week_operator.py took 0.501 seconds
[2022-10-27 22:25:32,645] {processor.py:153} INFO - Started process (PID=50561) to work on /home/nayara/Documentos/airflowalura/venv/lib/python3.9/site-packages/airflow/example_dags/example_branch_day_of_week_operator.py
[2022-10-27 22:25:32,647] {processor.py:641} INFO - Processing file /home/nayara/Documentos/airflowalura/venv/lib/python3.9/site-packages/airflow/example_dags/example_branch_day_of_week_operator.py for tasks to queue
[2022-10-27 22:25:32,649] {logging_mixin.py:115} INFO - [2022-10-27 22:25:32,649] {dagbag.py:507} INFO - Filling up the DagBag from /home/nayara/Documentos/airflowalura/venv/lib/python3.9/site-packages/airflow/example_dags/example_branch_day_of_week_operator.py
[2022-10-27 22:25:32,681] {processor.py:651} INFO - DAG(s) dict_keys(['example_weekday_branch_operator']) retrieved from /home/nayara/Documentos/airflowalura/venv/lib/python3.9/site-packages/airflow/example_dags/example_branch_day_of_week_operator.py
[2022-10-27 22:25:32,712] {logging_mixin.py:115} INFO - [2022-10-27 22:25:32,711] {dag.py:2379} INFO - Sync 1 DAGs
[2022-10-27 22:25:32,748] {logging_mixin.py:115} INFO - [2022-10-27 22:25:32,747] {dag.py:2927} INFO - Setting next_dagrun for example_weekday_branch_operator to 2022-10-27T00:00:00+00:00, run_after=2022-10-28T00:00:00+00:00
[2022-10-27 22:25:33,184] {processor.py:161} INFO - Processing /home/nayara/Documentos/airflowalura/venv/lib/python3.9/site-packages/airflow/example_dags/example_branch_day_of_week_operator.py took 0.553 seconds
[2022-10-27 22:26:35,546] {processor.py:153} INFO - Started process (PID=50681) to work on /home/nayara/Documentos/airflowalura/venv/lib/python3.9/site-packages/airflow/example_dags/example_branch_day_of_week_operator.py
[2022-10-27 22:26:35,573] {processor.py:641} INFO - Processing file /home/nayara/Documentos/airflowalura/venv/lib/python3.9/site-packages/airflow/example_dags/example_branch_day_of_week_operator.py for tasks to queue
[2022-10-27 22:26:35,574] {logging_mixin.py:115} INFO - [2022-10-27 22:26:35,574] {dagbag.py:507} INFO - Filling up the DagBag from /home/nayara/Documentos/airflowalura/venv/lib/python3.9/site-packages/airflow/example_dags/example_branch_day_of_week_operator.py
[2022-10-27 22:26:35,596] {processor.py:651} INFO - DAG(s) dict_keys(['example_weekday_branch_operator']) retrieved from /home/nayara/Documentos/airflowalura/venv/lib/python3.9/site-packages/airflow/example_dags/example_branch_day_of_week_operator.py
[2022-10-27 22:26:35,635] {logging_mixin.py:115} INFO - [2022-10-27 22:26:35,635] {dag.py:2379} INFO - Sync 1 DAGs
[2022-10-27 22:26:35,692] {logging_mixin.py:115} INFO - [2022-10-27 22:26:35,692] {dag.py:2927} INFO - Setting next_dagrun for example_weekday_branch_operator to 2022-10-27T00:00:00+00:00, run_after=2022-10-28T00:00:00+00:00
[2022-10-27 22:26:36,271] {processor.py:161} INFO - Processing /home/nayara/Documentos/airflowalura/venv/lib/python3.9/site-packages/airflow/example_dags/example_branch_day_of_week_operator.py took 0.730 seconds
[2022-10-27 22:27:41,466] {processor.py:153} INFO - Started process (PID=50867) to work on /home/nayara/Documentos/airflowalura/venv/lib/python3.9/site-packages/airflow/example_dags/example_branch_day_of_week_operator.py
[2022-10-27 22:27:41,468] {processor.py:641} INFO - Processing file /home/nayara/Documentos/airflowalura/venv/lib/python3.9/site-packages/airflow/example_dags/example_branch_day_of_week_operator.py for tasks to queue
[2022-10-27 22:27:41,469] {logging_mixin.py:115} INFO - [2022-10-27 22:27:41,469] {dagbag.py:507} INFO - Filling up the DagBag from /home/nayara/Documentos/airflowalura/venv/lib/python3.9/site-packages/airflow/example_dags/example_branch_day_of_week_operator.py
[2022-10-27 22:27:41,480] {processor.py:651} INFO - DAG(s) dict_keys(['example_weekday_branch_operator']) retrieved from /home/nayara/Documentos/airflowalura/venv/lib/python3.9/site-packages/airflow/example_dags/example_branch_day_of_week_operator.py
[2022-10-27 22:27:41,505] {logging_mixin.py:115} INFO - [2022-10-27 22:27:41,505] {dag.py:2379} INFO - Sync 1 DAGs
[2022-10-27 22:27:41,535] {logging_mixin.py:115} INFO - [2022-10-27 22:27:41,535] {dag.py:2927} INFO - Setting next_dagrun for example_weekday_branch_operator to 2022-10-27T00:00:00+00:00, run_after=2022-10-28T00:00:00+00:00
[2022-10-27 22:27:41,843] {processor.py:161} INFO - Processing /home/nayara/Documentos/airflowalura/venv/lib/python3.9/site-packages/airflow/example_dags/example_branch_day_of_week_operator.py took 0.383 seconds
[2022-10-27 22:28:52,328] {processor.py:153} INFO - Started process (PID=51066) to work on /home/nayara/Documentos/airflowalura/venv/lib/python3.9/site-packages/airflow/example_dags/example_branch_day_of_week_operator.py
[2022-10-27 22:28:52,358] {processor.py:641} INFO - Processing file /home/nayara/Documentos/airflowalura/venv/lib/python3.9/site-packages/airflow/example_dags/example_branch_day_of_week_operator.py for tasks to queue
[2022-10-27 22:28:52,361] {logging_mixin.py:115} INFO - [2022-10-27 22:28:52,360] {dagbag.py:507} INFO - Filling up the DagBag from /home/nayara/Documentos/airflowalura/venv/lib/python3.9/site-packages/airflow/example_dags/example_branch_day_of_week_operator.py
[2022-10-27 22:28:52,397] {processor.py:651} INFO - DAG(s) dict_keys(['example_weekday_branch_operator']) retrieved from /home/nayara/Documentos/airflowalura/venv/lib/python3.9/site-packages/airflow/example_dags/example_branch_day_of_week_operator.py
[2022-10-27 22:28:52,425] {logging_mixin.py:115} INFO - [2022-10-27 22:28:52,425] {dag.py:2379} INFO - Sync 1 DAGs
[2022-10-27 22:28:52,457] {logging_mixin.py:115} INFO - [2022-10-27 22:28:52,457] {dag.py:2927} INFO - Setting next_dagrun for example_weekday_branch_operator to 2022-10-27T00:00:00+00:00, run_after=2022-10-28T00:00:00+00:00
[2022-10-27 22:28:52,779] {processor.py:161} INFO - Processing /home/nayara/Documentos/airflowalura/venv/lib/python3.9/site-packages/airflow/example_dags/example_branch_day_of_week_operator.py took 0.473 seconds
[2022-10-27 22:29:43,416] {processor.py:153} INFO - Started process (PID=51179) to work on /home/nayara/Documentos/airflowalura/venv/lib/python3.9/site-packages/airflow/example_dags/example_branch_day_of_week_operator.py
[2022-10-27 22:29:43,446] {processor.py:641} INFO - Processing file /home/nayara/Documentos/airflowalura/venv/lib/python3.9/site-packages/airflow/example_dags/example_branch_day_of_week_operator.py for tasks to queue
[2022-10-27 22:29:43,447] {logging_mixin.py:115} INFO - [2022-10-27 22:29:43,447] {dagbag.py:507} INFO - Filling up the DagBag from /home/nayara/Documentos/airflowalura/venv/lib/python3.9/site-packages/airflow/example_dags/example_branch_day_of_week_operator.py
[2022-10-27 22:29:43,460] {processor.py:651} INFO - DAG(s) dict_keys(['example_weekday_branch_operator']) retrieved from /home/nayara/Documentos/airflowalura/venv/lib/python3.9/site-packages/airflow/example_dags/example_branch_day_of_week_operator.py
[2022-10-27 22:29:43,484] {logging_mixin.py:115} INFO - [2022-10-27 22:29:43,484] {dag.py:2379} INFO - Sync 1 DAGs
[2022-10-27 22:29:43,510] {logging_mixin.py:115} INFO - [2022-10-27 22:29:43,510] {dag.py:2927} INFO - Setting next_dagrun for example_weekday_branch_operator to 2022-10-27T00:00:00+00:00, run_after=2022-10-28T00:00:00+00:00
[2022-10-27 22:29:43,739] {processor.py:161} INFO - Processing /home/nayara/Documentos/airflowalura/venv/lib/python3.9/site-packages/airflow/example_dags/example_branch_day_of_week_operator.py took 0.335 seconds
[2022-10-27 22:30:44,460] {processor.py:153} INFO - Started process (PID=51283) to work on /home/nayara/Documentos/airflowalura/venv/lib/python3.9/site-packages/airflow/example_dags/example_branch_day_of_week_operator.py
[2022-10-27 22:30:44,461] {processor.py:641} INFO - Processing file /home/nayara/Documentos/airflowalura/venv/lib/python3.9/site-packages/airflow/example_dags/example_branch_day_of_week_operator.py for tasks to queue
[2022-10-27 22:30:44,462] {logging_mixin.py:115} INFO - [2022-10-27 22:30:44,462] {dagbag.py:507} INFO - Filling up the DagBag from /home/nayara/Documentos/airflowalura/venv/lib/python3.9/site-packages/airflow/example_dags/example_branch_day_of_week_operator.py
[2022-10-27 22:30:44,472] {processor.py:651} INFO - DAG(s) dict_keys(['example_weekday_branch_operator']) retrieved from /home/nayara/Documentos/airflowalura/venv/lib/python3.9/site-packages/airflow/example_dags/example_branch_day_of_week_operator.py
[2022-10-27 22:30:44,491] {logging_mixin.py:115} INFO - [2022-10-27 22:30:44,491] {dag.py:2379} INFO - Sync 1 DAGs
[2022-10-27 22:30:44,519] {logging_mixin.py:115} INFO - [2022-10-27 22:30:44,519] {dag.py:2927} INFO - Setting next_dagrun for example_weekday_branch_operator to 2022-10-27T00:00:00+00:00, run_after=2022-10-28T00:00:00+00:00
[2022-10-27 22:30:44,720] {processor.py:161} INFO - Processing /home/nayara/Documentos/airflowalura/venv/lib/python3.9/site-packages/airflow/example_dags/example_branch_day_of_week_operator.py took 0.263 seconds
[2022-10-27 22:31:48,048] {processor.py:153} INFO - Started process (PID=51454) to work on /home/nayara/Documentos/airflowalura/venv/lib/python3.9/site-packages/airflow/example_dags/example_branch_day_of_week_operator.py
[2022-10-27 22:31:48,148] {processor.py:641} INFO - Processing file /home/nayara/Documentos/airflowalura/venv/lib/python3.9/site-packages/airflow/example_dags/example_branch_day_of_week_operator.py for tasks to queue
[2022-10-27 22:31:48,150] {logging_mixin.py:115} INFO - [2022-10-27 22:31:48,150] {dagbag.py:507} INFO - Filling up the DagBag from /home/nayara/Documentos/airflowalura/venv/lib/python3.9/site-packages/airflow/example_dags/example_branch_day_of_week_operator.py
[2022-10-27 22:31:48,169] {processor.py:651} INFO - DAG(s) dict_keys(['example_weekday_branch_operator']) retrieved from /home/nayara/Documentos/airflowalura/venv/lib/python3.9/site-packages/airflow/example_dags/example_branch_day_of_week_operator.py
[2022-10-27 22:31:48,434] {logging_mixin.py:115} INFO - [2022-10-27 22:31:48,434] {dag.py:2379} INFO - Sync 1 DAGs
[2022-10-27 22:31:48,481] {logging_mixin.py:115} INFO - [2022-10-27 22:31:48,481] {dag.py:2927} INFO - Setting next_dagrun for example_weekday_branch_operator to 2022-10-27T00:00:00+00:00, run_after=2022-10-28T00:00:00+00:00
[2022-10-27 22:31:49,092] {processor.py:161} INFO - Processing /home/nayara/Documentos/airflowalura/venv/lib/python3.9/site-packages/airflow/example_dags/example_branch_day_of_week_operator.py took 1.051 seconds
[2022-10-27 22:32:59,669] {processor.py:153} INFO - Started process (PID=51591) to work on /home/nayara/Documentos/airflowalura/venv/lib/python3.9/site-packages/airflow/example_dags/example_branch_day_of_week_operator.py
[2022-10-27 22:32:59,670] {processor.py:641} INFO - Processing file /home/nayara/Documentos/airflowalura/venv/lib/python3.9/site-packages/airflow/example_dags/example_branch_day_of_week_operator.py for tasks to queue
[2022-10-27 22:32:59,671] {logging_mixin.py:115} INFO - [2022-10-27 22:32:59,670] {dagbag.py:507} INFO - Filling up the DagBag from /home/nayara/Documentos/airflowalura/venv/lib/python3.9/site-packages/airflow/example_dags/example_branch_day_of_week_operator.py
[2022-10-27 22:32:59,687] {processor.py:651} INFO - DAG(s) dict_keys(['example_weekday_branch_operator']) retrieved from /home/nayara/Documentos/airflowalura/venv/lib/python3.9/site-packages/airflow/example_dags/example_branch_day_of_week_operator.py
[2022-10-27 22:32:59,725] {logging_mixin.py:115} INFO - [2022-10-27 22:32:59,725] {dag.py:2379} INFO - Sync 1 DAGs
[2022-10-27 22:32:59,773] {logging_mixin.py:115} INFO - [2022-10-27 22:32:59,773] {dag.py:2927} INFO - Setting next_dagrun for example_weekday_branch_operator to 2022-10-28T00:00:00+00:00, run_after=2022-10-29T00:00:00+00:00
[2022-10-27 22:33:00,030] {processor.py:161} INFO - Processing /home/nayara/Documentos/airflowalura/venv/lib/python3.9/site-packages/airflow/example_dags/example_branch_day_of_week_operator.py took 0.369 seconds
[2022-10-27 22:34:02,471] {processor.py:153} INFO - Started process (PID=51712) to work on /home/nayara/Documentos/airflowalura/venv/lib/python3.9/site-packages/airflow/example_dags/example_branch_day_of_week_operator.py
[2022-10-27 22:34:02,473] {processor.py:641} INFO - Processing file /home/nayara/Documentos/airflowalura/venv/lib/python3.9/site-packages/airflow/example_dags/example_branch_day_of_week_operator.py for tasks to queue
[2022-10-27 22:34:02,476] {logging_mixin.py:115} INFO - [2022-10-27 22:34:02,475] {dagbag.py:507} INFO - Filling up the DagBag from /home/nayara/Documentos/airflowalura/venv/lib/python3.9/site-packages/airflow/example_dags/example_branch_day_of_week_operator.py
[2022-10-27 22:34:02,494] {processor.py:651} INFO - DAG(s) dict_keys(['example_weekday_branch_operator']) retrieved from /home/nayara/Documentos/airflowalura/venv/lib/python3.9/site-packages/airflow/example_dags/example_branch_day_of_week_operator.py
[2022-10-27 22:34:02,538] {logging_mixin.py:115} INFO - [2022-10-27 22:34:02,538] {dag.py:2379} INFO - Sync 1 DAGs
[2022-10-27 22:34:02,569] {logging_mixin.py:115} INFO - [2022-10-27 22:34:02,569] {dag.py:2927} INFO - Setting next_dagrun for example_weekday_branch_operator to 2022-10-28T00:00:00+00:00, run_after=2022-10-29T00:00:00+00:00
[2022-10-27 22:34:02,838] {processor.py:161} INFO - Processing /home/nayara/Documentos/airflowalura/venv/lib/python3.9/site-packages/airflow/example_dags/example_branch_day_of_week_operator.py took 0.374 seconds
[2022-10-27 22:34:59,447] {processor.py:153} INFO - Started process (PID=51806) to work on /home/nayara/Documentos/airflowalura/venv/lib/python3.9/site-packages/airflow/example_dags/example_branch_day_of_week_operator.py
[2022-10-27 22:34:59,449] {processor.py:641} INFO - Processing file /home/nayara/Documentos/airflowalura/venv/lib/python3.9/site-packages/airflow/example_dags/example_branch_day_of_week_operator.py for tasks to queue
[2022-10-27 22:34:59,451] {logging_mixin.py:115} INFO - [2022-10-27 22:34:59,450] {dagbag.py:507} INFO - Filling up the DagBag from /home/nayara/Documentos/airflowalura/venv/lib/python3.9/site-packages/airflow/example_dags/example_branch_day_of_week_operator.py
[2022-10-27 22:34:59,462] {processor.py:651} INFO - DAG(s) dict_keys(['example_weekday_branch_operator']) retrieved from /home/nayara/Documentos/airflowalura/venv/lib/python3.9/site-packages/airflow/example_dags/example_branch_day_of_week_operator.py
[2022-10-27 22:34:59,484] {logging_mixin.py:115} INFO - [2022-10-27 22:34:59,484] {dag.py:2379} INFO - Sync 1 DAGs
[2022-10-27 22:34:59,507] {logging_mixin.py:115} INFO - [2022-10-27 22:34:59,507] {dag.py:2927} INFO - Setting next_dagrun for example_weekday_branch_operator to 2022-10-28T00:00:00+00:00, run_after=2022-10-29T00:00:00+00:00
[2022-10-27 22:34:59,705] {processor.py:161} INFO - Processing /home/nayara/Documentos/airflowalura/venv/lib/python3.9/site-packages/airflow/example_dags/example_branch_day_of_week_operator.py took 0.268 seconds
[2022-10-27 22:35:55,880] {processor.py:153} INFO - Started process (PID=51891) to work on /home/nayara/Documentos/airflowalura/venv/lib/python3.9/site-packages/airflow/example_dags/example_branch_day_of_week_operator.py
[2022-10-27 22:35:55,905] {processor.py:641} INFO - Processing file /home/nayara/Documentos/airflowalura/venv/lib/python3.9/site-packages/airflow/example_dags/example_branch_day_of_week_operator.py for tasks to queue
[2022-10-27 22:35:55,906] {logging_mixin.py:115} INFO - [2022-10-27 22:35:55,906] {dagbag.py:507} INFO - Filling up the DagBag from /home/nayara/Documentos/airflowalura/venv/lib/python3.9/site-packages/airflow/example_dags/example_branch_day_of_week_operator.py
[2022-10-27 22:35:55,935] {processor.py:651} INFO - DAG(s) dict_keys(['example_weekday_branch_operator']) retrieved from /home/nayara/Documentos/airflowalura/venv/lib/python3.9/site-packages/airflow/example_dags/example_branch_day_of_week_operator.py
[2022-10-27 22:35:55,962] {logging_mixin.py:115} INFO - [2022-10-27 22:35:55,961] {dag.py:2379} INFO - Sync 1 DAGs
[2022-10-27 22:35:55,985] {logging_mixin.py:115} INFO - [2022-10-27 22:35:55,985] {dag.py:2927} INFO - Setting next_dagrun for example_weekday_branch_operator to 2022-10-28T00:00:00+00:00, run_after=2022-10-29T00:00:00+00:00
[2022-10-27 22:35:56,280] {processor.py:161} INFO - Processing /home/nayara/Documentos/airflowalura/venv/lib/python3.9/site-packages/airflow/example_dags/example_branch_day_of_week_operator.py took 0.414 seconds
[2022-10-27 22:36:52,301] {processor.py:153} INFO - Started process (PID=52097) to work on /home/nayara/Documentos/airflowalura/venv/lib/python3.9/site-packages/airflow/example_dags/example_branch_day_of_week_operator.py
[2022-10-27 22:36:52,368] {processor.py:641} INFO - Processing file /home/nayara/Documentos/airflowalura/venv/lib/python3.9/site-packages/airflow/example_dags/example_branch_day_of_week_operator.py for tasks to queue
[2022-10-27 22:36:52,371] {logging_mixin.py:115} INFO - [2022-10-27 22:36:52,371] {dagbag.py:507} INFO - Filling up the DagBag from /home/nayara/Documentos/airflowalura/venv/lib/python3.9/site-packages/airflow/example_dags/example_branch_day_of_week_operator.py
[2022-10-27 22:36:52,409] {processor.py:651} INFO - DAG(s) dict_keys(['example_weekday_branch_operator']) retrieved from /home/nayara/Documentos/airflowalura/venv/lib/python3.9/site-packages/airflow/example_dags/example_branch_day_of_week_operator.py
[2022-10-27 22:36:52,443] {logging_mixin.py:115} INFO - [2022-10-27 22:36:52,443] {dag.py:2379} INFO - Sync 1 DAGs
[2022-10-27 22:36:52,474] {logging_mixin.py:115} INFO - [2022-10-27 22:36:52,473] {dag.py:2927} INFO - Setting next_dagrun for example_weekday_branch_operator to 2022-10-28T00:00:00+00:00, run_after=2022-10-29T00:00:00+00:00
[2022-10-27 22:36:52,888] {processor.py:161} INFO - Processing /home/nayara/Documentos/airflowalura/venv/lib/python3.9/site-packages/airflow/example_dags/example_branch_day_of_week_operator.py took 0.591 seconds
[2022-10-27 22:38:12,656] {processor.py:153} INFO - Started process (PID=52413) to work on /home/nayara/Documentos/airflowalura/venv/lib/python3.9/site-packages/airflow/example_dags/example_branch_day_of_week_operator.py
[2022-10-27 22:38:12,735] {processor.py:641} INFO - Processing file /home/nayara/Documentos/airflowalura/venv/lib/python3.9/site-packages/airflow/example_dags/example_branch_day_of_week_operator.py for tasks to queue
[2022-10-27 22:38:12,737] {logging_mixin.py:115} INFO - [2022-10-27 22:38:12,737] {dagbag.py:507} INFO - Filling up the DagBag from /home/nayara/Documentos/airflowalura/venv/lib/python3.9/site-packages/airflow/example_dags/example_branch_day_of_week_operator.py
[2022-10-27 22:38:12,939] {processor.py:651} INFO - DAG(s) dict_keys(['example_weekday_branch_operator']) retrieved from /home/nayara/Documentos/airflowalura/venv/lib/python3.9/site-packages/airflow/example_dags/example_branch_day_of_week_operator.py
[2022-10-27 22:38:12,973] {logging_mixin.py:115} INFO - [2022-10-27 22:38:12,973] {dag.py:2379} INFO - Sync 1 DAGs
[2022-10-27 22:38:13,166] {logging_mixin.py:115} INFO - [2022-10-27 22:38:13,165] {dag.py:2927} INFO - Setting next_dagrun for example_weekday_branch_operator to 2022-10-28T00:00:00+00:00, run_after=2022-10-29T00:00:00+00:00
[2022-10-27 22:38:14,474] {processor.py:161} INFO - Processing /home/nayara/Documentos/airflowalura/venv/lib/python3.9/site-packages/airflow/example_dags/example_branch_day_of_week_operator.py took 1.823 seconds
[2022-10-27 22:39:23,522] {processor.py:153} INFO - Started process (PID=52604) to work on /home/nayara/Documentos/airflowalura/venv/lib/python3.9/site-packages/airflow/example_dags/example_branch_day_of_week_operator.py
[2022-10-27 22:39:23,536] {processor.py:641} INFO - Processing file /home/nayara/Documentos/airflowalura/venv/lib/python3.9/site-packages/airflow/example_dags/example_branch_day_of_week_operator.py for tasks to queue
[2022-10-27 22:39:23,537] {logging_mixin.py:115} INFO - [2022-10-27 22:39:23,537] {dagbag.py:507} INFO - Filling up the DagBag from /home/nayara/Documentos/airflowalura/venv/lib/python3.9/site-packages/airflow/example_dags/example_branch_day_of_week_operator.py
[2022-10-27 22:39:23,565] {processor.py:651} INFO - DAG(s) dict_keys(['example_weekday_branch_operator']) retrieved from /home/nayara/Documentos/airflowalura/venv/lib/python3.9/site-packages/airflow/example_dags/example_branch_day_of_week_operator.py
[2022-10-27 22:39:23,589] {logging_mixin.py:115} INFO - [2022-10-27 22:39:23,589] {dag.py:2379} INFO - Sync 1 DAGs
[2022-10-27 22:39:23,617] {logging_mixin.py:115} INFO - [2022-10-27 22:39:23,617] {dag.py:2927} INFO - Setting next_dagrun for example_weekday_branch_operator to 2022-10-28T00:00:00+00:00, run_after=2022-10-29T00:00:00+00:00
[2022-10-27 22:39:23,941] {processor.py:161} INFO - Processing /home/nayara/Documentos/airflowalura/venv/lib/python3.9/site-packages/airflow/example_dags/example_branch_day_of_week_operator.py took 0.429 seconds
[2022-10-27 22:41:25,907] {processor.py:153} INFO - Started process (PID=52822) to work on /home/nayara/Documentos/airflowalura/venv/lib/python3.9/site-packages/airflow/example_dags/example_branch_day_of_week_operator.py
[2022-10-27 22:41:25,953] {processor.py:641} INFO - Processing file /home/nayara/Documentos/airflowalura/venv/lib/python3.9/site-packages/airflow/example_dags/example_branch_day_of_week_operator.py for tasks to queue
[2022-10-27 22:41:25,955] {logging_mixin.py:115} INFO - [2022-10-27 22:41:25,954] {dagbag.py:507} INFO - Filling up the DagBag from /home/nayara/Documentos/airflowalura/venv/lib/python3.9/site-packages/airflow/example_dags/example_branch_day_of_week_operator.py
[2022-10-27 22:41:25,980] {processor.py:651} INFO - DAG(s) dict_keys(['example_weekday_branch_operator']) retrieved from /home/nayara/Documentos/airflowalura/venv/lib/python3.9/site-packages/airflow/example_dags/example_branch_day_of_week_operator.py
[2022-10-27 22:41:26,037] {logging_mixin.py:115} INFO - [2022-10-27 22:41:26,036] {dag.py:2379} INFO - Sync 1 DAGs
[2022-10-27 22:41:26,071] {logging_mixin.py:115} INFO - [2022-10-27 22:41:26,071] {dag.py:2927} INFO - Setting next_dagrun for example_weekday_branch_operator to 2022-10-28T00:00:00+00:00, run_after=2022-10-29T00:00:00+00:00
[2022-10-27 22:41:26,570] {processor.py:161} INFO - Processing /home/nayara/Documentos/airflowalura/venv/lib/python3.9/site-packages/airflow/example_dags/example_branch_day_of_week_operator.py took 0.677 seconds
[2022-10-27 22:42:29,961] {processor.py:153} INFO - Started process (PID=52977) to work on /home/nayara/Documentos/airflowalura/venv/lib/python3.9/site-packages/airflow/example_dags/example_branch_day_of_week_operator.py
[2022-10-27 22:42:29,987] {processor.py:641} INFO - Processing file /home/nayara/Documentos/airflowalura/venv/lib/python3.9/site-packages/airflow/example_dags/example_branch_day_of_week_operator.py for tasks to queue
[2022-10-27 22:42:29,989] {logging_mixin.py:115} INFO - [2022-10-27 22:42:29,989] {dagbag.py:507} INFO - Filling up the DagBag from /home/nayara/Documentos/airflowalura/venv/lib/python3.9/site-packages/airflow/example_dags/example_branch_day_of_week_operator.py
[2022-10-27 22:42:30,014] {processor.py:651} INFO - DAG(s) dict_keys(['example_weekday_branch_operator']) retrieved from /home/nayara/Documentos/airflowalura/venv/lib/python3.9/site-packages/airflow/example_dags/example_branch_day_of_week_operator.py
[2022-10-27 22:42:30,040] {logging_mixin.py:115} INFO - [2022-10-27 22:42:30,040] {dag.py:2379} INFO - Sync 1 DAGs
[2022-10-27 22:42:30,064] {logging_mixin.py:115} INFO - [2022-10-27 22:42:30,064] {dag.py:2927} INFO - Setting next_dagrun for example_weekday_branch_operator to 2022-10-28T00:00:00+00:00, run_after=2022-10-29T00:00:00+00:00
[2022-10-27 22:42:30,551] {processor.py:161} INFO - Processing /home/nayara/Documentos/airflowalura/venv/lib/python3.9/site-packages/airflow/example_dags/example_branch_day_of_week_operator.py took 0.594 seconds
[2022-10-27 22:43:22,231] {processor.py:153} INFO - Started process (PID=53086) to work on /home/nayara/Documentos/airflowalura/venv/lib/python3.9/site-packages/airflow/example_dags/example_branch_day_of_week_operator.py
[2022-10-27 22:43:22,259] {processor.py:641} INFO - Processing file /home/nayara/Documentos/airflowalura/venv/lib/python3.9/site-packages/airflow/example_dags/example_branch_day_of_week_operator.py for tasks to queue
[2022-10-27 22:43:22,261] {logging_mixin.py:115} INFO - [2022-10-27 22:43:22,260] {dagbag.py:507} INFO - Filling up the DagBag from /home/nayara/Documentos/airflowalura/venv/lib/python3.9/site-packages/airflow/example_dags/example_branch_day_of_week_operator.py
[2022-10-27 22:43:22,291] {processor.py:651} INFO - DAG(s) dict_keys(['example_weekday_branch_operator']) retrieved from /home/nayara/Documentos/airflowalura/venv/lib/python3.9/site-packages/airflow/example_dags/example_branch_day_of_week_operator.py
[2022-10-27 22:43:22,325] {logging_mixin.py:115} INFO - [2022-10-27 22:43:22,325] {dag.py:2379} INFO - Sync 1 DAGs
[2022-10-27 22:43:22,352] {logging_mixin.py:115} INFO - [2022-10-27 22:43:22,352] {dag.py:2927} INFO - Setting next_dagrun for example_weekday_branch_operator to 2022-10-28T00:00:00+00:00, run_after=2022-10-29T00:00:00+00:00
[2022-10-27 22:43:22,675] {processor.py:161} INFO - Processing /home/nayara/Documentos/airflowalura/venv/lib/python3.9/site-packages/airflow/example_dags/example_branch_day_of_week_operator.py took 0.456 seconds
[2022-10-27 22:44:26,268] {processor.py:153} INFO - Started process (PID=53206) to work on /home/nayara/Documentos/airflowalura/venv/lib/python3.9/site-packages/airflow/example_dags/example_branch_day_of_week_operator.py
[2022-10-27 22:44:26,286] {processor.py:641} INFO - Processing file /home/nayara/Documentos/airflowalura/venv/lib/python3.9/site-packages/airflow/example_dags/example_branch_day_of_week_operator.py for tasks to queue
[2022-10-27 22:44:26,289] {logging_mixin.py:115} INFO - [2022-10-27 22:44:26,288] {dagbag.py:507} INFO - Filling up the DagBag from /home/nayara/Documentos/airflowalura/venv/lib/python3.9/site-packages/airflow/example_dags/example_branch_day_of_week_operator.py
[2022-10-27 22:44:26,312] {processor.py:651} INFO - DAG(s) dict_keys(['example_weekday_branch_operator']) retrieved from /home/nayara/Documentos/airflowalura/venv/lib/python3.9/site-packages/airflow/example_dags/example_branch_day_of_week_operator.py
[2022-10-27 22:44:26,341] {logging_mixin.py:115} INFO - [2022-10-27 22:44:26,341] {dag.py:2379} INFO - Sync 1 DAGs
[2022-10-27 22:44:26,376] {logging_mixin.py:115} INFO - [2022-10-27 22:44:26,376] {dag.py:2927} INFO - Setting next_dagrun for example_weekday_branch_operator to 2022-10-28T00:00:00+00:00, run_after=2022-10-29T00:00:00+00:00
[2022-10-27 22:44:26,618] {processor.py:161} INFO - Processing /home/nayara/Documentos/airflowalura/venv/lib/python3.9/site-packages/airflow/example_dags/example_branch_day_of_week_operator.py took 0.357 seconds
[2022-10-27 22:45:31,855] {processor.py:153} INFO - Started process (PID=53401) to work on /home/nayara/Documentos/airflowalura/venv/lib/python3.9/site-packages/airflow/example_dags/example_branch_day_of_week_operator.py
[2022-10-27 22:45:31,877] {processor.py:641} INFO - Processing file /home/nayara/Documentos/airflowalura/venv/lib/python3.9/site-packages/airflow/example_dags/example_branch_day_of_week_operator.py for tasks to queue
[2022-10-27 22:45:31,878] {logging_mixin.py:115} INFO - [2022-10-27 22:45:31,878] {dagbag.py:507} INFO - Filling up the DagBag from /home/nayara/Documentos/airflowalura/venv/lib/python3.9/site-packages/airflow/example_dags/example_branch_day_of_week_operator.py
[2022-10-27 22:45:31,906] {processor.py:651} INFO - DAG(s) dict_keys(['example_weekday_branch_operator']) retrieved from /home/nayara/Documentos/airflowalura/venv/lib/python3.9/site-packages/airflow/example_dags/example_branch_day_of_week_operator.py
[2022-10-27 22:45:31,931] {logging_mixin.py:115} INFO - [2022-10-27 22:45:31,931] {dag.py:2379} INFO - Sync 1 DAGs
[2022-10-27 22:45:31,963] {logging_mixin.py:115} INFO - [2022-10-27 22:45:31,963] {dag.py:2927} INFO - Setting next_dagrun for example_weekday_branch_operator to 2022-10-28T00:00:00+00:00, run_after=2022-10-29T00:00:00+00:00
[2022-10-27 22:45:32,258] {processor.py:161} INFO - Processing /home/nayara/Documentos/airflowalura/venv/lib/python3.9/site-packages/airflow/example_dags/example_branch_day_of_week_operator.py took 0.421 seconds
[2022-10-27 22:46:25,473] {processor.py:153} INFO - Started process (PID=53499) to work on /home/nayara/Documentos/airflowalura/venv/lib/python3.9/site-packages/airflow/example_dags/example_branch_day_of_week_operator.py
[2022-10-27 22:46:25,485] {processor.py:641} INFO - Processing file /home/nayara/Documentos/airflowalura/venv/lib/python3.9/site-packages/airflow/example_dags/example_branch_day_of_week_operator.py for tasks to queue
[2022-10-27 22:46:25,487] {logging_mixin.py:115} INFO - [2022-10-27 22:46:25,486] {dagbag.py:507} INFO - Filling up the DagBag from /home/nayara/Documentos/airflowalura/venv/lib/python3.9/site-packages/airflow/example_dags/example_branch_day_of_week_operator.py
[2022-10-27 22:46:25,509] {processor.py:651} INFO - DAG(s) dict_keys(['example_weekday_branch_operator']) retrieved from /home/nayara/Documentos/airflowalura/venv/lib/python3.9/site-packages/airflow/example_dags/example_branch_day_of_week_operator.py
[2022-10-27 22:46:25,531] {logging_mixin.py:115} INFO - [2022-10-27 22:46:25,531] {dag.py:2379} INFO - Sync 1 DAGs
[2022-10-27 22:46:25,558] {logging_mixin.py:115} INFO - [2022-10-27 22:46:25,558] {dag.py:2927} INFO - Setting next_dagrun for example_weekday_branch_operator to 2022-10-28T00:00:00+00:00, run_after=2022-10-29T00:00:00+00:00
[2022-10-27 22:46:25,777] {processor.py:161} INFO - Processing /home/nayara/Documentos/airflowalura/venv/lib/python3.9/site-packages/airflow/example_dags/example_branch_day_of_week_operator.py took 0.310 seconds
[2022-10-27 22:47:37,089] {processor.py:153} INFO - Started process (PID=53677) to work on /home/nayara/Documentos/airflowalura/venv/lib/python3.9/site-packages/airflow/example_dags/example_branch_day_of_week_operator.py
[2022-10-27 22:47:37,100] {processor.py:641} INFO - Processing file /home/nayara/Documentos/airflowalura/venv/lib/python3.9/site-packages/airflow/example_dags/example_branch_day_of_week_operator.py for tasks to queue
[2022-10-27 22:47:37,101] {logging_mixin.py:115} INFO - [2022-10-27 22:47:37,101] {dagbag.py:507} INFO - Filling up the DagBag from /home/nayara/Documentos/airflowalura/venv/lib/python3.9/site-packages/airflow/example_dags/example_branch_day_of_week_operator.py
[2022-10-27 22:47:37,125] {processor.py:651} INFO - DAG(s) dict_keys(['example_weekday_branch_operator']) retrieved from /home/nayara/Documentos/airflowalura/venv/lib/python3.9/site-packages/airflow/example_dags/example_branch_day_of_week_operator.py
[2022-10-27 22:47:37,146] {logging_mixin.py:115} INFO - [2022-10-27 22:47:37,146] {dag.py:2379} INFO - Sync 1 DAGs
[2022-10-27 22:47:37,176] {logging_mixin.py:115} INFO - [2022-10-27 22:47:37,176] {dag.py:2927} INFO - Setting next_dagrun for example_weekday_branch_operator to 2022-10-28T00:00:00+00:00, run_after=2022-10-29T00:00:00+00:00
[2022-10-27 22:47:37,398] {processor.py:161} INFO - Processing /home/nayara/Documentos/airflowalura/venv/lib/python3.9/site-packages/airflow/example_dags/example_branch_day_of_week_operator.py took 0.319 seconds
[2022-10-27 22:48:44,855] {processor.py:153} INFO - Started process (PID=53814) to work on /home/nayara/Documentos/airflowalura/venv/lib/python3.9/site-packages/airflow/example_dags/example_branch_day_of_week_operator.py
[2022-10-27 22:48:44,858] {processor.py:641} INFO - Processing file /home/nayara/Documentos/airflowalura/venv/lib/python3.9/site-packages/airflow/example_dags/example_branch_day_of_week_operator.py for tasks to queue
[2022-10-27 22:48:44,862] {logging_mixin.py:115} INFO - [2022-10-27 22:48:44,861] {dagbag.py:507} INFO - Filling up the DagBag from /home/nayara/Documentos/airflowalura/venv/lib/python3.9/site-packages/airflow/example_dags/example_branch_day_of_week_operator.py
[2022-10-27 22:48:44,906] {processor.py:651} INFO - DAG(s) dict_keys(['example_weekday_branch_operator']) retrieved from /home/nayara/Documentos/airflowalura/venv/lib/python3.9/site-packages/airflow/example_dags/example_branch_day_of_week_operator.py
[2022-10-27 22:48:44,929] {logging_mixin.py:115} INFO - [2022-10-27 22:48:44,929] {dag.py:2379} INFO - Sync 1 DAGs
[2022-10-27 22:48:44,958] {logging_mixin.py:115} INFO - [2022-10-27 22:48:44,958] {dag.py:2927} INFO - Setting next_dagrun for example_weekday_branch_operator to 2022-10-28T00:00:00+00:00, run_after=2022-10-29T00:00:00+00:00
[2022-10-27 22:48:45,208] {processor.py:161} INFO - Processing /home/nayara/Documentos/airflowalura/venv/lib/python3.9/site-packages/airflow/example_dags/example_branch_day_of_week_operator.py took 0.374 seconds
[2022-10-27 22:49:48,724] {processor.py:153} INFO - Started process (PID=53939) to work on /home/nayara/Documentos/airflowalura/venv/lib/python3.9/site-packages/airflow/example_dags/example_branch_day_of_week_operator.py
[2022-10-27 22:49:48,745] {processor.py:641} INFO - Processing file /home/nayara/Documentos/airflowalura/venv/lib/python3.9/site-packages/airflow/example_dags/example_branch_day_of_week_operator.py for tasks to queue
[2022-10-27 22:49:48,748] {logging_mixin.py:115} INFO - [2022-10-27 22:49:48,748] {dagbag.py:507} INFO - Filling up the DagBag from /home/nayara/Documentos/airflowalura/venv/lib/python3.9/site-packages/airflow/example_dags/example_branch_day_of_week_operator.py
[2022-10-27 22:49:48,786] {processor.py:651} INFO - DAG(s) dict_keys(['example_weekday_branch_operator']) retrieved from /home/nayara/Documentos/airflowalura/venv/lib/python3.9/site-packages/airflow/example_dags/example_branch_day_of_week_operator.py
[2022-10-27 22:49:48,842] {logging_mixin.py:115} INFO - [2022-10-27 22:49:48,842] {dag.py:2379} INFO - Sync 1 DAGs
[2022-10-27 22:49:48,875] {logging_mixin.py:115} INFO - [2022-10-27 22:49:48,874] {dag.py:2927} INFO - Setting next_dagrun for example_weekday_branch_operator to 2022-10-28T00:00:00+00:00, run_after=2022-10-29T00:00:00+00:00
[2022-10-27 22:49:49,195] {processor.py:161} INFO - Processing /home/nayara/Documentos/airflowalura/venv/lib/python3.9/site-packages/airflow/example_dags/example_branch_day_of_week_operator.py took 0.487 seconds
[2022-10-27 22:50:56,504] {processor.py:153} INFO - Started process (PID=54063) to work on /home/nayara/Documentos/airflowalura/venv/lib/python3.9/site-packages/airflow/example_dags/example_branch_day_of_week_operator.py
[2022-10-27 22:50:56,507] {processor.py:641} INFO - Processing file /home/nayara/Documentos/airflowalura/venv/lib/python3.9/site-packages/airflow/example_dags/example_branch_day_of_week_operator.py for tasks to queue
[2022-10-27 22:50:56,511] {logging_mixin.py:115} INFO - [2022-10-27 22:50:56,510] {dagbag.py:507} INFO - Filling up the DagBag from /home/nayara/Documentos/airflowalura/venv/lib/python3.9/site-packages/airflow/example_dags/example_branch_day_of_week_operator.py
[2022-10-27 22:50:56,543] {processor.py:651} INFO - DAG(s) dict_keys(['example_weekday_branch_operator']) retrieved from /home/nayara/Documentos/airflowalura/venv/lib/python3.9/site-packages/airflow/example_dags/example_branch_day_of_week_operator.py
[2022-10-27 22:50:56,570] {logging_mixin.py:115} INFO - [2022-10-27 22:50:56,570] {dag.py:2379} INFO - Sync 1 DAGs
[2022-10-27 22:50:56,602] {logging_mixin.py:115} INFO - [2022-10-27 22:50:56,602] {dag.py:2927} INFO - Setting next_dagrun for example_weekday_branch_operator to 2022-10-28T00:00:00+00:00, run_after=2022-10-29T00:00:00+00:00
[2022-10-27 22:50:56,823] {processor.py:161} INFO - Processing /home/nayara/Documentos/airflowalura/venv/lib/python3.9/site-packages/airflow/example_dags/example_branch_day_of_week_operator.py took 0.338 seconds
[2022-10-27 22:51:46,737] {processor.py:153} INFO - Started process (PID=54144) to work on /home/nayara/Documentos/airflowalura/venv/lib/python3.9/site-packages/airflow/example_dags/example_branch_day_of_week_operator.py
[2022-10-27 22:51:46,760] {processor.py:641} INFO - Processing file /home/nayara/Documentos/airflowalura/venv/lib/python3.9/site-packages/airflow/example_dags/example_branch_day_of_week_operator.py for tasks to queue
[2022-10-27 22:51:46,763] {logging_mixin.py:115} INFO - [2022-10-27 22:51:46,763] {dagbag.py:507} INFO - Filling up the DagBag from /home/nayara/Documentos/airflowalura/venv/lib/python3.9/site-packages/airflow/example_dags/example_branch_day_of_week_operator.py
[2022-10-27 22:51:46,809] {processor.py:651} INFO - DAG(s) dict_keys(['example_weekday_branch_operator']) retrieved from /home/nayara/Documentos/airflowalura/venv/lib/python3.9/site-packages/airflow/example_dags/example_branch_day_of_week_operator.py
[2022-10-27 22:51:46,850] {logging_mixin.py:115} INFO - [2022-10-27 22:51:46,850] {dag.py:2379} INFO - Sync 1 DAGs
[2022-10-27 22:51:46,882] {logging_mixin.py:115} INFO - [2022-10-27 22:51:46,881] {dag.py:2927} INFO - Setting next_dagrun for example_weekday_branch_operator to 2022-10-28T00:00:00+00:00, run_after=2022-10-29T00:00:00+00:00
[2022-10-27 22:51:47,113] {processor.py:161} INFO - Processing /home/nayara/Documentos/airflowalura/venv/lib/python3.9/site-packages/airflow/example_dags/example_branch_day_of_week_operator.py took 0.392 seconds
[2022-10-27 22:52:41,462] {processor.py:153} INFO - Started process (PID=54265) to work on /home/nayara/Documentos/airflowalura/venv/lib/python3.9/site-packages/airflow/example_dags/example_branch_day_of_week_operator.py
[2022-10-27 22:52:41,482] {processor.py:641} INFO - Processing file /home/nayara/Documentos/airflowalura/venv/lib/python3.9/site-packages/airflow/example_dags/example_branch_day_of_week_operator.py for tasks to queue
[2022-10-27 22:52:41,483] {logging_mixin.py:115} INFO - [2022-10-27 22:52:41,483] {dagbag.py:507} INFO - Filling up the DagBag from /home/nayara/Documentos/airflowalura/venv/lib/python3.9/site-packages/airflow/example_dags/example_branch_day_of_week_operator.py
[2022-10-27 22:52:41,495] {processor.py:651} INFO - DAG(s) dict_keys(['example_weekday_branch_operator']) retrieved from /home/nayara/Documentos/airflowalura/venv/lib/python3.9/site-packages/airflow/example_dags/example_branch_day_of_week_operator.py
[2022-10-27 22:52:41,520] {logging_mixin.py:115} INFO - [2022-10-27 22:52:41,520] {dag.py:2379} INFO - Sync 1 DAGs
[2022-10-27 22:52:41,548] {logging_mixin.py:115} INFO - [2022-10-27 22:52:41,548] {dag.py:2927} INFO - Setting next_dagrun for example_weekday_branch_operator to 2022-10-28T00:00:00+00:00, run_after=2022-10-29T00:00:00+00:00
[2022-10-27 22:52:41,913] {processor.py:161} INFO - Processing /home/nayara/Documentos/airflowalura/venv/lib/python3.9/site-packages/airflow/example_dags/example_branch_day_of_week_operator.py took 0.456 seconds
[2022-10-27 22:53:47,653] {processor.py:153} INFO - Started process (PID=54388) to work on /home/nayara/Documentos/airflowalura/venv/lib/python3.9/site-packages/airflow/example_dags/example_branch_day_of_week_operator.py
[2022-10-27 22:53:47,747] {processor.py:641} INFO - Processing file /home/nayara/Documentos/airflowalura/venv/lib/python3.9/site-packages/airflow/example_dags/example_branch_day_of_week_operator.py for tasks to queue
[2022-10-27 22:53:47,750] {logging_mixin.py:115} INFO - [2022-10-27 22:53:47,749] {dagbag.py:507} INFO - Filling up the DagBag from /home/nayara/Documentos/airflowalura/venv/lib/python3.9/site-packages/airflow/example_dags/example_branch_day_of_week_operator.py
[2022-10-27 22:53:47,803] {processor.py:651} INFO - DAG(s) dict_keys(['example_weekday_branch_operator']) retrieved from /home/nayara/Documentos/airflowalura/venv/lib/python3.9/site-packages/airflow/example_dags/example_branch_day_of_week_operator.py
[2022-10-27 22:53:47,836] {logging_mixin.py:115} INFO - [2022-10-27 22:53:47,836] {dag.py:2379} INFO - Sync 1 DAGs
[2022-10-27 22:53:47,867] {logging_mixin.py:115} INFO - [2022-10-27 22:53:47,867] {dag.py:2927} INFO - Setting next_dagrun for example_weekday_branch_operator to 2022-10-28T00:00:00+00:00, run_after=2022-10-29T00:00:00+00:00
[2022-10-27 22:53:48,241] {processor.py:161} INFO - Processing /home/nayara/Documentos/airflowalura/venv/lib/python3.9/site-packages/airflow/example_dags/example_branch_day_of_week_operator.py took 0.608 seconds
[2022-10-27 22:55:05,328] {processor.py:153} INFO - Started process (PID=54533) to work on /home/nayara/Documentos/airflowalura/venv/lib/python3.9/site-packages/airflow/example_dags/example_branch_day_of_week_operator.py
[2022-10-27 22:55:05,334] {processor.py:641} INFO - Processing file /home/nayara/Documentos/airflowalura/venv/lib/python3.9/site-packages/airflow/example_dags/example_branch_day_of_week_operator.py for tasks to queue
[2022-10-27 22:55:05,335] {logging_mixin.py:115} INFO - [2022-10-27 22:55:05,335] {dagbag.py:507} INFO - Filling up the DagBag from /home/nayara/Documentos/airflowalura/venv/lib/python3.9/site-packages/airflow/example_dags/example_branch_day_of_week_operator.py
[2022-10-27 22:55:05,348] {processor.py:651} INFO - DAG(s) dict_keys(['example_weekday_branch_operator']) retrieved from /home/nayara/Documentos/airflowalura/venv/lib/python3.9/site-packages/airflow/example_dags/example_branch_day_of_week_operator.py
[2022-10-27 22:55:05,371] {logging_mixin.py:115} INFO - [2022-10-27 22:55:05,371] {dag.py:2379} INFO - Sync 1 DAGs
[2022-10-27 22:55:05,395] {logging_mixin.py:115} INFO - [2022-10-27 22:55:05,395] {dag.py:2927} INFO - Setting next_dagrun for example_weekday_branch_operator to 2022-10-28T00:00:00+00:00, run_after=2022-10-29T00:00:00+00:00
[2022-10-27 22:55:05,811] {processor.py:161} INFO - Processing /home/nayara/Documentos/airflowalura/venv/lib/python3.9/site-packages/airflow/example_dags/example_branch_day_of_week_operator.py took 0.496 seconds
[2022-10-27 22:55:59,715] {processor.py:153} INFO - Started process (PID=54653) to work on /home/nayara/Documentos/airflowalura/venv/lib/python3.9/site-packages/airflow/example_dags/example_branch_day_of_week_operator.py
[2022-10-27 22:55:59,718] {processor.py:641} INFO - Processing file /home/nayara/Documentos/airflowalura/venv/lib/python3.9/site-packages/airflow/example_dags/example_branch_day_of_week_operator.py for tasks to queue
[2022-10-27 22:55:59,723] {logging_mixin.py:115} INFO - [2022-10-27 22:55:59,722] {dagbag.py:507} INFO - Filling up the DagBag from /home/nayara/Documentos/airflowalura/venv/lib/python3.9/site-packages/airflow/example_dags/example_branch_day_of_week_operator.py
[2022-10-27 22:55:59,749] {processor.py:651} INFO - DAG(s) dict_keys(['example_weekday_branch_operator']) retrieved from /home/nayara/Documentos/airflowalura/venv/lib/python3.9/site-packages/airflow/example_dags/example_branch_day_of_week_operator.py
[2022-10-27 22:55:59,773] {logging_mixin.py:115} INFO - [2022-10-27 22:55:59,773] {dag.py:2379} INFO - Sync 1 DAGs
[2022-10-27 22:55:59,803] {logging_mixin.py:115} INFO - [2022-10-27 22:55:59,803] {dag.py:2927} INFO - Setting next_dagrun for example_weekday_branch_operator to 2022-10-28T00:00:00+00:00, run_after=2022-10-29T00:00:00+00:00
[2022-10-27 22:56:00,068] {processor.py:161} INFO - Processing /home/nayara/Documentos/airflowalura/venv/lib/python3.9/site-packages/airflow/example_dags/example_branch_day_of_week_operator.py took 0.371 seconds
