[2022-10-27 22:17:04,529] {processor.py:153} INFO - Started process (PID=49167) to work on /home/nayara/Documentos/airflowalura/venv/lib/python3.9/site-packages/airflow/example_dags/example_branch_labels.py
[2022-10-27 22:17:04,566] {processor.py:641} INFO - Processing file /home/nayara/Documentos/airflowalura/venv/lib/python3.9/site-packages/airflow/example_dags/example_branch_labels.py for tasks to queue
[2022-10-27 22:17:04,568] {logging_mixin.py:115} INFO - [2022-10-27 22:17:04,568] {dagbag.py:507} INFO - Filling up the DagBag from /home/nayara/Documentos/airflowalura/venv/lib/python3.9/site-packages/airflow/example_dags/example_branch_labels.py
[2022-10-27 22:17:04,851] {processor.py:651} INFO - DAG(s) dict_keys(['example_branch_labels']) retrieved from /home/nayara/Documentos/airflowalura/venv/lib/python3.9/site-packages/airflow/example_dags/example_branch_labels.py
[2022-10-27 22:17:06,613] {logging_mixin.py:115} INFO - [2022-10-27 22:17:06,613] {manager.py:508} INFO - Created Permission View: can read on DAG:example_branch_labels
[2022-10-27 22:17:07,042] {logging_mixin.py:115} INFO - [2022-10-27 22:17:07,041] {manager.py:508} INFO - Created Permission View: can delete on DAG:example_branch_labels
[2022-10-27 22:17:07,508] {logging_mixin.py:115} INFO - [2022-10-27 22:17:07,507] {manager.py:508} INFO - Created Permission View: can edit on DAG:example_branch_labels
[2022-10-27 22:17:07,509] {logging_mixin.py:115} INFO - [2022-10-27 22:17:07,509] {dag.py:2379} INFO - Sync 1 DAGs
[2022-10-27 22:17:07,522] {logging_mixin.py:115} INFO - [2022-10-27 22:17:07,522] {dag.py:2398} INFO - Creating ORM DAG for example_branch_labels
[2022-10-27 22:17:07,534] {logging_mixin.py:115} INFO - [2022-10-27 22:17:07,534] {dag.py:2927} INFO - Setting next_dagrun for example_branch_labels to 2022-10-27T00:00:00+00:00, run_after=2022-10-28T00:00:00+00:00
[2022-10-27 22:17:08,164] {processor.py:161} INFO - Processing /home/nayara/Documentos/airflowalura/venv/lib/python3.9/site-packages/airflow/example_dags/example_branch_labels.py took 3.648 seconds
[2022-10-27 22:18:18,217] {processor.py:153} INFO - Started process (PID=49305) to work on /home/nayara/Documentos/airflowalura/venv/lib/python3.9/site-packages/airflow/example_dags/example_branch_labels.py
[2022-10-27 22:18:18,247] {processor.py:641} INFO - Processing file /home/nayara/Documentos/airflowalura/venv/lib/python3.9/site-packages/airflow/example_dags/example_branch_labels.py for tasks to queue
[2022-10-27 22:18:18,248] {logging_mixin.py:115} INFO - [2022-10-27 22:18:18,248] {dagbag.py:507} INFO - Filling up the DagBag from /home/nayara/Documentos/airflowalura/venv/lib/python3.9/site-packages/airflow/example_dags/example_branch_labels.py
[2022-10-27 22:18:18,264] {processor.py:651} INFO - DAG(s) dict_keys(['example_branch_labels']) retrieved from /home/nayara/Documentos/airflowalura/venv/lib/python3.9/site-packages/airflow/example_dags/example_branch_labels.py
[2022-10-27 22:18:18,291] {logging_mixin.py:115} INFO - [2022-10-27 22:18:18,291] {dag.py:2379} INFO - Sync 1 DAGs
[2022-10-27 22:18:18,318] {logging_mixin.py:115} INFO - [2022-10-27 22:18:18,318] {dag.py:2927} INFO - Setting next_dagrun for example_branch_labels to 2022-10-27T00:00:00+00:00, run_after=2022-10-28T00:00:00+00:00
[2022-10-27 22:18:18,609] {processor.py:161} INFO - Processing /home/nayara/Documentos/airflowalura/venv/lib/python3.9/site-packages/airflow/example_dags/example_branch_labels.py took 0.399 seconds
[2022-10-27 22:19:36,804] {processor.py:153} INFO - Started process (PID=49721) to work on /home/nayara/Documentos/airflowalura/venv/lib/python3.9/site-packages/airflow/example_dags/example_branch_labels.py
[2022-10-27 22:19:36,891] {processor.py:641} INFO - Processing file /home/nayara/Documentos/airflowalura/venv/lib/python3.9/site-packages/airflow/example_dags/example_branch_labels.py for tasks to queue
[2022-10-27 22:19:36,892] {logging_mixin.py:115} INFO - [2022-10-27 22:19:36,892] {dagbag.py:507} INFO - Filling up the DagBag from /home/nayara/Documentos/airflowalura/venv/lib/python3.9/site-packages/airflow/example_dags/example_branch_labels.py
[2022-10-27 22:19:36,901] {processor.py:651} INFO - DAG(s) dict_keys(['example_branch_labels']) retrieved from /home/nayara/Documentos/airflowalura/venv/lib/python3.9/site-packages/airflow/example_dags/example_branch_labels.py
[2022-10-27 22:19:39,571] {logging_mixin.py:115} INFO - [2022-10-27 22:19:39,571] {dag.py:2379} INFO - Sync 1 DAGs
[2022-10-27 22:19:40,875] {logging_mixin.py:115} INFO - [2022-10-27 22:19:40,875] {dag.py:2927} INFO - Setting next_dagrun for example_branch_labels to 2022-10-27T00:00:00+00:00, run_after=2022-10-28T00:00:00+00:00
[2022-10-27 22:19:42,109] {processor.py:161} INFO - Processing /home/nayara/Documentos/airflowalura/venv/lib/python3.9/site-packages/airflow/example_dags/example_branch_labels.py took 5.309 seconds
[2022-10-27 22:20:44,446] {processor.py:153} INFO - Started process (PID=49899) to work on /home/nayara/Documentos/airflowalura/venv/lib/python3.9/site-packages/airflow/example_dags/example_branch_labels.py
[2022-10-27 22:20:44,469] {processor.py:641} INFO - Processing file /home/nayara/Documentos/airflowalura/venv/lib/python3.9/site-packages/airflow/example_dags/example_branch_labels.py for tasks to queue
[2022-10-27 22:20:44,473] {logging_mixin.py:115} INFO - [2022-10-27 22:20:44,473] {dagbag.py:507} INFO - Filling up the DagBag from /home/nayara/Documentos/airflowalura/venv/lib/python3.9/site-packages/airflow/example_dags/example_branch_labels.py
[2022-10-27 22:20:44,512] {processor.py:651} INFO - DAG(s) dict_keys(['example_branch_labels']) retrieved from /home/nayara/Documentos/airflowalura/venv/lib/python3.9/site-packages/airflow/example_dags/example_branch_labels.py
[2022-10-27 22:20:44,550] {logging_mixin.py:115} INFO - [2022-10-27 22:20:44,550] {dag.py:2379} INFO - Sync 1 DAGs
[2022-10-27 22:20:44,583] {logging_mixin.py:115} INFO - [2022-10-27 22:20:44,582] {dag.py:2927} INFO - Setting next_dagrun for example_branch_labels to 2022-10-27T00:00:00+00:00, run_after=2022-10-28T00:00:00+00:00
[2022-10-27 22:20:44,810] {processor.py:161} INFO - Processing /home/nayara/Documentos/airflowalura/venv/lib/python3.9/site-packages/airflow/example_dags/example_branch_labels.py took 0.373 seconds
[2022-10-27 22:21:43,550] {processor.py:153} INFO - Started process (PID=50023) to work on /home/nayara/Documentos/airflowalura/venv/lib/python3.9/site-packages/airflow/example_dags/example_branch_labels.py
[2022-10-27 22:21:43,577] {processor.py:641} INFO - Processing file /home/nayara/Documentos/airflowalura/venv/lib/python3.9/site-packages/airflow/example_dags/example_branch_labels.py for tasks to queue
[2022-10-27 22:21:43,578] {logging_mixin.py:115} INFO - [2022-10-27 22:21:43,578] {dagbag.py:507} INFO - Filling up the DagBag from /home/nayara/Documentos/airflowalura/venv/lib/python3.9/site-packages/airflow/example_dags/example_branch_labels.py
[2022-10-27 22:21:43,586] {processor.py:651} INFO - DAG(s) dict_keys(['example_branch_labels']) retrieved from /home/nayara/Documentos/airflowalura/venv/lib/python3.9/site-packages/airflow/example_dags/example_branch_labels.py
[2022-10-27 22:21:43,611] {logging_mixin.py:115} INFO - [2022-10-27 22:21:43,611] {dag.py:2379} INFO - Sync 1 DAGs
[2022-10-27 22:21:43,641] {logging_mixin.py:115} INFO - [2022-10-27 22:21:43,641] {dag.py:2927} INFO - Setting next_dagrun for example_branch_labels to 2022-10-27T00:00:00+00:00, run_after=2022-10-28T00:00:00+00:00
[2022-10-27 22:21:43,875] {processor.py:161} INFO - Processing /home/nayara/Documentos/airflowalura/venv/lib/python3.9/site-packages/airflow/example_dags/example_branch_labels.py took 0.330 seconds
[2022-10-27 22:22:47,654] {processor.py:153} INFO - Started process (PID=50184) to work on /home/nayara/Documentos/airflowalura/venv/lib/python3.9/site-packages/airflow/example_dags/example_branch_labels.py
[2022-10-27 22:22:47,675] {processor.py:641} INFO - Processing file /home/nayara/Documentos/airflowalura/venv/lib/python3.9/site-packages/airflow/example_dags/example_branch_labels.py for tasks to queue
[2022-10-27 22:22:47,677] {logging_mixin.py:115} INFO - [2022-10-27 22:22:47,677] {dagbag.py:507} INFO - Filling up the DagBag from /home/nayara/Documentos/airflowalura/venv/lib/python3.9/site-packages/airflow/example_dags/example_branch_labels.py
[2022-10-27 22:22:47,702] {processor.py:651} INFO - DAG(s) dict_keys(['example_branch_labels']) retrieved from /home/nayara/Documentos/airflowalura/venv/lib/python3.9/site-packages/airflow/example_dags/example_branch_labels.py
[2022-10-27 22:22:47,750] {logging_mixin.py:115} INFO - [2022-10-27 22:22:47,750] {dag.py:2379} INFO - Sync 1 DAGs
[2022-10-27 22:22:47,790] {logging_mixin.py:115} INFO - [2022-10-27 22:22:47,790] {dag.py:2927} INFO - Setting next_dagrun for example_branch_labels to 2022-10-27T00:00:00+00:00, run_after=2022-10-28T00:00:00+00:00
[2022-10-27 22:22:48,069] {processor.py:161} INFO - Processing /home/nayara/Documentos/airflowalura/venv/lib/python3.9/site-packages/airflow/example_dags/example_branch_labels.py took 0.427 seconds
[2022-10-27 22:23:47,176] {processor.py:153} INFO - Started process (PID=50322) to work on /home/nayara/Documentos/airflowalura/venv/lib/python3.9/site-packages/airflow/example_dags/example_branch_labels.py
[2022-10-27 22:23:47,198] {processor.py:641} INFO - Processing file /home/nayara/Documentos/airflowalura/venv/lib/python3.9/site-packages/airflow/example_dags/example_branch_labels.py for tasks to queue
[2022-10-27 22:23:47,199] {logging_mixin.py:115} INFO - [2022-10-27 22:23:47,198] {dagbag.py:507} INFO - Filling up the DagBag from /home/nayara/Documentos/airflowalura/venv/lib/python3.9/site-packages/airflow/example_dags/example_branch_labels.py
[2022-10-27 22:23:47,206] {processor.py:651} INFO - DAG(s) dict_keys(['example_branch_labels']) retrieved from /home/nayara/Documentos/airflowalura/venv/lib/python3.9/site-packages/airflow/example_dags/example_branch_labels.py
[2022-10-27 22:23:47,242] {logging_mixin.py:115} INFO - [2022-10-27 22:23:47,242] {dag.py:2379} INFO - Sync 1 DAGs
[2022-10-27 22:23:47,268] {logging_mixin.py:115} INFO - [2022-10-27 22:23:47,267] {dag.py:2927} INFO - Setting next_dagrun for example_branch_labels to 2022-10-27T00:00:00+00:00, run_after=2022-10-28T00:00:00+00:00
[2022-10-27 22:23:47,498] {processor.py:161} INFO - Processing /home/nayara/Documentos/airflowalura/venv/lib/python3.9/site-packages/airflow/example_dags/example_branch_labels.py took 0.326 seconds
[2022-10-27 22:24:44,598] {processor.py:153} INFO - Started process (PID=50447) to work on /home/nayara/Documentos/airflowalura/venv/lib/python3.9/site-packages/airflow/example_dags/example_branch_labels.py
[2022-10-27 22:24:44,612] {processor.py:641} INFO - Processing file /home/nayara/Documentos/airflowalura/venv/lib/python3.9/site-packages/airflow/example_dags/example_branch_labels.py for tasks to queue
[2022-10-27 22:24:44,613] {logging_mixin.py:115} INFO - [2022-10-27 22:24:44,613] {dagbag.py:507} INFO - Filling up the DagBag from /home/nayara/Documentos/airflowalura/venv/lib/python3.9/site-packages/airflow/example_dags/example_branch_labels.py
[2022-10-27 22:24:44,624] {processor.py:651} INFO - DAG(s) dict_keys(['example_branch_labels']) retrieved from /home/nayara/Documentos/airflowalura/venv/lib/python3.9/site-packages/airflow/example_dags/example_branch_labels.py
[2022-10-27 22:24:44,655] {logging_mixin.py:115} INFO - [2022-10-27 22:24:44,654] {dag.py:2379} INFO - Sync 1 DAGs
[2022-10-27 22:24:44,703] {logging_mixin.py:115} INFO - [2022-10-27 22:24:44,702] {dag.py:2927} INFO - Setting next_dagrun for example_branch_labels to 2022-10-27T00:00:00+00:00, run_after=2022-10-28T00:00:00+00:00
[2022-10-27 22:24:44,940] {processor.py:161} INFO - Processing /home/nayara/Documentos/airflowalura/venv/lib/python3.9/site-packages/airflow/example_dags/example_branch_labels.py took 0.351 seconds
[2022-10-27 22:26:07,106] {processor.py:153} INFO - Started process (PID=50622) to work on /home/nayara/Documentos/airflowalura/venv/lib/python3.9/site-packages/airflow/example_dags/example_branch_labels.py
[2022-10-27 22:26:07,140] {processor.py:641} INFO - Processing file /home/nayara/Documentos/airflowalura/venv/lib/python3.9/site-packages/airflow/example_dags/example_branch_labels.py for tasks to queue
[2022-10-27 22:26:07,141] {logging_mixin.py:115} INFO - [2022-10-27 22:26:07,141] {dagbag.py:507} INFO - Filling up the DagBag from /home/nayara/Documentos/airflowalura/venv/lib/python3.9/site-packages/airflow/example_dags/example_branch_labels.py
[2022-10-27 22:26:07,153] {processor.py:651} INFO - DAG(s) dict_keys(['example_branch_labels']) retrieved from /home/nayara/Documentos/airflowalura/venv/lib/python3.9/site-packages/airflow/example_dags/example_branch_labels.py
[2022-10-27 22:26:07,177] {logging_mixin.py:115} INFO - [2022-10-27 22:26:07,177] {dag.py:2379} INFO - Sync 1 DAGs
[2022-10-27 22:26:07,212] {logging_mixin.py:115} INFO - [2022-10-27 22:26:07,212] {dag.py:2927} INFO - Setting next_dagrun for example_branch_labels to 2022-10-27T00:00:00+00:00, run_after=2022-10-28T00:00:00+00:00
[2022-10-27 22:26:07,652] {processor.py:161} INFO - Processing /home/nayara/Documentos/airflowalura/venv/lib/python3.9/site-packages/airflow/example_dags/example_branch_labels.py took 0.552 seconds
[2022-10-27 22:26:58,834] {processor.py:153} INFO - Started process (PID=50747) to work on /home/nayara/Documentos/airflowalura/venv/lib/python3.9/site-packages/airflow/example_dags/example_branch_labels.py
[2022-10-27 22:26:58,902] {processor.py:641} INFO - Processing file /home/nayara/Documentos/airflowalura/venv/lib/python3.9/site-packages/airflow/example_dags/example_branch_labels.py for tasks to queue
[2022-10-27 22:26:58,906] {logging_mixin.py:115} INFO - [2022-10-27 22:26:58,906] {dagbag.py:507} INFO - Filling up the DagBag from /home/nayara/Documentos/airflowalura/venv/lib/python3.9/site-packages/airflow/example_dags/example_branch_labels.py
[2022-10-27 22:26:58,930] {processor.py:651} INFO - DAG(s) dict_keys(['example_branch_labels']) retrieved from /home/nayara/Documentos/airflowalura/venv/lib/python3.9/site-packages/airflow/example_dags/example_branch_labels.py
[2022-10-27 22:26:58,963] {logging_mixin.py:115} INFO - [2022-10-27 22:26:58,963] {dag.py:2379} INFO - Sync 1 DAGs
[2022-10-27 22:26:59,000] {logging_mixin.py:115} INFO - [2022-10-27 22:26:59,000] {dag.py:2927} INFO - Setting next_dagrun for example_branch_labels to 2022-10-27T00:00:00+00:00, run_after=2022-10-28T00:00:00+00:00
[2022-10-27 22:26:59,215] {processor.py:161} INFO - Processing /home/nayara/Documentos/airflowalura/venv/lib/python3.9/site-packages/airflow/example_dags/example_branch_labels.py took 0.401 seconds
[2022-10-27 22:28:04,779] {processor.py:153} INFO - Started process (PID=50969) to work on /home/nayara/Documentos/airflowalura/venv/lib/python3.9/site-packages/airflow/example_dags/example_branch_labels.py
[2022-10-27 22:28:04,781] {processor.py:641} INFO - Processing file /home/nayara/Documentos/airflowalura/venv/lib/python3.9/site-packages/airflow/example_dags/example_branch_labels.py for tasks to queue
[2022-10-27 22:28:04,784] {logging_mixin.py:115} INFO - [2022-10-27 22:28:04,783] {dagbag.py:507} INFO - Filling up the DagBag from /home/nayara/Documentos/airflowalura/venv/lib/python3.9/site-packages/airflow/example_dags/example_branch_labels.py
[2022-10-27 22:28:04,811] {processor.py:651} INFO - DAG(s) dict_keys(['example_branch_labels']) retrieved from /home/nayara/Documentos/airflowalura/venv/lib/python3.9/site-packages/airflow/example_dags/example_branch_labels.py
[2022-10-27 22:28:04,855] {logging_mixin.py:115} INFO - [2022-10-27 22:28:04,855] {dag.py:2379} INFO - Sync 1 DAGs
[2022-10-27 22:28:04,888] {logging_mixin.py:115} INFO - [2022-10-27 22:28:04,888] {dag.py:2927} INFO - Setting next_dagrun for example_branch_labels to 2022-10-27T00:00:00+00:00, run_after=2022-10-28T00:00:00+00:00
[2022-10-27 22:28:05,356] {processor.py:161} INFO - Processing /home/nayara/Documentos/airflowalura/venv/lib/python3.9/site-packages/airflow/example_dags/example_branch_labels.py took 0.592 seconds
[2022-10-27 22:28:57,085] {processor.py:153} INFO - Started process (PID=51085) to work on /home/nayara/Documentos/airflowalura/venv/lib/python3.9/site-packages/airflow/example_dags/example_branch_labels.py
[2022-10-27 22:28:57,117] {processor.py:641} INFO - Processing file /home/nayara/Documentos/airflowalura/venv/lib/python3.9/site-packages/airflow/example_dags/example_branch_labels.py for tasks to queue
[2022-10-27 22:28:57,118] {logging_mixin.py:115} INFO - [2022-10-27 22:28:57,118] {dagbag.py:507} INFO - Filling up the DagBag from /home/nayara/Documentos/airflowalura/venv/lib/python3.9/site-packages/airflow/example_dags/example_branch_labels.py
[2022-10-27 22:28:57,132] {processor.py:651} INFO - DAG(s) dict_keys(['example_branch_labels']) retrieved from /home/nayara/Documentos/airflowalura/venv/lib/python3.9/site-packages/airflow/example_dags/example_branch_labels.py
[2022-10-27 22:28:57,383] {logging_mixin.py:115} INFO - [2022-10-27 22:28:57,383] {dag.py:2379} INFO - Sync 1 DAGs
[2022-10-27 22:28:57,441] {logging_mixin.py:115} INFO - [2022-10-27 22:28:57,441] {dag.py:2927} INFO - Setting next_dagrun for example_branch_labels to 2022-10-27T00:00:00+00:00, run_after=2022-10-28T00:00:00+00:00
[2022-10-27 22:28:57,930] {processor.py:161} INFO - Processing /home/nayara/Documentos/airflowalura/venv/lib/python3.9/site-packages/airflow/example_dags/example_branch_labels.py took 0.853 seconds
[2022-10-27 22:30:05,551] {processor.py:153} INFO - Started process (PID=51218) to work on /home/nayara/Documentos/airflowalura/venv/lib/python3.9/site-packages/airflow/example_dags/example_branch_labels.py
[2022-10-27 22:30:05,591] {processor.py:641} INFO - Processing file /home/nayara/Documentos/airflowalura/venv/lib/python3.9/site-packages/airflow/example_dags/example_branch_labels.py for tasks to queue
[2022-10-27 22:30:05,593] {logging_mixin.py:115} INFO - [2022-10-27 22:30:05,593] {dagbag.py:507} INFO - Filling up the DagBag from /home/nayara/Documentos/airflowalura/venv/lib/python3.9/site-packages/airflow/example_dags/example_branch_labels.py
[2022-10-27 22:30:05,618] {processor.py:651} INFO - DAG(s) dict_keys(['example_branch_labels']) retrieved from /home/nayara/Documentos/airflowalura/venv/lib/python3.9/site-packages/airflow/example_dags/example_branch_labels.py
[2022-10-27 22:30:05,643] {logging_mixin.py:115} INFO - [2022-10-27 22:30:05,643] {dag.py:2379} INFO - Sync 1 DAGs
[2022-10-27 22:30:05,669] {logging_mixin.py:115} INFO - [2022-10-27 22:30:05,669] {dag.py:2927} INFO - Setting next_dagrun for example_branch_labels to 2022-10-27T00:00:00+00:00, run_after=2022-10-28T00:00:00+00:00
[2022-10-27 22:30:06,080] {processor.py:161} INFO - Processing /home/nayara/Documentos/airflowalura/venv/lib/python3.9/site-packages/airflow/example_dags/example_branch_labels.py took 0.543 seconds
[2022-10-27 22:31:05,193] {processor.py:153} INFO - Started process (PID=51322) to work on /home/nayara/Documentos/airflowalura/venv/lib/python3.9/site-packages/airflow/example_dags/example_branch_labels.py
[2022-10-27 22:31:05,216] {processor.py:641} INFO - Processing file /home/nayara/Documentos/airflowalura/venv/lib/python3.9/site-packages/airflow/example_dags/example_branch_labels.py for tasks to queue
[2022-10-27 22:31:05,217] {logging_mixin.py:115} INFO - [2022-10-27 22:31:05,217] {dagbag.py:507} INFO - Filling up the DagBag from /home/nayara/Documentos/airflowalura/venv/lib/python3.9/site-packages/airflow/example_dags/example_branch_labels.py
[2022-10-27 22:31:05,228] {processor.py:651} INFO - DAG(s) dict_keys(['example_branch_labels']) retrieved from /home/nayara/Documentos/airflowalura/venv/lib/python3.9/site-packages/airflow/example_dags/example_branch_labels.py
[2022-10-27 22:31:05,251] {logging_mixin.py:115} INFO - [2022-10-27 22:31:05,251] {dag.py:2379} INFO - Sync 1 DAGs
[2022-10-27 22:31:05,278] {logging_mixin.py:115} INFO - [2022-10-27 22:31:05,278] {dag.py:2927} INFO - Setting next_dagrun for example_branch_labels to 2022-10-27T00:00:00+00:00, run_after=2022-10-28T00:00:00+00:00
[2022-10-27 22:31:05,493] {processor.py:161} INFO - Processing /home/nayara/Documentos/airflowalura/venv/lib/python3.9/site-packages/airflow/example_dags/example_branch_labels.py took 0.311 seconds
[2022-10-27 22:33:01,123] {processor.py:153} INFO - Started process (PID=51592) to work on /home/nayara/Documentos/airflowalura/venv/lib/python3.9/site-packages/airflow/example_dags/example_branch_labels.py
[2022-10-27 22:33:01,220] {processor.py:641} INFO - Processing file /home/nayara/Documentos/airflowalura/venv/lib/python3.9/site-packages/airflow/example_dags/example_branch_labels.py for tasks to queue
[2022-10-27 22:33:01,221] {logging_mixin.py:115} INFO - [2022-10-27 22:33:01,221] {dagbag.py:507} INFO - Filling up the DagBag from /home/nayara/Documentos/airflowalura/venv/lib/python3.9/site-packages/airflow/example_dags/example_branch_labels.py
[2022-10-27 22:33:01,228] {processor.py:651} INFO - DAG(s) dict_keys(['example_branch_labels']) retrieved from /home/nayara/Documentos/airflowalura/venv/lib/python3.9/site-packages/airflow/example_dags/example_branch_labels.py
[2022-10-27 22:33:02,112] {logging_mixin.py:115} INFO - [2022-10-27 22:33:02,112] {dag.py:2379} INFO - Sync 1 DAGs
[2022-10-27 22:33:02,157] {logging_mixin.py:115} INFO - [2022-10-27 22:33:02,157] {dag.py:2927} INFO - Setting next_dagrun for example_branch_labels to 2022-10-27T00:00:00+00:00, run_after=2022-10-28T00:00:00+00:00
[2022-10-27 22:33:02,519] {processor.py:161} INFO - Processing /home/nayara/Documentos/airflowalura/venv/lib/python3.9/site-packages/airflow/example_dags/example_branch_labels.py took 1.400 seconds
[2022-10-27 22:34:03,456] {processor.py:153} INFO - Started process (PID=51714) to work on /home/nayara/Documentos/airflowalura/venv/lib/python3.9/site-packages/airflow/example_dags/example_branch_labels.py
[2022-10-27 22:34:03,488] {processor.py:641} INFO - Processing file /home/nayara/Documentos/airflowalura/venv/lib/python3.9/site-packages/airflow/example_dags/example_branch_labels.py for tasks to queue
[2022-10-27 22:34:03,490] {logging_mixin.py:115} INFO - [2022-10-27 22:34:03,489] {dagbag.py:507} INFO - Filling up the DagBag from /home/nayara/Documentos/airflowalura/venv/lib/python3.9/site-packages/airflow/example_dags/example_branch_labels.py
[2022-10-27 22:34:03,507] {processor.py:651} INFO - DAG(s) dict_keys(['example_branch_labels']) retrieved from /home/nayara/Documentos/airflowalura/venv/lib/python3.9/site-packages/airflow/example_dags/example_branch_labels.py
[2022-10-27 22:34:03,566] {logging_mixin.py:115} INFO - [2022-10-27 22:34:03,566] {dag.py:2379} INFO - Sync 1 DAGs
[2022-10-27 22:34:03,596] {logging_mixin.py:115} INFO - [2022-10-27 22:34:03,596] {dag.py:2927} INFO - Setting next_dagrun for example_branch_labels to 2022-10-27T00:00:00+00:00, run_after=2022-10-28T00:00:00+00:00
[2022-10-27 22:34:03,898] {processor.py:161} INFO - Processing /home/nayara/Documentos/airflowalura/venv/lib/python3.9/site-packages/airflow/example_dags/example_branch_labels.py took 0.448 seconds
[2022-10-27 22:35:00,603] {processor.py:153} INFO - Started process (PID=51808) to work on /home/nayara/Documentos/airflowalura/venv/lib/python3.9/site-packages/airflow/example_dags/example_branch_labels.py
[2022-10-27 22:35:00,621] {processor.py:641} INFO - Processing file /home/nayara/Documentos/airflowalura/venv/lib/python3.9/site-packages/airflow/example_dags/example_branch_labels.py for tasks to queue
[2022-10-27 22:35:00,622] {logging_mixin.py:115} INFO - [2022-10-27 22:35:00,622] {dagbag.py:507} INFO - Filling up the DagBag from /home/nayara/Documentos/airflowalura/venv/lib/python3.9/site-packages/airflow/example_dags/example_branch_labels.py
[2022-10-27 22:35:00,633] {processor.py:651} INFO - DAG(s) dict_keys(['example_branch_labels']) retrieved from /home/nayara/Documentos/airflowalura/venv/lib/python3.9/site-packages/airflow/example_dags/example_branch_labels.py
[2022-10-27 22:35:00,663] {logging_mixin.py:115} INFO - [2022-10-27 22:35:00,662] {dag.py:2379} INFO - Sync 1 DAGs
[2022-10-27 22:35:00,685] {logging_mixin.py:115} INFO - [2022-10-27 22:35:00,685] {dag.py:2927} INFO - Setting next_dagrun for example_branch_labels to 2022-10-27T00:00:00+00:00, run_after=2022-10-28T00:00:00+00:00
[2022-10-27 22:35:00,995] {processor.py:161} INFO - Processing /home/nayara/Documentos/airflowalura/venv/lib/python3.9/site-packages/airflow/example_dags/example_branch_labels.py took 0.404 seconds
[2022-10-27 22:35:57,437] {processor.py:153} INFO - Started process (PID=51895) to work on /home/nayara/Documentos/airflowalura/venv/lib/python3.9/site-packages/airflow/example_dags/example_branch_labels.py
[2022-10-27 22:35:57,448] {processor.py:641} INFO - Processing file /home/nayara/Documentos/airflowalura/venv/lib/python3.9/site-packages/airflow/example_dags/example_branch_labels.py for tasks to queue
[2022-10-27 22:35:57,449] {logging_mixin.py:115} INFO - [2022-10-27 22:35:57,449] {dagbag.py:507} INFO - Filling up the DagBag from /home/nayara/Documentos/airflowalura/venv/lib/python3.9/site-packages/airflow/example_dags/example_branch_labels.py
[2022-10-27 22:35:57,456] {processor.py:651} INFO - DAG(s) dict_keys(['example_branch_labels']) retrieved from /home/nayara/Documentos/airflowalura/venv/lib/python3.9/site-packages/airflow/example_dags/example_branch_labels.py
[2022-10-27 22:35:57,480] {logging_mixin.py:115} INFO - [2022-10-27 22:35:57,480] {dag.py:2379} INFO - Sync 1 DAGs
[2022-10-27 22:35:57,502] {logging_mixin.py:115} INFO - [2022-10-27 22:35:57,502] {dag.py:2927} INFO - Setting next_dagrun for example_branch_labels to 2022-10-27T00:00:00+00:00, run_after=2022-10-28T00:00:00+00:00
[2022-10-27 22:35:57,814] {processor.py:161} INFO - Processing /home/nayara/Documentos/airflowalura/venv/lib/python3.9/site-packages/airflow/example_dags/example_branch_labels.py took 0.382 seconds
[2022-10-27 22:37:15,538] {processor.py:153} INFO - Started process (PID=52246) to work on /home/nayara/Documentos/airflowalura/venv/lib/python3.9/site-packages/airflow/example_dags/example_branch_labels.py
[2022-10-27 22:37:15,657] {processor.py:641} INFO - Processing file /home/nayara/Documentos/airflowalura/venv/lib/python3.9/site-packages/airflow/example_dags/example_branch_labels.py for tasks to queue
[2022-10-27 22:37:15,659] {logging_mixin.py:115} INFO - [2022-10-27 22:37:15,658] {dagbag.py:507} INFO - Filling up the DagBag from /home/nayara/Documentos/airflowalura/venv/lib/python3.9/site-packages/airflow/example_dags/example_branch_labels.py
[2022-10-27 22:37:15,685] {processor.py:651} INFO - DAG(s) dict_keys(['example_branch_labels']) retrieved from /home/nayara/Documentos/airflowalura/venv/lib/python3.9/site-packages/airflow/example_dags/example_branch_labels.py
[2022-10-27 22:37:15,713] {logging_mixin.py:115} INFO - [2022-10-27 22:37:15,713] {dag.py:2379} INFO - Sync 1 DAGs
[2022-10-27 22:37:15,742] {logging_mixin.py:115} INFO - [2022-10-27 22:37:15,742] {dag.py:2927} INFO - Setting next_dagrun for example_branch_labels to 2022-10-27T00:00:00+00:00, run_after=2022-10-28T00:00:00+00:00
[2022-10-27 22:37:16,740] {processor.py:161} INFO - Processing /home/nayara/Documentos/airflowalura/venv/lib/python3.9/site-packages/airflow/example_dags/example_branch_labels.py took 1.207 seconds
[2022-10-27 22:39:00,027] {processor.py:153} INFO - Started process (PID=52546) to work on /home/nayara/Documentos/airflowalura/venv/lib/python3.9/site-packages/airflow/example_dags/example_branch_labels.py
[2022-10-27 22:39:00,046] {processor.py:641} INFO - Processing file /home/nayara/Documentos/airflowalura/venv/lib/python3.9/site-packages/airflow/example_dags/example_branch_labels.py for tasks to queue
[2022-10-27 22:39:00,051] {logging_mixin.py:115} INFO - [2022-10-27 22:39:00,050] {dagbag.py:507} INFO - Filling up the DagBag from /home/nayara/Documentos/airflowalura/venv/lib/python3.9/site-packages/airflow/example_dags/example_branch_labels.py
[2022-10-27 22:39:00,092] {processor.py:651} INFO - DAG(s) dict_keys(['example_branch_labels']) retrieved from /home/nayara/Documentos/airflowalura/venv/lib/python3.9/site-packages/airflow/example_dags/example_branch_labels.py
[2022-10-27 22:39:00,127] {logging_mixin.py:115} INFO - [2022-10-27 22:39:00,127] {dag.py:2379} INFO - Sync 1 DAGs
[2022-10-27 22:39:00,159] {logging_mixin.py:115} INFO - [2022-10-27 22:39:00,159] {dag.py:2927} INFO - Setting next_dagrun for example_branch_labels to 2022-10-27T00:00:00+00:00, run_after=2022-10-28T00:00:00+00:00
[2022-10-27 22:39:00,441] {processor.py:161} INFO - Processing /home/nayara/Documentos/airflowalura/venv/lib/python3.9/site-packages/airflow/example_dags/example_branch_labels.py took 0.433 seconds
[2022-10-27 22:40:37,862] {processor.py:153} INFO - Started process (PID=52762) to work on /home/nayara/Documentos/airflowalura/venv/lib/python3.9/site-packages/airflow/example_dags/example_branch_labels.py
[2022-10-27 22:40:38,010] {processor.py:641} INFO - Processing file /home/nayara/Documentos/airflowalura/venv/lib/python3.9/site-packages/airflow/example_dags/example_branch_labels.py for tasks to queue
[2022-10-27 22:40:38,011] {logging_mixin.py:115} INFO - [2022-10-27 22:40:38,011] {dagbag.py:507} INFO - Filling up the DagBag from /home/nayara/Documentos/airflowalura/venv/lib/python3.9/site-packages/airflow/example_dags/example_branch_labels.py
[2022-10-27 22:40:38,025] {processor.py:651} INFO - DAG(s) dict_keys(['example_branch_labels']) retrieved from /home/nayara/Documentos/airflowalura/venv/lib/python3.9/site-packages/airflow/example_dags/example_branch_labels.py
[2022-10-27 22:40:38,655] {logging_mixin.py:115} INFO - [2022-10-27 22:40:38,655] {dag.py:2379} INFO - Sync 1 DAGs
[2022-10-27 22:40:38,704] {logging_mixin.py:115} INFO - [2022-10-27 22:40:38,704] {dag.py:2927} INFO - Setting next_dagrun for example_branch_labels to 2022-10-27T00:00:00+00:00, run_after=2022-10-28T00:00:00+00:00
[2022-10-27 22:40:39,053] {processor.py:161} INFO - Processing /home/nayara/Documentos/airflowalura/venv/lib/python3.9/site-packages/airflow/example_dags/example_branch_labels.py took 1.198 seconds
[2022-10-27 22:41:46,014] {processor.py:153} INFO - Started process (PID=52872) to work on /home/nayara/Documentos/airflowalura/venv/lib/python3.9/site-packages/airflow/example_dags/example_branch_labels.py
[2022-10-27 22:41:46,022] {processor.py:641} INFO - Processing file /home/nayara/Documentos/airflowalura/venv/lib/python3.9/site-packages/airflow/example_dags/example_branch_labels.py for tasks to queue
[2022-10-27 22:41:46,022] {logging_mixin.py:115} INFO - [2022-10-27 22:41:46,022] {dagbag.py:507} INFO - Filling up the DagBag from /home/nayara/Documentos/airflowalura/venv/lib/python3.9/site-packages/airflow/example_dags/example_branch_labels.py
[2022-10-27 22:41:46,031] {processor.py:651} INFO - DAG(s) dict_keys(['example_branch_labels']) retrieved from /home/nayara/Documentos/airflowalura/venv/lib/python3.9/site-packages/airflow/example_dags/example_branch_labels.py
[2022-10-27 22:41:46,055] {logging_mixin.py:115} INFO - [2022-10-27 22:41:46,055] {dag.py:2379} INFO - Sync 1 DAGs
[2022-10-27 22:41:46,078] {logging_mixin.py:115} INFO - [2022-10-27 22:41:46,078] {dag.py:2927} INFO - Setting next_dagrun for example_branch_labels to 2022-10-27T00:00:00+00:00, run_after=2022-10-28T00:00:00+00:00
[2022-10-27 22:41:46,302] {processor.py:161} INFO - Processing /home/nayara/Documentos/airflowalura/venv/lib/python3.9/site-packages/airflow/example_dags/example_branch_labels.py took 0.295 seconds
[2022-10-27 22:42:46,652] {processor.py:153} INFO - Started process (PID=53000) to work on /home/nayara/Documentos/airflowalura/venv/lib/python3.9/site-packages/airflow/example_dags/example_branch_labels.py
[2022-10-27 22:42:46,689] {processor.py:641} INFO - Processing file /home/nayara/Documentos/airflowalura/venv/lib/python3.9/site-packages/airflow/example_dags/example_branch_labels.py for tasks to queue
[2022-10-27 22:42:46,690] {logging_mixin.py:115} INFO - [2022-10-27 22:42:46,690] {dagbag.py:507} INFO - Filling up the DagBag from /home/nayara/Documentos/airflowalura/venv/lib/python3.9/site-packages/airflow/example_dags/example_branch_labels.py
[2022-10-27 22:42:46,703] {processor.py:651} INFO - DAG(s) dict_keys(['example_branch_labels']) retrieved from /home/nayara/Documentos/airflowalura/venv/lib/python3.9/site-packages/airflow/example_dags/example_branch_labels.py
[2022-10-27 22:42:46,733] {logging_mixin.py:115} INFO - [2022-10-27 22:42:46,733] {dag.py:2379} INFO - Sync 1 DAGs
[2022-10-27 22:42:46,757] {logging_mixin.py:115} INFO - [2022-10-27 22:42:46,756] {dag.py:2927} INFO - Setting next_dagrun for example_branch_labels to 2022-10-27T00:00:00+00:00, run_after=2022-10-28T00:00:00+00:00
[2022-10-27 22:42:46,973] {processor.py:161} INFO - Processing /home/nayara/Documentos/airflowalura/venv/lib/python3.9/site-packages/airflow/example_dags/example_branch_labels.py took 0.329 seconds
[2022-10-27 22:43:41,868] {processor.py:153} INFO - Started process (PID=53119) to work on /home/nayara/Documentos/airflowalura/venv/lib/python3.9/site-packages/airflow/example_dags/example_branch_labels.py
[2022-10-27 22:43:41,891] {processor.py:641} INFO - Processing file /home/nayara/Documentos/airflowalura/venv/lib/python3.9/site-packages/airflow/example_dags/example_branch_labels.py for tasks to queue
[2022-10-27 22:43:41,892] {logging_mixin.py:115} INFO - [2022-10-27 22:43:41,891] {dagbag.py:507} INFO - Filling up the DagBag from /home/nayara/Documentos/airflowalura/venv/lib/python3.9/site-packages/airflow/example_dags/example_branch_labels.py
[2022-10-27 22:43:41,903] {processor.py:651} INFO - DAG(s) dict_keys(['example_branch_labels']) retrieved from /home/nayara/Documentos/airflowalura/venv/lib/python3.9/site-packages/airflow/example_dags/example_branch_labels.py
[2022-10-27 22:43:41,932] {logging_mixin.py:115} INFO - [2022-10-27 22:43:41,932] {dag.py:2379} INFO - Sync 1 DAGs
[2022-10-27 22:43:41,963] {logging_mixin.py:115} INFO - [2022-10-27 22:43:41,963] {dag.py:2927} INFO - Setting next_dagrun for example_branch_labels to 2022-10-27T00:00:00+00:00, run_after=2022-10-28T00:00:00+00:00
[2022-10-27 22:43:42,188] {processor.py:161} INFO - Processing /home/nayara/Documentos/airflowalura/venv/lib/python3.9/site-packages/airflow/example_dags/example_branch_labels.py took 0.342 seconds
[2022-10-27 22:44:56,905] {processor.py:153} INFO - Started process (PID=53335) to work on /home/nayara/Documentos/airflowalura/venv/lib/python3.9/site-packages/airflow/example_dags/example_branch_labels.py
[2022-10-27 22:44:57,068] {processor.py:641} INFO - Processing file /home/nayara/Documentos/airflowalura/venv/lib/python3.9/site-packages/airflow/example_dags/example_branch_labels.py for tasks to queue
[2022-10-27 22:44:57,071] {logging_mixin.py:115} INFO - [2022-10-27 22:44:57,070] {dagbag.py:507} INFO - Filling up the DagBag from /home/nayara/Documentos/airflowalura/venv/lib/python3.9/site-packages/airflow/example_dags/example_branch_labels.py
[2022-10-27 22:44:57,097] {processor.py:651} INFO - DAG(s) dict_keys(['example_branch_labels']) retrieved from /home/nayara/Documentos/airflowalura/venv/lib/python3.9/site-packages/airflow/example_dags/example_branch_labels.py
[2022-10-27 22:44:57,123] {logging_mixin.py:115} INFO - [2022-10-27 22:44:57,123] {dag.py:2379} INFO - Sync 1 DAGs
[2022-10-27 22:44:57,147] {logging_mixin.py:115} INFO - [2022-10-27 22:44:57,146] {dag.py:2927} INFO - Setting next_dagrun for example_branch_labels to 2022-10-27T00:00:00+00:00, run_after=2022-10-28T00:00:00+00:00
[2022-10-27 22:44:58,046] {processor.py:161} INFO - Processing /home/nayara/Documentos/airflowalura/venv/lib/python3.9/site-packages/airflow/example_dags/example_branch_labels.py took 1.149 seconds
[2022-10-27 22:46:01,701] {processor.py:153} INFO - Started process (PID=53451) to work on /home/nayara/Documentos/airflowalura/venv/lib/python3.9/site-packages/airflow/example_dags/example_branch_labels.py
[2022-10-27 22:46:01,721] {processor.py:641} INFO - Processing file /home/nayara/Documentos/airflowalura/venv/lib/python3.9/site-packages/airflow/example_dags/example_branch_labels.py for tasks to queue
[2022-10-27 22:46:01,722] {logging_mixin.py:115} INFO - [2022-10-27 22:46:01,722] {dagbag.py:507} INFO - Filling up the DagBag from /home/nayara/Documentos/airflowalura/venv/lib/python3.9/site-packages/airflow/example_dags/example_branch_labels.py
[2022-10-27 22:46:01,731] {processor.py:651} INFO - DAG(s) dict_keys(['example_branch_labels']) retrieved from /home/nayara/Documentos/airflowalura/venv/lib/python3.9/site-packages/airflow/example_dags/example_branch_labels.py
[2022-10-27 22:46:01,756] {logging_mixin.py:115} INFO - [2022-10-27 22:46:01,756] {dag.py:2379} INFO - Sync 1 DAGs
[2022-10-27 22:46:01,779] {logging_mixin.py:115} INFO - [2022-10-27 22:46:01,779] {dag.py:2927} INFO - Setting next_dagrun for example_branch_labels to 2022-10-27T00:00:00+00:00, run_after=2022-10-28T00:00:00+00:00
[2022-10-27 22:46:02,177] {processor.py:161} INFO - Processing /home/nayara/Documentos/airflowalura/venv/lib/python3.9/site-packages/airflow/example_dags/example_branch_labels.py took 0.483 seconds
[2022-10-27 22:47:10,718] {processor.py:153} INFO - Started process (PID=53614) to work on /home/nayara/Documentos/airflowalura/venv/lib/python3.9/site-packages/airflow/example_dags/example_branch_labels.py
[2022-10-27 22:47:10,751] {processor.py:641} INFO - Processing file /home/nayara/Documentos/airflowalura/venv/lib/python3.9/site-packages/airflow/example_dags/example_branch_labels.py for tasks to queue
[2022-10-27 22:47:10,752] {logging_mixin.py:115} INFO - [2022-10-27 22:47:10,752] {dagbag.py:507} INFO - Filling up the DagBag from /home/nayara/Documentos/airflowalura/venv/lib/python3.9/site-packages/airflow/example_dags/example_branch_labels.py
[2022-10-27 22:47:10,761] {processor.py:651} INFO - DAG(s) dict_keys(['example_branch_labels']) retrieved from /home/nayara/Documentos/airflowalura/venv/lib/python3.9/site-packages/airflow/example_dags/example_branch_labels.py
[2022-10-27 22:47:10,787] {logging_mixin.py:115} INFO - [2022-10-27 22:47:10,786] {dag.py:2379} INFO - Sync 1 DAGs
[2022-10-27 22:47:10,820] {logging_mixin.py:115} INFO - [2022-10-27 22:47:10,820] {dag.py:2927} INFO - Setting next_dagrun for example_branch_labels to 2022-10-27T00:00:00+00:00, run_after=2022-10-28T00:00:00+00:00
[2022-10-27 22:47:11,219] {processor.py:161} INFO - Processing /home/nayara/Documentos/airflowalura/venv/lib/python3.9/site-packages/airflow/example_dags/example_branch_labels.py took 0.518 seconds
[2022-10-27 22:48:02,936] {processor.py:153} INFO - Started process (PID=53726) to work on /home/nayara/Documentos/airflowalura/venv/lib/python3.9/site-packages/airflow/example_dags/example_branch_labels.py
[2022-10-27 22:48:02,951] {processor.py:641} INFO - Processing file /home/nayara/Documentos/airflowalura/venv/lib/python3.9/site-packages/airflow/example_dags/example_branch_labels.py for tasks to queue
[2022-10-27 22:48:02,955] {logging_mixin.py:115} INFO - [2022-10-27 22:48:02,954] {dagbag.py:507} INFO - Filling up the DagBag from /home/nayara/Documentos/airflowalura/venv/lib/python3.9/site-packages/airflow/example_dags/example_branch_labels.py
[2022-10-27 22:48:02,984] {processor.py:651} INFO - DAG(s) dict_keys(['example_branch_labels']) retrieved from /home/nayara/Documentos/airflowalura/venv/lib/python3.9/site-packages/airflow/example_dags/example_branch_labels.py
[2022-10-27 22:48:03,015] {logging_mixin.py:115} INFO - [2022-10-27 22:48:03,014] {dag.py:2379} INFO - Sync 1 DAGs
[2022-10-27 22:48:03,038] {logging_mixin.py:115} INFO - [2022-10-27 22:48:03,038] {dag.py:2927} INFO - Setting next_dagrun for example_branch_labels to 2022-10-27T00:00:00+00:00, run_after=2022-10-28T00:00:00+00:00
[2022-10-27 22:48:03,524] {processor.py:161} INFO - Processing /home/nayara/Documentos/airflowalura/venv/lib/python3.9/site-packages/airflow/example_dags/example_branch_labels.py took 0.603 seconds
[2022-10-27 22:49:09,334] {processor.py:153} INFO - Started process (PID=53860) to work on /home/nayara/Documentos/airflowalura/venv/lib/python3.9/site-packages/airflow/example_dags/example_branch_labels.py
[2022-10-27 22:49:09,366] {processor.py:641} INFO - Processing file /home/nayara/Documentos/airflowalura/venv/lib/python3.9/site-packages/airflow/example_dags/example_branch_labels.py for tasks to queue
[2022-10-27 22:49:09,368] {logging_mixin.py:115} INFO - [2022-10-27 22:49:09,368] {dagbag.py:507} INFO - Filling up the DagBag from /home/nayara/Documentos/airflowalura/venv/lib/python3.9/site-packages/airflow/example_dags/example_branch_labels.py
[2022-10-27 22:49:09,386] {processor.py:651} INFO - DAG(s) dict_keys(['example_branch_labels']) retrieved from /home/nayara/Documentos/airflowalura/venv/lib/python3.9/site-packages/airflow/example_dags/example_branch_labels.py
[2022-10-27 22:49:09,415] {logging_mixin.py:115} INFO - [2022-10-27 22:49:09,415] {dag.py:2379} INFO - Sync 1 DAGs
[2022-10-27 22:49:09,445] {logging_mixin.py:115} INFO - [2022-10-27 22:49:09,445] {dag.py:2927} INFO - Setting next_dagrun for example_branch_labels to 2022-10-27T00:00:00+00:00, run_after=2022-10-28T00:00:00+00:00
[2022-10-27 22:49:09,661] {processor.py:161} INFO - Processing /home/nayara/Documentos/airflowalura/venv/lib/python3.9/site-packages/airflow/example_dags/example_branch_labels.py took 0.335 seconds
[2022-10-27 22:50:14,492] {processor.py:153} INFO - Started process (PID=53990) to work on /home/nayara/Documentos/airflowalura/venv/lib/python3.9/site-packages/airflow/example_dags/example_branch_labels.py
[2022-10-27 22:50:14,501] {processor.py:641} INFO - Processing file /home/nayara/Documentos/airflowalura/venv/lib/python3.9/site-packages/airflow/example_dags/example_branch_labels.py for tasks to queue
[2022-10-27 22:50:14,502] {logging_mixin.py:115} INFO - [2022-10-27 22:50:14,502] {dagbag.py:507} INFO - Filling up the DagBag from /home/nayara/Documentos/airflowalura/venv/lib/python3.9/site-packages/airflow/example_dags/example_branch_labels.py
[2022-10-27 22:50:14,520] {processor.py:651} INFO - DAG(s) dict_keys(['example_branch_labels']) retrieved from /home/nayara/Documentos/airflowalura/venv/lib/python3.9/site-packages/airflow/example_dags/example_branch_labels.py
[2022-10-27 22:50:14,550] {logging_mixin.py:115} INFO - [2022-10-27 22:50:14,550] {dag.py:2379} INFO - Sync 1 DAGs
[2022-10-27 22:50:14,579] {logging_mixin.py:115} INFO - [2022-10-27 22:50:14,579] {dag.py:2927} INFO - Setting next_dagrun for example_branch_labels to 2022-10-27T00:00:00+00:00, run_after=2022-10-28T00:00:00+00:00
[2022-10-27 22:50:15,402] {processor.py:161} INFO - Processing /home/nayara/Documentos/airflowalura/venv/lib/python3.9/site-packages/airflow/example_dags/example_branch_labels.py took 0.915 seconds
[2022-10-27 22:51:24,365] {processor.py:153} INFO - Started process (PID=54108) to work on /home/nayara/Documentos/airflowalura/venv/lib/python3.9/site-packages/airflow/example_dags/example_branch_labels.py
[2022-10-27 22:51:24,390] {processor.py:641} INFO - Processing file /home/nayara/Documentos/airflowalura/venv/lib/python3.9/site-packages/airflow/example_dags/example_branch_labels.py for tasks to queue
[2022-10-27 22:51:24,393] {logging_mixin.py:115} INFO - [2022-10-27 22:51:24,392] {dagbag.py:507} INFO - Filling up the DagBag from /home/nayara/Documentos/airflowalura/venv/lib/python3.9/site-packages/airflow/example_dags/example_branch_labels.py
[2022-10-27 22:51:24,422] {processor.py:651} INFO - DAG(s) dict_keys(['example_branch_labels']) retrieved from /home/nayara/Documentos/airflowalura/venv/lib/python3.9/site-packages/airflow/example_dags/example_branch_labels.py
[2022-10-27 22:51:24,452] {logging_mixin.py:115} INFO - [2022-10-27 22:51:24,452] {dag.py:2379} INFO - Sync 1 DAGs
[2022-10-27 22:51:24,481] {logging_mixin.py:115} INFO - [2022-10-27 22:51:24,481] {dag.py:2927} INFO - Setting next_dagrun for example_branch_labels to 2022-10-27T00:00:00+00:00, run_after=2022-10-28T00:00:00+00:00
[2022-10-27 22:51:24,726] {processor.py:161} INFO - Processing /home/nayara/Documentos/airflowalura/venv/lib/python3.9/site-packages/airflow/example_dags/example_branch_labels.py took 0.377 seconds
[2022-10-27 22:52:43,509] {processor.py:153} INFO - Started process (PID=54268) to work on /home/nayara/Documentos/airflowalura/venv/lib/python3.9/site-packages/airflow/example_dags/example_branch_labels.py
[2022-10-27 22:52:43,530] {processor.py:641} INFO - Processing file /home/nayara/Documentos/airflowalura/venv/lib/python3.9/site-packages/airflow/example_dags/example_branch_labels.py for tasks to queue
[2022-10-27 22:52:43,532] {logging_mixin.py:115} INFO - [2022-10-27 22:52:43,532] {dagbag.py:507} INFO - Filling up the DagBag from /home/nayara/Documentos/airflowalura/venv/lib/python3.9/site-packages/airflow/example_dags/example_branch_labels.py
[2022-10-27 22:52:43,547] {processor.py:651} INFO - DAG(s) dict_keys(['example_branch_labels']) retrieved from /home/nayara/Documentos/airflowalura/venv/lib/python3.9/site-packages/airflow/example_dags/example_branch_labels.py
[2022-10-27 22:52:43,574] {logging_mixin.py:115} INFO - [2022-10-27 22:52:43,574] {dag.py:2379} INFO - Sync 1 DAGs
[2022-10-27 22:52:43,606] {logging_mixin.py:115} INFO - [2022-10-27 22:52:43,606] {dag.py:2927} INFO - Setting next_dagrun for example_branch_labels to 2022-10-27T00:00:00+00:00, run_after=2022-10-28T00:00:00+00:00
[2022-10-27 22:52:43,897] {processor.py:161} INFO - Processing /home/nayara/Documentos/airflowalura/venv/lib/python3.9/site-packages/airflow/example_dags/example_branch_labels.py took 0.406 seconds
[2022-10-27 22:53:49,824] {processor.py:153} INFO - Started process (PID=54391) to work on /home/nayara/Documentos/airflowalura/venv/lib/python3.9/site-packages/airflow/example_dags/example_branch_labels.py
[2022-10-27 22:53:49,840] {processor.py:641} INFO - Processing file /home/nayara/Documentos/airflowalura/venv/lib/python3.9/site-packages/airflow/example_dags/example_branch_labels.py for tasks to queue
[2022-10-27 22:53:49,844] {logging_mixin.py:115} INFO - [2022-10-27 22:53:49,843] {dagbag.py:507} INFO - Filling up the DagBag from /home/nayara/Documentos/airflowalura/venv/lib/python3.9/site-packages/airflow/example_dags/example_branch_labels.py
[2022-10-27 22:53:49,882] {processor.py:651} INFO - DAG(s) dict_keys(['example_branch_labels']) retrieved from /home/nayara/Documentos/airflowalura/venv/lib/python3.9/site-packages/airflow/example_dags/example_branch_labels.py
[2022-10-27 22:53:49,910] {logging_mixin.py:115} INFO - [2022-10-27 22:53:49,910] {dag.py:2379} INFO - Sync 1 DAGs
[2022-10-27 22:53:49,942] {logging_mixin.py:115} INFO - [2022-10-27 22:53:49,942] {dag.py:2927} INFO - Setting next_dagrun for example_branch_labels to 2022-10-27T00:00:00+00:00, run_after=2022-10-28T00:00:00+00:00
[2022-10-27 22:53:50,176] {processor.py:161} INFO - Processing /home/nayara/Documentos/airflowalura/venv/lib/python3.9/site-packages/airflow/example_dags/example_branch_labels.py took 0.370 seconds
[2022-10-27 22:55:08,177] {processor.py:153} INFO - Started process (PID=54542) to work on /home/nayara/Documentos/airflowalura/venv/lib/python3.9/site-packages/airflow/example_dags/example_branch_labels.py
[2022-10-27 22:55:08,255] {processor.py:641} INFO - Processing file /home/nayara/Documentos/airflowalura/venv/lib/python3.9/site-packages/airflow/example_dags/example_branch_labels.py for tasks to queue
[2022-10-27 22:55:08,257] {logging_mixin.py:115} INFO - [2022-10-27 22:55:08,257] {dagbag.py:507} INFO - Filling up the DagBag from /home/nayara/Documentos/airflowalura/venv/lib/python3.9/site-packages/airflow/example_dags/example_branch_labels.py
[2022-10-27 22:55:08,283] {processor.py:651} INFO - DAG(s) dict_keys(['example_branch_labels']) retrieved from /home/nayara/Documentos/airflowalura/venv/lib/python3.9/site-packages/airflow/example_dags/example_branch_labels.py
[2022-10-27 22:55:08,308] {logging_mixin.py:115} INFO - [2022-10-27 22:55:08,308] {dag.py:2379} INFO - Sync 1 DAGs
[2022-10-27 22:55:08,331] {logging_mixin.py:115} INFO - [2022-10-27 22:55:08,331] {dag.py:2927} INFO - Setting next_dagrun for example_branch_labels to 2022-10-27T00:00:00+00:00, run_after=2022-10-28T00:00:00+00:00
[2022-10-27 22:55:08,648] {processor.py:161} INFO - Processing /home/nayara/Documentos/airflowalura/venv/lib/python3.9/site-packages/airflow/example_dags/example_branch_labels.py took 0.483 seconds
[2022-10-27 22:56:02,706] {processor.py:153} INFO - Started process (PID=54657) to work on /home/nayara/Documentos/airflowalura/venv/lib/python3.9/site-packages/airflow/example_dags/example_branch_labels.py
[2022-10-27 22:56:02,737] {processor.py:641} INFO - Processing file /home/nayara/Documentos/airflowalura/venv/lib/python3.9/site-packages/airflow/example_dags/example_branch_labels.py for tasks to queue
[2022-10-27 22:56:02,740] {logging_mixin.py:115} INFO - [2022-10-27 22:56:02,739] {dagbag.py:507} INFO - Filling up the DagBag from /home/nayara/Documentos/airflowalura/venv/lib/python3.9/site-packages/airflow/example_dags/example_branch_labels.py
[2022-10-27 22:56:02,787] {processor.py:651} INFO - DAG(s) dict_keys(['example_branch_labels']) retrieved from /home/nayara/Documentos/airflowalura/venv/lib/python3.9/site-packages/airflow/example_dags/example_branch_labels.py
[2022-10-27 22:56:02,823] {logging_mixin.py:115} INFO - [2022-10-27 22:56:02,823] {dag.py:2379} INFO - Sync 1 DAGs
[2022-10-27 22:56:02,852] {logging_mixin.py:115} INFO - [2022-10-27 22:56:02,852] {dag.py:2927} INFO - Setting next_dagrun for example_branch_labels to 2022-10-27T00:00:00+00:00, run_after=2022-10-28T00:00:00+00:00
[2022-10-27 22:56:03,075] {processor.py:161} INFO - Processing /home/nayara/Documentos/airflowalura/venv/lib/python3.9/site-packages/airflow/example_dags/example_branch_labels.py took 0.388 seconds
