[2022-10-27 22:17:21,949] {processor.py:153} INFO - Started process (PID=49201) to work on /home/nayara/Documentos/airflowalura/venv/lib/python3.9/site-packages/airflow/example_dags/example_bash_operator.py
[2022-10-27 22:17:21,950] {processor.py:641} INFO - Processing file /home/nayara/Documentos/airflowalura/venv/lib/python3.9/site-packages/airflow/example_dags/example_bash_operator.py for tasks to queue
[2022-10-27 22:17:21,950] {logging_mixin.py:115} INFO - [2022-10-27 22:17:21,950] {dagbag.py:507} INFO - Filling up the DagBag from /home/nayara/Documentos/airflowalura/venv/lib/python3.9/site-packages/airflow/example_dags/example_bash_operator.py
[2022-10-27 22:17:22,163] {processor.py:651} INFO - DAG(s) dict_keys(['example_bash_operator']) retrieved from /home/nayara/Documentos/airflowalura/venv/lib/python3.9/site-packages/airflow/example_dags/example_bash_operator.py
[2022-10-27 22:17:23,429] {logging_mixin.py:115} INFO - [2022-10-27 22:17:23,428] {manager.py:508} INFO - Created Permission View: can read on DAG:example_bash_operator
[2022-10-27 22:17:23,937] {logging_mixin.py:115} INFO - [2022-10-27 22:17:23,936] {manager.py:508} INFO - Created Permission View: can delete on DAG:example_bash_operator
[2022-10-27 22:17:24,509] {logging_mixin.py:115} INFO - [2022-10-27 22:17:24,508] {manager.py:508} INFO - Created Permission View: can edit on DAG:example_bash_operator
[2022-10-27 22:17:24,510] {logging_mixin.py:115} INFO - [2022-10-27 22:17:24,510] {dag.py:2379} INFO - Sync 1 DAGs
[2022-10-27 22:17:24,542] {logging_mixin.py:115} INFO - [2022-10-27 22:17:24,542] {dag.py:2398} INFO - Creating ORM DAG for example_bash_operator
[2022-10-27 22:17:24,558] {logging_mixin.py:115} INFO - [2022-10-27 22:17:24,558] {dag.py:2927} INFO - Setting next_dagrun for example_bash_operator to 2022-10-27T00:00:00+00:00, run_after=2022-10-28T00:00:00+00:00
[2022-10-27 22:17:25,285] {processor.py:161} INFO - Processing /home/nayara/Documentos/airflowalura/venv/lib/python3.9/site-packages/airflow/example_dags/example_bash_operator.py took 3.340 seconds
[2022-10-27 22:18:24,714] {processor.py:153} INFO - Started process (PID=49338) to work on /home/nayara/Documentos/airflowalura/venv/lib/python3.9/site-packages/airflow/example_dags/example_bash_operator.py
[2022-10-27 22:18:24,725] {processor.py:641} INFO - Processing file /home/nayara/Documentos/airflowalura/venv/lib/python3.9/site-packages/airflow/example_dags/example_bash_operator.py for tasks to queue
[2022-10-27 22:18:24,727] {logging_mixin.py:115} INFO - [2022-10-27 22:18:24,727] {dagbag.py:507} INFO - Filling up the DagBag from /home/nayara/Documentos/airflowalura/venv/lib/python3.9/site-packages/airflow/example_dags/example_bash_operator.py
[2022-10-27 22:18:24,752] {processor.py:651} INFO - DAG(s) dict_keys(['example_bash_operator']) retrieved from /home/nayara/Documentos/airflowalura/venv/lib/python3.9/site-packages/airflow/example_dags/example_bash_operator.py
[2022-10-27 22:18:24,772] {logging_mixin.py:115} INFO - [2022-10-27 22:18:24,772] {dag.py:2379} INFO - Sync 1 DAGs
[2022-10-27 22:18:24,797] {logging_mixin.py:115} INFO - [2022-10-27 22:18:24,797] {dag.py:2927} INFO - Setting next_dagrun for example_bash_operator to 2022-10-27T00:00:00+00:00, run_after=2022-10-28T00:00:00+00:00
[2022-10-27 22:18:25,091] {processor.py:161} INFO - Processing /home/nayara/Documentos/airflowalura/venv/lib/python3.9/site-packages/airflow/example_dags/example_bash_operator.py took 0.390 seconds
[2022-10-27 22:19:50,769] {processor.py:153} INFO - Started process (PID=49751) to work on /home/nayara/Documentos/airflowalura/venv/lib/python3.9/site-packages/airflow/example_dags/example_bash_operator.py
[2022-10-27 22:19:50,781] {processor.py:641} INFO - Processing file /home/nayara/Documentos/airflowalura/venv/lib/python3.9/site-packages/airflow/example_dags/example_bash_operator.py for tasks to queue
[2022-10-27 22:19:50,782] {logging_mixin.py:115} INFO - [2022-10-27 22:19:50,782] {dagbag.py:507} INFO - Filling up the DagBag from /home/nayara/Documentos/airflowalura/venv/lib/python3.9/site-packages/airflow/example_dags/example_bash_operator.py
[2022-10-27 22:19:50,807] {processor.py:651} INFO - DAG(s) dict_keys(['example_bash_operator']) retrieved from /home/nayara/Documentos/airflowalura/venv/lib/python3.9/site-packages/airflow/example_dags/example_bash_operator.py
[2022-10-27 22:19:50,827] {logging_mixin.py:115} INFO - [2022-10-27 22:19:50,827] {dag.py:2379} INFO - Sync 1 DAGs
[2022-10-27 22:19:50,852] {logging_mixin.py:115} INFO - [2022-10-27 22:19:50,852] {dag.py:2927} INFO - Setting next_dagrun for example_bash_operator to 2022-10-27T00:00:00+00:00, run_after=2022-10-28T00:00:00+00:00
[2022-10-27 22:19:51,054] {processor.py:161} INFO - Processing /home/nayara/Documentos/airflowalura/venv/lib/python3.9/site-packages/airflow/example_dags/example_bash_operator.py took 0.298 seconds
[2022-10-27 22:20:48,900] {processor.py:153} INFO - Started process (PID=49913) to work on /home/nayara/Documentos/airflowalura/venv/lib/python3.9/site-packages/airflow/example_dags/example_bash_operator.py
[2022-10-27 22:20:48,914] {processor.py:641} INFO - Processing file /home/nayara/Documentos/airflowalura/venv/lib/python3.9/site-packages/airflow/example_dags/example_bash_operator.py for tasks to queue
[2022-10-27 22:20:48,918] {logging_mixin.py:115} INFO - [2022-10-27 22:20:48,917] {dagbag.py:507} INFO - Filling up the DagBag from /home/nayara/Documentos/airflowalura/venv/lib/python3.9/site-packages/airflow/example_dags/example_bash_operator.py
[2022-10-27 22:20:48,945] {processor.py:651} INFO - DAG(s) dict_keys(['example_bash_operator']) retrieved from /home/nayara/Documentos/airflowalura/venv/lib/python3.9/site-packages/airflow/example_dags/example_bash_operator.py
[2022-10-27 22:20:48,969] {logging_mixin.py:115} INFO - [2022-10-27 22:20:48,969] {dag.py:2379} INFO - Sync 1 DAGs
[2022-10-27 22:20:49,003] {logging_mixin.py:115} INFO - [2022-10-27 22:20:49,003] {dag.py:2927} INFO - Setting next_dagrun for example_bash_operator to 2022-10-27T00:00:00+00:00, run_after=2022-10-28T00:00:00+00:00
[2022-10-27 22:20:49,234] {processor.py:161} INFO - Processing /home/nayara/Documentos/airflowalura/venv/lib/python3.9/site-packages/airflow/example_dags/example_bash_operator.py took 0.353 seconds
[2022-10-27 22:21:50,077] {processor.py:153} INFO - Started process (PID=50063) to work on /home/nayara/Documentos/airflowalura/venv/lib/python3.9/site-packages/airflow/example_dags/example_bash_operator.py
[2022-10-27 22:21:50,080] {processor.py:641} INFO - Processing file /home/nayara/Documentos/airflowalura/venv/lib/python3.9/site-packages/airflow/example_dags/example_bash_operator.py for tasks to queue
[2022-10-27 22:21:50,083] {logging_mixin.py:115} INFO - [2022-10-27 22:21:50,082] {dagbag.py:507} INFO - Filling up the DagBag from /home/nayara/Documentos/airflowalura/venv/lib/python3.9/site-packages/airflow/example_dags/example_bash_operator.py
[2022-10-27 22:21:50,136] {processor.py:651} INFO - DAG(s) dict_keys(['example_bash_operator']) retrieved from /home/nayara/Documentos/airflowalura/venv/lib/python3.9/site-packages/airflow/example_dags/example_bash_operator.py
[2022-10-27 22:21:50,165] {logging_mixin.py:115} INFO - [2022-10-27 22:21:50,165] {dag.py:2379} INFO - Sync 1 DAGs
[2022-10-27 22:21:50,196] {logging_mixin.py:115} INFO - [2022-10-27 22:21:50,196] {dag.py:2927} INFO - Setting next_dagrun for example_bash_operator to 2022-10-27T00:00:00+00:00, run_after=2022-10-28T00:00:00+00:00
[2022-10-27 22:21:50,437] {processor.py:161} INFO - Processing /home/nayara/Documentos/airflowalura/venv/lib/python3.9/site-packages/airflow/example_dags/example_bash_operator.py took 0.380 seconds
[2022-10-27 22:22:53,337] {processor.py:153} INFO - Started process (PID=50196) to work on /home/nayara/Documentos/airflowalura/venv/lib/python3.9/site-packages/airflow/example_dags/example_bash_operator.py
[2022-10-27 22:22:53,357] {processor.py:641} INFO - Processing file /home/nayara/Documentos/airflowalura/venv/lib/python3.9/site-packages/airflow/example_dags/example_bash_operator.py for tasks to queue
[2022-10-27 22:22:53,358] {logging_mixin.py:115} INFO - [2022-10-27 22:22:53,358] {dagbag.py:507} INFO - Filling up the DagBag from /home/nayara/Documentos/airflowalura/venv/lib/python3.9/site-packages/airflow/example_dags/example_bash_operator.py
[2022-10-27 22:22:53,378] {processor.py:651} INFO - DAG(s) dict_keys(['example_bash_operator']) retrieved from /home/nayara/Documentos/airflowalura/venv/lib/python3.9/site-packages/airflow/example_dags/example_bash_operator.py
[2022-10-27 22:22:53,404] {logging_mixin.py:115} INFO - [2022-10-27 22:22:53,404] {dag.py:2379} INFO - Sync 1 DAGs
[2022-10-27 22:22:53,444] {logging_mixin.py:115} INFO - [2022-10-27 22:22:53,444] {dag.py:2927} INFO - Setting next_dagrun for example_bash_operator to 2022-10-27T00:00:00+00:00, run_after=2022-10-28T00:00:00+00:00
[2022-10-27 22:22:53,692] {processor.py:161} INFO - Processing /home/nayara/Documentos/airflowalura/venv/lib/python3.9/site-packages/airflow/example_dags/example_bash_operator.py took 0.363 seconds
[2022-10-27 22:23:54,609] {processor.py:153} INFO - Started process (PID=50341) to work on /home/nayara/Documentos/airflowalura/venv/lib/python3.9/site-packages/airflow/example_dags/example_bash_operator.py
[2022-10-27 22:23:54,720] {processor.py:641} INFO - Processing file /home/nayara/Documentos/airflowalura/venv/lib/python3.9/site-packages/airflow/example_dags/example_bash_operator.py for tasks to queue
[2022-10-27 22:23:54,724] {logging_mixin.py:115} INFO - [2022-10-27 22:23:54,723] {dagbag.py:507} INFO - Filling up the DagBag from /home/nayara/Documentos/airflowalura/venv/lib/python3.9/site-packages/airflow/example_dags/example_bash_operator.py
[2022-10-27 22:23:54,815] {processor.py:651} INFO - DAG(s) dict_keys(['example_bash_operator']) retrieved from /home/nayara/Documentos/airflowalura/venv/lib/python3.9/site-packages/airflow/example_dags/example_bash_operator.py
[2022-10-27 22:23:54,870] {logging_mixin.py:115} INFO - [2022-10-27 22:23:54,870] {dag.py:2379} INFO - Sync 1 DAGs
[2022-10-27 22:23:54,915] {logging_mixin.py:115} INFO - [2022-10-27 22:23:54,914] {dag.py:2927} INFO - Setting next_dagrun for example_bash_operator to 2022-10-27T00:00:00+00:00, run_after=2022-10-28T00:00:00+00:00
[2022-10-27 22:23:56,507] {processor.py:161} INFO - Processing /home/nayara/Documentos/airflowalura/venv/lib/python3.9/site-packages/airflow/example_dags/example_bash_operator.py took 1.909 seconds
[2022-10-27 22:25:08,884] {processor.py:153} INFO - Started process (PID=50508) to work on /home/nayara/Documentos/airflowalura/venv/lib/python3.9/site-packages/airflow/example_dags/example_bash_operator.py
[2022-10-27 22:25:08,906] {processor.py:641} INFO - Processing file /home/nayara/Documentos/airflowalura/venv/lib/python3.9/site-packages/airflow/example_dags/example_bash_operator.py for tasks to queue
[2022-10-27 22:25:08,908] {logging_mixin.py:115} INFO - [2022-10-27 22:25:08,908] {dagbag.py:507} INFO - Filling up the DagBag from /home/nayara/Documentos/airflowalura/venv/lib/python3.9/site-packages/airflow/example_dags/example_bash_operator.py
[2022-10-27 22:25:08,958] {processor.py:651} INFO - DAG(s) dict_keys(['example_bash_operator']) retrieved from /home/nayara/Documentos/airflowalura/venv/lib/python3.9/site-packages/airflow/example_dags/example_bash_operator.py
[2022-10-27 22:25:09,006] {logging_mixin.py:115} INFO - [2022-10-27 22:25:09,006] {dag.py:2379} INFO - Sync 1 DAGs
[2022-10-27 22:25:09,039] {logging_mixin.py:115} INFO - [2022-10-27 22:25:09,039] {dag.py:2927} INFO - Setting next_dagrun for example_bash_operator to 2022-10-27T00:00:00+00:00, run_after=2022-10-28T00:00:00+00:00
[2022-10-27 22:25:09,326] {processor.py:161} INFO - Processing /home/nayara/Documentos/airflowalura/venv/lib/python3.9/site-packages/airflow/example_dags/example_bash_operator.py took 0.448 seconds
[2022-10-27 22:26:37,994] {processor.py:153} INFO - Started process (PID=50689) to work on /home/nayara/Documentos/airflowalura/venv/lib/python3.9/site-packages/airflow/example_dags/example_bash_operator.py
[2022-10-27 22:26:38,036] {processor.py:641} INFO - Processing file /home/nayara/Documentos/airflowalura/venv/lib/python3.9/site-packages/airflow/example_dags/example_bash_operator.py for tasks to queue
[2022-10-27 22:26:38,037] {logging_mixin.py:115} INFO - [2022-10-27 22:26:38,037] {dagbag.py:507} INFO - Filling up the DagBag from /home/nayara/Documentos/airflowalura/venv/lib/python3.9/site-packages/airflow/example_dags/example_bash_operator.py
[2022-10-27 22:26:38,056] {processor.py:651} INFO - DAG(s) dict_keys(['example_bash_operator']) retrieved from /home/nayara/Documentos/airflowalura/venv/lib/python3.9/site-packages/airflow/example_dags/example_bash_operator.py
[2022-10-27 22:26:38,087] {logging_mixin.py:115} INFO - [2022-10-27 22:26:38,087] {dag.py:2379} INFO - Sync 1 DAGs
[2022-10-27 22:26:38,123] {logging_mixin.py:115} INFO - [2022-10-27 22:26:38,123] {dag.py:2927} INFO - Setting next_dagrun for example_bash_operator to 2022-10-27T00:00:00+00:00, run_after=2022-10-28T00:00:00+00:00
[2022-10-27 22:26:38,521] {processor.py:161} INFO - Processing /home/nayara/Documentos/airflowalura/venv/lib/python3.9/site-packages/airflow/example_dags/example_bash_operator.py took 0.531 seconds
[2022-10-27 22:27:44,079] {processor.py:153} INFO - Started process (PID=50870) to work on /home/nayara/Documentos/airflowalura/venv/lib/python3.9/site-packages/airflow/example_dags/example_bash_operator.py
[2022-10-27 22:27:44,080] {processor.py:641} INFO - Processing file /home/nayara/Documentos/airflowalura/venv/lib/python3.9/site-packages/airflow/example_dags/example_bash_operator.py for tasks to queue
[2022-10-27 22:27:44,081] {logging_mixin.py:115} INFO - [2022-10-27 22:27:44,081] {dagbag.py:507} INFO - Filling up the DagBag from /home/nayara/Documentos/airflowalura/venv/lib/python3.9/site-packages/airflow/example_dags/example_bash_operator.py
[2022-10-27 22:27:44,105] {processor.py:651} INFO - DAG(s) dict_keys(['example_bash_operator']) retrieved from /home/nayara/Documentos/airflowalura/venv/lib/python3.9/site-packages/airflow/example_dags/example_bash_operator.py
[2022-10-27 22:27:44,149] {logging_mixin.py:115} INFO - [2022-10-27 22:27:44,149] {dag.py:2379} INFO - Sync 1 DAGs
[2022-10-27 22:27:44,191] {logging_mixin.py:115} INFO - [2022-10-27 22:27:44,191] {dag.py:2927} INFO - Setting next_dagrun for example_bash_operator to 2022-10-27T00:00:00+00:00, run_after=2022-10-28T00:00:00+00:00
[2022-10-27 22:27:44,572] {processor.py:161} INFO - Processing /home/nayara/Documentos/airflowalura/venv/lib/python3.9/site-packages/airflow/example_dags/example_bash_operator.py took 0.499 seconds
[2022-10-27 22:29:01,063] {processor.py:153} INFO - Started process (PID=51097) to work on /home/nayara/Documentos/airflowalura/venv/lib/python3.9/site-packages/airflow/example_dags/example_bash_operator.py
[2022-10-27 22:29:01,065] {processor.py:641} INFO - Processing file /home/nayara/Documentos/airflowalura/venv/lib/python3.9/site-packages/airflow/example_dags/example_bash_operator.py for tasks to queue
[2022-10-27 22:29:01,066] {logging_mixin.py:115} INFO - [2022-10-27 22:29:01,066] {dagbag.py:507} INFO - Filling up the DagBag from /home/nayara/Documentos/airflowalura/venv/lib/python3.9/site-packages/airflow/example_dags/example_bash_operator.py
[2022-10-27 22:29:01,089] {processor.py:651} INFO - DAG(s) dict_keys(['example_bash_operator']) retrieved from /home/nayara/Documentos/airflowalura/venv/lib/python3.9/site-packages/airflow/example_dags/example_bash_operator.py
[2022-10-27 22:29:01,115] {logging_mixin.py:115} INFO - [2022-10-27 22:29:01,114] {dag.py:2379} INFO - Sync 1 DAGs
[2022-10-27 22:29:01,141] {logging_mixin.py:115} INFO - [2022-10-27 22:29:01,141] {dag.py:2927} INFO - Setting next_dagrun for example_bash_operator to 2022-10-27T00:00:00+00:00, run_after=2022-10-28T00:00:00+00:00
[2022-10-27 22:29:01,416] {processor.py:161} INFO - Processing /home/nayara/Documentos/airflowalura/venv/lib/python3.9/site-packages/airflow/example_dags/example_bash_operator.py took 0.366 seconds
[2022-10-27 22:30:08,759] {processor.py:153} INFO - Started process (PID=51223) to work on /home/nayara/Documentos/airflowalura/venv/lib/python3.9/site-packages/airflow/example_dags/example_bash_operator.py
[2022-10-27 22:30:08,761] {processor.py:641} INFO - Processing file /home/nayara/Documentos/airflowalura/venv/lib/python3.9/site-packages/airflow/example_dags/example_bash_operator.py for tasks to queue
[2022-10-27 22:30:08,761] {logging_mixin.py:115} INFO - [2022-10-27 22:30:08,761] {dagbag.py:507} INFO - Filling up the DagBag from /home/nayara/Documentos/airflowalura/venv/lib/python3.9/site-packages/airflow/example_dags/example_bash_operator.py
[2022-10-27 22:30:08,775] {processor.py:651} INFO - DAG(s) dict_keys(['example_bash_operator']) retrieved from /home/nayara/Documentos/airflowalura/venv/lib/python3.9/site-packages/airflow/example_dags/example_bash_operator.py
[2022-10-27 22:30:08,800] {logging_mixin.py:115} INFO - [2022-10-27 22:30:08,800] {dag.py:2379} INFO - Sync 1 DAGs
[2022-10-27 22:30:08,823] {logging_mixin.py:115} INFO - [2022-10-27 22:30:08,823] {dag.py:2927} INFO - Setting next_dagrun for example_bash_operator to 2022-10-27T00:00:00+00:00, run_after=2022-10-28T00:00:00+00:00
[2022-10-27 22:30:09,044] {processor.py:161} INFO - Processing /home/nayara/Documentos/airflowalura/venv/lib/python3.9/site-packages/airflow/example_dags/example_bash_operator.py took 0.288 seconds
[2022-10-27 22:31:08,048] {processor.py:153} INFO - Started process (PID=51324) to work on /home/nayara/Documentos/airflowalura/venv/lib/python3.9/site-packages/airflow/example_dags/example_bash_operator.py
[2022-10-27 22:31:08,079] {processor.py:641} INFO - Processing file /home/nayara/Documentos/airflowalura/venv/lib/python3.9/site-packages/airflow/example_dags/example_bash_operator.py for tasks to queue
[2022-10-27 22:31:08,080] {logging_mixin.py:115} INFO - [2022-10-27 22:31:08,080] {dagbag.py:507} INFO - Filling up the DagBag from /home/nayara/Documentos/airflowalura/venv/lib/python3.9/site-packages/airflow/example_dags/example_bash_operator.py
[2022-10-27 22:31:08,105] {processor.py:651} INFO - DAG(s) dict_keys(['example_bash_operator']) retrieved from /home/nayara/Documentos/airflowalura/venv/lib/python3.9/site-packages/airflow/example_dags/example_bash_operator.py
[2022-10-27 22:31:08,131] {logging_mixin.py:115} INFO - [2022-10-27 22:31:08,131] {dag.py:2379} INFO - Sync 1 DAGs
[2022-10-27 22:31:08,153] {logging_mixin.py:115} INFO - [2022-10-27 22:31:08,153] {dag.py:2927} INFO - Setting next_dagrun for example_bash_operator to 2022-10-27T00:00:00+00:00, run_after=2022-10-28T00:00:00+00:00
[2022-10-27 22:31:08,375] {processor.py:161} INFO - Processing /home/nayara/Documentos/airflowalura/venv/lib/python3.9/site-packages/airflow/example_dags/example_bash_operator.py took 0.336 seconds
[2022-10-27 22:33:06,810] {processor.py:153} INFO - Started process (PID=51606) to work on /home/nayara/Documentos/airflowalura/venv/lib/python3.9/site-packages/airflow/example_dags/example_bash_operator.py
[2022-10-27 22:33:06,833] {processor.py:641} INFO - Processing file /home/nayara/Documentos/airflowalura/venv/lib/python3.9/site-packages/airflow/example_dags/example_bash_operator.py for tasks to queue
[2022-10-27 22:33:06,834] {logging_mixin.py:115} INFO - [2022-10-27 22:33:06,834] {dagbag.py:507} INFO - Filling up the DagBag from /home/nayara/Documentos/airflowalura/venv/lib/python3.9/site-packages/airflow/example_dags/example_bash_operator.py
[2022-10-27 22:33:06,870] {processor.py:651} INFO - DAG(s) dict_keys(['example_bash_operator']) retrieved from /home/nayara/Documentos/airflowalura/venv/lib/python3.9/site-packages/airflow/example_dags/example_bash_operator.py
[2022-10-27 22:33:06,893] {logging_mixin.py:115} INFO - [2022-10-27 22:33:06,893] {dag.py:2379} INFO - Sync 1 DAGs
[2022-10-27 22:33:06,915] {logging_mixin.py:115} INFO - [2022-10-27 22:33:06,915] {dag.py:2927} INFO - Setting next_dagrun for example_bash_operator to 2022-10-27T00:00:00+00:00, run_after=2022-10-28T00:00:00+00:00
[2022-10-27 22:33:07,147] {processor.py:161} INFO - Processing /home/nayara/Documentos/airflowalura/venv/lib/python3.9/site-packages/airflow/example_dags/example_bash_operator.py took 0.342 seconds
[2022-10-27 22:34:07,520] {processor.py:153} INFO - Started process (PID=51723) to work on /home/nayara/Documentos/airflowalura/venv/lib/python3.9/site-packages/airflow/example_dags/example_bash_operator.py
[2022-10-27 22:34:07,521] {processor.py:641} INFO - Processing file /home/nayara/Documentos/airflowalura/venv/lib/python3.9/site-packages/airflow/example_dags/example_bash_operator.py for tasks to queue
[2022-10-27 22:34:07,522] {logging_mixin.py:115} INFO - [2022-10-27 22:34:07,522] {dagbag.py:507} INFO - Filling up the DagBag from /home/nayara/Documentos/airflowalura/venv/lib/python3.9/site-packages/airflow/example_dags/example_bash_operator.py
[2022-10-27 22:34:07,543] {processor.py:651} INFO - DAG(s) dict_keys(['example_bash_operator']) retrieved from /home/nayara/Documentos/airflowalura/venv/lib/python3.9/site-packages/airflow/example_dags/example_bash_operator.py
[2022-10-27 22:34:07,571] {logging_mixin.py:115} INFO - [2022-10-27 22:34:07,571] {dag.py:2379} INFO - Sync 1 DAGs
[2022-10-27 22:34:07,601] {logging_mixin.py:115} INFO - [2022-10-27 22:34:07,601] {dag.py:2927} INFO - Setting next_dagrun for example_bash_operator to 2022-10-27T00:00:00+00:00, run_after=2022-10-28T00:00:00+00:00
[2022-10-27 22:34:07,808] {processor.py:161} INFO - Processing /home/nayara/Documentos/airflowalura/venv/lib/python3.9/site-packages/airflow/example_dags/example_bash_operator.py took 0.294 seconds
[2022-10-27 22:35:05,440] {processor.py:153} INFO - Started process (PID=51816) to work on /home/nayara/Documentos/airflowalura/venv/lib/python3.9/site-packages/airflow/example_dags/example_bash_operator.py
[2022-10-27 22:35:05,441] {processor.py:641} INFO - Processing file /home/nayara/Documentos/airflowalura/venv/lib/python3.9/site-packages/airflow/example_dags/example_bash_operator.py for tasks to queue
[2022-10-27 22:35:05,442] {logging_mixin.py:115} INFO - [2022-10-27 22:35:05,442] {dagbag.py:507} INFO - Filling up the DagBag from /home/nayara/Documentos/airflowalura/venv/lib/python3.9/site-packages/airflow/example_dags/example_bash_operator.py
[2022-10-27 22:35:05,458] {processor.py:651} INFO - DAG(s) dict_keys(['example_bash_operator']) retrieved from /home/nayara/Documentos/airflowalura/venv/lib/python3.9/site-packages/airflow/example_dags/example_bash_operator.py
[2022-10-27 22:35:05,483] {logging_mixin.py:115} INFO - [2022-10-27 22:35:05,483] {dag.py:2379} INFO - Sync 1 DAGs
[2022-10-27 22:35:05,505] {logging_mixin.py:115} INFO - [2022-10-27 22:35:05,505] {dag.py:2927} INFO - Setting next_dagrun for example_bash_operator to 2022-10-27T00:00:00+00:00, run_after=2022-10-28T00:00:00+00:00
[2022-10-27 22:35:05,853] {processor.py:161} INFO - Processing /home/nayara/Documentos/airflowalura/venv/lib/python3.9/site-packages/airflow/example_dags/example_bash_operator.py took 0.420 seconds
[2022-10-27 22:36:01,917] {processor.py:153} INFO - Started process (PID=51924) to work on /home/nayara/Documentos/airflowalura/venv/lib/python3.9/site-packages/airflow/example_dags/example_bash_operator.py
[2022-10-27 22:36:01,919] {processor.py:641} INFO - Processing file /home/nayara/Documentos/airflowalura/venv/lib/python3.9/site-packages/airflow/example_dags/example_bash_operator.py for tasks to queue
[2022-10-27 22:36:01,921] {logging_mixin.py:115} INFO - [2022-10-27 22:36:01,921] {dagbag.py:507} INFO - Filling up the DagBag from /home/nayara/Documentos/airflowalura/venv/lib/python3.9/site-packages/airflow/example_dags/example_bash_operator.py
[2022-10-27 22:36:01,943] {processor.py:651} INFO - DAG(s) dict_keys(['example_bash_operator']) retrieved from /home/nayara/Documentos/airflowalura/venv/lib/python3.9/site-packages/airflow/example_dags/example_bash_operator.py
[2022-10-27 22:36:01,975] {logging_mixin.py:115} INFO - [2022-10-27 22:36:01,975] {dag.py:2379} INFO - Sync 1 DAGs
[2022-10-27 22:36:02,009] {logging_mixin.py:115} INFO - [2022-10-27 22:36:02,008] {dag.py:2927} INFO - Setting next_dagrun for example_bash_operator to 2022-10-27T00:00:00+00:00, run_after=2022-10-28T00:00:00+00:00
[2022-10-27 22:36:02,312] {processor.py:161} INFO - Processing /home/nayara/Documentos/airflowalura/venv/lib/python3.9/site-packages/airflow/example_dags/example_bash_operator.py took 0.403 seconds
[2022-10-27 22:37:22,813] {processor.py:153} INFO - Started process (PID=52276) to work on /home/nayara/Documentos/airflowalura/venv/lib/python3.9/site-packages/airflow/example_dags/example_bash_operator.py
[2022-10-27 22:37:22,898] {processor.py:641} INFO - Processing file /home/nayara/Documentos/airflowalura/venv/lib/python3.9/site-packages/airflow/example_dags/example_bash_operator.py for tasks to queue
[2022-10-27 22:37:22,899] {logging_mixin.py:115} INFO - [2022-10-27 22:37:22,899] {dagbag.py:507} INFO - Filling up the DagBag from /home/nayara/Documentos/airflowalura/venv/lib/python3.9/site-packages/airflow/example_dags/example_bash_operator.py
[2022-10-27 22:37:22,923] {processor.py:651} INFO - DAG(s) dict_keys(['example_bash_operator']) retrieved from /home/nayara/Documentos/airflowalura/venv/lib/python3.9/site-packages/airflow/example_dags/example_bash_operator.py
[2022-10-27 22:37:22,975] {logging_mixin.py:115} INFO - [2022-10-27 22:37:22,975] {dag.py:2379} INFO - Sync 1 DAGs
[2022-10-27 22:37:23,017] {logging_mixin.py:115} INFO - [2022-10-27 22:37:23,016] {dag.py:2927} INFO - Setting next_dagrun for example_bash_operator to 2022-10-27T00:00:00+00:00, run_after=2022-10-28T00:00:00+00:00
[2022-10-27 22:37:23,478] {processor.py:161} INFO - Processing /home/nayara/Documentos/airflowalura/venv/lib/python3.9/site-packages/airflow/example_dags/example_bash_operator.py took 0.670 seconds
[2022-10-27 22:39:05,561] {processor.py:153} INFO - Started process (PID=52556) to work on /home/nayara/Documentos/airflowalura/venv/lib/python3.9/site-packages/airflow/example_dags/example_bash_operator.py
[2022-10-27 22:39:05,583] {processor.py:641} INFO - Processing file /home/nayara/Documentos/airflowalura/venv/lib/python3.9/site-packages/airflow/example_dags/example_bash_operator.py for tasks to queue
[2022-10-27 22:39:05,584] {logging_mixin.py:115} INFO - [2022-10-27 22:39:05,584] {dagbag.py:507} INFO - Filling up the DagBag from /home/nayara/Documentos/airflowalura/venv/lib/python3.9/site-packages/airflow/example_dags/example_bash_operator.py
[2022-10-27 22:39:05,635] {processor.py:651} INFO - DAG(s) dict_keys(['example_bash_operator']) retrieved from /home/nayara/Documentos/airflowalura/venv/lib/python3.9/site-packages/airflow/example_dags/example_bash_operator.py
[2022-10-27 22:39:05,706] {logging_mixin.py:115} INFO - [2022-10-27 22:39:05,705] {dag.py:2379} INFO - Sync 1 DAGs
[2022-10-27 22:39:05,747] {logging_mixin.py:115} INFO - [2022-10-27 22:39:05,747] {dag.py:2927} INFO - Setting next_dagrun for example_bash_operator to 2022-10-27T00:00:00+00:00, run_after=2022-10-28T00:00:00+00:00
[2022-10-27 22:39:06,190] {processor.py:161} INFO - Processing /home/nayara/Documentos/airflowalura/venv/lib/python3.9/site-packages/airflow/example_dags/example_bash_operator.py took 0.679 seconds
[2022-10-27 22:40:47,437] {processor.py:153} INFO - Started process (PID=52768) to work on /home/nayara/Documentos/airflowalura/venv/lib/python3.9/site-packages/airflow/example_dags/example_bash_operator.py
[2022-10-27 22:40:47,464] {processor.py:641} INFO - Processing file /home/nayara/Documentos/airflowalura/venv/lib/python3.9/site-packages/airflow/example_dags/example_bash_operator.py for tasks to queue
[2022-10-27 22:40:47,465] {logging_mixin.py:115} INFO - [2022-10-27 22:40:47,465] {dagbag.py:507} INFO - Filling up the DagBag from /home/nayara/Documentos/airflowalura/venv/lib/python3.9/site-packages/airflow/example_dags/example_bash_operator.py
[2022-10-27 22:40:47,583] {processor.py:651} INFO - DAG(s) dict_keys(['example_bash_operator']) retrieved from /home/nayara/Documentos/airflowalura/venv/lib/python3.9/site-packages/airflow/example_dags/example_bash_operator.py
[2022-10-27 22:40:47,617] {logging_mixin.py:115} INFO - [2022-10-27 22:40:47,617] {dag.py:2379} INFO - Sync 1 DAGs
[2022-10-27 22:40:47,665] {logging_mixin.py:115} INFO - [2022-10-27 22:40:47,664] {dag.py:2927} INFO - Setting next_dagrun for example_bash_operator to 2022-10-27T00:00:00+00:00, run_after=2022-10-28T00:00:00+00:00
[2022-10-27 22:40:48,272] {processor.py:161} INFO - Processing /home/nayara/Documentos/airflowalura/venv/lib/python3.9/site-packages/airflow/example_dags/example_bash_operator.py took 0.847 seconds
[2022-10-27 22:41:52,245] {processor.py:153} INFO - Started process (PID=52910) to work on /home/nayara/Documentos/airflowalura/venv/lib/python3.9/site-packages/airflow/example_dags/example_bash_operator.py
[2022-10-27 22:41:52,299] {processor.py:641} INFO - Processing file /home/nayara/Documentos/airflowalura/venv/lib/python3.9/site-packages/airflow/example_dags/example_bash_operator.py for tasks to queue
[2022-10-27 22:41:52,301] {logging_mixin.py:115} INFO - [2022-10-27 22:41:52,301] {dagbag.py:507} INFO - Filling up the DagBag from /home/nayara/Documentos/airflowalura/venv/lib/python3.9/site-packages/airflow/example_dags/example_bash_operator.py
[2022-10-27 22:41:52,343] {processor.py:651} INFO - DAG(s) dict_keys(['example_bash_operator']) retrieved from /home/nayara/Documentos/airflowalura/venv/lib/python3.9/site-packages/airflow/example_dags/example_bash_operator.py
[2022-10-27 22:41:52,365] {logging_mixin.py:115} INFO - [2022-10-27 22:41:52,365] {dag.py:2379} INFO - Sync 1 DAGs
[2022-10-27 22:41:52,398] {logging_mixin.py:115} INFO - [2022-10-27 22:41:52,398] {dag.py:2927} INFO - Setting next_dagrun for example_bash_operator to 2022-10-27T00:00:00+00:00, run_after=2022-10-28T00:00:00+00:00
[2022-10-27 22:41:52,952] {processor.py:161} INFO - Processing /home/nayara/Documentos/airflowalura/venv/lib/python3.9/site-packages/airflow/example_dags/example_bash_operator.py took 0.711 seconds
[2022-10-27 22:42:51,477] {processor.py:153} INFO - Started process (PID=53011) to work on /home/nayara/Documentos/airflowalura/venv/lib/python3.9/site-packages/airflow/example_dags/example_bash_operator.py
[2022-10-27 22:42:51,501] {processor.py:641} INFO - Processing file /home/nayara/Documentos/airflowalura/venv/lib/python3.9/site-packages/airflow/example_dags/example_bash_operator.py for tasks to queue
[2022-10-27 22:42:51,503] {logging_mixin.py:115} INFO - [2022-10-27 22:42:51,503] {dagbag.py:507} INFO - Filling up the DagBag from /home/nayara/Documentos/airflowalura/venv/lib/python3.9/site-packages/airflow/example_dags/example_bash_operator.py
[2022-10-27 22:42:51,536] {processor.py:651} INFO - DAG(s) dict_keys(['example_bash_operator']) retrieved from /home/nayara/Documentos/airflowalura/venv/lib/python3.9/site-packages/airflow/example_dags/example_bash_operator.py
[2022-10-27 22:42:51,556] {logging_mixin.py:115} INFO - [2022-10-27 22:42:51,555] {dag.py:2379} INFO - Sync 1 DAGs
[2022-10-27 22:42:51,578] {logging_mixin.py:115} INFO - [2022-10-27 22:42:51,577] {dag.py:2927} INFO - Setting next_dagrun for example_bash_operator to 2022-10-27T00:00:00+00:00, run_after=2022-10-28T00:00:00+00:00
[2022-10-27 22:42:51,827] {processor.py:161} INFO - Processing /home/nayara/Documentos/airflowalura/venv/lib/python3.9/site-packages/airflow/example_dags/example_bash_operator.py took 0.362 seconds
[2022-10-27 22:43:45,862] {processor.py:153} INFO - Started process (PID=53126) to work on /home/nayara/Documentos/airflowalura/venv/lib/python3.9/site-packages/airflow/example_dags/example_bash_operator.py
[2022-10-27 22:43:45,886] {processor.py:641} INFO - Processing file /home/nayara/Documentos/airflowalura/venv/lib/python3.9/site-packages/airflow/example_dags/example_bash_operator.py for tasks to queue
[2022-10-27 22:43:45,890] {logging_mixin.py:115} INFO - [2022-10-27 22:43:45,889] {dagbag.py:507} INFO - Filling up the DagBag from /home/nayara/Documentos/airflowalura/venv/lib/python3.9/site-packages/airflow/example_dags/example_bash_operator.py
[2022-10-27 22:43:45,942] {processor.py:651} INFO - DAG(s) dict_keys(['example_bash_operator']) retrieved from /home/nayara/Documentos/airflowalura/venv/lib/python3.9/site-packages/airflow/example_dags/example_bash_operator.py
[2022-10-27 22:43:45,968] {logging_mixin.py:115} INFO - [2022-10-27 22:43:45,968] {dag.py:2379} INFO - Sync 1 DAGs
[2022-10-27 22:43:45,994] {logging_mixin.py:115} INFO - [2022-10-27 22:43:45,994] {dag.py:2927} INFO - Setting next_dagrun for example_bash_operator to 2022-10-27T00:00:00+00:00, run_after=2022-10-28T00:00:00+00:00
[2022-10-27 22:43:46,470] {processor.py:161} INFO - Processing /home/nayara/Documentos/airflowalura/venv/lib/python3.9/site-packages/airflow/example_dags/example_bash_operator.py took 0.625 seconds
[2022-10-27 22:45:03,347] {processor.py:153} INFO - Started process (PID=53342) to work on /home/nayara/Documentos/airflowalura/venv/lib/python3.9/site-packages/airflow/example_dags/example_bash_operator.py
[2022-10-27 22:45:03,419] {processor.py:641} INFO - Processing file /home/nayara/Documentos/airflowalura/venv/lib/python3.9/site-packages/airflow/example_dags/example_bash_operator.py for tasks to queue
[2022-10-27 22:45:03,420] {logging_mixin.py:115} INFO - [2022-10-27 22:45:03,420] {dagbag.py:507} INFO - Filling up the DagBag from /home/nayara/Documentos/airflowalura/venv/lib/python3.9/site-packages/airflow/example_dags/example_bash_operator.py
[2022-10-27 22:45:03,438] {processor.py:651} INFO - DAG(s) dict_keys(['example_bash_operator']) retrieved from /home/nayara/Documentos/airflowalura/venv/lib/python3.9/site-packages/airflow/example_dags/example_bash_operator.py
[2022-10-27 22:45:03,458] {logging_mixin.py:115} INFO - [2022-10-27 22:45:03,458] {dag.py:2379} INFO - Sync 1 DAGs
[2022-10-27 22:45:03,480] {logging_mixin.py:115} INFO - [2022-10-27 22:45:03,480] {dag.py:2927} INFO - Setting next_dagrun for example_bash_operator to 2022-10-27T00:00:00+00:00, run_after=2022-10-28T00:00:00+00:00
[2022-10-27 22:45:03,694] {processor.py:161} INFO - Processing /home/nayara/Documentos/airflowalura/venv/lib/python3.9/site-packages/airflow/example_dags/example_bash_operator.py took 0.357 seconds
[2022-10-27 22:46:05,978] {processor.py:153} INFO - Started process (PID=53456) to work on /home/nayara/Documentos/airflowalura/venv/lib/python3.9/site-packages/airflow/example_dags/example_bash_operator.py
[2022-10-27 22:46:06,002] {processor.py:641} INFO - Processing file /home/nayara/Documentos/airflowalura/venv/lib/python3.9/site-packages/airflow/example_dags/example_bash_operator.py for tasks to queue
[2022-10-27 22:46:06,005] {logging_mixin.py:115} INFO - [2022-10-27 22:46:06,004] {dagbag.py:507} INFO - Filling up the DagBag from /home/nayara/Documentos/airflowalura/venv/lib/python3.9/site-packages/airflow/example_dags/example_bash_operator.py
[2022-10-27 22:46:06,062] {processor.py:651} INFO - DAG(s) dict_keys(['example_bash_operator']) retrieved from /home/nayara/Documentos/airflowalura/venv/lib/python3.9/site-packages/airflow/example_dags/example_bash_operator.py
[2022-10-27 22:46:06,085] {logging_mixin.py:115} INFO - [2022-10-27 22:46:06,085] {dag.py:2379} INFO - Sync 1 DAGs
[2022-10-27 22:46:06,110] {logging_mixin.py:115} INFO - [2022-10-27 22:46:06,110] {dag.py:2927} INFO - Setting next_dagrun for example_bash_operator to 2022-10-27T00:00:00+00:00, run_after=2022-10-28T00:00:00+00:00
[2022-10-27 22:46:06,319] {processor.py:161} INFO - Processing /home/nayara/Documentos/airflowalura/venv/lib/python3.9/site-packages/airflow/example_dags/example_bash_operator.py took 0.353 seconds
[2022-10-27 22:47:16,127] {processor.py:153} INFO - Started process (PID=53631) to work on /home/nayara/Documentos/airflowalura/venv/lib/python3.9/site-packages/airflow/example_dags/example_bash_operator.py
[2022-10-27 22:47:16,162] {processor.py:641} INFO - Processing file /home/nayara/Documentos/airflowalura/venv/lib/python3.9/site-packages/airflow/example_dags/example_bash_operator.py for tasks to queue
[2022-10-27 22:47:16,163] {logging_mixin.py:115} INFO - [2022-10-27 22:47:16,163] {dagbag.py:507} INFO - Filling up the DagBag from /home/nayara/Documentos/airflowalura/venv/lib/python3.9/site-packages/airflow/example_dags/example_bash_operator.py
[2022-10-27 22:47:16,198] {processor.py:651} INFO - DAG(s) dict_keys(['example_bash_operator']) retrieved from /home/nayara/Documentos/airflowalura/venv/lib/python3.9/site-packages/airflow/example_dags/example_bash_operator.py
[2022-10-27 22:47:16,218] {logging_mixin.py:115} INFO - [2022-10-27 22:47:16,218] {dag.py:2379} INFO - Sync 1 DAGs
[2022-10-27 22:47:16,243] {logging_mixin.py:115} INFO - [2022-10-27 22:47:16,243] {dag.py:2927} INFO - Setting next_dagrun for example_bash_operator to 2022-10-27T00:00:00+00:00, run_after=2022-10-28T00:00:00+00:00
[2022-10-27 22:47:17,184] {processor.py:161} INFO - Processing /home/nayara/Documentos/airflowalura/venv/lib/python3.9/site-packages/airflow/example_dags/example_bash_operator.py took 1.067 seconds
[2022-10-27 22:48:28,553] {processor.py:153} INFO - Started process (PID=53774) to work on /home/nayara/Documentos/airflowalura/venv/lib/python3.9/site-packages/airflow/example_dags/example_bash_operator.py
[2022-10-27 22:48:28,556] {processor.py:641} INFO - Processing file /home/nayara/Documentos/airflowalura/venv/lib/python3.9/site-packages/airflow/example_dags/example_bash_operator.py for tasks to queue
[2022-10-27 22:48:28,561] {logging_mixin.py:115} INFO - [2022-10-27 22:48:28,560] {dagbag.py:507} INFO - Filling up the DagBag from /home/nayara/Documentos/airflowalura/venv/lib/python3.9/site-packages/airflow/example_dags/example_bash_operator.py
[2022-10-27 22:48:28,612] {processor.py:651} INFO - DAG(s) dict_keys(['example_bash_operator']) retrieved from /home/nayara/Documentos/airflowalura/venv/lib/python3.9/site-packages/airflow/example_dags/example_bash_operator.py
[2022-10-27 22:48:28,639] {logging_mixin.py:115} INFO - [2022-10-27 22:48:28,639] {dag.py:2379} INFO - Sync 1 DAGs
[2022-10-27 22:48:28,666] {logging_mixin.py:115} INFO - [2022-10-27 22:48:28,666] {dag.py:2927} INFO - Setting next_dagrun for example_bash_operator to 2022-10-27T00:00:00+00:00, run_after=2022-10-28T00:00:00+00:00
[2022-10-27 22:48:28,901] {processor.py:161} INFO - Processing /home/nayara/Documentos/airflowalura/venv/lib/python3.9/site-packages/airflow/example_dags/example_bash_operator.py took 0.361 seconds
[2022-10-27 22:49:32,245] {processor.py:153} INFO - Started process (PID=53910) to work on /home/nayara/Documentos/airflowalura/venv/lib/python3.9/site-packages/airflow/example_dags/example_bash_operator.py
[2022-10-27 22:49:32,257] {processor.py:641} INFO - Processing file /home/nayara/Documentos/airflowalura/venv/lib/python3.9/site-packages/airflow/example_dags/example_bash_operator.py for tasks to queue
[2022-10-27 22:49:32,258] {logging_mixin.py:115} INFO - [2022-10-27 22:49:32,258] {dagbag.py:507} INFO - Filling up the DagBag from /home/nayara/Documentos/airflowalura/venv/lib/python3.9/site-packages/airflow/example_dags/example_bash_operator.py
[2022-10-27 22:49:32,281] {processor.py:651} INFO - DAG(s) dict_keys(['example_bash_operator']) retrieved from /home/nayara/Documentos/airflowalura/venv/lib/python3.9/site-packages/airflow/example_dags/example_bash_operator.py
[2022-10-27 22:49:32,301] {logging_mixin.py:115} INFO - [2022-10-27 22:49:32,301] {dag.py:2379} INFO - Sync 1 DAGs
[2022-10-27 22:49:32,332] {logging_mixin.py:115} INFO - [2022-10-27 22:49:32,332] {dag.py:2927} INFO - Setting next_dagrun for example_bash_operator to 2022-10-27T00:00:00+00:00, run_after=2022-10-28T00:00:00+00:00
[2022-10-27 22:49:32,562] {processor.py:161} INFO - Processing /home/nayara/Documentos/airflowalura/venv/lib/python3.9/site-packages/airflow/example_dags/example_bash_operator.py took 0.324 seconds
[2022-10-27 22:50:38,951] {processor.py:153} INFO - Started process (PID=54034) to work on /home/nayara/Documentos/airflowalura/venv/lib/python3.9/site-packages/airflow/example_dags/example_bash_operator.py
[2022-10-27 22:50:38,961] {processor.py:641} INFO - Processing file /home/nayara/Documentos/airflowalura/venv/lib/python3.9/site-packages/airflow/example_dags/example_bash_operator.py for tasks to queue
[2022-10-27 22:50:38,963] {logging_mixin.py:115} INFO - [2022-10-27 22:50:38,963] {dagbag.py:507} INFO - Filling up the DagBag from /home/nayara/Documentos/airflowalura/venv/lib/python3.9/site-packages/airflow/example_dags/example_bash_operator.py
[2022-10-27 22:50:38,997] {processor.py:651} INFO - DAG(s) dict_keys(['example_bash_operator']) retrieved from /home/nayara/Documentos/airflowalura/venv/lib/python3.9/site-packages/airflow/example_dags/example_bash_operator.py
[2022-10-27 22:50:39,024] {logging_mixin.py:115} INFO - [2022-10-27 22:50:39,024] {dag.py:2379} INFO - Sync 1 DAGs
[2022-10-27 22:50:39,054] {logging_mixin.py:115} INFO - [2022-10-27 22:50:39,054] {dag.py:2927} INFO - Setting next_dagrun for example_bash_operator to 2022-10-27T00:00:00+00:00, run_after=2022-10-28T00:00:00+00:00
[2022-10-27 22:50:39,305] {processor.py:161} INFO - Processing /home/nayara/Documentos/airflowalura/venv/lib/python3.9/site-packages/airflow/example_dags/example_bash_operator.py took 0.367 seconds
[2022-10-27 22:51:50,430] {processor.py:153} INFO - Started process (PID=54190) to work on /home/nayara/Documentos/airflowalura/venv/lib/python3.9/site-packages/airflow/example_dags/example_bash_operator.py
[2022-10-27 22:51:50,454] {processor.py:641} INFO - Processing file /home/nayara/Documentos/airflowalura/venv/lib/python3.9/site-packages/airflow/example_dags/example_bash_operator.py for tasks to queue
[2022-10-27 22:51:50,456] {logging_mixin.py:115} INFO - [2022-10-27 22:51:50,455] {dagbag.py:507} INFO - Filling up the DagBag from /home/nayara/Documentos/airflowalura/venv/lib/python3.9/site-packages/airflow/example_dags/example_bash_operator.py
[2022-10-27 22:51:50,520] {processor.py:651} INFO - DAG(s) dict_keys(['example_bash_operator']) retrieved from /home/nayara/Documentos/airflowalura/venv/lib/python3.9/site-packages/airflow/example_dags/example_bash_operator.py
[2022-10-27 22:51:50,552] {logging_mixin.py:115} INFO - [2022-10-27 22:51:50,552] {dag.py:2379} INFO - Sync 1 DAGs
[2022-10-27 22:51:50,583] {logging_mixin.py:115} INFO - [2022-10-27 22:51:50,583] {dag.py:2927} INFO - Setting next_dagrun for example_bash_operator to 2022-10-27T00:00:00+00:00, run_after=2022-10-28T00:00:00+00:00
[2022-10-27 22:51:50,869] {processor.py:161} INFO - Processing /home/nayara/Documentos/airflowalura/venv/lib/python3.9/site-packages/airflow/example_dags/example_bash_operator.py took 0.451 seconds
[2022-10-27 22:52:47,469] {processor.py:153} INFO - Started process (PID=54277) to work on /home/nayara/Documentos/airflowalura/venv/lib/python3.9/site-packages/airflow/example_dags/example_bash_operator.py
[2022-10-27 22:52:47,494] {processor.py:641} INFO - Processing file /home/nayara/Documentos/airflowalura/venv/lib/python3.9/site-packages/airflow/example_dags/example_bash_operator.py for tasks to queue
[2022-10-27 22:52:47,495] {logging_mixin.py:115} INFO - [2022-10-27 22:52:47,495] {dagbag.py:507} INFO - Filling up the DagBag from /home/nayara/Documentos/airflowalura/venv/lib/python3.9/site-packages/airflow/example_dags/example_bash_operator.py
[2022-10-27 22:52:47,513] {processor.py:651} INFO - DAG(s) dict_keys(['example_bash_operator']) retrieved from /home/nayara/Documentos/airflowalura/venv/lib/python3.9/site-packages/airflow/example_dags/example_bash_operator.py
[2022-10-27 22:52:47,538] {logging_mixin.py:115} INFO - [2022-10-27 22:52:47,538] {dag.py:2379} INFO - Sync 1 DAGs
[2022-10-27 22:52:47,566] {logging_mixin.py:115} INFO - [2022-10-27 22:52:47,566] {dag.py:2927} INFO - Setting next_dagrun for example_bash_operator to 2022-10-27T00:00:00+00:00, run_after=2022-10-28T00:00:00+00:00
[2022-10-27 22:52:47,834] {processor.py:161} INFO - Processing /home/nayara/Documentos/airflowalura/venv/lib/python3.9/site-packages/airflow/example_dags/example_bash_operator.py took 0.370 seconds
[2022-10-27 22:53:53,723] {processor.py:153} INFO - Started process (PID=54403) to work on /home/nayara/Documentos/airflowalura/venv/lib/python3.9/site-packages/airflow/example_dags/example_bash_operator.py
[2022-10-27 22:53:53,746] {processor.py:641} INFO - Processing file /home/nayara/Documentos/airflowalura/venv/lib/python3.9/site-packages/airflow/example_dags/example_bash_operator.py for tasks to queue
[2022-10-27 22:53:53,750] {logging_mixin.py:115} INFO - [2022-10-27 22:53:53,750] {dagbag.py:507} INFO - Filling up the DagBag from /home/nayara/Documentos/airflowalura/venv/lib/python3.9/site-packages/airflow/example_dags/example_bash_operator.py
[2022-10-27 22:53:53,819] {processor.py:651} INFO - DAG(s) dict_keys(['example_bash_operator']) retrieved from /home/nayara/Documentos/airflowalura/venv/lib/python3.9/site-packages/airflow/example_dags/example_bash_operator.py
[2022-10-27 22:53:53,849] {logging_mixin.py:115} INFO - [2022-10-27 22:53:53,849] {dag.py:2379} INFO - Sync 1 DAGs
[2022-10-27 22:53:53,879] {logging_mixin.py:115} INFO - [2022-10-27 22:53:53,879] {dag.py:2927} INFO - Setting next_dagrun for example_bash_operator to 2022-10-27T00:00:00+00:00, run_after=2022-10-28T00:00:00+00:00
[2022-10-27 22:53:54,177] {processor.py:161} INFO - Processing /home/nayara/Documentos/airflowalura/venv/lib/python3.9/site-packages/airflow/example_dags/example_bash_operator.py took 0.469 seconds
[2022-10-27 22:55:12,176] {processor.py:153} INFO - Started process (PID=54547) to work on /home/nayara/Documentos/airflowalura/venv/lib/python3.9/site-packages/airflow/example_dags/example_bash_operator.py
[2022-10-27 22:55:12,193] {processor.py:641} INFO - Processing file /home/nayara/Documentos/airflowalura/venv/lib/python3.9/site-packages/airflow/example_dags/example_bash_operator.py for tasks to queue
[2022-10-27 22:55:12,196] {logging_mixin.py:115} INFO - [2022-10-27 22:55:12,195] {dagbag.py:507} INFO - Filling up the DagBag from /home/nayara/Documentos/airflowalura/venv/lib/python3.9/site-packages/airflow/example_dags/example_bash_operator.py
[2022-10-27 22:55:12,255] {processor.py:651} INFO - DAG(s) dict_keys(['example_bash_operator']) retrieved from /home/nayara/Documentos/airflowalura/venv/lib/python3.9/site-packages/airflow/example_dags/example_bash_operator.py
[2022-10-27 22:55:12,287] {logging_mixin.py:115} INFO - [2022-10-27 22:55:12,287] {dag.py:2379} INFO - Sync 1 DAGs
[2022-10-27 22:55:12,310] {logging_mixin.py:115} INFO - [2022-10-27 22:55:12,310] {dag.py:2927} INFO - Setting next_dagrun for example_bash_operator to 2022-10-27T00:00:00+00:00, run_after=2022-10-28T00:00:00+00:00
[2022-10-27 22:55:12,614] {processor.py:161} INFO - Processing /home/nayara/Documentos/airflowalura/venv/lib/python3.9/site-packages/airflow/example_dags/example_bash_operator.py took 0.452 seconds
[2022-10-27 22:56:28,774] {processor.py:153} INFO - Started process (PID=54721) to work on /home/nayara/Documentos/airflowalura/venv/lib/python3.9/site-packages/airflow/example_dags/example_bash_operator.py
[2022-10-27 22:56:28,788] {processor.py:641} INFO - Processing file /home/nayara/Documentos/airflowalura/venv/lib/python3.9/site-packages/airflow/example_dags/example_bash_operator.py for tasks to queue
[2022-10-27 22:56:28,789] {logging_mixin.py:115} INFO - [2022-10-27 22:56:28,789] {dagbag.py:507} INFO - Filling up the DagBag from /home/nayara/Documentos/airflowalura/venv/lib/python3.9/site-packages/airflow/example_dags/example_bash_operator.py
[2022-10-27 22:56:28,805] {processor.py:651} INFO - DAG(s) dict_keys(['example_bash_operator']) retrieved from /home/nayara/Documentos/airflowalura/venv/lib/python3.9/site-packages/airflow/example_dags/example_bash_operator.py
[2022-10-27 22:56:28,825] {logging_mixin.py:115} INFO - [2022-10-27 22:56:28,825] {dag.py:2379} INFO - Sync 1 DAGs
[2022-10-27 22:56:28,848] {logging_mixin.py:115} INFO - [2022-10-27 22:56:28,848] {dag.py:2927} INFO - Setting next_dagrun for example_bash_operator to 2022-10-27T00:00:00+00:00, run_after=2022-10-28T00:00:00+00:00
[2022-10-27 22:56:29,085] {processor.py:161} INFO - Processing /home/nayara/Documentos/airflowalura/venv/lib/python3.9/site-packages/airflow/example_dags/example_bash_operator.py took 0.317 seconds
