[2022-10-27 22:14:37,717] {processor.py:153} INFO - Started process (PID=48812) to work on /home/nayara/Documentos/airflowalura/venv/lib/python3.9/site-packages/airflow/example_dags/example_task_group.py
[2022-10-27 22:14:37,718] {processor.py:641} INFO - Processing file /home/nayara/Documentos/airflowalura/venv/lib/python3.9/site-packages/airflow/example_dags/example_task_group.py for tasks to queue
[2022-10-27 22:14:37,720] {logging_mixin.py:115} INFO - [2022-10-27 22:14:37,719] {dagbag.py:507} INFO - Filling up the DagBag from /home/nayara/Documentos/airflowalura/venv/lib/python3.9/site-packages/airflow/example_dags/example_task_group.py
[2022-10-27 22:14:37,849] {processor.py:651} INFO - DAG(s) dict_keys(['example_task_group']) retrieved from /home/nayara/Documentos/airflowalura/venv/lib/python3.9/site-packages/airflow/example_dags/example_task_group.py
[2022-10-27 22:14:39,849] {logging_mixin.py:115} INFO - [2022-10-27 22:14:39,847] {manager.py:508} INFO - Created Permission View: can read on DAG:example_task_group
[2022-10-27 22:14:40,788] {logging_mixin.py:115} INFO - [2022-10-27 22:14:40,787] {manager.py:508} INFO - Created Permission View: can delete on DAG:example_task_group
[2022-10-27 22:14:41,675] {logging_mixin.py:115} INFO - [2022-10-27 22:14:41,674] {manager.py:508} INFO - Created Permission View: can edit on DAG:example_task_group
[2022-10-27 22:14:41,677] {logging_mixin.py:115} INFO - [2022-10-27 22:14:41,676] {dag.py:2379} INFO - Sync 1 DAGs
[2022-10-27 22:14:43,015] {logging_mixin.py:115} INFO - [2022-10-27 22:14:43,015] {dag.py:2398} INFO - Creating ORM DAG for example_task_group
[2022-10-27 22:14:44,066] {logging_mixin.py:115} INFO - [2022-10-27 22:14:44,065] {dag.py:2927} INFO - Setting next_dagrun for example_task_group to 2022-10-27T01:14:44.065189+00:00, run_after=2022-10-28T01:14:44.065189+00:00
[2022-10-27 22:14:45,387] {processor.py:161} INFO - Processing /home/nayara/Documentos/airflowalura/venv/lib/python3.9/site-packages/airflow/example_dags/example_task_group.py took 7.687 seconds
[2022-10-27 22:17:39,263] {processor.py:153} INFO - Started process (PID=49234) to work on /home/nayara/Documentos/airflowalura/venv/lib/python3.9/site-packages/airflow/example_dags/example_task_group.py
[2022-10-27 22:17:39,281] {processor.py:641} INFO - Processing file /home/nayara/Documentos/airflowalura/venv/lib/python3.9/site-packages/airflow/example_dags/example_task_group.py for tasks to queue
[2022-10-27 22:17:39,282] {logging_mixin.py:115} INFO - [2022-10-27 22:17:39,281] {dagbag.py:507} INFO - Filling up the DagBag from /home/nayara/Documentos/airflowalura/venv/lib/python3.9/site-packages/airflow/example_dags/example_task_group.py
[2022-10-27 22:17:39,295] {processor.py:651} INFO - DAG(s) dict_keys(['example_task_group']) retrieved from /home/nayara/Documentos/airflowalura/venv/lib/python3.9/site-packages/airflow/example_dags/example_task_group.py
[2022-10-27 22:17:39,323] {logging_mixin.py:115} INFO - [2022-10-27 22:17:39,323] {dag.py:2379} INFO - Sync 1 DAGs
[2022-10-27 22:17:39,347] {logging_mixin.py:115} INFO - [2022-10-27 22:17:39,347] {dag.py:2927} INFO - Setting next_dagrun for example_task_group to 2022-10-27T01:17:39.346996+00:00, run_after=2022-10-28T01:17:39.346996+00:00
[2022-10-27 22:17:39,626] {processor.py:161} INFO - Processing /home/nayara/Documentos/airflowalura/venv/lib/python3.9/site-packages/airflow/example_dags/example_task_group.py took 0.366 seconds
[2022-10-27 22:18:30,942] {processor.py:153} INFO - Started process (PID=49355) to work on /home/nayara/Documentos/airflowalura/venv/lib/python3.9/site-packages/airflow/example_dags/example_task_group.py
[2022-10-27 22:18:30,956] {processor.py:641} INFO - Processing file /home/nayara/Documentos/airflowalura/venv/lib/python3.9/site-packages/airflow/example_dags/example_task_group.py for tasks to queue
[2022-10-27 22:18:30,959] {logging_mixin.py:115} INFO - [2022-10-27 22:18:30,958] {dagbag.py:507} INFO - Filling up the DagBag from /home/nayara/Documentos/airflowalura/venv/lib/python3.9/site-packages/airflow/example_dags/example_task_group.py
[2022-10-27 22:18:30,979] {processor.py:651} INFO - DAG(s) dict_keys(['example_task_group']) retrieved from /home/nayara/Documentos/airflowalura/venv/lib/python3.9/site-packages/airflow/example_dags/example_task_group.py
[2022-10-27 22:18:31,001] {logging_mixin.py:115} INFO - [2022-10-27 22:18:31,001] {dag.py:2379} INFO - Sync 1 DAGs
[2022-10-27 22:18:31,026] {logging_mixin.py:115} INFO - [2022-10-27 22:18:31,026] {dag.py:2927} INFO - Setting next_dagrun for example_task_group to 2022-10-27T01:18:31.026464+00:00, run_after=2022-10-28T01:18:31.026464+00:00
[2022-10-27 22:18:31,479] {processor.py:161} INFO - Processing /home/nayara/Documentos/airflowalura/venv/lib/python3.9/site-packages/airflow/example_dags/example_task_group.py took 0.547 seconds
[2022-10-27 22:20:06,365] {processor.py:153} INFO - Started process (PID=49794) to work on /home/nayara/Documentos/airflowalura/venv/lib/python3.9/site-packages/airflow/example_dags/example_task_group.py
[2022-10-27 22:20:06,408] {processor.py:641} INFO - Processing file /home/nayara/Documentos/airflowalura/venv/lib/python3.9/site-packages/airflow/example_dags/example_task_group.py for tasks to queue
[2022-10-27 22:20:06,411] {logging_mixin.py:115} INFO - [2022-10-27 22:20:06,410] {dagbag.py:507} INFO - Filling up the DagBag from /home/nayara/Documentos/airflowalura/venv/lib/python3.9/site-packages/airflow/example_dags/example_task_group.py
[2022-10-27 22:20:06,440] {processor.py:651} INFO - DAG(s) dict_keys(['example_task_group']) retrieved from /home/nayara/Documentos/airflowalura/venv/lib/python3.9/site-packages/airflow/example_dags/example_task_group.py
[2022-10-27 22:20:06,463] {logging_mixin.py:115} INFO - [2022-10-27 22:20:06,463] {dag.py:2379} INFO - Sync 1 DAGs
[2022-10-27 22:20:06,487] {logging_mixin.py:115} INFO - [2022-10-27 22:20:06,487] {dag.py:2927} INFO - Setting next_dagrun for example_task_group to 2022-10-27T01:20:06.487210+00:00, run_after=2022-10-28T01:20:06.487210+00:00
[2022-10-27 22:20:07,052] {processor.py:161} INFO - Processing /home/nayara/Documentos/airflowalura/venv/lib/python3.9/site-packages/airflow/example_dags/example_task_group.py took 0.700 seconds
[2022-10-27 22:20:59,758] {processor.py:153} INFO - Started process (PID=49933) to work on /home/nayara/Documentos/airflowalura/venv/lib/python3.9/site-packages/airflow/example_dags/example_task_group.py
[2022-10-27 22:20:59,790] {processor.py:641} INFO - Processing file /home/nayara/Documentos/airflowalura/venv/lib/python3.9/site-packages/airflow/example_dags/example_task_group.py for tasks to queue
[2022-10-27 22:20:59,791] {logging_mixin.py:115} INFO - [2022-10-27 22:20:59,791] {dagbag.py:507} INFO - Filling up the DagBag from /home/nayara/Documentos/airflowalura/venv/lib/python3.9/site-packages/airflow/example_dags/example_task_group.py
[2022-10-27 22:20:59,802] {processor.py:651} INFO - DAG(s) dict_keys(['example_task_group']) retrieved from /home/nayara/Documentos/airflowalura/venv/lib/python3.9/site-packages/airflow/example_dags/example_task_group.py
[2022-10-27 22:20:59,828] {logging_mixin.py:115} INFO - [2022-10-27 22:20:59,828] {dag.py:2379} INFO - Sync 1 DAGs
[2022-10-27 22:20:59,861] {logging_mixin.py:115} INFO - [2022-10-27 22:20:59,861] {dag.py:2927} INFO - Setting next_dagrun for example_task_group to 2022-10-27T01:20:59.861303+00:00, run_after=2022-10-28T01:20:59.861303+00:00
[2022-10-27 22:21:00,364] {processor.py:161} INFO - Processing /home/nayara/Documentos/airflowalura/venv/lib/python3.9/site-packages/airflow/example_dags/example_task_group.py took 0.610 seconds
[2022-10-27 22:21:40,724] {processor.py:153} INFO - Started process (PID=50019) to work on /home/nayara/Documentos/airflowalura/venv/lib/python3.9/site-packages/airflow/example_dags/example_task_group.py
[2022-10-27 22:21:40,742] {processor.py:641} INFO - Processing file /home/nayara/Documentos/airflowalura/venv/lib/python3.9/site-packages/airflow/example_dags/example_task_group.py for tasks to queue
[2022-10-27 22:21:40,744] {logging_mixin.py:115} INFO - [2022-10-27 22:21:40,743] {dagbag.py:507} INFO - Filling up the DagBag from /home/nayara/Documentos/airflowalura/venv/lib/python3.9/site-packages/airflow/example_dags/example_task_group.py
[2022-10-27 22:21:40,764] {processor.py:651} INFO - DAG(s) dict_keys(['example_task_group']) retrieved from /home/nayara/Documentos/airflowalura/venv/lib/python3.9/site-packages/airflow/example_dags/example_task_group.py
[2022-10-27 22:21:40,794] {logging_mixin.py:115} INFO - [2022-10-27 22:21:40,794] {dag.py:2379} INFO - Sync 1 DAGs
[2022-10-27 22:21:40,823] {logging_mixin.py:115} INFO - [2022-10-27 22:21:40,823] {dag.py:2927} INFO - Setting next_dagrun for example_task_group to 2022-10-27T01:21:40.823220+00:00, run_after=2022-10-28T01:21:40.823220+00:00
[2022-10-27 22:21:41,175] {processor.py:161} INFO - Processing /home/nayara/Documentos/airflowalura/venv/lib/python3.9/site-packages/airflow/example_dags/example_task_group.py took 0.471 seconds
[2022-10-27 22:22:21,332] {processor.py:153} INFO - Started process (PID=50120) to work on /home/nayara/Documentos/airflowalura/venv/lib/python3.9/site-packages/airflow/example_dags/example_task_group.py
[2022-10-27 22:22:21,350] {processor.py:641} INFO - Processing file /home/nayara/Documentos/airflowalura/venv/lib/python3.9/site-packages/airflow/example_dags/example_task_group.py for tasks to queue
[2022-10-27 22:22:21,356] {logging_mixin.py:115} INFO - [2022-10-27 22:22:21,355] {dagbag.py:507} INFO - Filling up the DagBag from /home/nayara/Documentos/airflowalura/venv/lib/python3.9/site-packages/airflow/example_dags/example_task_group.py
[2022-10-27 22:22:21,391] {processor.py:651} INFO - DAG(s) dict_keys(['example_task_group']) retrieved from /home/nayara/Documentos/airflowalura/venv/lib/python3.9/site-packages/airflow/example_dags/example_task_group.py
[2022-10-27 22:22:21,420] {logging_mixin.py:115} INFO - [2022-10-27 22:22:21,419] {dag.py:2379} INFO - Sync 1 DAGs
[2022-10-27 22:22:21,449] {logging_mixin.py:115} INFO - [2022-10-27 22:22:21,449] {dag.py:2927} INFO - Setting next_dagrun for example_task_group to 2022-10-27T01:22:21.449246+00:00, run_after=2022-10-28T01:22:21.449246+00:00
[2022-10-27 22:22:21,738] {processor.py:161} INFO - Processing /home/nayara/Documentos/airflowalura/venv/lib/python3.9/site-packages/airflow/example_dags/example_task_group.py took 0.425 seconds
[2022-10-27 22:23:04,095] {processor.py:153} INFO - Started process (PID=50211) to work on /home/nayara/Documentos/airflowalura/venv/lib/python3.9/site-packages/airflow/example_dags/example_task_group.py
[2022-10-27 22:23:04,102] {processor.py:641} INFO - Processing file /home/nayara/Documentos/airflowalura/venv/lib/python3.9/site-packages/airflow/example_dags/example_task_group.py for tasks to queue
[2022-10-27 22:23:04,103] {logging_mixin.py:115} INFO - [2022-10-27 22:23:04,103] {dagbag.py:507} INFO - Filling up the DagBag from /home/nayara/Documentos/airflowalura/venv/lib/python3.9/site-packages/airflow/example_dags/example_task_group.py
[2022-10-27 22:23:04,118] {processor.py:651} INFO - DAG(s) dict_keys(['example_task_group']) retrieved from /home/nayara/Documentos/airflowalura/venv/lib/python3.9/site-packages/airflow/example_dags/example_task_group.py
[2022-10-27 22:23:04,155] {logging_mixin.py:115} INFO - [2022-10-27 22:23:04,155] {dag.py:2379} INFO - Sync 1 DAGs
[2022-10-27 22:23:04,194] {logging_mixin.py:115} INFO - [2022-10-27 22:23:04,193] {dag.py:2927} INFO - Setting next_dagrun for example_task_group to 2022-10-27T01:23:04.193627+00:00, run_after=2022-10-28T01:23:04.193627+00:00
[2022-10-27 22:23:04,481] {processor.py:161} INFO - Processing /home/nayara/Documentos/airflowalura/venv/lib/python3.9/site-packages/airflow/example_dags/example_task_group.py took 0.392 seconds
[2022-10-27 22:23:42,845] {processor.py:153} INFO - Started process (PID=50317) to work on /home/nayara/Documentos/airflowalura/venv/lib/python3.9/site-packages/airflow/example_dags/example_task_group.py
[2022-10-27 22:23:42,888] {processor.py:641} INFO - Processing file /home/nayara/Documentos/airflowalura/venv/lib/python3.9/site-packages/airflow/example_dags/example_task_group.py for tasks to queue
[2022-10-27 22:23:42,890] {logging_mixin.py:115} INFO - [2022-10-27 22:23:42,889] {dagbag.py:507} INFO - Filling up the DagBag from /home/nayara/Documentos/airflowalura/venv/lib/python3.9/site-packages/airflow/example_dags/example_task_group.py
[2022-10-27 22:23:42,914] {processor.py:651} INFO - DAG(s) dict_keys(['example_task_group']) retrieved from /home/nayara/Documentos/airflowalura/venv/lib/python3.9/site-packages/airflow/example_dags/example_task_group.py
[2022-10-27 22:23:43,017] {logging_mixin.py:115} INFO - [2022-10-27 22:23:43,017] {dag.py:2379} INFO - Sync 1 DAGs
[2022-10-27 22:23:43,042] {logging_mixin.py:115} INFO - [2022-10-27 22:23:43,042] {dag.py:2927} INFO - Setting next_dagrun for example_task_group to 2022-10-27T01:23:43.042514+00:00, run_after=2022-10-28T01:23:43.042514+00:00
[2022-10-27 22:23:43,633] {processor.py:161} INFO - Processing /home/nayara/Documentos/airflowalura/venv/lib/python3.9/site-packages/airflow/example_dags/example_task_group.py took 0.792 seconds
[2022-10-27 22:24:33,115] {processor.py:153} INFO - Started process (PID=50427) to work on /home/nayara/Documentos/airflowalura/venv/lib/python3.9/site-packages/airflow/example_dags/example_task_group.py
[2022-10-27 22:24:33,134] {processor.py:641} INFO - Processing file /home/nayara/Documentos/airflowalura/venv/lib/python3.9/site-packages/airflow/example_dags/example_task_group.py for tasks to queue
[2022-10-27 22:24:33,136] {logging_mixin.py:115} INFO - [2022-10-27 22:24:33,135] {dagbag.py:507} INFO - Filling up the DagBag from /home/nayara/Documentos/airflowalura/venv/lib/python3.9/site-packages/airflow/example_dags/example_task_group.py
[2022-10-27 22:24:33,165] {processor.py:651} INFO - DAG(s) dict_keys(['example_task_group']) retrieved from /home/nayara/Documentos/airflowalura/venv/lib/python3.9/site-packages/airflow/example_dags/example_task_group.py
[2022-10-27 22:24:33,222] {logging_mixin.py:115} INFO - [2022-10-27 22:24:33,222] {dag.py:2379} INFO - Sync 1 DAGs
[2022-10-27 22:24:33,272] {logging_mixin.py:115} INFO - [2022-10-27 22:24:33,271] {dag.py:2927} INFO - Setting next_dagrun for example_task_group to 2022-10-27T01:24:33.271170+00:00, run_after=2022-10-28T01:24:33.271170+00:00
[2022-10-27 22:24:33,790] {processor.py:161} INFO - Processing /home/nayara/Documentos/airflowalura/venv/lib/python3.9/site-packages/airflow/example_dags/example_task_group.py took 0.688 seconds
[2022-10-27 22:25:19,735] {processor.py:153} INFO - Started process (PID=50541) to work on /home/nayara/Documentos/airflowalura/venv/lib/python3.9/site-packages/airflow/example_dags/example_task_group.py
[2022-10-27 22:25:19,785] {processor.py:641} INFO - Processing file /home/nayara/Documentos/airflowalura/venv/lib/python3.9/site-packages/airflow/example_dags/example_task_group.py for tasks to queue
[2022-10-27 22:25:19,789] {logging_mixin.py:115} INFO - [2022-10-27 22:25:19,788] {dagbag.py:507} INFO - Filling up the DagBag from /home/nayara/Documentos/airflowalura/venv/lib/python3.9/site-packages/airflow/example_dags/example_task_group.py
[2022-10-27 22:25:19,821] {processor.py:651} INFO - DAG(s) dict_keys(['example_task_group']) retrieved from /home/nayara/Documentos/airflowalura/venv/lib/python3.9/site-packages/airflow/example_dags/example_task_group.py
[2022-10-27 22:25:20,302] {logging_mixin.py:115} INFO - [2022-10-27 22:25:20,302] {dag.py:2379} INFO - Sync 1 DAGs
[2022-10-27 22:25:20,350] {logging_mixin.py:115} INFO - [2022-10-27 22:25:20,350] {dag.py:2927} INFO - Setting next_dagrun for example_task_group to 2022-10-27T01:25:20.349572+00:00, run_after=2022-10-28T01:25:20.349572+00:00
[2022-10-27 22:25:20,789] {processor.py:161} INFO - Processing /home/nayara/Documentos/airflowalura/venv/lib/python3.9/site-packages/airflow/example_dags/example_task_group.py took 1.060 seconds
[2022-10-27 22:26:24,980] {processor.py:153} INFO - Started process (PID=50652) to work on /home/nayara/Documentos/airflowalura/venv/lib/python3.9/site-packages/airflow/example_dags/example_task_group.py
[2022-10-27 22:26:25,005] {processor.py:641} INFO - Processing file /home/nayara/Documentos/airflowalura/venv/lib/python3.9/site-packages/airflow/example_dags/example_task_group.py for tasks to queue
[2022-10-27 22:26:25,006] {logging_mixin.py:115} INFO - [2022-10-27 22:26:25,006] {dagbag.py:507} INFO - Filling up the DagBag from /home/nayara/Documentos/airflowalura/venv/lib/python3.9/site-packages/airflow/example_dags/example_task_group.py
[2022-10-27 22:26:25,036] {processor.py:651} INFO - DAG(s) dict_keys(['example_task_group']) retrieved from /home/nayara/Documentos/airflowalura/venv/lib/python3.9/site-packages/airflow/example_dags/example_task_group.py
[2022-10-27 22:26:25,083] {logging_mixin.py:115} INFO - [2022-10-27 22:26:25,083] {dag.py:2379} INFO - Sync 1 DAGs
[2022-10-27 22:26:25,117] {logging_mixin.py:115} INFO - [2022-10-27 22:26:25,117] {dag.py:2927} INFO - Setting next_dagrun for example_task_group to 2022-10-27T01:26:25.116940+00:00, run_after=2022-10-28T01:26:25.116940+00:00
[2022-10-27 22:26:25,408] {processor.py:161} INFO - Processing /home/nayara/Documentos/airflowalura/venv/lib/python3.9/site-packages/airflow/example_dags/example_task_group.py took 0.447 seconds
[2022-10-27 22:27:15,965] {processor.py:153} INFO - Started process (PID=50795) to work on /home/nayara/Documentos/airflowalura/venv/lib/python3.9/site-packages/airflow/example_dags/example_task_group.py
[2022-10-27 22:27:15,984] {processor.py:641} INFO - Processing file /home/nayara/Documentos/airflowalura/venv/lib/python3.9/site-packages/airflow/example_dags/example_task_group.py for tasks to queue
[2022-10-27 22:27:15,985] {logging_mixin.py:115} INFO - [2022-10-27 22:27:15,985] {dagbag.py:507} INFO - Filling up the DagBag from /home/nayara/Documentos/airflowalura/venv/lib/python3.9/site-packages/airflow/example_dags/example_task_group.py
[2022-10-27 22:27:15,999] {processor.py:651} INFO - DAG(s) dict_keys(['example_task_group']) retrieved from /home/nayara/Documentos/airflowalura/venv/lib/python3.9/site-packages/airflow/example_dags/example_task_group.py
[2022-10-27 22:27:16,029] {logging_mixin.py:115} INFO - [2022-10-27 22:27:16,029] {dag.py:2379} INFO - Sync 1 DAGs
[2022-10-27 22:27:16,064] {logging_mixin.py:115} INFO - [2022-10-27 22:27:16,064] {dag.py:2927} INFO - Setting next_dagrun for example_task_group to 2022-10-27T01:27:16.064084+00:00, run_after=2022-10-28T01:27:16.064084+00:00
[2022-10-27 22:27:16,488] {processor.py:161} INFO - Processing /home/nayara/Documentos/airflowalura/venv/lib/python3.9/site-packages/airflow/example_dags/example_task_group.py took 0.532 seconds
[2022-10-27 22:28:10,524] {processor.py:153} INFO - Started process (PID=50975) to work on /home/nayara/Documentos/airflowalura/venv/lib/python3.9/site-packages/airflow/example_dags/example_task_group.py
[2022-10-27 22:28:10,561] {processor.py:641} INFO - Processing file /home/nayara/Documentos/airflowalura/venv/lib/python3.9/site-packages/airflow/example_dags/example_task_group.py for tasks to queue
[2022-10-27 22:28:10,565] {logging_mixin.py:115} INFO - [2022-10-27 22:28:10,564] {dagbag.py:507} INFO - Filling up the DagBag from /home/nayara/Documentos/airflowalura/venv/lib/python3.9/site-packages/airflow/example_dags/example_task_group.py
[2022-10-27 22:28:10,603] {processor.py:651} INFO - DAG(s) dict_keys(['example_task_group']) retrieved from /home/nayara/Documentos/airflowalura/venv/lib/python3.9/site-packages/airflow/example_dags/example_task_group.py
[2022-10-27 22:28:10,633] {logging_mixin.py:115} INFO - [2022-10-27 22:28:10,633] {dag.py:2379} INFO - Sync 1 DAGs
[2022-10-27 22:28:10,661] {logging_mixin.py:115} INFO - [2022-10-27 22:28:10,661] {dag.py:2927} INFO - Setting next_dagrun for example_task_group to 2022-10-27T01:28:10.660640+00:00, run_after=2022-10-28T01:28:10.660640+00:00
[2022-10-27 22:28:11,041] {processor.py:161} INFO - Processing /home/nayara/Documentos/airflowalura/venv/lib/python3.9/site-packages/airflow/example_dags/example_task_group.py took 0.534 seconds
[2022-10-27 22:29:04,641] {processor.py:153} INFO - Started process (PID=51102) to work on /home/nayara/Documentos/airflowalura/venv/lib/python3.9/site-packages/airflow/example_dags/example_task_group.py
[2022-10-27 22:29:04,667] {processor.py:641} INFO - Processing file /home/nayara/Documentos/airflowalura/venv/lib/python3.9/site-packages/airflow/example_dags/example_task_group.py for tasks to queue
[2022-10-27 22:29:04,670] {logging_mixin.py:115} INFO - [2022-10-27 22:29:04,669] {dagbag.py:507} INFO - Filling up the DagBag from /home/nayara/Documentos/airflowalura/venv/lib/python3.9/site-packages/airflow/example_dags/example_task_group.py
[2022-10-27 22:29:04,693] {processor.py:651} INFO - DAG(s) dict_keys(['example_task_group']) retrieved from /home/nayara/Documentos/airflowalura/venv/lib/python3.9/site-packages/airflow/example_dags/example_task_group.py
[2022-10-27 22:29:04,735] {logging_mixin.py:115} INFO - [2022-10-27 22:29:04,734] {dag.py:2379} INFO - Sync 1 DAGs
[2022-10-27 22:29:04,761] {logging_mixin.py:115} INFO - [2022-10-27 22:29:04,761] {dag.py:2927} INFO - Setting next_dagrun for example_task_group to 2022-10-27T01:29:04.761272+00:00, run_after=2022-10-28T01:29:04.761272+00:00
[2022-10-27 22:29:05,024] {processor.py:161} INFO - Processing /home/nayara/Documentos/airflowalura/venv/lib/python3.9/site-packages/airflow/example_dags/example_task_group.py took 0.399 seconds
[2022-10-27 22:29:50,763] {processor.py:153} INFO - Started process (PID=51193) to work on /home/nayara/Documentos/airflowalura/venv/lib/python3.9/site-packages/airflow/example_dags/example_task_group.py
[2022-10-27 22:29:50,804] {processor.py:641} INFO - Processing file /home/nayara/Documentos/airflowalura/venv/lib/python3.9/site-packages/airflow/example_dags/example_task_group.py for tasks to queue
[2022-10-27 22:29:50,807] {logging_mixin.py:115} INFO - [2022-10-27 22:29:50,807] {dagbag.py:507} INFO - Filling up the DagBag from /home/nayara/Documentos/airflowalura/venv/lib/python3.9/site-packages/airflow/example_dags/example_task_group.py
[2022-10-27 22:29:50,834] {processor.py:651} INFO - DAG(s) dict_keys(['example_task_group']) retrieved from /home/nayara/Documentos/airflowalura/venv/lib/python3.9/site-packages/airflow/example_dags/example_task_group.py
[2022-10-27 22:29:50,862] {logging_mixin.py:115} INFO - [2022-10-27 22:29:50,862] {dag.py:2379} INFO - Sync 1 DAGs
[2022-10-27 22:29:50,883] {logging_mixin.py:115} INFO - [2022-10-27 22:29:50,883] {dag.py:2927} INFO - Setting next_dagrun for example_task_group to 2022-10-27T01:29:50.883450+00:00, run_after=2022-10-28T01:29:50.883450+00:00
[2022-10-27 22:29:51,386] {processor.py:161} INFO - Processing /home/nayara/Documentos/airflowalura/venv/lib/python3.9/site-packages/airflow/example_dags/example_task_group.py took 0.628 seconds
[2022-10-27 22:30:31,248] {processor.py:153} INFO - Started process (PID=51263) to work on /home/nayara/Documentos/airflowalura/venv/lib/python3.9/site-packages/airflow/example_dags/example_task_group.py
[2022-10-27 22:30:31,266] {processor.py:641} INFO - Processing file /home/nayara/Documentos/airflowalura/venv/lib/python3.9/site-packages/airflow/example_dags/example_task_group.py for tasks to queue
[2022-10-27 22:30:31,268] {logging_mixin.py:115} INFO - [2022-10-27 22:30:31,268] {dagbag.py:507} INFO - Filling up the DagBag from /home/nayara/Documentos/airflowalura/venv/lib/python3.9/site-packages/airflow/example_dags/example_task_group.py
[2022-10-27 22:30:31,284] {processor.py:651} INFO - DAG(s) dict_keys(['example_task_group']) retrieved from /home/nayara/Documentos/airflowalura/venv/lib/python3.9/site-packages/airflow/example_dags/example_task_group.py
[2022-10-27 22:30:31,310] {logging_mixin.py:115} INFO - [2022-10-27 22:30:31,310] {dag.py:2379} INFO - Sync 1 DAGs
[2022-10-27 22:30:31,332] {logging_mixin.py:115} INFO - [2022-10-27 22:30:31,331] {dag.py:2927} INFO - Setting next_dagrun for example_task_group to 2022-10-27T01:30:31.331585+00:00, run_after=2022-10-28T01:30:31.331585+00:00
[2022-10-27 22:30:31,672] {processor.py:161} INFO - Processing /home/nayara/Documentos/airflowalura/venv/lib/python3.9/site-packages/airflow/example_dags/example_task_group.py took 0.437 seconds
[2022-10-27 22:31:13,900] {processor.py:153} INFO - Started process (PID=51335) to work on /home/nayara/Documentos/airflowalura/venv/lib/python3.9/site-packages/airflow/example_dags/example_task_group.py
[2022-10-27 22:31:14,016] {processor.py:641} INFO - Processing file /home/nayara/Documentos/airflowalura/venv/lib/python3.9/site-packages/airflow/example_dags/example_task_group.py for tasks to queue
[2022-10-27 22:31:14,019] {logging_mixin.py:115} INFO - [2022-10-27 22:31:14,018] {dagbag.py:507} INFO - Filling up the DagBag from /home/nayara/Documentos/airflowalura/venv/lib/python3.9/site-packages/airflow/example_dags/example_task_group.py
[2022-10-27 22:31:14,046] {processor.py:651} INFO - DAG(s) dict_keys(['example_task_group']) retrieved from /home/nayara/Documentos/airflowalura/venv/lib/python3.9/site-packages/airflow/example_dags/example_task_group.py
[2022-10-27 22:31:14,073] {logging_mixin.py:115} INFO - [2022-10-27 22:31:14,073] {dag.py:2379} INFO - Sync 1 DAGs
[2022-10-27 22:31:14,095] {logging_mixin.py:115} INFO - [2022-10-27 22:31:14,095] {dag.py:2927} INFO - Setting next_dagrun for example_task_group to 2022-10-27T01:31:14.094746+00:00, run_after=2022-10-28T01:31:14.094746+00:00
[2022-10-27 22:31:14,482] {processor.py:161} INFO - Processing /home/nayara/Documentos/airflowalura/venv/lib/python3.9/site-packages/airflow/example_dags/example_task_group.py took 0.594 seconds
[2022-10-27 22:32:36,326] {processor.py:153} INFO - Started process (PID=51533) to work on /home/nayara/Documentos/airflowalura/venv/lib/python3.9/site-packages/airflow/example_dags/example_task_group.py
[2022-10-27 22:32:36,348] {processor.py:641} INFO - Processing file /home/nayara/Documentos/airflowalura/venv/lib/python3.9/site-packages/airflow/example_dags/example_task_group.py for tasks to queue
[2022-10-27 22:32:36,349] {logging_mixin.py:115} INFO - [2022-10-27 22:32:36,349] {dagbag.py:507} INFO - Filling up the DagBag from /home/nayara/Documentos/airflowalura/venv/lib/python3.9/site-packages/airflow/example_dags/example_task_group.py
[2022-10-27 22:32:36,363] {processor.py:651} INFO - DAG(s) dict_keys(['example_task_group']) retrieved from /home/nayara/Documentos/airflowalura/venv/lib/python3.9/site-packages/airflow/example_dags/example_task_group.py
[2022-10-27 22:32:36,396] {logging_mixin.py:115} INFO - [2022-10-27 22:32:36,396] {dag.py:2379} INFO - Sync 1 DAGs
[2022-10-27 22:32:36,423] {logging_mixin.py:115} INFO - [2022-10-27 22:32:36,423] {dag.py:2927} INFO - Setting next_dagrun for example_task_group to 2022-10-27T01:32:36.422647+00:00, run_after=2022-10-28T01:32:36.422647+00:00
[2022-10-27 22:32:36,735] {processor.py:161} INFO - Processing /home/nayara/Documentos/airflowalura/venv/lib/python3.9/site-packages/airflow/example_dags/example_task_group.py took 0.415 seconds
[2022-10-27 22:33:22,781] {processor.py:153} INFO - Started process (PID=51643) to work on /home/nayara/Documentos/airflowalura/venv/lib/python3.9/site-packages/airflow/example_dags/example_task_group.py
[2022-10-27 22:33:22,797] {processor.py:641} INFO - Processing file /home/nayara/Documentos/airflowalura/venv/lib/python3.9/site-packages/airflow/example_dags/example_task_group.py for tasks to queue
[2022-10-27 22:33:22,798] {logging_mixin.py:115} INFO - [2022-10-27 22:33:22,798] {dagbag.py:507} INFO - Filling up the DagBag from /home/nayara/Documentos/airflowalura/venv/lib/python3.9/site-packages/airflow/example_dags/example_task_group.py
[2022-10-27 22:33:22,810] {processor.py:651} INFO - DAG(s) dict_keys(['example_task_group']) retrieved from /home/nayara/Documentos/airflowalura/venv/lib/python3.9/site-packages/airflow/example_dags/example_task_group.py
[2022-10-27 22:33:22,842] {logging_mixin.py:115} INFO - [2022-10-27 22:33:22,842] {dag.py:2379} INFO - Sync 1 DAGs
[2022-10-27 22:33:22,872] {logging_mixin.py:115} INFO - [2022-10-27 22:33:22,872] {dag.py:2927} INFO - Setting next_dagrun for example_task_group to 2022-10-27T01:33:22.872023+00:00, run_after=2022-10-28T01:33:22.872023+00:00
[2022-10-27 22:33:23,345] {processor.py:161} INFO - Processing /home/nayara/Documentos/airflowalura/venv/lib/python3.9/site-packages/airflow/example_dags/example_task_group.py took 0.569 seconds
[2022-10-27 22:34:10,321] {processor.py:153} INFO - Started process (PID=51727) to work on /home/nayara/Documentos/airflowalura/venv/lib/python3.9/site-packages/airflow/example_dags/example_task_group.py
[2022-10-27 22:34:10,343] {processor.py:641} INFO - Processing file /home/nayara/Documentos/airflowalura/venv/lib/python3.9/site-packages/airflow/example_dags/example_task_group.py for tasks to queue
[2022-10-27 22:34:10,344] {logging_mixin.py:115} INFO - [2022-10-27 22:34:10,344] {dagbag.py:507} INFO - Filling up the DagBag from /home/nayara/Documentos/airflowalura/venv/lib/python3.9/site-packages/airflow/example_dags/example_task_group.py
[2022-10-27 22:34:10,359] {processor.py:651} INFO - DAG(s) dict_keys(['example_task_group']) retrieved from /home/nayara/Documentos/airflowalura/venv/lib/python3.9/site-packages/airflow/example_dags/example_task_group.py
[2022-10-27 22:34:10,393] {logging_mixin.py:115} INFO - [2022-10-27 22:34:10,393] {dag.py:2379} INFO - Sync 1 DAGs
[2022-10-27 22:34:10,421] {logging_mixin.py:115} INFO - [2022-10-27 22:34:10,421] {dag.py:2927} INFO - Setting next_dagrun for example_task_group to 2022-10-27T01:34:10.420767+00:00, run_after=2022-10-28T01:34:10.420767+00:00
[2022-10-27 22:34:10,748] {processor.py:161} INFO - Processing /home/nayara/Documentos/airflowalura/venv/lib/python3.9/site-packages/airflow/example_dags/example_task_group.py took 0.435 seconds
[2022-10-27 22:34:52,909] {processor.py:153} INFO - Started process (PID=51799) to work on /home/nayara/Documentos/airflowalura/venv/lib/python3.9/site-packages/airflow/example_dags/example_task_group.py
[2022-10-27 22:34:52,933] {processor.py:641} INFO - Processing file /home/nayara/Documentos/airflowalura/venv/lib/python3.9/site-packages/airflow/example_dags/example_task_group.py for tasks to queue
[2022-10-27 22:34:52,934] {logging_mixin.py:115} INFO - [2022-10-27 22:34:52,934] {dagbag.py:507} INFO - Filling up the DagBag from /home/nayara/Documentos/airflowalura/venv/lib/python3.9/site-packages/airflow/example_dags/example_task_group.py
[2022-10-27 22:34:52,953] {processor.py:651} INFO - DAG(s) dict_keys(['example_task_group']) retrieved from /home/nayara/Documentos/airflowalura/venv/lib/python3.9/site-packages/airflow/example_dags/example_task_group.py
[2022-10-27 22:34:52,979] {logging_mixin.py:115} INFO - [2022-10-27 22:34:52,979] {dag.py:2379} INFO - Sync 1 DAGs
[2022-10-27 22:34:53,000] {logging_mixin.py:115} INFO - [2022-10-27 22:34:53,000] {dag.py:2927} INFO - Setting next_dagrun for example_task_group to 2022-10-27T01:34:53.000204+00:00, run_after=2022-10-28T01:34:53.000204+00:00
[2022-10-27 22:34:53,316] {processor.py:161} INFO - Processing /home/nayara/Documentos/airflowalura/venv/lib/python3.9/site-packages/airflow/example_dags/example_task_group.py took 0.420 seconds
[2022-10-27 22:35:31,021] {processor.py:153} INFO - Started process (PID=51857) to work on /home/nayara/Documentos/airflowalura/venv/lib/python3.9/site-packages/airflow/example_dags/example_task_group.py
[2022-10-27 22:35:31,052] {processor.py:641} INFO - Processing file /home/nayara/Documentos/airflowalura/venv/lib/python3.9/site-packages/airflow/example_dags/example_task_group.py for tasks to queue
[2022-10-27 22:35:31,054] {logging_mixin.py:115} INFO - [2022-10-27 22:35:31,053] {dagbag.py:507} INFO - Filling up the DagBag from /home/nayara/Documentos/airflowalura/venv/lib/python3.9/site-packages/airflow/example_dags/example_task_group.py
[2022-10-27 22:35:31,079] {processor.py:651} INFO - DAG(s) dict_keys(['example_task_group']) retrieved from /home/nayara/Documentos/airflowalura/venv/lib/python3.9/site-packages/airflow/example_dags/example_task_group.py
[2022-10-27 22:35:31,105] {logging_mixin.py:115} INFO - [2022-10-27 22:35:31,105] {dag.py:2379} INFO - Sync 1 DAGs
[2022-10-27 22:35:31,126] {logging_mixin.py:115} INFO - [2022-10-27 22:35:31,125] {dag.py:2927} INFO - Setting next_dagrun for example_task_group to 2022-10-27T01:35:31.125546+00:00, run_after=2022-10-28T01:35:31.125546+00:00
[2022-10-27 22:35:31,593] {processor.py:161} INFO - Processing /home/nayara/Documentos/airflowalura/venv/lib/python3.9/site-packages/airflow/example_dags/example_task_group.py took 0.585 seconds
[2022-10-27 22:36:09,695] {processor.py:153} INFO - Started process (PID=51934) to work on /home/nayara/Documentos/airflowalura/venv/lib/python3.9/site-packages/airflow/example_dags/example_task_group.py
[2022-10-27 22:36:09,719] {processor.py:641} INFO - Processing file /home/nayara/Documentos/airflowalura/venv/lib/python3.9/site-packages/airflow/example_dags/example_task_group.py for tasks to queue
[2022-10-27 22:36:09,720] {logging_mixin.py:115} INFO - [2022-10-27 22:36:09,720] {dagbag.py:507} INFO - Filling up the DagBag from /home/nayara/Documentos/airflowalura/venv/lib/python3.9/site-packages/airflow/example_dags/example_task_group.py
[2022-10-27 22:36:09,738] {processor.py:651} INFO - DAG(s) dict_keys(['example_task_group']) retrieved from /home/nayara/Documentos/airflowalura/venv/lib/python3.9/site-packages/airflow/example_dags/example_task_group.py
[2022-10-27 22:36:09,779] {logging_mixin.py:115} INFO - [2022-10-27 22:36:09,779] {dag.py:2379} INFO - Sync 1 DAGs
[2022-10-27 22:36:09,816] {logging_mixin.py:115} INFO - [2022-10-27 22:36:09,815] {dag.py:2927} INFO - Setting next_dagrun for example_task_group to 2022-10-27T01:36:09.815565+00:00, run_after=2022-10-28T01:36:09.815565+00:00
[2022-10-27 22:36:10,335] {processor.py:161} INFO - Processing /home/nayara/Documentos/airflowalura/venv/lib/python3.9/site-packages/airflow/example_dags/example_task_group.py took 0.644 seconds
[2022-10-27 22:37:01,721] {processor.py:153} INFO - Started process (PID=52188) to work on /home/nayara/Documentos/airflowalura/venv/lib/python3.9/site-packages/airflow/example_dags/example_task_group.py
[2022-10-27 22:37:01,792] {processor.py:641} INFO - Processing file /home/nayara/Documentos/airflowalura/venv/lib/python3.9/site-packages/airflow/example_dags/example_task_group.py for tasks to queue
[2022-10-27 22:37:01,795] {logging_mixin.py:115} INFO - [2022-10-27 22:37:01,795] {dagbag.py:507} INFO - Filling up the DagBag from /home/nayara/Documentos/airflowalura/venv/lib/python3.9/site-packages/airflow/example_dags/example_task_group.py
[2022-10-27 22:37:01,842] {processor.py:651} INFO - DAG(s) dict_keys(['example_task_group']) retrieved from /home/nayara/Documentos/airflowalura/venv/lib/python3.9/site-packages/airflow/example_dags/example_task_group.py
[2022-10-27 22:37:01,881] {logging_mixin.py:115} INFO - [2022-10-27 22:37:01,881] {dag.py:2379} INFO - Sync 1 DAGs
[2022-10-27 22:37:01,913] {logging_mixin.py:115} INFO - [2022-10-27 22:37:01,913] {dag.py:2927} INFO - Setting next_dagrun for example_task_group to 2022-10-27T01:37:01.913221+00:00, run_after=2022-10-28T01:37:01.913221+00:00
[2022-10-27 22:37:02,292] {processor.py:161} INFO - Processing /home/nayara/Documentos/airflowalura/venv/lib/python3.9/site-packages/airflow/example_dags/example_task_group.py took 0.587 seconds
[2022-10-27 22:38:42,598] {processor.py:153} INFO - Started process (PID=52515) to work on /home/nayara/Documentos/airflowalura/venv/lib/python3.9/site-packages/airflow/example_dags/example_task_group.py
[2022-10-27 22:38:42,715] {processor.py:641} INFO - Processing file /home/nayara/Documentos/airflowalura/venv/lib/python3.9/site-packages/airflow/example_dags/example_task_group.py for tasks to queue
[2022-10-27 22:38:42,719] {logging_mixin.py:115} INFO - [2022-10-27 22:38:42,719] {dagbag.py:507} INFO - Filling up the DagBag from /home/nayara/Documentos/airflowalura/venv/lib/python3.9/site-packages/airflow/example_dags/example_task_group.py
[2022-10-27 22:38:42,830] {processor.py:651} INFO - DAG(s) dict_keys(['example_task_group']) retrieved from /home/nayara/Documentos/airflowalura/venv/lib/python3.9/site-packages/airflow/example_dags/example_task_group.py
[2022-10-27 22:38:42,876] {logging_mixin.py:115} INFO - [2022-10-27 22:38:42,876] {dag.py:2379} INFO - Sync 1 DAGs
[2022-10-27 22:38:42,906] {logging_mixin.py:115} INFO - [2022-10-27 22:38:42,906] {dag.py:2927} INFO - Setting next_dagrun for example_task_group to 2022-10-27T01:38:42.905999+00:00, run_after=2022-10-28T01:38:42.905999+00:00
[2022-10-27 22:38:43,244] {processor.py:161} INFO - Processing /home/nayara/Documentos/airflowalura/venv/lib/python3.9/site-packages/airflow/example_dags/example_task_group.py took 0.655 seconds
[2022-10-27 22:39:35,213] {processor.py:153} INFO - Started process (PID=52623) to work on /home/nayara/Documentos/airflowalura/venv/lib/python3.9/site-packages/airflow/example_dags/example_task_group.py
[2022-10-27 22:39:35,230] {processor.py:641} INFO - Processing file /home/nayara/Documentos/airflowalura/venv/lib/python3.9/site-packages/airflow/example_dags/example_task_group.py for tasks to queue
[2022-10-27 22:39:35,231] {logging_mixin.py:115} INFO - [2022-10-27 22:39:35,231] {dagbag.py:507} INFO - Filling up the DagBag from /home/nayara/Documentos/airflowalura/venv/lib/python3.9/site-packages/airflow/example_dags/example_task_group.py
[2022-10-27 22:39:35,241] {processor.py:651} INFO - DAG(s) dict_keys(['example_task_group']) retrieved from /home/nayara/Documentos/airflowalura/venv/lib/python3.9/site-packages/airflow/example_dags/example_task_group.py
[2022-10-27 22:39:35,277] {logging_mixin.py:115} INFO - [2022-10-27 22:39:35,277] {dag.py:2379} INFO - Sync 1 DAGs
[2022-10-27 22:39:35,307] {logging_mixin.py:115} INFO - [2022-10-27 22:39:35,307] {dag.py:2927} INFO - Setting next_dagrun for example_task_group to 2022-10-27T01:39:35.307447+00:00, run_after=2022-10-28T01:39:35.307447+00:00
[2022-10-27 22:39:35,604] {processor.py:161} INFO - Processing /home/nayara/Documentos/airflowalura/venv/lib/python3.9/site-packages/airflow/example_dags/example_task_group.py took 0.396 seconds
[2022-10-27 22:41:08,032] {processor.py:153} INFO - Started process (PID=52794) to work on /home/nayara/Documentos/airflowalura/venv/lib/python3.9/site-packages/airflow/example_dags/example_task_group.py
[2022-10-27 22:41:08,051] {processor.py:641} INFO - Processing file /home/nayara/Documentos/airflowalura/venv/lib/python3.9/site-packages/airflow/example_dags/example_task_group.py for tasks to queue
[2022-10-27 22:41:08,055] {logging_mixin.py:115} INFO - [2022-10-27 22:41:08,054] {dagbag.py:507} INFO - Filling up the DagBag from /home/nayara/Documentos/airflowalura/venv/lib/python3.9/site-packages/airflow/example_dags/example_task_group.py
[2022-10-27 22:41:08,097] {processor.py:651} INFO - DAG(s) dict_keys(['example_task_group']) retrieved from /home/nayara/Documentos/airflowalura/venv/lib/python3.9/site-packages/airflow/example_dags/example_task_group.py
[2022-10-27 22:41:08,136] {logging_mixin.py:115} INFO - [2022-10-27 22:41:08,135] {dag.py:2379} INFO - Sync 1 DAGs
[2022-10-27 22:41:08,162] {logging_mixin.py:115} INFO - [2022-10-27 22:41:08,162] {dag.py:2927} INFO - Setting next_dagrun for example_task_group to 2022-10-27T01:41:08.161644+00:00, run_after=2022-10-28T01:41:08.161644+00:00
[2022-10-27 22:41:08,414] {processor.py:161} INFO - Processing /home/nayara/Documentos/airflowalura/venv/lib/python3.9/site-packages/airflow/example_dags/example_task_group.py took 0.399 seconds
[2022-10-27 22:41:58,639] {processor.py:153} INFO - Started process (PID=52920) to work on /home/nayara/Documentos/airflowalura/venv/lib/python3.9/site-packages/airflow/example_dags/example_task_group.py
[2022-10-27 22:41:58,741] {processor.py:641} INFO - Processing file /home/nayara/Documentos/airflowalura/venv/lib/python3.9/site-packages/airflow/example_dags/example_task_group.py for tasks to queue
[2022-10-27 22:41:58,743] {logging_mixin.py:115} INFO - [2022-10-27 22:41:58,743] {dagbag.py:507} INFO - Filling up the DagBag from /home/nayara/Documentos/airflowalura/venv/lib/python3.9/site-packages/airflow/example_dags/example_task_group.py
[2022-10-27 22:41:58,777] {processor.py:651} INFO - DAG(s) dict_keys(['example_task_group']) retrieved from /home/nayara/Documentos/airflowalura/venv/lib/python3.9/site-packages/airflow/example_dags/example_task_group.py
[2022-10-27 22:41:58,815] {logging_mixin.py:115} INFO - [2022-10-27 22:41:58,815] {dag.py:2379} INFO - Sync 1 DAGs
[2022-10-27 22:41:58,838] {logging_mixin.py:115} INFO - [2022-10-27 22:41:58,837] {dag.py:2927} INFO - Setting next_dagrun for example_task_group to 2022-10-27T01:41:58.837614+00:00, run_after=2022-10-28T01:41:58.837614+00:00
[2022-10-27 22:41:59,295] {processor.py:161} INFO - Processing /home/nayara/Documentos/airflowalura/venv/lib/python3.9/site-packages/airflow/example_dags/example_task_group.py took 0.670 seconds
[2022-10-27 22:42:39,588] {processor.py:153} INFO - Started process (PID=52994) to work on /home/nayara/Documentos/airflowalura/venv/lib/python3.9/site-packages/airflow/example_dags/example_task_group.py
[2022-10-27 22:42:39,622] {processor.py:641} INFO - Processing file /home/nayara/Documentos/airflowalura/venv/lib/python3.9/site-packages/airflow/example_dags/example_task_group.py for tasks to queue
[2022-10-27 22:42:39,623] {logging_mixin.py:115} INFO - [2022-10-27 22:42:39,623] {dagbag.py:507} INFO - Filling up the DagBag from /home/nayara/Documentos/airflowalura/venv/lib/python3.9/site-packages/airflow/example_dags/example_task_group.py
[2022-10-27 22:42:39,633] {processor.py:651} INFO - DAG(s) dict_keys(['example_task_group']) retrieved from /home/nayara/Documentos/airflowalura/venv/lib/python3.9/site-packages/airflow/example_dags/example_task_group.py
[2022-10-27 22:42:39,660] {logging_mixin.py:115} INFO - [2022-10-27 22:42:39,660] {dag.py:2379} INFO - Sync 1 DAGs
[2022-10-27 22:42:39,681] {logging_mixin.py:115} INFO - [2022-10-27 22:42:39,681] {dag.py:2927} INFO - Setting next_dagrun for example_task_group to 2022-10-27T01:42:39.681230+00:00, run_after=2022-10-28T01:42:39.681230+00:00
[2022-10-27 22:42:39,984] {processor.py:161} INFO - Processing /home/nayara/Documentos/airflowalura/venv/lib/python3.9/site-packages/airflow/example_dags/example_task_group.py took 0.409 seconds
[2022-10-27 22:43:33,707] {processor.py:153} INFO - Started process (PID=53103) to work on /home/nayara/Documentos/airflowalura/venv/lib/python3.9/site-packages/airflow/example_dags/example_task_group.py
[2022-10-27 22:43:33,718] {processor.py:641} INFO - Processing file /home/nayara/Documentos/airflowalura/venv/lib/python3.9/site-packages/airflow/example_dags/example_task_group.py for tasks to queue
[2022-10-27 22:43:33,721] {logging_mixin.py:115} INFO - [2022-10-27 22:43:33,719] {dagbag.py:507} INFO - Filling up the DagBag from /home/nayara/Documentos/airflowalura/venv/lib/python3.9/site-packages/airflow/example_dags/example_task_group.py
[2022-10-27 22:43:33,743] {processor.py:651} INFO - DAG(s) dict_keys(['example_task_group']) retrieved from /home/nayara/Documentos/airflowalura/venv/lib/python3.9/site-packages/airflow/example_dags/example_task_group.py
[2022-10-27 22:43:33,788] {logging_mixin.py:115} INFO - [2022-10-27 22:43:33,788] {dag.py:2379} INFO - Sync 1 DAGs
[2022-10-27 22:43:33,819] {logging_mixin.py:115} INFO - [2022-10-27 22:43:33,819] {dag.py:2927} INFO - Setting next_dagrun for example_task_group to 2022-10-27T01:43:33.818946+00:00, run_after=2022-10-28T01:43:33.818946+00:00
[2022-10-27 22:43:34,123] {processor.py:161} INFO - Processing /home/nayara/Documentos/airflowalura/venv/lib/python3.9/site-packages/airflow/example_dags/example_task_group.py took 0.426 seconds
[2022-10-27 22:44:16,219] {processor.py:153} INFO - Started process (PID=53187) to work on /home/nayara/Documentos/airflowalura/venv/lib/python3.9/site-packages/airflow/example_dags/example_task_group.py
[2022-10-27 22:44:16,239] {processor.py:641} INFO - Processing file /home/nayara/Documentos/airflowalura/venv/lib/python3.9/site-packages/airflow/example_dags/example_task_group.py for tasks to queue
[2022-10-27 22:44:16,242] {logging_mixin.py:115} INFO - [2022-10-27 22:44:16,241] {dagbag.py:507} INFO - Filling up the DagBag from /home/nayara/Documentos/airflowalura/venv/lib/python3.9/site-packages/airflow/example_dags/example_task_group.py
[2022-10-27 22:44:16,313] {processor.py:651} INFO - DAG(s) dict_keys(['example_task_group']) retrieved from /home/nayara/Documentos/airflowalura/venv/lib/python3.9/site-packages/airflow/example_dags/example_task_group.py
[2022-10-27 22:44:16,360] {logging_mixin.py:115} INFO - [2022-10-27 22:44:16,360] {dag.py:2379} INFO - Sync 1 DAGs
[2022-10-27 22:44:16,389] {logging_mixin.py:115} INFO - [2022-10-27 22:44:16,388] {dag.py:2927} INFO - Setting next_dagrun for example_task_group to 2022-10-27T01:44:16.388453+00:00, run_after=2022-10-28T01:44:16.388453+00:00
[2022-10-27 22:44:16,739] {processor.py:161} INFO - Processing /home/nayara/Documentos/airflowalura/venv/lib/python3.9/site-packages/airflow/example_dags/example_task_group.py took 0.539 seconds
[2022-10-27 22:45:13,413] {processor.py:153} INFO - Started process (PID=53362) to work on /home/nayara/Documentos/airflowalura/venv/lib/python3.9/site-packages/airflow/example_dags/example_task_group.py
[2022-10-27 22:45:13,460] {processor.py:641} INFO - Processing file /home/nayara/Documentos/airflowalura/venv/lib/python3.9/site-packages/airflow/example_dags/example_task_group.py for tasks to queue
[2022-10-27 22:45:13,463] {logging_mixin.py:115} INFO - [2022-10-27 22:45:13,463] {dagbag.py:507} INFO - Filling up the DagBag from /home/nayara/Documentos/airflowalura/venv/lib/python3.9/site-packages/airflow/example_dags/example_task_group.py
[2022-10-27 22:45:13,537] {processor.py:651} INFO - DAG(s) dict_keys(['example_task_group']) retrieved from /home/nayara/Documentos/airflowalura/venv/lib/python3.9/site-packages/airflow/example_dags/example_task_group.py
[2022-10-27 22:45:13,570] {logging_mixin.py:115} INFO - [2022-10-27 22:45:13,570] {dag.py:2379} INFO - Sync 1 DAGs
[2022-10-27 22:45:13,600] {logging_mixin.py:115} INFO - [2022-10-27 22:45:13,600] {dag.py:2927} INFO - Setting next_dagrun for example_task_group to 2022-10-27T01:45:13.600305+00:00, run_after=2022-10-28T01:45:13.600305+00:00
[2022-10-27 22:45:14,514] {processor.py:161} INFO - Processing /home/nayara/Documentos/airflowalura/venv/lib/python3.9/site-packages/airflow/example_dags/example_task_group.py took 1.116 seconds
[2022-10-27 22:46:11,493] {processor.py:153} INFO - Started process (PID=53469) to work on /home/nayara/Documentos/airflowalura/venv/lib/python3.9/site-packages/airflow/example_dags/example_task_group.py
[2022-10-27 22:46:11,516] {processor.py:641} INFO - Processing file /home/nayara/Documentos/airflowalura/venv/lib/python3.9/site-packages/airflow/example_dags/example_task_group.py for tasks to queue
[2022-10-27 22:46:11,517] {logging_mixin.py:115} INFO - [2022-10-27 22:46:11,517] {dagbag.py:507} INFO - Filling up the DagBag from /home/nayara/Documentos/airflowalura/venv/lib/python3.9/site-packages/airflow/example_dags/example_task_group.py
[2022-10-27 22:46:11,536] {processor.py:651} INFO - DAG(s) dict_keys(['example_task_group']) retrieved from /home/nayara/Documentos/airflowalura/venv/lib/python3.9/site-packages/airflow/example_dags/example_task_group.py
[2022-10-27 22:46:11,559] {logging_mixin.py:115} INFO - [2022-10-27 22:46:11,558] {dag.py:2379} INFO - Sync 1 DAGs
[2022-10-27 22:46:11,589] {logging_mixin.py:115} INFO - [2022-10-27 22:46:11,589] {dag.py:2927} INFO - Setting next_dagrun for example_task_group to 2022-10-27T01:46:11.580898+00:00, run_after=2022-10-28T01:46:11.580898+00:00
[2022-10-27 22:46:11,889] {processor.py:161} INFO - Processing /home/nayara/Documentos/airflowalura/venv/lib/python3.9/site-packages/airflow/example_dags/example_task_group.py took 0.400 seconds
[2022-10-27 22:46:56,262] {processor.py:153} INFO - Started process (PID=53584) to work on /home/nayara/Documentos/airflowalura/venv/lib/python3.9/site-packages/airflow/example_dags/example_task_group.py
[2022-10-27 22:46:56,277] {processor.py:641} INFO - Processing file /home/nayara/Documentos/airflowalura/venv/lib/python3.9/site-packages/airflow/example_dags/example_task_group.py for tasks to queue
[2022-10-27 22:46:56,278] {logging_mixin.py:115} INFO - [2022-10-27 22:46:56,278] {dagbag.py:507} INFO - Filling up the DagBag from /home/nayara/Documentos/airflowalura/venv/lib/python3.9/site-packages/airflow/example_dags/example_task_group.py
[2022-10-27 22:46:56,295] {processor.py:651} INFO - DAG(s) dict_keys(['example_task_group']) retrieved from /home/nayara/Documentos/airflowalura/venv/lib/python3.9/site-packages/airflow/example_dags/example_task_group.py
[2022-10-27 22:46:56,328] {logging_mixin.py:115} INFO - [2022-10-27 22:46:56,328] {dag.py:2379} INFO - Sync 1 DAGs
[2022-10-27 22:46:56,361] {logging_mixin.py:115} INFO - [2022-10-27 22:46:56,360] {dag.py:2927} INFO - Setting next_dagrun for example_task_group to 2022-10-27T01:46:56.360438+00:00, run_after=2022-10-28T01:46:56.360438+00:00
[2022-10-27 22:46:56,692] {processor.py:161} INFO - Processing /home/nayara/Documentos/airflowalura/venv/lib/python3.9/site-packages/airflow/example_dags/example_task_group.py took 0.442 seconds
[2022-10-27 22:47:47,535] {processor.py:153} INFO - Started process (PID=53697) to work on /home/nayara/Documentos/airflowalura/venv/lib/python3.9/site-packages/airflow/example_dags/example_task_group.py
[2022-10-27 22:47:47,542] {processor.py:641} INFO - Processing file /home/nayara/Documentos/airflowalura/venv/lib/python3.9/site-packages/airflow/example_dags/example_task_group.py for tasks to queue
[2022-10-27 22:47:47,543] {logging_mixin.py:115} INFO - [2022-10-27 22:47:47,542] {dagbag.py:507} INFO - Filling up the DagBag from /home/nayara/Documentos/airflowalura/venv/lib/python3.9/site-packages/airflow/example_dags/example_task_group.py
[2022-10-27 22:47:47,581] {processor.py:651} INFO - DAG(s) dict_keys(['example_task_group']) retrieved from /home/nayara/Documentos/airflowalura/venv/lib/python3.9/site-packages/airflow/example_dags/example_task_group.py
[2022-10-27 22:47:47,617] {logging_mixin.py:115} INFO - [2022-10-27 22:47:47,616] {dag.py:2379} INFO - Sync 1 DAGs
[2022-10-27 22:47:47,655] {logging_mixin.py:115} INFO - [2022-10-27 22:47:47,655] {dag.py:2927} INFO - Setting next_dagrun for example_task_group to 2022-10-27T01:47:47.654772+00:00, run_after=2022-10-28T01:47:47.654772+00:00
[2022-10-27 22:47:48,385] {processor.py:161} INFO - Processing /home/nayara/Documentos/airflowalura/venv/lib/python3.9/site-packages/airflow/example_dags/example_task_group.py took 0.860 seconds
[2022-10-27 22:48:32,523] {processor.py:153} INFO - Started process (PID=53780) to work on /home/nayara/Documentos/airflowalura/venv/lib/python3.9/site-packages/airflow/example_dags/example_task_group.py
[2022-10-27 22:48:32,524] {processor.py:641} INFO - Processing file /home/nayara/Documentos/airflowalura/venv/lib/python3.9/site-packages/airflow/example_dags/example_task_group.py for tasks to queue
[2022-10-27 22:48:32,525] {logging_mixin.py:115} INFO - [2022-10-27 22:48:32,525] {dagbag.py:507} INFO - Filling up the DagBag from /home/nayara/Documentos/airflowalura/venv/lib/python3.9/site-packages/airflow/example_dags/example_task_group.py
[2022-10-27 22:48:32,538] {processor.py:651} INFO - DAG(s) dict_keys(['example_task_group']) retrieved from /home/nayara/Documentos/airflowalura/venv/lib/python3.9/site-packages/airflow/example_dags/example_task_group.py
[2022-10-27 22:48:32,568] {logging_mixin.py:115} INFO - [2022-10-27 22:48:32,568] {dag.py:2379} INFO - Sync 1 DAGs
[2022-10-27 22:48:32,591] {logging_mixin.py:115} INFO - [2022-10-27 22:48:32,591] {dag.py:2927} INFO - Setting next_dagrun for example_task_group to 2022-10-27T01:48:32.591137+00:00, run_after=2022-10-28T01:48:32.591137+00:00
[2022-10-27 22:48:33,117] {processor.py:161} INFO - Processing /home/nayara/Documentos/airflowalura/venv/lib/python3.9/site-packages/airflow/example_dags/example_task_group.py took 0.599 seconds
[2022-10-27 22:49:15,123] {processor.py:153} INFO - Started process (PID=53876) to work on /home/nayara/Documentos/airflowalura/venv/lib/python3.9/site-packages/airflow/example_dags/example_task_group.py
[2022-10-27 22:49:15,190] {processor.py:641} INFO - Processing file /home/nayara/Documentos/airflowalura/venv/lib/python3.9/site-packages/airflow/example_dags/example_task_group.py for tasks to queue
[2022-10-27 22:49:15,195] {logging_mixin.py:115} INFO - [2022-10-27 22:49:15,195] {dagbag.py:507} INFO - Filling up the DagBag from /home/nayara/Documentos/airflowalura/venv/lib/python3.9/site-packages/airflow/example_dags/example_task_group.py
[2022-10-27 22:49:15,239] {processor.py:651} INFO - DAG(s) dict_keys(['example_task_group']) retrieved from /home/nayara/Documentos/airflowalura/venv/lib/python3.9/site-packages/airflow/example_dags/example_task_group.py
[2022-10-27 22:49:15,302] {logging_mixin.py:115} INFO - [2022-10-27 22:49:15,302] {dag.py:2379} INFO - Sync 1 DAGs
[2022-10-27 22:49:15,330] {logging_mixin.py:115} INFO - [2022-10-27 22:49:15,329] {dag.py:2927} INFO - Setting next_dagrun for example_task_group to 2022-10-27T01:49:15.329543+00:00, run_after=2022-10-28T01:49:15.329543+00:00
[2022-10-27 22:49:15,679] {processor.py:161} INFO - Processing /home/nayara/Documentos/airflowalura/venv/lib/python3.9/site-packages/airflow/example_dags/example_task_group.py took 0.561 seconds
[2022-10-27 22:49:59,337] {processor.py:153} INFO - Started process (PID=53964) to work on /home/nayara/Documentos/airflowalura/venv/lib/python3.9/site-packages/airflow/example_dags/example_task_group.py
[2022-10-27 22:49:59,359] {processor.py:641} INFO - Processing file /home/nayara/Documentos/airflowalura/venv/lib/python3.9/site-packages/airflow/example_dags/example_task_group.py for tasks to queue
[2022-10-27 22:49:59,363] {logging_mixin.py:115} INFO - [2022-10-27 22:49:59,362] {dagbag.py:507} INFO - Filling up the DagBag from /home/nayara/Documentos/airflowalura/venv/lib/python3.9/site-packages/airflow/example_dags/example_task_group.py
[2022-10-27 22:49:59,396] {processor.py:651} INFO - DAG(s) dict_keys(['example_task_group']) retrieved from /home/nayara/Documentos/airflowalura/venv/lib/python3.9/site-packages/airflow/example_dags/example_task_group.py
[2022-10-27 22:49:59,426] {logging_mixin.py:115} INFO - [2022-10-27 22:49:59,426] {dag.py:2379} INFO - Sync 1 DAGs
[2022-10-27 22:49:59,452] {logging_mixin.py:115} INFO - [2022-10-27 22:49:59,452] {dag.py:2927} INFO - Setting next_dagrun for example_task_group to 2022-10-27T01:49:59.451607+00:00, run_after=2022-10-28T01:49:59.451607+00:00
[2022-10-27 22:49:59,804] {processor.py:161} INFO - Processing /home/nayara/Documentos/airflowalura/venv/lib/python3.9/site-packages/airflow/example_dags/example_task_group.py took 0.486 seconds
[2022-10-27 22:50:45,105] {processor.py:153} INFO - Started process (PID=54041) to work on /home/nayara/Documentos/airflowalura/venv/lib/python3.9/site-packages/airflow/example_dags/example_task_group.py
[2022-10-27 22:50:45,109] {processor.py:641} INFO - Processing file /home/nayara/Documentos/airflowalura/venv/lib/python3.9/site-packages/airflow/example_dags/example_task_group.py for tasks to queue
[2022-10-27 22:50:45,113] {logging_mixin.py:115} INFO - [2022-10-27 22:50:45,113] {dagbag.py:507} INFO - Filling up the DagBag from /home/nayara/Documentos/airflowalura/venv/lib/python3.9/site-packages/airflow/example_dags/example_task_group.py
[2022-10-27 22:50:45,136] {processor.py:651} INFO - DAG(s) dict_keys(['example_task_group']) retrieved from /home/nayara/Documentos/airflowalura/venv/lib/python3.9/site-packages/airflow/example_dags/example_task_group.py
[2022-10-27 22:50:45,164] {logging_mixin.py:115} INFO - [2022-10-27 22:50:45,164] {dag.py:2379} INFO - Sync 1 DAGs
[2022-10-27 22:50:45,190] {logging_mixin.py:115} INFO - [2022-10-27 22:50:45,190] {dag.py:2927} INFO - Setting next_dagrun for example_task_group to 2022-10-27T01:50:45.189701+00:00, run_after=2022-10-28T01:50:45.189701+00:00
[2022-10-27 22:50:45,517] {processor.py:161} INFO - Processing /home/nayara/Documentos/airflowalura/venv/lib/python3.9/site-packages/airflow/example_dags/example_task_group.py took 0.432 seconds
[2022-10-27 22:51:31,045] {processor.py:153} INFO - Started process (PID=54123) to work on /home/nayara/Documentos/airflowalura/venv/lib/python3.9/site-packages/airflow/example_dags/example_task_group.py
[2022-10-27 22:51:31,072] {processor.py:641} INFO - Processing file /home/nayara/Documentos/airflowalura/venv/lib/python3.9/site-packages/airflow/example_dags/example_task_group.py for tasks to queue
[2022-10-27 22:51:31,075] {logging_mixin.py:115} INFO - [2022-10-27 22:51:31,074] {dagbag.py:507} INFO - Filling up the DagBag from /home/nayara/Documentos/airflowalura/venv/lib/python3.9/site-packages/airflow/example_dags/example_task_group.py
[2022-10-27 22:51:31,156] {processor.py:651} INFO - DAG(s) dict_keys(['example_task_group']) retrieved from /home/nayara/Documentos/airflowalura/venv/lib/python3.9/site-packages/airflow/example_dags/example_task_group.py
[2022-10-27 22:51:31,214] {logging_mixin.py:115} INFO - [2022-10-27 22:51:31,214] {dag.py:2379} INFO - Sync 1 DAGs
[2022-10-27 22:51:31,248] {logging_mixin.py:115} INFO - [2022-10-27 22:51:31,248] {dag.py:2927} INFO - Setting next_dagrun for example_task_group to 2022-10-27T01:51:31.247628+00:00, run_after=2022-10-28T01:51:31.247628+00:00
[2022-10-27 22:51:31,719] {processor.py:161} INFO - Processing /home/nayara/Documentos/airflowalura/venv/lib/python3.9/site-packages/airflow/example_dags/example_task_group.py took 0.723 seconds
[2022-10-27 22:52:25,685] {processor.py:153} INFO - Started process (PID=54234) to work on /home/nayara/Documentos/airflowalura/venv/lib/python3.9/site-packages/airflow/example_dags/example_task_group.py
[2022-10-27 22:52:25,709] {processor.py:641} INFO - Processing file /home/nayara/Documentos/airflowalura/venv/lib/python3.9/site-packages/airflow/example_dags/example_task_group.py for tasks to queue
[2022-10-27 22:52:25,712] {logging_mixin.py:115} INFO - [2022-10-27 22:52:25,711] {dagbag.py:507} INFO - Filling up the DagBag from /home/nayara/Documentos/airflowalura/venv/lib/python3.9/site-packages/airflow/example_dags/example_task_group.py
[2022-10-27 22:52:25,757] {processor.py:651} INFO - DAG(s) dict_keys(['example_task_group']) retrieved from /home/nayara/Documentos/airflowalura/venv/lib/python3.9/site-packages/airflow/example_dags/example_task_group.py
[2022-10-27 22:52:25,798] {logging_mixin.py:115} INFO - [2022-10-27 22:52:25,798] {dag.py:2379} INFO - Sync 1 DAGs
[2022-10-27 22:52:25,821] {logging_mixin.py:115} INFO - [2022-10-27 22:52:25,821] {dag.py:2927} INFO - Setting next_dagrun for example_task_group to 2022-10-27T01:52:25.821418+00:00, run_after=2022-10-28T01:52:25.821418+00:00
[2022-10-27 22:52:26,153] {processor.py:161} INFO - Processing /home/nayara/Documentos/airflowalura/venv/lib/python3.9/site-packages/airflow/example_dags/example_task_group.py took 0.486 seconds
[2022-10-27 22:53:15,430] {processor.py:153} INFO - Started process (PID=54321) to work on /home/nayara/Documentos/airflowalura/venv/lib/python3.9/site-packages/airflow/example_dags/example_task_group.py
[2022-10-27 22:53:15,434] {processor.py:641} INFO - Processing file /home/nayara/Documentos/airflowalura/venv/lib/python3.9/site-packages/airflow/example_dags/example_task_group.py for tasks to queue
[2022-10-27 22:53:15,437] {logging_mixin.py:115} INFO - [2022-10-27 22:53:15,436] {dagbag.py:507} INFO - Filling up the DagBag from /home/nayara/Documentos/airflowalura/venv/lib/python3.9/site-packages/airflow/example_dags/example_task_group.py
[2022-10-27 22:53:15,458] {processor.py:651} INFO - DAG(s) dict_keys(['example_task_group']) retrieved from /home/nayara/Documentos/airflowalura/venv/lib/python3.9/site-packages/airflow/example_dags/example_task_group.py
[2022-10-27 22:53:15,486] {logging_mixin.py:115} INFO - [2022-10-27 22:53:15,486] {dag.py:2379} INFO - Sync 1 DAGs
[2022-10-27 22:53:15,514] {logging_mixin.py:115} INFO - [2022-10-27 22:53:15,514] {dag.py:2927} INFO - Setting next_dagrun for example_task_group to 2022-10-27T01:53:15.513826+00:00, run_after=2022-10-28T01:53:15.513826+00:00
[2022-10-27 22:53:15,892] {processor.py:161} INFO - Processing /home/nayara/Documentos/airflowalura/venv/lib/python3.9/site-packages/airflow/example_dags/example_task_group.py took 0.482 seconds
[2022-10-27 22:53:59,781] {processor.py:153} INFO - Started process (PID=54413) to work on /home/nayara/Documentos/airflowalura/venv/lib/python3.9/site-packages/airflow/example_dags/example_task_group.py
[2022-10-27 22:53:59,807] {processor.py:641} INFO - Processing file /home/nayara/Documentos/airflowalura/venv/lib/python3.9/site-packages/airflow/example_dags/example_task_group.py for tasks to queue
[2022-10-27 22:53:59,810] {logging_mixin.py:115} INFO - [2022-10-27 22:53:59,809] {dagbag.py:507} INFO - Filling up the DagBag from /home/nayara/Documentos/airflowalura/venv/lib/python3.9/site-packages/airflow/example_dags/example_task_group.py
[2022-10-27 22:53:59,847] {processor.py:651} INFO - DAG(s) dict_keys(['example_task_group']) retrieved from /home/nayara/Documentos/airflowalura/venv/lib/python3.9/site-packages/airflow/example_dags/example_task_group.py
[2022-10-27 22:53:59,883] {logging_mixin.py:115} INFO - [2022-10-27 22:53:59,883] {dag.py:2379} INFO - Sync 1 DAGs
[2022-10-27 22:53:59,907] {logging_mixin.py:115} INFO - [2022-10-27 22:53:59,907] {dag.py:2927} INFO - Setting next_dagrun for example_task_group to 2022-10-27T01:53:59.907016+00:00, run_after=2022-10-28T01:53:59.907016+00:00
[2022-10-27 22:54:00,307] {processor.py:161} INFO - Processing /home/nayara/Documentos/airflowalura/venv/lib/python3.9/site-packages/airflow/example_dags/example_task_group.py took 0.542 seconds
[2022-10-27 22:54:50,907] {processor.py:153} INFO - Started process (PID=54512) to work on /home/nayara/Documentos/airflowalura/venv/lib/python3.9/site-packages/airflow/example_dags/example_task_group.py
[2022-10-27 22:54:50,908] {processor.py:641} INFO - Processing file /home/nayara/Documentos/airflowalura/venv/lib/python3.9/site-packages/airflow/example_dags/example_task_group.py for tasks to queue
[2022-10-27 22:54:50,910] {logging_mixin.py:115} INFO - [2022-10-27 22:54:50,909] {dagbag.py:507} INFO - Filling up the DagBag from /home/nayara/Documentos/airflowalura/venv/lib/python3.9/site-packages/airflow/example_dags/example_task_group.py
[2022-10-27 22:54:50,921] {processor.py:651} INFO - DAG(s) dict_keys(['example_task_group']) retrieved from /home/nayara/Documentos/airflowalura/venv/lib/python3.9/site-packages/airflow/example_dags/example_task_group.py
[2022-10-27 22:54:50,942] {logging_mixin.py:115} INFO - [2022-10-27 22:54:50,942] {dag.py:2379} INFO - Sync 1 DAGs
[2022-10-27 22:54:50,964] {logging_mixin.py:115} INFO - [2022-10-27 22:54:50,964] {dag.py:2927} INFO - Setting next_dagrun for example_task_group to 2022-10-27T01:54:50.963849+00:00, run_after=2022-10-28T01:54:50.963849+00:00
[2022-10-27 22:54:51,283] {processor.py:161} INFO - Processing /home/nayara/Documentos/airflowalura/venv/lib/python3.9/site-packages/airflow/example_dags/example_task_group.py took 0.389 seconds
[2022-10-27 22:55:44,402] {processor.py:153} INFO - Started process (PID=54626) to work on /home/nayara/Documentos/airflowalura/venv/lib/python3.9/site-packages/airflow/example_dags/example_task_group.py
[2022-10-27 22:55:44,404] {processor.py:641} INFO - Processing file /home/nayara/Documentos/airflowalura/venv/lib/python3.9/site-packages/airflow/example_dags/example_task_group.py for tasks to queue
[2022-10-27 22:55:44,406] {logging_mixin.py:115} INFO - [2022-10-27 22:55:44,405] {dagbag.py:507} INFO - Filling up the DagBag from /home/nayara/Documentos/airflowalura/venv/lib/python3.9/site-packages/airflow/example_dags/example_task_group.py
[2022-10-27 22:55:44,421] {processor.py:651} INFO - DAG(s) dict_keys(['example_task_group']) retrieved from /home/nayara/Documentos/airflowalura/venv/lib/python3.9/site-packages/airflow/example_dags/example_task_group.py
[2022-10-27 22:55:44,453] {logging_mixin.py:115} INFO - [2022-10-27 22:55:44,453] {dag.py:2379} INFO - Sync 1 DAGs
[2022-10-27 22:55:44,479] {logging_mixin.py:115} INFO - [2022-10-27 22:55:44,478] {dag.py:2927} INFO - Setting next_dagrun for example_task_group to 2022-10-27T01:55:44.478314+00:00, run_after=2022-10-28T01:55:44.478314+00:00
[2022-10-27 22:55:44,762] {processor.py:161} INFO - Processing /home/nayara/Documentos/airflowalura/venv/lib/python3.9/site-packages/airflow/example_dags/example_task_group.py took 0.368 seconds
[2022-10-27 22:56:33,993] {processor.py:153} INFO - Started process (PID=54732) to work on /home/nayara/Documentos/airflowalura/venv/lib/python3.9/site-packages/airflow/example_dags/example_task_group.py
[2022-10-27 22:56:34,002] {processor.py:641} INFO - Processing file /home/nayara/Documentos/airflowalura/venv/lib/python3.9/site-packages/airflow/example_dags/example_task_group.py for tasks to queue
[2022-10-27 22:56:34,003] {logging_mixin.py:115} INFO - [2022-10-27 22:56:34,003] {dagbag.py:507} INFO - Filling up the DagBag from /home/nayara/Documentos/airflowalura/venv/lib/python3.9/site-packages/airflow/example_dags/example_task_group.py
[2022-10-27 22:56:34,014] {processor.py:651} INFO - DAG(s) dict_keys(['example_task_group']) retrieved from /home/nayara/Documentos/airflowalura/venv/lib/python3.9/site-packages/airflow/example_dags/example_task_group.py
[2022-10-27 22:56:34,035] {logging_mixin.py:115} INFO - [2022-10-27 22:56:34,035] {dag.py:2379} INFO - Sync 1 DAGs
[2022-10-27 22:56:34,057] {logging_mixin.py:115} INFO - [2022-10-27 22:56:34,056] {dag.py:2927} INFO - Setting next_dagrun for example_task_group to 2022-10-27T01:56:34.056621+00:00, run_after=2022-10-28T01:56:34.056621+00:00
[2022-10-27 22:56:34,383] {processor.py:161} INFO - Processing /home/nayara/Documentos/airflowalura/venv/lib/python3.9/site-packages/airflow/example_dags/example_task_group.py took 0.398 seconds
