[2022-10-27 22:14:29,462] {processor.py:153} INFO - Started process (PID=48778) to work on /home/nayara/Documentos/airflowalura/venv/lib/python3.9/site-packages/airflow/example_dags/example_task_group_decorator.py
[2022-10-27 22:14:29,464] {processor.py:641} INFO - Processing file /home/nayara/Documentos/airflowalura/venv/lib/python3.9/site-packages/airflow/example_dags/example_task_group_decorator.py for tasks to queue
[2022-10-27 22:14:29,466] {logging_mixin.py:115} INFO - [2022-10-27 22:14:29,466] {dagbag.py:507} INFO - Filling up the DagBag from /home/nayara/Documentos/airflowalura/venv/lib/python3.9/site-packages/airflow/example_dags/example_task_group_decorator.py
[2022-10-27 22:14:29,504] {processor.py:651} INFO - DAG(s) dict_keys(['example_task_group_decorator']) retrieved from /home/nayara/Documentos/airflowalura/venv/lib/python3.9/site-packages/airflow/example_dags/example_task_group_decorator.py
[2022-10-27 22:14:30,770] {logging_mixin.py:115} INFO - [2022-10-27 22:14:30,770] {manager.py:508} INFO - Created Permission View: can read on DAG:example_task_group_decorator
[2022-10-27 22:14:31,641] {logging_mixin.py:115} INFO - [2022-10-27 22:14:31,641] {manager.py:508} INFO - Created Permission View: can delete on DAG:example_task_group_decorator
[2022-10-27 22:14:33,069] {logging_mixin.py:115} INFO - [2022-10-27 22:14:33,069] {manager.py:508} INFO - Created Permission View: can edit on DAG:example_task_group_decorator
[2022-10-27 22:14:33,069] {logging_mixin.py:115} INFO - [2022-10-27 22:14:33,069] {dag.py:2379} INFO - Sync 1 DAGs
[2022-10-27 22:14:33,082] {logging_mixin.py:115} INFO - [2022-10-27 22:14:33,082] {dag.py:2398} INFO - Creating ORM DAG for example_task_group_decorator
[2022-10-27 22:14:33,103] {logging_mixin.py:115} INFO - [2022-10-27 22:14:33,103] {dag.py:2927} INFO - Setting next_dagrun for example_task_group_decorator to 2022-10-27T01:14:33.102719+00:00, run_after=2022-10-28T01:14:33.102719+00:00
[2022-10-27 22:14:34,671] {processor.py:161} INFO - Processing /home/nayara/Documentos/airflowalura/venv/lib/python3.9/site-packages/airflow/example_dags/example_task_group_decorator.py took 5.222 seconds
[2022-10-27 22:17:37,193] {processor.py:153} INFO - Started process (PID=49227) to work on /home/nayara/Documentos/airflowalura/venv/lib/python3.9/site-packages/airflow/example_dags/example_task_group_decorator.py
[2022-10-27 22:17:37,203] {processor.py:641} INFO - Processing file /home/nayara/Documentos/airflowalura/venv/lib/python3.9/site-packages/airflow/example_dags/example_task_group_decorator.py for tasks to queue
[2022-10-27 22:17:37,203] {logging_mixin.py:115} INFO - [2022-10-27 22:17:37,203] {dagbag.py:507} INFO - Filling up the DagBag from /home/nayara/Documentos/airflowalura/venv/lib/python3.9/site-packages/airflow/example_dags/example_task_group_decorator.py
[2022-10-27 22:17:37,242] {processor.py:651} INFO - DAG(s) dict_keys(['example_task_group_decorator']) retrieved from /home/nayara/Documentos/airflowalura/venv/lib/python3.9/site-packages/airflow/example_dags/example_task_group_decorator.py
[2022-10-27 22:17:37,299] {logging_mixin.py:115} INFO - [2022-10-27 22:17:37,299] {dag.py:2379} INFO - Sync 1 DAGs
[2022-10-27 22:17:37,318] {logging_mixin.py:115} INFO - [2022-10-27 22:17:37,318] {dag.py:2927} INFO - Setting next_dagrun for example_task_group_decorator to 2022-10-27T01:17:37.318024+00:00, run_after=2022-10-28T01:17:37.318024+00:00
[2022-10-27 22:17:37,580] {processor.py:161} INFO - Processing /home/nayara/Documentos/airflowalura/venv/lib/python3.9/site-packages/airflow/example_dags/example_task_group_decorator.py took 0.390 seconds
[2022-10-27 22:18:29,285] {processor.py:153} INFO - Started process (PID=49351) to work on /home/nayara/Documentos/airflowalura/venv/lib/python3.9/site-packages/airflow/example_dags/example_task_group_decorator.py
[2022-10-27 22:18:29,353] {processor.py:641} INFO - Processing file /home/nayara/Documentos/airflowalura/venv/lib/python3.9/site-packages/airflow/example_dags/example_task_group_decorator.py for tasks to queue
[2022-10-27 22:18:29,355] {logging_mixin.py:115} INFO - [2022-10-27 22:18:29,355] {dagbag.py:507} INFO - Filling up the DagBag from /home/nayara/Documentos/airflowalura/venv/lib/python3.9/site-packages/airflow/example_dags/example_task_group_decorator.py
[2022-10-27 22:18:29,413] {processor.py:651} INFO - DAG(s) dict_keys(['example_task_group_decorator']) retrieved from /home/nayara/Documentos/airflowalura/venv/lib/python3.9/site-packages/airflow/example_dags/example_task_group_decorator.py
[2022-10-27 22:18:29,473] {logging_mixin.py:115} INFO - [2022-10-27 22:18:29,473] {dag.py:2379} INFO - Sync 1 DAGs
[2022-10-27 22:18:29,492] {logging_mixin.py:115} INFO - [2022-10-27 22:18:29,491] {dag.py:2927} INFO - Setting next_dagrun for example_task_group_decorator to 2022-10-27T01:18:29.491578+00:00, run_after=2022-10-28T01:18:29.491578+00:00
[2022-10-27 22:18:29,837] {processor.py:161} INFO - Processing /home/nayara/Documentos/airflowalura/venv/lib/python3.9/site-packages/airflow/example_dags/example_task_group_decorator.py took 0.562 seconds
[2022-10-27 22:19:20,280] {processor.py:153} INFO - Started process (PID=49596) to work on /home/nayara/Documentos/airflowalura/venv/lib/python3.9/site-packages/airflow/example_dags/example_task_group_decorator.py
[2022-10-27 22:19:20,359] {processor.py:641} INFO - Processing file /home/nayara/Documentos/airflowalura/venv/lib/python3.9/site-packages/airflow/example_dags/example_task_group_decorator.py for tasks to queue
[2022-10-27 22:19:20,362] {logging_mixin.py:115} INFO - [2022-10-27 22:19:20,362] {dagbag.py:507} INFO - Filling up the DagBag from /home/nayara/Documentos/airflowalura/venv/lib/python3.9/site-packages/airflow/example_dags/example_task_group_decorator.py
[2022-10-27 22:19:20,413] {processor.py:651} INFO - DAG(s) dict_keys(['example_task_group_decorator']) retrieved from /home/nayara/Documentos/airflowalura/venv/lib/python3.9/site-packages/airflow/example_dags/example_task_group_decorator.py
[2022-10-27 22:19:20,477] {logging_mixin.py:115} INFO - [2022-10-27 22:19:20,477] {dag.py:2379} INFO - Sync 1 DAGs
[2022-10-27 22:19:20,496] {logging_mixin.py:115} INFO - [2022-10-27 22:19:20,496] {dag.py:2927} INFO - Setting next_dagrun for example_task_group_decorator to 2022-10-27T01:19:20.496468+00:00, run_after=2022-10-28T01:19:20.496468+00:00
[2022-10-27 22:19:21,330] {processor.py:161} INFO - Processing /home/nayara/Documentos/airflowalura/venv/lib/python3.9/site-packages/airflow/example_dags/example_task_group_decorator.py took 1.058 seconds
[2022-10-27 22:20:05,012] {processor.py:153} INFO - Started process (PID=49793) to work on /home/nayara/Documentos/airflowalura/venv/lib/python3.9/site-packages/airflow/example_dags/example_task_group_decorator.py
[2022-10-27 22:20:05,038] {processor.py:641} INFO - Processing file /home/nayara/Documentos/airflowalura/venv/lib/python3.9/site-packages/airflow/example_dags/example_task_group_decorator.py for tasks to queue
[2022-10-27 22:20:05,040] {logging_mixin.py:115} INFO - [2022-10-27 22:20:05,040] {dagbag.py:507} INFO - Filling up the DagBag from /home/nayara/Documentos/airflowalura/venv/lib/python3.9/site-packages/airflow/example_dags/example_task_group_decorator.py
[2022-10-27 22:20:05,082] {processor.py:651} INFO - DAG(s) dict_keys(['example_task_group_decorator']) retrieved from /home/nayara/Documentos/airflowalura/venv/lib/python3.9/site-packages/airflow/example_dags/example_task_group_decorator.py
[2022-10-27 22:20:05,107] {logging_mixin.py:115} INFO - [2022-10-27 22:20:05,107] {dag.py:2379} INFO - Sync 1 DAGs
[2022-10-27 22:20:05,128] {logging_mixin.py:115} INFO - [2022-10-27 22:20:05,128] {dag.py:2927} INFO - Setting next_dagrun for example_task_group_decorator to 2022-10-27T01:20:05.128170+00:00, run_after=2022-10-28T01:20:05.128170+00:00
[2022-10-27 22:20:05,542] {processor.py:161} INFO - Processing /home/nayara/Documentos/airflowalura/venv/lib/python3.9/site-packages/airflow/example_dags/example_task_group_decorator.py took 0.542 seconds
[2022-10-27 22:20:58,103] {processor.py:153} INFO - Started process (PID=49926) to work on /home/nayara/Documentos/airflowalura/venv/lib/python3.9/site-packages/airflow/example_dags/example_task_group_decorator.py
[2022-10-27 22:20:58,125] {processor.py:641} INFO - Processing file /home/nayara/Documentos/airflowalura/venv/lib/python3.9/site-packages/airflow/example_dags/example_task_group_decorator.py for tasks to queue
[2022-10-27 22:20:58,127] {logging_mixin.py:115} INFO - [2022-10-27 22:20:58,127] {dagbag.py:507} INFO - Filling up the DagBag from /home/nayara/Documentos/airflowalura/venv/lib/python3.9/site-packages/airflow/example_dags/example_task_group_decorator.py
[2022-10-27 22:20:58,187] {processor.py:651} INFO - DAG(s) dict_keys(['example_task_group_decorator']) retrieved from /home/nayara/Documentos/airflowalura/venv/lib/python3.9/site-packages/airflow/example_dags/example_task_group_decorator.py
[2022-10-27 22:20:58,212] {logging_mixin.py:115} INFO - [2022-10-27 22:20:58,212] {dag.py:2379} INFO - Sync 1 DAGs
[2022-10-27 22:20:58,232] {logging_mixin.py:115} INFO - [2022-10-27 22:20:58,232] {dag.py:2927} INFO - Setting next_dagrun for example_task_group_decorator to 2022-10-27T01:20:58.232295+00:00, run_after=2022-10-28T01:20:58.232295+00:00
[2022-10-27 22:20:58,669] {processor.py:161} INFO - Processing /home/nayara/Documentos/airflowalura/venv/lib/python3.9/site-packages/airflow/example_dags/example_task_group_decorator.py took 0.579 seconds
[2022-10-27 22:21:39,001] {processor.py:153} INFO - Started process (PID=50017) to work on /home/nayara/Documentos/airflowalura/venv/lib/python3.9/site-packages/airflow/example_dags/example_task_group_decorator.py
[2022-10-27 22:21:39,021] {processor.py:641} INFO - Processing file /home/nayara/Documentos/airflowalura/venv/lib/python3.9/site-packages/airflow/example_dags/example_task_group_decorator.py for tasks to queue
[2022-10-27 22:21:39,023] {logging_mixin.py:115} INFO - [2022-10-27 22:21:39,023] {dagbag.py:507} INFO - Filling up the DagBag from /home/nayara/Documentos/airflowalura/venv/lib/python3.9/site-packages/airflow/example_dags/example_task_group_decorator.py
[2022-10-27 22:21:39,106] {processor.py:651} INFO - DAG(s) dict_keys(['example_task_group_decorator']) retrieved from /home/nayara/Documentos/airflowalura/venv/lib/python3.9/site-packages/airflow/example_dags/example_task_group_decorator.py
[2022-10-27 22:21:39,135] {logging_mixin.py:115} INFO - [2022-10-27 22:21:39,135] {dag.py:2379} INFO - Sync 1 DAGs
[2022-10-27 22:21:39,161] {logging_mixin.py:115} INFO - [2022-10-27 22:21:39,161] {dag.py:2927} INFO - Setting next_dagrun for example_task_group_decorator to 2022-10-27T01:21:39.160066+00:00, run_after=2022-10-28T01:21:39.160066+00:00
[2022-10-27 22:21:39,477] {processor.py:161} INFO - Processing /home/nayara/Documentos/airflowalura/venv/lib/python3.9/site-packages/airflow/example_dags/example_task_group_decorator.py took 0.492 seconds
[2022-10-27 22:22:19,603] {processor.py:153} INFO - Started process (PID=50117) to work on /home/nayara/Documentos/airflowalura/venv/lib/python3.9/site-packages/airflow/example_dags/example_task_group_decorator.py
[2022-10-27 22:22:19,638] {processor.py:641} INFO - Processing file /home/nayara/Documentos/airflowalura/venv/lib/python3.9/site-packages/airflow/example_dags/example_task_group_decorator.py for tasks to queue
[2022-10-27 22:22:19,641] {logging_mixin.py:115} INFO - [2022-10-27 22:22:19,641] {dagbag.py:507} INFO - Filling up the DagBag from /home/nayara/Documentos/airflowalura/venv/lib/python3.9/site-packages/airflow/example_dags/example_task_group_decorator.py
[2022-10-27 22:22:19,722] {processor.py:651} INFO - DAG(s) dict_keys(['example_task_group_decorator']) retrieved from /home/nayara/Documentos/airflowalura/venv/lib/python3.9/site-packages/airflow/example_dags/example_task_group_decorator.py
[2022-10-27 22:22:19,793] {logging_mixin.py:115} INFO - [2022-10-27 22:22:19,793] {dag.py:2379} INFO - Sync 1 DAGs
[2022-10-27 22:22:19,819] {logging_mixin.py:115} INFO - [2022-10-27 22:22:19,819] {dag.py:2927} INFO - Setting next_dagrun for example_task_group_decorator to 2022-10-27T01:22:19.818716+00:00, run_after=2022-10-28T01:22:19.818716+00:00
[2022-10-27 22:22:20,110] {processor.py:161} INFO - Processing /home/nayara/Documentos/airflowalura/venv/lib/python3.9/site-packages/airflow/example_dags/example_task_group_decorator.py took 0.524 seconds
[2022-10-27 22:23:02,315] {processor.py:153} INFO - Started process (PID=50209) to work on /home/nayara/Documentos/airflowalura/venv/lib/python3.9/site-packages/airflow/example_dags/example_task_group_decorator.py
[2022-10-27 22:23:02,347] {processor.py:641} INFO - Processing file /home/nayara/Documentos/airflowalura/venv/lib/python3.9/site-packages/airflow/example_dags/example_task_group_decorator.py for tasks to queue
[2022-10-27 22:23:02,349] {logging_mixin.py:115} INFO - [2022-10-27 22:23:02,348] {dagbag.py:507} INFO - Filling up the DagBag from /home/nayara/Documentos/airflowalura/venv/lib/python3.9/site-packages/airflow/example_dags/example_task_group_decorator.py
[2022-10-27 22:23:02,398] {processor.py:651} INFO - DAG(s) dict_keys(['example_task_group_decorator']) retrieved from /home/nayara/Documentos/airflowalura/venv/lib/python3.9/site-packages/airflow/example_dags/example_task_group_decorator.py
[2022-10-27 22:23:02,440] {logging_mixin.py:115} INFO - [2022-10-27 22:23:02,440] {dag.py:2379} INFO - Sync 1 DAGs
[2022-10-27 22:23:02,472] {logging_mixin.py:115} INFO - [2022-10-27 22:23:02,472] {dag.py:2927} INFO - Setting next_dagrun for example_task_group_decorator to 2022-10-27T01:23:02.471237+00:00, run_after=2022-10-28T01:23:02.471237+00:00
[2022-10-27 22:23:02,933] {processor.py:161} INFO - Processing /home/nayara/Documentos/airflowalura/venv/lib/python3.9/site-packages/airflow/example_dags/example_task_group_decorator.py took 0.628 seconds
[2022-10-27 22:23:41,847] {processor.py:153} INFO - Started process (PID=50316) to work on /home/nayara/Documentos/airflowalura/venv/lib/python3.9/site-packages/airflow/example_dags/example_task_group_decorator.py
[2022-10-27 22:23:41,865] {processor.py:641} INFO - Processing file /home/nayara/Documentos/airflowalura/venv/lib/python3.9/site-packages/airflow/example_dags/example_task_group_decorator.py for tasks to queue
[2022-10-27 22:23:41,866] {logging_mixin.py:115} INFO - [2022-10-27 22:23:41,866] {dagbag.py:507} INFO - Filling up the DagBag from /home/nayara/Documentos/airflowalura/venv/lib/python3.9/site-packages/airflow/example_dags/example_task_group_decorator.py
[2022-10-27 22:23:41,921] {processor.py:651} INFO - DAG(s) dict_keys(['example_task_group_decorator']) retrieved from /home/nayara/Documentos/airflowalura/venv/lib/python3.9/site-packages/airflow/example_dags/example_task_group_decorator.py
[2022-10-27 22:23:41,981] {logging_mixin.py:115} INFO - [2022-10-27 22:23:41,981] {dag.py:2379} INFO - Sync 1 DAGs
[2022-10-27 22:23:42,003] {logging_mixin.py:115} INFO - [2022-10-27 22:23:42,003] {dag.py:2927} INFO - Setting next_dagrun for example_task_group_decorator to 2022-10-27T01:23:42.002791+00:00, run_after=2022-10-28T01:23:42.002791+00:00
[2022-10-27 22:23:42,490] {processor.py:161} INFO - Processing /home/nayara/Documentos/airflowalura/venv/lib/python3.9/site-packages/airflow/example_dags/example_task_group_decorator.py took 0.655 seconds
[2022-10-27 22:24:31,433] {processor.py:153} INFO - Started process (PID=50425) to work on /home/nayara/Documentos/airflowalura/venv/lib/python3.9/site-packages/airflow/example_dags/example_task_group_decorator.py
[2022-10-27 22:24:31,458] {processor.py:641} INFO - Processing file /home/nayara/Documentos/airflowalura/venv/lib/python3.9/site-packages/airflow/example_dags/example_task_group_decorator.py for tasks to queue
[2022-10-27 22:24:31,461] {logging_mixin.py:115} INFO - [2022-10-27 22:24:31,461] {dagbag.py:507} INFO - Filling up the DagBag from /home/nayara/Documentos/airflowalura/venv/lib/python3.9/site-packages/airflow/example_dags/example_task_group_decorator.py
[2022-10-27 22:24:31,552] {processor.py:651} INFO - DAG(s) dict_keys(['example_task_group_decorator']) retrieved from /home/nayara/Documentos/airflowalura/venv/lib/python3.9/site-packages/airflow/example_dags/example_task_group_decorator.py
[2022-10-27 22:24:31,649] {logging_mixin.py:115} INFO - [2022-10-27 22:24:31,649] {dag.py:2379} INFO - Sync 1 DAGs
[2022-10-27 22:24:31,678] {logging_mixin.py:115} INFO - [2022-10-27 22:24:31,678] {dag.py:2927} INFO - Setting next_dagrun for example_task_group_decorator to 2022-10-27T01:24:31.678496+00:00, run_after=2022-10-28T01:24:31.678496+00:00
[2022-10-27 22:24:31,989] {processor.py:161} INFO - Processing /home/nayara/Documentos/airflowalura/venv/lib/python3.9/site-packages/airflow/example_dags/example_task_group_decorator.py took 0.561 seconds
[2022-10-27 22:25:18,172] {processor.py:153} INFO - Started process (PID=50524) to work on /home/nayara/Documentos/airflowalura/venv/lib/python3.9/site-packages/airflow/example_dags/example_task_group_decorator.py
[2022-10-27 22:25:18,193] {processor.py:641} INFO - Processing file /home/nayara/Documentos/airflowalura/venv/lib/python3.9/site-packages/airflow/example_dags/example_task_group_decorator.py for tasks to queue
[2022-10-27 22:25:18,194] {logging_mixin.py:115} INFO - [2022-10-27 22:25:18,194] {dagbag.py:507} INFO - Filling up the DagBag from /home/nayara/Documentos/airflowalura/venv/lib/python3.9/site-packages/airflow/example_dags/example_task_group_decorator.py
[2022-10-27 22:25:18,268] {processor.py:651} INFO - DAG(s) dict_keys(['example_task_group_decorator']) retrieved from /home/nayara/Documentos/airflowalura/venv/lib/python3.9/site-packages/airflow/example_dags/example_task_group_decorator.py
[2022-10-27 22:25:18,302] {logging_mixin.py:115} INFO - [2022-10-27 22:25:18,302] {dag.py:2379} INFO - Sync 1 DAGs
[2022-10-27 22:25:18,334] {logging_mixin.py:115} INFO - [2022-10-27 22:25:18,334] {dag.py:2927} INFO - Setting next_dagrun for example_task_group_decorator to 2022-10-27T01:25:18.334117+00:00, run_after=2022-10-28T01:25:18.334117+00:00
[2022-10-27 22:25:18,599] {processor.py:161} INFO - Processing /home/nayara/Documentos/airflowalura/venv/lib/python3.9/site-packages/airflow/example_dags/example_task_group_decorator.py took 0.434 seconds
[2022-10-27 22:26:23,350] {processor.py:153} INFO - Started process (PID=50649) to work on /home/nayara/Documentos/airflowalura/venv/lib/python3.9/site-packages/airflow/example_dags/example_task_group_decorator.py
[2022-10-27 22:26:23,359] {processor.py:641} INFO - Processing file /home/nayara/Documentos/airflowalura/venv/lib/python3.9/site-packages/airflow/example_dags/example_task_group_decorator.py for tasks to queue
[2022-10-27 22:26:23,360] {logging_mixin.py:115} INFO - [2022-10-27 22:26:23,360] {dagbag.py:507} INFO - Filling up the DagBag from /home/nayara/Documentos/airflowalura/venv/lib/python3.9/site-packages/airflow/example_dags/example_task_group_decorator.py
[2022-10-27 22:26:23,423] {processor.py:651} INFO - DAG(s) dict_keys(['example_task_group_decorator']) retrieved from /home/nayara/Documentos/airflowalura/venv/lib/python3.9/site-packages/airflow/example_dags/example_task_group_decorator.py
[2022-10-27 22:26:23,453] {logging_mixin.py:115} INFO - [2022-10-27 22:26:23,453] {dag.py:2379} INFO - Sync 1 DAGs
[2022-10-27 22:26:23,481] {logging_mixin.py:115} INFO - [2022-10-27 22:26:23,480] {dag.py:2927} INFO - Setting next_dagrun for example_task_group_decorator to 2022-10-27T01:26:23.480257+00:00, run_after=2022-10-28T01:26:23.480257+00:00
[2022-10-27 22:26:23,775] {processor.py:161} INFO - Processing /home/nayara/Documentos/airflowalura/venv/lib/python3.9/site-packages/airflow/example_dags/example_task_group_decorator.py took 0.432 seconds
[2022-10-27 22:27:14,386] {processor.py:153} INFO - Started process (PID=50793) to work on /home/nayara/Documentos/airflowalura/venv/lib/python3.9/site-packages/airflow/example_dags/example_task_group_decorator.py
[2022-10-27 22:27:14,387] {processor.py:641} INFO - Processing file /home/nayara/Documentos/airflowalura/venv/lib/python3.9/site-packages/airflow/example_dags/example_task_group_decorator.py for tasks to queue
[2022-10-27 22:27:14,389] {logging_mixin.py:115} INFO - [2022-10-27 22:27:14,389] {dagbag.py:507} INFO - Filling up the DagBag from /home/nayara/Documentos/airflowalura/venv/lib/python3.9/site-packages/airflow/example_dags/example_task_group_decorator.py
[2022-10-27 22:27:14,450] {processor.py:651} INFO - DAG(s) dict_keys(['example_task_group_decorator']) retrieved from /home/nayara/Documentos/airflowalura/venv/lib/python3.9/site-packages/airflow/example_dags/example_task_group_decorator.py
[2022-10-27 22:27:14,479] {logging_mixin.py:115} INFO - [2022-10-27 22:27:14,478] {dag.py:2379} INFO - Sync 1 DAGs
[2022-10-27 22:27:14,511] {logging_mixin.py:115} INFO - [2022-10-27 22:27:14,510] {dag.py:2927} INFO - Setting next_dagrun for example_task_group_decorator to 2022-10-27T01:27:14.510405+00:00, run_after=2022-10-28T01:27:14.510405+00:00
[2022-10-27 22:27:14,800] {processor.py:161} INFO - Processing /home/nayara/Documentos/airflowalura/venv/lib/python3.9/site-packages/airflow/example_dags/example_task_group_decorator.py took 0.423 seconds
[2022-10-27 22:27:57,739] {processor.py:153} INFO - Started process (PID=50942) to work on /home/nayara/Documentos/airflowalura/venv/lib/python3.9/site-packages/airflow/example_dags/example_task_group_decorator.py
[2022-10-27 22:27:57,775] {processor.py:641} INFO - Processing file /home/nayara/Documentos/airflowalura/venv/lib/python3.9/site-packages/airflow/example_dags/example_task_group_decorator.py for tasks to queue
[2022-10-27 22:27:57,776] {logging_mixin.py:115} INFO - [2022-10-27 22:27:57,776] {dagbag.py:507} INFO - Filling up the DagBag from /home/nayara/Documentos/airflowalura/venv/lib/python3.9/site-packages/airflow/example_dags/example_task_group_decorator.py
[2022-10-27 22:27:57,836] {processor.py:651} INFO - DAG(s) dict_keys(['example_task_group_decorator']) retrieved from /home/nayara/Documentos/airflowalura/venv/lib/python3.9/site-packages/airflow/example_dags/example_task_group_decorator.py
[2022-10-27 22:27:57,867] {logging_mixin.py:115} INFO - [2022-10-27 22:27:57,867] {dag.py:2379} INFO - Sync 1 DAGs
[2022-10-27 22:27:57,901] {logging_mixin.py:115} INFO - [2022-10-27 22:27:57,901] {dag.py:2927} INFO - Setting next_dagrun for example_task_group_decorator to 2022-10-27T01:27:57.901097+00:00, run_after=2022-10-28T01:27:57.901097+00:00
[2022-10-27 22:27:58,467] {processor.py:161} INFO - Processing /home/nayara/Documentos/airflowalura/venv/lib/python3.9/site-packages/airflow/example_dags/example_task_group_decorator.py took 0.734 seconds
[2022-10-27 22:28:47,740] {processor.py:153} INFO - Started process (PID=51055) to work on /home/nayara/Documentos/airflowalura/venv/lib/python3.9/site-packages/airflow/example_dags/example_task_group_decorator.py
[2022-10-27 22:28:47,755] {processor.py:641} INFO - Processing file /home/nayara/Documentos/airflowalura/venv/lib/python3.9/site-packages/airflow/example_dags/example_task_group_decorator.py for tasks to queue
[2022-10-27 22:28:47,756] {logging_mixin.py:115} INFO - [2022-10-27 22:28:47,756] {dagbag.py:507} INFO - Filling up the DagBag from /home/nayara/Documentos/airflowalura/venv/lib/python3.9/site-packages/airflow/example_dags/example_task_group_decorator.py
[2022-10-27 22:28:47,798] {processor.py:651} INFO - DAG(s) dict_keys(['example_task_group_decorator']) retrieved from /home/nayara/Documentos/airflowalura/venv/lib/python3.9/site-packages/airflow/example_dags/example_task_group_decorator.py
[2022-10-27 22:28:47,864] {logging_mixin.py:115} INFO - [2022-10-27 22:28:47,864] {dag.py:2379} INFO - Sync 1 DAGs
[2022-10-27 22:28:47,888] {logging_mixin.py:115} INFO - [2022-10-27 22:28:47,888] {dag.py:2927} INFO - Setting next_dagrun for example_task_group_decorator to 2022-10-27T01:28:47.887882+00:00, run_after=2022-10-28T01:28:47.887882+00:00
[2022-10-27 22:28:48,282] {processor.py:161} INFO - Processing /home/nayara/Documentos/airflowalura/venv/lib/python3.9/site-packages/airflow/example_dags/example_task_group_decorator.py took 0.548 seconds
[2022-10-27 22:29:37,442] {processor.py:153} INFO - Started process (PID=51173) to work on /home/nayara/Documentos/airflowalura/venv/lib/python3.9/site-packages/airflow/example_dags/example_task_group_decorator.py
[2022-10-27 22:29:37,477] {processor.py:641} INFO - Processing file /home/nayara/Documentos/airflowalura/venv/lib/python3.9/site-packages/airflow/example_dags/example_task_group_decorator.py for tasks to queue
[2022-10-27 22:29:37,478] {logging_mixin.py:115} INFO - [2022-10-27 22:29:37,478] {dagbag.py:507} INFO - Filling up the DagBag from /home/nayara/Documentos/airflowalura/venv/lib/python3.9/site-packages/airflow/example_dags/example_task_group_decorator.py
[2022-10-27 22:29:37,525] {processor.py:651} INFO - DAG(s) dict_keys(['example_task_group_decorator']) retrieved from /home/nayara/Documentos/airflowalura/venv/lib/python3.9/site-packages/airflow/example_dags/example_task_group_decorator.py
[2022-10-27 22:29:37,547] {logging_mixin.py:115} INFO - [2022-10-27 22:29:37,547] {dag.py:2379} INFO - Sync 1 DAGs
[2022-10-27 22:29:37,568] {logging_mixin.py:115} INFO - [2022-10-27 22:29:37,568] {dag.py:2927} INFO - Setting next_dagrun for example_task_group_decorator to 2022-10-27T01:29:37.567829+00:00, run_after=2022-10-28T01:29:37.567829+00:00
[2022-10-27 22:29:37,915] {processor.py:161} INFO - Processing /home/nayara/Documentos/airflowalura/venv/lib/python3.9/site-packages/airflow/example_dags/example_task_group_decorator.py took 0.483 seconds
[2022-10-27 22:30:21,460] {processor.py:153} INFO - Started process (PID=51246) to work on /home/nayara/Documentos/airflowalura/venv/lib/python3.9/site-packages/airflow/example_dags/example_task_group_decorator.py
[2022-10-27 22:30:21,478] {processor.py:641} INFO - Processing file /home/nayara/Documentos/airflowalura/venv/lib/python3.9/site-packages/airflow/example_dags/example_task_group_decorator.py for tasks to queue
[2022-10-27 22:30:21,479] {logging_mixin.py:115} INFO - [2022-10-27 22:30:21,479] {dagbag.py:507} INFO - Filling up the DagBag from /home/nayara/Documentos/airflowalura/venv/lib/python3.9/site-packages/airflow/example_dags/example_task_group_decorator.py
[2022-10-27 22:30:21,521] {processor.py:651} INFO - DAG(s) dict_keys(['example_task_group_decorator']) retrieved from /home/nayara/Documentos/airflowalura/venv/lib/python3.9/site-packages/airflow/example_dags/example_task_group_decorator.py
[2022-10-27 22:30:21,542] {logging_mixin.py:115} INFO - [2022-10-27 22:30:21,542] {dag.py:2379} INFO - Sync 1 DAGs
[2022-10-27 22:30:21,563] {logging_mixin.py:115} INFO - [2022-10-27 22:30:21,563] {dag.py:2927} INFO - Setting next_dagrun for example_task_group_decorator to 2022-10-27T01:30:21.562988+00:00, run_after=2022-10-28T01:30:21.562988+00:00
[2022-10-27 22:30:21,877] {processor.py:161} INFO - Processing /home/nayara/Documentos/airflowalura/venv/lib/python3.9/site-packages/airflow/example_dags/example_task_group_decorator.py took 0.427 seconds
[2022-10-27 22:31:12,734] {processor.py:153} INFO - Started process (PID=51333) to work on /home/nayara/Documentos/airflowalura/venv/lib/python3.9/site-packages/airflow/example_dags/example_task_group_decorator.py
[2022-10-27 22:31:12,758] {processor.py:641} INFO - Processing file /home/nayara/Documentos/airflowalura/venv/lib/python3.9/site-packages/airflow/example_dags/example_task_group_decorator.py for tasks to queue
[2022-10-27 22:31:12,759] {logging_mixin.py:115} INFO - [2022-10-27 22:31:12,759] {dagbag.py:507} INFO - Filling up the DagBag from /home/nayara/Documentos/airflowalura/venv/lib/python3.9/site-packages/airflow/example_dags/example_task_group_decorator.py
[2022-10-27 22:31:12,801] {processor.py:651} INFO - DAG(s) dict_keys(['example_task_group_decorator']) retrieved from /home/nayara/Documentos/airflowalura/venv/lib/python3.9/site-packages/airflow/example_dags/example_task_group_decorator.py
[2022-10-27 22:31:12,823] {logging_mixin.py:115} INFO - [2022-10-27 22:31:12,823] {dag.py:2379} INFO - Sync 1 DAGs
[2022-10-27 22:31:12,844] {logging_mixin.py:115} INFO - [2022-10-27 22:31:12,844] {dag.py:2927} INFO - Setting next_dagrun for example_task_group_decorator to 2022-10-27T01:31:12.844404+00:00, run_after=2022-10-28T01:31:12.844404+00:00
[2022-10-27 22:31:13,161] {processor.py:161} INFO - Processing /home/nayara/Documentos/airflowalura/venv/lib/python3.9/site-packages/airflow/example_dags/example_task_group_decorator.py took 0.438 seconds
[2022-10-27 22:32:34,374] {processor.py:153} INFO - Started process (PID=51532) to work on /home/nayara/Documentos/airflowalura/venv/lib/python3.9/site-packages/airflow/example_dags/example_task_group_decorator.py
[2022-10-27 22:32:34,393] {processor.py:641} INFO - Processing file /home/nayara/Documentos/airflowalura/venv/lib/python3.9/site-packages/airflow/example_dags/example_task_group_decorator.py for tasks to queue
[2022-10-27 22:32:34,395] {logging_mixin.py:115} INFO - [2022-10-27 22:32:34,395] {dagbag.py:507} INFO - Filling up the DagBag from /home/nayara/Documentos/airflowalura/venv/lib/python3.9/site-packages/airflow/example_dags/example_task_group_decorator.py
[2022-10-27 22:32:34,471] {processor.py:651} INFO - DAG(s) dict_keys(['example_task_group_decorator']) retrieved from /home/nayara/Documentos/airflowalura/venv/lib/python3.9/site-packages/airflow/example_dags/example_task_group_decorator.py
[2022-10-27 22:32:34,496] {logging_mixin.py:115} INFO - [2022-10-27 22:32:34,496] {dag.py:2379} INFO - Sync 1 DAGs
[2022-10-27 22:32:34,520] {logging_mixin.py:115} INFO - [2022-10-27 22:32:34,520] {dag.py:2927} INFO - Setting next_dagrun for example_task_group_decorator to 2022-10-27T01:32:34.519768+00:00, run_after=2022-10-28T01:32:34.519768+00:00
[2022-10-27 22:32:34,830] {processor.py:161} INFO - Processing /home/nayara/Documentos/airflowalura/venv/lib/python3.9/site-packages/airflow/example_dags/example_task_group_decorator.py took 0.475 seconds
[2022-10-27 22:33:20,416] {processor.py:153} INFO - Started process (PID=51640) to work on /home/nayara/Documentos/airflowalura/venv/lib/python3.9/site-packages/airflow/example_dags/example_task_group_decorator.py
[2022-10-27 22:33:20,434] {processor.py:641} INFO - Processing file /home/nayara/Documentos/airflowalura/venv/lib/python3.9/site-packages/airflow/example_dags/example_task_group_decorator.py for tasks to queue
[2022-10-27 22:33:20,435] {logging_mixin.py:115} INFO - [2022-10-27 22:33:20,435] {dagbag.py:507} INFO - Filling up the DagBag from /home/nayara/Documentos/airflowalura/venv/lib/python3.9/site-packages/airflow/example_dags/example_task_group_decorator.py
[2022-10-27 22:33:20,511] {processor.py:651} INFO - DAG(s) dict_keys(['example_task_group_decorator']) retrieved from /home/nayara/Documentos/airflowalura/venv/lib/python3.9/site-packages/airflow/example_dags/example_task_group_decorator.py
[2022-10-27 22:33:20,545] {logging_mixin.py:115} INFO - [2022-10-27 22:33:20,545] {dag.py:2379} INFO - Sync 1 DAGs
[2022-10-27 22:33:20,576] {logging_mixin.py:115} INFO - [2022-10-27 22:33:20,576] {dag.py:2927} INFO - Setting next_dagrun for example_task_group_decorator to 2022-10-27T01:33:20.576104+00:00, run_after=2022-10-28T01:33:20.576104+00:00
[2022-10-27 22:33:21,049] {processor.py:161} INFO - Processing /home/nayara/Documentos/airflowalura/venv/lib/python3.9/site-packages/airflow/example_dags/example_task_group_decorator.py took 0.639 seconds
[2022-10-27 22:34:08,391] {processor.py:153} INFO - Started process (PID=51725) to work on /home/nayara/Documentos/airflowalura/venv/lib/python3.9/site-packages/airflow/example_dags/example_task_group_decorator.py
[2022-10-27 22:34:08,392] {processor.py:641} INFO - Processing file /home/nayara/Documentos/airflowalura/venv/lib/python3.9/site-packages/airflow/example_dags/example_task_group_decorator.py for tasks to queue
[2022-10-27 22:34:08,393] {logging_mixin.py:115} INFO - [2022-10-27 22:34:08,393] {dagbag.py:507} INFO - Filling up the DagBag from /home/nayara/Documentos/airflowalura/venv/lib/python3.9/site-packages/airflow/example_dags/example_task_group_decorator.py
[2022-10-27 22:34:08,449] {processor.py:651} INFO - DAG(s) dict_keys(['example_task_group_decorator']) retrieved from /home/nayara/Documentos/airflowalura/venv/lib/python3.9/site-packages/airflow/example_dags/example_task_group_decorator.py
[2022-10-27 22:34:08,526] {logging_mixin.py:115} INFO - [2022-10-27 22:34:08,525] {dag.py:2379} INFO - Sync 1 DAGs
[2022-10-27 22:34:08,550] {logging_mixin.py:115} INFO - [2022-10-27 22:34:08,549] {dag.py:2927} INFO - Setting next_dagrun for example_task_group_decorator to 2022-10-27T01:34:08.549652+00:00, run_after=2022-10-28T01:34:08.549652+00:00
[2022-10-27 22:34:08,833] {processor.py:161} INFO - Processing /home/nayara/Documentos/airflowalura/venv/lib/python3.9/site-packages/airflow/example_dags/example_task_group_decorator.py took 0.455 seconds
[2022-10-27 22:34:52,003] {processor.py:153} INFO - Started process (PID=51798) to work on /home/nayara/Documentos/airflowalura/venv/lib/python3.9/site-packages/airflow/example_dags/example_task_group_decorator.py
[2022-10-27 22:34:52,005] {processor.py:641} INFO - Processing file /home/nayara/Documentos/airflowalura/venv/lib/python3.9/site-packages/airflow/example_dags/example_task_group_decorator.py for tasks to queue
[2022-10-27 22:34:52,005] {logging_mixin.py:115} INFO - [2022-10-27 22:34:52,005] {dagbag.py:507} INFO - Filling up the DagBag from /home/nayara/Documentos/airflowalura/venv/lib/python3.9/site-packages/airflow/example_dags/example_task_group_decorator.py
[2022-10-27 22:34:52,041] {processor.py:651} INFO - DAG(s) dict_keys(['example_task_group_decorator']) retrieved from /home/nayara/Documentos/airflowalura/venv/lib/python3.9/site-packages/airflow/example_dags/example_task_group_decorator.py
[2022-10-27 22:34:52,062] {logging_mixin.py:115} INFO - [2022-10-27 22:34:52,062] {dag.py:2379} INFO - Sync 1 DAGs
[2022-10-27 22:34:52,083] {logging_mixin.py:115} INFO - [2022-10-27 22:34:52,083] {dag.py:2927} INFO - Setting next_dagrun for example_task_group_decorator to 2022-10-27T01:34:52.083518+00:00, run_after=2022-10-28T01:34:52.083518+00:00
[2022-10-27 22:34:52,356] {processor.py:161} INFO - Processing /home/nayara/Documentos/airflowalura/venv/lib/python3.9/site-packages/airflow/example_dags/example_task_group_decorator.py took 0.359 seconds
[2022-10-27 22:35:29,093] {processor.py:153} INFO - Started process (PID=51854) to work on /home/nayara/Documentos/airflowalura/venv/lib/python3.9/site-packages/airflow/example_dags/example_task_group_decorator.py
[2022-10-27 22:35:29,107] {processor.py:641} INFO - Processing file /home/nayara/Documentos/airflowalura/venv/lib/python3.9/site-packages/airflow/example_dags/example_task_group_decorator.py for tasks to queue
[2022-10-27 22:35:29,108] {logging_mixin.py:115} INFO - [2022-10-27 22:35:29,108] {dagbag.py:507} INFO - Filling up the DagBag from /home/nayara/Documentos/airflowalura/venv/lib/python3.9/site-packages/airflow/example_dags/example_task_group_decorator.py
[2022-10-27 22:35:29,152] {processor.py:651} INFO - DAG(s) dict_keys(['example_task_group_decorator']) retrieved from /home/nayara/Documentos/airflowalura/venv/lib/python3.9/site-packages/airflow/example_dags/example_task_group_decorator.py
[2022-10-27 22:35:29,173] {logging_mixin.py:115} INFO - [2022-10-27 22:35:29,173] {dag.py:2379} INFO - Sync 1 DAGs
[2022-10-27 22:35:29,194] {logging_mixin.py:115} INFO - [2022-10-27 22:35:29,194] {dag.py:2927} INFO - Setting next_dagrun for example_task_group_decorator to 2022-10-27T01:35:29.193736+00:00, run_after=2022-10-28T01:35:29.193736+00:00
[2022-10-27 22:35:29,517] {processor.py:161} INFO - Processing /home/nayara/Documentos/airflowalura/venv/lib/python3.9/site-packages/airflow/example_dags/example_task_group_decorator.py took 0.436 seconds
[2022-10-27 22:36:07,834] {processor.py:153} INFO - Started process (PID=51932) to work on /home/nayara/Documentos/airflowalura/venv/lib/python3.9/site-packages/airflow/example_dags/example_task_group_decorator.py
[2022-10-27 22:36:07,863] {processor.py:641} INFO - Processing file /home/nayara/Documentos/airflowalura/venv/lib/python3.9/site-packages/airflow/example_dags/example_task_group_decorator.py for tasks to queue
[2022-10-27 22:36:07,864] {logging_mixin.py:115} INFO - [2022-10-27 22:36:07,864] {dagbag.py:507} INFO - Filling up the DagBag from /home/nayara/Documentos/airflowalura/venv/lib/python3.9/site-packages/airflow/example_dags/example_task_group_decorator.py
[2022-10-27 22:36:07,942] {processor.py:651} INFO - DAG(s) dict_keys(['example_task_group_decorator']) retrieved from /home/nayara/Documentos/airflowalura/venv/lib/python3.9/site-packages/airflow/example_dags/example_task_group_decorator.py
[2022-10-27 22:36:07,967] {logging_mixin.py:115} INFO - [2022-10-27 22:36:07,967] {dag.py:2379} INFO - Sync 1 DAGs
[2022-10-27 22:36:07,993] {logging_mixin.py:115} INFO - [2022-10-27 22:36:07,993] {dag.py:2927} INFO - Setting next_dagrun for example_task_group_decorator to 2022-10-27T01:36:07.992909+00:00, run_after=2022-10-28T01:36:07.992909+00:00
[2022-10-27 22:36:08,583] {processor.py:161} INFO - Processing /home/nayara/Documentos/airflowalura/venv/lib/python3.9/site-packages/airflow/example_dags/example_task_group_decorator.py took 0.757 seconds
[2022-10-27 22:36:59,250] {processor.py:153} INFO - Started process (PID=52179) to work on /home/nayara/Documentos/airflowalura/venv/lib/python3.9/site-packages/airflow/example_dags/example_task_group_decorator.py
[2022-10-27 22:36:59,269] {processor.py:641} INFO - Processing file /home/nayara/Documentos/airflowalura/venv/lib/python3.9/site-packages/airflow/example_dags/example_task_group_decorator.py for tasks to queue
[2022-10-27 22:36:59,272] {logging_mixin.py:115} INFO - [2022-10-27 22:36:59,271] {dagbag.py:507} INFO - Filling up the DagBag from /home/nayara/Documentos/airflowalura/venv/lib/python3.9/site-packages/airflow/example_dags/example_task_group_decorator.py
[2022-10-27 22:36:59,370] {processor.py:651} INFO - DAG(s) dict_keys(['example_task_group_decorator']) retrieved from /home/nayara/Documentos/airflowalura/venv/lib/python3.9/site-packages/airflow/example_dags/example_task_group_decorator.py
[2022-10-27 22:36:59,394] {logging_mixin.py:115} INFO - [2022-10-27 22:36:59,393] {dag.py:2379} INFO - Sync 1 DAGs
[2022-10-27 22:36:59,420] {logging_mixin.py:115} INFO - [2022-10-27 22:36:59,420] {dag.py:2927} INFO - Setting next_dagrun for example_task_group_decorator to 2022-10-27T01:36:59.419724+00:00, run_after=2022-10-28T01:36:59.419724+00:00
[2022-10-27 22:36:59,833] {processor.py:161} INFO - Processing /home/nayara/Documentos/airflowalura/venv/lib/python3.9/site-packages/airflow/example_dags/example_task_group_decorator.py took 0.599 seconds
[2022-10-27 22:38:40,591] {processor.py:153} INFO - Started process (PID=52509) to work on /home/nayara/Documentos/airflowalura/venv/lib/python3.9/site-packages/airflow/example_dags/example_task_group_decorator.py
[2022-10-27 22:38:40,645] {processor.py:641} INFO - Processing file /home/nayara/Documentos/airflowalura/venv/lib/python3.9/site-packages/airflow/example_dags/example_task_group_decorator.py for tasks to queue
[2022-10-27 22:38:40,646] {logging_mixin.py:115} INFO - [2022-10-27 22:38:40,646] {dagbag.py:507} INFO - Filling up the DagBag from /home/nayara/Documentos/airflowalura/venv/lib/python3.9/site-packages/airflow/example_dags/example_task_group_decorator.py
[2022-10-27 22:38:40,776] {processor.py:651} INFO - DAG(s) dict_keys(['example_task_group_decorator']) retrieved from /home/nayara/Documentos/airflowalura/venv/lib/python3.9/site-packages/airflow/example_dags/example_task_group_decorator.py
[2022-10-27 22:38:40,841] {logging_mixin.py:115} INFO - [2022-10-27 22:38:40,841] {dag.py:2379} INFO - Sync 1 DAGs
[2022-10-27 22:38:40,871] {logging_mixin.py:115} INFO - [2022-10-27 22:38:40,871] {dag.py:2927} INFO - Setting next_dagrun for example_task_group_decorator to 2022-10-27T01:38:40.871043+00:00, run_after=2022-10-28T01:38:40.871043+00:00
[2022-10-27 22:38:41,354] {processor.py:161} INFO - Processing /home/nayara/Documentos/airflowalura/venv/lib/python3.9/site-packages/airflow/example_dags/example_task_group_decorator.py took 0.780 seconds
[2022-10-27 22:39:32,826] {processor.py:153} INFO - Started process (PID=52621) to work on /home/nayara/Documentos/airflowalura/venv/lib/python3.9/site-packages/airflow/example_dags/example_task_group_decorator.py
[2022-10-27 22:39:32,840] {processor.py:641} INFO - Processing file /home/nayara/Documentos/airflowalura/venv/lib/python3.9/site-packages/airflow/example_dags/example_task_group_decorator.py for tasks to queue
[2022-10-27 22:39:32,843] {logging_mixin.py:115} INFO - [2022-10-27 22:39:32,843] {dagbag.py:507} INFO - Filling up the DagBag from /home/nayara/Documentos/airflowalura/venv/lib/python3.9/site-packages/airflow/example_dags/example_task_group_decorator.py
[2022-10-27 22:39:32,934] {processor.py:651} INFO - DAG(s) dict_keys(['example_task_group_decorator']) retrieved from /home/nayara/Documentos/airflowalura/venv/lib/python3.9/site-packages/airflow/example_dags/example_task_group_decorator.py
[2022-10-27 22:39:33,005] {logging_mixin.py:115} INFO - [2022-10-27 22:39:33,005] {dag.py:2379} INFO - Sync 1 DAGs
[2022-10-27 22:39:33,038] {logging_mixin.py:115} INFO - [2022-10-27 22:39:33,038] {dag.py:2927} INFO - Setting next_dagrun for example_task_group_decorator to 2022-10-27T01:39:33.038093+00:00, run_after=2022-10-28T01:39:33.038093+00:00
[2022-10-27 22:39:33,606] {processor.py:161} INFO - Processing /home/nayara/Documentos/airflowalura/venv/lib/python3.9/site-packages/airflow/example_dags/example_task_group_decorator.py took 0.798 seconds
[2022-10-27 22:41:06,325] {processor.py:153} INFO - Started process (PID=52792) to work on /home/nayara/Documentos/airflowalura/venv/lib/python3.9/site-packages/airflow/example_dags/example_task_group_decorator.py
[2022-10-27 22:41:06,358] {processor.py:641} INFO - Processing file /home/nayara/Documentos/airflowalura/venv/lib/python3.9/site-packages/airflow/example_dags/example_task_group_decorator.py for tasks to queue
[2022-10-27 22:41:06,362] {logging_mixin.py:115} INFO - [2022-10-27 22:41:06,361] {dagbag.py:507} INFO - Filling up the DagBag from /home/nayara/Documentos/airflowalura/venv/lib/python3.9/site-packages/airflow/example_dags/example_task_group_decorator.py
[2022-10-27 22:41:06,429] {processor.py:651} INFO - DAG(s) dict_keys(['example_task_group_decorator']) retrieved from /home/nayara/Documentos/airflowalura/venv/lib/python3.9/site-packages/airflow/example_dags/example_task_group_decorator.py
[2022-10-27 22:41:06,524] {logging_mixin.py:115} INFO - [2022-10-27 22:41:06,524] {dag.py:2379} INFO - Sync 1 DAGs
[2022-10-27 22:41:06,549] {logging_mixin.py:115} INFO - [2022-10-27 22:41:06,549] {dag.py:2927} INFO - Setting next_dagrun for example_task_group_decorator to 2022-10-27T01:41:06.548666+00:00, run_after=2022-10-28T01:41:06.548666+00:00
[2022-10-27 22:41:06,857] {processor.py:161} INFO - Processing /home/nayara/Documentos/airflowalura/venv/lib/python3.9/site-packages/airflow/example_dags/example_task_group_decorator.py took 0.549 seconds
[2022-10-27 22:41:57,552] {processor.py:153} INFO - Started process (PID=52918) to work on /home/nayara/Documentos/airflowalura/venv/lib/python3.9/site-packages/airflow/example_dags/example_task_group_decorator.py
[2022-10-27 22:41:57,583] {processor.py:641} INFO - Processing file /home/nayara/Documentos/airflowalura/venv/lib/python3.9/site-packages/airflow/example_dags/example_task_group_decorator.py for tasks to queue
[2022-10-27 22:41:57,584] {logging_mixin.py:115} INFO - [2022-10-27 22:41:57,584] {dagbag.py:507} INFO - Filling up the DagBag from /home/nayara/Documentos/airflowalura/venv/lib/python3.9/site-packages/airflow/example_dags/example_task_group_decorator.py
[2022-10-27 22:41:57,632] {processor.py:651} INFO - DAG(s) dict_keys(['example_task_group_decorator']) retrieved from /home/nayara/Documentos/airflowalura/venv/lib/python3.9/site-packages/airflow/example_dags/example_task_group_decorator.py
[2022-10-27 22:41:57,653] {logging_mixin.py:115} INFO - [2022-10-27 22:41:57,653] {dag.py:2379} INFO - Sync 1 DAGs
[2022-10-27 22:41:57,675] {logging_mixin.py:115} INFO - [2022-10-27 22:41:57,675] {dag.py:2927} INFO - Setting next_dagrun for example_task_group_decorator to 2022-10-27T01:41:57.674528+00:00, run_after=2022-10-28T01:41:57.674528+00:00
[2022-10-27 22:41:58,013] {processor.py:161} INFO - Processing /home/nayara/Documentos/airflowalura/venv/lib/python3.9/site-packages/airflow/example_dags/example_task_group_decorator.py took 0.468 seconds
[2022-10-27 22:42:38,032] {processor.py:153} INFO - Started process (PID=52988) to work on /home/nayara/Documentos/airflowalura/venv/lib/python3.9/site-packages/airflow/example_dags/example_task_group_decorator.py
[2022-10-27 22:42:38,056] {processor.py:641} INFO - Processing file /home/nayara/Documentos/airflowalura/venv/lib/python3.9/site-packages/airflow/example_dags/example_task_group_decorator.py for tasks to queue
[2022-10-27 22:42:38,057] {logging_mixin.py:115} INFO - [2022-10-27 22:42:38,057] {dagbag.py:507} INFO - Filling up the DagBag from /home/nayara/Documentos/airflowalura/venv/lib/python3.9/site-packages/airflow/example_dags/example_task_group_decorator.py
[2022-10-27 22:42:38,107] {processor.py:651} INFO - DAG(s) dict_keys(['example_task_group_decorator']) retrieved from /home/nayara/Documentos/airflowalura/venv/lib/python3.9/site-packages/airflow/example_dags/example_task_group_decorator.py
[2022-10-27 22:42:38,129] {logging_mixin.py:115} INFO - [2022-10-27 22:42:38,129] {dag.py:2379} INFO - Sync 1 DAGs
[2022-10-27 22:42:38,150] {logging_mixin.py:115} INFO - [2022-10-27 22:42:38,150] {dag.py:2927} INFO - Setting next_dagrun for example_task_group_decorator to 2022-10-27T01:42:38.149820+00:00, run_after=2022-10-28T01:42:38.149820+00:00
[2022-10-27 22:42:38,465] {processor.py:161} INFO - Processing /home/nayara/Documentos/airflowalura/venv/lib/python3.9/site-packages/airflow/example_dags/example_task_group_decorator.py took 0.447 seconds
[2022-10-27 22:43:14,238] {processor.py:153} INFO - Started process (PID=53071) to work on /home/nayara/Documentos/airflowalura/venv/lib/python3.9/site-packages/airflow/example_dags/example_task_group_decorator.py
[2022-10-27 22:43:14,263] {processor.py:641} INFO - Processing file /home/nayara/Documentos/airflowalura/venv/lib/python3.9/site-packages/airflow/example_dags/example_task_group_decorator.py for tasks to queue
[2022-10-27 22:43:14,265] {logging_mixin.py:115} INFO - [2022-10-27 22:43:14,265] {dagbag.py:507} INFO - Filling up the DagBag from /home/nayara/Documentos/airflowalura/venv/lib/python3.9/site-packages/airflow/example_dags/example_task_group_decorator.py
[2022-10-27 22:43:14,334] {processor.py:651} INFO - DAG(s) dict_keys(['example_task_group_decorator']) retrieved from /home/nayara/Documentos/airflowalura/venv/lib/python3.9/site-packages/airflow/example_dags/example_task_group_decorator.py
[2022-10-27 22:43:14,367] {logging_mixin.py:115} INFO - [2022-10-27 22:43:14,366] {dag.py:2379} INFO - Sync 1 DAGs
[2022-10-27 22:43:14,395] {logging_mixin.py:115} INFO - [2022-10-27 22:43:14,395] {dag.py:2927} INFO - Setting next_dagrun for example_task_group_decorator to 2022-10-27T01:43:14.395205+00:00, run_after=2022-10-28T01:43:14.395205+00:00
[2022-10-27 22:43:14,773] {processor.py:161} INFO - Processing /home/nayara/Documentos/airflowalura/venv/lib/python3.9/site-packages/airflow/example_dags/example_task_group_decorator.py took 0.547 seconds
[2022-10-27 22:43:55,417] {processor.py:153} INFO - Started process (PID=53146) to work on /home/nayara/Documentos/airflowalura/venv/lib/python3.9/site-packages/airflow/example_dags/example_task_group_decorator.py
[2022-10-27 22:43:55,432] {processor.py:641} INFO - Processing file /home/nayara/Documentos/airflowalura/venv/lib/python3.9/site-packages/airflow/example_dags/example_task_group_decorator.py for tasks to queue
[2022-10-27 22:43:55,433] {logging_mixin.py:115} INFO - [2022-10-27 22:43:55,433] {dagbag.py:507} INFO - Filling up the DagBag from /home/nayara/Documentos/airflowalura/venv/lib/python3.9/site-packages/airflow/example_dags/example_task_group_decorator.py
[2022-10-27 22:43:55,480] {processor.py:651} INFO - DAG(s) dict_keys(['example_task_group_decorator']) retrieved from /home/nayara/Documentos/airflowalura/venv/lib/python3.9/site-packages/airflow/example_dags/example_task_group_decorator.py
[2022-10-27 22:43:55,576] {logging_mixin.py:115} INFO - [2022-10-27 22:43:55,575] {dag.py:2379} INFO - Sync 1 DAGs
[2022-10-27 22:43:55,608] {logging_mixin.py:115} INFO - [2022-10-27 22:43:55,607] {dag.py:2927} INFO - Setting next_dagrun for example_task_group_decorator to 2022-10-27T01:43:55.602514+00:00, run_after=2022-10-28T01:43:55.602514+00:00
[2022-10-27 22:43:55,901] {processor.py:161} INFO - Processing /home/nayara/Documentos/airflowalura/venv/lib/python3.9/site-packages/airflow/example_dags/example_task_group_decorator.py took 0.490 seconds
[2022-10-27 22:44:39,823] {processor.py:153} INFO - Started process (PID=53277) to work on /home/nayara/Documentos/airflowalura/venv/lib/python3.9/site-packages/airflow/example_dags/example_task_group_decorator.py
[2022-10-27 22:44:39,945] {processor.py:641} INFO - Processing file /home/nayara/Documentos/airflowalura/venv/lib/python3.9/site-packages/airflow/example_dags/example_task_group_decorator.py for tasks to queue
[2022-10-27 22:44:39,946] {logging_mixin.py:115} INFO - [2022-10-27 22:44:39,946] {dagbag.py:507} INFO - Filling up the DagBag from /home/nayara/Documentos/airflowalura/venv/lib/python3.9/site-packages/airflow/example_dags/example_task_group_decorator.py
[2022-10-27 22:44:40,016] {processor.py:651} INFO - DAG(s) dict_keys(['example_task_group_decorator']) retrieved from /home/nayara/Documentos/airflowalura/venv/lib/python3.9/site-packages/airflow/example_dags/example_task_group_decorator.py
[2022-10-27 22:44:40,097] {logging_mixin.py:115} INFO - [2022-10-27 22:44:40,096] {dag.py:2379} INFO - Sync 1 DAGs
[2022-10-27 22:44:40,128] {logging_mixin.py:115} INFO - [2022-10-27 22:44:40,128] {dag.py:2927} INFO - Setting next_dagrun for example_task_group_decorator to 2022-10-27T01:44:40.125361+00:00, run_after=2022-10-28T01:44:40.125361+00:00
[2022-10-27 22:44:41,219] {processor.py:161} INFO - Processing /home/nayara/Documentos/airflowalura/venv/lib/python3.9/site-packages/airflow/example_dags/example_task_group_decorator.py took 1.406 seconds
[2022-10-27 22:45:47,612] {processor.py:153} INFO - Started process (PID=53424) to work on /home/nayara/Documentos/airflowalura/venv/lib/python3.9/site-packages/airflow/example_dags/example_task_group_decorator.py
[2022-10-27 22:45:47,641] {processor.py:641} INFO - Processing file /home/nayara/Documentos/airflowalura/venv/lib/python3.9/site-packages/airflow/example_dags/example_task_group_decorator.py for tasks to queue
[2022-10-27 22:45:47,646] {logging_mixin.py:115} INFO - [2022-10-27 22:45:47,646] {dagbag.py:507} INFO - Filling up the DagBag from /home/nayara/Documentos/airflowalura/venv/lib/python3.9/site-packages/airflow/example_dags/example_task_group_decorator.py
[2022-10-27 22:45:47,737] {processor.py:651} INFO - DAG(s) dict_keys(['example_task_group_decorator']) retrieved from /home/nayara/Documentos/airflowalura/venv/lib/python3.9/site-packages/airflow/example_dags/example_task_group_decorator.py
[2022-10-27 22:45:47,821] {logging_mixin.py:115} INFO - [2022-10-27 22:45:47,821] {dag.py:2379} INFO - Sync 1 DAGs
[2022-10-27 22:45:47,848] {logging_mixin.py:115} INFO - [2022-10-27 22:45:47,847] {dag.py:2927} INFO - Setting next_dagrun for example_task_group_decorator to 2022-10-27T01:45:47.844528+00:00, run_after=2022-10-28T01:45:47.844528+00:00
[2022-10-27 22:45:48,373] {processor.py:161} INFO - Processing /home/nayara/Documentos/airflowalura/venv/lib/python3.9/site-packages/airflow/example_dags/example_task_group_decorator.py took 0.781 seconds
[2022-10-27 22:46:41,687] {processor.py:153} INFO - Started process (PID=53533) to work on /home/nayara/Documentos/airflowalura/venv/lib/python3.9/site-packages/airflow/example_dags/example_task_group_decorator.py
[2022-10-27 22:46:41,710] {processor.py:641} INFO - Processing file /home/nayara/Documentos/airflowalura/venv/lib/python3.9/site-packages/airflow/example_dags/example_task_group_decorator.py for tasks to queue
[2022-10-27 22:46:41,713] {logging_mixin.py:115} INFO - [2022-10-27 22:46:41,713] {dagbag.py:507} INFO - Filling up the DagBag from /home/nayara/Documentos/airflowalura/venv/lib/python3.9/site-packages/airflow/example_dags/example_task_group_decorator.py
[2022-10-27 22:46:41,814] {processor.py:651} INFO - DAG(s) dict_keys(['example_task_group_decorator']) retrieved from /home/nayara/Documentos/airflowalura/venv/lib/python3.9/site-packages/airflow/example_dags/example_task_group_decorator.py
[2022-10-27 22:46:41,839] {logging_mixin.py:115} INFO - [2022-10-27 22:46:41,839] {dag.py:2379} INFO - Sync 1 DAGs
[2022-10-27 22:46:41,878] {logging_mixin.py:115} INFO - [2022-10-27 22:46:41,877] {dag.py:2927} INFO - Setting next_dagrun for example_task_group_decorator to 2022-10-27T01:46:41.877322+00:00, run_after=2022-10-28T01:46:41.877322+00:00
[2022-10-27 22:46:42,245] {processor.py:161} INFO - Processing /home/nayara/Documentos/airflowalura/venv/lib/python3.9/site-packages/airflow/example_dags/example_task_group_decorator.py took 0.564 seconds
[2022-10-27 22:47:26,275] {processor.py:153} INFO - Started process (PID=53645) to work on /home/nayara/Documentos/airflowalura/venv/lib/python3.9/site-packages/airflow/example_dags/example_task_group_decorator.py
[2022-10-27 22:47:26,310] {processor.py:641} INFO - Processing file /home/nayara/Documentos/airflowalura/venv/lib/python3.9/site-packages/airflow/example_dags/example_task_group_decorator.py for tasks to queue
[2022-10-27 22:47:26,313] {logging_mixin.py:115} INFO - [2022-10-27 22:47:26,313] {dagbag.py:507} INFO - Filling up the DagBag from /home/nayara/Documentos/airflowalura/venv/lib/python3.9/site-packages/airflow/example_dags/example_task_group_decorator.py
[2022-10-27 22:47:26,414] {processor.py:651} INFO - DAG(s) dict_keys(['example_task_group_decorator']) retrieved from /home/nayara/Documentos/airflowalura/venv/lib/python3.9/site-packages/airflow/example_dags/example_task_group_decorator.py
[2022-10-27 22:47:26,437] {logging_mixin.py:115} INFO - [2022-10-27 22:47:26,437] {dag.py:2379} INFO - Sync 1 DAGs
[2022-10-27 22:47:26,459] {logging_mixin.py:115} INFO - [2022-10-27 22:47:26,459] {dag.py:2927} INFO - Setting next_dagrun for example_task_group_decorator to 2022-10-27T01:47:26.458918+00:00, run_after=2022-10-28T01:47:26.458918+00:00
[2022-10-27 22:47:26,774] {processor.py:161} INFO - Processing /home/nayara/Documentos/airflowalura/venv/lib/python3.9/site-packages/airflow/example_dags/example_task_group_decorator.py took 0.515 seconds
[2022-10-27 22:48:14,874] {processor.py:153} INFO - Started process (PID=53748) to work on /home/nayara/Documentos/airflowalura/venv/lib/python3.9/site-packages/airflow/example_dags/example_task_group_decorator.py
[2022-10-27 22:48:14,885] {processor.py:641} INFO - Processing file /home/nayara/Documentos/airflowalura/venv/lib/python3.9/site-packages/airflow/example_dags/example_task_group_decorator.py for tasks to queue
[2022-10-27 22:48:14,887] {logging_mixin.py:115} INFO - [2022-10-27 22:48:14,887] {dagbag.py:507} INFO - Filling up the DagBag from /home/nayara/Documentos/airflowalura/venv/lib/python3.9/site-packages/airflow/example_dags/example_task_group_decorator.py
[2022-10-27 22:48:14,944] {processor.py:651} INFO - DAG(s) dict_keys(['example_task_group_decorator']) retrieved from /home/nayara/Documentos/airflowalura/venv/lib/python3.9/site-packages/airflow/example_dags/example_task_group_decorator.py
[2022-10-27 22:48:14,976] {logging_mixin.py:115} INFO - [2022-10-27 22:48:14,976] {dag.py:2379} INFO - Sync 1 DAGs
[2022-10-27 22:48:15,002] {logging_mixin.py:115} INFO - [2022-10-27 22:48:15,002] {dag.py:2927} INFO - Setting next_dagrun for example_task_group_decorator to 2022-10-27T01:48:15.002023+00:00, run_after=2022-10-28T01:48:15.002023+00:00
[2022-10-27 22:48:15,493] {processor.py:161} INFO - Processing /home/nayara/Documentos/airflowalura/venv/lib/python3.9/site-packages/airflow/example_dags/example_task_group_decorator.py took 0.626 seconds
[2022-10-27 22:49:02,272] {processor.py:153} INFO - Started process (PID=53848) to work on /home/nayara/Documentos/airflowalura/venv/lib/python3.9/site-packages/airflow/example_dags/example_task_group_decorator.py
[2022-10-27 22:49:02,298] {processor.py:641} INFO - Processing file /home/nayara/Documentos/airflowalura/venv/lib/python3.9/site-packages/airflow/example_dags/example_task_group_decorator.py for tasks to queue
[2022-10-27 22:49:02,299] {logging_mixin.py:115} INFO - [2022-10-27 22:49:02,299] {dagbag.py:507} INFO - Filling up the DagBag from /home/nayara/Documentos/airflowalura/venv/lib/python3.9/site-packages/airflow/example_dags/example_task_group_decorator.py
[2022-10-27 22:49:02,345] {processor.py:651} INFO - DAG(s) dict_keys(['example_task_group_decorator']) retrieved from /home/nayara/Documentos/airflowalura/venv/lib/python3.9/site-packages/airflow/example_dags/example_task_group_decorator.py
[2022-10-27 22:49:02,419] {logging_mixin.py:115} INFO - [2022-10-27 22:49:02,419] {dag.py:2379} INFO - Sync 1 DAGs
[2022-10-27 22:49:02,446] {logging_mixin.py:115} INFO - [2022-10-27 22:49:02,446] {dag.py:2927} INFO - Setting next_dagrun for example_task_group_decorator to 2022-10-27T01:49:02.446126+00:00, run_after=2022-10-28T01:49:02.446126+00:00
[2022-10-27 22:49:02,713] {processor.py:161} INFO - Processing /home/nayara/Documentos/airflowalura/venv/lib/python3.9/site-packages/airflow/example_dags/example_task_group_decorator.py took 0.449 seconds
[2022-10-27 22:49:44,220] {processor.py:153} INFO - Started process (PID=53929) to work on /home/nayara/Documentos/airflowalura/venv/lib/python3.9/site-packages/airflow/example_dags/example_task_group_decorator.py
[2022-10-27 22:49:44,223] {processor.py:641} INFO - Processing file /home/nayara/Documentos/airflowalura/venv/lib/python3.9/site-packages/airflow/example_dags/example_task_group_decorator.py for tasks to queue
[2022-10-27 22:49:44,227] {logging_mixin.py:115} INFO - [2022-10-27 22:49:44,226] {dagbag.py:507} INFO - Filling up the DagBag from /home/nayara/Documentos/airflowalura/venv/lib/python3.9/site-packages/airflow/example_dags/example_task_group_decorator.py
[2022-10-27 22:49:44,312] {processor.py:651} INFO - DAG(s) dict_keys(['example_task_group_decorator']) retrieved from /home/nayara/Documentos/airflowalura/venv/lib/python3.9/site-packages/airflow/example_dags/example_task_group_decorator.py
[2022-10-27 22:49:44,381] {logging_mixin.py:115} INFO - [2022-10-27 22:49:44,381] {dag.py:2379} INFO - Sync 1 DAGs
[2022-10-27 22:49:44,410] {logging_mixin.py:115} INFO - [2022-10-27 22:49:44,410] {dag.py:2927} INFO - Setting next_dagrun for example_task_group_decorator to 2022-10-27T01:49:44.409800+00:00, run_after=2022-10-28T01:49:44.409800+00:00
[2022-10-27 22:49:44,746] {processor.py:161} INFO - Processing /home/nayara/Documentos/airflowalura/venv/lib/python3.9/site-packages/airflow/example_dags/example_task_group_decorator.py took 0.543 seconds
[2022-10-27 22:50:27,689] {processor.py:153} INFO - Started process (PID=54011) to work on /home/nayara/Documentos/airflowalura/venv/lib/python3.9/site-packages/airflow/example_dags/example_task_group_decorator.py
[2022-10-27 22:50:27,735] {processor.py:641} INFO - Processing file /home/nayara/Documentos/airflowalura/venv/lib/python3.9/site-packages/airflow/example_dags/example_task_group_decorator.py for tasks to queue
[2022-10-27 22:50:27,738] {logging_mixin.py:115} INFO - [2022-10-27 22:50:27,738] {dagbag.py:507} INFO - Filling up the DagBag from /home/nayara/Documentos/airflowalura/venv/lib/python3.9/site-packages/airflow/example_dags/example_task_group_decorator.py
[2022-10-27 22:50:27,829] {processor.py:651} INFO - DAG(s) dict_keys(['example_task_group_decorator']) retrieved from /home/nayara/Documentos/airflowalura/venv/lib/python3.9/site-packages/airflow/example_dags/example_task_group_decorator.py
[2022-10-27 22:50:27,862] {logging_mixin.py:115} INFO - [2022-10-27 22:50:27,862] {dag.py:2379} INFO - Sync 1 DAGs
[2022-10-27 22:50:27,889] {logging_mixin.py:115} INFO - [2022-10-27 22:50:27,889] {dag.py:2927} INFO - Setting next_dagrun for example_task_group_decorator to 2022-10-27T01:50:27.888647+00:00, run_after=2022-10-28T01:50:27.888647+00:00
[2022-10-27 22:50:28,304] {processor.py:161} INFO - Processing /home/nayara/Documentos/airflowalura/venv/lib/python3.9/site-packages/airflow/example_dags/example_task_group_decorator.py took 0.635 seconds
[2022-10-27 22:51:13,244] {processor.py:153} INFO - Started process (PID=54096) to work on /home/nayara/Documentos/airflowalura/venv/lib/python3.9/site-packages/airflow/example_dags/example_task_group_decorator.py
[2022-10-27 22:51:13,269] {processor.py:641} INFO - Processing file /home/nayara/Documentos/airflowalura/venv/lib/python3.9/site-packages/airflow/example_dags/example_task_group_decorator.py for tasks to queue
[2022-10-27 22:51:13,272] {logging_mixin.py:115} INFO - [2022-10-27 22:51:13,272] {dagbag.py:507} INFO - Filling up the DagBag from /home/nayara/Documentos/airflowalura/venv/lib/python3.9/site-packages/airflow/example_dags/example_task_group_decorator.py
[2022-10-27 22:51:13,349] {processor.py:651} INFO - DAG(s) dict_keys(['example_task_group_decorator']) retrieved from /home/nayara/Documentos/airflowalura/venv/lib/python3.9/site-packages/airflow/example_dags/example_task_group_decorator.py
[2022-10-27 22:51:13,379] {logging_mixin.py:115} INFO - [2022-10-27 22:51:13,379] {dag.py:2379} INFO - Sync 1 DAGs
[2022-10-27 22:51:13,405] {logging_mixin.py:115} INFO - [2022-10-27 22:51:13,405] {dag.py:2927} INFO - Setting next_dagrun for example_task_group_decorator to 2022-10-27T01:51:13.404834+00:00, run_after=2022-10-28T01:51:13.404834+00:00
[2022-10-27 22:51:13,807] {processor.py:161} INFO - Processing /home/nayara/Documentos/airflowalura/venv/lib/python3.9/site-packages/airflow/example_dags/example_task_group_decorator.py took 0.576 seconds
[2022-10-27 22:52:04,369] {processor.py:153} INFO - Started process (PID=54204) to work on /home/nayara/Documentos/airflowalura/venv/lib/python3.9/site-packages/airflow/example_dags/example_task_group_decorator.py
[2022-10-27 22:52:04,449] {processor.py:641} INFO - Processing file /home/nayara/Documentos/airflowalura/venv/lib/python3.9/site-packages/airflow/example_dags/example_task_group_decorator.py for tasks to queue
[2022-10-27 22:52:04,452] {logging_mixin.py:115} INFO - [2022-10-27 22:52:04,451] {dagbag.py:507} INFO - Filling up the DagBag from /home/nayara/Documentos/airflowalura/venv/lib/python3.9/site-packages/airflow/example_dags/example_task_group_decorator.py
[2022-10-27 22:52:04,563] {processor.py:651} INFO - DAG(s) dict_keys(['example_task_group_decorator']) retrieved from /home/nayara/Documentos/airflowalura/venv/lib/python3.9/site-packages/airflow/example_dags/example_task_group_decorator.py
[2022-10-27 22:52:04,597] {logging_mixin.py:115} INFO - [2022-10-27 22:52:04,596] {dag.py:2379} INFO - Sync 1 DAGs
[2022-10-27 22:52:04,808] {logging_mixin.py:115} INFO - [2022-10-27 22:52:04,808] {dag.py:2927} INFO - Setting next_dagrun for example_task_group_decorator to 2022-10-27T01:52:04.807519+00:00, run_after=2022-10-28T01:52:04.807519+00:00
[2022-10-27 22:52:05,687] {processor.py:161} INFO - Processing /home/nayara/Documentos/airflowalura/venv/lib/python3.9/site-packages/airflow/example_dags/example_task_group_decorator.py took 1.333 seconds
[2022-10-27 22:52:59,180] {processor.py:153} INFO - Started process (PID=54296) to work on /home/nayara/Documentos/airflowalura/venv/lib/python3.9/site-packages/airflow/example_dags/example_task_group_decorator.py
[2022-10-27 22:52:59,196] {processor.py:641} INFO - Processing file /home/nayara/Documentos/airflowalura/venv/lib/python3.9/site-packages/airflow/example_dags/example_task_group_decorator.py for tasks to queue
[2022-10-27 22:52:59,200] {logging_mixin.py:115} INFO - [2022-10-27 22:52:59,199] {dagbag.py:507} INFO - Filling up the DagBag from /home/nayara/Documentos/airflowalura/venv/lib/python3.9/site-packages/airflow/example_dags/example_task_group_decorator.py
[2022-10-27 22:52:59,271] {processor.py:651} INFO - DAG(s) dict_keys(['example_task_group_decorator']) retrieved from /home/nayara/Documentos/airflowalura/venv/lib/python3.9/site-packages/airflow/example_dags/example_task_group_decorator.py
[2022-10-27 22:52:59,298] {logging_mixin.py:115} INFO - [2022-10-27 22:52:59,298] {dag.py:2379} INFO - Sync 1 DAGs
[2022-10-27 22:52:59,325] {logging_mixin.py:115} INFO - [2022-10-27 22:52:59,324] {dag.py:2927} INFO - Setting next_dagrun for example_task_group_decorator to 2022-10-27T01:52:59.324531+00:00, run_after=2022-10-28T01:52:59.324531+00:00
[2022-10-27 22:52:59,755] {processor.py:161} INFO - Processing /home/nayara/Documentos/airflowalura/venv/lib/python3.9/site-packages/airflow/example_dags/example_task_group_decorator.py took 0.594 seconds
[2022-10-27 22:53:43,656] {processor.py:153} INFO - Started process (PID=54382) to work on /home/nayara/Documentos/airflowalura/venv/lib/python3.9/site-packages/airflow/example_dags/example_task_group_decorator.py
[2022-10-27 22:53:43,677] {processor.py:641} INFO - Processing file /home/nayara/Documentos/airflowalura/venv/lib/python3.9/site-packages/airflow/example_dags/example_task_group_decorator.py for tasks to queue
[2022-10-27 22:53:43,679] {logging_mixin.py:115} INFO - [2022-10-27 22:53:43,678] {dagbag.py:507} INFO - Filling up the DagBag from /home/nayara/Documentos/airflowalura/venv/lib/python3.9/site-packages/airflow/example_dags/example_task_group_decorator.py
[2022-10-27 22:53:43,724] {processor.py:651} INFO - DAG(s) dict_keys(['example_task_group_decorator']) retrieved from /home/nayara/Documentos/airflowalura/venv/lib/python3.9/site-packages/airflow/example_dags/example_task_group_decorator.py
[2022-10-27 22:53:43,751] {logging_mixin.py:115} INFO - [2022-10-27 22:53:43,750] {dag.py:2379} INFO - Sync 1 DAGs
[2022-10-27 22:53:43,777] {logging_mixin.py:115} INFO - [2022-10-27 22:53:43,777] {dag.py:2927} INFO - Setting next_dagrun for example_task_group_decorator to 2022-10-27T01:53:43.776929+00:00, run_after=2022-10-28T01:53:43.776929+00:00
[2022-10-27 22:53:44,226] {processor.py:161} INFO - Processing /home/nayara/Documentos/airflowalura/venv/lib/python3.9/site-packages/airflow/example_dags/example_task_group_decorator.py took 0.593 seconds
[2022-10-27 22:54:34,227] {processor.py:153} INFO - Started process (PID=54490) to work on /home/nayara/Documentos/airflowalura/venv/lib/python3.9/site-packages/airflow/example_dags/example_task_group_decorator.py
[2022-10-27 22:54:34,245] {processor.py:641} INFO - Processing file /home/nayara/Documentos/airflowalura/venv/lib/python3.9/site-packages/airflow/example_dags/example_task_group_decorator.py for tasks to queue
[2022-10-27 22:54:34,246] {logging_mixin.py:115} INFO - [2022-10-27 22:54:34,246] {dagbag.py:507} INFO - Filling up the DagBag from /home/nayara/Documentos/airflowalura/venv/lib/python3.9/site-packages/airflow/example_dags/example_task_group_decorator.py
[2022-10-27 22:54:34,280] {processor.py:651} INFO - DAG(s) dict_keys(['example_task_group_decorator']) retrieved from /home/nayara/Documentos/airflowalura/venv/lib/python3.9/site-packages/airflow/example_dags/example_task_group_decorator.py
[2022-10-27 22:54:34,338] {logging_mixin.py:115} INFO - [2022-10-27 22:54:34,338] {dag.py:2379} INFO - Sync 1 DAGs
[2022-10-27 22:54:34,360] {logging_mixin.py:115} INFO - [2022-10-27 22:54:34,360] {dag.py:2927} INFO - Setting next_dagrun for example_task_group_decorator to 2022-10-27T01:54:34.359858+00:00, run_after=2022-10-28T01:54:34.359858+00:00
[2022-10-27 22:54:34,660] {processor.py:161} INFO - Processing /home/nayara/Documentos/airflowalura/venv/lib/python3.9/site-packages/airflow/example_dags/example_task_group_decorator.py took 0.439 seconds
[2022-10-27 22:55:26,148] {processor.py:153} INFO - Started process (PID=54590) to work on /home/nayara/Documentos/airflowalura/venv/lib/python3.9/site-packages/airflow/example_dags/example_task_group_decorator.py
[2022-10-27 22:55:26,172] {processor.py:641} INFO - Processing file /home/nayara/Documentos/airflowalura/venv/lib/python3.9/site-packages/airflow/example_dags/example_task_group_decorator.py for tasks to queue
[2022-10-27 22:55:26,173] {logging_mixin.py:115} INFO - [2022-10-27 22:55:26,173] {dagbag.py:507} INFO - Filling up the DagBag from /home/nayara/Documentos/airflowalura/venv/lib/python3.9/site-packages/airflow/example_dags/example_task_group_decorator.py
[2022-10-27 22:55:26,221] {processor.py:651} INFO - DAG(s) dict_keys(['example_task_group_decorator']) retrieved from /home/nayara/Documentos/airflowalura/venv/lib/python3.9/site-packages/airflow/example_dags/example_task_group_decorator.py
[2022-10-27 22:55:26,250] {logging_mixin.py:115} INFO - [2022-10-27 22:55:26,250] {dag.py:2379} INFO - Sync 1 DAGs
[2022-10-27 22:55:26,278] {logging_mixin.py:115} INFO - [2022-10-27 22:55:26,277] {dag.py:2927} INFO - Setting next_dagrun for example_task_group_decorator to 2022-10-27T01:55:26.277658+00:00, run_after=2022-10-28T01:55:26.277658+00:00
[2022-10-27 22:55:26,614] {processor.py:161} INFO - Processing /home/nayara/Documentos/airflowalura/venv/lib/python3.9/site-packages/airflow/example_dags/example_task_group_decorator.py took 0.472 seconds
[2022-10-27 22:56:15,404] {processor.py:153} INFO - Started process (PID=54697) to work on /home/nayara/Documentos/airflowalura/venv/lib/python3.9/site-packages/airflow/example_dags/example_task_group_decorator.py
[2022-10-27 22:56:15,429] {processor.py:641} INFO - Processing file /home/nayara/Documentos/airflowalura/venv/lib/python3.9/site-packages/airflow/example_dags/example_task_group_decorator.py for tasks to queue
[2022-10-27 22:56:15,430] {logging_mixin.py:115} INFO - [2022-10-27 22:56:15,430] {dagbag.py:507} INFO - Filling up the DagBag from /home/nayara/Documentos/airflowalura/venv/lib/python3.9/site-packages/airflow/example_dags/example_task_group_decorator.py
[2022-10-27 22:56:15,474] {processor.py:651} INFO - DAG(s) dict_keys(['example_task_group_decorator']) retrieved from /home/nayara/Documentos/airflowalura/venv/lib/python3.9/site-packages/airflow/example_dags/example_task_group_decorator.py
[2022-10-27 22:56:15,503] {logging_mixin.py:115} INFO - [2022-10-27 22:56:15,502] {dag.py:2379} INFO - Sync 1 DAGs
[2022-10-27 22:56:15,527] {logging_mixin.py:115} INFO - [2022-10-27 22:56:15,527] {dag.py:2927} INFO - Setting next_dagrun for example_task_group_decorator to 2022-10-27T01:56:15.527017+00:00, run_after=2022-10-28T01:56:15.527017+00:00
[2022-10-27 22:56:15,893] {processor.py:161} INFO - Processing /home/nayara/Documentos/airflowalura/venv/lib/python3.9/site-packages/airflow/example_dags/example_task_group_decorator.py took 0.514 seconds
[2022-10-27 22:57:02,667] {processor.py:153} INFO - Started process (PID=54821) to work on /home/nayara/Documentos/airflowalura/venv/lib/python3.9/site-packages/airflow/example_dags/example_task_group_decorator.py
[2022-10-27 22:57:02,765] {processor.py:641} INFO - Processing file /home/nayara/Documentos/airflowalura/venv/lib/python3.9/site-packages/airflow/example_dags/example_task_group_decorator.py for tasks to queue
[2022-10-27 22:57:02,770] {logging_mixin.py:115} INFO - [2022-10-27 22:57:02,769] {dagbag.py:507} INFO - Filling up the DagBag from /home/nayara/Documentos/airflowalura/venv/lib/python3.9/site-packages/airflow/example_dags/example_task_group_decorator.py
[2022-10-27 22:57:03,002] {processor.py:651} INFO - DAG(s) dict_keys(['example_task_group_decorator']) retrieved from /home/nayara/Documentos/airflowalura/venv/lib/python3.9/site-packages/airflow/example_dags/example_task_group_decorator.py
[2022-10-27 22:57:03,035] {logging_mixin.py:115} INFO - [2022-10-27 22:57:03,035] {dag.py:2379} INFO - Sync 1 DAGs
[2022-10-27 22:57:03,069] {logging_mixin.py:115} INFO - [2022-10-27 22:57:03,069] {dag.py:2927} INFO - Setting next_dagrun for example_task_group_decorator to 2022-10-27T01:57:03.069033+00:00, run_after=2022-10-28T01:57:03.069033+00:00
[2022-10-27 22:57:03,842] {processor.py:161} INFO - Processing /home/nayara/Documentos/airflowalura/venv/lib/python3.9/site-packages/airflow/example_dags/example_task_group_decorator.py took 1.182 seconds
