[2022-10-27 22:14:25,455] {processor.py:153} INFO - Started process (PID=48768) to work on /home/nayara/Documentos/airflowalura/venv/lib/python3.9/site-packages/airflow/example_dags/example_time_delta_sensor_async.py
[2022-10-27 22:14:25,455] {processor.py:641} INFO - Processing file /home/nayara/Documentos/airflowalura/venv/lib/python3.9/site-packages/airflow/example_dags/example_time_delta_sensor_async.py for tasks to queue
[2022-10-27 22:14:25,456] {logging_mixin.py:115} INFO - [2022-10-27 22:14:25,456] {dagbag.py:507} INFO - Filling up the DagBag from /home/nayara/Documentos/airflowalura/venv/lib/python3.9/site-packages/airflow/example_dags/example_time_delta_sensor_async.py
[2022-10-27 22:14:25,464] {processor.py:651} INFO - DAG(s) dict_keys(['example_time_delta_sensor_async']) retrieved from /home/nayara/Documentos/airflowalura/venv/lib/python3.9/site-packages/airflow/example_dags/example_time_delta_sensor_async.py
[2022-10-27 22:14:26,779] {logging_mixin.py:115} INFO - [2022-10-27 22:14:26,778] {manager.py:508} INFO - Created Permission View: can read on DAG:example_time_delta_sensor_async
[2022-10-27 22:14:27,453] {logging_mixin.py:115} INFO - [2022-10-27 22:14:27,452] {manager.py:508} INFO - Created Permission View: can delete on DAG:example_time_delta_sensor_async
[2022-10-27 22:14:28,082] {logging_mixin.py:115} INFO - [2022-10-27 22:14:28,081] {manager.py:508} INFO - Created Permission View: can edit on DAG:example_time_delta_sensor_async
[2022-10-27 22:14:28,083] {logging_mixin.py:115} INFO - [2022-10-27 22:14:28,082] {dag.py:2379} INFO - Sync 1 DAGs
[2022-10-27 22:14:28,113] {logging_mixin.py:115} INFO - [2022-10-27 22:14:28,113] {dag.py:2398} INFO - Creating ORM DAG for example_time_delta_sensor_async
[2022-10-27 22:14:28,126] {logging_mixin.py:115} INFO - [2022-10-27 22:14:28,126] {dag.py:2927} INFO - Setting next_dagrun for example_time_delta_sensor_async to None, run_after=None
[2022-10-27 22:14:28,739] {processor.py:161} INFO - Processing /home/nayara/Documentos/airflowalura/venv/lib/python3.9/site-packages/airflow/example_dags/example_time_delta_sensor_async.py took 3.293 seconds
[2022-10-27 22:17:35,950] {processor.py:153} INFO - Started process (PID=49226) to work on /home/nayara/Documentos/airflowalura/venv/lib/python3.9/site-packages/airflow/example_dags/example_time_delta_sensor_async.py
[2022-10-27 22:17:35,951] {processor.py:641} INFO - Processing file /home/nayara/Documentos/airflowalura/venv/lib/python3.9/site-packages/airflow/example_dags/example_time_delta_sensor_async.py for tasks to queue
[2022-10-27 22:17:35,952] {logging_mixin.py:115} INFO - [2022-10-27 22:17:35,952] {dagbag.py:507} INFO - Filling up the DagBag from /home/nayara/Documentos/airflowalura/venv/lib/python3.9/site-packages/airflow/example_dags/example_time_delta_sensor_async.py
[2022-10-27 22:17:35,986] {processor.py:651} INFO - DAG(s) dict_keys(['example_time_delta_sensor_async']) retrieved from /home/nayara/Documentos/airflowalura/venv/lib/python3.9/site-packages/airflow/example_dags/example_time_delta_sensor_async.py
[2022-10-27 22:17:36,022] {logging_mixin.py:115} INFO - [2022-10-27 22:17:36,022] {dag.py:2379} INFO - Sync 1 DAGs
[2022-10-27 22:17:36,046] {logging_mixin.py:115} INFO - [2022-10-27 22:17:36,046] {dag.py:2927} INFO - Setting next_dagrun for example_time_delta_sensor_async to None, run_after=None
[2022-10-27 22:17:36,301] {processor.py:161} INFO - Processing /home/nayara/Documentos/airflowalura/venv/lib/python3.9/site-packages/airflow/example_dags/example_time_delta_sensor_async.py took 0.356 seconds
[2022-10-27 22:18:27,041] {processor.py:153} INFO - Started process (PID=49340) to work on /home/nayara/Documentos/airflowalura/venv/lib/python3.9/site-packages/airflow/example_dags/example_time_delta_sensor_async.py
[2022-10-27 22:18:27,046] {processor.py:641} INFO - Processing file /home/nayara/Documentos/airflowalura/venv/lib/python3.9/site-packages/airflow/example_dags/example_time_delta_sensor_async.py for tasks to queue
[2022-10-27 22:18:27,047] {logging_mixin.py:115} INFO - [2022-10-27 22:18:27,047] {dagbag.py:507} INFO - Filling up the DagBag from /home/nayara/Documentos/airflowalura/venv/lib/python3.9/site-packages/airflow/example_dags/example_time_delta_sensor_async.py
[2022-10-27 22:18:27,057] {processor.py:651} INFO - DAG(s) dict_keys(['example_time_delta_sensor_async']) retrieved from /home/nayara/Documentos/airflowalura/venv/lib/python3.9/site-packages/airflow/example_dags/example_time_delta_sensor_async.py
[2022-10-27 22:18:27,083] {logging_mixin.py:115} INFO - [2022-10-27 22:18:27,083] {dag.py:2379} INFO - Sync 1 DAGs
[2022-10-27 22:18:27,107] {logging_mixin.py:115} INFO - [2022-10-27 22:18:27,107] {dag.py:2927} INFO - Setting next_dagrun for example_time_delta_sensor_async to None, run_after=None
[2022-10-27 22:18:27,753] {processor.py:161} INFO - Processing /home/nayara/Documentos/airflowalura/venv/lib/python3.9/site-packages/airflow/example_dags/example_time_delta_sensor_async.py took 0.724 seconds
[2022-10-27 22:19:18,634] {processor.py:153} INFO - Started process (PID=49584) to work on /home/nayara/Documentos/airflowalura/venv/lib/python3.9/site-packages/airflow/example_dags/example_time_delta_sensor_async.py
[2022-10-27 22:19:18,691] {processor.py:641} INFO - Processing file /home/nayara/Documentos/airflowalura/venv/lib/python3.9/site-packages/airflow/example_dags/example_time_delta_sensor_async.py for tasks to queue
[2022-10-27 22:19:18,692] {logging_mixin.py:115} INFO - [2022-10-27 22:19:18,691] {dagbag.py:507} INFO - Filling up the DagBag from /home/nayara/Documentos/airflowalura/venv/lib/python3.9/site-packages/airflow/example_dags/example_time_delta_sensor_async.py
[2022-10-27 22:19:18,699] {processor.py:651} INFO - DAG(s) dict_keys(['example_time_delta_sensor_async']) retrieved from /home/nayara/Documentos/airflowalura/venv/lib/python3.9/site-packages/airflow/example_dags/example_time_delta_sensor_async.py
[2022-10-27 22:19:18,728] {logging_mixin.py:115} INFO - [2022-10-27 22:19:18,728] {dag.py:2379} INFO - Sync 1 DAGs
[2022-10-27 22:19:18,752] {logging_mixin.py:115} INFO - [2022-10-27 22:19:18,752] {dag.py:2927} INFO - Setting next_dagrun for example_time_delta_sensor_async to None, run_after=None
[2022-10-27 22:19:19,200] {processor.py:161} INFO - Processing /home/nayara/Documentos/airflowalura/venv/lib/python3.9/site-packages/airflow/example_dags/example_time_delta_sensor_async.py took 0.578 seconds
[2022-10-27 22:20:03,534] {processor.py:153} INFO - Started process (PID=49787) to work on /home/nayara/Documentos/airflowalura/venv/lib/python3.9/site-packages/airflow/example_dags/example_time_delta_sensor_async.py
[2022-10-27 22:20:03,535] {processor.py:641} INFO - Processing file /home/nayara/Documentos/airflowalura/venv/lib/python3.9/site-packages/airflow/example_dags/example_time_delta_sensor_async.py for tasks to queue
[2022-10-27 22:20:03,536] {logging_mixin.py:115} INFO - [2022-10-27 22:20:03,535] {dagbag.py:507} INFO - Filling up the DagBag from /home/nayara/Documentos/airflowalura/venv/lib/python3.9/site-packages/airflow/example_dags/example_time_delta_sensor_async.py
[2022-10-27 22:20:03,543] {processor.py:651} INFO - DAG(s) dict_keys(['example_time_delta_sensor_async']) retrieved from /home/nayara/Documentos/airflowalura/venv/lib/python3.9/site-packages/airflow/example_dags/example_time_delta_sensor_async.py
[2022-10-27 22:20:03,570] {logging_mixin.py:115} INFO - [2022-10-27 22:20:03,570] {dag.py:2379} INFO - Sync 1 DAGs
[2022-10-27 22:20:03,596] {logging_mixin.py:115} INFO - [2022-10-27 22:20:03,596] {dag.py:2927} INFO - Setting next_dagrun for example_time_delta_sensor_async to None, run_after=None
[2022-10-27 22:20:03,825] {processor.py:161} INFO - Processing /home/nayara/Documentos/airflowalura/venv/lib/python3.9/site-packages/airflow/example_dags/example_time_delta_sensor_async.py took 0.296 seconds
[2022-10-27 22:20:56,686] {processor.py:153} INFO - Started process (PID=49924) to work on /home/nayara/Documentos/airflowalura/venv/lib/python3.9/site-packages/airflow/example_dags/example_time_delta_sensor_async.py
[2022-10-27 22:20:56,687] {processor.py:641} INFO - Processing file /home/nayara/Documentos/airflowalura/venv/lib/python3.9/site-packages/airflow/example_dags/example_time_delta_sensor_async.py for tasks to queue
[2022-10-27 22:20:56,688] {logging_mixin.py:115} INFO - [2022-10-27 22:20:56,688] {dagbag.py:507} INFO - Filling up the DagBag from /home/nayara/Documentos/airflowalura/venv/lib/python3.9/site-packages/airflow/example_dags/example_time_delta_sensor_async.py
[2022-10-27 22:20:56,697] {processor.py:651} INFO - DAG(s) dict_keys(['example_time_delta_sensor_async']) retrieved from /home/nayara/Documentos/airflowalura/venv/lib/python3.9/site-packages/airflow/example_dags/example_time_delta_sensor_async.py
[2022-10-27 22:20:56,726] {logging_mixin.py:115} INFO - [2022-10-27 22:20:56,726] {dag.py:2379} INFO - Sync 1 DAGs
[2022-10-27 22:20:56,750] {logging_mixin.py:115} INFO - [2022-10-27 22:20:56,750] {dag.py:2927} INFO - Setting next_dagrun for example_time_delta_sensor_async to None, run_after=None
[2022-10-27 22:20:56,969] {processor.py:161} INFO - Processing /home/nayara/Documentos/airflowalura/venv/lib/python3.9/site-packages/airflow/example_dags/example_time_delta_sensor_async.py took 0.288 seconds
[2022-10-27 22:21:37,429] {processor.py:153} INFO - Started process (PID=50015) to work on /home/nayara/Documentos/airflowalura/venv/lib/python3.9/site-packages/airflow/example_dags/example_time_delta_sensor_async.py
[2022-10-27 22:21:37,432] {processor.py:641} INFO - Processing file /home/nayara/Documentos/airflowalura/venv/lib/python3.9/site-packages/airflow/example_dags/example_time_delta_sensor_async.py for tasks to queue
[2022-10-27 22:21:37,436] {logging_mixin.py:115} INFO - [2022-10-27 22:21:37,435] {dagbag.py:507} INFO - Filling up the DagBag from /home/nayara/Documentos/airflowalura/venv/lib/python3.9/site-packages/airflow/example_dags/example_time_delta_sensor_async.py
[2022-10-27 22:21:37,469] {processor.py:651} INFO - DAG(s) dict_keys(['example_time_delta_sensor_async']) retrieved from /home/nayara/Documentos/airflowalura/venv/lib/python3.9/site-packages/airflow/example_dags/example_time_delta_sensor_async.py
[2022-10-27 22:21:37,519] {logging_mixin.py:115} INFO - [2022-10-27 22:21:37,519] {dag.py:2379} INFO - Sync 1 DAGs
[2022-10-27 22:21:37,549] {logging_mixin.py:115} INFO - [2022-10-27 22:21:37,548] {dag.py:2927} INFO - Setting next_dagrun for example_time_delta_sensor_async to None, run_after=None
[2022-10-27 22:21:37,830] {processor.py:161} INFO - Processing /home/nayara/Documentos/airflowalura/venv/lib/python3.9/site-packages/airflow/example_dags/example_time_delta_sensor_async.py took 0.418 seconds
[2022-10-27 22:22:17,861] {processor.py:153} INFO - Started process (PID=50113) to work on /home/nayara/Documentos/airflowalura/venv/lib/python3.9/site-packages/airflow/example_dags/example_time_delta_sensor_async.py
[2022-10-27 22:22:17,863] {processor.py:641} INFO - Processing file /home/nayara/Documentos/airflowalura/venv/lib/python3.9/site-packages/airflow/example_dags/example_time_delta_sensor_async.py for tasks to queue
[2022-10-27 22:22:17,864] {logging_mixin.py:115} INFO - [2022-10-27 22:22:17,864] {dagbag.py:507} INFO - Filling up the DagBag from /home/nayara/Documentos/airflowalura/venv/lib/python3.9/site-packages/airflow/example_dags/example_time_delta_sensor_async.py
[2022-10-27 22:22:17,874] {processor.py:651} INFO - DAG(s) dict_keys(['example_time_delta_sensor_async']) retrieved from /home/nayara/Documentos/airflowalura/venv/lib/python3.9/site-packages/airflow/example_dags/example_time_delta_sensor_async.py
[2022-10-27 22:22:17,907] {logging_mixin.py:115} INFO - [2022-10-27 22:22:17,907] {dag.py:2379} INFO - Sync 1 DAGs
[2022-10-27 22:22:17,944] {logging_mixin.py:115} INFO - [2022-10-27 22:22:17,944] {dag.py:2927} INFO - Setting next_dagrun for example_time_delta_sensor_async to None, run_after=None
[2022-10-27 22:22:18,165] {processor.py:161} INFO - Processing /home/nayara/Documentos/airflowalura/venv/lib/python3.9/site-packages/airflow/example_dags/example_time_delta_sensor_async.py took 0.309 seconds
[2022-10-27 22:23:00,627] {processor.py:153} INFO - Started process (PID=50207) to work on /home/nayara/Documentos/airflowalura/venv/lib/python3.9/site-packages/airflow/example_dags/example_time_delta_sensor_async.py
[2022-10-27 22:23:00,664] {processor.py:641} INFO - Processing file /home/nayara/Documentos/airflowalura/venv/lib/python3.9/site-packages/airflow/example_dags/example_time_delta_sensor_async.py for tasks to queue
[2022-10-27 22:23:00,665] {logging_mixin.py:115} INFO - [2022-10-27 22:23:00,664] {dagbag.py:507} INFO - Filling up the DagBag from /home/nayara/Documentos/airflowalura/venv/lib/python3.9/site-packages/airflow/example_dags/example_time_delta_sensor_async.py
[2022-10-27 22:23:00,671] {processor.py:651} INFO - DAG(s) dict_keys(['example_time_delta_sensor_async']) retrieved from /home/nayara/Documentos/airflowalura/venv/lib/python3.9/site-packages/airflow/example_dags/example_time_delta_sensor_async.py
[2022-10-27 22:23:00,701] {logging_mixin.py:115} INFO - [2022-10-27 22:23:00,701] {dag.py:2379} INFO - Sync 1 DAGs
[2022-10-27 22:23:00,727] {logging_mixin.py:115} INFO - [2022-10-27 22:23:00,727] {dag.py:2927} INFO - Setting next_dagrun for example_time_delta_sensor_async to None, run_after=None
[2022-10-27 22:23:01,450] {processor.py:161} INFO - Processing /home/nayara/Documentos/airflowalura/venv/lib/python3.9/site-packages/airflow/example_dags/example_time_delta_sensor_async.py took 0.827 seconds
[2022-10-27 22:23:40,372] {processor.py:153} INFO - Started process (PID=50303) to work on /home/nayara/Documentos/airflowalura/venv/lib/python3.9/site-packages/airflow/example_dags/example_time_delta_sensor_async.py
[2022-10-27 22:23:40,375] {processor.py:641} INFO - Processing file /home/nayara/Documentos/airflowalura/venv/lib/python3.9/site-packages/airflow/example_dags/example_time_delta_sensor_async.py for tasks to queue
[2022-10-27 22:23:40,378] {logging_mixin.py:115} INFO - [2022-10-27 22:23:40,377] {dagbag.py:507} INFO - Filling up the DagBag from /home/nayara/Documentos/airflowalura/venv/lib/python3.9/site-packages/airflow/example_dags/example_time_delta_sensor_async.py
[2022-10-27 22:23:40,410] {processor.py:651} INFO - DAG(s) dict_keys(['example_time_delta_sensor_async']) retrieved from /home/nayara/Documentos/airflowalura/venv/lib/python3.9/site-packages/airflow/example_dags/example_time_delta_sensor_async.py
[2022-10-27 22:23:40,467] {logging_mixin.py:115} INFO - [2022-10-27 22:23:40,466] {dag.py:2379} INFO - Sync 1 DAGs
[2022-10-27 22:23:40,492] {logging_mixin.py:115} INFO - [2022-10-27 22:23:40,492] {dag.py:2927} INFO - Setting next_dagrun for example_time_delta_sensor_async to None, run_after=None
[2022-10-27 22:23:40,711] {processor.py:161} INFO - Processing /home/nayara/Documentos/airflowalura/venv/lib/python3.9/site-packages/airflow/example_dags/example_time_delta_sensor_async.py took 0.356 seconds
[2022-10-27 22:24:29,960] {processor.py:153} INFO - Started process (PID=50423) to work on /home/nayara/Documentos/airflowalura/venv/lib/python3.9/site-packages/airflow/example_dags/example_time_delta_sensor_async.py
[2022-10-27 22:24:29,961] {processor.py:641} INFO - Processing file /home/nayara/Documentos/airflowalura/venv/lib/python3.9/site-packages/airflow/example_dags/example_time_delta_sensor_async.py for tasks to queue
[2022-10-27 22:24:29,963] {logging_mixin.py:115} INFO - [2022-10-27 22:24:29,963] {dagbag.py:507} INFO - Filling up the DagBag from /home/nayara/Documentos/airflowalura/venv/lib/python3.9/site-packages/airflow/example_dags/example_time_delta_sensor_async.py
[2022-10-27 22:24:29,975] {processor.py:651} INFO - DAG(s) dict_keys(['example_time_delta_sensor_async']) retrieved from /home/nayara/Documentos/airflowalura/venv/lib/python3.9/site-packages/airflow/example_dags/example_time_delta_sensor_async.py
[2022-10-27 22:24:30,020] {logging_mixin.py:115} INFO - [2022-10-27 22:24:30,020] {dag.py:2379} INFO - Sync 1 DAGs
[2022-10-27 22:24:30,065] {logging_mixin.py:115} INFO - [2022-10-27 22:24:30,065] {dag.py:2927} INFO - Setting next_dagrun for example_time_delta_sensor_async to None, run_after=None
[2022-10-27 22:24:30,284] {processor.py:161} INFO - Processing /home/nayara/Documentos/airflowalura/venv/lib/python3.9/site-packages/airflow/example_dags/example_time_delta_sensor_async.py took 0.336 seconds
[2022-10-27 22:25:16,722] {processor.py:153} INFO - Started process (PID=50522) to work on /home/nayara/Documentos/airflowalura/venv/lib/python3.9/site-packages/airflow/example_dags/example_time_delta_sensor_async.py
[2022-10-27 22:25:16,741] {processor.py:641} INFO - Processing file /home/nayara/Documentos/airflowalura/venv/lib/python3.9/site-packages/airflow/example_dags/example_time_delta_sensor_async.py for tasks to queue
[2022-10-27 22:25:16,745] {logging_mixin.py:115} INFO - [2022-10-27 22:25:16,744] {dagbag.py:507} INFO - Filling up the DagBag from /home/nayara/Documentos/airflowalura/venv/lib/python3.9/site-packages/airflow/example_dags/example_time_delta_sensor_async.py
[2022-10-27 22:25:16,781] {processor.py:651} INFO - DAG(s) dict_keys(['example_time_delta_sensor_async']) retrieved from /home/nayara/Documentos/airflowalura/venv/lib/python3.9/site-packages/airflow/example_dags/example_time_delta_sensor_async.py
[2022-10-27 22:25:16,830] {logging_mixin.py:115} INFO - [2022-10-27 22:25:16,830] {dag.py:2379} INFO - Sync 1 DAGs
[2022-10-27 22:25:16,867] {logging_mixin.py:115} INFO - [2022-10-27 22:25:16,867] {dag.py:2927} INFO - Setting next_dagrun for example_time_delta_sensor_async to None, run_after=None
[2022-10-27 22:25:17,076] {processor.py:161} INFO - Processing /home/nayara/Documentos/airflowalura/venv/lib/python3.9/site-packages/airflow/example_dags/example_time_delta_sensor_async.py took 0.362 seconds
[2022-10-27 22:26:22,382] {processor.py:153} INFO - Started process (PID=50647) to work on /home/nayara/Documentos/airflowalura/venv/lib/python3.9/site-packages/airflow/example_dags/example_time_delta_sensor_async.py
[2022-10-27 22:26:22,396] {processor.py:641} INFO - Processing file /home/nayara/Documentos/airflowalura/venv/lib/python3.9/site-packages/airflow/example_dags/example_time_delta_sensor_async.py for tasks to queue
[2022-10-27 22:26:22,398] {logging_mixin.py:115} INFO - [2022-10-27 22:26:22,398] {dagbag.py:507} INFO - Filling up the DagBag from /home/nayara/Documentos/airflowalura/venv/lib/python3.9/site-packages/airflow/example_dags/example_time_delta_sensor_async.py
[2022-10-27 22:26:22,421] {processor.py:651} INFO - DAG(s) dict_keys(['example_time_delta_sensor_async']) retrieved from /home/nayara/Documentos/airflowalura/venv/lib/python3.9/site-packages/airflow/example_dags/example_time_delta_sensor_async.py
[2022-10-27 22:26:22,459] {logging_mixin.py:115} INFO - [2022-10-27 22:26:22,459] {dag.py:2379} INFO - Sync 1 DAGs
[2022-10-27 22:26:22,492] {logging_mixin.py:115} INFO - [2022-10-27 22:26:22,492] {dag.py:2927} INFO - Setting next_dagrun for example_time_delta_sensor_async to None, run_after=None
[2022-10-27 22:26:22,776] {processor.py:161} INFO - Processing /home/nayara/Documentos/airflowalura/venv/lib/python3.9/site-packages/airflow/example_dags/example_time_delta_sensor_async.py took 0.410 seconds
[2022-10-27 22:27:11,929] {processor.py:153} INFO - Started process (PID=50783) to work on /home/nayara/Documentos/airflowalura/venv/lib/python3.9/site-packages/airflow/example_dags/example_time_delta_sensor_async.py
[2022-10-27 22:27:11,973] {processor.py:641} INFO - Processing file /home/nayara/Documentos/airflowalura/venv/lib/python3.9/site-packages/airflow/example_dags/example_time_delta_sensor_async.py for tasks to queue
[2022-10-27 22:27:11,975] {logging_mixin.py:115} INFO - [2022-10-27 22:27:11,975] {dagbag.py:507} INFO - Filling up the DagBag from /home/nayara/Documentos/airflowalura/venv/lib/python3.9/site-packages/airflow/example_dags/example_time_delta_sensor_async.py
[2022-10-27 22:27:11,983] {processor.py:651} INFO - DAG(s) dict_keys(['example_time_delta_sensor_async']) retrieved from /home/nayara/Documentos/airflowalura/venv/lib/python3.9/site-packages/airflow/example_dags/example_time_delta_sensor_async.py
[2022-10-27 22:27:12,592] {logging_mixin.py:115} INFO - [2022-10-27 22:27:12,591] {dag.py:2379} INFO - Sync 1 DAGs
[2022-10-27 22:27:12,650] {logging_mixin.py:115} INFO - [2022-10-27 22:27:12,649] {dag.py:2927} INFO - Setting next_dagrun for example_time_delta_sensor_async to None, run_after=None
[2022-10-27 22:27:13,329] {processor.py:161} INFO - Processing /home/nayara/Documentos/airflowalura/venv/lib/python3.9/site-packages/airflow/example_dags/example_time_delta_sensor_async.py took 1.412 seconds
[2022-10-27 22:27:56,385] {processor.py:153} INFO - Started process (PID=50940) to work on /home/nayara/Documentos/airflowalura/venv/lib/python3.9/site-packages/airflow/example_dags/example_time_delta_sensor_async.py
[2022-10-27 22:27:56,518] {processor.py:641} INFO - Processing file /home/nayara/Documentos/airflowalura/venv/lib/python3.9/site-packages/airflow/example_dags/example_time_delta_sensor_async.py for tasks to queue
[2022-10-27 22:27:56,519] {logging_mixin.py:115} INFO - [2022-10-27 22:27:56,518] {dagbag.py:507} INFO - Filling up the DagBag from /home/nayara/Documentos/airflowalura/venv/lib/python3.9/site-packages/airflow/example_dags/example_time_delta_sensor_async.py
[2022-10-27 22:27:56,528] {processor.py:651} INFO - DAG(s) dict_keys(['example_time_delta_sensor_async']) retrieved from /home/nayara/Documentos/airflowalura/venv/lib/python3.9/site-packages/airflow/example_dags/example_time_delta_sensor_async.py
[2022-10-27 22:27:56,568] {logging_mixin.py:115} INFO - [2022-10-27 22:27:56,568] {dag.py:2379} INFO - Sync 1 DAGs
[2022-10-27 22:27:56,605] {logging_mixin.py:115} INFO - [2022-10-27 22:27:56,605] {dag.py:2927} INFO - Setting next_dagrun for example_time_delta_sensor_async to None, run_after=None
[2022-10-27 22:27:57,078] {processor.py:161} INFO - Processing /home/nayara/Documentos/airflowalura/venv/lib/python3.9/site-packages/airflow/example_dags/example_time_delta_sensor_async.py took 0.702 seconds
[2022-10-27 22:28:46,430] {processor.py:153} INFO - Started process (PID=51052) to work on /home/nayara/Documentos/airflowalura/venv/lib/python3.9/site-packages/airflow/example_dags/example_time_delta_sensor_async.py
[2022-10-27 22:28:46,447] {processor.py:641} INFO - Processing file /home/nayara/Documentos/airflowalura/venv/lib/python3.9/site-packages/airflow/example_dags/example_time_delta_sensor_async.py for tasks to queue
[2022-10-27 22:28:46,448] {logging_mixin.py:115} INFO - [2022-10-27 22:28:46,448] {dagbag.py:507} INFO - Filling up the DagBag from /home/nayara/Documentos/airflowalura/venv/lib/python3.9/site-packages/airflow/example_dags/example_time_delta_sensor_async.py
[2022-10-27 22:28:46,458] {processor.py:651} INFO - DAG(s) dict_keys(['example_time_delta_sensor_async']) retrieved from /home/nayara/Documentos/airflowalura/venv/lib/python3.9/site-packages/airflow/example_dags/example_time_delta_sensor_async.py
[2022-10-27 22:28:46,512] {logging_mixin.py:115} INFO - [2022-10-27 22:28:46,512] {dag.py:2379} INFO - Sync 1 DAGs
[2022-10-27 22:28:46,554] {logging_mixin.py:115} INFO - [2022-10-27 22:28:46,553] {dag.py:2927} INFO - Setting next_dagrun for example_time_delta_sensor_async to None, run_after=None
[2022-10-27 22:28:46,787] {processor.py:161} INFO - Processing /home/nayara/Documentos/airflowalura/venv/lib/python3.9/site-packages/airflow/example_dags/example_time_delta_sensor_async.py took 0.371 seconds
[2022-10-27 22:29:35,666] {processor.py:153} INFO - Started process (PID=51172) to work on /home/nayara/Documentos/airflowalura/venv/lib/python3.9/site-packages/airflow/example_dags/example_time_delta_sensor_async.py
[2022-10-27 22:29:35,677] {processor.py:641} INFO - Processing file /home/nayara/Documentos/airflowalura/venv/lib/python3.9/site-packages/airflow/example_dags/example_time_delta_sensor_async.py for tasks to queue
[2022-10-27 22:29:35,678] {logging_mixin.py:115} INFO - [2022-10-27 22:29:35,678] {dagbag.py:507} INFO - Filling up the DagBag from /home/nayara/Documentos/airflowalura/venv/lib/python3.9/site-packages/airflow/example_dags/example_time_delta_sensor_async.py
[2022-10-27 22:29:35,690] {processor.py:651} INFO - DAG(s) dict_keys(['example_time_delta_sensor_async']) retrieved from /home/nayara/Documentos/airflowalura/venv/lib/python3.9/site-packages/airflow/example_dags/example_time_delta_sensor_async.py
[2022-10-27 22:29:35,720] {logging_mixin.py:115} INFO - [2022-10-27 22:29:35,720] {dag.py:2379} INFO - Sync 1 DAGs
[2022-10-27 22:29:35,742] {logging_mixin.py:115} INFO - [2022-10-27 22:29:35,742] {dag.py:2927} INFO - Setting next_dagrun for example_time_delta_sensor_async to None, run_after=None
[2022-10-27 22:29:35,971] {processor.py:161} INFO - Processing /home/nayara/Documentos/airflowalura/venv/lib/python3.9/site-packages/airflow/example_dags/example_time_delta_sensor_async.py took 0.319 seconds
[2022-10-27 22:30:20,309] {processor.py:153} INFO - Started process (PID=51244) to work on /home/nayara/Documentos/airflowalura/venv/lib/python3.9/site-packages/airflow/example_dags/example_time_delta_sensor_async.py
[2022-10-27 22:30:20,335] {processor.py:641} INFO - Processing file /home/nayara/Documentos/airflowalura/venv/lib/python3.9/site-packages/airflow/example_dags/example_time_delta_sensor_async.py for tasks to queue
[2022-10-27 22:30:20,336] {logging_mixin.py:115} INFO - [2022-10-27 22:30:20,336] {dagbag.py:507} INFO - Filling up the DagBag from /home/nayara/Documentos/airflowalura/venv/lib/python3.9/site-packages/airflow/example_dags/example_time_delta_sensor_async.py
[2022-10-27 22:30:20,350] {processor.py:651} INFO - DAG(s) dict_keys(['example_time_delta_sensor_async']) retrieved from /home/nayara/Documentos/airflowalura/venv/lib/python3.9/site-packages/airflow/example_dags/example_time_delta_sensor_async.py
[2022-10-27 22:30:20,385] {logging_mixin.py:115} INFO - [2022-10-27 22:30:20,385] {dag.py:2379} INFO - Sync 1 DAGs
[2022-10-27 22:30:20,406] {logging_mixin.py:115} INFO - [2022-10-27 22:30:20,406] {dag.py:2927} INFO - Setting next_dagrun for example_time_delta_sensor_async to None, run_after=None
[2022-10-27 22:30:20,628] {processor.py:161} INFO - Processing /home/nayara/Documentos/airflowalura/venv/lib/python3.9/site-packages/airflow/example_dags/example_time_delta_sensor_async.py took 0.332 seconds
[2022-10-27 22:31:11,364] {processor.py:153} INFO - Started process (PID=51332) to work on /home/nayara/Documentos/airflowalura/venv/lib/python3.9/site-packages/airflow/example_dags/example_time_delta_sensor_async.py
[2022-10-27 22:31:11,365] {processor.py:641} INFO - Processing file /home/nayara/Documentos/airflowalura/venv/lib/python3.9/site-packages/airflow/example_dags/example_time_delta_sensor_async.py for tasks to queue
[2022-10-27 22:31:11,366] {logging_mixin.py:115} INFO - [2022-10-27 22:31:11,366] {dagbag.py:507} INFO - Filling up the DagBag from /home/nayara/Documentos/airflowalura/venv/lib/python3.9/site-packages/airflow/example_dags/example_time_delta_sensor_async.py
[2022-10-27 22:31:11,372] {processor.py:651} INFO - DAG(s) dict_keys(['example_time_delta_sensor_async']) retrieved from /home/nayara/Documentos/airflowalura/venv/lib/python3.9/site-packages/airflow/example_dags/example_time_delta_sensor_async.py
[2022-10-27 22:31:11,400] {logging_mixin.py:115} INFO - [2022-10-27 22:31:11,399] {dag.py:2379} INFO - Sync 1 DAGs
[2022-10-27 22:31:11,421] {logging_mixin.py:115} INFO - [2022-10-27 22:31:11,420] {dag.py:2927} INFO - Setting next_dagrun for example_time_delta_sensor_async to None, run_after=None
[2022-10-27 22:31:11,646] {processor.py:161} INFO - Processing /home/nayara/Documentos/airflowalura/venv/lib/python3.9/site-packages/airflow/example_dags/example_time_delta_sensor_async.py took 0.285 seconds
[2022-10-27 22:32:33,075] {processor.py:153} INFO - Started process (PID=51531) to work on /home/nayara/Documentos/airflowalura/venv/lib/python3.9/site-packages/airflow/example_dags/example_time_delta_sensor_async.py
[2022-10-27 22:32:33,094] {processor.py:641} INFO - Processing file /home/nayara/Documentos/airflowalura/venv/lib/python3.9/site-packages/airflow/example_dags/example_time_delta_sensor_async.py for tasks to queue
[2022-10-27 22:32:33,098] {logging_mixin.py:115} INFO - [2022-10-27 22:32:33,097] {dagbag.py:507} INFO - Filling up the DagBag from /home/nayara/Documentos/airflowalura/venv/lib/python3.9/site-packages/airflow/example_dags/example_time_delta_sensor_async.py
[2022-10-27 22:32:33,125] {processor.py:651} INFO - DAG(s) dict_keys(['example_time_delta_sensor_async']) retrieved from /home/nayara/Documentos/airflowalura/venv/lib/python3.9/site-packages/airflow/example_dags/example_time_delta_sensor_async.py
[2022-10-27 22:32:33,169] {logging_mixin.py:115} INFO - [2022-10-27 22:32:33,169] {dag.py:2379} INFO - Sync 1 DAGs
[2022-10-27 22:32:33,196] {logging_mixin.py:115} INFO - [2022-10-27 22:32:33,196] {dag.py:2927} INFO - Setting next_dagrun for example_time_delta_sensor_async to None, run_after=None
[2022-10-27 22:32:33,420] {processor.py:161} INFO - Processing /home/nayara/Documentos/airflowalura/venv/lib/python3.9/site-packages/airflow/example_dags/example_time_delta_sensor_async.py took 0.353 seconds
[2022-10-27 22:33:19,353] {processor.py:153} INFO - Started process (PID=51634) to work on /home/nayara/Documentos/airflowalura/venv/lib/python3.9/site-packages/airflow/example_dags/example_time_delta_sensor_async.py
[2022-10-27 22:33:19,437] {processor.py:641} INFO - Processing file /home/nayara/Documentos/airflowalura/venv/lib/python3.9/site-packages/airflow/example_dags/example_time_delta_sensor_async.py for tasks to queue
[2022-10-27 22:33:19,438] {logging_mixin.py:115} INFO - [2022-10-27 22:33:19,438] {dagbag.py:507} INFO - Filling up the DagBag from /home/nayara/Documentos/airflowalura/venv/lib/python3.9/site-packages/airflow/example_dags/example_time_delta_sensor_async.py
[2022-10-27 22:33:19,470] {processor.py:651} INFO - DAG(s) dict_keys(['example_time_delta_sensor_async']) retrieved from /home/nayara/Documentos/airflowalura/venv/lib/python3.9/site-packages/airflow/example_dags/example_time_delta_sensor_async.py
[2022-10-27 22:33:19,553] {logging_mixin.py:115} INFO - [2022-10-27 22:33:19,553] {dag.py:2379} INFO - Sync 1 DAGs
[2022-10-27 22:33:19,584] {logging_mixin.py:115} INFO - [2022-10-27 22:33:19,584] {dag.py:2927} INFO - Setting next_dagrun for example_time_delta_sensor_async to None, run_after=None
[2022-10-27 22:33:19,904] {processor.py:161} INFO - Processing /home/nayara/Documentos/airflowalura/venv/lib/python3.9/site-packages/airflow/example_dags/example_time_delta_sensor_async.py took 0.559 seconds
[2022-10-27 22:34:01,600] {processor.py:153} INFO - Started process (PID=51711) to work on /home/nayara/Documentos/airflowalura/venv/lib/python3.9/site-packages/airflow/example_dags/example_time_delta_sensor_async.py
[2022-10-27 22:34:01,602] {processor.py:641} INFO - Processing file /home/nayara/Documentos/airflowalura/venv/lib/python3.9/site-packages/airflow/example_dags/example_time_delta_sensor_async.py for tasks to queue
[2022-10-27 22:34:01,605] {logging_mixin.py:115} INFO - [2022-10-27 22:34:01,604] {dagbag.py:507} INFO - Filling up the DagBag from /home/nayara/Documentos/airflowalura/venv/lib/python3.9/site-packages/airflow/example_dags/example_time_delta_sensor_async.py
[2022-10-27 22:34:01,627] {processor.py:651} INFO - DAG(s) dict_keys(['example_time_delta_sensor_async']) retrieved from /home/nayara/Documentos/airflowalura/venv/lib/python3.9/site-packages/airflow/example_dags/example_time_delta_sensor_async.py
[2022-10-27 22:34:01,685] {logging_mixin.py:115} INFO - [2022-10-27 22:34:01,685] {dag.py:2379} INFO - Sync 1 DAGs
[2022-10-27 22:34:01,717] {logging_mixin.py:115} INFO - [2022-10-27 22:34:01,717] {dag.py:2927} INFO - Setting next_dagrun for example_time_delta_sensor_async to None, run_after=None
[2022-10-27 22:34:01,899] {processor.py:161} INFO - Processing /home/nayara/Documentos/airflowalura/venv/lib/python3.9/site-packages/airflow/example_dags/example_time_delta_sensor_async.py took 0.313 seconds
[2022-10-27 22:34:50,530] {processor.py:153} INFO - Started process (PID=51797) to work on /home/nayara/Documentos/airflowalura/venv/lib/python3.9/site-packages/airflow/example_dags/example_time_delta_sensor_async.py
[2022-10-27 22:34:50,555] {processor.py:641} INFO - Processing file /home/nayara/Documentos/airflowalura/venv/lib/python3.9/site-packages/airflow/example_dags/example_time_delta_sensor_async.py for tasks to queue
[2022-10-27 22:34:50,556] {logging_mixin.py:115} INFO - [2022-10-27 22:34:50,556] {dagbag.py:507} INFO - Filling up the DagBag from /home/nayara/Documentos/airflowalura/venv/lib/python3.9/site-packages/airflow/example_dags/example_time_delta_sensor_async.py
[2022-10-27 22:34:50,565] {processor.py:651} INFO - DAG(s) dict_keys(['example_time_delta_sensor_async']) retrieved from /home/nayara/Documentos/airflowalura/venv/lib/python3.9/site-packages/airflow/example_dags/example_time_delta_sensor_async.py
[2022-10-27 22:34:50,598] {logging_mixin.py:115} INFO - [2022-10-27 22:34:50,598] {dag.py:2379} INFO - Sync 1 DAGs
[2022-10-27 22:34:50,619] {logging_mixin.py:115} INFO - [2022-10-27 22:34:50,618] {dag.py:2927} INFO - Setting next_dagrun for example_time_delta_sensor_async to None, run_after=None
[2022-10-27 22:34:50,828] {processor.py:161} INFO - Processing /home/nayara/Documentos/airflowalura/venv/lib/python3.9/site-packages/airflow/example_dags/example_time_delta_sensor_async.py took 0.312 seconds
[2022-10-27 22:35:27,634] {processor.py:153} INFO - Started process (PID=51853) to work on /home/nayara/Documentos/airflowalura/venv/lib/python3.9/site-packages/airflow/example_dags/example_time_delta_sensor_async.py
[2022-10-27 22:35:27,697] {processor.py:641} INFO - Processing file /home/nayara/Documentos/airflowalura/venv/lib/python3.9/site-packages/airflow/example_dags/example_time_delta_sensor_async.py for tasks to queue
[2022-10-27 22:35:27,699] {logging_mixin.py:115} INFO - [2022-10-27 22:35:27,699] {dagbag.py:507} INFO - Filling up the DagBag from /home/nayara/Documentos/airflowalura/venv/lib/python3.9/site-packages/airflow/example_dags/example_time_delta_sensor_async.py
[2022-10-27 22:35:27,722] {processor.py:651} INFO - DAG(s) dict_keys(['example_time_delta_sensor_async']) retrieved from /home/nayara/Documentos/airflowalura/venv/lib/python3.9/site-packages/airflow/example_dags/example_time_delta_sensor_async.py
[2022-10-27 22:35:27,758] {logging_mixin.py:115} INFO - [2022-10-27 22:35:27,758] {dag.py:2379} INFO - Sync 1 DAGs
[2022-10-27 22:35:27,779] {logging_mixin.py:115} INFO - [2022-10-27 22:35:27,779] {dag.py:2927} INFO - Setting next_dagrun for example_time_delta_sensor_async to None, run_after=None
[2022-10-27 22:35:28,002] {processor.py:161} INFO - Processing /home/nayara/Documentos/airflowalura/venv/lib/python3.9/site-packages/airflow/example_dags/example_time_delta_sensor_async.py took 0.382 seconds
[2022-10-27 22:36:06,287] {processor.py:153} INFO - Started process (PID=51931) to work on /home/nayara/Documentos/airflowalura/venv/lib/python3.9/site-packages/airflow/example_dags/example_time_delta_sensor_async.py
[2022-10-27 22:36:06,319] {processor.py:641} INFO - Processing file /home/nayara/Documentos/airflowalura/venv/lib/python3.9/site-packages/airflow/example_dags/example_time_delta_sensor_async.py for tasks to queue
[2022-10-27 22:36:06,321] {logging_mixin.py:115} INFO - [2022-10-27 22:36:06,321] {dagbag.py:507} INFO - Filling up the DagBag from /home/nayara/Documentos/airflowalura/venv/lib/python3.9/site-packages/airflow/example_dags/example_time_delta_sensor_async.py
[2022-10-27 22:36:06,341] {processor.py:651} INFO - DAG(s) dict_keys(['example_time_delta_sensor_async']) retrieved from /home/nayara/Documentos/airflowalura/venv/lib/python3.9/site-packages/airflow/example_dags/example_time_delta_sensor_async.py
[2022-10-27 22:36:06,402] {logging_mixin.py:115} INFO - [2022-10-27 22:36:06,402] {dag.py:2379} INFO - Sync 1 DAGs
[2022-10-27 22:36:06,444] {logging_mixin.py:115} INFO - [2022-10-27 22:36:06,444] {dag.py:2927} INFO - Setting next_dagrun for example_time_delta_sensor_async to None, run_after=None
[2022-10-27 22:36:06,699] {processor.py:161} INFO - Processing /home/nayara/Documentos/airflowalura/venv/lib/python3.9/site-packages/airflow/example_dags/example_time_delta_sensor_async.py took 0.422 seconds
[2022-10-27 22:36:57,262] {processor.py:153} INFO - Started process (PID=52139) to work on /home/nayara/Documentos/airflowalura/venv/lib/python3.9/site-packages/airflow/example_dags/example_time_delta_sensor_async.py
[2022-10-27 22:36:57,286] {processor.py:641} INFO - Processing file /home/nayara/Documentos/airflowalura/venv/lib/python3.9/site-packages/airflow/example_dags/example_time_delta_sensor_async.py for tasks to queue
[2022-10-27 22:36:57,287] {logging_mixin.py:115} INFO - [2022-10-27 22:36:57,287] {dagbag.py:507} INFO - Filling up the DagBag from /home/nayara/Documentos/airflowalura/venv/lib/python3.9/site-packages/airflow/example_dags/example_time_delta_sensor_async.py
[2022-10-27 22:36:57,294] {processor.py:651} INFO - DAG(s) dict_keys(['example_time_delta_sensor_async']) retrieved from /home/nayara/Documentos/airflowalura/venv/lib/python3.9/site-packages/airflow/example_dags/example_time_delta_sensor_async.py
[2022-10-27 22:36:57,342] {logging_mixin.py:115} INFO - [2022-10-27 22:36:57,342] {dag.py:2379} INFO - Sync 1 DAGs
[2022-10-27 22:36:57,389] {logging_mixin.py:115} INFO - [2022-10-27 22:36:57,389] {dag.py:2927} INFO - Setting next_dagrun for example_time_delta_sensor_async to None, run_after=None
[2022-10-27 22:36:58,109] {processor.py:161} INFO - Processing /home/nayara/Documentos/airflowalura/venv/lib/python3.9/site-packages/airflow/example_dags/example_time_delta_sensor_async.py took 0.858 seconds
[2022-10-27 22:38:38,534] {processor.py:153} INFO - Started process (PID=52506) to work on /home/nayara/Documentos/airflowalura/venv/lib/python3.9/site-packages/airflow/example_dags/example_time_delta_sensor_async.py
[2022-10-27 22:38:38,580] {processor.py:641} INFO - Processing file /home/nayara/Documentos/airflowalura/venv/lib/python3.9/site-packages/airflow/example_dags/example_time_delta_sensor_async.py for tasks to queue
[2022-10-27 22:38:38,584] {logging_mixin.py:115} INFO - [2022-10-27 22:38:38,583] {dagbag.py:507} INFO - Filling up the DagBag from /home/nayara/Documentos/airflowalura/venv/lib/python3.9/site-packages/airflow/example_dags/example_time_delta_sensor_async.py
[2022-10-27 22:38:38,667] {processor.py:651} INFO - DAG(s) dict_keys(['example_time_delta_sensor_async']) retrieved from /home/nayara/Documentos/airflowalura/venv/lib/python3.9/site-packages/airflow/example_dags/example_time_delta_sensor_async.py
[2022-10-27 22:38:38,715] {logging_mixin.py:115} INFO - [2022-10-27 22:38:38,715] {dag.py:2379} INFO - Sync 1 DAGs
[2022-10-27 22:38:38,754] {logging_mixin.py:115} INFO - [2022-10-27 22:38:38,754] {dag.py:2927} INFO - Setting next_dagrun for example_time_delta_sensor_async to None, run_after=None
[2022-10-27 22:38:39,002] {processor.py:161} INFO - Processing /home/nayara/Documentos/airflowalura/venv/lib/python3.9/site-packages/airflow/example_dags/example_time_delta_sensor_async.py took 0.473 seconds
[2022-10-27 22:39:31,246] {processor.py:153} INFO - Started process (PID=52619) to work on /home/nayara/Documentos/airflowalura/venv/lib/python3.9/site-packages/airflow/example_dags/example_time_delta_sensor_async.py
[2022-10-27 22:39:31,304] {processor.py:641} INFO - Processing file /home/nayara/Documentos/airflowalura/venv/lib/python3.9/site-packages/airflow/example_dags/example_time_delta_sensor_async.py for tasks to queue
[2022-10-27 22:39:31,307] {logging_mixin.py:115} INFO - [2022-10-27 22:39:31,307] {dagbag.py:507} INFO - Filling up the DagBag from /home/nayara/Documentos/airflowalura/venv/lib/python3.9/site-packages/airflow/example_dags/example_time_delta_sensor_async.py
[2022-10-27 22:39:31,346] {processor.py:651} INFO - DAG(s) dict_keys(['example_time_delta_sensor_async']) retrieved from /home/nayara/Documentos/airflowalura/venv/lib/python3.9/site-packages/airflow/example_dags/example_time_delta_sensor_async.py
[2022-10-27 22:39:31,425] {logging_mixin.py:115} INFO - [2022-10-27 22:39:31,424] {dag.py:2379} INFO - Sync 1 DAGs
[2022-10-27 22:39:31,456] {logging_mixin.py:115} INFO - [2022-10-27 22:39:31,456] {dag.py:2927} INFO - Setting next_dagrun for example_time_delta_sensor_async to None, run_after=None
[2022-10-27 22:39:31,697] {processor.py:161} INFO - Processing /home/nayara/Documentos/airflowalura/venv/lib/python3.9/site-packages/airflow/example_dags/example_time_delta_sensor_async.py took 0.458 seconds
[2022-10-27 22:41:03,630] {processor.py:153} INFO - Started process (PID=52786) to work on /home/nayara/Documentos/airflowalura/venv/lib/python3.9/site-packages/airflow/example_dags/example_time_delta_sensor_async.py
[2022-10-27 22:41:03,674] {processor.py:641} INFO - Processing file /home/nayara/Documentos/airflowalura/venv/lib/python3.9/site-packages/airflow/example_dags/example_time_delta_sensor_async.py for tasks to queue
[2022-10-27 22:41:03,677] {logging_mixin.py:115} INFO - [2022-10-27 22:41:03,677] {dagbag.py:507} INFO - Filling up the DagBag from /home/nayara/Documentos/airflowalura/venv/lib/python3.9/site-packages/airflow/example_dags/example_time_delta_sensor_async.py
[2022-10-27 22:41:03,747] {processor.py:651} INFO - DAG(s) dict_keys(['example_time_delta_sensor_async']) retrieved from /home/nayara/Documentos/airflowalura/venv/lib/python3.9/site-packages/airflow/example_dags/example_time_delta_sensor_async.py
[2022-10-27 22:41:04,034] {logging_mixin.py:115} INFO - [2022-10-27 22:41:04,034] {dag.py:2379} INFO - Sync 1 DAGs
[2022-10-27 22:41:04,081] {logging_mixin.py:115} INFO - [2022-10-27 22:41:04,081] {dag.py:2927} INFO - Setting next_dagrun for example_time_delta_sensor_async to None, run_after=None
[2022-10-27 22:41:04,523] {processor.py:161} INFO - Processing /home/nayara/Documentos/airflowalura/venv/lib/python3.9/site-packages/airflow/example_dags/example_time_delta_sensor_async.py took 0.908 seconds
[2022-10-27 22:41:56,102] {processor.py:153} INFO - Started process (PID=52917) to work on /home/nayara/Documentos/airflowalura/venv/lib/python3.9/site-packages/airflow/example_dags/example_time_delta_sensor_async.py
[2022-10-27 22:41:56,117] {processor.py:641} INFO - Processing file /home/nayara/Documentos/airflowalura/venv/lib/python3.9/site-packages/airflow/example_dags/example_time_delta_sensor_async.py for tasks to queue
[2022-10-27 22:41:56,118] {logging_mixin.py:115} INFO - [2022-10-27 22:41:56,117] {dagbag.py:507} INFO - Filling up the DagBag from /home/nayara/Documentos/airflowalura/venv/lib/python3.9/site-packages/airflow/example_dags/example_time_delta_sensor_async.py
[2022-10-27 22:41:56,127] {processor.py:651} INFO - DAG(s) dict_keys(['example_time_delta_sensor_async']) retrieved from /home/nayara/Documentos/airflowalura/venv/lib/python3.9/site-packages/airflow/example_dags/example_time_delta_sensor_async.py
[2022-10-27 22:41:56,161] {logging_mixin.py:115} INFO - [2022-10-27 22:41:56,161] {dag.py:2379} INFO - Sync 1 DAGs
[2022-10-27 22:41:56,182] {logging_mixin.py:115} INFO - [2022-10-27 22:41:56,182] {dag.py:2927} INFO - Setting next_dagrun for example_time_delta_sensor_async to None, run_after=None
[2022-10-27 22:41:56,430] {processor.py:161} INFO - Processing /home/nayara/Documentos/airflowalura/venv/lib/python3.9/site-packages/airflow/example_dags/example_time_delta_sensor_async.py took 0.339 seconds
[2022-10-27 22:42:36,555] {processor.py:153} INFO - Started process (PID=52986) to work on /home/nayara/Documentos/airflowalura/venv/lib/python3.9/site-packages/airflow/example_dags/example_time_delta_sensor_async.py
[2022-10-27 22:42:36,578] {processor.py:641} INFO - Processing file /home/nayara/Documentos/airflowalura/venv/lib/python3.9/site-packages/airflow/example_dags/example_time_delta_sensor_async.py for tasks to queue
[2022-10-27 22:42:36,579] {logging_mixin.py:115} INFO - [2022-10-27 22:42:36,579] {dagbag.py:507} INFO - Filling up the DagBag from /home/nayara/Documentos/airflowalura/venv/lib/python3.9/site-packages/airflow/example_dags/example_time_delta_sensor_async.py
[2022-10-27 22:42:36,590] {processor.py:651} INFO - DAG(s) dict_keys(['example_time_delta_sensor_async']) retrieved from /home/nayara/Documentos/airflowalura/venv/lib/python3.9/site-packages/airflow/example_dags/example_time_delta_sensor_async.py
[2022-10-27 22:42:36,626] {logging_mixin.py:115} INFO - [2022-10-27 22:42:36,625] {dag.py:2379} INFO - Sync 1 DAGs
[2022-10-27 22:42:36,646] {logging_mixin.py:115} INFO - [2022-10-27 22:42:36,646] {dag.py:2927} INFO - Setting next_dagrun for example_time_delta_sensor_async to None, run_after=None
[2022-10-27 22:42:36,862] {processor.py:161} INFO - Processing /home/nayara/Documentos/airflowalura/venv/lib/python3.9/site-packages/airflow/example_dags/example_time_delta_sensor_async.py took 0.319 seconds
[2022-10-27 22:43:12,613] {processor.py:153} INFO - Started process (PID=53065) to work on /home/nayara/Documentos/airflowalura/venv/lib/python3.9/site-packages/airflow/example_dags/example_time_delta_sensor_async.py
[2022-10-27 22:43:12,684] {processor.py:641} INFO - Processing file /home/nayara/Documentos/airflowalura/venv/lib/python3.9/site-packages/airflow/example_dags/example_time_delta_sensor_async.py for tasks to queue
[2022-10-27 22:43:12,685] {logging_mixin.py:115} INFO - [2022-10-27 22:43:12,685] {dagbag.py:507} INFO - Filling up the DagBag from /home/nayara/Documentos/airflowalura/venv/lib/python3.9/site-packages/airflow/example_dags/example_time_delta_sensor_async.py
[2022-10-27 22:43:12,693] {processor.py:651} INFO - DAG(s) dict_keys(['example_time_delta_sensor_async']) retrieved from /home/nayara/Documentos/airflowalura/venv/lib/python3.9/site-packages/airflow/example_dags/example_time_delta_sensor_async.py
[2022-10-27 22:43:12,738] {logging_mixin.py:115} INFO - [2022-10-27 22:43:12,738] {dag.py:2379} INFO - Sync 1 DAGs
[2022-10-27 22:43:12,773] {logging_mixin.py:115} INFO - [2022-10-27 22:43:12,773] {dag.py:2927} INFO - Setting next_dagrun for example_time_delta_sensor_async to None, run_after=None
[2022-10-27 22:43:12,985] {processor.py:161} INFO - Processing /home/nayara/Documentos/airflowalura/venv/lib/python3.9/site-packages/airflow/example_dags/example_time_delta_sensor_async.py took 0.381 seconds
[2022-10-27 22:43:54,449] {processor.py:153} INFO - Started process (PID=53144) to work on /home/nayara/Documentos/airflowalura/venv/lib/python3.9/site-packages/airflow/example_dags/example_time_delta_sensor_async.py
[2022-10-27 22:43:54,478] {processor.py:641} INFO - Processing file /home/nayara/Documentos/airflowalura/venv/lib/python3.9/site-packages/airflow/example_dags/example_time_delta_sensor_async.py for tasks to queue
[2022-10-27 22:43:54,479] {logging_mixin.py:115} INFO - [2022-10-27 22:43:54,479] {dagbag.py:507} INFO - Filling up the DagBag from /home/nayara/Documentos/airflowalura/venv/lib/python3.9/site-packages/airflow/example_dags/example_time_delta_sensor_async.py
[2022-10-27 22:43:54,499] {processor.py:651} INFO - DAG(s) dict_keys(['example_time_delta_sensor_async']) retrieved from /home/nayara/Documentos/airflowalura/venv/lib/python3.9/site-packages/airflow/example_dags/example_time_delta_sensor_async.py
[2022-10-27 22:43:54,553] {logging_mixin.py:115} INFO - [2022-10-27 22:43:54,552] {dag.py:2379} INFO - Sync 1 DAGs
[2022-10-27 22:43:54,595] {logging_mixin.py:115} INFO - [2022-10-27 22:43:54,595] {dag.py:2927} INFO - Setting next_dagrun for example_time_delta_sensor_async to None, run_after=None
[2022-10-27 22:43:54,835] {processor.py:161} INFO - Processing /home/nayara/Documentos/airflowalura/venv/lib/python3.9/site-packages/airflow/example_dags/example_time_delta_sensor_async.py took 0.402 seconds
[2022-10-27 22:44:37,735] {processor.py:153} INFO - Started process (PID=53256) to work on /home/nayara/Documentos/airflowalura/venv/lib/python3.9/site-packages/airflow/example_dags/example_time_delta_sensor_async.py
[2022-10-27 22:44:37,789] {processor.py:641} INFO - Processing file /home/nayara/Documentos/airflowalura/venv/lib/python3.9/site-packages/airflow/example_dags/example_time_delta_sensor_async.py for tasks to queue
[2022-10-27 22:44:37,790] {logging_mixin.py:115} INFO - [2022-10-27 22:44:37,790] {dagbag.py:507} INFO - Filling up the DagBag from /home/nayara/Documentos/airflowalura/venv/lib/python3.9/site-packages/airflow/example_dags/example_time_delta_sensor_async.py
[2022-10-27 22:44:37,800] {processor.py:651} INFO - DAG(s) dict_keys(['example_time_delta_sensor_async']) retrieved from /home/nayara/Documentos/airflowalura/venv/lib/python3.9/site-packages/airflow/example_dags/example_time_delta_sensor_async.py
[2022-10-27 22:44:37,872] {logging_mixin.py:115} INFO - [2022-10-27 22:44:37,872] {dag.py:2379} INFO - Sync 1 DAGs
[2022-10-27 22:44:37,915] {logging_mixin.py:115} INFO - [2022-10-27 22:44:37,914] {dag.py:2927} INFO - Setting next_dagrun for example_time_delta_sensor_async to None, run_after=None
[2022-10-27 22:44:38,692] {processor.py:161} INFO - Processing /home/nayara/Documentos/airflowalura/venv/lib/python3.9/site-packages/airflow/example_dags/example_time_delta_sensor_async.py took 0.961 seconds
[2022-10-27 22:45:45,800] {processor.py:153} INFO - Started process (PID=53422) to work on /home/nayara/Documentos/airflowalura/venv/lib/python3.9/site-packages/airflow/example_dags/example_time_delta_sensor_async.py
[2022-10-27 22:45:45,903] {processor.py:641} INFO - Processing file /home/nayara/Documentos/airflowalura/venv/lib/python3.9/site-packages/airflow/example_dags/example_time_delta_sensor_async.py for tasks to queue
[2022-10-27 22:45:45,906] {logging_mixin.py:115} INFO - [2022-10-27 22:45:45,906] {dagbag.py:507} INFO - Filling up the DagBag from /home/nayara/Documentos/airflowalura/venv/lib/python3.9/site-packages/airflow/example_dags/example_time_delta_sensor_async.py
[2022-10-27 22:45:45,937] {processor.py:651} INFO - DAG(s) dict_keys(['example_time_delta_sensor_async']) retrieved from /home/nayara/Documentos/airflowalura/venv/lib/python3.9/site-packages/airflow/example_dags/example_time_delta_sensor_async.py
[2022-10-27 22:45:46,025] {logging_mixin.py:115} INFO - [2022-10-27 22:45:46,025] {dag.py:2379} INFO - Sync 1 DAGs
[2022-10-27 22:45:46,056] {logging_mixin.py:115} INFO - [2022-10-27 22:45:46,056] {dag.py:2927} INFO - Setting next_dagrun for example_time_delta_sensor_async to None, run_after=None
[2022-10-27 22:45:46,461] {processor.py:161} INFO - Processing /home/nayara/Documentos/airflowalura/venv/lib/python3.9/site-packages/airflow/example_dags/example_time_delta_sensor_async.py took 0.666 seconds
[2022-10-27 22:46:40,078] {processor.py:153} INFO - Started process (PID=53532) to work on /home/nayara/Documentos/airflowalura/venv/lib/python3.9/site-packages/airflow/example_dags/example_time_delta_sensor_async.py
[2022-10-27 22:46:40,098] {processor.py:641} INFO - Processing file /home/nayara/Documentos/airflowalura/venv/lib/python3.9/site-packages/airflow/example_dags/example_time_delta_sensor_async.py for tasks to queue
[2022-10-27 22:46:40,099] {logging_mixin.py:115} INFO - [2022-10-27 22:46:40,098] {dagbag.py:507} INFO - Filling up the DagBag from /home/nayara/Documentos/airflowalura/venv/lib/python3.9/site-packages/airflow/example_dags/example_time_delta_sensor_async.py
[2022-10-27 22:46:40,110] {processor.py:651} INFO - DAG(s) dict_keys(['example_time_delta_sensor_async']) retrieved from /home/nayara/Documentos/airflowalura/venv/lib/python3.9/site-packages/airflow/example_dags/example_time_delta_sensor_async.py
[2022-10-27 22:46:40,144] {logging_mixin.py:115} INFO - [2022-10-27 22:46:40,144] {dag.py:2379} INFO - Sync 1 DAGs
[2022-10-27 22:46:40,172] {logging_mixin.py:115} INFO - [2022-10-27 22:46:40,172] {dag.py:2927} INFO - Setting next_dagrun for example_time_delta_sensor_async to None, run_after=None
[2022-10-27 22:46:40,548] {processor.py:161} INFO - Processing /home/nayara/Documentos/airflowalura/venv/lib/python3.9/site-packages/airflow/example_dags/example_time_delta_sensor_async.py took 0.475 seconds
[2022-10-27 22:47:24,701] {processor.py:153} INFO - Started process (PID=53642) to work on /home/nayara/Documentos/airflowalura/venv/lib/python3.9/site-packages/airflow/example_dags/example_time_delta_sensor_async.py
[2022-10-27 22:47:24,722] {processor.py:641} INFO - Processing file /home/nayara/Documentos/airflowalura/venv/lib/python3.9/site-packages/airflow/example_dags/example_time_delta_sensor_async.py for tasks to queue
[2022-10-27 22:47:24,724] {logging_mixin.py:115} INFO - [2022-10-27 22:47:24,723] {dagbag.py:507} INFO - Filling up the DagBag from /home/nayara/Documentos/airflowalura/venv/lib/python3.9/site-packages/airflow/example_dags/example_time_delta_sensor_async.py
[2022-10-27 22:47:24,742] {processor.py:651} INFO - DAG(s) dict_keys(['example_time_delta_sensor_async']) retrieved from /home/nayara/Documentos/airflowalura/venv/lib/python3.9/site-packages/airflow/example_dags/example_time_delta_sensor_async.py
[2022-10-27 22:47:24,782] {logging_mixin.py:115} INFO - [2022-10-27 22:47:24,782] {dag.py:2379} INFO - Sync 1 DAGs
[2022-10-27 22:47:24,805] {logging_mixin.py:115} INFO - [2022-10-27 22:47:24,805] {dag.py:2927} INFO - Setting next_dagrun for example_time_delta_sensor_async to None, run_after=None
[2022-10-27 22:47:25,217] {processor.py:161} INFO - Processing /home/nayara/Documentos/airflowalura/venv/lib/python3.9/site-packages/airflow/example_dags/example_time_delta_sensor_async.py took 0.523 seconds
[2022-10-27 22:48:13,155] {processor.py:153} INFO - Started process (PID=53745) to work on /home/nayara/Documentos/airflowalura/venv/lib/python3.9/site-packages/airflow/example_dags/example_time_delta_sensor_async.py
[2022-10-27 22:48:13,171] {processor.py:641} INFO - Processing file /home/nayara/Documentos/airflowalura/venv/lib/python3.9/site-packages/airflow/example_dags/example_time_delta_sensor_async.py for tasks to queue
[2022-10-27 22:48:13,173] {logging_mixin.py:115} INFO - [2022-10-27 22:48:13,173] {dagbag.py:507} INFO - Filling up the DagBag from /home/nayara/Documentos/airflowalura/venv/lib/python3.9/site-packages/airflow/example_dags/example_time_delta_sensor_async.py
[2022-10-27 22:48:13,206] {processor.py:651} INFO - DAG(s) dict_keys(['example_time_delta_sensor_async']) retrieved from /home/nayara/Documentos/airflowalura/venv/lib/python3.9/site-packages/airflow/example_dags/example_time_delta_sensor_async.py
[2022-10-27 22:48:13,258] {logging_mixin.py:115} INFO - [2022-10-27 22:48:13,258] {dag.py:2379} INFO - Sync 1 DAGs
[2022-10-27 22:48:13,325] {logging_mixin.py:115} INFO - [2022-10-27 22:48:13,324] {dag.py:2927} INFO - Setting next_dagrun for example_time_delta_sensor_async to None, run_after=None
[2022-10-27 22:48:13,977] {processor.py:161} INFO - Processing /home/nayara/Documentos/airflowalura/venv/lib/python3.9/site-packages/airflow/example_dags/example_time_delta_sensor_async.py took 0.828 seconds
[2022-10-27 22:49:00,892] {processor.py:153} INFO - Started process (PID=53842) to work on /home/nayara/Documentos/airflowalura/venv/lib/python3.9/site-packages/airflow/example_dags/example_time_delta_sensor_async.py
[2022-10-27 22:49:00,911] {processor.py:641} INFO - Processing file /home/nayara/Documentos/airflowalura/venv/lib/python3.9/site-packages/airflow/example_dags/example_time_delta_sensor_async.py for tasks to queue
[2022-10-27 22:49:00,914] {logging_mixin.py:115} INFO - [2022-10-27 22:49:00,914] {dagbag.py:507} INFO - Filling up the DagBag from /home/nayara/Documentos/airflowalura/venv/lib/python3.9/site-packages/airflow/example_dags/example_time_delta_sensor_async.py
[2022-10-27 22:49:00,946] {processor.py:651} INFO - DAG(s) dict_keys(['example_time_delta_sensor_async']) retrieved from /home/nayara/Documentos/airflowalura/venv/lib/python3.9/site-packages/airflow/example_dags/example_time_delta_sensor_async.py
[2022-10-27 22:49:00,992] {logging_mixin.py:115} INFO - [2022-10-27 22:49:00,992] {dag.py:2379} INFO - Sync 1 DAGs
[2022-10-27 22:49:01,018] {logging_mixin.py:115} INFO - [2022-10-27 22:49:01,018] {dag.py:2927} INFO - Setting next_dagrun for example_time_delta_sensor_async to None, run_after=None
[2022-10-27 22:49:01,285] {processor.py:161} INFO - Processing /home/nayara/Documentos/airflowalura/venv/lib/python3.9/site-packages/airflow/example_dags/example_time_delta_sensor_async.py took 0.411 seconds
[2022-10-27 22:49:42,999] {processor.py:153} INFO - Started process (PID=53927) to work on /home/nayara/Documentos/airflowalura/venv/lib/python3.9/site-packages/airflow/example_dags/example_time_delta_sensor_async.py
[2022-10-27 22:49:43,009] {processor.py:641} INFO - Processing file /home/nayara/Documentos/airflowalura/venv/lib/python3.9/site-packages/airflow/example_dags/example_time_delta_sensor_async.py for tasks to queue
[2022-10-27 22:49:43,010] {logging_mixin.py:115} INFO - [2022-10-27 22:49:43,010] {dagbag.py:507} INFO - Filling up the DagBag from /home/nayara/Documentos/airflowalura/venv/lib/python3.9/site-packages/airflow/example_dags/example_time_delta_sensor_async.py
[2022-10-27 22:49:43,017] {processor.py:651} INFO - DAG(s) dict_keys(['example_time_delta_sensor_async']) retrieved from /home/nayara/Documentos/airflowalura/venv/lib/python3.9/site-packages/airflow/example_dags/example_time_delta_sensor_async.py
[2022-10-27 22:49:43,049] {logging_mixin.py:115} INFO - [2022-10-27 22:49:43,049] {dag.py:2379} INFO - Sync 1 DAGs
[2022-10-27 22:49:43,075] {logging_mixin.py:115} INFO - [2022-10-27 22:49:43,075] {dag.py:2927} INFO - Setting next_dagrun for example_time_delta_sensor_async to None, run_after=None
[2022-10-27 22:49:43,305] {processor.py:161} INFO - Processing /home/nayara/Documentos/airflowalura/venv/lib/python3.9/site-packages/airflow/example_dags/example_time_delta_sensor_async.py took 0.312 seconds
[2022-10-27 22:50:26,679] {processor.py:153} INFO - Started process (PID=54009) to work on /home/nayara/Documentos/airflowalura/venv/lib/python3.9/site-packages/airflow/example_dags/example_time_delta_sensor_async.py
[2022-10-27 22:50:26,714] {processor.py:641} INFO - Processing file /home/nayara/Documentos/airflowalura/venv/lib/python3.9/site-packages/airflow/example_dags/example_time_delta_sensor_async.py for tasks to queue
[2022-10-27 22:50:26,718] {logging_mixin.py:115} INFO - [2022-10-27 22:50:26,718] {dagbag.py:507} INFO - Filling up the DagBag from /home/nayara/Documentos/airflowalura/venv/lib/python3.9/site-packages/airflow/example_dags/example_time_delta_sensor_async.py
[2022-10-27 22:50:26,752] {processor.py:651} INFO - DAG(s) dict_keys(['example_time_delta_sensor_async']) retrieved from /home/nayara/Documentos/airflowalura/venv/lib/python3.9/site-packages/airflow/example_dags/example_time_delta_sensor_async.py
[2022-10-27 22:50:26,806] {logging_mixin.py:115} INFO - [2022-10-27 22:50:26,806] {dag.py:2379} INFO - Sync 1 DAGs
[2022-10-27 22:50:26,835] {logging_mixin.py:115} INFO - [2022-10-27 22:50:26,835] {dag.py:2927} INFO - Setting next_dagrun for example_time_delta_sensor_async to None, run_after=None
[2022-10-27 22:50:27,170] {processor.py:161} INFO - Processing /home/nayara/Documentos/airflowalura/venv/lib/python3.9/site-packages/airflow/example_dags/example_time_delta_sensor_async.py took 0.509 seconds
[2022-10-27 22:51:11,549] {processor.py:153} INFO - Started process (PID=54090) to work on /home/nayara/Documentos/airflowalura/venv/lib/python3.9/site-packages/airflow/example_dags/example_time_delta_sensor_async.py
[2022-10-27 22:51:11,669] {processor.py:641} INFO - Processing file /home/nayara/Documentos/airflowalura/venv/lib/python3.9/site-packages/airflow/example_dags/example_time_delta_sensor_async.py for tasks to queue
[2022-10-27 22:51:11,670] {logging_mixin.py:115} INFO - [2022-10-27 22:51:11,670] {dagbag.py:507} INFO - Filling up the DagBag from /home/nayara/Documentos/airflowalura/venv/lib/python3.9/site-packages/airflow/example_dags/example_time_delta_sensor_async.py
[2022-10-27 22:51:11,723] {processor.py:651} INFO - DAG(s) dict_keys(['example_time_delta_sensor_async']) retrieved from /home/nayara/Documentos/airflowalura/venv/lib/python3.9/site-packages/airflow/example_dags/example_time_delta_sensor_async.py
[2022-10-27 22:51:11,782] {logging_mixin.py:115} INFO - [2022-10-27 22:51:11,781] {dag.py:2379} INFO - Sync 1 DAGs
[2022-10-27 22:51:11,817] {logging_mixin.py:115} INFO - [2022-10-27 22:51:11,817] {dag.py:2927} INFO - Setting next_dagrun for example_time_delta_sensor_async to None, run_after=None
[2022-10-27 22:51:12,055] {processor.py:161} INFO - Processing /home/nayara/Documentos/airflowalura/venv/lib/python3.9/site-packages/airflow/example_dags/example_time_delta_sensor_async.py took 0.513 seconds
[2022-10-27 22:52:02,531] {processor.py:153} INFO - Started process (PID=54202) to work on /home/nayara/Documentos/airflowalura/venv/lib/python3.9/site-packages/airflow/example_dags/example_time_delta_sensor_async.py
[2022-10-27 22:52:02,582] {processor.py:641} INFO - Processing file /home/nayara/Documentos/airflowalura/venv/lib/python3.9/site-packages/airflow/example_dags/example_time_delta_sensor_async.py for tasks to queue
[2022-10-27 22:52:02,586] {logging_mixin.py:115} INFO - [2022-10-27 22:52:02,586] {dagbag.py:507} INFO - Filling up the DagBag from /home/nayara/Documentos/airflowalura/venv/lib/python3.9/site-packages/airflow/example_dags/example_time_delta_sensor_async.py
[2022-10-27 22:52:02,734] {processor.py:651} INFO - DAG(s) dict_keys(['example_time_delta_sensor_async']) retrieved from /home/nayara/Documentos/airflowalura/venv/lib/python3.9/site-packages/airflow/example_dags/example_time_delta_sensor_async.py
[2022-10-27 22:52:02,805] {logging_mixin.py:115} INFO - [2022-10-27 22:52:02,805] {dag.py:2379} INFO - Sync 1 DAGs
[2022-10-27 22:52:02,833] {logging_mixin.py:115} INFO - [2022-10-27 22:52:02,833] {dag.py:2927} INFO - Setting next_dagrun for example_time_delta_sensor_async to None, run_after=None
[2022-10-27 22:52:03,751] {processor.py:161} INFO - Processing /home/nayara/Documentos/airflowalura/venv/lib/python3.9/site-packages/airflow/example_dags/example_time_delta_sensor_async.py took 1.241 seconds
[2022-10-27 22:52:57,689] {processor.py:153} INFO - Started process (PID=54294) to work on /home/nayara/Documentos/airflowalura/venv/lib/python3.9/site-packages/airflow/example_dags/example_time_delta_sensor_async.py
[2022-10-27 22:52:57,706] {processor.py:641} INFO - Processing file /home/nayara/Documentos/airflowalura/venv/lib/python3.9/site-packages/airflow/example_dags/example_time_delta_sensor_async.py for tasks to queue
[2022-10-27 22:52:57,709] {logging_mixin.py:115} INFO - [2022-10-27 22:52:57,709] {dagbag.py:507} INFO - Filling up the DagBag from /home/nayara/Documentos/airflowalura/venv/lib/python3.9/site-packages/airflow/example_dags/example_time_delta_sensor_async.py
[2022-10-27 22:52:57,740] {processor.py:651} INFO - DAG(s) dict_keys(['example_time_delta_sensor_async']) retrieved from /home/nayara/Documentos/airflowalura/venv/lib/python3.9/site-packages/airflow/example_dags/example_time_delta_sensor_async.py
[2022-10-27 22:52:57,782] {logging_mixin.py:115} INFO - [2022-10-27 22:52:57,782] {dag.py:2379} INFO - Sync 1 DAGs
[2022-10-27 22:52:57,807] {logging_mixin.py:115} INFO - [2022-10-27 22:52:57,807] {dag.py:2927} INFO - Setting next_dagrun for example_time_delta_sensor_async to None, run_after=None
[2022-10-27 22:52:58,042] {processor.py:161} INFO - Processing /home/nayara/Documentos/airflowalura/venv/lib/python3.9/site-packages/airflow/example_dags/example_time_delta_sensor_async.py took 0.371 seconds
[2022-10-27 22:53:41,625] {processor.py:153} INFO - Started process (PID=54380) to work on /home/nayara/Documentos/airflowalura/venv/lib/python3.9/site-packages/airflow/example_dags/example_time_delta_sensor_async.py
[2022-10-27 22:53:41,664] {processor.py:641} INFO - Processing file /home/nayara/Documentos/airflowalura/venv/lib/python3.9/site-packages/airflow/example_dags/example_time_delta_sensor_async.py for tasks to queue
[2022-10-27 22:53:41,667] {logging_mixin.py:115} INFO - [2022-10-27 22:53:41,667] {dagbag.py:507} INFO - Filling up the DagBag from /home/nayara/Documentos/airflowalura/venv/lib/python3.9/site-packages/airflow/example_dags/example_time_delta_sensor_async.py
[2022-10-27 22:53:41,699] {processor.py:651} INFO - DAG(s) dict_keys(['example_time_delta_sensor_async']) retrieved from /home/nayara/Documentos/airflowalura/venv/lib/python3.9/site-packages/airflow/example_dags/example_time_delta_sensor_async.py
[2022-10-27 22:53:41,768] {logging_mixin.py:115} INFO - [2022-10-27 22:53:41,768] {dag.py:2379} INFO - Sync 1 DAGs
[2022-10-27 22:53:41,798] {logging_mixin.py:115} INFO - [2022-10-27 22:53:41,798] {dag.py:2927} INFO - Setting next_dagrun for example_time_delta_sensor_async to None, run_after=None
[2022-10-27 22:53:42,005] {processor.py:161} INFO - Processing /home/nayara/Documentos/airflowalura/venv/lib/python3.9/site-packages/airflow/example_dags/example_time_delta_sensor_async.py took 0.395 seconds
[2022-10-27 22:54:33,391] {processor.py:153} INFO - Started process (PID=54489) to work on /home/nayara/Documentos/airflowalura/venv/lib/python3.9/site-packages/airflow/example_dags/example_time_delta_sensor_async.py
[2022-10-27 22:54:33,411] {processor.py:641} INFO - Processing file /home/nayara/Documentos/airflowalura/venv/lib/python3.9/site-packages/airflow/example_dags/example_time_delta_sensor_async.py for tasks to queue
[2022-10-27 22:54:33,413] {logging_mixin.py:115} INFO - [2022-10-27 22:54:33,413] {dagbag.py:507} INFO - Filling up the DagBag from /home/nayara/Documentos/airflowalura/venv/lib/python3.9/site-packages/airflow/example_dags/example_time_delta_sensor_async.py
[2022-10-27 22:54:33,457] {processor.py:651} INFO - DAG(s) dict_keys(['example_time_delta_sensor_async']) retrieved from /home/nayara/Documentos/airflowalura/venv/lib/python3.9/site-packages/airflow/example_dags/example_time_delta_sensor_async.py
[2022-10-27 22:54:33,497] {logging_mixin.py:115} INFO - [2022-10-27 22:54:33,496] {dag.py:2379} INFO - Sync 1 DAGs
[2022-10-27 22:54:33,518] {logging_mixin.py:115} INFO - [2022-10-27 22:54:33,518] {dag.py:2927} INFO - Setting next_dagrun for example_time_delta_sensor_async to None, run_after=None
[2022-10-27 22:54:33,828] {processor.py:161} INFO - Processing /home/nayara/Documentos/airflowalura/venv/lib/python3.9/site-packages/airflow/example_dags/example_time_delta_sensor_async.py took 0.446 seconds
[2022-10-27 22:55:24,153] {processor.py:153} INFO - Started process (PID=54587) to work on /home/nayara/Documentos/airflowalura/venv/lib/python3.9/site-packages/airflow/example_dags/example_time_delta_sensor_async.py
[2022-10-27 22:55:24,184] {processor.py:641} INFO - Processing file /home/nayara/Documentos/airflowalura/venv/lib/python3.9/site-packages/airflow/example_dags/example_time_delta_sensor_async.py for tasks to queue
[2022-10-27 22:55:24,186] {logging_mixin.py:115} INFO - [2022-10-27 22:55:24,185] {dagbag.py:507} INFO - Filling up the DagBag from /home/nayara/Documentos/airflowalura/venv/lib/python3.9/site-packages/airflow/example_dags/example_time_delta_sensor_async.py
[2022-10-27 22:55:24,197] {processor.py:651} INFO - DAG(s) dict_keys(['example_time_delta_sensor_async']) retrieved from /home/nayara/Documentos/airflowalura/venv/lib/python3.9/site-packages/airflow/example_dags/example_time_delta_sensor_async.py
[2022-10-27 22:55:24,234] {logging_mixin.py:115} INFO - [2022-10-27 22:55:24,234] {dag.py:2379} INFO - Sync 1 DAGs
[2022-10-27 22:55:24,265] {logging_mixin.py:115} INFO - [2022-10-27 22:55:24,265] {dag.py:2927} INFO - Setting next_dagrun for example_time_delta_sensor_async to None, run_after=None
[2022-10-27 22:55:24,858] {processor.py:161} INFO - Processing /home/nayara/Documentos/airflowalura/venv/lib/python3.9/site-packages/airflow/example_dags/example_time_delta_sensor_async.py took 0.711 seconds
[2022-10-27 22:56:13,693] {processor.py:153} INFO - Started process (PID=54694) to work on /home/nayara/Documentos/airflowalura/venv/lib/python3.9/site-packages/airflow/example_dags/example_time_delta_sensor_async.py
[2022-10-27 22:56:13,706] {processor.py:641} INFO - Processing file /home/nayara/Documentos/airflowalura/venv/lib/python3.9/site-packages/airflow/example_dags/example_time_delta_sensor_async.py for tasks to queue
[2022-10-27 22:56:13,707] {logging_mixin.py:115} INFO - [2022-10-27 22:56:13,707] {dagbag.py:507} INFO - Filling up the DagBag from /home/nayara/Documentos/airflowalura/venv/lib/python3.9/site-packages/airflow/example_dags/example_time_delta_sensor_async.py
[2022-10-27 22:56:13,715] {processor.py:651} INFO - DAG(s) dict_keys(['example_time_delta_sensor_async']) retrieved from /home/nayara/Documentos/airflowalura/venv/lib/python3.9/site-packages/airflow/example_dags/example_time_delta_sensor_async.py
[2022-10-27 22:56:13,742] {logging_mixin.py:115} INFO - [2022-10-27 22:56:13,742] {dag.py:2379} INFO - Sync 1 DAGs
[2022-10-27 22:56:13,764] {logging_mixin.py:115} INFO - [2022-10-27 22:56:13,763] {dag.py:2927} INFO - Setting next_dagrun for example_time_delta_sensor_async to None, run_after=None
[2022-10-27 22:56:14,214] {processor.py:161} INFO - Processing /home/nayara/Documentos/airflowalura/venv/lib/python3.9/site-packages/airflow/example_dags/example_time_delta_sensor_async.py took 0.529 seconds
[2022-10-27 22:57:00,892] {processor.py:153} INFO - Started process (PID=54820) to work on /home/nayara/Documentos/airflowalura/venv/lib/python3.9/site-packages/airflow/example_dags/example_time_delta_sensor_async.py
[2022-10-27 22:57:00,917] {processor.py:641} INFO - Processing file /home/nayara/Documentos/airflowalura/venv/lib/python3.9/site-packages/airflow/example_dags/example_time_delta_sensor_async.py for tasks to queue
[2022-10-27 22:57:00,918] {logging_mixin.py:115} INFO - [2022-10-27 22:57:00,918] {dagbag.py:507} INFO - Filling up the DagBag from /home/nayara/Documentos/airflowalura/venv/lib/python3.9/site-packages/airflow/example_dags/example_time_delta_sensor_async.py
[2022-10-27 22:57:00,936] {processor.py:651} INFO - DAG(s) dict_keys(['example_time_delta_sensor_async']) retrieved from /home/nayara/Documentos/airflowalura/venv/lib/python3.9/site-packages/airflow/example_dags/example_time_delta_sensor_async.py
[2022-10-27 22:57:00,986] {logging_mixin.py:115} INFO - [2022-10-27 22:57:00,986] {dag.py:2379} INFO - Sync 1 DAGs
[2022-10-27 22:57:01,012] {logging_mixin.py:115} INFO - [2022-10-27 22:57:01,012] {dag.py:2927} INFO - Setting next_dagrun for example_time_delta_sensor_async to None, run_after=None
[2022-10-27 22:57:01,540] {processor.py:161} INFO - Processing /home/nayara/Documentos/airflowalura/venv/lib/python3.9/site-packages/airflow/example_dags/example_time_delta_sensor_async.py took 0.658 seconds
