[2022-10-27 22:15:22,636] {processor.py:153} INFO - Started process (PID=48927) to work on /home/nayara/Documentos/airflowalura/venv/lib/python3.9/site-packages/airflow/example_dags/example_sla_dag.py
[2022-10-27 22:15:22,637] {processor.py:641} INFO - Processing file /home/nayara/Documentos/airflowalura/venv/lib/python3.9/site-packages/airflow/example_dags/example_sla_dag.py for tasks to queue
[2022-10-27 22:15:22,639] {logging_mixin.py:115} INFO - [2022-10-27 22:15:22,639] {dagbag.py:507} INFO - Filling up the DagBag from /home/nayara/Documentos/airflowalura/venv/lib/python3.9/site-packages/airflow/example_dags/example_sla_dag.py
[2022-10-27 22:15:23,110] {processor.py:651} INFO - DAG(s) dict_keys(['example_sla_dag']) retrieved from /home/nayara/Documentos/airflowalura/venv/lib/python3.9/site-packages/airflow/example_dags/example_sla_dag.py
[2022-10-27 22:15:24,523] {logging_mixin.py:115} INFO - [2022-10-27 22:15:24,522] {manager.py:508} INFO - Created Permission View: can read on DAG:example_sla_dag
[2022-10-27 22:15:25,012] {logging_mixin.py:115} INFO - [2022-10-27 22:15:25,011] {manager.py:508} INFO - Created Permission View: can delete on DAG:example_sla_dag
[2022-10-27 22:15:25,500] {logging_mixin.py:115} INFO - [2022-10-27 22:15:25,499] {manager.py:508} INFO - Created Permission View: can edit on DAG:example_sla_dag
[2022-10-27 22:15:25,501] {logging_mixin.py:115} INFO - [2022-10-27 22:15:25,501] {dag.py:2379} INFO - Sync 1 DAGs
[2022-10-27 22:15:25,534] {logging_mixin.py:115} INFO - [2022-10-27 22:15:25,533] {dag.py:2398} INFO - Creating ORM DAG for example_sla_dag
[2022-10-27 22:15:25,552] {logging_mixin.py:115} INFO - [2022-10-27 22:15:25,551] {dag.py:2927} INFO - Setting next_dagrun for example_sla_dag to 2022-10-28T01:12:00+00:00, run_after=2022-10-28T01:14:00+00:00
[2022-10-27 22:15:26,016] {processor.py:161} INFO - Processing /home/nayara/Documentos/airflowalura/venv/lib/python3.9/site-packages/airflow/example_dags/example_sla_dag.py took 3.386 seconds
[2022-10-27 22:17:43,074] {processor.py:153} INFO - Started process (PID=49238) to work on /home/nayara/Documentos/airflowalura/venv/lib/python3.9/site-packages/airflow/example_dags/example_sla_dag.py
[2022-10-27 22:17:43,087] {processor.py:641} INFO - Processing file /home/nayara/Documentos/airflowalura/venv/lib/python3.9/site-packages/airflow/example_dags/example_sla_dag.py for tasks to queue
[2022-10-27 22:17:43,089] {logging_mixin.py:115} INFO - [2022-10-27 22:17:43,088] {dagbag.py:507} INFO - Filling up the DagBag from /home/nayara/Documentos/airflowalura/venv/lib/python3.9/site-packages/airflow/example_dags/example_sla_dag.py
[2022-10-27 22:17:43,127] {processor.py:651} INFO - DAG(s) dict_keys(['example_sla_dag']) retrieved from /home/nayara/Documentos/airflowalura/venv/lib/python3.9/site-packages/airflow/example_dags/example_sla_dag.py
[2022-10-27 22:17:43,149] {logging_mixin.py:115} INFO - [2022-10-27 22:17:43,149] {dag.py:2379} INFO - Sync 1 DAGs
[2022-10-27 22:17:43,173] {logging_mixin.py:115} INFO - [2022-10-27 22:17:43,173] {dag.py:2927} INFO - Setting next_dagrun for example_sla_dag to 2022-10-28T01:14:00+00:00, run_after=2022-10-28T01:16:00+00:00
[2022-10-27 22:17:43,439] {processor.py:161} INFO - Processing /home/nayara/Documentos/airflowalura/venv/lib/python3.9/site-packages/airflow/example_dags/example_sla_dag.py took 0.370 seconds
[2022-10-27 22:18:37,033] {processor.py:153} INFO - Started process (PID=49378) to work on /home/nayara/Documentos/airflowalura/venv/lib/python3.9/site-packages/airflow/example_dags/example_sla_dag.py
[2022-10-27 22:18:37,064] {processor.py:641} INFO - Processing file /home/nayara/Documentos/airflowalura/venv/lib/python3.9/site-packages/airflow/example_dags/example_sla_dag.py for tasks to queue
[2022-10-27 22:18:37,066] {logging_mixin.py:115} INFO - [2022-10-27 22:18:37,065] {dagbag.py:507} INFO - Filling up the DagBag from /home/nayara/Documentos/airflowalura/venv/lib/python3.9/site-packages/airflow/example_dags/example_sla_dag.py
[2022-10-27 22:18:37,112] {processor.py:651} INFO - DAG(s) dict_keys(['example_sla_dag']) retrieved from /home/nayara/Documentos/airflowalura/venv/lib/python3.9/site-packages/airflow/example_dags/example_sla_dag.py
[2022-10-27 22:18:37,134] {logging_mixin.py:115} INFO - [2022-10-27 22:18:37,133] {dag.py:2379} INFO - Sync 1 DAGs
[2022-10-27 22:18:37,158] {logging_mixin.py:115} INFO - [2022-10-27 22:18:37,157] {dag.py:2927} INFO - Setting next_dagrun for example_sla_dag to 2022-10-28T01:16:00+00:00, run_after=2022-10-28T01:18:00+00:00
[2022-10-27 22:18:37,881] {processor.py:161} INFO - Processing /home/nayara/Documentos/airflowalura/venv/lib/python3.9/site-packages/airflow/example_dags/example_sla_dag.py took 0.851 seconds
[2022-10-27 22:20:12,352] {processor.py:153} INFO - Started process (PID=49805) to work on /home/nayara/Documentos/airflowalura/venv/lib/python3.9/site-packages/airflow/example_dags/example_sla_dag.py
[2022-10-27 22:20:12,462] {processor.py:641} INFO - Processing file /home/nayara/Documentos/airflowalura/venv/lib/python3.9/site-packages/airflow/example_dags/example_sla_dag.py for tasks to queue
[2022-10-27 22:20:12,464] {logging_mixin.py:115} INFO - [2022-10-27 22:20:12,464] {dagbag.py:507} INFO - Filling up the DagBag from /home/nayara/Documentos/airflowalura/venv/lib/python3.9/site-packages/airflow/example_dags/example_sla_dag.py
[2022-10-27 22:20:12,505] {processor.py:651} INFO - DAG(s) dict_keys(['example_sla_dag']) retrieved from /home/nayara/Documentos/airflowalura/venv/lib/python3.9/site-packages/airflow/example_dags/example_sla_dag.py
[2022-10-27 22:20:12,543] {logging_mixin.py:115} INFO - [2022-10-27 22:20:12,543] {dag.py:2379} INFO - Sync 1 DAGs
[2022-10-27 22:20:12,588] {logging_mixin.py:115} INFO - [2022-10-27 22:20:12,587] {dag.py:2927} INFO - Setting next_dagrun for example_sla_dag to 2022-10-28T01:18:00+00:00, run_after=2022-10-28T01:20:00+00:00
[2022-10-27 22:20:13,463] {processor.py:161} INFO - Processing /home/nayara/Documentos/airflowalura/venv/lib/python3.9/site-packages/airflow/example_dags/example_sla_dag.py took 1.120 seconds
[2022-10-27 22:21:04,246] {processor.py:153} INFO - Started process (PID=49942) to work on /home/nayara/Documentos/airflowalura/venv/lib/python3.9/site-packages/airflow/example_dags/example_sla_dag.py
[2022-10-27 22:21:04,268] {processor.py:641} INFO - Processing file /home/nayara/Documentos/airflowalura/venv/lib/python3.9/site-packages/airflow/example_dags/example_sla_dag.py for tasks to queue
[2022-10-27 22:21:04,269] {logging_mixin.py:115} INFO - [2022-10-27 22:21:04,269] {dagbag.py:507} INFO - Filling up the DagBag from /home/nayara/Documentos/airflowalura/venv/lib/python3.9/site-packages/airflow/example_dags/example_sla_dag.py
[2022-10-27 22:21:04,302] {processor.py:651} INFO - DAG(s) dict_keys(['example_sla_dag']) retrieved from /home/nayara/Documentos/airflowalura/venv/lib/python3.9/site-packages/airflow/example_dags/example_sla_dag.py
[2022-10-27 22:21:04,342] {logging_mixin.py:115} INFO - [2022-10-27 22:21:04,342] {dag.py:2379} INFO - Sync 1 DAGs
[2022-10-27 22:21:04,390] {logging_mixin.py:115} INFO - [2022-10-27 22:21:04,389] {dag.py:2927} INFO - Setting next_dagrun for example_sla_dag to 2022-10-28T01:18:00+00:00, run_after=2022-10-28T01:20:00+00:00
[2022-10-27 22:21:04,594] {processor.py:161} INFO - Processing /home/nayara/Documentos/airflowalura/venv/lib/python3.9/site-packages/airflow/example_dags/example_sla_dag.py took 0.359 seconds
[2022-10-27 22:21:59,757] {processor.py:153} INFO - Started process (PID=50081) to work on /home/nayara/Documentos/airflowalura/venv/lib/python3.9/site-packages/airflow/example_dags/example_sla_dag.py
[2022-10-27 22:21:59,764] {processor.py:641} INFO - Processing file /home/nayara/Documentos/airflowalura/venv/lib/python3.9/site-packages/airflow/example_dags/example_sla_dag.py for tasks to queue
[2022-10-27 22:21:59,768] {logging_mixin.py:115} INFO - [2022-10-27 22:21:59,767] {dagbag.py:507} INFO - Filling up the DagBag from /home/nayara/Documentos/airflowalura/venv/lib/python3.9/site-packages/airflow/example_dags/example_sla_dag.py
[2022-10-27 22:21:59,825] {processor.py:651} INFO - DAG(s) dict_keys(['example_sla_dag']) retrieved from /home/nayara/Documentos/airflowalura/venv/lib/python3.9/site-packages/airflow/example_dags/example_sla_dag.py
[2022-10-27 22:21:59,850] {logging_mixin.py:115} INFO - [2022-10-27 22:21:59,849] {dag.py:2379} INFO - Sync 1 DAGs
[2022-10-27 22:21:59,882] {logging_mixin.py:115} INFO - [2022-10-27 22:21:59,881] {dag.py:2927} INFO - Setting next_dagrun for example_sla_dag to 2022-10-28T01:18:00+00:00, run_after=2022-10-28T01:20:00+00:00
[2022-10-27 22:22:00,098] {processor.py:161} INFO - Processing /home/nayara/Documentos/airflowalura/venv/lib/python3.9/site-packages/airflow/example_dags/example_sla_dag.py took 0.359 seconds
[2022-10-27 22:22:41,004] {processor.py:153} INFO - Started process (PID=50170) to work on /home/nayara/Documentos/airflowalura/venv/lib/python3.9/site-packages/airflow/example_dags/example_sla_dag.py
[2022-10-27 22:22:41,006] {processor.py:641} INFO - Processing file /home/nayara/Documentos/airflowalura/venv/lib/python3.9/site-packages/airflow/example_dags/example_sla_dag.py for tasks to queue
[2022-10-27 22:22:41,007] {logging_mixin.py:115} INFO - [2022-10-27 22:22:41,007] {dagbag.py:507} INFO - Filling up the DagBag from /home/nayara/Documentos/airflowalura/venv/lib/python3.9/site-packages/airflow/example_dags/example_sla_dag.py
[2022-10-27 22:22:41,037] {processor.py:651} INFO - DAG(s) dict_keys(['example_sla_dag']) retrieved from /home/nayara/Documentos/airflowalura/venv/lib/python3.9/site-packages/airflow/example_dags/example_sla_dag.py
[2022-10-27 22:22:41,075] {logging_mixin.py:115} INFO - [2022-10-27 22:22:41,074] {dag.py:2379} INFO - Sync 1 DAGs
[2022-10-27 22:22:41,117] {logging_mixin.py:115} INFO - [2022-10-27 22:22:41,117] {dag.py:2927} INFO - Setting next_dagrun for example_sla_dag to 2022-10-28T01:20:00+00:00, run_after=2022-10-28T01:22:00+00:00
[2022-10-27 22:22:41,558] {processor.py:161} INFO - Processing /home/nayara/Documentos/airflowalura/venv/lib/python3.9/site-packages/airflow/example_dags/example_sla_dag.py took 0.558 seconds
[2022-10-27 22:23:24,206] {processor.py:153} INFO - Started process (PID=50251) to work on /home/nayara/Documentos/airflowalura/venv/lib/python3.9/site-packages/airflow/example_dags/example_sla_dag.py
[2022-10-27 22:23:24,209] {processor.py:641} INFO - Processing file /home/nayara/Documentos/airflowalura/venv/lib/python3.9/site-packages/airflow/example_dags/example_sla_dag.py for tasks to queue
[2022-10-27 22:23:24,210] {logging_mixin.py:115} INFO - [2022-10-27 22:23:24,210] {dagbag.py:507} INFO - Filling up the DagBag from /home/nayara/Documentos/airflowalura/venv/lib/python3.9/site-packages/airflow/example_dags/example_sla_dag.py
[2022-10-27 22:23:24,248] {processor.py:651} INFO - DAG(s) dict_keys(['example_sla_dag']) retrieved from /home/nayara/Documentos/airflowalura/venv/lib/python3.9/site-packages/airflow/example_dags/example_sla_dag.py
[2022-10-27 22:23:24,280] {logging_mixin.py:115} INFO - [2022-10-27 22:23:24,279] {dag.py:2379} INFO - Sync 1 DAGs
[2022-10-27 22:23:24,316] {logging_mixin.py:115} INFO - [2022-10-27 22:23:24,316] {dag.py:2927} INFO - Setting next_dagrun for example_sla_dag to 2022-10-28T01:20:00+00:00, run_after=2022-10-28T01:22:00+00:00
[2022-10-27 22:23:24,755] {processor.py:161} INFO - Processing /home/nayara/Documentos/airflowalura/venv/lib/python3.9/site-packages/airflow/example_dags/example_sla_dag.py took 0.556 seconds
[2022-10-27 22:24:07,523] {processor.py:153} INFO - Started process (PID=50372) to work on /home/nayara/Documentos/airflowalura/venv/lib/python3.9/site-packages/airflow/example_dags/example_sla_dag.py
[2022-10-27 22:24:07,552] {processor.py:641} INFO - Processing file /home/nayara/Documentos/airflowalura/venv/lib/python3.9/site-packages/airflow/example_dags/example_sla_dag.py for tasks to queue
[2022-10-27 22:24:07,555] {logging_mixin.py:115} INFO - [2022-10-27 22:24:07,555] {dagbag.py:507} INFO - Filling up the DagBag from /home/nayara/Documentos/airflowalura/venv/lib/python3.9/site-packages/airflow/example_dags/example_sla_dag.py
[2022-10-27 22:24:07,634] {processor.py:651} INFO - DAG(s) dict_keys(['example_sla_dag']) retrieved from /home/nayara/Documentos/airflowalura/venv/lib/python3.9/site-packages/airflow/example_dags/example_sla_dag.py
[2022-10-27 22:24:07,664] {logging_mixin.py:115} INFO - [2022-10-27 22:24:07,663] {dag.py:2379} INFO - Sync 1 DAGs
[2022-10-27 22:24:07,700] {logging_mixin.py:115} INFO - [2022-10-27 22:24:07,700] {dag.py:2927} INFO - Setting next_dagrun for example_sla_dag to 2022-10-28T01:22:00+00:00, run_after=2022-10-28T01:24:00+00:00
[2022-10-27 22:24:08,031] {processor.py:161} INFO - Processing /home/nayara/Documentos/airflowalura/venv/lib/python3.9/site-packages/airflow/example_dags/example_sla_dag.py took 0.519 seconds
[2022-10-27 22:24:56,857] {processor.py:153} INFO - Started process (PID=50483) to work on /home/nayara/Documentos/airflowalura/venv/lib/python3.9/site-packages/airflow/example_dags/example_sla_dag.py
[2022-10-27 22:24:56,887] {processor.py:641} INFO - Processing file /home/nayara/Documentos/airflowalura/venv/lib/python3.9/site-packages/airflow/example_dags/example_sla_dag.py for tasks to queue
[2022-10-27 22:24:56,889] {logging_mixin.py:115} INFO - [2022-10-27 22:24:56,888] {dagbag.py:507} INFO - Filling up the DagBag from /home/nayara/Documentos/airflowalura/venv/lib/python3.9/site-packages/airflow/example_dags/example_sla_dag.py
[2022-10-27 22:24:56,919] {processor.py:651} INFO - DAG(s) dict_keys(['example_sla_dag']) retrieved from /home/nayara/Documentos/airflowalura/venv/lib/python3.9/site-packages/airflow/example_dags/example_sla_dag.py
[2022-10-27 22:24:56,946] {logging_mixin.py:115} INFO - [2022-10-27 22:24:56,946] {dag.py:2379} INFO - Sync 1 DAGs
[2022-10-27 22:24:56,978] {logging_mixin.py:115} INFO - [2022-10-27 22:24:56,978] {dag.py:2927} INFO - Setting next_dagrun for example_sla_dag to 2022-10-28T01:22:00+00:00, run_after=2022-10-28T01:24:00+00:00
[2022-10-27 22:24:57,207] {processor.py:161} INFO - Processing /home/nayara/Documentos/airflowalura/venv/lib/python3.9/site-packages/airflow/example_dags/example_sla_dag.py took 0.359 seconds
[2022-10-27 22:25:51,729] {processor.py:153} INFO - Started process (PID=50596) to work on /home/nayara/Documentos/airflowalura/venv/lib/python3.9/site-packages/airflow/example_dags/example_sla_dag.py
[2022-10-27 22:25:51,749] {processor.py:641} INFO - Processing file /home/nayara/Documentos/airflowalura/venv/lib/python3.9/site-packages/airflow/example_dags/example_sla_dag.py for tasks to queue
[2022-10-27 22:25:51,750] {logging_mixin.py:115} INFO - [2022-10-27 22:25:51,750] {dagbag.py:507} INFO - Filling up the DagBag from /home/nayara/Documentos/airflowalura/venv/lib/python3.9/site-packages/airflow/example_dags/example_sla_dag.py
[2022-10-27 22:25:51,801] {processor.py:651} INFO - DAG(s) dict_keys(['example_sla_dag']) retrieved from /home/nayara/Documentos/airflowalura/venv/lib/python3.9/site-packages/airflow/example_dags/example_sla_dag.py
[2022-10-27 22:25:51,833] {logging_mixin.py:115} INFO - [2022-10-27 22:25:51,833] {dag.py:2379} INFO - Sync 1 DAGs
[2022-10-27 22:25:51,865] {logging_mixin.py:115} INFO - [2022-10-27 22:25:51,865] {dag.py:2927} INFO - Setting next_dagrun for example_sla_dag to 2022-10-28T01:22:00+00:00, run_after=2022-10-28T01:24:00+00:00
[2022-10-27 22:25:52,165] {processor.py:161} INFO - Processing /home/nayara/Documentos/airflowalura/venv/lib/python3.9/site-packages/airflow/example_dags/example_sla_dag.py took 0.444 seconds
[2022-10-27 22:26:44,073] {processor.py:153} INFO - Started process (PID=50699) to work on /home/nayara/Documentos/airflowalura/venv/lib/python3.9/site-packages/airflow/example_dags/example_sla_dag.py
[2022-10-27 22:26:44,141] {processor.py:641} INFO - Processing file /home/nayara/Documentos/airflowalura/venv/lib/python3.9/site-packages/airflow/example_dags/example_sla_dag.py for tasks to queue
[2022-10-27 22:26:44,142] {logging_mixin.py:115} INFO - [2022-10-27 22:26:44,142] {dagbag.py:507} INFO - Filling up the DagBag from /home/nayara/Documentos/airflowalura/venv/lib/python3.9/site-packages/airflow/example_dags/example_sla_dag.py
[2022-10-27 22:26:44,173] {processor.py:651} INFO - DAG(s) dict_keys(['example_sla_dag']) retrieved from /home/nayara/Documentos/airflowalura/venv/lib/python3.9/site-packages/airflow/example_dags/example_sla_dag.py
[2022-10-27 22:26:44,204] {logging_mixin.py:115} INFO - [2022-10-27 22:26:44,204] {dag.py:2379} INFO - Sync 1 DAGs
[2022-10-27 22:26:44,238] {logging_mixin.py:115} INFO - [2022-10-27 22:26:44,238] {dag.py:2927} INFO - Setting next_dagrun for example_sla_dag to 2022-10-28T01:24:00+00:00, run_after=2022-10-28T01:26:00+00:00
[2022-10-27 22:26:44,636] {processor.py:161} INFO - Processing /home/nayara/Documentos/airflowalura/venv/lib/python3.9/site-packages/airflow/example_dags/example_sla_dag.py took 0.568 seconds
[2022-10-27 22:27:27,920] {processor.py:153} INFO - Started process (PID=50817) to work on /home/nayara/Documentos/airflowalura/venv/lib/python3.9/site-packages/airflow/example_dags/example_sla_dag.py
[2022-10-27 22:27:27,931] {processor.py:641} INFO - Processing file /home/nayara/Documentos/airflowalura/venv/lib/python3.9/site-packages/airflow/example_dags/example_sla_dag.py for tasks to queue
[2022-10-27 22:27:27,933] {logging_mixin.py:115} INFO - [2022-10-27 22:27:27,933] {dagbag.py:507} INFO - Filling up the DagBag from /home/nayara/Documentos/airflowalura/venv/lib/python3.9/site-packages/airflow/example_dags/example_sla_dag.py
[2022-10-27 22:27:27,984] {processor.py:651} INFO - DAG(s) dict_keys(['example_sla_dag']) retrieved from /home/nayara/Documentos/airflowalura/venv/lib/python3.9/site-packages/airflow/example_dags/example_sla_dag.py
[2022-10-27 22:27:28,017] {logging_mixin.py:115} INFO - [2022-10-27 22:27:28,017] {dag.py:2379} INFO - Sync 1 DAGs
[2022-10-27 22:27:28,060] {logging_mixin.py:115} INFO - [2022-10-27 22:27:28,060] {dag.py:2927} INFO - Setting next_dagrun for example_sla_dag to 2022-10-28T01:24:00+00:00, run_after=2022-10-28T01:26:00+00:00
[2022-10-27 22:27:28,267] {processor.py:161} INFO - Processing /home/nayara/Documentos/airflowalura/venv/lib/python3.9/site-packages/airflow/example_dags/example_sla_dag.py took 0.357 seconds
[2022-10-27 22:28:16,084] {processor.py:153} INFO - Started process (PID=50987) to work on /home/nayara/Documentos/airflowalura/venv/lib/python3.9/site-packages/airflow/example_dags/example_sla_dag.py
[2022-10-27 22:28:16,110] {processor.py:641} INFO - Processing file /home/nayara/Documentos/airflowalura/venv/lib/python3.9/site-packages/airflow/example_dags/example_sla_dag.py for tasks to queue
[2022-10-27 22:28:16,116] {logging_mixin.py:115} INFO - [2022-10-27 22:28:16,115] {dagbag.py:507} INFO - Filling up the DagBag from /home/nayara/Documentos/airflowalura/venv/lib/python3.9/site-packages/airflow/example_dags/example_sla_dag.py
[2022-10-27 22:28:16,195] {processor.py:651} INFO - DAG(s) dict_keys(['example_sla_dag']) retrieved from /home/nayara/Documentos/airflowalura/venv/lib/python3.9/site-packages/airflow/example_dags/example_sla_dag.py
[2022-10-27 22:28:16,226] {logging_mixin.py:115} INFO - [2022-10-27 22:28:16,226] {dag.py:2379} INFO - Sync 1 DAGs
[2022-10-27 22:28:16,269] {logging_mixin.py:115} INFO - [2022-10-27 22:28:16,269] {dag.py:2927} INFO - Setting next_dagrun for example_sla_dag to 2022-10-28T01:26:00+00:00, run_after=2022-10-28T01:28:00+00:00
[2022-10-27 22:28:16,621] {processor.py:161} INFO - Processing /home/nayara/Documentos/airflowalura/venv/lib/python3.9/site-packages/airflow/example_dags/example_sla_dag.py took 0.555 seconds
[2022-10-27 22:29:09,071] {processor.py:153} INFO - Started process (PID=51108) to work on /home/nayara/Documentos/airflowalura/venv/lib/python3.9/site-packages/airflow/example_dags/example_sla_dag.py
[2022-10-27 22:29:09,112] {processor.py:641} INFO - Processing file /home/nayara/Documentos/airflowalura/venv/lib/python3.9/site-packages/airflow/example_dags/example_sla_dag.py for tasks to queue
[2022-10-27 22:29:09,115] {logging_mixin.py:115} INFO - [2022-10-27 22:29:09,115] {dagbag.py:507} INFO - Filling up the DagBag from /home/nayara/Documentos/airflowalura/venv/lib/python3.9/site-packages/airflow/example_dags/example_sla_dag.py
[2022-10-27 22:29:09,214] {processor.py:651} INFO - DAG(s) dict_keys(['example_sla_dag']) retrieved from /home/nayara/Documentos/airflowalura/venv/lib/python3.9/site-packages/airflow/example_dags/example_sla_dag.py
[2022-10-27 22:29:09,235] {logging_mixin.py:115} INFO - [2022-10-27 22:29:09,235] {dag.py:2379} INFO - Sync 1 DAGs
[2022-10-27 22:29:09,269] {logging_mixin.py:115} INFO - [2022-10-27 22:29:09,269] {dag.py:2927} INFO - Setting next_dagrun for example_sla_dag to 2022-10-28T01:26:00+00:00, run_after=2022-10-28T01:28:00+00:00
[2022-10-27 22:29:09,608] {processor.py:161} INFO - Processing /home/nayara/Documentos/airflowalura/venv/lib/python3.9/site-packages/airflow/example_dags/example_sla_dag.py took 0.544 seconds
[2022-10-27 22:29:55,069] {processor.py:153} INFO - Started process (PID=51198) to work on /home/nayara/Documentos/airflowalura/venv/lib/python3.9/site-packages/airflow/example_dags/example_sla_dag.py
[2022-10-27 22:29:55,082] {processor.py:641} INFO - Processing file /home/nayara/Documentos/airflowalura/venv/lib/python3.9/site-packages/airflow/example_dags/example_sla_dag.py for tasks to queue
[2022-10-27 22:29:55,083] {logging_mixin.py:115} INFO - [2022-10-27 22:29:55,083] {dagbag.py:507} INFO - Filling up the DagBag from /home/nayara/Documentos/airflowalura/venv/lib/python3.9/site-packages/airflow/example_dags/example_sla_dag.py
[2022-10-27 22:29:55,112] {processor.py:651} INFO - DAG(s) dict_keys(['example_sla_dag']) retrieved from /home/nayara/Documentos/airflowalura/venv/lib/python3.9/site-packages/airflow/example_dags/example_sla_dag.py
[2022-10-27 22:29:55,130] {logging_mixin.py:115} INFO - [2022-10-27 22:29:55,130] {dag.py:2379} INFO - Sync 1 DAGs
[2022-10-27 22:29:55,156] {logging_mixin.py:115} INFO - [2022-10-27 22:29:55,156] {dag.py:2927} INFO - Setting next_dagrun for example_sla_dag to 2022-10-28T01:26:00+00:00, run_after=2022-10-28T01:28:00+00:00
[2022-10-27 22:29:55,380] {processor.py:161} INFO - Processing /home/nayara/Documentos/airflowalura/venv/lib/python3.9/site-packages/airflow/example_dags/example_sla_dag.py took 0.321 seconds
[2022-10-27 22:30:35,645] {processor.py:153} INFO - Started process (PID=51273) to work on /home/nayara/Documentos/airflowalura/venv/lib/python3.9/site-packages/airflow/example_dags/example_sla_dag.py
[2022-10-27 22:30:35,672] {processor.py:641} INFO - Processing file /home/nayara/Documentos/airflowalura/venv/lib/python3.9/site-packages/airflow/example_dags/example_sla_dag.py for tasks to queue
[2022-10-27 22:30:35,673] {logging_mixin.py:115} INFO - [2022-10-27 22:30:35,673] {dagbag.py:507} INFO - Filling up the DagBag from /home/nayara/Documentos/airflowalura/venv/lib/python3.9/site-packages/airflow/example_dags/example_sla_dag.py
[2022-10-27 22:30:35,712] {processor.py:651} INFO - DAG(s) dict_keys(['example_sla_dag']) retrieved from /home/nayara/Documentos/airflowalura/venv/lib/python3.9/site-packages/airflow/example_dags/example_sla_dag.py
[2022-10-27 22:30:35,730] {logging_mixin.py:115} INFO - [2022-10-27 22:30:35,730] {dag.py:2379} INFO - Sync 1 DAGs
[2022-10-27 22:30:35,755] {logging_mixin.py:115} INFO - [2022-10-27 22:30:35,754] {dag.py:2927} INFO - Setting next_dagrun for example_sla_dag to 2022-10-28T01:28:00+00:00, run_after=2022-10-28T01:30:00+00:00
[2022-10-27 22:30:36,029] {processor.py:161} INFO - Processing /home/nayara/Documentos/airflowalura/venv/lib/python3.9/site-packages/airflow/example_dags/example_sla_dag.py took 0.397 seconds
[2022-10-27 22:31:18,892] {processor.py:153} INFO - Started process (PID=51340) to work on /home/nayara/Documentos/airflowalura/venv/lib/python3.9/site-packages/airflow/example_dags/example_sla_dag.py
[2022-10-27 22:31:18,912] {processor.py:641} INFO - Processing file /home/nayara/Documentos/airflowalura/venv/lib/python3.9/site-packages/airflow/example_dags/example_sla_dag.py for tasks to queue
[2022-10-27 22:31:18,913] {logging_mixin.py:115} INFO - [2022-10-27 22:31:18,913] {dagbag.py:507} INFO - Filling up the DagBag from /home/nayara/Documentos/airflowalura/venv/lib/python3.9/site-packages/airflow/example_dags/example_sla_dag.py
[2022-10-27 22:31:18,945] {processor.py:651} INFO - DAG(s) dict_keys(['example_sla_dag']) retrieved from /home/nayara/Documentos/airflowalura/venv/lib/python3.9/site-packages/airflow/example_dags/example_sla_dag.py
[2022-10-27 22:31:18,967] {logging_mixin.py:115} INFO - [2022-10-27 22:31:18,966] {dag.py:2379} INFO - Sync 1 DAGs
[2022-10-27 22:31:18,999] {logging_mixin.py:115} INFO - [2022-10-27 22:31:18,999] {dag.py:2927} INFO - Setting next_dagrun for example_sla_dag to 2022-10-28T01:28:00+00:00, run_after=2022-10-28T01:30:00+00:00
[2022-10-27 22:31:19,438] {processor.py:161} INFO - Processing /home/nayara/Documentos/airflowalura/venv/lib/python3.9/site-packages/airflow/example_dags/example_sla_dag.py took 0.551 seconds
[2022-10-27 22:32:40,327] {processor.py:153} INFO - Started process (PID=51538) to work on /home/nayara/Documentos/airflowalura/venv/lib/python3.9/site-packages/airflow/example_dags/example_sla_dag.py
[2022-10-27 22:32:40,339] {processor.py:641} INFO - Processing file /home/nayara/Documentos/airflowalura/venv/lib/python3.9/site-packages/airflow/example_dags/example_sla_dag.py for tasks to queue
[2022-10-27 22:32:40,342] {logging_mixin.py:115} INFO - [2022-10-27 22:32:40,341] {dagbag.py:507} INFO - Filling up the DagBag from /home/nayara/Documentos/airflowalura/venv/lib/python3.9/site-packages/airflow/example_dags/example_sla_dag.py
[2022-10-27 22:32:40,404] {processor.py:651} INFO - DAG(s) dict_keys(['example_sla_dag']) retrieved from /home/nayara/Documentos/airflowalura/venv/lib/python3.9/site-packages/airflow/example_dags/example_sla_dag.py
[2022-10-27 22:32:40,423] {logging_mixin.py:115} INFO - [2022-10-27 22:32:40,423] {dag.py:2379} INFO - Sync 1 DAGs
[2022-10-27 22:32:40,453] {logging_mixin.py:115} INFO - [2022-10-27 22:32:40,453] {dag.py:2927} INFO - Setting next_dagrun for example_sla_dag to 2022-10-28T01:30:00+00:00, run_after=2022-10-28T01:32:00+00:00
[2022-10-27 22:32:40,741] {processor.py:161} INFO - Processing /home/nayara/Documentos/airflowalura/venv/lib/python3.9/site-packages/airflow/example_dags/example_sla_dag.py took 0.435 seconds
[2022-10-27 22:33:31,771] {processor.py:153} INFO - Started process (PID=51657) to work on /home/nayara/Documentos/airflowalura/venv/lib/python3.9/site-packages/airflow/example_dags/example_sla_dag.py
[2022-10-27 22:33:31,788] {processor.py:641} INFO - Processing file /home/nayara/Documentos/airflowalura/venv/lib/python3.9/site-packages/airflow/example_dags/example_sla_dag.py for tasks to queue
[2022-10-27 22:33:31,790] {logging_mixin.py:115} INFO - [2022-10-27 22:33:31,789] {dagbag.py:507} INFO - Filling up the DagBag from /home/nayara/Documentos/airflowalura/venv/lib/python3.9/site-packages/airflow/example_dags/example_sla_dag.py
[2022-10-27 22:33:31,857] {processor.py:651} INFO - DAG(s) dict_keys(['example_sla_dag']) retrieved from /home/nayara/Documentos/airflowalura/venv/lib/python3.9/site-packages/airflow/example_dags/example_sla_dag.py
[2022-10-27 22:33:31,902] {logging_mixin.py:115} INFO - [2022-10-27 22:33:31,902] {dag.py:2379} INFO - Sync 1 DAGs
[2022-10-27 22:33:31,938] {logging_mixin.py:115} INFO - [2022-10-27 22:33:31,938] {dag.py:2927} INFO - Setting next_dagrun for example_sla_dag to 2022-10-28T01:30:00+00:00, run_after=2022-10-28T01:32:00+00:00
[2022-10-27 22:33:32,313] {processor.py:161} INFO - Processing /home/nayara/Documentos/airflowalura/venv/lib/python3.9/site-packages/airflow/example_dags/example_sla_dag.py took 0.552 seconds
[2022-10-27 22:34:15,875] {processor.py:153} INFO - Started process (PID=51742) to work on /home/nayara/Documentos/airflowalura/venv/lib/python3.9/site-packages/airflow/example_dags/example_sla_dag.py
[2022-10-27 22:34:15,895] {processor.py:641} INFO - Processing file /home/nayara/Documentos/airflowalura/venv/lib/python3.9/site-packages/airflow/example_dags/example_sla_dag.py for tasks to queue
[2022-10-27 22:34:15,898] {logging_mixin.py:115} INFO - [2022-10-27 22:34:15,898] {dagbag.py:507} INFO - Filling up the DagBag from /home/nayara/Documentos/airflowalura/venv/lib/python3.9/site-packages/airflow/example_dags/example_sla_dag.py
[2022-10-27 22:34:15,932] {processor.py:651} INFO - DAG(s) dict_keys(['example_sla_dag']) retrieved from /home/nayara/Documentos/airflowalura/venv/lib/python3.9/site-packages/airflow/example_dags/example_sla_dag.py
[2022-10-27 22:34:15,952] {logging_mixin.py:115} INFO - [2022-10-27 22:34:15,952] {dag.py:2379} INFO - Sync 1 DAGs
[2022-10-27 22:34:15,979] {logging_mixin.py:115} INFO - [2022-10-27 22:34:15,979] {dag.py:2927} INFO - Setting next_dagrun for example_sla_dag to 2022-10-28T01:32:00+00:00, run_after=2022-10-28T01:34:00+00:00
[2022-10-27 22:34:16,296] {processor.py:161} INFO - Processing /home/nayara/Documentos/airflowalura/venv/lib/python3.9/site-packages/airflow/example_dags/example_sla_dag.py took 0.427 seconds
[2022-10-27 22:34:57,971] {processor.py:153} INFO - Started process (PID=51805) to work on /home/nayara/Documentos/airflowalura/venv/lib/python3.9/site-packages/airflow/example_dags/example_sla_dag.py
[2022-10-27 22:34:57,991] {processor.py:641} INFO - Processing file /home/nayara/Documentos/airflowalura/venv/lib/python3.9/site-packages/airflow/example_dags/example_sla_dag.py for tasks to queue
[2022-10-27 22:34:57,993] {logging_mixin.py:115} INFO - [2022-10-27 22:34:57,993] {dagbag.py:507} INFO - Filling up the DagBag from /home/nayara/Documentos/airflowalura/venv/lib/python3.9/site-packages/airflow/example_dags/example_sla_dag.py
[2022-10-27 22:34:58,028] {processor.py:651} INFO - DAG(s) dict_keys(['example_sla_dag']) retrieved from /home/nayara/Documentos/airflowalura/venv/lib/python3.9/site-packages/airflow/example_dags/example_sla_dag.py
[2022-10-27 22:34:58,046] {logging_mixin.py:115} INFO - [2022-10-27 22:34:58,045] {dag.py:2379} INFO - Sync 1 DAGs
[2022-10-27 22:34:58,070] {logging_mixin.py:115} INFO - [2022-10-27 22:34:58,070] {dag.py:2927} INFO - Setting next_dagrun for example_sla_dag to 2022-10-28T01:32:00+00:00, run_after=2022-10-28T01:34:00+00:00
[2022-10-27 22:34:58,259] {processor.py:161} INFO - Processing /home/nayara/Documentos/airflowalura/venv/lib/python3.9/site-packages/airflow/example_dags/example_sla_dag.py took 0.302 seconds
[2022-10-27 22:35:54,421] {processor.py:153} INFO - Started process (PID=51890) to work on /home/nayara/Documentos/airflowalura/venv/lib/python3.9/site-packages/airflow/example_dags/example_sla_dag.py
[2022-10-27 22:35:54,438] {processor.py:641} INFO - Processing file /home/nayara/Documentos/airflowalura/venv/lib/python3.9/site-packages/airflow/example_dags/example_sla_dag.py for tasks to queue
[2022-10-27 22:35:54,439] {logging_mixin.py:115} INFO - [2022-10-27 22:35:54,439] {dagbag.py:507} INFO - Filling up the DagBag from /home/nayara/Documentos/airflowalura/venv/lib/python3.9/site-packages/airflow/example_dags/example_sla_dag.py
[2022-10-27 22:35:54,475] {processor.py:651} INFO - DAG(s) dict_keys(['example_sla_dag']) retrieved from /home/nayara/Documentos/airflowalura/venv/lib/python3.9/site-packages/airflow/example_dags/example_sla_dag.py
[2022-10-27 22:35:54,493] {logging_mixin.py:115} INFO - [2022-10-27 22:35:54,493] {dag.py:2379} INFO - Sync 1 DAGs
[2022-10-27 22:35:54,518] {logging_mixin.py:115} INFO - [2022-10-27 22:35:54,518] {dag.py:2927} INFO - Setting next_dagrun for example_sla_dag to 2022-10-28T01:32:00+00:00, run_after=2022-10-28T01:34:00+00:00
[2022-10-27 22:35:54,748] {processor.py:161} INFO - Processing /home/nayara/Documentos/airflowalura/venv/lib/python3.9/site-packages/airflow/example_dags/example_sla_dag.py took 0.339 seconds
[2022-10-27 22:36:38,733] {processor.py:153} INFO - Started process (PID=52020) to work on /home/nayara/Documentos/airflowalura/venv/lib/python3.9/site-packages/airflow/example_dags/example_sla_dag.py
[2022-10-27 22:36:38,757] {processor.py:641} INFO - Processing file /home/nayara/Documentos/airflowalura/venv/lib/python3.9/site-packages/airflow/example_dags/example_sla_dag.py for tasks to queue
[2022-10-27 22:36:38,759] {logging_mixin.py:115} INFO - [2022-10-27 22:36:38,759] {dagbag.py:507} INFO - Filling up the DagBag from /home/nayara/Documentos/airflowalura/venv/lib/python3.9/site-packages/airflow/example_dags/example_sla_dag.py
[2022-10-27 22:36:38,814] {processor.py:651} INFO - DAG(s) dict_keys(['example_sla_dag']) retrieved from /home/nayara/Documentos/airflowalura/venv/lib/python3.9/site-packages/airflow/example_dags/example_sla_dag.py
[2022-10-27 22:36:38,835] {logging_mixin.py:115} INFO - [2022-10-27 22:36:38,835] {dag.py:2379} INFO - Sync 1 DAGs
[2022-10-27 22:36:38,864] {logging_mixin.py:115} INFO - [2022-10-27 22:36:38,863] {dag.py:2927} INFO - Setting next_dagrun for example_sla_dag to 2022-10-28T01:34:00+00:00, run_after=2022-10-28T01:36:00+00:00
[2022-10-27 22:36:39,539] {processor.py:161} INFO - Processing /home/nayara/Documentos/airflowalura/venv/lib/python3.9/site-packages/airflow/example_dags/example_sla_dag.py took 0.821 seconds
[2022-10-27 22:37:42,363] {processor.py:153} INFO - Started process (PID=52343) to work on /home/nayara/Documentos/airflowalura/venv/lib/python3.9/site-packages/airflow/example_dags/example_sla_dag.py
[2022-10-27 22:37:42,411] {processor.py:641} INFO - Processing file /home/nayara/Documentos/airflowalura/venv/lib/python3.9/site-packages/airflow/example_dags/example_sla_dag.py for tasks to queue
[2022-10-27 22:37:42,412] {logging_mixin.py:115} INFO - [2022-10-27 22:37:42,412] {dagbag.py:507} INFO - Filling up the DagBag from /home/nayara/Documentos/airflowalura/venv/lib/python3.9/site-packages/airflow/example_dags/example_sla_dag.py
[2022-10-27 22:37:42,741] {processor.py:651} INFO - DAG(s) dict_keys(['example_sla_dag']) retrieved from /home/nayara/Documentos/airflowalura/venv/lib/python3.9/site-packages/airflow/example_dags/example_sla_dag.py
[2022-10-27 22:37:42,792] {logging_mixin.py:115} INFO - [2022-10-27 22:37:42,792] {dag.py:2379} INFO - Sync 1 DAGs
[2022-10-27 22:37:42,864] {logging_mixin.py:115} INFO - [2022-10-27 22:37:42,864] {dag.py:2927} INFO - Setting next_dagrun for example_sla_dag to 2022-10-28T01:34:00+00:00, run_after=2022-10-28T01:36:00+00:00
[2022-10-27 22:37:44,340] {processor.py:161} INFO - Processing /home/nayara/Documentos/airflowalura/venv/lib/python3.9/site-packages/airflow/example_dags/example_sla_dag.py took 1.981 seconds
[2022-10-27 22:38:47,083] {processor.py:153} INFO - Started process (PID=52523) to work on /home/nayara/Documentos/airflowalura/venv/lib/python3.9/site-packages/airflow/example_dags/example_sla_dag.py
[2022-10-27 22:38:47,104] {processor.py:641} INFO - Processing file /home/nayara/Documentos/airflowalura/venv/lib/python3.9/site-packages/airflow/example_dags/example_sla_dag.py for tasks to queue
[2022-10-27 22:38:47,106] {logging_mixin.py:115} INFO - [2022-10-27 22:38:47,105] {dagbag.py:507} INFO - Filling up the DagBag from /home/nayara/Documentos/airflowalura/venv/lib/python3.9/site-packages/airflow/example_dags/example_sla_dag.py
[2022-10-27 22:38:47,179] {processor.py:651} INFO - DAG(s) dict_keys(['example_sla_dag']) retrieved from /home/nayara/Documentos/airflowalura/venv/lib/python3.9/site-packages/airflow/example_dags/example_sla_dag.py
[2022-10-27 22:38:47,207] {logging_mixin.py:115} INFO - [2022-10-27 22:38:47,207] {dag.py:2379} INFO - Sync 1 DAGs
[2022-10-27 22:38:47,253] {logging_mixin.py:115} INFO - [2022-10-27 22:38:47,253] {dag.py:2927} INFO - Setting next_dagrun for example_sla_dag to 2022-10-28T01:36:00+00:00, run_after=2022-10-28T01:38:00+00:00
[2022-10-27 22:38:47,590] {processor.py:161} INFO - Processing /home/nayara/Documentos/airflowalura/venv/lib/python3.9/site-packages/airflow/example_dags/example_sla_dag.py took 0.521 seconds
[2022-10-27 22:39:39,042] {processor.py:153} INFO - Started process (PID=52628) to work on /home/nayara/Documentos/airflowalura/venv/lib/python3.9/site-packages/airflow/example_dags/example_sla_dag.py
[2022-10-27 22:39:39,045] {processor.py:641} INFO - Processing file /home/nayara/Documentos/airflowalura/venv/lib/python3.9/site-packages/airflow/example_dags/example_sla_dag.py for tasks to queue
[2022-10-27 22:39:39,049] {logging_mixin.py:115} INFO - [2022-10-27 22:39:39,048] {dagbag.py:507} INFO - Filling up the DagBag from /home/nayara/Documentos/airflowalura/venv/lib/python3.9/site-packages/airflow/example_dags/example_sla_dag.py
[2022-10-27 22:39:39,110] {processor.py:651} INFO - DAG(s) dict_keys(['example_sla_dag']) retrieved from /home/nayara/Documentos/airflowalura/venv/lib/python3.9/site-packages/airflow/example_dags/example_sla_dag.py
[2022-10-27 22:39:39,135] {logging_mixin.py:115} INFO - [2022-10-27 22:39:39,135] {dag.py:2379} INFO - Sync 1 DAGs
[2022-10-27 22:39:39,166] {logging_mixin.py:115} INFO - [2022-10-27 22:39:39,166] {dag.py:2927} INFO - Setting next_dagrun for example_sla_dag to 2022-10-28T01:36:00+00:00, run_after=2022-10-28T01:38:00+00:00
[2022-10-27 22:39:39,439] {processor.py:161} INFO - Processing /home/nayara/Documentos/airflowalura/venv/lib/python3.9/site-packages/airflow/example_dags/example_sla_dag.py took 0.414 seconds
[2022-10-27 22:41:11,902] {processor.py:153} INFO - Started process (PID=52798) to work on /home/nayara/Documentos/airflowalura/venv/lib/python3.9/site-packages/airflow/example_dags/example_sla_dag.py
[2022-10-27 22:41:12,032] {processor.py:641} INFO - Processing file /home/nayara/Documentos/airflowalura/venv/lib/python3.9/site-packages/airflow/example_dags/example_sla_dag.py for tasks to queue
[2022-10-27 22:41:12,035] {logging_mixin.py:115} INFO - [2022-10-27 22:41:12,035] {dagbag.py:507} INFO - Filling up the DagBag from /home/nayara/Documentos/airflowalura/venv/lib/python3.9/site-packages/airflow/example_dags/example_sla_dag.py
[2022-10-27 22:41:12,132] {processor.py:651} INFO - DAG(s) dict_keys(['example_sla_dag']) retrieved from /home/nayara/Documentos/airflowalura/venv/lib/python3.9/site-packages/airflow/example_dags/example_sla_dag.py
[2022-10-27 22:41:12,155] {logging_mixin.py:115} INFO - [2022-10-27 22:41:12,155] {dag.py:2379} INFO - Sync 1 DAGs
[2022-10-27 22:41:12,187] {logging_mixin.py:115} INFO - [2022-10-27 22:41:12,186] {dag.py:2927} INFO - Setting next_dagrun for example_sla_dag to 2022-10-28T01:38:00+00:00, run_after=2022-10-28T01:40:00+00:00
[2022-10-27 22:41:12,538] {processor.py:161} INFO - Processing /home/nayara/Documentos/airflowalura/venv/lib/python3.9/site-packages/airflow/example_dags/example_sla_dag.py took 0.657 seconds
[2022-10-27 22:42:03,806] {processor.py:153} INFO - Started process (PID=52930) to work on /home/nayara/Documentos/airflowalura/venv/lib/python3.9/site-packages/airflow/example_dags/example_sla_dag.py
[2022-10-27 22:42:03,822] {processor.py:641} INFO - Processing file /home/nayara/Documentos/airflowalura/venv/lib/python3.9/site-packages/airflow/example_dags/example_sla_dag.py for tasks to queue
[2022-10-27 22:42:03,823] {logging_mixin.py:115} INFO - [2022-10-27 22:42:03,823] {dagbag.py:507} INFO - Filling up the DagBag from /home/nayara/Documentos/airflowalura/venv/lib/python3.9/site-packages/airflow/example_dags/example_sla_dag.py
[2022-10-27 22:42:03,849] {processor.py:651} INFO - DAG(s) dict_keys(['example_sla_dag']) retrieved from /home/nayara/Documentos/airflowalura/venv/lib/python3.9/site-packages/airflow/example_dags/example_sla_dag.py
[2022-10-27 22:42:03,868] {logging_mixin.py:115} INFO - [2022-10-27 22:42:03,867] {dag.py:2379} INFO - Sync 1 DAGs
[2022-10-27 22:42:03,892] {logging_mixin.py:115} INFO - [2022-10-27 22:42:03,892] {dag.py:2927} INFO - Setting next_dagrun for example_sla_dag to 2022-10-28T01:40:00+00:00, run_after=2022-10-28T01:42:00+00:00
[2022-10-27 22:42:04,168] {processor.py:161} INFO - Processing /home/nayara/Documentos/airflowalura/venv/lib/python3.9/site-packages/airflow/example_dags/example_sla_dag.py took 0.368 seconds
[2022-10-27 22:42:44,151] {processor.py:153} INFO - Started process (PID=52997) to work on /home/nayara/Documentos/airflowalura/venv/lib/python3.9/site-packages/airflow/example_dags/example_sla_dag.py
[2022-10-27 22:42:44,162] {processor.py:641} INFO - Processing file /home/nayara/Documentos/airflowalura/venv/lib/python3.9/site-packages/airflow/example_dags/example_sla_dag.py for tasks to queue
[2022-10-27 22:42:44,163] {logging_mixin.py:115} INFO - [2022-10-27 22:42:44,163] {dagbag.py:507} INFO - Filling up the DagBag from /home/nayara/Documentos/airflowalura/venv/lib/python3.9/site-packages/airflow/example_dags/example_sla_dag.py
[2022-10-27 22:42:44,192] {processor.py:651} INFO - DAG(s) dict_keys(['example_sla_dag']) retrieved from /home/nayara/Documentos/airflowalura/venv/lib/python3.9/site-packages/airflow/example_dags/example_sla_dag.py
[2022-10-27 22:42:44,210] {logging_mixin.py:115} INFO - [2022-10-27 22:42:44,210] {dag.py:2379} INFO - Sync 1 DAGs
[2022-10-27 22:42:44,235] {logging_mixin.py:115} INFO - [2022-10-27 22:42:44,235] {dag.py:2927} INFO - Setting next_dagrun for example_sla_dag to 2022-10-28T01:40:00+00:00, run_after=2022-10-28T01:42:00+00:00
[2022-10-27 22:42:44,441] {processor.py:161} INFO - Processing /home/nayara/Documentos/airflowalura/venv/lib/python3.9/site-packages/airflow/example_dags/example_sla_dag.py took 0.298 seconds
[2022-10-27 22:43:39,064] {processor.py:153} INFO - Started process (PID=53114) to work on /home/nayara/Documentos/airflowalura/venv/lib/python3.9/site-packages/airflow/example_dags/example_sla_dag.py
[2022-10-27 22:43:39,086] {processor.py:641} INFO - Processing file /home/nayara/Documentos/airflowalura/venv/lib/python3.9/site-packages/airflow/example_dags/example_sla_dag.py for tasks to queue
[2022-10-27 22:43:39,091] {logging_mixin.py:115} INFO - [2022-10-27 22:43:39,090] {dagbag.py:507} INFO - Filling up the DagBag from /home/nayara/Documentos/airflowalura/venv/lib/python3.9/site-packages/airflow/example_dags/example_sla_dag.py
[2022-10-27 22:43:39,168] {processor.py:651} INFO - DAG(s) dict_keys(['example_sla_dag']) retrieved from /home/nayara/Documentos/airflowalura/venv/lib/python3.9/site-packages/airflow/example_dags/example_sla_dag.py
[2022-10-27 22:43:39,189] {logging_mixin.py:115} INFO - [2022-10-27 22:43:39,189] {dag.py:2379} INFO - Sync 1 DAGs
[2022-10-27 22:43:39,220] {logging_mixin.py:115} INFO - [2022-10-27 22:43:39,220] {dag.py:2927} INFO - Setting next_dagrun for example_sla_dag to 2022-10-28T01:40:00+00:00, run_after=2022-10-28T01:42:00+00:00
[2022-10-27 22:43:39,455] {processor.py:161} INFO - Processing /home/nayara/Documentos/airflowalura/venv/lib/python3.9/site-packages/airflow/example_dags/example_sla_dag.py took 0.410 seconds
[2022-10-27 22:44:43,368] {processor.py:153} INFO - Started process (PID=53302) to work on /home/nayara/Documentos/airflowalura/venv/lib/python3.9/site-packages/airflow/example_dags/example_sla_dag.py
[2022-10-27 22:44:43,471] {processor.py:641} INFO - Processing file /home/nayara/Documentos/airflowalura/venv/lib/python3.9/site-packages/airflow/example_dags/example_sla_dag.py for tasks to queue
[2022-10-27 22:44:43,475] {logging_mixin.py:115} INFO - [2022-10-27 22:44:43,474] {dagbag.py:507} INFO - Filling up the DagBag from /home/nayara/Documentos/airflowalura/venv/lib/python3.9/site-packages/airflow/example_dags/example_sla_dag.py
[2022-10-27 22:44:43,650] {processor.py:651} INFO - DAG(s) dict_keys(['example_sla_dag']) retrieved from /home/nayara/Documentos/airflowalura/venv/lib/python3.9/site-packages/airflow/example_dags/example_sla_dag.py
[2022-10-27 22:44:43,731] {logging_mixin.py:115} INFO - [2022-10-27 22:44:43,730] {dag.py:2379} INFO - Sync 1 DAGs
[2022-10-27 22:44:43,899] {logging_mixin.py:115} INFO - [2022-10-27 22:44:43,899] {dag.py:2927} INFO - Setting next_dagrun for example_sla_dag to 2022-10-28T01:42:00+00:00, run_after=2022-10-28T01:44:00+00:00
[2022-10-27 22:44:44,291] {processor.py:161} INFO - Processing /home/nayara/Documentos/airflowalura/venv/lib/python3.9/site-packages/airflow/example_dags/example_sla_dag.py took 0.933 seconds
[2022-10-27 22:45:49,512] {processor.py:153} INFO - Started process (PID=53426) to work on /home/nayara/Documentos/airflowalura/venv/lib/python3.9/site-packages/airflow/example_dags/example_sla_dag.py
[2022-10-27 22:45:49,547] {processor.py:641} INFO - Processing file /home/nayara/Documentos/airflowalura/venv/lib/python3.9/site-packages/airflow/example_dags/example_sla_dag.py for tasks to queue
[2022-10-27 22:45:49,550] {logging_mixin.py:115} INFO - [2022-10-27 22:45:49,550] {dagbag.py:507} INFO - Filling up the DagBag from /home/nayara/Documentos/airflowalura/venv/lib/python3.9/site-packages/airflow/example_dags/example_sla_dag.py
[2022-10-27 22:45:49,613] {processor.py:651} INFO - DAG(s) dict_keys(['example_sla_dag']) retrieved from /home/nayara/Documentos/airflowalura/venv/lib/python3.9/site-packages/airflow/example_dags/example_sla_dag.py
[2022-10-27 22:45:49,639] {logging_mixin.py:115} INFO - [2022-10-27 22:45:49,639] {dag.py:2379} INFO - Sync 1 DAGs
[2022-10-27 22:45:49,676] {logging_mixin.py:115} INFO - [2022-10-27 22:45:49,675] {dag.py:2927} INFO - Setting next_dagrun for example_sla_dag to 2022-10-28T01:42:00+00:00, run_after=2022-10-28T01:44:00+00:00
[2022-10-27 22:45:50,372] {processor.py:161} INFO - Processing /home/nayara/Documentos/airflowalura/venv/lib/python3.9/site-packages/airflow/example_dags/example_sla_dag.py took 0.867 seconds
[2022-10-27 22:46:43,362] {processor.py:153} INFO - Started process (PID=53535) to work on /home/nayara/Documentos/airflowalura/venv/lib/python3.9/site-packages/airflow/example_dags/example_sla_dag.py
[2022-10-27 22:46:43,375] {processor.py:641} INFO - Processing file /home/nayara/Documentos/airflowalura/venv/lib/python3.9/site-packages/airflow/example_dags/example_sla_dag.py for tasks to queue
[2022-10-27 22:46:43,376] {logging_mixin.py:115} INFO - [2022-10-27 22:46:43,376] {dagbag.py:507} INFO - Filling up the DagBag from /home/nayara/Documentos/airflowalura/venv/lib/python3.9/site-packages/airflow/example_dags/example_sla_dag.py
[2022-10-27 22:46:43,417] {processor.py:651} INFO - DAG(s) dict_keys(['example_sla_dag']) retrieved from /home/nayara/Documentos/airflowalura/venv/lib/python3.9/site-packages/airflow/example_dags/example_sla_dag.py
[2022-10-27 22:46:43,445] {logging_mixin.py:115} INFO - [2022-10-27 22:46:43,445] {dag.py:2379} INFO - Sync 1 DAGs
[2022-10-27 22:46:43,475] {logging_mixin.py:115} INFO - [2022-10-27 22:46:43,475] {dag.py:2927} INFO - Setting next_dagrun for example_sla_dag to 2022-10-28T01:44:00+00:00, run_after=2022-10-28T01:46:00+00:00
[2022-10-27 22:46:43,875] {processor.py:161} INFO - Processing /home/nayara/Documentos/airflowalura/venv/lib/python3.9/site-packages/airflow/example_dags/example_sla_dag.py took 0.519 seconds
[2022-10-27 22:47:28,420] {processor.py:153} INFO - Started process (PID=53648) to work on /home/nayara/Documentos/airflowalura/venv/lib/python3.9/site-packages/airflow/example_dags/example_sla_dag.py
[2022-10-27 22:47:28,431] {processor.py:641} INFO - Processing file /home/nayara/Documentos/airflowalura/venv/lib/python3.9/site-packages/airflow/example_dags/example_sla_dag.py for tasks to queue
[2022-10-27 22:47:28,432] {logging_mixin.py:115} INFO - [2022-10-27 22:47:28,432] {dagbag.py:507} INFO - Filling up the DagBag from /home/nayara/Documentos/airflowalura/venv/lib/python3.9/site-packages/airflow/example_dags/example_sla_dag.py
[2022-10-27 22:47:28,467] {processor.py:651} INFO - DAG(s) dict_keys(['example_sla_dag']) retrieved from /home/nayara/Documentos/airflowalura/venv/lib/python3.9/site-packages/airflow/example_dags/example_sla_dag.py
[2022-10-27 22:47:28,487] {logging_mixin.py:115} INFO - [2022-10-27 22:47:28,487] {dag.py:2379} INFO - Sync 1 DAGs
[2022-10-27 22:47:28,514] {logging_mixin.py:115} INFO - [2022-10-27 22:47:28,514] {dag.py:2927} INFO - Setting next_dagrun for example_sla_dag to 2022-10-28T01:44:00+00:00, run_after=2022-10-28T01:46:00+00:00
[2022-10-27 22:47:28,863] {processor.py:161} INFO - Processing /home/nayara/Documentos/airflowalura/venv/lib/python3.9/site-packages/airflow/example_dags/example_sla_dag.py took 0.448 seconds
[2022-10-27 22:48:17,031] {processor.py:153} INFO - Started process (PID=53754) to work on /home/nayara/Documentos/airflowalura/venv/lib/python3.9/site-packages/airflow/example_dags/example_sla_dag.py
[2022-10-27 22:48:17,050] {processor.py:641} INFO - Processing file /home/nayara/Documentos/airflowalura/venv/lib/python3.9/site-packages/airflow/example_dags/example_sla_dag.py for tasks to queue
[2022-10-27 22:48:17,052] {logging_mixin.py:115} INFO - [2022-10-27 22:48:17,052] {dagbag.py:507} INFO - Filling up the DagBag from /home/nayara/Documentos/airflowalura/venv/lib/python3.9/site-packages/airflow/example_dags/example_sla_dag.py
[2022-10-27 22:48:17,114] {processor.py:651} INFO - DAG(s) dict_keys(['example_sla_dag']) retrieved from /home/nayara/Documentos/airflowalura/venv/lib/python3.9/site-packages/airflow/example_dags/example_sla_dag.py
[2022-10-27 22:48:17,140] {logging_mixin.py:115} INFO - [2022-10-27 22:48:17,140] {dag.py:2379} INFO - Sync 1 DAGs
[2022-10-27 22:48:17,173] {logging_mixin.py:115} INFO - [2022-10-27 22:48:17,173] {dag.py:2927} INFO - Setting next_dagrun for example_sla_dag to 2022-10-28T01:46:00+00:00, run_after=2022-10-28T01:48:00+00:00
[2022-10-27 22:48:17,484] {processor.py:161} INFO - Processing /home/nayara/Documentos/airflowalura/venv/lib/python3.9/site-packages/airflow/example_dags/example_sla_dag.py took 0.474 seconds
[2022-10-27 22:49:03,258] {processor.py:153} INFO - Started process (PID=53851) to work on /home/nayara/Documentos/airflowalura/venv/lib/python3.9/site-packages/airflow/example_dags/example_sla_dag.py
[2022-10-27 22:49:03,301] {processor.py:641} INFO - Processing file /home/nayara/Documentos/airflowalura/venv/lib/python3.9/site-packages/airflow/example_dags/example_sla_dag.py for tasks to queue
[2022-10-27 22:49:03,304] {logging_mixin.py:115} INFO - [2022-10-27 22:49:03,303] {dagbag.py:507} INFO - Filling up the DagBag from /home/nayara/Documentos/airflowalura/venv/lib/python3.9/site-packages/airflow/example_dags/example_sla_dag.py
[2022-10-27 22:49:03,361] {processor.py:651} INFO - DAG(s) dict_keys(['example_sla_dag']) retrieved from /home/nayara/Documentos/airflowalura/venv/lib/python3.9/site-packages/airflow/example_dags/example_sla_dag.py
[2022-10-27 22:49:03,386] {logging_mixin.py:115} INFO - [2022-10-27 22:49:03,386] {dag.py:2379} INFO - Sync 1 DAGs
[2022-10-27 22:49:03,421] {logging_mixin.py:115} INFO - [2022-10-27 22:49:03,421] {dag.py:2927} INFO - Setting next_dagrun for example_sla_dag to 2022-10-28T01:46:00+00:00, run_after=2022-10-28T01:48:00+00:00
[2022-10-27 22:49:03,623] {processor.py:161} INFO - Processing /home/nayara/Documentos/airflowalura/venv/lib/python3.9/site-packages/airflow/example_dags/example_sla_dag.py took 0.384 seconds
[2022-10-27 22:50:03,343] {processor.py:153} INFO - Started process (PID=53970) to work on /home/nayara/Documentos/airflowalura/venv/lib/python3.9/site-packages/airflow/example_dags/example_sla_dag.py
[2022-10-27 22:50:03,380] {processor.py:641} INFO - Processing file /home/nayara/Documentos/airflowalura/venv/lib/python3.9/site-packages/airflow/example_dags/example_sla_dag.py for tasks to queue
[2022-10-27 22:50:03,382] {logging_mixin.py:115} INFO - [2022-10-27 22:50:03,382] {dagbag.py:507} INFO - Filling up the DagBag from /home/nayara/Documentos/airflowalura/venv/lib/python3.9/site-packages/airflow/example_dags/example_sla_dag.py
[2022-10-27 22:50:03,415] {processor.py:651} INFO - DAG(s) dict_keys(['example_sla_dag']) retrieved from /home/nayara/Documentos/airflowalura/venv/lib/python3.9/site-packages/airflow/example_dags/example_sla_dag.py
[2022-10-27 22:50:03,441] {logging_mixin.py:115} INFO - [2022-10-27 22:50:03,441] {dag.py:2379} INFO - Sync 1 DAGs
[2022-10-27 22:50:03,479] {logging_mixin.py:115} INFO - [2022-10-27 22:50:03,479] {dag.py:2927} INFO - Setting next_dagrun for example_sla_dag to 2022-10-28T01:48:00+00:00, run_after=2022-10-28T01:50:00+00:00
[2022-10-27 22:50:03,822] {processor.py:161} INFO - Processing /home/nayara/Documentos/airflowalura/venv/lib/python3.9/site-packages/airflow/example_dags/example_sla_dag.py took 0.485 seconds
[2022-10-27 22:50:49,509] {processor.py:153} INFO - Started process (PID=54053) to work on /home/nayara/Documentos/airflowalura/venv/lib/python3.9/site-packages/airflow/example_dags/example_sla_dag.py
[2022-10-27 22:50:49,533] {processor.py:641} INFO - Processing file /home/nayara/Documentos/airflowalura/venv/lib/python3.9/site-packages/airflow/example_dags/example_sla_dag.py for tasks to queue
[2022-10-27 22:50:49,534] {logging_mixin.py:115} INFO - [2022-10-27 22:50:49,533] {dagbag.py:507} INFO - Filling up the DagBag from /home/nayara/Documentos/airflowalura/venv/lib/python3.9/site-packages/airflow/example_dags/example_sla_dag.py
[2022-10-27 22:50:49,566] {processor.py:651} INFO - DAG(s) dict_keys(['example_sla_dag']) retrieved from /home/nayara/Documentos/airflowalura/venv/lib/python3.9/site-packages/airflow/example_dags/example_sla_dag.py
[2022-10-27 22:50:49,592] {logging_mixin.py:115} INFO - [2022-10-27 22:50:49,592] {dag.py:2379} INFO - Sync 1 DAGs
[2022-10-27 22:50:49,621] {logging_mixin.py:115} INFO - [2022-10-27 22:50:49,621] {dag.py:2927} INFO - Setting next_dagrun for example_sla_dag to 2022-10-28T01:48:00+00:00, run_after=2022-10-28T01:50:00+00:00
[2022-10-27 22:50:49,891] {processor.py:161} INFO - Processing /home/nayara/Documentos/airflowalura/venv/lib/python3.9/site-packages/airflow/example_dags/example_sla_dag.py took 0.389 seconds
[2022-10-27 22:51:36,893] {processor.py:153} INFO - Started process (PID=54131) to work on /home/nayara/Documentos/airflowalura/venv/lib/python3.9/site-packages/airflow/example_dags/example_sla_dag.py
[2022-10-27 22:51:36,907] {processor.py:641} INFO - Processing file /home/nayara/Documentos/airflowalura/venv/lib/python3.9/site-packages/airflow/example_dags/example_sla_dag.py for tasks to queue
[2022-10-27 22:51:36,910] {logging_mixin.py:115} INFO - [2022-10-27 22:51:36,909] {dagbag.py:507} INFO - Filling up the DagBag from /home/nayara/Documentos/airflowalura/venv/lib/python3.9/site-packages/airflow/example_dags/example_sla_dag.py
[2022-10-27 22:51:37,011] {processor.py:651} INFO - DAG(s) dict_keys(['example_sla_dag']) retrieved from /home/nayara/Documentos/airflowalura/venv/lib/python3.9/site-packages/airflow/example_dags/example_sla_dag.py
[2022-10-27 22:51:37,034] {logging_mixin.py:115} INFO - [2022-10-27 22:51:37,034] {dag.py:2379} INFO - Sync 1 DAGs
[2022-10-27 22:51:37,063] {logging_mixin.py:115} INFO - [2022-10-27 22:51:37,063] {dag.py:2927} INFO - Setting next_dagrun for example_sla_dag to 2022-10-28T01:48:00+00:00, run_after=2022-10-28T01:50:00+00:00
[2022-10-27 22:51:37,359] {processor.py:161} INFO - Processing /home/nayara/Documentos/airflowalura/venv/lib/python3.9/site-packages/airflow/example_dags/example_sla_dag.py took 0.475 seconds
[2022-10-27 22:52:29,673] {processor.py:153} INFO - Started process (PID=54245) to work on /home/nayara/Documentos/airflowalura/venv/lib/python3.9/site-packages/airflow/example_dags/example_sla_dag.py
[2022-10-27 22:52:29,706] {processor.py:641} INFO - Processing file /home/nayara/Documentos/airflowalura/venv/lib/python3.9/site-packages/airflow/example_dags/example_sla_dag.py for tasks to queue
[2022-10-27 22:52:29,707] {logging_mixin.py:115} INFO - [2022-10-27 22:52:29,706] {dagbag.py:507} INFO - Filling up the DagBag from /home/nayara/Documentos/airflowalura/venv/lib/python3.9/site-packages/airflow/example_dags/example_sla_dag.py
[2022-10-27 22:52:29,746] {processor.py:651} INFO - DAG(s) dict_keys(['example_sla_dag']) retrieved from /home/nayara/Documentos/airflowalura/venv/lib/python3.9/site-packages/airflow/example_dags/example_sla_dag.py
[2022-10-27 22:52:29,768] {logging_mixin.py:115} INFO - [2022-10-27 22:52:29,768] {dag.py:2379} INFO - Sync 1 DAGs
[2022-10-27 22:52:29,801] {logging_mixin.py:115} INFO - [2022-10-27 22:52:29,801] {dag.py:2927} INFO - Setting next_dagrun for example_sla_dag to 2022-10-28T01:50:00+00:00, run_after=2022-10-28T01:52:00+00:00
[2022-10-27 22:52:30,213] {processor.py:161} INFO - Processing /home/nayara/Documentos/airflowalura/venv/lib/python3.9/site-packages/airflow/example_dags/example_sla_dag.py took 0.547 seconds
[2022-10-27 22:53:20,282] {processor.py:153} INFO - Started process (PID=54339) to work on /home/nayara/Documentos/airflowalura/venv/lib/python3.9/site-packages/airflow/example_dags/example_sla_dag.py
[2022-10-27 22:53:20,285] {processor.py:641} INFO - Processing file /home/nayara/Documentos/airflowalura/venv/lib/python3.9/site-packages/airflow/example_dags/example_sla_dag.py for tasks to queue
[2022-10-27 22:53:20,289] {logging_mixin.py:115} INFO - [2022-10-27 22:53:20,288] {dagbag.py:507} INFO - Filling up the DagBag from /home/nayara/Documentos/airflowalura/venv/lib/python3.9/site-packages/airflow/example_dags/example_sla_dag.py
[2022-10-27 22:53:20,361] {processor.py:651} INFO - DAG(s) dict_keys(['example_sla_dag']) retrieved from /home/nayara/Documentos/airflowalura/venv/lib/python3.9/site-packages/airflow/example_dags/example_sla_dag.py
[2022-10-27 22:53:20,387] {logging_mixin.py:115} INFO - [2022-10-27 22:53:20,386] {dag.py:2379} INFO - Sync 1 DAGs
[2022-10-27 22:53:20,420] {logging_mixin.py:115} INFO - [2022-10-27 22:53:20,420] {dag.py:2927} INFO - Setting next_dagrun for example_sla_dag to 2022-10-28T01:50:00+00:00, run_after=2022-10-28T01:52:00+00:00
[2022-10-27 22:53:20,659] {processor.py:161} INFO - Processing /home/nayara/Documentos/airflowalura/venv/lib/python3.9/site-packages/airflow/example_dags/example_sla_dag.py took 0.392 seconds
[2022-10-27 22:54:04,964] {processor.py:153} INFO - Started process (PID=54422) to work on /home/nayara/Documentos/airflowalura/venv/lib/python3.9/site-packages/airflow/example_dags/example_sla_dag.py
[2022-10-27 22:54:04,998] {processor.py:641} INFO - Processing file /home/nayara/Documentos/airflowalura/venv/lib/python3.9/site-packages/airflow/example_dags/example_sla_dag.py for tasks to queue
[2022-10-27 22:54:04,999] {logging_mixin.py:115} INFO - [2022-10-27 22:54:04,999] {dagbag.py:507} INFO - Filling up the DagBag from /home/nayara/Documentos/airflowalura/venv/lib/python3.9/site-packages/airflow/example_dags/example_sla_dag.py
[2022-10-27 22:54:05,031] {processor.py:651} INFO - DAG(s) dict_keys(['example_sla_dag']) retrieved from /home/nayara/Documentos/airflowalura/venv/lib/python3.9/site-packages/airflow/example_dags/example_sla_dag.py
[2022-10-27 22:54:05,058] {logging_mixin.py:115} INFO - [2022-10-27 22:54:05,058] {dag.py:2379} INFO - Sync 1 DAGs
[2022-10-27 22:54:05,092] {logging_mixin.py:115} INFO - [2022-10-27 22:54:05,092] {dag.py:2927} INFO - Setting next_dagrun for example_sla_dag to 2022-10-28T01:52:00+00:00, run_after=2022-10-28T01:54:00+00:00
[2022-10-27 22:54:05,542] {processor.py:161} INFO - Processing /home/nayara/Documentos/airflowalura/venv/lib/python3.9/site-packages/airflow/example_dags/example_sla_dag.py took 0.581 seconds
[2022-10-27 22:54:55,313] {processor.py:153} INFO - Started process (PID=54522) to work on /home/nayara/Documentos/airflowalura/venv/lib/python3.9/site-packages/airflow/example_dags/example_sla_dag.py
[2022-10-27 22:54:55,327] {processor.py:641} INFO - Processing file /home/nayara/Documentos/airflowalura/venv/lib/python3.9/site-packages/airflow/example_dags/example_sla_dag.py for tasks to queue
[2022-10-27 22:54:55,329] {logging_mixin.py:115} INFO - [2022-10-27 22:54:55,329] {dagbag.py:507} INFO - Filling up the DagBag from /home/nayara/Documentos/airflowalura/venv/lib/python3.9/site-packages/airflow/example_dags/example_sla_dag.py
[2022-10-27 22:54:55,402] {processor.py:651} INFO - DAG(s) dict_keys(['example_sla_dag']) retrieved from /home/nayara/Documentos/airflowalura/venv/lib/python3.9/site-packages/airflow/example_dags/example_sla_dag.py
[2022-10-27 22:54:55,426] {logging_mixin.py:115} INFO - [2022-10-27 22:54:55,426] {dag.py:2379} INFO - Sync 1 DAGs
[2022-10-27 22:54:55,452] {logging_mixin.py:115} INFO - [2022-10-27 22:54:55,452] {dag.py:2927} INFO - Setting next_dagrun for example_sla_dag to 2022-10-28T01:52:00+00:00, run_after=2022-10-28T01:54:00+00:00
[2022-10-27 22:54:55,748] {processor.py:161} INFO - Processing /home/nayara/Documentos/airflowalura/venv/lib/python3.9/site-packages/airflow/example_dags/example_sla_dag.py took 0.448 seconds
[2022-10-27 22:55:48,412] {processor.py:153} INFO - Started process (PID=54631) to work on /home/nayara/Documentos/airflowalura/venv/lib/python3.9/site-packages/airflow/example_dags/example_sla_dag.py
[2022-10-27 22:55:48,459] {processor.py:641} INFO - Processing file /home/nayara/Documentos/airflowalura/venv/lib/python3.9/site-packages/airflow/example_dags/example_sla_dag.py for tasks to queue
[2022-10-27 22:55:48,462] {logging_mixin.py:115} INFO - [2022-10-27 22:55:48,462] {dagbag.py:507} INFO - Filling up the DagBag from /home/nayara/Documentos/airflowalura/venv/lib/python3.9/site-packages/airflow/example_dags/example_sla_dag.py
[2022-10-27 22:55:48,640] {processor.py:651} INFO - DAG(s) dict_keys(['example_sla_dag']) retrieved from /home/nayara/Documentos/airflowalura/venv/lib/python3.9/site-packages/airflow/example_dags/example_sla_dag.py
[2022-10-27 22:55:48,665] {logging_mixin.py:115} INFO - [2022-10-27 22:55:48,665] {dag.py:2379} INFO - Sync 1 DAGs
[2022-10-27 22:55:48,699] {logging_mixin.py:115} INFO - [2022-10-27 22:55:48,698] {dag.py:2927} INFO - Setting next_dagrun for example_sla_dag to 2022-10-28T01:52:00+00:00, run_after=2022-10-28T01:54:00+00:00
[2022-10-27 22:55:48,937] {processor.py:161} INFO - Processing /home/nayara/Documentos/airflowalura/venv/lib/python3.9/site-packages/airflow/example_dags/example_sla_dag.py took 0.545 seconds
[2022-10-27 22:56:38,715] {processor.py:153} INFO - Started process (PID=54738) to work on /home/nayara/Documentos/airflowalura/venv/lib/python3.9/site-packages/airflow/example_dags/example_sla_dag.py
[2022-10-27 22:56:38,732] {processor.py:641} INFO - Processing file /home/nayara/Documentos/airflowalura/venv/lib/python3.9/site-packages/airflow/example_dags/example_sla_dag.py for tasks to queue
[2022-10-27 22:56:38,733] {logging_mixin.py:115} INFO - [2022-10-27 22:56:38,733] {dagbag.py:507} INFO - Filling up the DagBag from /home/nayara/Documentos/airflowalura/venv/lib/python3.9/site-packages/airflow/example_dags/example_sla_dag.py
[2022-10-27 22:56:38,761] {processor.py:651} INFO - DAG(s) dict_keys(['example_sla_dag']) retrieved from /home/nayara/Documentos/airflowalura/venv/lib/python3.9/site-packages/airflow/example_dags/example_sla_dag.py
[2022-10-27 22:56:38,780] {logging_mixin.py:115} INFO - [2022-10-27 22:56:38,780] {dag.py:2379} INFO - Sync 1 DAGs
[2022-10-27 22:56:38,805] {logging_mixin.py:115} INFO - [2022-10-27 22:56:38,805] {dag.py:2927} INFO - Setting next_dagrun for example_sla_dag to 2022-10-28T01:54:00+00:00, run_after=2022-10-28T01:56:00+00:00
[2022-10-27 22:56:39,168] {processor.py:161} INFO - Processing /home/nayara/Documentos/airflowalura/venv/lib/python3.9/site-packages/airflow/example_dags/example_sla_dag.py took 0.465 seconds
