[2022-10-27 22:15:34,441] {processor.py:153} INFO - Started process (PID=48950) to work on /home/nayara/Documentos/airflowalura/venv/lib/python3.9/site-packages/airflow/example_dags/example_skip_dag.py
[2022-10-27 22:15:34,444] {processor.py:641} INFO - Processing file /home/nayara/Documentos/airflowalura/venv/lib/python3.9/site-packages/airflow/example_dags/example_skip_dag.py for tasks to queue
[2022-10-27 22:15:34,448] {logging_mixin.py:115} INFO - [2022-10-27 22:15:34,448] {dagbag.py:507} INFO - Filling up the DagBag from /home/nayara/Documentos/airflowalura/venv/lib/python3.9/site-packages/airflow/example_dags/example_skip_dag.py
[2022-10-27 22:15:34,522] {processor.py:651} INFO - DAG(s) dict_keys(['example_skip_dag']) retrieved from /home/nayara/Documentos/airflowalura/venv/lib/python3.9/site-packages/airflow/example_dags/example_skip_dag.py
[2022-10-27 22:15:36,748] {logging_mixin.py:115} INFO - [2022-10-27 22:15:36,747] {manager.py:508} INFO - Created Permission View: can read on DAG:example_skip_dag
[2022-10-27 22:15:39,751] {logging_mixin.py:115} INFO - [2022-10-27 22:15:39,751] {manager.py:508} INFO - Created Permission View: can delete on DAG:example_skip_dag
[2022-10-27 22:15:48,101] {logging_mixin.py:115} INFO - [2022-10-27 22:15:48,100] {manager.py:508} INFO - Created Permission View: can edit on DAG:example_skip_dag
[2022-10-27 22:15:48,102] {logging_mixin.py:115} INFO - [2022-10-27 22:15:48,102] {dag.py:2379} INFO - Sync 1 DAGs
[2022-10-27 22:15:48,888] {logging_mixin.py:115} INFO - [2022-10-27 22:15:48,887] {dag.py:2398} INFO - Creating ORM DAG for example_skip_dag
[2022-10-27 22:15:50,147] {logging_mixin.py:115} INFO - [2022-10-27 22:15:50,146] {dag.py:2927} INFO - Setting next_dagrun for example_skip_dag to 2022-10-27T01:15:50.146448+00:00, run_after=2022-10-28T01:15:50.146448+00:00
[2022-10-27 22:15:52,661] {processor.py:161} INFO - Processing /home/nayara/Documentos/airflowalura/venv/lib/python3.9/site-packages/airflow/example_dags/example_skip_dag.py took 18.237 seconds
[2022-10-27 22:17:46,318] {processor.py:153} INFO - Started process (PID=49240) to work on /home/nayara/Documentos/airflowalura/venv/lib/python3.9/site-packages/airflow/example_dags/example_skip_dag.py
[2022-10-27 22:17:46,336] {processor.py:641} INFO - Processing file /home/nayara/Documentos/airflowalura/venv/lib/python3.9/site-packages/airflow/example_dags/example_skip_dag.py for tasks to queue
[2022-10-27 22:17:46,337] {logging_mixin.py:115} INFO - [2022-10-27 22:17:46,336] {dagbag.py:507} INFO - Filling up the DagBag from /home/nayara/Documentos/airflowalura/venv/lib/python3.9/site-packages/airflow/example_dags/example_skip_dag.py
[2022-10-27 22:17:46,345] {processor.py:651} INFO - DAG(s) dict_keys(['example_skip_dag']) retrieved from /home/nayara/Documentos/airflowalura/venv/lib/python3.9/site-packages/airflow/example_dags/example_skip_dag.py
[2022-10-27 22:17:46,368] {logging_mixin.py:115} INFO - [2022-10-27 22:17:46,368] {dag.py:2379} INFO - Sync 1 DAGs
[2022-10-27 22:17:46,393] {logging_mixin.py:115} INFO - [2022-10-27 22:17:46,392] {dag.py:2927} INFO - Setting next_dagrun for example_skip_dag to 2022-10-27T01:17:46.392623+00:00, run_after=2022-10-28T01:17:46.392623+00:00
[2022-10-27 22:17:46,668] {processor.py:161} INFO - Processing /home/nayara/Documentos/airflowalura/venv/lib/python3.9/site-packages/airflow/example_dags/example_skip_dag.py took 0.354 seconds
[2022-10-27 22:18:43,378] {processor.py:153} INFO - Started process (PID=49397) to work on /home/nayara/Documentos/airflowalura/venv/lib/python3.9/site-packages/airflow/example_dags/example_skip_dag.py
[2022-10-27 22:18:43,472] {processor.py:641} INFO - Processing file /home/nayara/Documentos/airflowalura/venv/lib/python3.9/site-packages/airflow/example_dags/example_skip_dag.py for tasks to queue
[2022-10-27 22:18:43,474] {logging_mixin.py:115} INFO - [2022-10-27 22:18:43,474] {dagbag.py:507} INFO - Filling up the DagBag from /home/nayara/Documentos/airflowalura/venv/lib/python3.9/site-packages/airflow/example_dags/example_skip_dag.py
[2022-10-27 22:18:43,496] {processor.py:651} INFO - DAG(s) dict_keys(['example_skip_dag']) retrieved from /home/nayara/Documentos/airflowalura/venv/lib/python3.9/site-packages/airflow/example_dags/example_skip_dag.py
[2022-10-27 22:18:43,521] {logging_mixin.py:115} INFO - [2022-10-27 22:18:43,521] {dag.py:2379} INFO - Sync 1 DAGs
[2022-10-27 22:18:43,545] {logging_mixin.py:115} INFO - [2022-10-27 22:18:43,545] {dag.py:2927} INFO - Setting next_dagrun for example_skip_dag to 2022-10-27T01:18:43.545037+00:00, run_after=2022-10-28T01:18:43.545037+00:00
[2022-10-27 22:18:45,418] {processor.py:161} INFO - Processing /home/nayara/Documentos/airflowalura/venv/lib/python3.9/site-packages/airflow/example_dags/example_skip_dag.py took 2.052 seconds
[2022-10-27 22:20:16,726] {processor.py:153} INFO - Started process (PID=49838) to work on /home/nayara/Documentos/airflowalura/venv/lib/python3.9/site-packages/airflow/example_dags/example_skip_dag.py
[2022-10-27 22:20:16,755] {processor.py:641} INFO - Processing file /home/nayara/Documentos/airflowalura/venv/lib/python3.9/site-packages/airflow/example_dags/example_skip_dag.py for tasks to queue
[2022-10-27 22:20:16,760] {logging_mixin.py:115} INFO - [2022-10-27 22:20:16,759] {dagbag.py:507} INFO - Filling up the DagBag from /home/nayara/Documentos/airflowalura/venv/lib/python3.9/site-packages/airflow/example_dags/example_skip_dag.py
[2022-10-27 22:20:16,781] {processor.py:651} INFO - DAG(s) dict_keys(['example_skip_dag']) retrieved from /home/nayara/Documentos/airflowalura/venv/lib/python3.9/site-packages/airflow/example_dags/example_skip_dag.py
[2022-10-27 22:20:16,838] {logging_mixin.py:115} INFO - [2022-10-27 22:20:16,838] {dag.py:2379} INFO - Sync 1 DAGs
[2022-10-27 22:20:16,881] {logging_mixin.py:115} INFO - [2022-10-27 22:20:16,881] {dag.py:2927} INFO - Setting next_dagrun for example_skip_dag to 2022-10-27T01:20:16.881072+00:00, run_after=2022-10-28T01:20:16.881072+00:00
[2022-10-27 22:20:17,345] {processor.py:161} INFO - Processing /home/nayara/Documentos/airflowalura/venv/lib/python3.9/site-packages/airflow/example_dags/example_skip_dag.py took 0.630 seconds
[2022-10-27 22:21:06,736] {processor.py:153} INFO - Started process (PID=49959) to work on /home/nayara/Documentos/airflowalura/venv/lib/python3.9/site-packages/airflow/example_dags/example_skip_dag.py
[2022-10-27 22:21:06,769] {processor.py:641} INFO - Processing file /home/nayara/Documentos/airflowalura/venv/lib/python3.9/site-packages/airflow/example_dags/example_skip_dag.py for tasks to queue
[2022-10-27 22:21:06,773] {logging_mixin.py:115} INFO - [2022-10-27 22:21:06,772] {dagbag.py:507} INFO - Filling up the DagBag from /home/nayara/Documentos/airflowalura/venv/lib/python3.9/site-packages/airflow/example_dags/example_skip_dag.py
[2022-10-27 22:21:06,814] {processor.py:651} INFO - DAG(s) dict_keys(['example_skip_dag']) retrieved from /home/nayara/Documentos/airflowalura/venv/lib/python3.9/site-packages/airflow/example_dags/example_skip_dag.py
[2022-10-27 22:21:06,855] {logging_mixin.py:115} INFO - [2022-10-27 22:21:06,855] {dag.py:2379} INFO - Sync 1 DAGs
[2022-10-27 22:21:06,895] {logging_mixin.py:115} INFO - [2022-10-27 22:21:06,894] {dag.py:2927} INFO - Setting next_dagrun for example_skip_dag to 2022-10-27T01:21:06.894561+00:00, run_after=2022-10-28T01:21:06.894561+00:00
[2022-10-27 22:21:07,304] {processor.py:161} INFO - Processing /home/nayara/Documentos/airflowalura/venv/lib/python3.9/site-packages/airflow/example_dags/example_skip_dag.py took 0.571 seconds
[2022-10-27 22:22:02,297] {processor.py:153} INFO - Started process (PID=50084) to work on /home/nayara/Documentos/airflowalura/venv/lib/python3.9/site-packages/airflow/example_dags/example_skip_dag.py
[2022-10-27 22:22:02,412] {processor.py:641} INFO - Processing file /home/nayara/Documentos/airflowalura/venv/lib/python3.9/site-packages/airflow/example_dags/example_skip_dag.py for tasks to queue
[2022-10-27 22:22:02,415] {logging_mixin.py:115} INFO - [2022-10-27 22:22:02,414] {dagbag.py:507} INFO - Filling up the DagBag from /home/nayara/Documentos/airflowalura/venv/lib/python3.9/site-packages/airflow/example_dags/example_skip_dag.py
[2022-10-27 22:22:02,439] {processor.py:651} INFO - DAG(s) dict_keys(['example_skip_dag']) retrieved from /home/nayara/Documentos/airflowalura/venv/lib/python3.9/site-packages/airflow/example_dags/example_skip_dag.py
[2022-10-27 22:22:02,506] {logging_mixin.py:115} INFO - [2022-10-27 22:22:02,506] {dag.py:2379} INFO - Sync 1 DAGs
[2022-10-27 22:22:02,543] {logging_mixin.py:115} INFO - [2022-10-27 22:22:02,543] {dag.py:2927} INFO - Setting next_dagrun for example_skip_dag to 2022-10-27T01:22:02.542797+00:00, run_after=2022-10-28T01:22:02.542797+00:00
[2022-10-27 22:22:02,864] {processor.py:161} INFO - Processing /home/nayara/Documentos/airflowalura/venv/lib/python3.9/site-packages/airflow/example_dags/example_skip_dag.py took 0.588 seconds
[2022-10-27 22:22:44,360] {processor.py:153} INFO - Started process (PID=50179) to work on /home/nayara/Documentos/airflowalura/venv/lib/python3.9/site-packages/airflow/example_dags/example_skip_dag.py
[2022-10-27 22:22:44,378] {processor.py:641} INFO - Processing file /home/nayara/Documentos/airflowalura/venv/lib/python3.9/site-packages/airflow/example_dags/example_skip_dag.py for tasks to queue
[2022-10-27 22:22:44,380] {logging_mixin.py:115} INFO - [2022-10-27 22:22:44,379] {dagbag.py:507} INFO - Filling up the DagBag from /home/nayara/Documentos/airflowalura/venv/lib/python3.9/site-packages/airflow/example_dags/example_skip_dag.py
[2022-10-27 22:22:44,386] {processor.py:651} INFO - DAG(s) dict_keys(['example_skip_dag']) retrieved from /home/nayara/Documentos/airflowalura/venv/lib/python3.9/site-packages/airflow/example_dags/example_skip_dag.py
[2022-10-27 22:22:44,413] {logging_mixin.py:115} INFO - [2022-10-27 22:22:44,413] {dag.py:2379} INFO - Sync 1 DAGs
[2022-10-27 22:22:44,440] {logging_mixin.py:115} INFO - [2022-10-27 22:22:44,440] {dag.py:2927} INFO - Setting next_dagrun for example_skip_dag to 2022-10-27T01:22:44.440176+00:00, run_after=2022-10-28T01:22:44.440176+00:00
[2022-10-27 22:22:44,915] {processor.py:161} INFO - Processing /home/nayara/Documentos/airflowalura/venv/lib/python3.9/site-packages/airflow/example_dags/example_skip_dag.py took 0.560 seconds
[2022-10-27 22:23:27,244] {processor.py:153} INFO - Started process (PID=50271) to work on /home/nayara/Documentos/airflowalura/venv/lib/python3.9/site-packages/airflow/example_dags/example_skip_dag.py
[2022-10-27 22:23:27,265] {processor.py:641} INFO - Processing file /home/nayara/Documentos/airflowalura/venv/lib/python3.9/site-packages/airflow/example_dags/example_skip_dag.py for tasks to queue
[2022-10-27 22:23:27,268] {logging_mixin.py:115} INFO - [2022-10-27 22:23:27,267] {dagbag.py:507} INFO - Filling up the DagBag from /home/nayara/Documentos/airflowalura/venv/lib/python3.9/site-packages/airflow/example_dags/example_skip_dag.py
[2022-10-27 22:23:27,292] {processor.py:651} INFO - DAG(s) dict_keys(['example_skip_dag']) retrieved from /home/nayara/Documentos/airflowalura/venv/lib/python3.9/site-packages/airflow/example_dags/example_skip_dag.py
[2022-10-27 22:23:27,342] {logging_mixin.py:115} INFO - [2022-10-27 22:23:27,342] {dag.py:2379} INFO - Sync 1 DAGs
[2022-10-27 22:23:27,381] {logging_mixin.py:115} INFO - [2022-10-27 22:23:27,381] {dag.py:2927} INFO - Setting next_dagrun for example_skip_dag to 2022-10-27T01:23:27.381037+00:00, run_after=2022-10-28T01:23:27.381037+00:00
[2022-10-27 22:23:27,676] {processor.py:161} INFO - Processing /home/nayara/Documentos/airflowalura/venv/lib/python3.9/site-packages/airflow/example_dags/example_skip_dag.py took 0.447 seconds
[2022-10-27 22:24:11,167] {processor.py:153} INFO - Started process (PID=50375) to work on /home/nayara/Documentos/airflowalura/venv/lib/python3.9/site-packages/airflow/example_dags/example_skip_dag.py
[2022-10-27 22:24:11,187] {processor.py:641} INFO - Processing file /home/nayara/Documentos/airflowalura/venv/lib/python3.9/site-packages/airflow/example_dags/example_skip_dag.py for tasks to queue
[2022-10-27 22:24:11,188] {logging_mixin.py:115} INFO - [2022-10-27 22:24:11,188] {dagbag.py:507} INFO - Filling up the DagBag from /home/nayara/Documentos/airflowalura/venv/lib/python3.9/site-packages/airflow/example_dags/example_skip_dag.py
[2022-10-27 22:24:11,200] {processor.py:651} INFO - DAG(s) dict_keys(['example_skip_dag']) retrieved from /home/nayara/Documentos/airflowalura/venv/lib/python3.9/site-packages/airflow/example_dags/example_skip_dag.py
[2022-10-27 22:24:11,238] {logging_mixin.py:115} INFO - [2022-10-27 22:24:11,238] {dag.py:2379} INFO - Sync 1 DAGs
[2022-10-27 22:24:11,271] {logging_mixin.py:115} INFO - [2022-10-27 22:24:11,271] {dag.py:2927} INFO - Setting next_dagrun for example_skip_dag to 2022-10-27T01:24:11.271464+00:00, run_after=2022-10-28T01:24:11.271464+00:00
[2022-10-27 22:24:11,618] {processor.py:161} INFO - Processing /home/nayara/Documentos/airflowalura/venv/lib/python3.9/site-packages/airflow/example_dags/example_skip_dag.py took 0.465 seconds
[2022-10-27 22:24:59,564] {processor.py:153} INFO - Started process (PID=50489) to work on /home/nayara/Documentos/airflowalura/venv/lib/python3.9/site-packages/airflow/example_dags/example_skip_dag.py
[2022-10-27 22:24:59,598] {processor.py:641} INFO - Processing file /home/nayara/Documentos/airflowalura/venv/lib/python3.9/site-packages/airflow/example_dags/example_skip_dag.py for tasks to queue
[2022-10-27 22:24:59,599] {logging_mixin.py:115} INFO - [2022-10-27 22:24:59,599] {dagbag.py:507} INFO - Filling up the DagBag from /home/nayara/Documentos/airflowalura/venv/lib/python3.9/site-packages/airflow/example_dags/example_skip_dag.py
[2022-10-27 22:24:59,611] {processor.py:651} INFO - DAG(s) dict_keys(['example_skip_dag']) retrieved from /home/nayara/Documentos/airflowalura/venv/lib/python3.9/site-packages/airflow/example_dags/example_skip_dag.py
[2022-10-27 22:24:59,652] {logging_mixin.py:115} INFO - [2022-10-27 22:24:59,652] {dag.py:2379} INFO - Sync 1 DAGs
[2022-10-27 22:24:59,694] {logging_mixin.py:115} INFO - [2022-10-27 22:24:59,694] {dag.py:2927} INFO - Setting next_dagrun for example_skip_dag to 2022-10-27T01:24:59.693935+00:00, run_after=2022-10-28T01:24:59.693935+00:00
[2022-10-27 22:25:00,168] {processor.py:161} INFO - Processing /home/nayara/Documentos/airflowalura/venv/lib/python3.9/site-packages/airflow/example_dags/example_skip_dag.py took 0.612 seconds
[2022-10-27 22:25:54,248] {processor.py:153} INFO - Started process (PID=50599) to work on /home/nayara/Documentos/airflowalura/venv/lib/python3.9/site-packages/airflow/example_dags/example_skip_dag.py
[2022-10-27 22:25:54,250] {processor.py:641} INFO - Processing file /home/nayara/Documentos/airflowalura/venv/lib/python3.9/site-packages/airflow/example_dags/example_skip_dag.py for tasks to queue
[2022-10-27 22:25:54,251] {logging_mixin.py:115} INFO - [2022-10-27 22:25:54,251] {dagbag.py:507} INFO - Filling up the DagBag from /home/nayara/Documentos/airflowalura/venv/lib/python3.9/site-packages/airflow/example_dags/example_skip_dag.py
[2022-10-27 22:25:54,267] {processor.py:651} INFO - DAG(s) dict_keys(['example_skip_dag']) retrieved from /home/nayara/Documentos/airflowalura/venv/lib/python3.9/site-packages/airflow/example_dags/example_skip_dag.py
[2022-10-27 22:25:54,315] {logging_mixin.py:115} INFO - [2022-10-27 22:25:54,315] {dag.py:2379} INFO - Sync 1 DAGs
[2022-10-27 22:25:54,373] {logging_mixin.py:115} INFO - [2022-10-27 22:25:54,372] {dag.py:2927} INFO - Setting next_dagrun for example_skip_dag to 2022-10-28T01:24:59.693935+00:00, run_after=2022-10-29T01:24:59.693935+00:00
[2022-10-27 22:25:54,583] {processor.py:161} INFO - Processing /home/nayara/Documentos/airflowalura/venv/lib/python3.9/site-packages/airflow/example_dags/example_skip_dag.py took 0.347 seconds
[2022-10-27 22:26:47,807] {processor.py:153} INFO - Started process (PID=50729) to work on /home/nayara/Documentos/airflowalura/venv/lib/python3.9/site-packages/airflow/example_dags/example_skip_dag.py
[2022-10-27 22:26:47,812] {processor.py:641} INFO - Processing file /home/nayara/Documentos/airflowalura/venv/lib/python3.9/site-packages/airflow/example_dags/example_skip_dag.py for tasks to queue
[2022-10-27 22:26:47,816] {logging_mixin.py:115} INFO - [2022-10-27 22:26:47,815] {dagbag.py:507} INFO - Filling up the DagBag from /home/nayara/Documentos/airflowalura/venv/lib/python3.9/site-packages/airflow/example_dags/example_skip_dag.py
[2022-10-27 22:26:47,850] {processor.py:651} INFO - DAG(s) dict_keys(['example_skip_dag']) retrieved from /home/nayara/Documentos/airflowalura/venv/lib/python3.9/site-packages/airflow/example_dags/example_skip_dag.py
[2022-10-27 22:26:47,886] {logging_mixin.py:115} INFO - [2022-10-27 22:26:47,885] {dag.py:2379} INFO - Sync 1 DAGs
[2022-10-27 22:26:47,922] {logging_mixin.py:115} INFO - [2022-10-27 22:26:47,922] {dag.py:2927} INFO - Setting next_dagrun for example_skip_dag to 2022-10-28T01:24:59.693935+00:00, run_after=2022-10-29T01:24:59.693935+00:00
[2022-10-27 22:26:48,449] {processor.py:161} INFO - Processing /home/nayara/Documentos/airflowalura/venv/lib/python3.9/site-packages/airflow/example_dags/example_skip_dag.py took 0.663 seconds
[2022-10-27 22:27:29,971] {processor.py:153} INFO - Started process (PID=50820) to work on /home/nayara/Documentos/airflowalura/venv/lib/python3.9/site-packages/airflow/example_dags/example_skip_dag.py
[2022-10-27 22:27:29,994] {processor.py:641} INFO - Processing file /home/nayara/Documentos/airflowalura/venv/lib/python3.9/site-packages/airflow/example_dags/example_skip_dag.py for tasks to queue
[2022-10-27 22:27:29,999] {logging_mixin.py:115} INFO - [2022-10-27 22:27:29,998] {dagbag.py:507} INFO - Filling up the DagBag from /home/nayara/Documentos/airflowalura/venv/lib/python3.9/site-packages/airflow/example_dags/example_skip_dag.py
[2022-10-27 22:27:30,024] {processor.py:651} INFO - DAG(s) dict_keys(['example_skip_dag']) retrieved from /home/nayara/Documentos/airflowalura/venv/lib/python3.9/site-packages/airflow/example_dags/example_skip_dag.py
[2022-10-27 22:27:30,059] {logging_mixin.py:115} INFO - [2022-10-27 22:27:30,059] {dag.py:2379} INFO - Sync 1 DAGs
[2022-10-27 22:27:30,097] {logging_mixin.py:115} INFO - [2022-10-27 22:27:30,096] {dag.py:2927} INFO - Setting next_dagrun for example_skip_dag to 2022-10-28T01:24:59.693935+00:00, run_after=2022-10-29T01:24:59.693935+00:00
[2022-10-27 22:27:30,463] {processor.py:161} INFO - Processing /home/nayara/Documentos/airflowalura/venv/lib/python3.9/site-packages/airflow/example_dags/example_skip_dag.py took 0.513 seconds
[2022-10-27 22:28:18,468] {processor.py:153} INFO - Started process (PID=50992) to work on /home/nayara/Documentos/airflowalura/venv/lib/python3.9/site-packages/airflow/example_dags/example_skip_dag.py
[2022-10-27 22:28:18,485] {processor.py:641} INFO - Processing file /home/nayara/Documentos/airflowalura/venv/lib/python3.9/site-packages/airflow/example_dags/example_skip_dag.py for tasks to queue
[2022-10-27 22:28:18,487] {logging_mixin.py:115} INFO - [2022-10-27 22:28:18,486] {dagbag.py:507} INFO - Filling up the DagBag from /home/nayara/Documentos/airflowalura/venv/lib/python3.9/site-packages/airflow/example_dags/example_skip_dag.py
[2022-10-27 22:28:18,514] {processor.py:651} INFO - DAG(s) dict_keys(['example_skip_dag']) retrieved from /home/nayara/Documentos/airflowalura/venv/lib/python3.9/site-packages/airflow/example_dags/example_skip_dag.py
[2022-10-27 22:28:18,560] {logging_mixin.py:115} INFO - [2022-10-27 22:28:18,560] {dag.py:2379} INFO - Sync 1 DAGs
[2022-10-27 22:28:18,600] {logging_mixin.py:115} INFO - [2022-10-27 22:28:18,600] {dag.py:2927} INFO - Setting next_dagrun for example_skip_dag to 2022-10-28T01:24:59.693935+00:00, run_after=2022-10-29T01:24:59.693935+00:00
[2022-10-27 22:28:19,275] {processor.py:161} INFO - Processing /home/nayara/Documentos/airflowalura/venv/lib/python3.9/site-packages/airflow/example_dags/example_skip_dag.py took 0.820 seconds
[2022-10-27 22:29:12,330] {processor.py:153} INFO - Started process (PID=51118) to work on /home/nayara/Documentos/airflowalura/venv/lib/python3.9/site-packages/airflow/example_dags/example_skip_dag.py
[2022-10-27 22:29:12,352] {processor.py:641} INFO - Processing file /home/nayara/Documentos/airflowalura/venv/lib/python3.9/site-packages/airflow/example_dags/example_skip_dag.py for tasks to queue
[2022-10-27 22:29:12,355] {logging_mixin.py:115} INFO - [2022-10-27 22:29:12,355] {dagbag.py:507} INFO - Filling up the DagBag from /home/nayara/Documentos/airflowalura/venv/lib/python3.9/site-packages/airflow/example_dags/example_skip_dag.py
[2022-10-27 22:29:12,378] {processor.py:651} INFO - DAG(s) dict_keys(['example_skip_dag']) retrieved from /home/nayara/Documentos/airflowalura/venv/lib/python3.9/site-packages/airflow/example_dags/example_skip_dag.py
[2022-10-27 22:29:12,409] {logging_mixin.py:115} INFO - [2022-10-27 22:29:12,409] {dag.py:2379} INFO - Sync 1 DAGs
[2022-10-27 22:29:12,440] {logging_mixin.py:115} INFO - [2022-10-27 22:29:12,439] {dag.py:2927} INFO - Setting next_dagrun for example_skip_dag to 2022-10-28T01:24:59.693935+00:00, run_after=2022-10-29T01:24:59.693935+00:00
[2022-10-27 22:29:12,794] {processor.py:161} INFO - Processing /home/nayara/Documentos/airflowalura/venv/lib/python3.9/site-packages/airflow/example_dags/example_skip_dag.py took 0.479 seconds
[2022-10-27 22:29:58,002] {processor.py:153} INFO - Started process (PID=51201) to work on /home/nayara/Documentos/airflowalura/venv/lib/python3.9/site-packages/airflow/example_dags/example_skip_dag.py
[2022-10-27 22:29:58,026] {processor.py:641} INFO - Processing file /home/nayara/Documentos/airflowalura/venv/lib/python3.9/site-packages/airflow/example_dags/example_skip_dag.py for tasks to queue
[2022-10-27 22:29:58,027] {logging_mixin.py:115} INFO - [2022-10-27 22:29:58,027] {dagbag.py:507} INFO - Filling up the DagBag from /home/nayara/Documentos/airflowalura/venv/lib/python3.9/site-packages/airflow/example_dags/example_skip_dag.py
[2022-10-27 22:29:58,036] {processor.py:651} INFO - DAG(s) dict_keys(['example_skip_dag']) retrieved from /home/nayara/Documentos/airflowalura/venv/lib/python3.9/site-packages/airflow/example_dags/example_skip_dag.py
[2022-10-27 22:29:58,060] {logging_mixin.py:115} INFO - [2022-10-27 22:29:58,060] {dag.py:2379} INFO - Sync 1 DAGs
[2022-10-27 22:29:58,085] {logging_mixin.py:115} INFO - [2022-10-27 22:29:58,085] {dag.py:2927} INFO - Setting next_dagrun for example_skip_dag to 2022-10-28T01:24:59.693935+00:00, run_after=2022-10-29T01:24:59.693935+00:00
[2022-10-27 22:29:58,315] {processor.py:161} INFO - Processing /home/nayara/Documentos/airflowalura/venv/lib/python3.9/site-packages/airflow/example_dags/example_skip_dag.py took 0.326 seconds
[2022-10-27 22:30:38,471] {processor.py:153} INFO - Started process (PID=51277) to work on /home/nayara/Documentos/airflowalura/venv/lib/python3.9/site-packages/airflow/example_dags/example_skip_dag.py
[2022-10-27 22:30:38,492] {processor.py:641} INFO - Processing file /home/nayara/Documentos/airflowalura/venv/lib/python3.9/site-packages/airflow/example_dags/example_skip_dag.py for tasks to queue
[2022-10-27 22:30:38,493] {logging_mixin.py:115} INFO - [2022-10-27 22:30:38,493] {dagbag.py:507} INFO - Filling up the DagBag from /home/nayara/Documentos/airflowalura/venv/lib/python3.9/site-packages/airflow/example_dags/example_skip_dag.py
[2022-10-27 22:30:38,506] {processor.py:651} INFO - DAG(s) dict_keys(['example_skip_dag']) retrieved from /home/nayara/Documentos/airflowalura/venv/lib/python3.9/site-packages/airflow/example_dags/example_skip_dag.py
[2022-10-27 22:30:38,531] {logging_mixin.py:115} INFO - [2022-10-27 22:30:38,531] {dag.py:2379} INFO - Sync 1 DAGs
[2022-10-27 22:30:38,556] {logging_mixin.py:115} INFO - [2022-10-27 22:30:38,556] {dag.py:2927} INFO - Setting next_dagrun for example_skip_dag to 2022-10-28T01:24:59.693935+00:00, run_after=2022-10-29T01:24:59.693935+00:00
[2022-10-27 22:30:38,770] {processor.py:161} INFO - Processing /home/nayara/Documentos/airflowalura/venv/lib/python3.9/site-packages/airflow/example_dags/example_skip_dag.py took 0.311 seconds
[2022-10-27 22:31:22,123] {processor.py:153} INFO - Started process (PID=51370) to work on /home/nayara/Documentos/airflowalura/venv/lib/python3.9/site-packages/airflow/example_dags/example_skip_dag.py
[2022-10-27 22:31:22,146] {processor.py:641} INFO - Processing file /home/nayara/Documentos/airflowalura/venv/lib/python3.9/site-packages/airflow/example_dags/example_skip_dag.py for tasks to queue
[2022-10-27 22:31:22,147] {logging_mixin.py:115} INFO - [2022-10-27 22:31:22,146] {dagbag.py:507} INFO - Filling up the DagBag from /home/nayara/Documentos/airflowalura/venv/lib/python3.9/site-packages/airflow/example_dags/example_skip_dag.py
[2022-10-27 22:31:22,160] {processor.py:651} INFO - DAG(s) dict_keys(['example_skip_dag']) retrieved from /home/nayara/Documentos/airflowalura/venv/lib/python3.9/site-packages/airflow/example_dags/example_skip_dag.py
[2022-10-27 22:31:22,204] {logging_mixin.py:115} INFO - [2022-10-27 22:31:22,204] {dag.py:2379} INFO - Sync 1 DAGs
[2022-10-27 22:31:22,236] {logging_mixin.py:115} INFO - [2022-10-27 22:31:22,236] {dag.py:2927} INFO - Setting next_dagrun for example_skip_dag to 2022-10-28T01:24:59.693935+00:00, run_after=2022-10-29T01:24:59.693935+00:00
[2022-10-27 22:31:22,483] {processor.py:161} INFO - Processing /home/nayara/Documentos/airflowalura/venv/lib/python3.9/site-packages/airflow/example_dags/example_skip_dag.py took 0.368 seconds
[2022-10-27 22:32:43,818] {processor.py:153} INFO - Started process (PID=51544) to work on /home/nayara/Documentos/airflowalura/venv/lib/python3.9/site-packages/airflow/example_dags/example_skip_dag.py
[2022-10-27 22:32:43,842] {processor.py:641} INFO - Processing file /home/nayara/Documentos/airflowalura/venv/lib/python3.9/site-packages/airflow/example_dags/example_skip_dag.py for tasks to queue
[2022-10-27 22:32:43,843] {logging_mixin.py:115} INFO - [2022-10-27 22:32:43,843] {dagbag.py:507} INFO - Filling up the DagBag from /home/nayara/Documentos/airflowalura/venv/lib/python3.9/site-packages/airflow/example_dags/example_skip_dag.py
[2022-10-27 22:32:43,853] {processor.py:651} INFO - DAG(s) dict_keys(['example_skip_dag']) retrieved from /home/nayara/Documentos/airflowalura/venv/lib/python3.9/site-packages/airflow/example_dags/example_skip_dag.py
[2022-10-27 22:32:43,879] {logging_mixin.py:115} INFO - [2022-10-27 22:32:43,879] {dag.py:2379} INFO - Sync 1 DAGs
[2022-10-27 22:32:43,904] {logging_mixin.py:115} INFO - [2022-10-27 22:32:43,904] {dag.py:2927} INFO - Setting next_dagrun for example_skip_dag to 2022-10-28T01:24:59.693935+00:00, run_after=2022-10-29T01:24:59.693935+00:00
[2022-10-27 22:32:44,110] {processor.py:161} INFO - Processing /home/nayara/Documentos/airflowalura/venv/lib/python3.9/site-packages/airflow/example_dags/example_skip_dag.py took 0.303 seconds
[2022-10-27 22:33:34,881] {processor.py:153} INFO - Started process (PID=51664) to work on /home/nayara/Documentos/airflowalura/venv/lib/python3.9/site-packages/airflow/example_dags/example_skip_dag.py
[2022-10-27 22:33:34,951] {processor.py:641} INFO - Processing file /home/nayara/Documentos/airflowalura/venv/lib/python3.9/site-packages/airflow/example_dags/example_skip_dag.py for tasks to queue
[2022-10-27 22:33:34,954] {logging_mixin.py:115} INFO - [2022-10-27 22:33:34,953] {dagbag.py:507} INFO - Filling up the DagBag from /home/nayara/Documentos/airflowalura/venv/lib/python3.9/site-packages/airflow/example_dags/example_skip_dag.py
[2022-10-27 22:33:34,986] {processor.py:651} INFO - DAG(s) dict_keys(['example_skip_dag']) retrieved from /home/nayara/Documentos/airflowalura/venv/lib/python3.9/site-packages/airflow/example_dags/example_skip_dag.py
[2022-10-27 22:33:35,023] {logging_mixin.py:115} INFO - [2022-10-27 22:33:35,022] {dag.py:2379} INFO - Sync 1 DAGs
[2022-10-27 22:33:35,054] {logging_mixin.py:115} INFO - [2022-10-27 22:33:35,054] {dag.py:2927} INFO - Setting next_dagrun for example_skip_dag to 2022-10-28T01:24:59.693935+00:00, run_after=2022-10-29T01:24:59.693935+00:00
[2022-10-27 22:33:35,278] {processor.py:161} INFO - Processing /home/nayara/Documentos/airflowalura/venv/lib/python3.9/site-packages/airflow/example_dags/example_skip_dag.py took 0.418 seconds
[2022-10-27 22:34:18,900] {processor.py:153} INFO - Started process (PID=51746) to work on /home/nayara/Documentos/airflowalura/venv/lib/python3.9/site-packages/airflow/example_dags/example_skip_dag.py
[2022-10-27 22:34:18,917] {processor.py:641} INFO - Processing file /home/nayara/Documentos/airflowalura/venv/lib/python3.9/site-packages/airflow/example_dags/example_skip_dag.py for tasks to queue
[2022-10-27 22:34:18,918] {logging_mixin.py:115} INFO - [2022-10-27 22:34:18,918] {dagbag.py:507} INFO - Filling up the DagBag from /home/nayara/Documentos/airflowalura/venv/lib/python3.9/site-packages/airflow/example_dags/example_skip_dag.py
[2022-10-27 22:34:18,927] {processor.py:651} INFO - DAG(s) dict_keys(['example_skip_dag']) retrieved from /home/nayara/Documentos/airflowalura/venv/lib/python3.9/site-packages/airflow/example_dags/example_skip_dag.py
[2022-10-27 22:34:18,954] {logging_mixin.py:115} INFO - [2022-10-27 22:34:18,954] {dag.py:2379} INFO - Sync 1 DAGs
[2022-10-27 22:34:18,975] {logging_mixin.py:115} INFO - [2022-10-27 22:34:18,975] {dag.py:2927} INFO - Setting next_dagrun for example_skip_dag to 2022-10-28T01:24:59.693935+00:00, run_after=2022-10-29T01:24:59.693935+00:00
[2022-10-27 22:34:19,195] {processor.py:161} INFO - Processing /home/nayara/Documentos/airflowalura/venv/lib/python3.9/site-packages/airflow/example_dags/example_skip_dag.py took 0.300 seconds
[2022-10-27 22:35:15,023] {processor.py:153} INFO - Started process (PID=51831) to work on /home/nayara/Documentos/airflowalura/venv/lib/python3.9/site-packages/airflow/example_dags/example_skip_dag.py
[2022-10-27 22:35:15,046] {processor.py:641} INFO - Processing file /home/nayara/Documentos/airflowalura/venv/lib/python3.9/site-packages/airflow/example_dags/example_skip_dag.py for tasks to queue
[2022-10-27 22:35:15,049] {logging_mixin.py:115} INFO - [2022-10-27 22:35:15,049] {dagbag.py:507} INFO - Filling up the DagBag from /home/nayara/Documentos/airflowalura/venv/lib/python3.9/site-packages/airflow/example_dags/example_skip_dag.py
[2022-10-27 22:35:15,073] {processor.py:651} INFO - DAG(s) dict_keys(['example_skip_dag']) retrieved from /home/nayara/Documentos/airflowalura/venv/lib/python3.9/site-packages/airflow/example_dags/example_skip_dag.py
[2022-10-27 22:35:15,103] {logging_mixin.py:115} INFO - [2022-10-27 22:35:15,103] {dag.py:2379} INFO - Sync 1 DAGs
[2022-10-27 22:35:15,124] {logging_mixin.py:115} INFO - [2022-10-27 22:35:15,124] {dag.py:2927} INFO - Setting next_dagrun for example_skip_dag to 2022-10-28T01:24:59.693935+00:00, run_after=2022-10-29T01:24:59.693935+00:00
[2022-10-27 22:35:15,360] {processor.py:161} INFO - Processing /home/nayara/Documentos/airflowalura/venv/lib/python3.9/site-packages/airflow/example_dags/example_skip_dag.py took 0.341 seconds
[2022-10-27 22:36:17,486] {processor.py:153} INFO - Started process (PID=51952) to work on /home/nayara/Documentos/airflowalura/venv/lib/python3.9/site-packages/airflow/example_dags/example_skip_dag.py
[2022-10-27 22:36:17,497] {processor.py:641} INFO - Processing file /home/nayara/Documentos/airflowalura/venv/lib/python3.9/site-packages/airflow/example_dags/example_skip_dag.py for tasks to queue
[2022-10-27 22:36:17,498] {logging_mixin.py:115} INFO - [2022-10-27 22:36:17,498] {dagbag.py:507} INFO - Filling up the DagBag from /home/nayara/Documentos/airflowalura/venv/lib/python3.9/site-packages/airflow/example_dags/example_skip_dag.py
[2022-10-27 22:36:17,514] {processor.py:651} INFO - DAG(s) dict_keys(['example_skip_dag']) retrieved from /home/nayara/Documentos/airflowalura/venv/lib/python3.9/site-packages/airflow/example_dags/example_skip_dag.py
[2022-10-27 22:36:17,558] {logging_mixin.py:115} INFO - [2022-10-27 22:36:17,558] {dag.py:2379} INFO - Sync 1 DAGs
[2022-10-27 22:36:17,590] {logging_mixin.py:115} INFO - [2022-10-27 22:36:17,590] {dag.py:2927} INFO - Setting next_dagrun for example_skip_dag to 2022-10-28T01:24:59.693935+00:00, run_after=2022-10-29T01:24:59.693935+00:00
[2022-10-27 22:36:17,808] {processor.py:161} INFO - Processing /home/nayara/Documentos/airflowalura/venv/lib/python3.9/site-packages/airflow/example_dags/example_skip_dag.py took 0.339 seconds
[2022-10-27 22:37:07,944] {processor.py:153} INFO - Started process (PID=52214) to work on /home/nayara/Documentos/airflowalura/venv/lib/python3.9/site-packages/airflow/example_dags/example_skip_dag.py
[2022-10-27 22:37:07,997] {processor.py:641} INFO - Processing file /home/nayara/Documentos/airflowalura/venv/lib/python3.9/site-packages/airflow/example_dags/example_skip_dag.py for tasks to queue
[2022-10-27 22:37:08,000] {logging_mixin.py:115} INFO - [2022-10-27 22:37:07,999] {dagbag.py:507} INFO - Filling up the DagBag from /home/nayara/Documentos/airflowalura/venv/lib/python3.9/site-packages/airflow/example_dags/example_skip_dag.py
[2022-10-27 22:37:08,026] {processor.py:651} INFO - DAG(s) dict_keys(['example_skip_dag']) retrieved from /home/nayara/Documentos/airflowalura/venv/lib/python3.9/site-packages/airflow/example_dags/example_skip_dag.py
[2022-10-27 22:37:08,113] {logging_mixin.py:115} INFO - [2022-10-27 22:37:08,113] {dag.py:2379} INFO - Sync 1 DAGs
[2022-10-27 22:37:08,142] {logging_mixin.py:115} INFO - [2022-10-27 22:37:08,142] {dag.py:2927} INFO - Setting next_dagrun for example_skip_dag to 2022-10-28T01:24:59.693935+00:00, run_after=2022-10-29T01:24:59.693935+00:00
[2022-10-27 22:37:08,668] {processor.py:161} INFO - Processing /home/nayara/Documentos/airflowalura/venv/lib/python3.9/site-packages/airflow/example_dags/example_skip_dag.py took 0.736 seconds
[2022-10-27 22:38:50,677] {processor.py:153} INFO - Started process (PID=52528) to work on /home/nayara/Documentos/airflowalura/venv/lib/python3.9/site-packages/airflow/example_dags/example_skip_dag.py
[2022-10-27 22:38:50,716] {processor.py:641} INFO - Processing file /home/nayara/Documentos/airflowalura/venv/lib/python3.9/site-packages/airflow/example_dags/example_skip_dag.py for tasks to queue
[2022-10-27 22:38:50,717] {logging_mixin.py:115} INFO - [2022-10-27 22:38:50,717] {dagbag.py:507} INFO - Filling up the DagBag from /home/nayara/Documentos/airflowalura/venv/lib/python3.9/site-packages/airflow/example_dags/example_skip_dag.py
[2022-10-27 22:38:50,725] {processor.py:651} INFO - DAG(s) dict_keys(['example_skip_dag']) retrieved from /home/nayara/Documentos/airflowalura/venv/lib/python3.9/site-packages/airflow/example_dags/example_skip_dag.py
[2022-10-27 22:38:50,756] {logging_mixin.py:115} INFO - [2022-10-27 22:38:50,756] {dag.py:2379} INFO - Sync 1 DAGs
[2022-10-27 22:38:50,790] {logging_mixin.py:115} INFO - [2022-10-27 22:38:50,790] {dag.py:2927} INFO - Setting next_dagrun for example_skip_dag to 2022-10-28T01:24:59.693935+00:00, run_after=2022-10-29T01:24:59.693935+00:00
[2022-10-27 22:38:51,028] {processor.py:161} INFO - Processing /home/nayara/Documentos/airflowalura/venv/lib/python3.9/site-packages/airflow/example_dags/example_skip_dag.py took 0.357 seconds
[2022-10-27 22:39:42,807] {processor.py:153} INFO - Started process (PID=52637) to work on /home/nayara/Documentos/airflowalura/venv/lib/python3.9/site-packages/airflow/example_dags/example_skip_dag.py
[2022-10-27 22:39:42,832] {processor.py:641} INFO - Processing file /home/nayara/Documentos/airflowalura/venv/lib/python3.9/site-packages/airflow/example_dags/example_skip_dag.py for tasks to queue
[2022-10-27 22:39:42,834] {logging_mixin.py:115} INFO - [2022-10-27 22:39:42,833] {dagbag.py:507} INFO - Filling up the DagBag from /home/nayara/Documentos/airflowalura/venv/lib/python3.9/site-packages/airflow/example_dags/example_skip_dag.py
[2022-10-27 22:39:42,850] {processor.py:651} INFO - DAG(s) dict_keys(['example_skip_dag']) retrieved from /home/nayara/Documentos/airflowalura/venv/lib/python3.9/site-packages/airflow/example_dags/example_skip_dag.py
[2022-10-27 22:39:42,907] {logging_mixin.py:115} INFO - [2022-10-27 22:39:42,907] {dag.py:2379} INFO - Sync 1 DAGs
[2022-10-27 22:39:42,934] {logging_mixin.py:115} INFO - [2022-10-27 22:39:42,933] {dag.py:2927} INFO - Setting next_dagrun for example_skip_dag to 2022-10-28T01:24:59.693935+00:00, run_after=2022-10-29T01:24:59.693935+00:00
[2022-10-27 22:39:43,178] {processor.py:161} INFO - Processing /home/nayara/Documentos/airflowalura/venv/lib/python3.9/site-packages/airflow/example_dags/example_skip_dag.py took 0.379 seconds
[2022-10-27 22:41:15,288] {processor.py:153} INFO - Started process (PID=52802) to work on /home/nayara/Documentos/airflowalura/venv/lib/python3.9/site-packages/airflow/example_dags/example_skip_dag.py
[2022-10-27 22:41:15,313] {processor.py:641} INFO - Processing file /home/nayara/Documentos/airflowalura/venv/lib/python3.9/site-packages/airflow/example_dags/example_skip_dag.py for tasks to queue
[2022-10-27 22:41:15,316] {logging_mixin.py:115} INFO - [2022-10-27 22:41:15,316] {dagbag.py:507} INFO - Filling up the DagBag from /home/nayara/Documentos/airflowalura/venv/lib/python3.9/site-packages/airflow/example_dags/example_skip_dag.py
[2022-10-27 22:41:15,347] {processor.py:651} INFO - DAG(s) dict_keys(['example_skip_dag']) retrieved from /home/nayara/Documentos/airflowalura/venv/lib/python3.9/site-packages/airflow/example_dags/example_skip_dag.py
[2022-10-27 22:41:15,389] {logging_mixin.py:115} INFO - [2022-10-27 22:41:15,389] {dag.py:2379} INFO - Sync 1 DAGs
[2022-10-27 22:41:15,421] {logging_mixin.py:115} INFO - [2022-10-27 22:41:15,421] {dag.py:2927} INFO - Setting next_dagrun for example_skip_dag to 2022-10-28T01:24:59.693935+00:00, run_after=2022-10-29T01:24:59.693935+00:00
[2022-10-27 22:41:15,618] {processor.py:161} INFO - Processing /home/nayara/Documentos/airflowalura/venv/lib/python3.9/site-packages/airflow/example_dags/example_skip_dag.py took 0.349 seconds
[2022-10-27 22:42:06,610] {processor.py:153} INFO - Started process (PID=52935) to work on /home/nayara/Documentos/airflowalura/venv/lib/python3.9/site-packages/airflow/example_dags/example_skip_dag.py
[2022-10-27 22:42:06,630] {processor.py:641} INFO - Processing file /home/nayara/Documentos/airflowalura/venv/lib/python3.9/site-packages/airflow/example_dags/example_skip_dag.py for tasks to queue
[2022-10-27 22:42:06,632] {logging_mixin.py:115} INFO - [2022-10-27 22:42:06,632] {dagbag.py:507} INFO - Filling up the DagBag from /home/nayara/Documentos/airflowalura/venv/lib/python3.9/site-packages/airflow/example_dags/example_skip_dag.py
[2022-10-27 22:42:06,664] {processor.py:651} INFO - DAG(s) dict_keys(['example_skip_dag']) retrieved from /home/nayara/Documentos/airflowalura/venv/lib/python3.9/site-packages/airflow/example_dags/example_skip_dag.py
[2022-10-27 22:42:06,725] {logging_mixin.py:115} INFO - [2022-10-27 22:42:06,725] {dag.py:2379} INFO - Sync 1 DAGs
[2022-10-27 22:42:06,747] {logging_mixin.py:115} INFO - [2022-10-27 22:42:06,747] {dag.py:2927} INFO - Setting next_dagrun for example_skip_dag to 2022-10-28T01:24:59.693935+00:00, run_after=2022-10-29T01:24:59.693935+00:00
[2022-10-27 22:42:06,958] {processor.py:161} INFO - Processing /home/nayara/Documentos/airflowalura/venv/lib/python3.9/site-packages/airflow/example_dags/example_skip_dag.py took 0.363 seconds
[2022-10-27 22:43:01,901] {processor.py:153} INFO - Started process (PID=53023) to work on /home/nayara/Documentos/airflowalura/venv/lib/python3.9/site-packages/airflow/example_dags/example_skip_dag.py
[2022-10-27 22:43:01,951] {processor.py:641} INFO - Processing file /home/nayara/Documentos/airflowalura/venv/lib/python3.9/site-packages/airflow/example_dags/example_skip_dag.py for tasks to queue
[2022-10-27 22:43:01,953] {logging_mixin.py:115} INFO - [2022-10-27 22:43:01,953] {dagbag.py:507} INFO - Filling up the DagBag from /home/nayara/Documentos/airflowalura/venv/lib/python3.9/site-packages/airflow/example_dags/example_skip_dag.py
[2022-10-27 22:43:01,976] {processor.py:651} INFO - DAG(s) dict_keys(['example_skip_dag']) retrieved from /home/nayara/Documentos/airflowalura/venv/lib/python3.9/site-packages/airflow/example_dags/example_skip_dag.py
[2022-10-27 22:43:02,004] {logging_mixin.py:115} INFO - [2022-10-27 22:43:02,004] {dag.py:2379} INFO - Sync 1 DAGs
[2022-10-27 22:43:02,026] {logging_mixin.py:115} INFO - [2022-10-27 22:43:02,026] {dag.py:2927} INFO - Setting next_dagrun for example_skip_dag to 2022-10-28T01:24:59.693935+00:00, run_after=2022-10-29T01:24:59.693935+00:00
[2022-10-27 22:43:02,405] {processor.py:161} INFO - Processing /home/nayara/Documentos/airflowalura/venv/lib/python3.9/site-packages/airflow/example_dags/example_skip_dag.py took 0.509 seconds
[2022-10-27 22:43:58,436] {processor.py:153} INFO - Started process (PID=53152) to work on /home/nayara/Documentos/airflowalura/venv/lib/python3.9/site-packages/airflow/example_dags/example_skip_dag.py
[2022-10-27 22:43:58,457] {processor.py:641} INFO - Processing file /home/nayara/Documentos/airflowalura/venv/lib/python3.9/site-packages/airflow/example_dags/example_skip_dag.py for tasks to queue
[2022-10-27 22:43:58,458] {logging_mixin.py:115} INFO - [2022-10-27 22:43:58,458] {dagbag.py:507} INFO - Filling up the DagBag from /home/nayara/Documentos/airflowalura/venv/lib/python3.9/site-packages/airflow/example_dags/example_skip_dag.py
[2022-10-27 22:43:58,466] {processor.py:651} INFO - DAG(s) dict_keys(['example_skip_dag']) retrieved from /home/nayara/Documentos/airflowalura/venv/lib/python3.9/site-packages/airflow/example_dags/example_skip_dag.py
[2022-10-27 22:43:58,506] {logging_mixin.py:115} INFO - [2022-10-27 22:43:58,506] {dag.py:2379} INFO - Sync 1 DAGs
[2022-10-27 22:43:58,535] {logging_mixin.py:115} INFO - [2022-10-27 22:43:58,534] {dag.py:2927} INFO - Setting next_dagrun for example_skip_dag to 2022-10-28T01:24:59.693935+00:00, run_after=2022-10-29T01:24:59.693935+00:00
[2022-10-27 22:43:58,749] {processor.py:161} INFO - Processing /home/nayara/Documentos/airflowalura/venv/lib/python3.9/site-packages/airflow/example_dags/example_skip_dag.py took 0.319 seconds
[2022-10-27 22:44:46,946] {processor.py:153} INFO - Started process (PID=53320) to work on /home/nayara/Documentos/airflowalura/venv/lib/python3.9/site-packages/airflow/example_dags/example_skip_dag.py
[2022-10-27 22:44:47,001] {processor.py:641} INFO - Processing file /home/nayara/Documentos/airflowalura/venv/lib/python3.9/site-packages/airflow/example_dags/example_skip_dag.py for tasks to queue
[2022-10-27 22:44:47,004] {logging_mixin.py:115} INFO - [2022-10-27 22:44:47,004] {dagbag.py:507} INFO - Filling up the DagBag from /home/nayara/Documentos/airflowalura/venv/lib/python3.9/site-packages/airflow/example_dags/example_skip_dag.py
[2022-10-27 22:44:47,098] {processor.py:651} INFO - DAG(s) dict_keys(['example_skip_dag']) retrieved from /home/nayara/Documentos/airflowalura/venv/lib/python3.9/site-packages/airflow/example_dags/example_skip_dag.py
[2022-10-27 22:44:47,129] {logging_mixin.py:115} INFO - [2022-10-27 22:44:47,129] {dag.py:2379} INFO - Sync 1 DAGs
[2022-10-27 22:44:47,159] {logging_mixin.py:115} INFO - [2022-10-27 22:44:47,158] {dag.py:2927} INFO - Setting next_dagrun for example_skip_dag to 2022-10-28T01:24:59.693935+00:00, run_after=2022-10-29T01:24:59.693935+00:00
[2022-10-27 22:44:47,365] {processor.py:161} INFO - Processing /home/nayara/Documentos/airflowalura/venv/lib/python3.9/site-packages/airflow/example_dags/example_skip_dag.py took 0.424 seconds
[2022-10-27 22:45:53,866] {processor.py:153} INFO - Started process (PID=53444) to work on /home/nayara/Documentos/airflowalura/venv/lib/python3.9/site-packages/airflow/example_dags/example_skip_dag.py
[2022-10-27 22:45:53,994] {processor.py:641} INFO - Processing file /home/nayara/Documentos/airflowalura/venv/lib/python3.9/site-packages/airflow/example_dags/example_skip_dag.py for tasks to queue
[2022-10-27 22:45:53,998] {logging_mixin.py:115} INFO - [2022-10-27 22:45:53,997] {dagbag.py:507} INFO - Filling up the DagBag from /home/nayara/Documentos/airflowalura/venv/lib/python3.9/site-packages/airflow/example_dags/example_skip_dag.py
[2022-10-27 22:45:54,036] {processor.py:651} INFO - DAG(s) dict_keys(['example_skip_dag']) retrieved from /home/nayara/Documentos/airflowalura/venv/lib/python3.9/site-packages/airflow/example_dags/example_skip_dag.py
[2022-10-27 22:45:54,092] {logging_mixin.py:115} INFO - [2022-10-27 22:45:54,092] {dag.py:2379} INFO - Sync 1 DAGs
[2022-10-27 22:45:54,126] {logging_mixin.py:115} INFO - [2022-10-27 22:45:54,126] {dag.py:2927} INFO - Setting next_dagrun for example_skip_dag to 2022-10-28T01:24:59.693935+00:00, run_after=2022-10-29T01:24:59.693935+00:00
[2022-10-27 22:45:55,070] {processor.py:161} INFO - Processing /home/nayara/Documentos/airflowalura/venv/lib/python3.9/site-packages/airflow/example_dags/example_skip_dag.py took 1.210 seconds
[2022-10-27 22:46:46,378] {processor.py:153} INFO - Started process (PID=53543) to work on /home/nayara/Documentos/airflowalura/venv/lib/python3.9/site-packages/airflow/example_dags/example_skip_dag.py
[2022-10-27 22:46:46,413] {processor.py:641} INFO - Processing file /home/nayara/Documentos/airflowalura/venv/lib/python3.9/site-packages/airflow/example_dags/example_skip_dag.py for tasks to queue
[2022-10-27 22:46:46,415] {logging_mixin.py:115} INFO - [2022-10-27 22:46:46,415] {dagbag.py:507} INFO - Filling up the DagBag from /home/nayara/Documentos/airflowalura/venv/lib/python3.9/site-packages/airflow/example_dags/example_skip_dag.py
[2022-10-27 22:46:46,440] {processor.py:651} INFO - DAG(s) dict_keys(['example_skip_dag']) retrieved from /home/nayara/Documentos/airflowalura/venv/lib/python3.9/site-packages/airflow/example_dags/example_skip_dag.py
[2022-10-27 22:46:46,479] {logging_mixin.py:115} INFO - [2022-10-27 22:46:46,478] {dag.py:2379} INFO - Sync 1 DAGs
[2022-10-27 22:46:46,505] {logging_mixin.py:115} INFO - [2022-10-27 22:46:46,505] {dag.py:2927} INFO - Setting next_dagrun for example_skip_dag to 2022-10-28T01:24:59.693935+00:00, run_after=2022-10-29T01:24:59.693935+00:00
[2022-10-27 22:46:46,737] {processor.py:161} INFO - Processing /home/nayara/Documentos/airflowalura/venv/lib/python3.9/site-packages/airflow/example_dags/example_skip_dag.py took 0.373 seconds
[2022-10-27 22:47:31,465] {processor.py:153} INFO - Started process (PID=53656) to work on /home/nayara/Documentos/airflowalura/venv/lib/python3.9/site-packages/airflow/example_dags/example_skip_dag.py
[2022-10-27 22:47:31,554] {processor.py:641} INFO - Processing file /home/nayara/Documentos/airflowalura/venv/lib/python3.9/site-packages/airflow/example_dags/example_skip_dag.py for tasks to queue
[2022-10-27 22:47:31,558] {logging_mixin.py:115} INFO - [2022-10-27 22:47:31,557] {dagbag.py:507} INFO - Filling up the DagBag from /home/nayara/Documentos/airflowalura/venv/lib/python3.9/site-packages/airflow/example_dags/example_skip_dag.py
[2022-10-27 22:47:31,598] {processor.py:651} INFO - DAG(s) dict_keys(['example_skip_dag']) retrieved from /home/nayara/Documentos/airflowalura/venv/lib/python3.9/site-packages/airflow/example_dags/example_skip_dag.py
[2022-10-27 22:47:31,626] {logging_mixin.py:115} INFO - [2022-10-27 22:47:31,626] {dag.py:2379} INFO - Sync 1 DAGs
[2022-10-27 22:47:31,652] {logging_mixin.py:115} INFO - [2022-10-27 22:47:31,652] {dag.py:2927} INFO - Setting next_dagrun for example_skip_dag to 2022-10-28T01:24:59.693935+00:00, run_after=2022-10-29T01:24:59.693935+00:00
[2022-10-27 22:47:31,955] {processor.py:161} INFO - Processing /home/nayara/Documentos/airflowalura/venv/lib/python3.9/site-packages/airflow/example_dags/example_skip_dag.py took 0.494 seconds
[2022-10-27 22:48:19,892] {processor.py:153} INFO - Started process (PID=53761) to work on /home/nayara/Documentos/airflowalura/venv/lib/python3.9/site-packages/airflow/example_dags/example_skip_dag.py
[2022-10-27 22:48:19,973] {processor.py:641} INFO - Processing file /home/nayara/Documentos/airflowalura/venv/lib/python3.9/site-packages/airflow/example_dags/example_skip_dag.py for tasks to queue
[2022-10-27 22:48:19,976] {logging_mixin.py:115} INFO - [2022-10-27 22:48:19,976] {dagbag.py:507} INFO - Filling up the DagBag from /home/nayara/Documentos/airflowalura/venv/lib/python3.9/site-packages/airflow/example_dags/example_skip_dag.py
[2022-10-27 22:48:20,013] {processor.py:651} INFO - DAG(s) dict_keys(['example_skip_dag']) retrieved from /home/nayara/Documentos/airflowalura/venv/lib/python3.9/site-packages/airflow/example_dags/example_skip_dag.py
[2022-10-27 22:48:20,094] {logging_mixin.py:115} INFO - [2022-10-27 22:48:20,094] {dag.py:2379} INFO - Sync 1 DAGs
[2022-10-27 22:48:20,126] {logging_mixin.py:115} INFO - [2022-10-27 22:48:20,126] {dag.py:2927} INFO - Setting next_dagrun for example_skip_dag to 2022-10-28T01:24:59.693935+00:00, run_after=2022-10-29T01:24:59.693935+00:00
[2022-10-27 22:48:20,686] {processor.py:161} INFO - Processing /home/nayara/Documentos/airflowalura/venv/lib/python3.9/site-packages/airflow/example_dags/example_skip_dag.py took 0.813 seconds
[2022-10-27 22:49:20,368] {processor.py:153} INFO - Started process (PID=53886) to work on /home/nayara/Documentos/airflowalura/venv/lib/python3.9/site-packages/airflow/example_dags/example_skip_dag.py
[2022-10-27 22:49:20,398] {processor.py:641} INFO - Processing file /home/nayara/Documentos/airflowalura/venv/lib/python3.9/site-packages/airflow/example_dags/example_skip_dag.py for tasks to queue
[2022-10-27 22:49:20,399] {logging_mixin.py:115} INFO - [2022-10-27 22:49:20,398] {dagbag.py:507} INFO - Filling up the DagBag from /home/nayara/Documentos/airflowalura/venv/lib/python3.9/site-packages/airflow/example_dags/example_skip_dag.py
[2022-10-27 22:49:20,406] {processor.py:651} INFO - DAG(s) dict_keys(['example_skip_dag']) retrieved from /home/nayara/Documentos/airflowalura/venv/lib/python3.9/site-packages/airflow/example_dags/example_skip_dag.py
[2022-10-27 22:49:20,433] {logging_mixin.py:115} INFO - [2022-10-27 22:49:20,433] {dag.py:2379} INFO - Sync 1 DAGs
[2022-10-27 22:49:20,460] {logging_mixin.py:115} INFO - [2022-10-27 22:49:20,460] {dag.py:2927} INFO - Setting next_dagrun for example_skip_dag to 2022-10-28T01:24:59.693935+00:00, run_after=2022-10-29T01:24:59.693935+00:00
[2022-10-27 22:49:20,686] {processor.py:161} INFO - Processing /home/nayara/Documentos/airflowalura/venv/lib/python3.9/site-packages/airflow/example_dags/example_skip_dag.py took 0.339 seconds
[2022-10-27 22:50:06,909] {processor.py:153} INFO - Started process (PID=53973) to work on /home/nayara/Documentos/airflowalura/venv/lib/python3.9/site-packages/airflow/example_dags/example_skip_dag.py
[2022-10-27 22:50:06,947] {processor.py:641} INFO - Processing file /home/nayara/Documentos/airflowalura/venv/lib/python3.9/site-packages/airflow/example_dags/example_skip_dag.py for tasks to queue
[2022-10-27 22:50:06,950] {logging_mixin.py:115} INFO - [2022-10-27 22:50:06,949] {dagbag.py:507} INFO - Filling up the DagBag from /home/nayara/Documentos/airflowalura/venv/lib/python3.9/site-packages/airflow/example_dags/example_skip_dag.py
[2022-10-27 22:50:06,985] {processor.py:651} INFO - DAG(s) dict_keys(['example_skip_dag']) retrieved from /home/nayara/Documentos/airflowalura/venv/lib/python3.9/site-packages/airflow/example_dags/example_skip_dag.py
[2022-10-27 22:50:07,038] {logging_mixin.py:115} INFO - [2022-10-27 22:50:07,038] {dag.py:2379} INFO - Sync 1 DAGs
[2022-10-27 22:50:07,065] {logging_mixin.py:115} INFO - [2022-10-27 22:50:07,065] {dag.py:2927} INFO - Setting next_dagrun for example_skip_dag to 2022-10-28T01:24:59.693935+00:00, run_after=2022-10-29T01:24:59.693935+00:00
[2022-10-27 22:50:07,325] {processor.py:161} INFO - Processing /home/nayara/Documentos/airflowalura/venv/lib/python3.9/site-packages/airflow/example_dags/example_skip_dag.py took 0.436 seconds
[2022-10-27 22:50:52,021] {processor.py:153} INFO - Started process (PID=54057) to work on /home/nayara/Documentos/airflowalura/venv/lib/python3.9/site-packages/airflow/example_dags/example_skip_dag.py
[2022-10-27 22:50:52,042] {processor.py:641} INFO - Processing file /home/nayara/Documentos/airflowalura/venv/lib/python3.9/site-packages/airflow/example_dags/example_skip_dag.py for tasks to queue
[2022-10-27 22:50:52,044] {logging_mixin.py:115} INFO - [2022-10-27 22:50:52,044] {dagbag.py:507} INFO - Filling up the DagBag from /home/nayara/Documentos/airflowalura/venv/lib/python3.9/site-packages/airflow/example_dags/example_skip_dag.py
[2022-10-27 22:50:52,063] {processor.py:651} INFO - DAG(s) dict_keys(['example_skip_dag']) retrieved from /home/nayara/Documentos/airflowalura/venv/lib/python3.9/site-packages/airflow/example_dags/example_skip_dag.py
[2022-10-27 22:50:52,102] {logging_mixin.py:115} INFO - [2022-10-27 22:50:52,101] {dag.py:2379} INFO - Sync 1 DAGs
[2022-10-27 22:50:52,130] {logging_mixin.py:115} INFO - [2022-10-27 22:50:52,130] {dag.py:2927} INFO - Setting next_dagrun for example_skip_dag to 2022-10-28T01:24:59.693935+00:00, run_after=2022-10-29T01:24:59.693935+00:00
[2022-10-27 22:50:52,409] {processor.py:161} INFO - Processing /home/nayara/Documentos/airflowalura/venv/lib/python3.9/site-packages/airflow/example_dags/example_skip_dag.py took 0.406 seconds
[2022-10-27 22:51:40,010] {processor.py:153} INFO - Started process (PID=54136) to work on /home/nayara/Documentos/airflowalura/venv/lib/python3.9/site-packages/airflow/example_dags/example_skip_dag.py
[2022-10-27 22:51:40,027] {processor.py:641} INFO - Processing file /home/nayara/Documentos/airflowalura/venv/lib/python3.9/site-packages/airflow/example_dags/example_skip_dag.py for tasks to queue
[2022-10-27 22:51:40,028] {logging_mixin.py:115} INFO - [2022-10-27 22:51:40,028] {dagbag.py:507} INFO - Filling up the DagBag from /home/nayara/Documentos/airflowalura/venv/lib/python3.9/site-packages/airflow/example_dags/example_skip_dag.py
[2022-10-27 22:51:40,038] {processor.py:651} INFO - DAG(s) dict_keys(['example_skip_dag']) retrieved from /home/nayara/Documentos/airflowalura/venv/lib/python3.9/site-packages/airflow/example_dags/example_skip_dag.py
[2022-10-27 22:51:40,063] {logging_mixin.py:115} INFO - [2022-10-27 22:51:40,063] {dag.py:2379} INFO - Sync 1 DAGs
[2022-10-27 22:51:40,091] {logging_mixin.py:115} INFO - [2022-10-27 22:51:40,091] {dag.py:2927} INFO - Setting next_dagrun for example_skip_dag to 2022-10-28T01:24:59.693935+00:00, run_after=2022-10-29T01:24:59.693935+00:00
[2022-10-27 22:51:40,322] {processor.py:161} INFO - Processing /home/nayara/Documentos/airflowalura/venv/lib/python3.9/site-packages/airflow/example_dags/example_skip_dag.py took 0.322 seconds
[2022-10-27 22:52:33,299] {processor.py:153} INFO - Started process (PID=54249) to work on /home/nayara/Documentos/airflowalura/venv/lib/python3.9/site-packages/airflow/example_dags/example_skip_dag.py
[2022-10-27 22:52:33,317] {processor.py:641} INFO - Processing file /home/nayara/Documentos/airflowalura/venv/lib/python3.9/site-packages/airflow/example_dags/example_skip_dag.py for tasks to queue
[2022-10-27 22:52:33,320] {logging_mixin.py:115} INFO - [2022-10-27 22:52:33,319] {dagbag.py:507} INFO - Filling up the DagBag from /home/nayara/Documentos/airflowalura/venv/lib/python3.9/site-packages/airflow/example_dags/example_skip_dag.py
[2022-10-27 22:52:33,352] {processor.py:651} INFO - DAG(s) dict_keys(['example_skip_dag']) retrieved from /home/nayara/Documentos/airflowalura/venv/lib/python3.9/site-packages/airflow/example_dags/example_skip_dag.py
[2022-10-27 22:52:33,385] {logging_mixin.py:115} INFO - [2022-10-27 22:52:33,385] {dag.py:2379} INFO - Sync 1 DAGs
[2022-10-27 22:52:33,415] {logging_mixin.py:115} INFO - [2022-10-27 22:52:33,415] {dag.py:2927} INFO - Setting next_dagrun for example_skip_dag to 2022-10-28T01:24:59.693935+00:00, run_after=2022-10-29T01:24:59.693935+00:00
[2022-10-27 22:52:33,668] {processor.py:161} INFO - Processing /home/nayara/Documentos/airflowalura/venv/lib/python3.9/site-packages/airflow/example_dags/example_skip_dag.py took 0.386 seconds
[2022-10-27 22:53:23,400] {processor.py:153} INFO - Started process (PID=54343) to work on /home/nayara/Documentos/airflowalura/venv/lib/python3.9/site-packages/airflow/example_dags/example_skip_dag.py
[2022-10-27 22:53:23,415] {processor.py:641} INFO - Processing file /home/nayara/Documentos/airflowalura/venv/lib/python3.9/site-packages/airflow/example_dags/example_skip_dag.py for tasks to queue
[2022-10-27 22:53:23,416] {logging_mixin.py:115} INFO - [2022-10-27 22:53:23,416] {dagbag.py:507} INFO - Filling up the DagBag from /home/nayara/Documentos/airflowalura/venv/lib/python3.9/site-packages/airflow/example_dags/example_skip_dag.py
[2022-10-27 22:53:23,424] {processor.py:651} INFO - DAG(s) dict_keys(['example_skip_dag']) retrieved from /home/nayara/Documentos/airflowalura/venv/lib/python3.9/site-packages/airflow/example_dags/example_skip_dag.py
[2022-10-27 22:53:23,455] {logging_mixin.py:115} INFO - [2022-10-27 22:53:23,455] {dag.py:2379} INFO - Sync 1 DAGs
[2022-10-27 22:53:23,483] {logging_mixin.py:115} INFO - [2022-10-27 22:53:23,483] {dag.py:2927} INFO - Setting next_dagrun for example_skip_dag to 2022-10-28T01:24:59.693935+00:00, run_after=2022-10-29T01:24:59.693935+00:00
[2022-10-27 22:53:23,735] {processor.py:161} INFO - Processing /home/nayara/Documentos/airflowalura/venv/lib/python3.9/site-packages/airflow/example_dags/example_skip_dag.py took 0.341 seconds
[2022-10-27 22:54:07,867] {processor.py:153} INFO - Started process (PID=54428) to work on /home/nayara/Documentos/airflowalura/venv/lib/python3.9/site-packages/airflow/example_dags/example_skip_dag.py
[2022-10-27 22:54:07,889] {processor.py:641} INFO - Processing file /home/nayara/Documentos/airflowalura/venv/lib/python3.9/site-packages/airflow/example_dags/example_skip_dag.py for tasks to queue
[2022-10-27 22:54:07,893] {logging_mixin.py:115} INFO - [2022-10-27 22:54:07,892] {dagbag.py:507} INFO - Filling up the DagBag from /home/nayara/Documentos/airflowalura/venv/lib/python3.9/site-packages/airflow/example_dags/example_skip_dag.py
[2022-10-27 22:54:07,924] {processor.py:651} INFO - DAG(s) dict_keys(['example_skip_dag']) retrieved from /home/nayara/Documentos/airflowalura/venv/lib/python3.9/site-packages/airflow/example_dags/example_skip_dag.py
[2022-10-27 22:54:07,963] {logging_mixin.py:115} INFO - [2022-10-27 22:54:07,963] {dag.py:2379} INFO - Sync 1 DAGs
[2022-10-27 22:54:07,993] {logging_mixin.py:115} INFO - [2022-10-27 22:54:07,993] {dag.py:2927} INFO - Setting next_dagrun for example_skip_dag to 2022-10-28T01:24:59.693935+00:00, run_after=2022-10-29T01:24:59.693935+00:00
[2022-10-27 22:54:08,256] {processor.py:161} INFO - Processing /home/nayara/Documentos/airflowalura/venv/lib/python3.9/site-packages/airflow/example_dags/example_skip_dag.py took 0.407 seconds
[2022-10-27 22:54:57,813] {processor.py:153} INFO - Started process (PID=54525) to work on /home/nayara/Documentos/airflowalura/venv/lib/python3.9/site-packages/airflow/example_dags/example_skip_dag.py
[2022-10-27 22:54:57,824] {processor.py:641} INFO - Processing file /home/nayara/Documentos/airflowalura/venv/lib/python3.9/site-packages/airflow/example_dags/example_skip_dag.py for tasks to queue
[2022-10-27 22:54:57,825] {logging_mixin.py:115} INFO - [2022-10-27 22:54:57,825] {dagbag.py:507} INFO - Filling up the DagBag from /home/nayara/Documentos/airflowalura/venv/lib/python3.9/site-packages/airflow/example_dags/example_skip_dag.py
[2022-10-27 22:54:57,838] {processor.py:651} INFO - DAG(s) dict_keys(['example_skip_dag']) retrieved from /home/nayara/Documentos/airflowalura/venv/lib/python3.9/site-packages/airflow/example_dags/example_skip_dag.py
[2022-10-27 22:54:57,861] {logging_mixin.py:115} INFO - [2022-10-27 22:54:57,861] {dag.py:2379} INFO - Sync 1 DAGs
[2022-10-27 22:54:57,883] {logging_mixin.py:115} INFO - [2022-10-27 22:54:57,883] {dag.py:2927} INFO - Setting next_dagrun for example_skip_dag to 2022-10-28T01:24:59.693935+00:00, run_after=2022-10-29T01:24:59.693935+00:00
[2022-10-27 22:54:58,172] {processor.py:161} INFO - Processing /home/nayara/Documentos/airflowalura/venv/lib/python3.9/site-packages/airflow/example_dags/example_skip_dag.py took 0.372 seconds
[2022-10-27 22:55:52,166] {processor.py:153} INFO - Started process (PID=54638) to work on /home/nayara/Documentos/airflowalura/venv/lib/python3.9/site-packages/airflow/example_dags/example_skip_dag.py
[2022-10-27 22:55:52,192] {processor.py:641} INFO - Processing file /home/nayara/Documentos/airflowalura/venv/lib/python3.9/site-packages/airflow/example_dags/example_skip_dag.py for tasks to queue
[2022-10-27 22:55:52,194] {logging_mixin.py:115} INFO - [2022-10-27 22:55:52,194] {dagbag.py:507} INFO - Filling up the DagBag from /home/nayara/Documentos/airflowalura/venv/lib/python3.9/site-packages/airflow/example_dags/example_skip_dag.py
[2022-10-27 22:55:52,229] {processor.py:651} INFO - DAG(s) dict_keys(['example_skip_dag']) retrieved from /home/nayara/Documentos/airflowalura/venv/lib/python3.9/site-packages/airflow/example_dags/example_skip_dag.py
[2022-10-27 22:55:52,264] {logging_mixin.py:115} INFO - [2022-10-27 22:55:52,264] {dag.py:2379} INFO - Sync 1 DAGs
[2022-10-27 22:55:52,291] {logging_mixin.py:115} INFO - [2022-10-27 22:55:52,291] {dag.py:2927} INFO - Setting next_dagrun for example_skip_dag to 2022-10-28T01:24:59.693935+00:00, run_after=2022-10-29T01:24:59.693935+00:00
[2022-10-27 22:55:52,524] {processor.py:161} INFO - Processing /home/nayara/Documentos/airflowalura/venv/lib/python3.9/site-packages/airflow/example_dags/example_skip_dag.py took 0.374 seconds
[2022-10-27 22:56:41,195] {processor.py:153} INFO - Started process (PID=54742) to work on /home/nayara/Documentos/airflowalura/venv/lib/python3.9/site-packages/airflow/example_dags/example_skip_dag.py
[2022-10-27 22:56:41,209] {processor.py:641} INFO - Processing file /home/nayara/Documentos/airflowalura/venv/lib/python3.9/site-packages/airflow/example_dags/example_skip_dag.py for tasks to queue
[2022-10-27 22:56:41,211] {logging_mixin.py:115} INFO - [2022-10-27 22:56:41,210] {dagbag.py:507} INFO - Filling up the DagBag from /home/nayara/Documentos/airflowalura/venv/lib/python3.9/site-packages/airflow/example_dags/example_skip_dag.py
[2022-10-27 22:56:41,217] {processor.py:651} INFO - DAG(s) dict_keys(['example_skip_dag']) retrieved from /home/nayara/Documentos/airflowalura/venv/lib/python3.9/site-packages/airflow/example_dags/example_skip_dag.py
[2022-10-27 22:56:41,238] {logging_mixin.py:115} INFO - [2022-10-27 22:56:41,238] {dag.py:2379} INFO - Sync 1 DAGs
[2022-10-27 22:56:41,261] {logging_mixin.py:115} INFO - [2022-10-27 22:56:41,261] {dag.py:2927} INFO - Setting next_dagrun for example_skip_dag to 2022-10-28T01:24:59.693935+00:00, run_after=2022-10-29T01:24:59.693935+00:00
[2022-10-27 22:56:41,716] {processor.py:161} INFO - Processing /home/nayara/Documentos/airflowalura/venv/lib/python3.9/site-packages/airflow/example_dags/example_skip_dag.py took 0.525 seconds
