[2022-10-27 22:16:02,231] {processor.py:153} INFO - Started process (PID=49006) to work on /home/nayara/Documentos/airflowalura/venv/lib/python3.9/site-packages/airflow/example_dags/example_python_operator.py
[2022-10-27 22:16:02,233] {processor.py:641} INFO - Processing file /home/nayara/Documentos/airflowalura/venv/lib/python3.9/site-packages/airflow/example_dags/example_python_operator.py for tasks to queue
[2022-10-27 22:16:02,236] {logging_mixin.py:115} INFO - [2022-10-27 22:16:02,235] {dagbag.py:507} INFO - Filling up the DagBag from /home/nayara/Documentos/airflowalura/venv/lib/python3.9/site-packages/airflow/example_dags/example_python_operator.py
[2022-10-27 22:16:02,653] {logging_mixin.py:115} INFO - [2022-10-27 22:16:02,652] {example_python_operator.py:68} WARNING - The virtalenv_python example task requires virtualenv, please install it.
[2022-10-27 22:16:02,654] {processor.py:651} INFO - DAG(s) dict_keys(['example_python_operator']) retrieved from /home/nayara/Documentos/airflowalura/venv/lib/python3.9/site-packages/airflow/example_dags/example_python_operator.py
[2022-10-27 22:16:04,045] {logging_mixin.py:115} INFO - [2022-10-27 22:16:04,044] {manager.py:508} INFO - Created Permission View: can read on DAG:example_python_operator
[2022-10-27 22:16:04,532] {logging_mixin.py:115} INFO - [2022-10-27 22:16:04,532] {manager.py:508} INFO - Created Permission View: can delete on DAG:example_python_operator
[2022-10-27 22:16:05,143] {logging_mixin.py:115} INFO - [2022-10-27 22:16:05,142] {manager.py:508} INFO - Created Permission View: can edit on DAG:example_python_operator
[2022-10-27 22:16:05,144] {logging_mixin.py:115} INFO - [2022-10-27 22:16:05,144] {dag.py:2379} INFO - Sync 1 DAGs
[2022-10-27 22:16:05,265] {logging_mixin.py:115} INFO - [2022-10-27 22:16:05,265] {dag.py:2398} INFO - Creating ORM DAG for example_python_operator
[2022-10-27 22:16:05,320] {logging_mixin.py:115} INFO - [2022-10-27 22:16:05,320] {dag.py:2927} INFO - Setting next_dagrun for example_python_operator to None, run_after=None
[2022-10-27 22:16:06,333] {processor.py:161} INFO - Processing /home/nayara/Documentos/airflowalura/venv/lib/python3.9/site-packages/airflow/example_dags/example_python_operator.py took 4.116 seconds
[2022-10-27 22:17:50,671] {processor.py:153} INFO - Started process (PID=49252) to work on /home/nayara/Documentos/airflowalura/venv/lib/python3.9/site-packages/airflow/example_dags/example_python_operator.py
[2022-10-27 22:17:50,673] {processor.py:641} INFO - Processing file /home/nayara/Documentos/airflowalura/venv/lib/python3.9/site-packages/airflow/example_dags/example_python_operator.py for tasks to queue
[2022-10-27 22:17:50,675] {logging_mixin.py:115} INFO - [2022-10-27 22:17:50,675] {dagbag.py:507} INFO - Filling up the DagBag from /home/nayara/Documentos/airflowalura/venv/lib/python3.9/site-packages/airflow/example_dags/example_python_operator.py
[2022-10-27 22:17:50,701] {logging_mixin.py:115} INFO - [2022-10-27 22:17:50,701] {example_python_operator.py:68} WARNING - The virtalenv_python example task requires virtualenv, please install it.
[2022-10-27 22:17:50,701] {processor.py:651} INFO - DAG(s) dict_keys(['example_python_operator']) retrieved from /home/nayara/Documentos/airflowalura/venv/lib/python3.9/site-packages/airflow/example_dags/example_python_operator.py
[2022-10-27 22:17:50,723] {logging_mixin.py:115} INFO - [2022-10-27 22:17:50,723] {dag.py:2379} INFO - Sync 1 DAGs
[2022-10-27 22:17:50,743] {logging_mixin.py:115} INFO - [2022-10-27 22:17:50,743] {dag.py:2927} INFO - Setting next_dagrun for example_python_operator to None, run_after=None
[2022-10-27 22:17:50,966] {processor.py:161} INFO - Processing /home/nayara/Documentos/airflowalura/venv/lib/python3.9/site-packages/airflow/example_dags/example_python_operator.py took 0.307 seconds
[2022-10-27 22:18:51,114] {processor.py:153} INFO - Started process (PID=49409) to work on /home/nayara/Documentos/airflowalura/venv/lib/python3.9/site-packages/airflow/example_dags/example_python_operator.py
[2022-10-27 22:18:51,223] {processor.py:641} INFO - Processing file /home/nayara/Documentos/airflowalura/venv/lib/python3.9/site-packages/airflow/example_dags/example_python_operator.py for tasks to queue
[2022-10-27 22:18:51,225] {logging_mixin.py:115} INFO - [2022-10-27 22:18:51,225] {dagbag.py:507} INFO - Filling up the DagBag from /home/nayara/Documentos/airflowalura/venv/lib/python3.9/site-packages/airflow/example_dags/example_python_operator.py
[2022-10-27 22:18:51,249] {logging_mixin.py:115} INFO - [2022-10-27 22:18:51,249] {example_python_operator.py:68} WARNING - The virtalenv_python example task requires virtualenv, please install it.
[2022-10-27 22:18:51,250] {processor.py:651} INFO - DAG(s) dict_keys(['example_python_operator']) retrieved from /home/nayara/Documentos/airflowalura/venv/lib/python3.9/site-packages/airflow/example_dags/example_python_operator.py
[2022-10-27 22:18:51,272] {logging_mixin.py:115} INFO - [2022-10-27 22:18:51,272] {dag.py:2379} INFO - Sync 1 DAGs
[2022-10-27 22:18:51,293] {logging_mixin.py:115} INFO - [2022-10-27 22:18:51,292] {dag.py:2927} INFO - Setting next_dagrun for example_python_operator to None, run_after=None
[2022-10-27 22:18:52,735] {processor.py:161} INFO - Processing /home/nayara/Documentos/airflowalura/venv/lib/python3.9/site-packages/airflow/example_dags/example_python_operator.py took 1.625 seconds
[2022-10-27 22:20:21,069] {processor.py:153} INFO - Started process (PID=49851) to work on /home/nayara/Documentos/airflowalura/venv/lib/python3.9/site-packages/airflow/example_dags/example_python_operator.py
[2022-10-27 22:20:21,184] {processor.py:641} INFO - Processing file /home/nayara/Documentos/airflowalura/venv/lib/python3.9/site-packages/airflow/example_dags/example_python_operator.py for tasks to queue
[2022-10-27 22:20:21,187] {logging_mixin.py:115} INFO - [2022-10-27 22:20:21,186] {dagbag.py:507} INFO - Filling up the DagBag from /home/nayara/Documentos/airflowalura/venv/lib/python3.9/site-packages/airflow/example_dags/example_python_operator.py
[2022-10-27 22:20:21,250] {logging_mixin.py:115} INFO - [2022-10-27 22:20:21,250] {example_python_operator.py:68} WARNING - The virtalenv_python example task requires virtualenv, please install it.
[2022-10-27 22:20:21,252] {processor.py:651} INFO - DAG(s) dict_keys(['example_python_operator']) retrieved from /home/nayara/Documentos/airflowalura/venv/lib/python3.9/site-packages/airflow/example_dags/example_python_operator.py
[2022-10-27 22:20:21,293] {logging_mixin.py:115} INFO - [2022-10-27 22:20:21,293] {dag.py:2379} INFO - Sync 1 DAGs
[2022-10-27 22:20:21,320] {logging_mixin.py:115} INFO - [2022-10-27 22:20:21,320] {dag.py:2927} INFO - Setting next_dagrun for example_python_operator to None, run_after=None
[2022-10-27 22:20:21,582] {processor.py:161} INFO - Processing /home/nayara/Documentos/airflowalura/venv/lib/python3.9/site-packages/airflow/example_dags/example_python_operator.py took 0.532 seconds
[2022-10-27 22:21:16,391] {processor.py:153} INFO - Started process (PID=49975) to work on /home/nayara/Documentos/airflowalura/venv/lib/python3.9/site-packages/airflow/example_dags/example_python_operator.py
[2022-10-27 22:21:16,406] {processor.py:641} INFO - Processing file /home/nayara/Documentos/airflowalura/venv/lib/python3.9/site-packages/airflow/example_dags/example_python_operator.py for tasks to queue
[2022-10-27 22:21:16,410] {logging_mixin.py:115} INFO - [2022-10-27 22:21:16,409] {dagbag.py:507} INFO - Filling up the DagBag from /home/nayara/Documentos/airflowalura/venv/lib/python3.9/site-packages/airflow/example_dags/example_python_operator.py
[2022-10-27 22:21:16,470] {logging_mixin.py:115} INFO - [2022-10-27 22:21:16,470] {example_python_operator.py:68} WARNING - The virtalenv_python example task requires virtualenv, please install it.
[2022-10-27 22:21:16,471] {processor.py:651} INFO - DAG(s) dict_keys(['example_python_operator']) retrieved from /home/nayara/Documentos/airflowalura/venv/lib/python3.9/site-packages/airflow/example_dags/example_python_operator.py
[2022-10-27 22:21:16,499] {logging_mixin.py:115} INFO - [2022-10-27 22:21:16,499] {dag.py:2379} INFO - Sync 1 DAGs
[2022-10-27 22:21:16,523] {logging_mixin.py:115} INFO - [2022-10-27 22:21:16,523] {dag.py:2927} INFO - Setting next_dagrun for example_python_operator to None, run_after=None
[2022-10-27 22:21:16,849] {processor.py:161} INFO - Processing /home/nayara/Documentos/airflowalura/venv/lib/python3.9/site-packages/airflow/example_dags/example_python_operator.py took 0.476 seconds
[2022-10-27 22:22:07,531] {processor.py:153} INFO - Started process (PID=50093) to work on /home/nayara/Documentos/airflowalura/venv/lib/python3.9/site-packages/airflow/example_dags/example_python_operator.py
[2022-10-27 22:22:07,534] {processor.py:641} INFO - Processing file /home/nayara/Documentos/airflowalura/venv/lib/python3.9/site-packages/airflow/example_dags/example_python_operator.py for tasks to queue
[2022-10-27 22:22:07,537] {logging_mixin.py:115} INFO - [2022-10-27 22:22:07,537] {dagbag.py:507} INFO - Filling up the DagBag from /home/nayara/Documentos/airflowalura/venv/lib/python3.9/site-packages/airflow/example_dags/example_python_operator.py
[2022-10-27 22:22:07,590] {logging_mixin.py:115} INFO - [2022-10-27 22:22:07,590] {example_python_operator.py:68} WARNING - The virtalenv_python example task requires virtualenv, please install it.
[2022-10-27 22:22:07,590] {processor.py:651} INFO - DAG(s) dict_keys(['example_python_operator']) retrieved from /home/nayara/Documentos/airflowalura/venv/lib/python3.9/site-packages/airflow/example_dags/example_python_operator.py
[2022-10-27 22:22:07,616] {logging_mixin.py:115} INFO - [2022-10-27 22:22:07,616] {dag.py:2379} INFO - Sync 1 DAGs
[2022-10-27 22:22:07,641] {logging_mixin.py:115} INFO - [2022-10-27 22:22:07,641] {dag.py:2927} INFO - Setting next_dagrun for example_python_operator to None, run_after=None
[2022-10-27 22:22:07,954] {processor.py:161} INFO - Processing /home/nayara/Documentos/airflowalura/venv/lib/python3.9/site-packages/airflow/example_dags/example_python_operator.py took 0.443 seconds
[2022-10-27 22:23:06,975] {processor.py:153} INFO - Started process (PID=50220) to work on /home/nayara/Documentos/airflowalura/venv/lib/python3.9/site-packages/airflow/example_dags/example_python_operator.py
[2022-10-27 22:23:07,010] {processor.py:641} INFO - Processing file /home/nayara/Documentos/airflowalura/venv/lib/python3.9/site-packages/airflow/example_dags/example_python_operator.py for tasks to queue
[2022-10-27 22:23:07,013] {logging_mixin.py:115} INFO - [2022-10-27 22:23:07,013] {dagbag.py:507} INFO - Filling up the DagBag from /home/nayara/Documentos/airflowalura/venv/lib/python3.9/site-packages/airflow/example_dags/example_python_operator.py
[2022-10-27 22:23:07,084] {logging_mixin.py:115} INFO - [2022-10-27 22:23:07,084] {example_python_operator.py:68} WARNING - The virtalenv_python example task requires virtualenv, please install it.
[2022-10-27 22:23:07,085] {processor.py:651} INFO - DAG(s) dict_keys(['example_python_operator']) retrieved from /home/nayara/Documentos/airflowalura/venv/lib/python3.9/site-packages/airflow/example_dags/example_python_operator.py
[2022-10-27 22:23:07,135] {logging_mixin.py:115} INFO - [2022-10-27 22:23:07,135] {dag.py:2379} INFO - Sync 1 DAGs
[2022-10-27 22:23:07,167] {logging_mixin.py:115} INFO - [2022-10-27 22:23:07,167] {dag.py:2927} INFO - Setting next_dagrun for example_python_operator to None, run_after=None
[2022-10-27 22:23:07,454] {processor.py:161} INFO - Processing /home/nayara/Documentos/airflowalura/venv/lib/python3.9/site-packages/airflow/example_dags/example_python_operator.py took 0.495 seconds
[2022-10-27 22:24:14,371] {processor.py:153} INFO - Started process (PID=50378) to work on /home/nayara/Documentos/airflowalura/venv/lib/python3.9/site-packages/airflow/example_dags/example_python_operator.py
[2022-10-27 22:24:14,394] {processor.py:641} INFO - Processing file /home/nayara/Documentos/airflowalura/venv/lib/python3.9/site-packages/airflow/example_dags/example_python_operator.py for tasks to queue
[2022-10-27 22:24:14,396] {logging_mixin.py:115} INFO - [2022-10-27 22:24:14,395] {dagbag.py:507} INFO - Filling up the DagBag from /home/nayara/Documentos/airflowalura/venv/lib/python3.9/site-packages/airflow/example_dags/example_python_operator.py
[2022-10-27 22:24:14,427] {logging_mixin.py:115} INFO - [2022-10-27 22:24:14,427] {example_python_operator.py:68} WARNING - The virtalenv_python example task requires virtualenv, please install it.
[2022-10-27 22:24:14,428] {processor.py:651} INFO - DAG(s) dict_keys(['example_python_operator']) retrieved from /home/nayara/Documentos/airflowalura/venv/lib/python3.9/site-packages/airflow/example_dags/example_python_operator.py
[2022-10-27 22:24:14,452] {logging_mixin.py:115} INFO - [2022-10-27 22:24:14,451] {dag.py:2379} INFO - Sync 1 DAGs
[2022-10-27 22:24:14,479] {logging_mixin.py:115} INFO - [2022-10-27 22:24:14,479] {dag.py:2927} INFO - Setting next_dagrun for example_python_operator to None, run_after=None
[2022-10-27 22:24:14,729] {processor.py:161} INFO - Processing /home/nayara/Documentos/airflowalura/venv/lib/python3.9/site-packages/airflow/example_dags/example_python_operator.py took 0.377 seconds
[2022-10-27 22:25:02,689] {processor.py:153} INFO - Started process (PID=50495) to work on /home/nayara/Documentos/airflowalura/venv/lib/python3.9/site-packages/airflow/example_dags/example_python_operator.py
[2022-10-27 22:25:02,691] {processor.py:641} INFO - Processing file /home/nayara/Documentos/airflowalura/venv/lib/python3.9/site-packages/airflow/example_dags/example_python_operator.py for tasks to queue
[2022-10-27 22:25:02,693] {logging_mixin.py:115} INFO - [2022-10-27 22:25:02,692] {dagbag.py:507} INFO - Filling up the DagBag from /home/nayara/Documentos/airflowalura/venv/lib/python3.9/site-packages/airflow/example_dags/example_python_operator.py
[2022-10-27 22:25:02,726] {logging_mixin.py:115} INFO - [2022-10-27 22:25:02,726] {example_python_operator.py:68} WARNING - The virtalenv_python example task requires virtualenv, please install it.
[2022-10-27 22:25:02,726] {processor.py:651} INFO - DAG(s) dict_keys(['example_python_operator']) retrieved from /home/nayara/Documentos/airflowalura/venv/lib/python3.9/site-packages/airflow/example_dags/example_python_operator.py
[2022-10-27 22:25:02,761] {logging_mixin.py:115} INFO - [2022-10-27 22:25:02,761] {dag.py:2379} INFO - Sync 1 DAGs
[2022-10-27 22:25:02,796] {logging_mixin.py:115} INFO - [2022-10-27 22:25:02,796] {dag.py:2927} INFO - Setting next_dagrun for example_python_operator to None, run_after=None
[2022-10-27 22:25:02,989] {processor.py:161} INFO - Processing /home/nayara/Documentos/airflowalura/venv/lib/python3.9/site-packages/airflow/example_dags/example_python_operator.py took 0.311 seconds
[2022-10-27 22:25:57,440] {processor.py:153} INFO - Started process (PID=50605) to work on /home/nayara/Documentos/airflowalura/venv/lib/python3.9/site-packages/airflow/example_dags/example_python_operator.py
[2022-10-27 22:25:57,493] {processor.py:641} INFO - Processing file /home/nayara/Documentos/airflowalura/venv/lib/python3.9/site-packages/airflow/example_dags/example_python_operator.py for tasks to queue
[2022-10-27 22:25:57,496] {logging_mixin.py:115} INFO - [2022-10-27 22:25:57,495] {dagbag.py:507} INFO - Filling up the DagBag from /home/nayara/Documentos/airflowalura/venv/lib/python3.9/site-packages/airflow/example_dags/example_python_operator.py
[2022-10-27 22:25:57,530] {logging_mixin.py:115} INFO - [2022-10-27 22:25:57,529] {example_python_operator.py:68} WARNING - The virtalenv_python example task requires virtualenv, please install it.
[2022-10-27 22:25:57,530] {processor.py:651} INFO - DAG(s) dict_keys(['example_python_operator']) retrieved from /home/nayara/Documentos/airflowalura/venv/lib/python3.9/site-packages/airflow/example_dags/example_python_operator.py
[2022-10-27 22:25:57,562] {logging_mixin.py:115} INFO - [2022-10-27 22:25:57,562] {dag.py:2379} INFO - Sync 1 DAGs
[2022-10-27 22:25:57,591] {logging_mixin.py:115} INFO - [2022-10-27 22:25:57,591] {dag.py:2927} INFO - Setting next_dagrun for example_python_operator to None, run_after=None
[2022-10-27 22:25:58,088] {processor.py:161} INFO - Processing /home/nayara/Documentos/airflowalura/venv/lib/python3.9/site-packages/airflow/example_dags/example_python_operator.py took 0.662 seconds
[2022-10-27 22:26:51,487] {processor.py:153} INFO - Started process (PID=50738) to work on /home/nayara/Documentos/airflowalura/venv/lib/python3.9/site-packages/airflow/example_dags/example_python_operator.py
[2022-10-27 22:26:51,521] {processor.py:641} INFO - Processing file /home/nayara/Documentos/airflowalura/venv/lib/python3.9/site-packages/airflow/example_dags/example_python_operator.py for tasks to queue
[2022-10-27 22:26:51,535] {logging_mixin.py:115} INFO - [2022-10-27 22:26:51,534] {dagbag.py:507} INFO - Filling up the DagBag from /home/nayara/Documentos/airflowalura/venv/lib/python3.9/site-packages/airflow/example_dags/example_python_operator.py
[2022-10-27 22:26:51,582] {logging_mixin.py:115} INFO - [2022-10-27 22:26:51,582] {example_python_operator.py:68} WARNING - The virtalenv_python example task requires virtualenv, please install it.
[2022-10-27 22:26:51,583] {processor.py:651} INFO - DAG(s) dict_keys(['example_python_operator']) retrieved from /home/nayara/Documentos/airflowalura/venv/lib/python3.9/site-packages/airflow/example_dags/example_python_operator.py
[2022-10-27 22:26:51,609] {logging_mixin.py:115} INFO - [2022-10-27 22:26:51,609] {dag.py:2379} INFO - Sync 1 DAGs
[2022-10-27 22:26:51,643] {logging_mixin.py:115} INFO - [2022-10-27 22:26:51,643] {dag.py:2927} INFO - Setting next_dagrun for example_python_operator to None, run_after=None
[2022-10-27 22:26:52,224] {processor.py:161} INFO - Processing /home/nayara/Documentos/airflowalura/venv/lib/python3.9/site-packages/airflow/example_dags/example_python_operator.py took 0.757 seconds
[2022-10-27 22:27:33,680] {processor.py:153} INFO - Started process (PID=50823) to work on /home/nayara/Documentos/airflowalura/venv/lib/python3.9/site-packages/airflow/example_dags/example_python_operator.py
[2022-10-27 22:27:33,693] {processor.py:641} INFO - Processing file /home/nayara/Documentos/airflowalura/venv/lib/python3.9/site-packages/airflow/example_dags/example_python_operator.py for tasks to queue
[2022-10-27 22:27:33,694] {logging_mixin.py:115} INFO - [2022-10-27 22:27:33,694] {dagbag.py:507} INFO - Filling up the DagBag from /home/nayara/Documentos/airflowalura/venv/lib/python3.9/site-packages/airflow/example_dags/example_python_operator.py
[2022-10-27 22:27:33,726] {logging_mixin.py:115} INFO - [2022-10-27 22:27:33,726] {example_python_operator.py:68} WARNING - The virtalenv_python example task requires virtualenv, please install it.
[2022-10-27 22:27:33,727] {processor.py:651} INFO - DAG(s) dict_keys(['example_python_operator']) retrieved from /home/nayara/Documentos/airflowalura/venv/lib/python3.9/site-packages/airflow/example_dags/example_python_operator.py
[2022-10-27 22:27:33,761] {logging_mixin.py:115} INFO - [2022-10-27 22:27:33,761] {dag.py:2379} INFO - Sync 1 DAGs
[2022-10-27 22:27:33,791] {logging_mixin.py:115} INFO - [2022-10-27 22:27:33,791] {dag.py:2927} INFO - Setting next_dagrun for example_python_operator to None, run_after=None
[2022-10-27 22:27:33,991] {processor.py:161} INFO - Processing /home/nayara/Documentos/airflowalura/venv/lib/python3.9/site-packages/airflow/example_dags/example_python_operator.py took 0.321 seconds
[2022-10-27 22:28:25,092] {processor.py:153} INFO - Started process (PID=51014) to work on /home/nayara/Documentos/airflowalura/venv/lib/python3.9/site-packages/airflow/example_dags/example_python_operator.py
[2022-10-27 22:28:25,118] {processor.py:641} INFO - Processing file /home/nayara/Documentos/airflowalura/venv/lib/python3.9/site-packages/airflow/example_dags/example_python_operator.py for tasks to queue
[2022-10-27 22:28:25,120] {logging_mixin.py:115} INFO - [2022-10-27 22:28:25,119] {dagbag.py:507} INFO - Filling up the DagBag from /home/nayara/Documentos/airflowalura/venv/lib/python3.9/site-packages/airflow/example_dags/example_python_operator.py
[2022-10-27 22:28:25,158] {logging_mixin.py:115} INFO - [2022-10-27 22:28:25,158] {example_python_operator.py:68} WARNING - The virtalenv_python example task requires virtualenv, please install it.
[2022-10-27 22:28:25,159] {processor.py:651} INFO - DAG(s) dict_keys(['example_python_operator']) retrieved from /home/nayara/Documentos/airflowalura/venv/lib/python3.9/site-packages/airflow/example_dags/example_python_operator.py
[2022-10-27 22:28:25,184] {logging_mixin.py:115} INFO - [2022-10-27 22:28:25,184] {dag.py:2379} INFO - Sync 1 DAGs
[2022-10-27 22:28:25,208] {logging_mixin.py:115} INFO - [2022-10-27 22:28:25,208] {dag.py:2927} INFO - Setting next_dagrun for example_python_operator to None, run_after=None
[2022-10-27 22:28:25,416] {processor.py:161} INFO - Processing /home/nayara/Documentos/airflowalura/venv/lib/python3.9/site-packages/airflow/example_dags/example_python_operator.py took 0.332 seconds
[2022-10-27 22:29:16,297] {processor.py:153} INFO - Started process (PID=51125) to work on /home/nayara/Documentos/airflowalura/venv/lib/python3.9/site-packages/airflow/example_dags/example_python_operator.py
[2022-10-27 22:29:16,313] {processor.py:641} INFO - Processing file /home/nayara/Documentos/airflowalura/venv/lib/python3.9/site-packages/airflow/example_dags/example_python_operator.py for tasks to queue
[2022-10-27 22:29:16,316] {logging_mixin.py:115} INFO - [2022-10-27 22:29:16,315] {dagbag.py:507} INFO - Filling up the DagBag from /home/nayara/Documentos/airflowalura/venv/lib/python3.9/site-packages/airflow/example_dags/example_python_operator.py
[2022-10-27 22:29:16,353] {logging_mixin.py:115} INFO - [2022-10-27 22:29:16,353] {example_python_operator.py:68} WARNING - The virtalenv_python example task requires virtualenv, please install it.
[2022-10-27 22:29:16,353] {processor.py:651} INFO - DAG(s) dict_keys(['example_python_operator']) retrieved from /home/nayara/Documentos/airflowalura/venv/lib/python3.9/site-packages/airflow/example_dags/example_python_operator.py
[2022-10-27 22:29:16,374] {logging_mixin.py:115} INFO - [2022-10-27 22:29:16,374] {dag.py:2379} INFO - Sync 1 DAGs
[2022-10-27 22:29:16,402] {logging_mixin.py:115} INFO - [2022-10-27 22:29:16,402] {dag.py:2927} INFO - Setting next_dagrun for example_python_operator to None, run_after=None
[2022-10-27 22:29:16,640] {processor.py:161} INFO - Processing /home/nayara/Documentos/airflowalura/venv/lib/python3.9/site-packages/airflow/example_dags/example_python_operator.py took 0.361 seconds
[2022-10-27 22:30:02,258] {processor.py:153} INFO - Started process (PID=51213) to work on /home/nayara/Documentos/airflowalura/venv/lib/python3.9/site-packages/airflow/example_dags/example_python_operator.py
[2022-10-27 22:30:02,271] {processor.py:641} INFO - Processing file /home/nayara/Documentos/airflowalura/venv/lib/python3.9/site-packages/airflow/example_dags/example_python_operator.py for tasks to queue
[2022-10-27 22:30:02,271] {logging_mixin.py:115} INFO - [2022-10-27 22:30:02,271] {dagbag.py:507} INFO - Filling up the DagBag from /home/nayara/Documentos/airflowalura/venv/lib/python3.9/site-packages/airflow/example_dags/example_python_operator.py
[2022-10-27 22:30:02,299] {logging_mixin.py:115} INFO - [2022-10-27 22:30:02,298] {example_python_operator.py:68} WARNING - The virtalenv_python example task requires virtualenv, please install it.
[2022-10-27 22:30:02,299] {processor.py:651} INFO - DAG(s) dict_keys(['example_python_operator']) retrieved from /home/nayara/Documentos/airflowalura/venv/lib/python3.9/site-packages/airflow/example_dags/example_python_operator.py
[2022-10-27 22:30:02,318] {logging_mixin.py:115} INFO - [2022-10-27 22:30:02,317] {dag.py:2379} INFO - Sync 1 DAGs
[2022-10-27 22:30:02,338] {logging_mixin.py:115} INFO - [2022-10-27 22:30:02,338] {dag.py:2927} INFO - Setting next_dagrun for example_python_operator to None, run_after=None
[2022-10-27 22:30:02,898] {processor.py:161} INFO - Processing /home/nayara/Documentos/airflowalura/venv/lib/python3.9/site-packages/airflow/example_dags/example_python_operator.py took 0.649 seconds
[2022-10-27 22:31:00,792] {processor.py:153} INFO - Started process (PID=51317) to work on /home/nayara/Documentos/airflowalura/venv/lib/python3.9/site-packages/airflow/example_dags/example_python_operator.py
[2022-10-27 22:31:00,805] {processor.py:641} INFO - Processing file /home/nayara/Documentos/airflowalura/venv/lib/python3.9/site-packages/airflow/example_dags/example_python_operator.py for tasks to queue
[2022-10-27 22:31:00,807] {logging_mixin.py:115} INFO - [2022-10-27 22:31:00,807] {dagbag.py:507} INFO - Filling up the DagBag from /home/nayara/Documentos/airflowalura/venv/lib/python3.9/site-packages/airflow/example_dags/example_python_operator.py
[2022-10-27 22:31:00,840] {logging_mixin.py:115} INFO - [2022-10-27 22:31:00,840] {example_python_operator.py:68} WARNING - The virtalenv_python example task requires virtualenv, please install it.
[2022-10-27 22:31:00,840] {processor.py:651} INFO - DAG(s) dict_keys(['example_python_operator']) retrieved from /home/nayara/Documentos/airflowalura/venv/lib/python3.9/site-packages/airflow/example_dags/example_python_operator.py
[2022-10-27 22:31:00,859] {logging_mixin.py:115} INFO - [2022-10-27 22:31:00,859] {dag.py:2379} INFO - Sync 1 DAGs
[2022-10-27 22:31:00,880] {logging_mixin.py:115} INFO - [2022-10-27 22:31:00,880] {dag.py:2927} INFO - Setting next_dagrun for example_python_operator to None, run_after=None
[2022-10-27 22:31:01,108] {processor.py:161} INFO - Processing /home/nayara/Documentos/airflowalura/venv/lib/python3.9/site-packages/airflow/example_dags/example_python_operator.py took 0.330 seconds
[2022-10-27 22:31:43,542] {processor.py:153} INFO - Started process (PID=51422) to work on /home/nayara/Documentos/airflowalura/venv/lib/python3.9/site-packages/airflow/example_dags/example_python_operator.py
[2022-10-27 22:31:43,569] {processor.py:641} INFO - Processing file /home/nayara/Documentos/airflowalura/venv/lib/python3.9/site-packages/airflow/example_dags/example_python_operator.py for tasks to queue
[2022-10-27 22:31:43,571] {logging_mixin.py:115} INFO - [2022-10-27 22:31:43,571] {dagbag.py:507} INFO - Filling up the DagBag from /home/nayara/Documentos/airflowalura/venv/lib/python3.9/site-packages/airflow/example_dags/example_python_operator.py
[2022-10-27 22:31:43,631] {logging_mixin.py:115} INFO - [2022-10-27 22:31:43,631] {example_python_operator.py:68} WARNING - The virtalenv_python example task requires virtualenv, please install it.
[2022-10-27 22:31:43,632] {processor.py:651} INFO - DAG(s) dict_keys(['example_python_operator']) retrieved from /home/nayara/Documentos/airflowalura/venv/lib/python3.9/site-packages/airflow/example_dags/example_python_operator.py
[2022-10-27 22:31:43,659] {logging_mixin.py:115} INFO - [2022-10-27 22:31:43,659] {dag.py:2379} INFO - Sync 1 DAGs
[2022-10-27 22:31:43,686] {logging_mixin.py:115} INFO - [2022-10-27 22:31:43,685] {dag.py:2927} INFO - Setting next_dagrun for example_python_operator to None, run_after=None
[2022-10-27 22:31:43,926] {processor.py:161} INFO - Processing /home/nayara/Documentos/airflowalura/venv/lib/python3.9/site-packages/airflow/example_dags/example_python_operator.py took 0.395 seconds
[2022-10-27 22:32:48,192] {processor.py:153} INFO - Started process (PID=51553) to work on /home/nayara/Documentos/airflowalura/venv/lib/python3.9/site-packages/airflow/example_dags/example_python_operator.py
[2022-10-27 22:32:48,225] {processor.py:641} INFO - Processing file /home/nayara/Documentos/airflowalura/venv/lib/python3.9/site-packages/airflow/example_dags/example_python_operator.py for tasks to queue
[2022-10-27 22:32:48,226] {logging_mixin.py:115} INFO - [2022-10-27 22:32:48,226] {dagbag.py:507} INFO - Filling up the DagBag from /home/nayara/Documentos/airflowalura/venv/lib/python3.9/site-packages/airflow/example_dags/example_python_operator.py
[2022-10-27 22:32:48,251] {logging_mixin.py:115} INFO - [2022-10-27 22:32:48,251] {example_python_operator.py:68} WARNING - The virtalenv_python example task requires virtualenv, please install it.
[2022-10-27 22:32:48,252] {processor.py:651} INFO - DAG(s) dict_keys(['example_python_operator']) retrieved from /home/nayara/Documentos/airflowalura/venv/lib/python3.9/site-packages/airflow/example_dags/example_python_operator.py
[2022-10-27 22:32:48,270] {logging_mixin.py:115} INFO - [2022-10-27 22:32:48,270] {dag.py:2379} INFO - Sync 1 DAGs
[2022-10-27 22:32:48,291] {logging_mixin.py:115} INFO - [2022-10-27 22:32:48,291] {dag.py:2927} INFO - Setting next_dagrun for example_python_operator to None, run_after=None
[2022-10-27 22:32:48,564] {processor.py:161} INFO - Processing /home/nayara/Documentos/airflowalura/venv/lib/python3.9/site-packages/airflow/example_dags/example_python_operator.py took 0.378 seconds
[2022-10-27 22:33:38,837] {processor.py:153} INFO - Started process (PID=51669) to work on /home/nayara/Documentos/airflowalura/venv/lib/python3.9/site-packages/airflow/example_dags/example_python_operator.py
[2022-10-27 22:33:38,838] {processor.py:641} INFO - Processing file /home/nayara/Documentos/airflowalura/venv/lib/python3.9/site-packages/airflow/example_dags/example_python_operator.py for tasks to queue
[2022-10-27 22:33:38,839] {logging_mixin.py:115} INFO - [2022-10-27 22:33:38,839] {dagbag.py:507} INFO - Filling up the DagBag from /home/nayara/Documentos/airflowalura/venv/lib/python3.9/site-packages/airflow/example_dags/example_python_operator.py
[2022-10-27 22:33:38,872] {logging_mixin.py:115} INFO - [2022-10-27 22:33:38,872] {example_python_operator.py:68} WARNING - The virtalenv_python example task requires virtualenv, please install it.
[2022-10-27 22:33:38,873] {processor.py:651} INFO - DAG(s) dict_keys(['example_python_operator']) retrieved from /home/nayara/Documentos/airflowalura/venv/lib/python3.9/site-packages/airflow/example_dags/example_python_operator.py
[2022-10-27 22:33:38,901] {logging_mixin.py:115} INFO - [2022-10-27 22:33:38,900] {dag.py:2379} INFO - Sync 1 DAGs
[2022-10-27 22:33:38,928] {logging_mixin.py:115} INFO - [2022-10-27 22:33:38,927] {dag.py:2927} INFO - Setting next_dagrun for example_python_operator to None, run_after=None
[2022-10-27 22:33:39,195] {processor.py:161} INFO - Processing /home/nayara/Documentos/airflowalura/venv/lib/python3.9/site-packages/airflow/example_dags/example_python_operator.py took 0.363 seconds
[2022-10-27 22:34:35,973] {processor.py:153} INFO - Started process (PID=51770) to work on /home/nayara/Documentos/airflowalura/venv/lib/python3.9/site-packages/airflow/example_dags/example_python_operator.py
[2022-10-27 22:34:35,991] {processor.py:641} INFO - Processing file /home/nayara/Documentos/airflowalura/venv/lib/python3.9/site-packages/airflow/example_dags/example_python_operator.py for tasks to queue
[2022-10-27 22:34:35,991] {logging_mixin.py:115} INFO - [2022-10-27 22:34:35,991] {dagbag.py:507} INFO - Filling up the DagBag from /home/nayara/Documentos/airflowalura/venv/lib/python3.9/site-packages/airflow/example_dags/example_python_operator.py
[2022-10-27 22:34:36,028] {logging_mixin.py:115} INFO - [2022-10-27 22:34:36,028] {example_python_operator.py:68} WARNING - The virtalenv_python example task requires virtualenv, please install it.
[2022-10-27 22:34:36,029] {processor.py:651} INFO - DAG(s) dict_keys(['example_python_operator']) retrieved from /home/nayara/Documentos/airflowalura/venv/lib/python3.9/site-packages/airflow/example_dags/example_python_operator.py
[2022-10-27 22:34:36,047] {logging_mixin.py:115} INFO - [2022-10-27 22:34:36,046] {dag.py:2379} INFO - Sync 1 DAGs
[2022-10-27 22:34:36,067] {logging_mixin.py:115} INFO - [2022-10-27 22:34:36,067] {dag.py:2927} INFO - Setting next_dagrun for example_python_operator to None, run_after=None
[2022-10-27 22:34:36,294] {processor.py:161} INFO - Processing /home/nayara/Documentos/airflowalura/venv/lib/python3.9/site-packages/airflow/example_dags/example_python_operator.py took 0.324 seconds
[2022-10-27 22:35:19,153] {processor.py:153} INFO - Started process (PID=51836) to work on /home/nayara/Documentos/airflowalura/venv/lib/python3.9/site-packages/airflow/example_dags/example_python_operator.py
[2022-10-27 22:35:19,172] {processor.py:641} INFO - Processing file /home/nayara/Documentos/airflowalura/venv/lib/python3.9/site-packages/airflow/example_dags/example_python_operator.py for tasks to queue
[2022-10-27 22:35:19,173] {logging_mixin.py:115} INFO - [2022-10-27 22:35:19,173] {dagbag.py:507} INFO - Filling up the DagBag from /home/nayara/Documentos/airflowalura/venv/lib/python3.9/site-packages/airflow/example_dags/example_python_operator.py
[2022-10-27 22:35:19,201] {logging_mixin.py:115} INFO - [2022-10-27 22:35:19,201] {example_python_operator.py:68} WARNING - The virtalenv_python example task requires virtualenv, please install it.
[2022-10-27 22:35:19,201] {processor.py:651} INFO - DAG(s) dict_keys(['example_python_operator']) retrieved from /home/nayara/Documentos/airflowalura/venv/lib/python3.9/site-packages/airflow/example_dags/example_python_operator.py
[2022-10-27 22:35:19,218] {logging_mixin.py:115} INFO - [2022-10-27 22:35:19,218] {dag.py:2379} INFO - Sync 1 DAGs
[2022-10-27 22:35:19,238] {logging_mixin.py:115} INFO - [2022-10-27 22:35:19,238] {dag.py:2927} INFO - Setting next_dagrun for example_python_operator to None, run_after=None
[2022-10-27 22:35:19,537] {processor.py:161} INFO - Processing /home/nayara/Documentos/airflowalura/venv/lib/python3.9/site-packages/airflow/example_dags/example_python_operator.py took 0.387 seconds
[2022-10-27 22:36:21,439] {processor.py:153} INFO - Started process (PID=51958) to work on /home/nayara/Documentos/airflowalura/venv/lib/python3.9/site-packages/airflow/example_dags/example_python_operator.py
[2022-10-27 22:36:21,457] {processor.py:641} INFO - Processing file /home/nayara/Documentos/airflowalura/venv/lib/python3.9/site-packages/airflow/example_dags/example_python_operator.py for tasks to queue
[2022-10-27 22:36:21,460] {logging_mixin.py:115} INFO - [2022-10-27 22:36:21,459] {dagbag.py:507} INFO - Filling up the DagBag from /home/nayara/Documentos/airflowalura/venv/lib/python3.9/site-packages/airflow/example_dags/example_python_operator.py
[2022-10-27 22:36:21,537] {logging_mixin.py:115} INFO - [2022-10-27 22:36:21,537] {example_python_operator.py:68} WARNING - The virtalenv_python example task requires virtualenv, please install it.
[2022-10-27 22:36:21,538] {processor.py:651} INFO - DAG(s) dict_keys(['example_python_operator']) retrieved from /home/nayara/Documentos/airflowalura/venv/lib/python3.9/site-packages/airflow/example_dags/example_python_operator.py
[2022-10-27 22:36:21,558] {logging_mixin.py:115} INFO - [2022-10-27 22:36:21,557] {dag.py:2379} INFO - Sync 1 DAGs
[2022-10-27 22:36:21,586] {logging_mixin.py:115} INFO - [2022-10-27 22:36:21,586] {dag.py:2927} INFO - Setting next_dagrun for example_python_operator to None, run_after=None
[2022-10-27 22:36:22,075] {processor.py:161} INFO - Processing /home/nayara/Documentos/airflowalura/venv/lib/python3.9/site-packages/airflow/example_dags/example_python_operator.py took 0.645 seconds
[2022-10-27 22:37:13,255] {processor.py:153} INFO - Started process (PID=52235) to work on /home/nayara/Documentos/airflowalura/venv/lib/python3.9/site-packages/airflow/example_dags/example_python_operator.py
[2022-10-27 22:37:13,364] {processor.py:641} INFO - Processing file /home/nayara/Documentos/airflowalura/venv/lib/python3.9/site-packages/airflow/example_dags/example_python_operator.py for tasks to queue
[2022-10-27 22:37:13,365] {logging_mixin.py:115} INFO - [2022-10-27 22:37:13,364] {dagbag.py:507} INFO - Filling up the DagBag from /home/nayara/Documentos/airflowalura/venv/lib/python3.9/site-packages/airflow/example_dags/example_python_operator.py
[2022-10-27 22:37:13,398] {logging_mixin.py:115} INFO - [2022-10-27 22:37:13,398] {example_python_operator.py:68} WARNING - The virtalenv_python example task requires virtualenv, please install it.
[2022-10-27 22:37:13,399] {processor.py:651} INFO - DAG(s) dict_keys(['example_python_operator']) retrieved from /home/nayara/Documentos/airflowalura/venv/lib/python3.9/site-packages/airflow/example_dags/example_python_operator.py
[2022-10-27 22:37:13,420] {logging_mixin.py:115} INFO - [2022-10-27 22:37:13,420] {dag.py:2379} INFO - Sync 1 DAGs
[2022-10-27 22:37:13,454] {logging_mixin.py:115} INFO - [2022-10-27 22:37:13,454] {dag.py:2927} INFO - Setting next_dagrun for example_python_operator to None, run_after=None
[2022-10-27 22:37:14,379] {processor.py:161} INFO - Processing /home/nayara/Documentos/airflowalura/venv/lib/python3.9/site-packages/airflow/example_dags/example_python_operator.py took 1.145 seconds
[2022-10-27 22:38:55,440] {processor.py:153} INFO - Started process (PID=52538) to work on /home/nayara/Documentos/airflowalura/venv/lib/python3.9/site-packages/airflow/example_dags/example_python_operator.py
[2022-10-27 22:38:55,477] {processor.py:641} INFO - Processing file /home/nayara/Documentos/airflowalura/venv/lib/python3.9/site-packages/airflow/example_dags/example_python_operator.py for tasks to queue
[2022-10-27 22:38:55,478] {logging_mixin.py:115} INFO - [2022-10-27 22:38:55,478] {dagbag.py:507} INFO - Filling up the DagBag from /home/nayara/Documentos/airflowalura/venv/lib/python3.9/site-packages/airflow/example_dags/example_python_operator.py
[2022-10-27 22:38:55,567] {logging_mixin.py:115} INFO - [2022-10-27 22:38:55,567] {example_python_operator.py:68} WARNING - The virtalenv_python example task requires virtualenv, please install it.
[2022-10-27 22:38:55,567] {processor.py:651} INFO - DAG(s) dict_keys(['example_python_operator']) retrieved from /home/nayara/Documentos/airflowalura/venv/lib/python3.9/site-packages/airflow/example_dags/example_python_operator.py
[2022-10-27 22:38:55,608] {logging_mixin.py:115} INFO - [2022-10-27 22:38:55,608] {dag.py:2379} INFO - Sync 1 DAGs
[2022-10-27 22:38:55,633] {logging_mixin.py:115} INFO - [2022-10-27 22:38:55,633] {dag.py:2927} INFO - Setting next_dagrun for example_python_operator to None, run_after=None
[2022-10-27 22:38:55,846] {processor.py:161} INFO - Processing /home/nayara/Documentos/airflowalura/venv/lib/python3.9/site-packages/airflow/example_dags/example_python_operator.py took 0.415 seconds
[2022-10-27 22:39:47,306] {processor.py:153} INFO - Started process (PID=52640) to work on /home/nayara/Documentos/airflowalura/venv/lib/python3.9/site-packages/airflow/example_dags/example_python_operator.py
[2022-10-27 22:39:47,343] {processor.py:641} INFO - Processing file /home/nayara/Documentos/airflowalura/venv/lib/python3.9/site-packages/airflow/example_dags/example_python_operator.py for tasks to queue
[2022-10-27 22:39:47,344] {logging_mixin.py:115} INFO - [2022-10-27 22:39:47,344] {dagbag.py:507} INFO - Filling up the DagBag from /home/nayara/Documentos/airflowalura/venv/lib/python3.9/site-packages/airflow/example_dags/example_python_operator.py
[2022-10-27 22:39:47,371] {logging_mixin.py:115} INFO - [2022-10-27 22:39:47,371] {example_python_operator.py:68} WARNING - The virtalenv_python example task requires virtualenv, please install it.
[2022-10-27 22:39:47,372] {processor.py:651} INFO - DAG(s) dict_keys(['example_python_operator']) retrieved from /home/nayara/Documentos/airflowalura/venv/lib/python3.9/site-packages/airflow/example_dags/example_python_operator.py
[2022-10-27 22:39:47,400] {logging_mixin.py:115} INFO - [2022-10-27 22:39:47,400] {dag.py:2379} INFO - Sync 1 DAGs
[2022-10-27 22:39:47,432] {logging_mixin.py:115} INFO - [2022-10-27 22:39:47,432] {dag.py:2927} INFO - Setting next_dagrun for example_python_operator to None, run_after=None
[2022-10-27 22:39:47,871] {processor.py:161} INFO - Processing /home/nayara/Documentos/airflowalura/venv/lib/python3.9/site-packages/airflow/example_dags/example_python_operator.py took 0.570 seconds
[2022-10-27 22:41:20,171] {processor.py:153} INFO - Started process (PID=52814) to work on /home/nayara/Documentos/airflowalura/venv/lib/python3.9/site-packages/airflow/example_dags/example_python_operator.py
[2022-10-27 22:41:20,186] {processor.py:641} INFO - Processing file /home/nayara/Documentos/airflowalura/venv/lib/python3.9/site-packages/airflow/example_dags/example_python_operator.py for tasks to queue
[2022-10-27 22:41:20,187] {logging_mixin.py:115} INFO - [2022-10-27 22:41:20,187] {dagbag.py:507} INFO - Filling up the DagBag from /home/nayara/Documentos/airflowalura/venv/lib/python3.9/site-packages/airflow/example_dags/example_python_operator.py
[2022-10-27 22:41:20,248] {logging_mixin.py:115} INFO - [2022-10-27 22:41:20,248] {example_python_operator.py:68} WARNING - The virtalenv_python example task requires virtualenv, please install it.
[2022-10-27 22:41:20,249] {processor.py:651} INFO - DAG(s) dict_keys(['example_python_operator']) retrieved from /home/nayara/Documentos/airflowalura/venv/lib/python3.9/site-packages/airflow/example_dags/example_python_operator.py
[2022-10-27 22:41:20,281] {logging_mixin.py:115} INFO - [2022-10-27 22:41:20,281] {dag.py:2379} INFO - Sync 1 DAGs
[2022-10-27 22:41:20,333] {logging_mixin.py:115} INFO - [2022-10-27 22:41:20,333] {dag.py:2927} INFO - Setting next_dagrun for example_python_operator to None, run_after=None
[2022-10-27 22:41:20,548] {processor.py:161} INFO - Processing /home/nayara/Documentos/airflowalura/venv/lib/python3.9/site-packages/airflow/example_dags/example_python_operator.py took 0.384 seconds
[2022-10-27 22:42:10,586] {processor.py:153} INFO - Started process (PID=52941) to work on /home/nayara/Documentos/airflowalura/venv/lib/python3.9/site-packages/airflow/example_dags/example_python_operator.py
[2022-10-27 22:42:10,612] {processor.py:641} INFO - Processing file /home/nayara/Documentos/airflowalura/venv/lib/python3.9/site-packages/airflow/example_dags/example_python_operator.py for tasks to queue
[2022-10-27 22:42:10,616] {logging_mixin.py:115} INFO - [2022-10-27 22:42:10,615] {dagbag.py:507} INFO - Filling up the DagBag from /home/nayara/Documentos/airflowalura/venv/lib/python3.9/site-packages/airflow/example_dags/example_python_operator.py
[2022-10-27 22:42:10,649] {logging_mixin.py:115} INFO - [2022-10-27 22:42:10,649] {example_python_operator.py:68} WARNING - The virtalenv_python example task requires virtualenv, please install it.
[2022-10-27 22:42:10,649] {processor.py:651} INFO - DAG(s) dict_keys(['example_python_operator']) retrieved from /home/nayara/Documentos/airflowalura/venv/lib/python3.9/site-packages/airflow/example_dags/example_python_operator.py
[2022-10-27 22:42:10,668] {logging_mixin.py:115} INFO - [2022-10-27 22:42:10,668] {dag.py:2379} INFO - Sync 1 DAGs
[2022-10-27 22:42:10,689] {logging_mixin.py:115} INFO - [2022-10-27 22:42:10,688] {dag.py:2927} INFO - Setting next_dagrun for example_python_operator to None, run_after=None
[2022-10-27 22:42:11,136] {processor.py:161} INFO - Processing /home/nayara/Documentos/airflowalura/venv/lib/python3.9/site-packages/airflow/example_dags/example_python_operator.py took 0.554 seconds
[2022-10-27 22:43:05,878] {processor.py:153} INFO - Started process (PID=53033) to work on /home/nayara/Documentos/airflowalura/venv/lib/python3.9/site-packages/airflow/example_dags/example_python_operator.py
[2022-10-27 22:43:05,880] {processor.py:641} INFO - Processing file /home/nayara/Documentos/airflowalura/venv/lib/python3.9/site-packages/airflow/example_dags/example_python_operator.py for tasks to queue
[2022-10-27 22:43:05,881] {logging_mixin.py:115} INFO - [2022-10-27 22:43:05,880] {dagbag.py:507} INFO - Filling up the DagBag from /home/nayara/Documentos/airflowalura/venv/lib/python3.9/site-packages/airflow/example_dags/example_python_operator.py
[2022-10-27 22:43:05,909] {logging_mixin.py:115} INFO - [2022-10-27 22:43:05,909] {example_python_operator.py:68} WARNING - The virtalenv_python example task requires virtualenv, please install it.
[2022-10-27 22:43:05,910] {processor.py:651} INFO - DAG(s) dict_keys(['example_python_operator']) retrieved from /home/nayara/Documentos/airflowalura/venv/lib/python3.9/site-packages/airflow/example_dags/example_python_operator.py
[2022-10-27 22:43:05,930] {logging_mixin.py:115} INFO - [2022-10-27 22:43:05,930] {dag.py:2379} INFO - Sync 1 DAGs
[2022-10-27 22:43:05,953] {logging_mixin.py:115} INFO - [2022-10-27 22:43:05,953] {dag.py:2927} INFO - Setting next_dagrun for example_python_operator to None, run_after=None
[2022-10-27 22:43:06,178] {processor.py:161} INFO - Processing /home/nayara/Documentos/airflowalura/venv/lib/python3.9/site-packages/airflow/example_dags/example_python_operator.py took 0.304 seconds
[2022-10-27 22:44:03,183] {processor.py:153} INFO - Started process (PID=53162) to work on /home/nayara/Documentos/airflowalura/venv/lib/python3.9/site-packages/airflow/example_dags/example_python_operator.py
[2022-10-27 22:44:03,199] {processor.py:641} INFO - Processing file /home/nayara/Documentos/airflowalura/venv/lib/python3.9/site-packages/airflow/example_dags/example_python_operator.py for tasks to queue
[2022-10-27 22:44:03,200] {logging_mixin.py:115} INFO - [2022-10-27 22:44:03,200] {dagbag.py:507} INFO - Filling up the DagBag from /home/nayara/Documentos/airflowalura/venv/lib/python3.9/site-packages/airflow/example_dags/example_python_operator.py
[2022-10-27 22:44:03,245] {logging_mixin.py:115} INFO - [2022-10-27 22:44:03,244] {example_python_operator.py:68} WARNING - The virtalenv_python example task requires virtualenv, please install it.
[2022-10-27 22:44:03,245] {processor.py:651} INFO - DAG(s) dict_keys(['example_python_operator']) retrieved from /home/nayara/Documentos/airflowalura/venv/lib/python3.9/site-packages/airflow/example_dags/example_python_operator.py
[2022-10-27 22:44:03,268] {logging_mixin.py:115} INFO - [2022-10-27 22:44:03,268] {dag.py:2379} INFO - Sync 1 DAGs
[2022-10-27 22:44:03,293] {logging_mixin.py:115} INFO - [2022-10-27 22:44:03,293] {dag.py:2927} INFO - Setting next_dagrun for example_python_operator to None, run_after=None
[2022-10-27 22:44:03,552] {processor.py:161} INFO - Processing /home/nayara/Documentos/airflowalura/venv/lib/python3.9/site-packages/airflow/example_dags/example_python_operator.py took 0.375 seconds
[2022-10-27 22:45:19,245] {processor.py:153} INFO - Started process (PID=53380) to work on /home/nayara/Documentos/airflowalura/venv/lib/python3.9/site-packages/airflow/example_dags/example_python_operator.py
[2022-10-27 22:45:19,275] {processor.py:641} INFO - Processing file /home/nayara/Documentos/airflowalura/venv/lib/python3.9/site-packages/airflow/example_dags/example_python_operator.py for tasks to queue
[2022-10-27 22:45:19,276] {logging_mixin.py:115} INFO - [2022-10-27 22:45:19,276] {dagbag.py:507} INFO - Filling up the DagBag from /home/nayara/Documentos/airflowalura/venv/lib/python3.9/site-packages/airflow/example_dags/example_python_operator.py
[2022-10-27 22:45:19,339] {logging_mixin.py:115} INFO - [2022-10-27 22:45:19,339] {example_python_operator.py:68} WARNING - The virtalenv_python example task requires virtualenv, please install it.
[2022-10-27 22:45:19,339] {processor.py:651} INFO - DAG(s) dict_keys(['example_python_operator']) retrieved from /home/nayara/Documentos/airflowalura/venv/lib/python3.9/site-packages/airflow/example_dags/example_python_operator.py
[2022-10-27 22:45:19,365] {logging_mixin.py:115} INFO - [2022-10-27 22:45:19,364] {dag.py:2379} INFO - Sync 1 DAGs
[2022-10-27 22:45:19,389] {logging_mixin.py:115} INFO - [2022-10-27 22:45:19,389] {dag.py:2927} INFO - Setting next_dagrun for example_python_operator to None, run_after=None
[2022-10-27 22:45:20,469] {processor.py:161} INFO - Processing /home/nayara/Documentos/airflowalura/venv/lib/python3.9/site-packages/airflow/example_dags/example_python_operator.py took 1.231 seconds
[2022-10-27 22:46:14,346] {processor.py:153} INFO - Started process (PID=53477) to work on /home/nayara/Documentos/airflowalura/venv/lib/python3.9/site-packages/airflow/example_dags/example_python_operator.py
[2022-10-27 22:46:14,363] {processor.py:641} INFO - Processing file /home/nayara/Documentos/airflowalura/venv/lib/python3.9/site-packages/airflow/example_dags/example_python_operator.py for tasks to queue
[2022-10-27 22:46:14,364] {logging_mixin.py:115} INFO - [2022-10-27 22:46:14,364] {dagbag.py:507} INFO - Filling up the DagBag from /home/nayara/Documentos/airflowalura/venv/lib/python3.9/site-packages/airflow/example_dags/example_python_operator.py
[2022-10-27 22:46:14,400] {logging_mixin.py:115} INFO - [2022-10-27 22:46:14,400] {example_python_operator.py:68} WARNING - The virtalenv_python example task requires virtualenv, please install it.
[2022-10-27 22:46:14,400] {processor.py:651} INFO - DAG(s) dict_keys(['example_python_operator']) retrieved from /home/nayara/Documentos/airflowalura/venv/lib/python3.9/site-packages/airflow/example_dags/example_python_operator.py
[2022-10-27 22:46:14,424] {logging_mixin.py:115} INFO - [2022-10-27 22:46:14,424] {dag.py:2379} INFO - Sync 1 DAGs
[2022-10-27 22:46:14,447] {logging_mixin.py:115} INFO - [2022-10-27 22:46:14,447] {dag.py:2927} INFO - Setting next_dagrun for example_python_operator to None, run_after=None
[2022-10-27 22:46:14,751] {processor.py:161} INFO - Processing /home/nayara/Documentos/airflowalura/venv/lib/python3.9/site-packages/airflow/example_dags/example_python_operator.py took 0.410 seconds
[2022-10-27 22:47:01,820] {processor.py:153} INFO - Started process (PID=53593) to work on /home/nayara/Documentos/airflowalura/venv/lib/python3.9/site-packages/airflow/example_dags/example_python_operator.py
[2022-10-27 22:47:01,857] {processor.py:641} INFO - Processing file /home/nayara/Documentos/airflowalura/venv/lib/python3.9/site-packages/airflow/example_dags/example_python_operator.py for tasks to queue
[2022-10-27 22:47:01,859] {logging_mixin.py:115} INFO - [2022-10-27 22:47:01,859] {dagbag.py:507} INFO - Filling up the DagBag from /home/nayara/Documentos/airflowalura/venv/lib/python3.9/site-packages/airflow/example_dags/example_python_operator.py
[2022-10-27 22:47:01,926] {logging_mixin.py:115} INFO - [2022-10-27 22:47:01,926] {example_python_operator.py:68} WARNING - The virtalenv_python example task requires virtualenv, please install it.
[2022-10-27 22:47:01,927] {processor.py:651} INFO - DAG(s) dict_keys(['example_python_operator']) retrieved from /home/nayara/Documentos/airflowalura/venv/lib/python3.9/site-packages/airflow/example_dags/example_python_operator.py
[2022-10-27 22:47:01,946] {logging_mixin.py:115} INFO - [2022-10-27 22:47:01,946] {dag.py:2379} INFO - Sync 1 DAGs
[2022-10-27 22:47:01,968] {logging_mixin.py:115} INFO - [2022-10-27 22:47:01,968] {dag.py:2927} INFO - Setting next_dagrun for example_python_operator to None, run_after=None
[2022-10-27 22:47:02,285] {processor.py:161} INFO - Processing /home/nayara/Documentos/airflowalura/venv/lib/python3.9/site-packages/airflow/example_dags/example_python_operator.py took 0.484 seconds
[2022-10-27 22:47:54,655] {processor.py:153} INFO - Started process (PID=53714) to work on /home/nayara/Documentos/airflowalura/venv/lib/python3.9/site-packages/airflow/example_dags/example_python_operator.py
[2022-10-27 22:47:54,672] {processor.py:641} INFO - Processing file /home/nayara/Documentos/airflowalura/venv/lib/python3.9/site-packages/airflow/example_dags/example_python_operator.py for tasks to queue
[2022-10-27 22:47:54,673] {logging_mixin.py:115} INFO - [2022-10-27 22:47:54,672] {dagbag.py:507} INFO - Filling up the DagBag from /home/nayara/Documentos/airflowalura/venv/lib/python3.9/site-packages/airflow/example_dags/example_python_operator.py
[2022-10-27 22:47:54,707] {logging_mixin.py:115} INFO - [2022-10-27 22:47:54,707] {example_python_operator.py:68} WARNING - The virtalenv_python example task requires virtualenv, please install it.
[2022-10-27 22:47:54,707] {processor.py:651} INFO - DAG(s) dict_keys(['example_python_operator']) retrieved from /home/nayara/Documentos/airflowalura/venv/lib/python3.9/site-packages/airflow/example_dags/example_python_operator.py
[2022-10-27 22:47:54,733] {logging_mixin.py:115} INFO - [2022-10-27 22:47:54,733] {dag.py:2379} INFO - Sync 1 DAGs
[2022-10-27 22:47:54,755] {logging_mixin.py:115} INFO - [2022-10-27 22:47:54,755] {dag.py:2927} INFO - Setting next_dagrun for example_python_operator to None, run_after=None
[2022-10-27 22:47:55,003] {processor.py:161} INFO - Processing /home/nayara/Documentos/airflowalura/venv/lib/python3.9/site-packages/airflow/example_dags/example_python_operator.py took 0.353 seconds
[2022-10-27 22:48:38,757] {processor.py:153} INFO - Started process (PID=53806) to work on /home/nayara/Documentos/airflowalura/venv/lib/python3.9/site-packages/airflow/example_dags/example_python_operator.py
[2022-10-27 22:48:38,784] {processor.py:641} INFO - Processing file /home/nayara/Documentos/airflowalura/venv/lib/python3.9/site-packages/airflow/example_dags/example_python_operator.py for tasks to queue
[2022-10-27 22:48:38,786] {logging_mixin.py:115} INFO - [2022-10-27 22:48:38,785] {dagbag.py:507} INFO - Filling up the DagBag from /home/nayara/Documentos/airflowalura/venv/lib/python3.9/site-packages/airflow/example_dags/example_python_operator.py
[2022-10-27 22:48:38,857] {logging_mixin.py:115} INFO - [2022-10-27 22:48:38,857] {example_python_operator.py:68} WARNING - The virtalenv_python example task requires virtualenv, please install it.
[2022-10-27 22:48:38,857] {processor.py:651} INFO - DAG(s) dict_keys(['example_python_operator']) retrieved from /home/nayara/Documentos/airflowalura/venv/lib/python3.9/site-packages/airflow/example_dags/example_python_operator.py
[2022-10-27 22:48:38,880] {logging_mixin.py:115} INFO - [2022-10-27 22:48:38,879] {dag.py:2379} INFO - Sync 1 DAGs
[2022-10-27 22:48:38,905] {logging_mixin.py:115} INFO - [2022-10-27 22:48:38,905] {dag.py:2927} INFO - Setting next_dagrun for example_python_operator to None, run_after=None
[2022-10-27 22:48:39,143] {processor.py:161} INFO - Processing /home/nayara/Documentos/airflowalura/venv/lib/python3.9/site-packages/airflow/example_dags/example_python_operator.py took 0.404 seconds
[2022-10-27 22:49:24,576] {processor.py:153} INFO - Started process (PID=53895) to work on /home/nayara/Documentos/airflowalura/venv/lib/python3.9/site-packages/airflow/example_dags/example_python_operator.py
[2022-10-27 22:49:24,579] {processor.py:641} INFO - Processing file /home/nayara/Documentos/airflowalura/venv/lib/python3.9/site-packages/airflow/example_dags/example_python_operator.py for tasks to queue
[2022-10-27 22:49:24,583] {logging_mixin.py:115} INFO - [2022-10-27 22:49:24,582] {dagbag.py:507} INFO - Filling up the DagBag from /home/nayara/Documentos/airflowalura/venv/lib/python3.9/site-packages/airflow/example_dags/example_python_operator.py
[2022-10-27 22:49:24,636] {logging_mixin.py:115} INFO - [2022-10-27 22:49:24,636] {example_python_operator.py:68} WARNING - The virtalenv_python example task requires virtualenv, please install it.
[2022-10-27 22:49:24,637] {processor.py:651} INFO - DAG(s) dict_keys(['example_python_operator']) retrieved from /home/nayara/Documentos/airflowalura/venv/lib/python3.9/site-packages/airflow/example_dags/example_python_operator.py
[2022-10-27 22:49:24,665] {logging_mixin.py:115} INFO - [2022-10-27 22:49:24,665] {dag.py:2379} INFO - Sync 1 DAGs
[2022-10-27 22:49:24,701] {logging_mixin.py:115} INFO - [2022-10-27 22:49:24,701] {dag.py:2927} INFO - Setting next_dagrun for example_python_operator to None, run_after=None
[2022-10-27 22:49:24,917] {processor.py:161} INFO - Processing /home/nayara/Documentos/airflowalura/venv/lib/python3.9/site-packages/airflow/example_dags/example_python_operator.py took 0.360 seconds
[2022-10-27 22:50:29,860] {processor.py:153} INFO - Started process (PID=54017) to work on /home/nayara/Documentos/airflowalura/venv/lib/python3.9/site-packages/airflow/example_dags/example_python_operator.py
[2022-10-27 22:50:29,884] {processor.py:641} INFO - Processing file /home/nayara/Documentos/airflowalura/venv/lib/python3.9/site-packages/airflow/example_dags/example_python_operator.py for tasks to queue
[2022-10-27 22:50:29,885] {logging_mixin.py:115} INFO - [2022-10-27 22:50:29,885] {dagbag.py:507} INFO - Filling up the DagBag from /home/nayara/Documentos/airflowalura/venv/lib/python3.9/site-packages/airflow/example_dags/example_python_operator.py
[2022-10-27 22:50:29,914] {logging_mixin.py:115} INFO - [2022-10-27 22:50:29,914] {example_python_operator.py:68} WARNING - The virtalenv_python example task requires virtualenv, please install it.
[2022-10-27 22:50:29,915] {processor.py:651} INFO - DAG(s) dict_keys(['example_python_operator']) retrieved from /home/nayara/Documentos/airflowalura/venv/lib/python3.9/site-packages/airflow/example_dags/example_python_operator.py
[2022-10-27 22:50:29,937] {logging_mixin.py:115} INFO - [2022-10-27 22:50:29,937] {dag.py:2379} INFO - Sync 1 DAGs
[2022-10-27 22:50:29,962] {logging_mixin.py:115} INFO - [2022-10-27 22:50:29,962] {dag.py:2927} INFO - Setting next_dagrun for example_python_operator to None, run_after=None
[2022-10-27 22:50:30,403] {processor.py:161} INFO - Processing /home/nayara/Documentos/airflowalura/venv/lib/python3.9/site-packages/airflow/example_dags/example_python_operator.py took 0.548 seconds
[2022-10-27 22:51:15,542] {processor.py:153} INFO - Started process (PID=54098) to work on /home/nayara/Documentos/airflowalura/venv/lib/python3.9/site-packages/airflow/example_dags/example_python_operator.py
[2022-10-27 22:51:15,581] {processor.py:641} INFO - Processing file /home/nayara/Documentos/airflowalura/venv/lib/python3.9/site-packages/airflow/example_dags/example_python_operator.py for tasks to queue
[2022-10-27 22:51:15,585] {logging_mixin.py:115} INFO - [2022-10-27 22:51:15,584] {dagbag.py:507} INFO - Filling up the DagBag from /home/nayara/Documentos/airflowalura/venv/lib/python3.9/site-packages/airflow/example_dags/example_python_operator.py
[2022-10-27 22:51:15,678] {logging_mixin.py:115} INFO - [2022-10-27 22:51:15,678] {example_python_operator.py:68} WARNING - The virtalenv_python example task requires virtualenv, please install it.
[2022-10-27 22:51:15,678] {processor.py:651} INFO - DAG(s) dict_keys(['example_python_operator']) retrieved from /home/nayara/Documentos/airflowalura/venv/lib/python3.9/site-packages/airflow/example_dags/example_python_operator.py
[2022-10-27 22:51:15,708] {logging_mixin.py:115} INFO - [2022-10-27 22:51:15,708] {dag.py:2379} INFO - Sync 1 DAGs
[2022-10-27 22:51:15,740] {logging_mixin.py:115} INFO - [2022-10-27 22:51:15,739] {dag.py:2927} INFO - Setting next_dagrun for example_python_operator to None, run_after=None
[2022-10-27 22:51:16,485] {processor.py:161} INFO - Processing /home/nayara/Documentos/airflowalura/venv/lib/python3.9/site-packages/airflow/example_dags/example_python_operator.py took 0.948 seconds
[2022-10-27 22:52:10,286] {processor.py:153} INFO - Started process (PID=54211) to work on /home/nayara/Documentos/airflowalura/venv/lib/python3.9/site-packages/airflow/example_dags/example_python_operator.py
[2022-10-27 22:52:10,320] {processor.py:641} INFO - Processing file /home/nayara/Documentos/airflowalura/venv/lib/python3.9/site-packages/airflow/example_dags/example_python_operator.py for tasks to queue
[2022-10-27 22:52:10,322] {logging_mixin.py:115} INFO - [2022-10-27 22:52:10,322] {dagbag.py:507} INFO - Filling up the DagBag from /home/nayara/Documentos/airflowalura/venv/lib/python3.9/site-packages/airflow/example_dags/example_python_operator.py
[2022-10-27 22:52:10,416] {logging_mixin.py:115} INFO - [2022-10-27 22:52:10,415] {example_python_operator.py:68} WARNING - The virtalenv_python example task requires virtualenv, please install it.
[2022-10-27 22:52:10,416] {processor.py:651} INFO - DAG(s) dict_keys(['example_python_operator']) retrieved from /home/nayara/Documentos/airflowalura/venv/lib/python3.9/site-packages/airflow/example_dags/example_python_operator.py
[2022-10-27 22:52:10,445] {logging_mixin.py:115} INFO - [2022-10-27 22:52:10,445] {dag.py:2379} INFO - Sync 1 DAGs
[2022-10-27 22:52:10,476] {logging_mixin.py:115} INFO - [2022-10-27 22:52:10,476] {dag.py:2927} INFO - Setting next_dagrun for example_python_operator to None, run_after=None
[2022-10-27 22:52:11,064] {processor.py:161} INFO - Processing /home/nayara/Documentos/airflowalura/venv/lib/python3.9/site-packages/airflow/example_dags/example_python_operator.py took 0.783 seconds
[2022-10-27 22:53:02,298] {processor.py:153} INFO - Started process (PID=54299) to work on /home/nayara/Documentos/airflowalura/venv/lib/python3.9/site-packages/airflow/example_dags/example_python_operator.py
[2022-10-27 22:53:02,312] {processor.py:641} INFO - Processing file /home/nayara/Documentos/airflowalura/venv/lib/python3.9/site-packages/airflow/example_dags/example_python_operator.py for tasks to queue
[2022-10-27 22:53:02,315] {logging_mixin.py:115} INFO - [2022-10-27 22:53:02,314] {dagbag.py:507} INFO - Filling up the DagBag from /home/nayara/Documentos/airflowalura/venv/lib/python3.9/site-packages/airflow/example_dags/example_python_operator.py
[2022-10-27 22:53:02,393] {logging_mixin.py:115} INFO - [2022-10-27 22:53:02,393] {example_python_operator.py:68} WARNING - The virtalenv_python example task requires virtualenv, please install it.
[2022-10-27 22:53:02,393] {processor.py:651} INFO - DAG(s) dict_keys(['example_python_operator']) retrieved from /home/nayara/Documentos/airflowalura/venv/lib/python3.9/site-packages/airflow/example_dags/example_python_operator.py
[2022-10-27 22:53:02,421] {logging_mixin.py:115} INFO - [2022-10-27 22:53:02,421] {dag.py:2379} INFO - Sync 1 DAGs
[2022-10-27 22:53:02,445] {logging_mixin.py:115} INFO - [2022-10-27 22:53:02,445] {dag.py:2927} INFO - Setting next_dagrun for example_python_operator to None, run_after=None
[2022-10-27 22:53:02,680] {processor.py:161} INFO - Processing /home/nayara/Documentos/airflowalura/venv/lib/python3.9/site-packages/airflow/example_dags/example_python_operator.py took 0.398 seconds
[2022-10-27 22:53:46,649] {processor.py:153} INFO - Started process (PID=54387) to work on /home/nayara/Documentos/airflowalura/venv/lib/python3.9/site-packages/airflow/example_dags/example_python_operator.py
[2022-10-27 22:53:46,741] {processor.py:641} INFO - Processing file /home/nayara/Documentos/airflowalura/venv/lib/python3.9/site-packages/airflow/example_dags/example_python_operator.py for tasks to queue
[2022-10-27 22:53:46,745] {logging_mixin.py:115} INFO - [2022-10-27 22:53:46,744] {dagbag.py:507} INFO - Filling up the DagBag from /home/nayara/Documentos/airflowalura/venv/lib/python3.9/site-packages/airflow/example_dags/example_python_operator.py
[2022-10-27 22:53:46,832] {logging_mixin.py:115} INFO - [2022-10-27 22:53:46,832] {example_python_operator.py:68} WARNING - The virtalenv_python example task requires virtualenv, please install it.
[2022-10-27 22:53:46,833] {processor.py:651} INFO - DAG(s) dict_keys(['example_python_operator']) retrieved from /home/nayara/Documentos/airflowalura/venv/lib/python3.9/site-packages/airflow/example_dags/example_python_operator.py
[2022-10-27 22:53:46,858] {logging_mixin.py:115} INFO - [2022-10-27 22:53:46,858] {dag.py:2379} INFO - Sync 1 DAGs
[2022-10-27 22:53:46,897] {logging_mixin.py:115} INFO - [2022-10-27 22:53:46,897] {dag.py:2927} INFO - Setting next_dagrun for example_python_operator to None, run_after=None
[2022-10-27 22:53:47,238] {processor.py:161} INFO - Processing /home/nayara/Documentos/airflowalura/venv/lib/python3.9/site-packages/airflow/example_dags/example_python_operator.py took 0.607 seconds
[2022-10-27 22:54:37,719] {processor.py:153} INFO - Started process (PID=54495) to work on /home/nayara/Documentos/airflowalura/venv/lib/python3.9/site-packages/airflow/example_dags/example_python_operator.py
[2022-10-27 22:54:37,720] {processor.py:641} INFO - Processing file /home/nayara/Documentos/airflowalura/venv/lib/python3.9/site-packages/airflow/example_dags/example_python_operator.py for tasks to queue
[2022-10-27 22:54:37,721] {logging_mixin.py:115} INFO - [2022-10-27 22:54:37,721] {dagbag.py:507} INFO - Filling up the DagBag from /home/nayara/Documentos/airflowalura/venv/lib/python3.9/site-packages/airflow/example_dags/example_python_operator.py
[2022-10-27 22:54:37,744] {logging_mixin.py:115} INFO - [2022-10-27 22:54:37,744] {example_python_operator.py:68} WARNING - The virtalenv_python example task requires virtualenv, please install it.
[2022-10-27 22:54:37,744] {processor.py:651} INFO - DAG(s) dict_keys(['example_python_operator']) retrieved from /home/nayara/Documentos/airflowalura/venv/lib/python3.9/site-packages/airflow/example_dags/example_python_operator.py
[2022-10-27 22:54:37,764] {logging_mixin.py:115} INFO - [2022-10-27 22:54:37,764] {dag.py:2379} INFO - Sync 1 DAGs
[2022-10-27 22:54:37,785] {logging_mixin.py:115} INFO - [2022-10-27 22:54:37,785] {dag.py:2927} INFO - Setting next_dagrun for example_python_operator to None, run_after=None
[2022-10-27 22:54:38,026] {processor.py:161} INFO - Processing /home/nayara/Documentos/airflowalura/venv/lib/python3.9/site-packages/airflow/example_dags/example_python_operator.py took 0.312 seconds
[2022-10-27 22:55:28,697] {processor.py:153} INFO - Started process (PID=54593) to work on /home/nayara/Documentos/airflowalura/venv/lib/python3.9/site-packages/airflow/example_dags/example_python_operator.py
[2022-10-27 22:55:28,717] {processor.py:641} INFO - Processing file /home/nayara/Documentos/airflowalura/venv/lib/python3.9/site-packages/airflow/example_dags/example_python_operator.py for tasks to queue
[2022-10-27 22:55:28,720] {logging_mixin.py:115} INFO - [2022-10-27 22:55:28,720] {dagbag.py:507} INFO - Filling up the DagBag from /home/nayara/Documentos/airflowalura/venv/lib/python3.9/site-packages/airflow/example_dags/example_python_operator.py
[2022-10-27 22:55:28,785] {logging_mixin.py:115} INFO - [2022-10-27 22:55:28,785] {example_python_operator.py:68} WARNING - The virtalenv_python example task requires virtualenv, please install it.
[2022-10-27 22:55:28,785] {processor.py:651} INFO - DAG(s) dict_keys(['example_python_operator']) retrieved from /home/nayara/Documentos/airflowalura/venv/lib/python3.9/site-packages/airflow/example_dags/example_python_operator.py
[2022-10-27 22:55:28,807] {logging_mixin.py:115} INFO - [2022-10-27 22:55:28,807] {dag.py:2379} INFO - Sync 1 DAGs
[2022-10-27 22:55:28,837] {logging_mixin.py:115} INFO - [2022-10-27 22:55:28,837] {dag.py:2927} INFO - Setting next_dagrun for example_python_operator to None, run_after=None
[2022-10-27 22:55:29,166] {processor.py:161} INFO - Processing /home/nayara/Documentos/airflowalura/venv/lib/python3.9/site-packages/airflow/example_dags/example_python_operator.py took 0.488 seconds
[2022-10-27 22:56:18,313] {processor.py:153} INFO - Started process (PID=54703) to work on /home/nayara/Documentos/airflowalura/venv/lib/python3.9/site-packages/airflow/example_dags/example_python_operator.py
[2022-10-27 22:56:18,401] {processor.py:641} INFO - Processing file /home/nayara/Documentos/airflowalura/venv/lib/python3.9/site-packages/airflow/example_dags/example_python_operator.py for tasks to queue
[2022-10-27 22:56:18,404] {logging_mixin.py:115} INFO - [2022-10-27 22:56:18,404] {dagbag.py:507} INFO - Filling up the DagBag from /home/nayara/Documentos/airflowalura/venv/lib/python3.9/site-packages/airflow/example_dags/example_python_operator.py
[2022-10-27 22:56:18,447] {logging_mixin.py:115} INFO - [2022-10-27 22:56:18,447] {example_python_operator.py:68} WARNING - The virtalenv_python example task requires virtualenv, please install it.
[2022-10-27 22:56:18,447] {processor.py:651} INFO - DAG(s) dict_keys(['example_python_operator']) retrieved from /home/nayara/Documentos/airflowalura/venv/lib/python3.9/site-packages/airflow/example_dags/example_python_operator.py
[2022-10-27 22:56:18,470] {logging_mixin.py:115} INFO - [2022-10-27 22:56:18,470] {dag.py:2379} INFO - Sync 1 DAGs
[2022-10-27 22:56:18,493] {logging_mixin.py:115} INFO - [2022-10-27 22:56:18,492] {dag.py:2927} INFO - Setting next_dagrun for example_python_operator to None, run_after=None
[2022-10-27 22:56:18,694] {processor.py:161} INFO - Processing /home/nayara/Documentos/airflowalura/venv/lib/python3.9/site-packages/airflow/example_dags/example_python_operator.py took 0.396 seconds
[2022-10-27 22:57:07,738] {processor.py:153} INFO - Started process (PID=54825) to work on /home/nayara/Documentos/airflowalura/venv/lib/python3.9/site-packages/airflow/example_dags/example_python_operator.py
[2022-10-27 22:57:07,739] {processor.py:641} INFO - Processing file /home/nayara/Documentos/airflowalura/venv/lib/python3.9/site-packages/airflow/example_dags/example_python_operator.py for tasks to queue
[2022-10-27 22:57:07,741] {logging_mixin.py:115} INFO - [2022-10-27 22:57:07,741] {dagbag.py:507} INFO - Filling up the DagBag from /home/nayara/Documentos/airflowalura/venv/lib/python3.9/site-packages/airflow/example_dags/example_python_operator.py
[2022-10-27 22:57:07,777] {logging_mixin.py:115} INFO - [2022-10-27 22:57:07,777] {example_python_operator.py:68} WARNING - The virtalenv_python example task requires virtualenv, please install it.
[2022-10-27 22:57:07,777] {processor.py:651} INFO - DAG(s) dict_keys(['example_python_operator']) retrieved from /home/nayara/Documentos/airflowalura/venv/lib/python3.9/site-packages/airflow/example_dags/example_python_operator.py
[2022-10-27 22:57:07,804] {logging_mixin.py:115} INFO - [2022-10-27 22:57:07,804] {dag.py:2379} INFO - Sync 1 DAGs
[2022-10-27 22:57:07,833] {logging_mixin.py:115} INFO - [2022-10-27 22:57:07,833] {dag.py:2927} INFO - Setting next_dagrun for example_python_operator to None, run_after=None
[2022-10-27 22:57:08,150] {processor.py:161} INFO - Processing /home/nayara/Documentos/airflowalura/venv/lib/python3.9/site-packages/airflow/example_dags/example_python_operator.py took 0.424 seconds
