[2022-10-27 22:16:39,294] {processor.py:153} INFO - Started process (PID=49104) to work on /home/nayara/Documentos/airflowalura/venv/lib/python3.9/site-packages/airflow/example_dags/example_branch_operator.py
[2022-10-27 22:16:39,295] {processor.py:641} INFO - Processing file /home/nayara/Documentos/airflowalura/venv/lib/python3.9/site-packages/airflow/example_dags/example_branch_operator.py for tasks to queue
[2022-10-27 22:16:39,296] {logging_mixin.py:115} INFO - [2022-10-27 22:16:39,296] {dagbag.py:507} INFO - Filling up the DagBag from /home/nayara/Documentos/airflowalura/venv/lib/python3.9/site-packages/airflow/example_dags/example_branch_operator.py
[2022-10-27 22:16:39,617] {processor.py:651} INFO - DAG(s) dict_keys(['example_branch_operator']) retrieved from /home/nayara/Documentos/airflowalura/venv/lib/python3.9/site-packages/airflow/example_dags/example_branch_operator.py
[2022-10-27 22:16:41,223] {logging_mixin.py:115} INFO - [2022-10-27 22:16:41,222] {manager.py:508} INFO - Created Permission View: can read on DAG:example_branch_operator
[2022-10-27 22:16:41,589] {logging_mixin.py:115} INFO - [2022-10-27 22:16:41,589] {manager.py:508} INFO - Created Permission View: can delete on DAG:example_branch_operator
[2022-10-27 22:16:42,310] {logging_mixin.py:115} INFO - [2022-10-27 22:16:42,309] {manager.py:508} INFO - Created Permission View: can edit on DAG:example_branch_operator
[2022-10-27 22:16:42,311] {logging_mixin.py:115} INFO - [2022-10-27 22:16:42,310] {dag.py:2379} INFO - Sync 1 DAGs
[2022-10-27 22:16:42,343] {logging_mixin.py:115} INFO - [2022-10-27 22:16:42,343] {dag.py:2398} INFO - Creating ORM DAG for example_branch_operator
[2022-10-27 22:16:42,359] {logging_mixin.py:115} INFO - [2022-10-27 22:16:42,359] {dag.py:2927} INFO - Setting next_dagrun for example_branch_operator to 2022-10-27T00:00:00+00:00, run_after=2022-10-28T00:00:00+00:00
[2022-10-27 22:16:43,028] {processor.py:161} INFO - Processing /home/nayara/Documentos/airflowalura/venv/lib/python3.9/site-packages/airflow/example_dags/example_branch_operator.py took 3.738 seconds
[2022-10-27 22:17:59,828] {processor.py:153} INFO - Started process (PID=49261) to work on /home/nayara/Documentos/airflowalura/venv/lib/python3.9/site-packages/airflow/example_dags/example_branch_operator.py
[2022-10-27 22:17:59,844] {processor.py:641} INFO - Processing file /home/nayara/Documentos/airflowalura/venv/lib/python3.9/site-packages/airflow/example_dags/example_branch_operator.py for tasks to queue
[2022-10-27 22:17:59,845] {logging_mixin.py:115} INFO - [2022-10-27 22:17:59,845] {dagbag.py:507} INFO - Filling up the DagBag from /home/nayara/Documentos/airflowalura/venv/lib/python3.9/site-packages/airflow/example_dags/example_branch_operator.py
[2022-10-27 22:17:59,863] {processor.py:651} INFO - DAG(s) dict_keys(['example_branch_operator']) retrieved from /home/nayara/Documentos/airflowalura/venv/lib/python3.9/site-packages/airflow/example_dags/example_branch_operator.py
[2022-10-27 22:17:59,882] {logging_mixin.py:115} INFO - [2022-10-27 22:17:59,882] {dag.py:2379} INFO - Sync 1 DAGs
[2022-10-27 22:17:59,909] {logging_mixin.py:115} INFO - [2022-10-27 22:17:59,908] {dag.py:2927} INFO - Setting next_dagrun for example_branch_operator to 2022-10-27T00:00:00+00:00, run_after=2022-10-28T00:00:00+00:00
[2022-10-27 22:18:00,106] {processor.py:161} INFO - Processing /home/nayara/Documentos/airflowalura/venv/lib/python3.9/site-packages/airflow/example_dags/example_branch_operator.py took 0.282 seconds
[2022-10-27 22:19:27,413] {processor.py:153} INFO - Started process (PID=49633) to work on /home/nayara/Documentos/airflowalura/venv/lib/python3.9/site-packages/airflow/example_dags/example_branch_operator.py
[2022-10-27 22:19:27,469] {processor.py:641} INFO - Processing file /home/nayara/Documentos/airflowalura/venv/lib/python3.9/site-packages/airflow/example_dags/example_branch_operator.py for tasks to queue
[2022-10-27 22:19:27,471] {logging_mixin.py:115} INFO - [2022-10-27 22:19:27,470] {dagbag.py:507} INFO - Filling up the DagBag from /home/nayara/Documentos/airflowalura/venv/lib/python3.9/site-packages/airflow/example_dags/example_branch_operator.py
[2022-10-27 22:19:27,501] {processor.py:651} INFO - DAG(s) dict_keys(['example_branch_operator']) retrieved from /home/nayara/Documentos/airflowalura/venv/lib/python3.9/site-packages/airflow/example_dags/example_branch_operator.py
[2022-10-27 22:19:27,523] {logging_mixin.py:115} INFO - [2022-10-27 22:19:27,523] {dag.py:2379} INFO - Sync 1 DAGs
[2022-10-27 22:19:27,550] {logging_mixin.py:115} INFO - [2022-10-27 22:19:27,549] {dag.py:2927} INFO - Setting next_dagrun for example_branch_operator to 2022-10-27T00:00:00+00:00, run_after=2022-10-28T00:00:00+00:00
[2022-10-27 22:19:28,490] {processor.py:161} INFO - Processing /home/nayara/Documentos/airflowalura/venv/lib/python3.9/site-packages/airflow/example_dags/example_branch_operator.py took 1.084 seconds
[2022-10-27 22:20:36,694] {processor.py:153} INFO - Started process (PID=49883) to work on /home/nayara/Documentos/airflowalura/venv/lib/python3.9/site-packages/airflow/example_dags/example_branch_operator.py
[2022-10-27 22:20:36,698] {processor.py:641} INFO - Processing file /home/nayara/Documentos/airflowalura/venv/lib/python3.9/site-packages/airflow/example_dags/example_branch_operator.py for tasks to queue
[2022-10-27 22:20:36,702] {logging_mixin.py:115} INFO - [2022-10-27 22:20:36,701] {dagbag.py:507} INFO - Filling up the DagBag from /home/nayara/Documentos/airflowalura/venv/lib/python3.9/site-packages/airflow/example_dags/example_branch_operator.py
[2022-10-27 22:20:36,776] {processor.py:651} INFO - DAG(s) dict_keys(['example_branch_operator']) retrieved from /home/nayara/Documentos/airflowalura/venv/lib/python3.9/site-packages/airflow/example_dags/example_branch_operator.py
[2022-10-27 22:20:36,820] {logging_mixin.py:115} INFO - [2022-10-27 22:20:36,819] {dag.py:2379} INFO - Sync 1 DAGs
[2022-10-27 22:20:36,862] {logging_mixin.py:115} INFO - [2022-10-27 22:20:36,862] {dag.py:2927} INFO - Setting next_dagrun for example_branch_operator to 2022-10-27T00:00:00+00:00, run_after=2022-10-28T00:00:00+00:00
[2022-10-27 22:20:37,196] {processor.py:161} INFO - Processing /home/nayara/Documentos/airflowalura/venv/lib/python3.9/site-packages/airflow/example_dags/example_branch_operator.py took 0.512 seconds
[2022-10-27 22:21:26,973] {processor.py:153} INFO - Started process (PID=49994) to work on /home/nayara/Documentos/airflowalura/venv/lib/python3.9/site-packages/airflow/example_dags/example_branch_operator.py
[2022-10-27 22:21:26,994] {processor.py:641} INFO - Processing file /home/nayara/Documentos/airflowalura/venv/lib/python3.9/site-packages/airflow/example_dags/example_branch_operator.py for tasks to queue
[2022-10-27 22:21:26,995] {logging_mixin.py:115} INFO - [2022-10-27 22:21:26,995] {dagbag.py:507} INFO - Filling up the DagBag from /home/nayara/Documentos/airflowalura/venv/lib/python3.9/site-packages/airflow/example_dags/example_branch_operator.py
[2022-10-27 22:21:27,016] {processor.py:651} INFO - DAG(s) dict_keys(['example_branch_operator']) retrieved from /home/nayara/Documentos/airflowalura/venv/lib/python3.9/site-packages/airflow/example_dags/example_branch_operator.py
[2022-10-27 22:21:27,055] {logging_mixin.py:115} INFO - [2022-10-27 22:21:27,054] {dag.py:2379} INFO - Sync 1 DAGs
[2022-10-27 22:21:27,088] {logging_mixin.py:115} INFO - [2022-10-27 22:21:27,087] {dag.py:2927} INFO - Setting next_dagrun for example_branch_operator to 2022-10-27T00:00:00+00:00, run_after=2022-10-28T00:00:00+00:00
[2022-10-27 22:21:27,295] {processor.py:161} INFO - Processing /home/nayara/Documentos/airflowalura/venv/lib/python3.9/site-packages/airflow/example_dags/example_branch_operator.py took 0.328 seconds
[2022-10-27 22:22:29,079] {processor.py:153} INFO - Started process (PID=50141) to work on /home/nayara/Documentos/airflowalura/venv/lib/python3.9/site-packages/airflow/example_dags/example_branch_operator.py
[2022-10-27 22:22:29,080] {processor.py:641} INFO - Processing file /home/nayara/Documentos/airflowalura/venv/lib/python3.9/site-packages/airflow/example_dags/example_branch_operator.py for tasks to queue
[2022-10-27 22:22:29,081] {logging_mixin.py:115} INFO - [2022-10-27 22:22:29,081] {dagbag.py:507} INFO - Filling up the DagBag from /home/nayara/Documentos/airflowalura/venv/lib/python3.9/site-packages/airflow/example_dags/example_branch_operator.py
[2022-10-27 22:22:29,095] {processor.py:651} INFO - DAG(s) dict_keys(['example_branch_operator']) retrieved from /home/nayara/Documentos/airflowalura/venv/lib/python3.9/site-packages/airflow/example_dags/example_branch_operator.py
[2022-10-27 22:22:29,122] {logging_mixin.py:115} INFO - [2022-10-27 22:22:29,122] {dag.py:2379} INFO - Sync 1 DAGs
[2022-10-27 22:22:29,157] {logging_mixin.py:115} INFO - [2022-10-27 22:22:29,156] {dag.py:2927} INFO - Setting next_dagrun for example_branch_operator to 2022-10-27T00:00:00+00:00, run_after=2022-10-28T00:00:00+00:00
[2022-10-27 22:22:29,439] {processor.py:161} INFO - Processing /home/nayara/Documentos/airflowalura/venv/lib/python3.9/site-packages/airflow/example_dags/example_branch_operator.py took 0.365 seconds
[2022-10-27 22:23:31,233] {processor.py:153} INFO - Started process (PID=50281) to work on /home/nayara/Documentos/airflowalura/venv/lib/python3.9/site-packages/airflow/example_dags/example_branch_operator.py
[2022-10-27 22:23:31,267] {processor.py:641} INFO - Processing file /home/nayara/Documentos/airflowalura/venv/lib/python3.9/site-packages/airflow/example_dags/example_branch_operator.py for tasks to queue
[2022-10-27 22:23:31,268] {logging_mixin.py:115} INFO - [2022-10-27 22:23:31,268] {dagbag.py:507} INFO - Filling up the DagBag from /home/nayara/Documentos/airflowalura/venv/lib/python3.9/site-packages/airflow/example_dags/example_branch_operator.py
[2022-10-27 22:23:31,287] {processor.py:651} INFO - DAG(s) dict_keys(['example_branch_operator']) retrieved from /home/nayara/Documentos/airflowalura/venv/lib/python3.9/site-packages/airflow/example_dags/example_branch_operator.py
[2022-10-27 22:23:31,308] {logging_mixin.py:115} INFO - [2022-10-27 22:23:31,308] {dag.py:2379} INFO - Sync 1 DAGs
[2022-10-27 22:23:31,337] {logging_mixin.py:115} INFO - [2022-10-27 22:23:31,337] {dag.py:2927} INFO - Setting next_dagrun for example_branch_operator to 2022-10-27T00:00:00+00:00, run_after=2022-10-28T00:00:00+00:00
[2022-10-27 22:23:31,538] {processor.py:161} INFO - Processing /home/nayara/Documentos/airflowalura/venv/lib/python3.9/site-packages/airflow/example_dags/example_branch_operator.py took 0.317 seconds
[2022-10-27 22:24:38,964] {processor.py:153} INFO - Started process (PID=50434) to work on /home/nayara/Documentos/airflowalura/venv/lib/python3.9/site-packages/airflow/example_dags/example_branch_operator.py
[2022-10-27 22:24:38,977] {processor.py:641} INFO - Processing file /home/nayara/Documentos/airflowalura/venv/lib/python3.9/site-packages/airflow/example_dags/example_branch_operator.py for tasks to queue
[2022-10-27 22:24:38,979] {logging_mixin.py:115} INFO - [2022-10-27 22:24:38,978] {dagbag.py:507} INFO - Filling up the DagBag from /home/nayara/Documentos/airflowalura/venv/lib/python3.9/site-packages/airflow/example_dags/example_branch_operator.py
[2022-10-27 22:24:39,003] {processor.py:651} INFO - DAG(s) dict_keys(['example_branch_operator']) retrieved from /home/nayara/Documentos/airflowalura/venv/lib/python3.9/site-packages/airflow/example_dags/example_branch_operator.py
[2022-10-27 22:24:39,030] {logging_mixin.py:115} INFO - [2022-10-27 22:24:39,030] {dag.py:2379} INFO - Sync 1 DAGs
[2022-10-27 22:24:39,071] {logging_mixin.py:115} INFO - [2022-10-27 22:24:39,071] {dag.py:2927} INFO - Setting next_dagrun for example_branch_operator to 2022-10-27T00:00:00+00:00, run_after=2022-10-28T00:00:00+00:00
[2022-10-27 22:24:39,284] {processor.py:161} INFO - Processing /home/nayara/Documentos/airflowalura/venv/lib/python3.9/site-packages/airflow/example_dags/example_branch_operator.py took 0.337 seconds
[2022-10-27 22:25:30,105] {processor.py:153} INFO - Started process (PID=50558) to work on /home/nayara/Documentos/airflowalura/venv/lib/python3.9/site-packages/airflow/example_dags/example_branch_operator.py
[2022-10-27 22:25:30,126] {processor.py:641} INFO - Processing file /home/nayara/Documentos/airflowalura/venv/lib/python3.9/site-packages/airflow/example_dags/example_branch_operator.py for tasks to queue
[2022-10-27 22:25:30,127] {logging_mixin.py:115} INFO - [2022-10-27 22:25:30,127] {dagbag.py:507} INFO - Filling up the DagBag from /home/nayara/Documentos/airflowalura/venv/lib/python3.9/site-packages/airflow/example_dags/example_branch_operator.py
[2022-10-27 22:25:30,148] {processor.py:651} INFO - DAG(s) dict_keys(['example_branch_operator']) retrieved from /home/nayara/Documentos/airflowalura/venv/lib/python3.9/site-packages/airflow/example_dags/example_branch_operator.py
[2022-10-27 22:25:30,184] {logging_mixin.py:115} INFO - [2022-10-27 22:25:30,183] {dag.py:2379} INFO - Sync 1 DAGs
[2022-10-27 22:25:30,234] {logging_mixin.py:115} INFO - [2022-10-27 22:25:30,234] {dag.py:2927} INFO - Setting next_dagrun for example_branch_operator to 2022-10-27T00:00:00+00:00, run_after=2022-10-28T00:00:00+00:00
[2022-10-27 22:25:30,521] {processor.py:161} INFO - Processing /home/nayara/Documentos/airflowalura/venv/lib/python3.9/site-packages/airflow/example_dags/example_branch_operator.py took 0.423 seconds
[2022-10-27 22:26:33,986] {processor.py:153} INFO - Started process (PID=50668) to work on /home/nayara/Documentos/airflowalura/venv/lib/python3.9/site-packages/airflow/example_dags/example_branch_operator.py
[2022-10-27 22:26:33,997] {processor.py:641} INFO - Processing file /home/nayara/Documentos/airflowalura/venv/lib/python3.9/site-packages/airflow/example_dags/example_branch_operator.py for tasks to queue
[2022-10-27 22:26:33,998] {logging_mixin.py:115} INFO - [2022-10-27 22:26:33,998] {dagbag.py:507} INFO - Filling up the DagBag from /home/nayara/Documentos/airflowalura/venv/lib/python3.9/site-packages/airflow/example_dags/example_branch_operator.py
[2022-10-27 22:26:34,047] {processor.py:651} INFO - DAG(s) dict_keys(['example_branch_operator']) retrieved from /home/nayara/Documentos/airflowalura/venv/lib/python3.9/site-packages/airflow/example_dags/example_branch_operator.py
[2022-10-27 22:26:34,088] {logging_mixin.py:115} INFO - [2022-10-27 22:26:34,088] {dag.py:2379} INFO - Sync 1 DAGs
[2022-10-27 22:26:34,147] {logging_mixin.py:115} INFO - [2022-10-27 22:26:34,146] {dag.py:2927} INFO - Setting next_dagrun for example_branch_operator to 2022-10-27T00:00:00+00:00, run_after=2022-10-28T00:00:00+00:00
[2022-10-27 22:26:34,425] {processor.py:161} INFO - Processing /home/nayara/Documentos/airflowalura/venv/lib/python3.9/site-packages/airflow/example_dags/example_branch_operator.py took 0.450 seconds
[2022-10-27 22:27:39,683] {processor.py:153} INFO - Started process (PID=50854) to work on /home/nayara/Documentos/airflowalura/venv/lib/python3.9/site-packages/airflow/example_dags/example_branch_operator.py
[2022-10-27 22:27:39,773] {processor.py:641} INFO - Processing file /home/nayara/Documentos/airflowalura/venv/lib/python3.9/site-packages/airflow/example_dags/example_branch_operator.py for tasks to queue
[2022-10-27 22:27:39,774] {logging_mixin.py:115} INFO - [2022-10-27 22:27:39,774] {dagbag.py:507} INFO - Filling up the DagBag from /home/nayara/Documentos/airflowalura/venv/lib/python3.9/site-packages/airflow/example_dags/example_branch_operator.py
[2022-10-27 22:27:39,790] {processor.py:651} INFO - DAG(s) dict_keys(['example_branch_operator']) retrieved from /home/nayara/Documentos/airflowalura/venv/lib/python3.9/site-packages/airflow/example_dags/example_branch_operator.py
[2022-10-27 22:27:39,815] {logging_mixin.py:115} INFO - [2022-10-27 22:27:39,814] {dag.py:2379} INFO - Sync 1 DAGs
[2022-10-27 22:27:39,858] {logging_mixin.py:115} INFO - [2022-10-27 22:27:39,858] {dag.py:2927} INFO - Setting next_dagrun for example_branch_operator to 2022-10-27T00:00:00+00:00, run_after=2022-10-28T00:00:00+00:00
[2022-10-27 22:27:40,314] {processor.py:161} INFO - Processing /home/nayara/Documentos/airflowalura/venv/lib/python3.9/site-packages/airflow/example_dags/example_branch_operator.py took 0.636 seconds
[2022-10-27 22:28:50,891] {processor.py:153} INFO - Started process (PID=51064) to work on /home/nayara/Documentos/airflowalura/venv/lib/python3.9/site-packages/airflow/example_dags/example_branch_operator.py
[2022-10-27 22:28:50,914] {processor.py:641} INFO - Processing file /home/nayara/Documentos/airflowalura/venv/lib/python3.9/site-packages/airflow/example_dags/example_branch_operator.py for tasks to queue
[2022-10-27 22:28:50,915] {logging_mixin.py:115} INFO - [2022-10-27 22:28:50,915] {dagbag.py:507} INFO - Filling up the DagBag from /home/nayara/Documentos/airflowalura/venv/lib/python3.9/site-packages/airflow/example_dags/example_branch_operator.py
[2022-10-27 22:28:50,934] {processor.py:651} INFO - DAG(s) dict_keys(['example_branch_operator']) retrieved from /home/nayara/Documentos/airflowalura/venv/lib/python3.9/site-packages/airflow/example_dags/example_branch_operator.py
[2022-10-27 22:28:50,970] {logging_mixin.py:115} INFO - [2022-10-27 22:28:50,970] {dag.py:2379} INFO - Sync 1 DAGs
[2022-10-27 22:28:51,008] {logging_mixin.py:115} INFO - [2022-10-27 22:28:51,008] {dag.py:2927} INFO - Setting next_dagrun for example_branch_operator to 2022-10-27T00:00:00+00:00, run_after=2022-10-28T00:00:00+00:00
[2022-10-27 22:28:51,215] {processor.py:161} INFO - Processing /home/nayara/Documentos/airflowalura/venv/lib/python3.9/site-packages/airflow/example_dags/example_branch_operator.py took 0.331 seconds
[2022-10-27 22:29:41,439] {processor.py:153} INFO - Started process (PID=51177) to work on /home/nayara/Documentos/airflowalura/venv/lib/python3.9/site-packages/airflow/example_dags/example_branch_operator.py
[2022-10-27 22:29:41,477] {processor.py:641} INFO - Processing file /home/nayara/Documentos/airflowalura/venv/lib/python3.9/site-packages/airflow/example_dags/example_branch_operator.py for tasks to queue
[2022-10-27 22:29:41,478] {logging_mixin.py:115} INFO - [2022-10-27 22:29:41,478] {dagbag.py:507} INFO - Filling up the DagBag from /home/nayara/Documentos/airflowalura/venv/lib/python3.9/site-packages/airflow/example_dags/example_branch_operator.py
[2022-10-27 22:29:41,502] {processor.py:651} INFO - DAG(s) dict_keys(['example_branch_operator']) retrieved from /home/nayara/Documentos/airflowalura/venv/lib/python3.9/site-packages/airflow/example_dags/example_branch_operator.py
[2022-10-27 22:29:41,527] {logging_mixin.py:115} INFO - [2022-10-27 22:29:41,527] {dag.py:2379} INFO - Sync 1 DAGs
[2022-10-27 22:29:41,552] {logging_mixin.py:115} INFO - [2022-10-27 22:29:41,552] {dag.py:2927} INFO - Setting next_dagrun for example_branch_operator to 2022-10-27T00:00:00+00:00, run_after=2022-10-28T00:00:00+00:00
[2022-10-27 22:29:41,880] {processor.py:161} INFO - Processing /home/nayara/Documentos/airflowalura/venv/lib/python3.9/site-packages/airflow/example_dags/example_branch_operator.py took 0.452 seconds
[2022-10-27 22:30:42,941] {processor.py:153} INFO - Started process (PID=51282) to work on /home/nayara/Documentos/airflowalura/venv/lib/python3.9/site-packages/airflow/example_dags/example_branch_operator.py
[2022-10-27 22:30:43,015] {processor.py:641} INFO - Processing file /home/nayara/Documentos/airflowalura/venv/lib/python3.9/site-packages/airflow/example_dags/example_branch_operator.py for tasks to queue
[2022-10-27 22:30:43,019] {logging_mixin.py:115} INFO - [2022-10-27 22:30:43,018] {dagbag.py:507} INFO - Filling up the DagBag from /home/nayara/Documentos/airflowalura/venv/lib/python3.9/site-packages/airflow/example_dags/example_branch_operator.py
[2022-10-27 22:30:43,049] {processor.py:651} INFO - DAG(s) dict_keys(['example_branch_operator']) retrieved from /home/nayara/Documentos/airflowalura/venv/lib/python3.9/site-packages/airflow/example_dags/example_branch_operator.py
[2022-10-27 22:30:43,073] {logging_mixin.py:115} INFO - [2022-10-27 22:30:43,072] {dag.py:2379} INFO - Sync 1 DAGs
[2022-10-27 22:30:43,096] {logging_mixin.py:115} INFO - [2022-10-27 22:30:43,096] {dag.py:2927} INFO - Setting next_dagrun for example_branch_operator to 2022-10-27T00:00:00+00:00, run_after=2022-10-28T00:00:00+00:00
[2022-10-27 22:30:43,376] {processor.py:161} INFO - Processing /home/nayara/Documentos/airflowalura/venv/lib/python3.9/site-packages/airflow/example_dags/example_branch_operator.py took 0.447 seconds
[2022-10-27 22:31:46,537] {processor.py:153} INFO - Started process (PID=51426) to work on /home/nayara/Documentos/airflowalura/venv/lib/python3.9/site-packages/airflow/example_dags/example_branch_operator.py
[2022-10-27 22:31:46,542] {processor.py:641} INFO - Processing file /home/nayara/Documentos/airflowalura/venv/lib/python3.9/site-packages/airflow/example_dags/example_branch_operator.py for tasks to queue
[2022-10-27 22:31:46,543] {logging_mixin.py:115} INFO - [2022-10-27 22:31:46,543] {dagbag.py:507} INFO - Filling up the DagBag from /home/nayara/Documentos/airflowalura/venv/lib/python3.9/site-packages/airflow/example_dags/example_branch_operator.py
[2022-10-27 22:31:46,559] {processor.py:651} INFO - DAG(s) dict_keys(['example_branch_operator']) retrieved from /home/nayara/Documentos/airflowalura/venv/lib/python3.9/site-packages/airflow/example_dags/example_branch_operator.py
[2022-10-27 22:31:46,593] {logging_mixin.py:115} INFO - [2022-10-27 22:31:46,593] {dag.py:2379} INFO - Sync 1 DAGs
[2022-10-27 22:31:46,626] {logging_mixin.py:115} INFO - [2022-10-27 22:31:46,626] {dag.py:2927} INFO - Setting next_dagrun for example_branch_operator to 2022-10-27T00:00:00+00:00, run_after=2022-10-28T00:00:00+00:00
[2022-10-27 22:31:46,827] {processor.py:161} INFO - Processing /home/nayara/Documentos/airflowalura/venv/lib/python3.9/site-packages/airflow/example_dags/example_branch_operator.py took 0.295 seconds
[2022-10-27 22:32:57,896] {processor.py:153} INFO - Started process (PID=51580) to work on /home/nayara/Documentos/airflowalura/venv/lib/python3.9/site-packages/airflow/example_dags/example_branch_operator.py
[2022-10-27 22:32:57,899] {processor.py:641} INFO - Processing file /home/nayara/Documentos/airflowalura/venv/lib/python3.9/site-packages/airflow/example_dags/example_branch_operator.py for tasks to queue
[2022-10-27 22:32:57,902] {logging_mixin.py:115} INFO - [2022-10-27 22:32:57,902] {dagbag.py:507} INFO - Filling up the DagBag from /home/nayara/Documentos/airflowalura/venv/lib/python3.9/site-packages/airflow/example_dags/example_branch_operator.py
[2022-10-27 22:32:57,936] {processor.py:651} INFO - DAG(s) dict_keys(['example_branch_operator']) retrieved from /home/nayara/Documentos/airflowalura/venv/lib/python3.9/site-packages/airflow/example_dags/example_branch_operator.py
[2022-10-27 22:32:57,961] {logging_mixin.py:115} INFO - [2022-10-27 22:32:57,961] {dag.py:2379} INFO - Sync 1 DAGs
[2022-10-27 22:32:57,983] {logging_mixin.py:115} INFO - [2022-10-27 22:32:57,983] {dag.py:2927} INFO - Setting next_dagrun for example_branch_operator to 2022-10-27T00:00:00+00:00, run_after=2022-10-28T00:00:00+00:00
[2022-10-27 22:32:58,184] {processor.py:161} INFO - Processing /home/nayara/Documentos/airflowalura/venv/lib/python3.9/site-packages/airflow/example_dags/example_branch_operator.py took 0.303 seconds
[2022-10-27 22:33:49,903] {processor.py:153} INFO - Started process (PID=51691) to work on /home/nayara/Documentos/airflowalura/venv/lib/python3.9/site-packages/airflow/example_dags/example_branch_operator.py
[2022-10-27 22:33:49,922] {processor.py:641} INFO - Processing file /home/nayara/Documentos/airflowalura/venv/lib/python3.9/site-packages/airflow/example_dags/example_branch_operator.py for tasks to queue
[2022-10-27 22:33:49,925] {logging_mixin.py:115} INFO - [2022-10-27 22:33:49,924] {dagbag.py:507} INFO - Filling up the DagBag from /home/nayara/Documentos/airflowalura/venv/lib/python3.9/site-packages/airflow/example_dags/example_branch_operator.py
[2022-10-27 22:33:49,998] {processor.py:651} INFO - DAG(s) dict_keys(['example_branch_operator']) retrieved from /home/nayara/Documentos/airflowalura/venv/lib/python3.9/site-packages/airflow/example_dags/example_branch_operator.py
[2022-10-27 22:33:50,034] {logging_mixin.py:115} INFO - [2022-10-27 22:33:50,034] {dag.py:2379} INFO - Sync 1 DAGs
[2022-10-27 22:33:50,063] {logging_mixin.py:115} INFO - [2022-10-27 22:33:50,063] {dag.py:2927} INFO - Setting next_dagrun for example_branch_operator to 2022-10-27T00:00:00+00:00, run_after=2022-10-28T00:00:00+00:00
[2022-10-27 22:33:50,283] {processor.py:161} INFO - Processing /home/nayara/Documentos/airflowalura/venv/lib/python3.9/site-packages/airflow/example_dags/example_branch_operator.py took 0.384 seconds
[2022-10-27 22:34:46,102] {processor.py:153} INFO - Started process (PID=51787) to work on /home/nayara/Documentos/airflowalura/venv/lib/python3.9/site-packages/airflow/example_dags/example_branch_operator.py
[2022-10-27 22:34:46,103] {processor.py:641} INFO - Processing file /home/nayara/Documentos/airflowalura/venv/lib/python3.9/site-packages/airflow/example_dags/example_branch_operator.py for tasks to queue
[2022-10-27 22:34:46,105] {logging_mixin.py:115} INFO - [2022-10-27 22:34:46,104] {dagbag.py:507} INFO - Filling up the DagBag from /home/nayara/Documentos/airflowalura/venv/lib/python3.9/site-packages/airflow/example_dags/example_branch_operator.py
[2022-10-27 22:34:46,120] {processor.py:651} INFO - DAG(s) dict_keys(['example_branch_operator']) retrieved from /home/nayara/Documentos/airflowalura/venv/lib/python3.9/site-packages/airflow/example_dags/example_branch_operator.py
[2022-10-27 22:34:46,144] {logging_mixin.py:115} INFO - [2022-10-27 22:34:46,144] {dag.py:2379} INFO - Sync 1 DAGs
[2022-10-27 22:34:46,166] {logging_mixin.py:115} INFO - [2022-10-27 22:34:46,166] {dag.py:2927} INFO - Setting next_dagrun for example_branch_operator to 2022-10-27T00:00:00+00:00, run_after=2022-10-28T00:00:00+00:00
[2022-10-27 22:34:46,364] {processor.py:161} INFO - Processing /home/nayara/Documentos/airflowalura/venv/lib/python3.9/site-packages/airflow/example_dags/example_branch_operator.py took 0.276 seconds
[2022-10-27 22:35:42,514] {processor.py:153} INFO - Started process (PID=51873) to work on /home/nayara/Documentos/airflowalura/venv/lib/python3.9/site-packages/airflow/example_dags/example_branch_operator.py
[2022-10-27 22:35:42,539] {processor.py:641} INFO - Processing file /home/nayara/Documentos/airflowalura/venv/lib/python3.9/site-packages/airflow/example_dags/example_branch_operator.py for tasks to queue
[2022-10-27 22:35:42,540] {logging_mixin.py:115} INFO - [2022-10-27 22:35:42,540] {dagbag.py:507} INFO - Filling up the DagBag from /home/nayara/Documentos/airflowalura/venv/lib/python3.9/site-packages/airflow/example_dags/example_branch_operator.py
[2022-10-27 22:35:42,559] {processor.py:651} INFO - DAG(s) dict_keys(['example_branch_operator']) retrieved from /home/nayara/Documentos/airflowalura/venv/lib/python3.9/site-packages/airflow/example_dags/example_branch_operator.py
[2022-10-27 22:35:42,584] {logging_mixin.py:115} INFO - [2022-10-27 22:35:42,583] {dag.py:2379} INFO - Sync 1 DAGs
[2022-10-27 22:35:42,606] {logging_mixin.py:115} INFO - [2022-10-27 22:35:42,606] {dag.py:2927} INFO - Setting next_dagrun for example_branch_operator to 2022-10-27T00:00:00+00:00, run_after=2022-10-28T00:00:00+00:00
[2022-10-27 22:35:42,835] {processor.py:161} INFO - Processing /home/nayara/Documentos/airflowalura/venv/lib/python3.9/site-packages/airflow/example_dags/example_branch_operator.py took 0.332 seconds
[2022-10-27 22:36:50,748] {processor.py:153} INFO - Started process (PID=52087) to work on /home/nayara/Documentos/airflowalura/venv/lib/python3.9/site-packages/airflow/example_dags/example_branch_operator.py
[2022-10-27 22:36:50,795] {processor.py:641} INFO - Processing file /home/nayara/Documentos/airflowalura/venv/lib/python3.9/site-packages/airflow/example_dags/example_branch_operator.py for tasks to queue
[2022-10-27 22:36:50,797] {logging_mixin.py:115} INFO - [2022-10-27 22:36:50,796] {dagbag.py:507} INFO - Filling up the DagBag from /home/nayara/Documentos/airflowalura/venv/lib/python3.9/site-packages/airflow/example_dags/example_branch_operator.py
[2022-10-27 22:36:50,823] {processor.py:651} INFO - DAG(s) dict_keys(['example_branch_operator']) retrieved from /home/nayara/Documentos/airflowalura/venv/lib/python3.9/site-packages/airflow/example_dags/example_branch_operator.py
[2022-10-27 22:36:50,847] {logging_mixin.py:115} INFO - [2022-10-27 22:36:50,847] {dag.py:2379} INFO - Sync 1 DAGs
[2022-10-27 22:36:50,874] {logging_mixin.py:115} INFO - [2022-10-27 22:36:50,874] {dag.py:2927} INFO - Setting next_dagrun for example_branch_operator to 2022-10-27T00:00:00+00:00, run_after=2022-10-28T00:00:00+00:00
[2022-10-27 22:36:51,185] {processor.py:161} INFO - Processing /home/nayara/Documentos/airflowalura/venv/lib/python3.9/site-packages/airflow/example_dags/example_branch_operator.py took 0.442 seconds
[2022-10-27 22:38:10,522] {processor.py:153} INFO - Started process (PID=52410) to work on /home/nayara/Documentos/airflowalura/venv/lib/python3.9/site-packages/airflow/example_dags/example_branch_operator.py
[2022-10-27 22:38:10,590] {processor.py:641} INFO - Processing file /home/nayara/Documentos/airflowalura/venv/lib/python3.9/site-packages/airflow/example_dags/example_branch_operator.py for tasks to queue
[2022-10-27 22:38:10,591] {logging_mixin.py:115} INFO - [2022-10-27 22:38:10,591] {dagbag.py:507} INFO - Filling up the DagBag from /home/nayara/Documentos/airflowalura/venv/lib/python3.9/site-packages/airflow/example_dags/example_branch_operator.py
[2022-10-27 22:38:10,732] {processor.py:651} INFO - DAG(s) dict_keys(['example_branch_operator']) retrieved from /home/nayara/Documentos/airflowalura/venv/lib/python3.9/site-packages/airflow/example_dags/example_branch_operator.py
[2022-10-27 22:38:10,765] {logging_mixin.py:115} INFO - [2022-10-27 22:38:10,765] {dag.py:2379} INFO - Sync 1 DAGs
[2022-10-27 22:38:10,801] {logging_mixin.py:115} INFO - [2022-10-27 22:38:10,801] {dag.py:2927} INFO - Setting next_dagrun for example_branch_operator to 2022-10-27T00:00:00+00:00, run_after=2022-10-28T00:00:00+00:00
[2022-10-27 22:38:11,554] {processor.py:161} INFO - Processing /home/nayara/Documentos/airflowalura/venv/lib/python3.9/site-packages/airflow/example_dags/example_branch_operator.py took 1.038 seconds
[2022-10-27 22:39:21,083] {processor.py:153} INFO - Started process (PID=52599) to work on /home/nayara/Documentos/airflowalura/venv/lib/python3.9/site-packages/airflow/example_dags/example_branch_operator.py
[2022-10-27 22:39:21,097] {processor.py:641} INFO - Processing file /home/nayara/Documentos/airflowalura/venv/lib/python3.9/site-packages/airflow/example_dags/example_branch_operator.py for tasks to queue
[2022-10-27 22:39:21,099] {logging_mixin.py:115} INFO - [2022-10-27 22:39:21,098] {dagbag.py:507} INFO - Filling up the DagBag from /home/nayara/Documentos/airflowalura/venv/lib/python3.9/site-packages/airflow/example_dags/example_branch_operator.py
[2022-10-27 22:39:21,142] {processor.py:651} INFO - DAG(s) dict_keys(['example_branch_operator']) retrieved from /home/nayara/Documentos/airflowalura/venv/lib/python3.9/site-packages/airflow/example_dags/example_branch_operator.py
[2022-10-27 22:39:21,186] {logging_mixin.py:115} INFO - [2022-10-27 22:39:21,186] {dag.py:2379} INFO - Sync 1 DAGs
[2022-10-27 22:39:21,229] {logging_mixin.py:115} INFO - [2022-10-27 22:39:21,229] {dag.py:2927} INFO - Setting next_dagrun for example_branch_operator to 2022-10-27T00:00:00+00:00, run_after=2022-10-28T00:00:00+00:00
[2022-10-27 22:39:21,761] {processor.py:161} INFO - Processing /home/nayara/Documentos/airflowalura/venv/lib/python3.9/site-packages/airflow/example_dags/example_branch_operator.py took 0.700 seconds
[2022-10-27 22:40:36,113] {processor.py:153} INFO - Started process (PID=52761) to work on /home/nayara/Documentos/airflowalura/venv/lib/python3.9/site-packages/airflow/example_dags/example_branch_operator.py
[2022-10-27 22:40:36,180] {processor.py:641} INFO - Processing file /home/nayara/Documentos/airflowalura/venv/lib/python3.9/site-packages/airflow/example_dags/example_branch_operator.py for tasks to queue
[2022-10-27 22:40:36,181] {logging_mixin.py:115} INFO - [2022-10-27 22:40:36,180] {dagbag.py:507} INFO - Filling up the DagBag from /home/nayara/Documentos/airflowalura/venv/lib/python3.9/site-packages/airflow/example_dags/example_branch_operator.py
[2022-10-27 22:40:36,325] {processor.py:651} INFO - DAG(s) dict_keys(['example_branch_operator']) retrieved from /home/nayara/Documentos/airflowalura/venv/lib/python3.9/site-packages/airflow/example_dags/example_branch_operator.py
[2022-10-27 22:40:36,546] {logging_mixin.py:115} INFO - [2022-10-27 22:40:36,546] {dag.py:2379} INFO - Sync 1 DAGs
[2022-10-27 22:40:36,664] {logging_mixin.py:115} INFO - [2022-10-27 22:40:36,663] {dag.py:2927} INFO - Setting next_dagrun for example_branch_operator to 2022-10-27T00:00:00+00:00, run_after=2022-10-28T00:00:00+00:00
[2022-10-27 22:40:37,363] {processor.py:161} INFO - Processing /home/nayara/Documentos/airflowalura/venv/lib/python3.9/site-packages/airflow/example_dags/example_branch_operator.py took 1.256 seconds
[2022-10-27 22:41:44,705] {processor.py:153} INFO - Started process (PID=52870) to work on /home/nayara/Documentos/airflowalura/venv/lib/python3.9/site-packages/airflow/example_dags/example_branch_operator.py
[2022-10-27 22:41:44,722] {processor.py:641} INFO - Processing file /home/nayara/Documentos/airflowalura/venv/lib/python3.9/site-packages/airflow/example_dags/example_branch_operator.py for tasks to queue
[2022-10-27 22:41:44,723] {logging_mixin.py:115} INFO - [2022-10-27 22:41:44,723] {dagbag.py:507} INFO - Filling up the DagBag from /home/nayara/Documentos/airflowalura/venv/lib/python3.9/site-packages/airflow/example_dags/example_branch_operator.py
[2022-10-27 22:41:44,742] {processor.py:651} INFO - DAG(s) dict_keys(['example_branch_operator']) retrieved from /home/nayara/Documentos/airflowalura/venv/lib/python3.9/site-packages/airflow/example_dags/example_branch_operator.py
[2022-10-27 22:41:44,762] {logging_mixin.py:115} INFO - [2022-10-27 22:41:44,762] {dag.py:2379} INFO - Sync 1 DAGs
[2022-10-27 22:41:44,793] {logging_mixin.py:115} INFO - [2022-10-27 22:41:44,793] {dag.py:2927} INFO - Setting next_dagrun for example_branch_operator to 2022-10-27T00:00:00+00:00, run_after=2022-10-28T00:00:00+00:00
[2022-10-27 22:41:45,143] {processor.py:161} INFO - Processing /home/nayara/Documentos/airflowalura/venv/lib/python3.9/site-packages/airflow/example_dags/example_branch_operator.py took 0.446 seconds
[2022-10-27 22:42:45,627] {processor.py:153} INFO - Started process (PID=52998) to work on /home/nayara/Documentos/airflowalura/venv/lib/python3.9/site-packages/airflow/example_dags/example_branch_operator.py
[2022-10-27 22:42:45,644] {processor.py:641} INFO - Processing file /home/nayara/Documentos/airflowalura/venv/lib/python3.9/site-packages/airflow/example_dags/example_branch_operator.py for tasks to queue
[2022-10-27 22:42:45,645] {logging_mixin.py:115} INFO - [2022-10-27 22:42:45,645] {dagbag.py:507} INFO - Filling up the DagBag from /home/nayara/Documentos/airflowalura/venv/lib/python3.9/site-packages/airflow/example_dags/example_branch_operator.py
[2022-10-27 22:42:45,664] {processor.py:651} INFO - DAG(s) dict_keys(['example_branch_operator']) retrieved from /home/nayara/Documentos/airflowalura/venv/lib/python3.9/site-packages/airflow/example_dags/example_branch_operator.py
[2022-10-27 22:42:45,684] {logging_mixin.py:115} INFO - [2022-10-27 22:42:45,684] {dag.py:2379} INFO - Sync 1 DAGs
[2022-10-27 22:42:45,708] {logging_mixin.py:115} INFO - [2022-10-27 22:42:45,708] {dag.py:2927} INFO - Setting next_dagrun for example_branch_operator to 2022-10-27T00:00:00+00:00, run_after=2022-10-28T00:00:00+00:00
[2022-10-27 22:42:45,927] {processor.py:161} INFO - Processing /home/nayara/Documentos/airflowalura/venv/lib/python3.9/site-packages/airflow/example_dags/example_branch_operator.py took 0.306 seconds
[2022-10-27 22:43:39,750] {processor.py:153} INFO - Started process (PID=53115) to work on /home/nayara/Documentos/airflowalura/venv/lib/python3.9/site-packages/airflow/example_dags/example_branch_operator.py
[2022-10-27 22:43:39,776] {processor.py:641} INFO - Processing file /home/nayara/Documentos/airflowalura/venv/lib/python3.9/site-packages/airflow/example_dags/example_branch_operator.py for tasks to queue
[2022-10-27 22:43:39,777] {logging_mixin.py:115} INFO - [2022-10-27 22:43:39,777] {dagbag.py:507} INFO - Filling up the DagBag from /home/nayara/Documentos/airflowalura/venv/lib/python3.9/site-packages/airflow/example_dags/example_branch_operator.py
[2022-10-27 22:43:39,802] {processor.py:651} INFO - DAG(s) dict_keys(['example_branch_operator']) retrieved from /home/nayara/Documentos/airflowalura/venv/lib/python3.9/site-packages/airflow/example_dags/example_branch_operator.py
[2022-10-27 22:43:39,829] {logging_mixin.py:115} INFO - [2022-10-27 22:43:39,829] {dag.py:2379} INFO - Sync 1 DAGs
[2022-10-27 22:43:39,859] {logging_mixin.py:115} INFO - [2022-10-27 22:43:39,859] {dag.py:2927} INFO - Setting next_dagrun for example_branch_operator to 2022-10-27T00:00:00+00:00, run_after=2022-10-28T00:00:00+00:00
[2022-10-27 22:43:40,206] {processor.py:161} INFO - Processing /home/nayara/Documentos/airflowalura/venv/lib/python3.9/site-packages/airflow/example_dags/example_branch_operator.py took 0.463 seconds
[2022-10-27 22:44:52,747] {processor.py:153} INFO - Started process (PID=53334) to work on /home/nayara/Documentos/airflowalura/venv/lib/python3.9/site-packages/airflow/example_dags/example_branch_operator.py
[2022-10-27 22:44:52,871] {processor.py:641} INFO - Processing file /home/nayara/Documentos/airflowalura/venv/lib/python3.9/site-packages/airflow/example_dags/example_branch_operator.py for tasks to queue
[2022-10-27 22:44:52,875] {logging_mixin.py:115} INFO - [2022-10-27 22:44:52,874] {dagbag.py:507} INFO - Filling up the DagBag from /home/nayara/Documentos/airflowalura/venv/lib/python3.9/site-packages/airflow/example_dags/example_branch_operator.py
[2022-10-27 22:44:52,936] {processor.py:651} INFO - DAG(s) dict_keys(['example_branch_operator']) retrieved from /home/nayara/Documentos/airflowalura/venv/lib/python3.9/site-packages/airflow/example_dags/example_branch_operator.py
[2022-10-27 22:44:52,959] {logging_mixin.py:115} INFO - [2022-10-27 22:44:52,959] {dag.py:2379} INFO - Sync 1 DAGs
[2022-10-27 22:44:52,987] {logging_mixin.py:115} INFO - [2022-10-27 22:44:52,987] {dag.py:2927} INFO - Setting next_dagrun for example_branch_operator to 2022-10-27T00:00:00+00:00, run_after=2022-10-28T00:00:00+00:00
[2022-10-27 22:44:54,238] {processor.py:161} INFO - Processing /home/nayara/Documentos/airflowalura/venv/lib/python3.9/site-packages/airflow/example_dags/example_branch_operator.py took 1.508 seconds
[2022-10-27 22:46:00,209] {processor.py:153} INFO - Started process (PID=53448) to work on /home/nayara/Documentos/airflowalura/venv/lib/python3.9/site-packages/airflow/example_dags/example_branch_operator.py
[2022-10-27 22:46:00,228] {processor.py:641} INFO - Processing file /home/nayara/Documentos/airflowalura/venv/lib/python3.9/site-packages/airflow/example_dags/example_branch_operator.py for tasks to queue
[2022-10-27 22:46:00,229] {logging_mixin.py:115} INFO - [2022-10-27 22:46:00,229] {dagbag.py:507} INFO - Filling up the DagBag from /home/nayara/Documentos/airflowalura/venv/lib/python3.9/site-packages/airflow/example_dags/example_branch_operator.py
[2022-10-27 22:46:00,247] {processor.py:651} INFO - DAG(s) dict_keys(['example_branch_operator']) retrieved from /home/nayara/Documentos/airflowalura/venv/lib/python3.9/site-packages/airflow/example_dags/example_branch_operator.py
[2022-10-27 22:46:00,268] {logging_mixin.py:115} INFO - [2022-10-27 22:46:00,268] {dag.py:2379} INFO - Sync 1 DAGs
[2022-10-27 22:46:00,291] {logging_mixin.py:115} INFO - [2022-10-27 22:46:00,291] {dag.py:2927} INFO - Setting next_dagrun for example_branch_operator to 2022-10-27T00:00:00+00:00, run_after=2022-10-28T00:00:00+00:00
[2022-10-27 22:46:00,538] {processor.py:161} INFO - Processing /home/nayara/Documentos/airflowalura/venv/lib/python3.9/site-packages/airflow/example_dags/example_branch_operator.py took 0.332 seconds
[2022-10-27 22:46:50,361] {processor.py:153} INFO - Started process (PID=53575) to work on /home/nayara/Documentos/airflowalura/venv/lib/python3.9/site-packages/airflow/example_dags/example_branch_operator.py
[2022-10-27 22:46:50,377] {processor.py:641} INFO - Processing file /home/nayara/Documentos/airflowalura/venv/lib/python3.9/site-packages/airflow/example_dags/example_branch_operator.py for tasks to queue
[2022-10-27 22:46:50,380] {logging_mixin.py:115} INFO - [2022-10-27 22:46:50,379] {dagbag.py:507} INFO - Filling up the DagBag from /home/nayara/Documentos/airflowalura/venv/lib/python3.9/site-packages/airflow/example_dags/example_branch_operator.py
[2022-10-27 22:46:50,425] {processor.py:651} INFO - DAG(s) dict_keys(['example_branch_operator']) retrieved from /home/nayara/Documentos/airflowalura/venv/lib/python3.9/site-packages/airflow/example_dags/example_branch_operator.py
[2022-10-27 22:46:50,446] {logging_mixin.py:115} INFO - [2022-10-27 22:46:50,446] {dag.py:2379} INFO - Sync 1 DAGs
[2022-10-27 22:46:50,470] {logging_mixin.py:115} INFO - [2022-10-27 22:46:50,470] {dag.py:2927} INFO - Setting next_dagrun for example_branch_operator to 2022-10-27T00:00:00+00:00, run_after=2022-10-28T00:00:00+00:00
[2022-10-27 22:46:50,661] {processor.py:161} INFO - Processing /home/nayara/Documentos/airflowalura/venv/lib/python3.9/site-packages/airflow/example_dags/example_branch_operator.py took 0.314 seconds
[2022-10-27 22:48:01,258] {processor.py:153} INFO - Started process (PID=53725) to work on /home/nayara/Documentos/airflowalura/venv/lib/python3.9/site-packages/airflow/example_dags/example_branch_operator.py
[2022-10-27 22:48:01,272] {processor.py:641} INFO - Processing file /home/nayara/Documentos/airflowalura/venv/lib/python3.9/site-packages/airflow/example_dags/example_branch_operator.py for tasks to queue
[2022-10-27 22:48:01,274] {logging_mixin.py:115} INFO - [2022-10-27 22:48:01,274] {dagbag.py:507} INFO - Filling up the DagBag from /home/nayara/Documentos/airflowalura/venv/lib/python3.9/site-packages/airflow/example_dags/example_branch_operator.py
[2022-10-27 22:48:01,302] {processor.py:651} INFO - DAG(s) dict_keys(['example_branch_operator']) retrieved from /home/nayara/Documentos/airflowalura/venv/lib/python3.9/site-packages/airflow/example_dags/example_branch_operator.py
[2022-10-27 22:48:01,334] {logging_mixin.py:115} INFO - [2022-10-27 22:48:01,334] {dag.py:2379} INFO - Sync 1 DAGs
[2022-10-27 22:48:01,371] {logging_mixin.py:115} INFO - [2022-10-27 22:48:01,371] {dag.py:2927} INFO - Setting next_dagrun for example_branch_operator to 2022-10-27T00:00:00+00:00, run_after=2022-10-28T00:00:00+00:00
[2022-10-27 22:48:01,749] {processor.py:161} INFO - Processing /home/nayara/Documentos/airflowalura/venv/lib/python3.9/site-packages/airflow/example_dags/example_branch_operator.py took 0.516 seconds
[2022-10-27 22:49:08,521] {processor.py:153} INFO - Started process (PID=53858) to work on /home/nayara/Documentos/airflowalura/venv/lib/python3.9/site-packages/airflow/example_dags/example_branch_operator.py
[2022-10-27 22:49:08,525] {processor.py:641} INFO - Processing file /home/nayara/Documentos/airflowalura/venv/lib/python3.9/site-packages/airflow/example_dags/example_branch_operator.py for tasks to queue
[2022-10-27 22:49:08,528] {logging_mixin.py:115} INFO - [2022-10-27 22:49:08,528] {dagbag.py:507} INFO - Filling up the DagBag from /home/nayara/Documentos/airflowalura/venv/lib/python3.9/site-packages/airflow/example_dags/example_branch_operator.py
[2022-10-27 22:49:08,570] {processor.py:651} INFO - DAG(s) dict_keys(['example_branch_operator']) retrieved from /home/nayara/Documentos/airflowalura/venv/lib/python3.9/site-packages/airflow/example_dags/example_branch_operator.py
[2022-10-27 22:49:08,595] {logging_mixin.py:115} INFO - [2022-10-27 22:49:08,594] {dag.py:2379} INFO - Sync 1 DAGs
[2022-10-27 22:49:08,623] {logging_mixin.py:115} INFO - [2022-10-27 22:49:08,623] {dag.py:2927} INFO - Setting next_dagrun for example_branch_operator to 2022-10-27T00:00:00+00:00, run_after=2022-10-28T00:00:00+00:00
[2022-10-27 22:49:08,915] {processor.py:161} INFO - Processing /home/nayara/Documentos/airflowalura/venv/lib/python3.9/site-packages/airflow/example_dags/example_branch_operator.py took 0.412 seconds
[2022-10-27 22:50:13,040] {processor.py:153} INFO - Started process (PID=53987) to work on /home/nayara/Documentos/airflowalura/venv/lib/python3.9/site-packages/airflow/example_dags/example_branch_operator.py
[2022-10-27 22:50:13,057] {processor.py:641} INFO - Processing file /home/nayara/Documentos/airflowalura/venv/lib/python3.9/site-packages/airflow/example_dags/example_branch_operator.py for tasks to queue
[2022-10-27 22:50:13,058] {logging_mixin.py:115} INFO - [2022-10-27 22:50:13,058] {dagbag.py:507} INFO - Filling up the DagBag from /home/nayara/Documentos/airflowalura/venv/lib/python3.9/site-packages/airflow/example_dags/example_branch_operator.py
[2022-10-27 22:50:13,074] {processor.py:651} INFO - DAG(s) dict_keys(['example_branch_operator']) retrieved from /home/nayara/Documentos/airflowalura/venv/lib/python3.9/site-packages/airflow/example_dags/example_branch_operator.py
[2022-10-27 22:50:13,099] {logging_mixin.py:115} INFO - [2022-10-27 22:50:13,099] {dag.py:2379} INFO - Sync 1 DAGs
[2022-10-27 22:50:13,129] {logging_mixin.py:115} INFO - [2022-10-27 22:50:13,129] {dag.py:2927} INFO - Setting next_dagrun for example_branch_operator to 2022-10-27T00:00:00+00:00, run_after=2022-10-28T00:00:00+00:00
[2022-10-27 22:50:13,359] {processor.py:161} INFO - Processing /home/nayara/Documentos/airflowalura/venv/lib/python3.9/site-packages/airflow/example_dags/example_branch_operator.py took 0.324 seconds
[2022-10-27 22:51:22,394] {processor.py:153} INFO - Started process (PID=54107) to work on /home/nayara/Documentos/airflowalura/venv/lib/python3.9/site-packages/airflow/example_dags/example_branch_operator.py
[2022-10-27 22:51:22,411] {processor.py:641} INFO - Processing file /home/nayara/Documentos/airflowalura/venv/lib/python3.9/site-packages/airflow/example_dags/example_branch_operator.py for tasks to queue
[2022-10-27 22:51:22,411] {logging_mixin.py:115} INFO - [2022-10-27 22:51:22,411] {dagbag.py:507} INFO - Filling up the DagBag from /home/nayara/Documentos/airflowalura/venv/lib/python3.9/site-packages/airflow/example_dags/example_branch_operator.py
[2022-10-27 22:51:22,429] {processor.py:651} INFO - DAG(s) dict_keys(['example_branch_operator']) retrieved from /home/nayara/Documentos/airflowalura/venv/lib/python3.9/site-packages/airflow/example_dags/example_branch_operator.py
[2022-10-27 22:51:22,464] {logging_mixin.py:115} INFO - [2022-10-27 22:51:22,464] {dag.py:2379} INFO - Sync 1 DAGs
[2022-10-27 22:51:22,497] {logging_mixin.py:115} INFO - [2022-10-27 22:51:22,497] {dag.py:2927} INFO - Setting next_dagrun for example_branch_operator to 2022-10-27T00:00:00+00:00, run_after=2022-10-28T00:00:00+00:00
[2022-10-27 22:51:22,749] {processor.py:161} INFO - Processing /home/nayara/Documentos/airflowalura/venv/lib/python3.9/site-packages/airflow/example_dags/example_branch_operator.py took 0.360 seconds
[2022-10-27 22:52:40,345] {processor.py:153} INFO - Started process (PID=54259) to work on /home/nayara/Documentos/airflowalura/venv/lib/python3.9/site-packages/airflow/example_dags/example_branch_operator.py
[2022-10-27 22:52:40,370] {processor.py:641} INFO - Processing file /home/nayara/Documentos/airflowalura/venv/lib/python3.9/site-packages/airflow/example_dags/example_branch_operator.py for tasks to queue
[2022-10-27 22:52:40,372] {logging_mixin.py:115} INFO - [2022-10-27 22:52:40,371] {dagbag.py:507} INFO - Filling up the DagBag from /home/nayara/Documentos/airflowalura/venv/lib/python3.9/site-packages/airflow/example_dags/example_branch_operator.py
[2022-10-27 22:52:40,401] {processor.py:651} INFO - DAG(s) dict_keys(['example_branch_operator']) retrieved from /home/nayara/Documentos/airflowalura/venv/lib/python3.9/site-packages/airflow/example_dags/example_branch_operator.py
[2022-10-27 22:52:40,431] {logging_mixin.py:115} INFO - [2022-10-27 22:52:40,430] {dag.py:2379} INFO - Sync 1 DAGs
[2022-10-27 22:52:40,462] {logging_mixin.py:115} INFO - [2022-10-27 22:52:40,462] {dag.py:2927} INFO - Setting next_dagrun for example_branch_operator to 2022-10-27T00:00:00+00:00, run_after=2022-10-28T00:00:00+00:00
[2022-10-27 22:52:40,784] {processor.py:161} INFO - Processing /home/nayara/Documentos/airflowalura/venv/lib/python3.9/site-packages/airflow/example_dags/example_branch_operator.py took 0.451 seconds
[2022-10-27 22:53:29,920] {processor.py:153} INFO - Started process (PID=54360) to work on /home/nayara/Documentos/airflowalura/venv/lib/python3.9/site-packages/airflow/example_dags/example_branch_operator.py
[2022-10-27 22:53:29,921] {processor.py:641} INFO - Processing file /home/nayara/Documentos/airflowalura/venv/lib/python3.9/site-packages/airflow/example_dags/example_branch_operator.py for tasks to queue
[2022-10-27 22:53:29,923] {logging_mixin.py:115} INFO - [2022-10-27 22:53:29,922] {dagbag.py:507} INFO - Filling up the DagBag from /home/nayara/Documentos/airflowalura/venv/lib/python3.9/site-packages/airflow/example_dags/example_branch_operator.py
[2022-10-27 22:53:29,948] {processor.py:651} INFO - DAG(s) dict_keys(['example_branch_operator']) retrieved from /home/nayara/Documentos/airflowalura/venv/lib/python3.9/site-packages/airflow/example_dags/example_branch_operator.py
[2022-10-27 22:53:29,981] {logging_mixin.py:115} INFO - [2022-10-27 22:53:29,981] {dag.py:2379} INFO - Sync 1 DAGs
[2022-10-27 22:53:30,012] {logging_mixin.py:115} INFO - [2022-10-27 22:53:30,012] {dag.py:2927} INFO - Setting next_dagrun for example_branch_operator to 2022-10-27T00:00:00+00:00, run_after=2022-10-28T00:00:00+00:00
[2022-10-27 22:53:30,317] {processor.py:161} INFO - Processing /home/nayara/Documentos/airflowalura/venv/lib/python3.9/site-packages/airflow/example_dags/example_branch_operator.py took 0.404 seconds
[2022-10-27 22:54:43,811] {processor.py:153} INFO - Started process (PID=54506) to work on /home/nayara/Documentos/airflowalura/venv/lib/python3.9/site-packages/airflow/example_dags/example_branch_operator.py
[2022-10-27 22:54:43,840] {processor.py:641} INFO - Processing file /home/nayara/Documentos/airflowalura/venv/lib/python3.9/site-packages/airflow/example_dags/example_branch_operator.py for tasks to queue
[2022-10-27 22:54:43,843] {logging_mixin.py:115} INFO - [2022-10-27 22:54:43,842] {dagbag.py:507} INFO - Filling up the DagBag from /home/nayara/Documentos/airflowalura/venv/lib/python3.9/site-packages/airflow/example_dags/example_branch_operator.py
[2022-10-27 22:54:43,874] {processor.py:651} INFO - DAG(s) dict_keys(['example_branch_operator']) retrieved from /home/nayara/Documentos/airflowalura/venv/lib/python3.9/site-packages/airflow/example_dags/example_branch_operator.py
[2022-10-27 22:54:43,895] {logging_mixin.py:115} INFO - [2022-10-27 22:54:43,895] {dag.py:2379} INFO - Sync 1 DAGs
[2022-10-27 22:54:43,919] {logging_mixin.py:115} INFO - [2022-10-27 22:54:43,919] {dag.py:2927} INFO - Setting next_dagrun for example_branch_operator to 2022-10-27T00:00:00+00:00, run_after=2022-10-28T00:00:00+00:00
[2022-10-27 22:54:44,143] {processor.py:161} INFO - Processing /home/nayara/Documentos/airflowalura/venv/lib/python3.9/site-packages/airflow/example_dags/example_branch_operator.py took 0.344 seconds
[2022-10-27 22:55:35,368] {processor.py:153} INFO - Started process (PID=54607) to work on /home/nayara/Documentos/airflowalura/venv/lib/python3.9/site-packages/airflow/example_dags/example_branch_operator.py
[2022-10-27 22:55:35,393] {processor.py:641} INFO - Processing file /home/nayara/Documentos/airflowalura/venv/lib/python3.9/site-packages/airflow/example_dags/example_branch_operator.py for tasks to queue
[2022-10-27 22:55:35,394] {logging_mixin.py:115} INFO - [2022-10-27 22:55:35,393] {dagbag.py:507} INFO - Filling up the DagBag from /home/nayara/Documentos/airflowalura/venv/lib/python3.9/site-packages/airflow/example_dags/example_branch_operator.py
[2022-10-27 22:55:35,408] {processor.py:651} INFO - DAG(s) dict_keys(['example_branch_operator']) retrieved from /home/nayara/Documentos/airflowalura/venv/lib/python3.9/site-packages/airflow/example_dags/example_branch_operator.py
[2022-10-27 22:55:35,437] {logging_mixin.py:115} INFO - [2022-10-27 22:55:35,437] {dag.py:2379} INFO - Sync 1 DAGs
[2022-10-27 22:55:35,469] {logging_mixin.py:115} INFO - [2022-10-27 22:55:35,469] {dag.py:2927} INFO - Setting next_dagrun for example_branch_operator to 2022-10-27T00:00:00+00:00, run_after=2022-10-28T00:00:00+00:00
[2022-10-27 22:55:35,721] {processor.py:161} INFO - Processing /home/nayara/Documentos/airflowalura/venv/lib/python3.9/site-packages/airflow/example_dags/example_branch_operator.py took 0.362 seconds
[2022-10-27 22:56:24,036] {processor.py:153} INFO - Started process (PID=54714) to work on /home/nayara/Documentos/airflowalura/venv/lib/python3.9/site-packages/airflow/example_dags/example_branch_operator.py
[2022-10-27 22:56:24,039] {processor.py:641} INFO - Processing file /home/nayara/Documentos/airflowalura/venv/lib/python3.9/site-packages/airflow/example_dags/example_branch_operator.py for tasks to queue
[2022-10-27 22:56:24,041] {logging_mixin.py:115} INFO - [2022-10-27 22:56:24,040] {dagbag.py:507} INFO - Filling up the DagBag from /home/nayara/Documentos/airflowalura/venv/lib/python3.9/site-packages/airflow/example_dags/example_branch_operator.py
[2022-10-27 22:56:24,055] {processor.py:651} INFO - DAG(s) dict_keys(['example_branch_operator']) retrieved from /home/nayara/Documentos/airflowalura/venv/lib/python3.9/site-packages/airflow/example_dags/example_branch_operator.py
[2022-10-27 22:56:24,078] {logging_mixin.py:115} INFO - [2022-10-27 22:56:24,077] {dag.py:2379} INFO - Sync 1 DAGs
[2022-10-27 22:56:24,102] {logging_mixin.py:115} INFO - [2022-10-27 22:56:24,102] {dag.py:2927} INFO - Setting next_dagrun for example_branch_operator to 2022-10-27T00:00:00+00:00, run_after=2022-10-28T00:00:00+00:00
[2022-10-27 22:56:24,313] {processor.py:161} INFO - Processing /home/nayara/Documentos/airflowalura/venv/lib/python3.9/site-packages/airflow/example_dags/example_branch_operator.py took 0.288 seconds
