[2022-10-27 22:17:13,314] {processor.py:153} INFO - Started process (PID=49183) to work on /home/nayara/Documentos/airflowalura/venv/lib/python3.9/site-packages/airflow/example_dags/example_complex.py
[2022-10-27 22:17:13,314] {processor.py:641} INFO - Processing file /home/nayara/Documentos/airflowalura/venv/lib/python3.9/site-packages/airflow/example_dags/example_complex.py for tasks to queue
[2022-10-27 22:17:13,315] {logging_mixin.py:115} INFO - [2022-10-27 22:17:13,315] {dagbag.py:507} INFO - Filling up the DagBag from /home/nayara/Documentos/airflowalura/venv/lib/python3.9/site-packages/airflow/example_dags/example_complex.py
[2022-10-27 22:17:13,373] {processor.py:651} INFO - DAG(s) dict_keys(['example_complex']) retrieved from /home/nayara/Documentos/airflowalura/venv/lib/python3.9/site-packages/airflow/example_dags/example_complex.py
[2022-10-27 22:17:14,422] {logging_mixin.py:115} INFO - [2022-10-27 22:17:14,422] {manager.py:508} INFO - Created Permission View: can read on DAG:example_complex
[2022-10-27 22:17:15,129] {logging_mixin.py:115} INFO - [2022-10-27 22:17:15,129] {manager.py:508} INFO - Created Permission View: can delete on DAG:example_complex
[2022-10-27 22:17:15,640] {logging_mixin.py:115} INFO - [2022-10-27 22:17:15,639] {manager.py:508} INFO - Created Permission View: can edit on DAG:example_complex
[2022-10-27 22:17:15,641] {logging_mixin.py:115} INFO - [2022-10-27 22:17:15,641] {dag.py:2379} INFO - Sync 1 DAGs
[2022-10-27 22:17:15,653] {logging_mixin.py:115} INFO - [2022-10-27 22:17:15,653] {dag.py:2398} INFO - Creating ORM DAG for example_complex
[2022-10-27 22:17:15,663] {logging_mixin.py:115} INFO - [2022-10-27 22:17:15,663] {dag.py:2927} INFO - Setting next_dagrun for example_complex to None, run_after=None
[2022-10-27 22:17:16,259] {processor.py:161} INFO - Processing /home/nayara/Documentos/airflowalura/venv/lib/python3.9/site-packages/airflow/example_dags/example_complex.py took 2.949 seconds
[2022-10-27 22:18:20,758] {processor.py:153} INFO - Started process (PID=49319) to work on /home/nayara/Documentos/airflowalura/venv/lib/python3.9/site-packages/airflow/example_dags/example_complex.py
[2022-10-27 22:18:20,761] {processor.py:641} INFO - Processing file /home/nayara/Documentos/airflowalura/venv/lib/python3.9/site-packages/airflow/example_dags/example_complex.py for tasks to queue
[2022-10-27 22:18:20,762] {logging_mixin.py:115} INFO - [2022-10-27 22:18:20,761] {dagbag.py:507} INFO - Filling up the DagBag from /home/nayara/Documentos/airflowalura/venv/lib/python3.9/site-packages/airflow/example_dags/example_complex.py
[2022-10-27 22:18:20,782] {processor.py:651} INFO - DAG(s) dict_keys(['example_complex']) retrieved from /home/nayara/Documentos/airflowalura/venv/lib/python3.9/site-packages/airflow/example_dags/example_complex.py
[2022-10-27 22:18:20,807] {logging_mixin.py:115} INFO - [2022-10-27 22:18:20,807] {dag.py:2379} INFO - Sync 1 DAGs
[2022-10-27 22:18:20,834] {logging_mixin.py:115} INFO - [2022-10-27 22:18:20,834] {dag.py:2927} INFO - Setting next_dagrun for example_complex to None, run_after=None
[2022-10-27 22:18:21,436] {processor.py:161} INFO - Processing /home/nayara/Documentos/airflowalura/venv/lib/python3.9/site-packages/airflow/example_dags/example_complex.py took 0.683 seconds
[2022-10-27 22:19:46,297] {processor.py:153} INFO - Started process (PID=49747) to work on /home/nayara/Documentos/airflowalura/venv/lib/python3.9/site-packages/airflow/example_dags/example_complex.py
[2022-10-27 22:19:46,316] {processor.py:641} INFO - Processing file /home/nayara/Documentos/airflowalura/venv/lib/python3.9/site-packages/airflow/example_dags/example_complex.py for tasks to queue
[2022-10-27 22:19:46,317] {logging_mixin.py:115} INFO - [2022-10-27 22:19:46,317] {dagbag.py:507} INFO - Filling up the DagBag from /home/nayara/Documentos/airflowalura/venv/lib/python3.9/site-packages/airflow/example_dags/example_complex.py
[2022-10-27 22:19:46,342] {processor.py:651} INFO - DAG(s) dict_keys(['example_complex']) retrieved from /home/nayara/Documentos/airflowalura/venv/lib/python3.9/site-packages/airflow/example_dags/example_complex.py
[2022-10-27 22:19:46,380] {logging_mixin.py:115} INFO - [2022-10-27 22:19:46,380] {dag.py:2379} INFO - Sync 1 DAGs
[2022-10-27 22:19:46,419] {logging_mixin.py:115} INFO - [2022-10-27 22:19:46,419] {dag.py:2927} INFO - Setting next_dagrun for example_complex to None, run_after=None
[2022-10-27 22:19:47,363] {processor.py:161} INFO - Processing /home/nayara/Documentos/airflowalura/venv/lib/python3.9/site-packages/airflow/example_dags/example_complex.py took 1.072 seconds
[2022-10-27 22:20:46,695] {processor.py:153} INFO - Started process (PID=49902) to work on /home/nayara/Documentos/airflowalura/venv/lib/python3.9/site-packages/airflow/example_dags/example_complex.py
[2022-10-27 22:20:46,710] {processor.py:641} INFO - Processing file /home/nayara/Documentos/airflowalura/venv/lib/python3.9/site-packages/airflow/example_dags/example_complex.py for tasks to queue
[2022-10-27 22:20:46,712] {logging_mixin.py:115} INFO - [2022-10-27 22:20:46,711] {dagbag.py:507} INFO - Filling up the DagBag from /home/nayara/Documentos/airflowalura/venv/lib/python3.9/site-packages/airflow/example_dags/example_complex.py
[2022-10-27 22:20:46,749] {processor.py:651} INFO - DAG(s) dict_keys(['example_complex']) retrieved from /home/nayara/Documentos/airflowalura/venv/lib/python3.9/site-packages/airflow/example_dags/example_complex.py
[2022-10-27 22:20:46,780] {logging_mixin.py:115} INFO - [2022-10-27 22:20:46,780] {dag.py:2379} INFO - Sync 1 DAGs
[2022-10-27 22:20:46,811] {logging_mixin.py:115} INFO - [2022-10-27 22:20:46,811] {dag.py:2927} INFO - Setting next_dagrun for example_complex to None, run_after=None
[2022-10-27 22:20:47,055] {processor.py:161} INFO - Processing /home/nayara/Documentos/airflowalura/venv/lib/python3.9/site-packages/airflow/example_dags/example_complex.py took 0.381 seconds
[2022-10-27 22:21:46,650] {processor.py:153} INFO - Started process (PID=50030) to work on /home/nayara/Documentos/airflowalura/venv/lib/python3.9/site-packages/airflow/example_dags/example_complex.py
[2022-10-27 22:21:46,682] {processor.py:641} INFO - Processing file /home/nayara/Documentos/airflowalura/venv/lib/python3.9/site-packages/airflow/example_dags/example_complex.py for tasks to queue
[2022-10-27 22:21:46,685] {logging_mixin.py:115} INFO - [2022-10-27 22:21:46,684] {dagbag.py:507} INFO - Filling up the DagBag from /home/nayara/Documentos/airflowalura/venv/lib/python3.9/site-packages/airflow/example_dags/example_complex.py
[2022-10-27 22:21:46,743] {processor.py:651} INFO - DAG(s) dict_keys(['example_complex']) retrieved from /home/nayara/Documentos/airflowalura/venv/lib/python3.9/site-packages/airflow/example_dags/example_complex.py
[2022-10-27 22:21:46,777] {logging_mixin.py:115} INFO - [2022-10-27 22:21:46,777] {dag.py:2379} INFO - Sync 1 DAGs
[2022-10-27 22:21:46,804] {logging_mixin.py:115} INFO - [2022-10-27 22:21:46,804] {dag.py:2927} INFO - Setting next_dagrun for example_complex to None, run_after=None
[2022-10-27 22:21:47,019] {processor.py:161} INFO - Processing /home/nayara/Documentos/airflowalura/venv/lib/python3.9/site-packages/airflow/example_dags/example_complex.py took 0.390 seconds
[2022-10-27 22:22:50,661] {processor.py:153} INFO - Started process (PID=50186) to work on /home/nayara/Documentos/airflowalura/venv/lib/python3.9/site-packages/airflow/example_dags/example_complex.py
[2022-10-27 22:22:50,675] {processor.py:641} INFO - Processing file /home/nayara/Documentos/airflowalura/venv/lib/python3.9/site-packages/airflow/example_dags/example_complex.py for tasks to queue
[2022-10-27 22:22:50,677] {logging_mixin.py:115} INFO - [2022-10-27 22:22:50,677] {dagbag.py:507} INFO - Filling up the DagBag from /home/nayara/Documentos/airflowalura/venv/lib/python3.9/site-packages/airflow/example_dags/example_complex.py
[2022-10-27 22:22:50,719] {processor.py:651} INFO - DAG(s) dict_keys(['example_complex']) retrieved from /home/nayara/Documentos/airflowalura/venv/lib/python3.9/site-packages/airflow/example_dags/example_complex.py
[2022-10-27 22:22:50,769] {logging_mixin.py:115} INFO - [2022-10-27 22:22:50,768] {dag.py:2379} INFO - Sync 1 DAGs
[2022-10-27 22:22:50,807] {logging_mixin.py:115} INFO - [2022-10-27 22:22:50,807] {dag.py:2927} INFO - Setting next_dagrun for example_complex to None, run_after=None
[2022-10-27 22:22:51,095] {processor.py:161} INFO - Processing /home/nayara/Documentos/airflowalura/venv/lib/python3.9/site-packages/airflow/example_dags/example_complex.py took 0.443 seconds
[2022-10-27 22:23:49,260] {processor.py:153} INFO - Started process (PID=50324) to work on /home/nayara/Documentos/airflowalura/venv/lib/python3.9/site-packages/airflow/example_dags/example_complex.py
[2022-10-27 22:23:49,298] {processor.py:641} INFO - Processing file /home/nayara/Documentos/airflowalura/venv/lib/python3.9/site-packages/airflow/example_dags/example_complex.py for tasks to queue
[2022-10-27 22:23:49,299] {logging_mixin.py:115} INFO - [2022-10-27 22:23:49,299] {dagbag.py:507} INFO - Filling up the DagBag from /home/nayara/Documentos/airflowalura/venv/lib/python3.9/site-packages/airflow/example_dags/example_complex.py
[2022-10-27 22:23:49,313] {processor.py:651} INFO - DAG(s) dict_keys(['example_complex']) retrieved from /home/nayara/Documentos/airflowalura/venv/lib/python3.9/site-packages/airflow/example_dags/example_complex.py
[2022-10-27 22:23:49,341] {logging_mixin.py:115} INFO - [2022-10-27 22:23:49,341] {dag.py:2379} INFO - Sync 1 DAGs
[2022-10-27 22:23:49,361] {logging_mixin.py:115} INFO - [2022-10-27 22:23:49,361] {dag.py:2927} INFO - Setting next_dagrun for example_complex to None, run_after=None
[2022-10-27 22:23:50,105] {processor.py:161} INFO - Processing /home/nayara/Documentos/airflowalura/venv/lib/python3.9/site-packages/airflow/example_dags/example_complex.py took 0.856 seconds
[2022-10-27 22:24:47,407] {processor.py:153} INFO - Started process (PID=50451) to work on /home/nayara/Documentos/airflowalura/venv/lib/python3.9/site-packages/airflow/example_dags/example_complex.py
[2022-10-27 22:24:47,422] {processor.py:641} INFO - Processing file /home/nayara/Documentos/airflowalura/venv/lib/python3.9/site-packages/airflow/example_dags/example_complex.py for tasks to queue
[2022-10-27 22:24:47,423] {logging_mixin.py:115} INFO - [2022-10-27 22:24:47,423] {dagbag.py:507} INFO - Filling up the DagBag from /home/nayara/Documentos/airflowalura/venv/lib/python3.9/site-packages/airflow/example_dags/example_complex.py
[2022-10-27 22:24:47,467] {processor.py:651} INFO - DAG(s) dict_keys(['example_complex']) retrieved from /home/nayara/Documentos/airflowalura/venv/lib/python3.9/site-packages/airflow/example_dags/example_complex.py
[2022-10-27 22:24:47,509] {logging_mixin.py:115} INFO - [2022-10-27 22:24:47,509] {dag.py:2379} INFO - Sync 1 DAGs
[2022-10-27 22:24:47,537] {logging_mixin.py:115} INFO - [2022-10-27 22:24:47,537] {dag.py:2927} INFO - Setting next_dagrun for example_complex to None, run_after=None
[2022-10-27 22:24:47,853] {processor.py:161} INFO - Processing /home/nayara/Documentos/airflowalura/venv/lib/python3.9/site-packages/airflow/example_dags/example_complex.py took 0.457 seconds
[2022-10-27 22:26:10,681] {processor.py:153} INFO - Started process (PID=50627) to work on /home/nayara/Documentos/airflowalura/venv/lib/python3.9/site-packages/airflow/example_dags/example_complex.py
[2022-10-27 22:26:10,695] {processor.py:641} INFO - Processing file /home/nayara/Documentos/airflowalura/venv/lib/python3.9/site-packages/airflow/example_dags/example_complex.py for tasks to queue
[2022-10-27 22:26:10,700] {logging_mixin.py:115} INFO - [2022-10-27 22:26:10,699] {dagbag.py:507} INFO - Filling up the DagBag from /home/nayara/Documentos/airflowalura/venv/lib/python3.9/site-packages/airflow/example_dags/example_complex.py
[2022-10-27 22:26:10,733] {processor.py:651} INFO - DAG(s) dict_keys(['example_complex']) retrieved from /home/nayara/Documentos/airflowalura/venv/lib/python3.9/site-packages/airflow/example_dags/example_complex.py
[2022-10-27 22:26:10,770] {logging_mixin.py:115} INFO - [2022-10-27 22:26:10,769] {dag.py:2379} INFO - Sync 1 DAGs
[2022-10-27 22:26:10,799] {logging_mixin.py:115} INFO - [2022-10-27 22:26:10,799] {dag.py:2927} INFO - Setting next_dagrun for example_complex to None, run_after=None
[2022-10-27 22:26:11,037] {processor.py:161} INFO - Processing /home/nayara/Documentos/airflowalura/venv/lib/python3.9/site-packages/airflow/example_dags/example_complex.py took 0.376 seconds
[2022-10-27 22:27:22,126] {processor.py:153} INFO - Started process (PID=50804) to work on /home/nayara/Documentos/airflowalura/venv/lib/python3.9/site-packages/airflow/example_dags/example_complex.py
[2022-10-27 22:27:22,146] {processor.py:641} INFO - Processing file /home/nayara/Documentos/airflowalura/venv/lib/python3.9/site-packages/airflow/example_dags/example_complex.py for tasks to queue
[2022-10-27 22:27:22,147] {logging_mixin.py:115} INFO - [2022-10-27 22:27:22,147] {dagbag.py:507} INFO - Filling up the DagBag from /home/nayara/Documentos/airflowalura/venv/lib/python3.9/site-packages/airflow/example_dags/example_complex.py
[2022-10-27 22:27:22,171] {processor.py:651} INFO - DAG(s) dict_keys(['example_complex']) retrieved from /home/nayara/Documentos/airflowalura/venv/lib/python3.9/site-packages/airflow/example_dags/example_complex.py
[2022-10-27 22:27:22,209] {logging_mixin.py:115} INFO - [2022-10-27 22:27:22,209] {dag.py:2379} INFO - Sync 1 DAGs
[2022-10-27 22:27:22,239] {logging_mixin.py:115} INFO - [2022-10-27 22:27:22,239] {dag.py:2927} INFO - Setting next_dagrun for example_complex to None, run_after=None
[2022-10-27 22:27:22,631] {processor.py:161} INFO - Processing /home/nayara/Documentos/airflowalura/venv/lib/python3.9/site-packages/airflow/example_dags/example_complex.py took 0.515 seconds
[2022-10-27 22:28:34,356] {processor.py:153} INFO - Started process (PID=51030) to work on /home/nayara/Documentos/airflowalura/venv/lib/python3.9/site-packages/airflow/example_dags/example_complex.py
[2022-10-27 22:28:34,493] {processor.py:641} INFO - Processing file /home/nayara/Documentos/airflowalura/venv/lib/python3.9/site-packages/airflow/example_dags/example_complex.py for tasks to queue
[2022-10-27 22:28:34,494] {logging_mixin.py:115} INFO - [2022-10-27 22:28:34,494] {dagbag.py:507} INFO - Filling up the DagBag from /home/nayara/Documentos/airflowalura/venv/lib/python3.9/site-packages/airflow/example_dags/example_complex.py
[2022-10-27 22:28:34,540] {processor.py:651} INFO - DAG(s) dict_keys(['example_complex']) retrieved from /home/nayara/Documentos/airflowalura/venv/lib/python3.9/site-packages/airflow/example_dags/example_complex.py
[2022-10-27 22:28:34,627] {logging_mixin.py:115} INFO - [2022-10-27 22:28:34,627] {dag.py:2379} INFO - Sync 1 DAGs
[2022-10-27 22:28:34,669] {logging_mixin.py:115} INFO - [2022-10-27 22:28:34,669] {dag.py:2927} INFO - Setting next_dagrun for example_complex to None, run_after=None
[2022-10-27 22:28:35,026] {processor.py:161} INFO - Processing /home/nayara/Documentos/airflowalura/venv/lib/python3.9/site-packages/airflow/example_dags/example_complex.py took 0.676 seconds
[2022-10-27 22:29:47,418] {processor.py:153} INFO - Started process (PID=51189) to work on /home/nayara/Documentos/airflowalura/venv/lib/python3.9/site-packages/airflow/example_dags/example_complex.py
[2022-10-27 22:29:47,434] {processor.py:641} INFO - Processing file /home/nayara/Documentos/airflowalura/venv/lib/python3.9/site-packages/airflow/example_dags/example_complex.py for tasks to queue
[2022-10-27 22:29:47,435] {logging_mixin.py:115} INFO - [2022-10-27 22:29:47,435] {dagbag.py:507} INFO - Filling up the DagBag from /home/nayara/Documentos/airflowalura/venv/lib/python3.9/site-packages/airflow/example_dags/example_complex.py
[2022-10-27 22:29:47,458] {processor.py:651} INFO - DAG(s) dict_keys(['example_complex']) retrieved from /home/nayara/Documentos/airflowalura/venv/lib/python3.9/site-packages/airflow/example_dags/example_complex.py
[2022-10-27 22:29:47,486] {logging_mixin.py:115} INFO - [2022-10-27 22:29:47,486] {dag.py:2379} INFO - Sync 1 DAGs
[2022-10-27 22:29:47,507] {logging_mixin.py:115} INFO - [2022-10-27 22:29:47,507] {dag.py:2927} INFO - Setting next_dagrun for example_complex to None, run_after=None
[2022-10-27 22:29:47,724] {processor.py:161} INFO - Processing /home/nayara/Documentos/airflowalura/venv/lib/python3.9/site-packages/airflow/example_dags/example_complex.py took 0.321 seconds
[2022-10-27 22:30:48,575] {processor.py:153} INFO - Started process (PID=51294) to work on /home/nayara/Documentos/airflowalura/venv/lib/python3.9/site-packages/airflow/example_dags/example_complex.py
[2022-10-27 22:30:48,599] {processor.py:641} INFO - Processing file /home/nayara/Documentos/airflowalura/venv/lib/python3.9/site-packages/airflow/example_dags/example_complex.py for tasks to queue
[2022-10-27 22:30:48,600] {logging_mixin.py:115} INFO - [2022-10-27 22:30:48,600] {dagbag.py:507} INFO - Filling up the DagBag from /home/nayara/Documentos/airflowalura/venv/lib/python3.9/site-packages/airflow/example_dags/example_complex.py
[2022-10-27 22:30:48,614] {processor.py:651} INFO - DAG(s) dict_keys(['example_complex']) retrieved from /home/nayara/Documentos/airflowalura/venv/lib/python3.9/site-packages/airflow/example_dags/example_complex.py
[2022-10-27 22:30:48,642] {logging_mixin.py:115} INFO - [2022-10-27 22:30:48,642] {dag.py:2379} INFO - Sync 1 DAGs
[2022-10-27 22:30:48,663] {logging_mixin.py:115} INFO - [2022-10-27 22:30:48,663] {dag.py:2927} INFO - Setting next_dagrun for example_complex to None, run_after=None
[2022-10-27 22:30:48,859] {processor.py:161} INFO - Processing /home/nayara/Documentos/airflowalura/venv/lib/python3.9/site-packages/airflow/example_dags/example_complex.py took 0.293 seconds
[2022-10-27 22:32:22,175] {processor.py:153} INFO - Started process (PID=51511) to work on /home/nayara/Documentos/airflowalura/venv/lib/python3.9/site-packages/airflow/example_dags/example_complex.py
[2022-10-27 22:32:22,200] {processor.py:641} INFO - Processing file /home/nayara/Documentos/airflowalura/venv/lib/python3.9/site-packages/airflow/example_dags/example_complex.py for tasks to queue
[2022-10-27 22:32:22,203] {logging_mixin.py:115} INFO - [2022-10-27 22:32:22,202] {dagbag.py:507} INFO - Filling up the DagBag from /home/nayara/Documentos/airflowalura/venv/lib/python3.9/site-packages/airflow/example_dags/example_complex.py
[2022-10-27 22:32:22,271] {processor.py:651} INFO - DAG(s) dict_keys(['example_complex']) retrieved from /home/nayara/Documentos/airflowalura/venv/lib/python3.9/site-packages/airflow/example_dags/example_complex.py
[2022-10-27 22:32:22,306] {logging_mixin.py:115} INFO - [2022-10-27 22:32:22,306] {dag.py:2379} INFO - Sync 1 DAGs
[2022-10-27 22:32:22,330] {logging_mixin.py:115} INFO - [2022-10-27 22:32:22,330] {dag.py:2927} INFO - Setting next_dagrun for example_complex to None, run_after=None
[2022-10-27 22:32:22,581] {processor.py:161} INFO - Processing /home/nayara/Documentos/airflowalura/venv/lib/python3.9/site-packages/airflow/example_dags/example_complex.py took 0.422 seconds
[2022-10-27 22:33:26,815] {processor.py:153} INFO - Started process (PID=51648) to work on /home/nayara/Documentos/airflowalura/venv/lib/python3.9/site-packages/airflow/example_dags/example_complex.py
[2022-10-27 22:33:26,928] {processor.py:641} INFO - Processing file /home/nayara/Documentos/airflowalura/venv/lib/python3.9/site-packages/airflow/example_dags/example_complex.py for tasks to queue
[2022-10-27 22:33:26,929] {logging_mixin.py:115} INFO - [2022-10-27 22:33:26,929] {dagbag.py:507} INFO - Filling up the DagBag from /home/nayara/Documentos/airflowalura/venv/lib/python3.9/site-packages/airflow/example_dags/example_complex.py
[2022-10-27 22:33:26,947] {processor.py:651} INFO - DAG(s) dict_keys(['example_complex']) retrieved from /home/nayara/Documentos/airflowalura/venv/lib/python3.9/site-packages/airflow/example_dags/example_complex.py
[2022-10-27 22:33:26,989] {logging_mixin.py:115} INFO - [2022-10-27 22:33:26,989] {dag.py:2379} INFO - Sync 1 DAGs
[2022-10-27 22:33:27,019] {logging_mixin.py:115} INFO - [2022-10-27 22:33:27,019] {dag.py:2927} INFO - Setting next_dagrun for example_complex to None, run_after=None
[2022-10-27 22:33:27,273] {processor.py:161} INFO - Processing /home/nayara/Documentos/airflowalura/venv/lib/python3.9/site-packages/airflow/example_dags/example_complex.py took 0.474 seconds
[2022-10-27 22:34:25,476] {processor.py:153} INFO - Started process (PID=51755) to work on /home/nayara/Documentos/airflowalura/venv/lib/python3.9/site-packages/airflow/example_dags/example_complex.py
[2022-10-27 22:34:25,501] {processor.py:641} INFO - Processing file /home/nayara/Documentos/airflowalura/venv/lib/python3.9/site-packages/airflow/example_dags/example_complex.py for tasks to queue
[2022-10-27 22:34:25,502] {logging_mixin.py:115} INFO - [2022-10-27 22:34:25,501] {dagbag.py:507} INFO - Filling up the DagBag from /home/nayara/Documentos/airflowalura/venv/lib/python3.9/site-packages/airflow/example_dags/example_complex.py
[2022-10-27 22:34:25,522] {processor.py:651} INFO - DAG(s) dict_keys(['example_complex']) retrieved from /home/nayara/Documentos/airflowalura/venv/lib/python3.9/site-packages/airflow/example_dags/example_complex.py
[2022-10-27 22:34:25,550] {logging_mixin.py:115} INFO - [2022-10-27 22:34:25,549] {dag.py:2379} INFO - Sync 1 DAGs
[2022-10-27 22:34:25,571] {logging_mixin.py:115} INFO - [2022-10-27 22:34:25,570] {dag.py:2927} INFO - Setting next_dagrun for example_complex to None, run_after=None
[2022-10-27 22:34:25,797] {processor.py:161} INFO - Processing /home/nayara/Documentos/airflowalura/venv/lib/python3.9/site-packages/airflow/example_dags/example_complex.py took 0.333 seconds
[2022-10-27 22:35:23,176] {processor.py:153} INFO - Started process (PID=51843) to work on /home/nayara/Documentos/airflowalura/venv/lib/python3.9/site-packages/airflow/example_dags/example_complex.py
[2022-10-27 22:35:23,276] {processor.py:641} INFO - Processing file /home/nayara/Documentos/airflowalura/venv/lib/python3.9/site-packages/airflow/example_dags/example_complex.py for tasks to queue
[2022-10-27 22:35:23,278] {logging_mixin.py:115} INFO - [2022-10-27 22:35:23,277] {dagbag.py:507} INFO - Filling up the DagBag from /home/nayara/Documentos/airflowalura/venv/lib/python3.9/site-packages/airflow/example_dags/example_complex.py
[2022-10-27 22:35:23,295] {processor.py:651} INFO - DAG(s) dict_keys(['example_complex']) retrieved from /home/nayara/Documentos/airflowalura/venv/lib/python3.9/site-packages/airflow/example_dags/example_complex.py
[2022-10-27 22:35:23,323] {logging_mixin.py:115} INFO - [2022-10-27 22:35:23,323] {dag.py:2379} INFO - Sync 1 DAGs
[2022-10-27 22:35:23,348] {logging_mixin.py:115} INFO - [2022-10-27 22:35:23,348] {dag.py:2927} INFO - Setting next_dagrun for example_complex to None, run_after=None
[2022-10-27 22:35:23,612] {processor.py:161} INFO - Processing /home/nayara/Documentos/airflowalura/venv/lib/python3.9/site-packages/airflow/example_dags/example_complex.py took 0.449 seconds
[2022-10-27 22:36:25,844] {processor.py:153} INFO - Started process (PID=51967) to work on /home/nayara/Documentos/airflowalura/venv/lib/python3.9/site-packages/airflow/example_dags/example_complex.py
[2022-10-27 22:36:25,896] {processor.py:641} INFO - Processing file /home/nayara/Documentos/airflowalura/venv/lib/python3.9/site-packages/airflow/example_dags/example_complex.py for tasks to queue
[2022-10-27 22:36:25,899] {logging_mixin.py:115} INFO - [2022-10-27 22:36:25,899] {dagbag.py:507} INFO - Filling up the DagBag from /home/nayara/Documentos/airflowalura/venv/lib/python3.9/site-packages/airflow/example_dags/example_complex.py
[2022-10-27 22:36:25,987] {processor.py:651} INFO - DAG(s) dict_keys(['example_complex']) retrieved from /home/nayara/Documentos/airflowalura/venv/lib/python3.9/site-packages/airflow/example_dags/example_complex.py
[2022-10-27 22:36:26,027] {logging_mixin.py:115} INFO - [2022-10-27 22:36:26,026] {dag.py:2379} INFO - Sync 1 DAGs
[2022-10-27 22:36:26,062] {logging_mixin.py:115} INFO - [2022-10-27 22:36:26,061] {dag.py:2927} INFO - Setting next_dagrun for example_complex to None, run_after=None
[2022-10-27 22:36:26,434] {processor.py:161} INFO - Processing /home/nayara/Documentos/airflowalura/venv/lib/python3.9/site-packages/airflow/example_dags/example_complex.py took 0.598 seconds
[2022-10-27 22:38:23,754] {processor.py:153} INFO - Started process (PID=52464) to work on /home/nayara/Documentos/airflowalura/venv/lib/python3.9/site-packages/airflow/example_dags/example_complex.py
[2022-10-27 22:38:23,765] {processor.py:641} INFO - Processing file /home/nayara/Documentos/airflowalura/venv/lib/python3.9/site-packages/airflow/example_dags/example_complex.py for tasks to queue
[2022-10-27 22:38:23,765] {logging_mixin.py:115} INFO - [2022-10-27 22:38:23,765] {dagbag.py:507} INFO - Filling up the DagBag from /home/nayara/Documentos/airflowalura/venv/lib/python3.9/site-packages/airflow/example_dags/example_complex.py
[2022-10-27 22:38:23,782] {processor.py:651} INFO - DAG(s) dict_keys(['example_complex']) retrieved from /home/nayara/Documentos/airflowalura/venv/lib/python3.9/site-packages/airflow/example_dags/example_complex.py
[2022-10-27 22:38:23,812] {logging_mixin.py:115} INFO - [2022-10-27 22:38:23,812] {dag.py:2379} INFO - Sync 1 DAGs
[2022-10-27 22:38:23,836] {logging_mixin.py:115} INFO - [2022-10-27 22:38:23,836] {dag.py:2927} INFO - Setting next_dagrun for example_complex to None, run_after=None
[2022-10-27 22:38:24,189] {processor.py:161} INFO - Processing /home/nayara/Documentos/airflowalura/venv/lib/python3.9/site-packages/airflow/example_dags/example_complex.py took 0.439 seconds
[2022-10-27 22:39:27,480] {processor.py:153} INFO - Started process (PID=52610) to work on /home/nayara/Documentos/airflowalura/venv/lib/python3.9/site-packages/airflow/example_dags/example_complex.py
[2022-10-27 22:39:27,584] {processor.py:641} INFO - Processing file /home/nayara/Documentos/airflowalura/venv/lib/python3.9/site-packages/airflow/example_dags/example_complex.py for tasks to queue
[2022-10-27 22:39:27,587] {logging_mixin.py:115} INFO - [2022-10-27 22:39:27,587] {dagbag.py:507} INFO - Filling up the DagBag from /home/nayara/Documentos/airflowalura/venv/lib/python3.9/site-packages/airflow/example_dags/example_complex.py
[2022-10-27 22:39:27,670] {processor.py:651} INFO - DAG(s) dict_keys(['example_complex']) retrieved from /home/nayara/Documentos/airflowalura/venv/lib/python3.9/site-packages/airflow/example_dags/example_complex.py
[2022-10-27 22:39:27,705] {logging_mixin.py:115} INFO - [2022-10-27 22:39:27,705] {dag.py:2379} INFO - Sync 1 DAGs
[2022-10-27 22:39:27,734] {logging_mixin.py:115} INFO - [2022-10-27 22:39:27,734] {dag.py:2927} INFO - Setting next_dagrun for example_complex to None, run_after=None
[2022-10-27 22:39:28,007] {processor.py:161} INFO - Processing /home/nayara/Documentos/airflowalura/venv/lib/python3.9/site-packages/airflow/example_dags/example_complex.py took 0.534 seconds
[2022-10-27 22:41:30,405] {processor.py:153} INFO - Started process (PID=52847) to work on /home/nayara/Documentos/airflowalura/venv/lib/python3.9/site-packages/airflow/example_dags/example_complex.py
[2022-10-27 22:41:30,425] {processor.py:641} INFO - Processing file /home/nayara/Documentos/airflowalura/venv/lib/python3.9/site-packages/airflow/example_dags/example_complex.py for tasks to queue
[2022-10-27 22:41:30,428] {logging_mixin.py:115} INFO - [2022-10-27 22:41:30,428] {dagbag.py:507} INFO - Filling up the DagBag from /home/nayara/Documentos/airflowalura/venv/lib/python3.9/site-packages/airflow/example_dags/example_complex.py
[2022-10-27 22:41:30,475] {processor.py:651} INFO - DAG(s) dict_keys(['example_complex']) retrieved from /home/nayara/Documentos/airflowalura/venv/lib/python3.9/site-packages/airflow/example_dags/example_complex.py
[2022-10-27 22:41:30,501] {logging_mixin.py:115} INFO - [2022-10-27 22:41:30,501] {dag.py:2379} INFO - Sync 1 DAGs
[2022-10-27 22:41:30,523] {logging_mixin.py:115} INFO - [2022-10-27 22:41:30,523] {dag.py:2927} INFO - Setting next_dagrun for example_complex to None, run_after=None
[2022-10-27 22:41:30,800] {processor.py:161} INFO - Processing /home/nayara/Documentos/airflowalura/venv/lib/python3.9/site-packages/airflow/example_dags/example_complex.py took 0.409 seconds
[2022-10-27 22:42:34,023] {processor.py:153} INFO - Started process (PID=52983) to work on /home/nayara/Documentos/airflowalura/venv/lib/python3.9/site-packages/airflow/example_dags/example_complex.py
[2022-10-27 22:42:34,042] {processor.py:641} INFO - Processing file /home/nayara/Documentos/airflowalura/venv/lib/python3.9/site-packages/airflow/example_dags/example_complex.py for tasks to queue
[2022-10-27 22:42:34,044] {logging_mixin.py:115} INFO - [2022-10-27 22:42:34,044] {dagbag.py:507} INFO - Filling up the DagBag from /home/nayara/Documentos/airflowalura/venv/lib/python3.9/site-packages/airflow/example_dags/example_complex.py
[2022-10-27 22:42:34,072] {processor.py:651} INFO - DAG(s) dict_keys(['example_complex']) retrieved from /home/nayara/Documentos/airflowalura/venv/lib/python3.9/site-packages/airflow/example_dags/example_complex.py
[2022-10-27 22:42:34,097] {logging_mixin.py:115} INFO - [2022-10-27 22:42:34,097] {dag.py:2379} INFO - Sync 1 DAGs
[2022-10-27 22:42:34,118] {logging_mixin.py:115} INFO - [2022-10-27 22:42:34,118] {dag.py:2927} INFO - Setting next_dagrun for example_complex to None, run_after=None
[2022-10-27 22:42:34,339] {processor.py:161} INFO - Processing /home/nayara/Documentos/airflowalura/venv/lib/python3.9/site-packages/airflow/example_dags/example_complex.py took 0.330 seconds
[2022-10-27 22:43:26,750] {processor.py:153} INFO - Started process (PID=53096) to work on /home/nayara/Documentos/airflowalura/venv/lib/python3.9/site-packages/airflow/example_dags/example_complex.py
[2022-10-27 22:43:26,782] {processor.py:641} INFO - Processing file /home/nayara/Documentos/airflowalura/venv/lib/python3.9/site-packages/airflow/example_dags/example_complex.py for tasks to queue
[2022-10-27 22:43:26,785] {logging_mixin.py:115} INFO - [2022-10-27 22:43:26,784] {dagbag.py:507} INFO - Filling up the DagBag from /home/nayara/Documentos/airflowalura/venv/lib/python3.9/site-packages/airflow/example_dags/example_complex.py
[2022-10-27 22:43:26,861] {processor.py:651} INFO - DAG(s) dict_keys(['example_complex']) retrieved from /home/nayara/Documentos/airflowalura/venv/lib/python3.9/site-packages/airflow/example_dags/example_complex.py
[2022-10-27 22:43:26,887] {logging_mixin.py:115} INFO - [2022-10-27 22:43:26,887] {dag.py:2379} INFO - Sync 1 DAGs
[2022-10-27 22:43:26,915] {logging_mixin.py:115} INFO - [2022-10-27 22:43:26,915] {dag.py:2927} INFO - Setting next_dagrun for example_complex to None, run_after=None
[2022-10-27 22:43:27,119] {processor.py:161} INFO - Processing /home/nayara/Documentos/airflowalura/venv/lib/python3.9/site-packages/airflow/example_dags/example_complex.py took 0.386 seconds
[2022-10-27 22:44:31,415] {processor.py:153} INFO - Started process (PID=53233) to work on /home/nayara/Documentos/airflowalura/venv/lib/python3.9/site-packages/airflow/example_dags/example_complex.py
[2022-10-27 22:44:31,437] {processor.py:641} INFO - Processing file /home/nayara/Documentos/airflowalura/venv/lib/python3.9/site-packages/airflow/example_dags/example_complex.py for tasks to queue
[2022-10-27 22:44:31,438] {logging_mixin.py:115} INFO - [2022-10-27 22:44:31,438] {dagbag.py:507} INFO - Filling up the DagBag from /home/nayara/Documentos/airflowalura/venv/lib/python3.9/site-packages/airflow/example_dags/example_complex.py
[2022-10-27 22:44:31,482] {processor.py:651} INFO - DAG(s) dict_keys(['example_complex']) retrieved from /home/nayara/Documentos/airflowalura/venv/lib/python3.9/site-packages/airflow/example_dags/example_complex.py
[2022-10-27 22:44:31,525] {logging_mixin.py:115} INFO - [2022-10-27 22:44:31,525] {dag.py:2379} INFO - Sync 1 DAGs
[2022-10-27 22:44:31,565] {logging_mixin.py:115} INFO - [2022-10-27 22:44:31,564] {dag.py:2927} INFO - Setting next_dagrun for example_complex to None, run_after=None
[2022-10-27 22:44:31,960] {processor.py:161} INFO - Processing /home/nayara/Documentos/airflowalura/venv/lib/python3.9/site-packages/airflow/example_dags/example_complex.py took 0.551 seconds
[2022-10-27 22:45:36,015] {processor.py:153} INFO - Started process (PID=53406) to work on /home/nayara/Documentos/airflowalura/venv/lib/python3.9/site-packages/airflow/example_dags/example_complex.py
[2022-10-27 22:45:36,033] {processor.py:641} INFO - Processing file /home/nayara/Documentos/airflowalura/venv/lib/python3.9/site-packages/airflow/example_dags/example_complex.py for tasks to queue
[2022-10-27 22:45:36,035] {logging_mixin.py:115} INFO - [2022-10-27 22:45:36,034] {dagbag.py:507} INFO - Filling up the DagBag from /home/nayara/Documentos/airflowalura/venv/lib/python3.9/site-packages/airflow/example_dags/example_complex.py
[2022-10-27 22:45:36,073] {processor.py:651} INFO - DAG(s) dict_keys(['example_complex']) retrieved from /home/nayara/Documentos/airflowalura/venv/lib/python3.9/site-packages/airflow/example_dags/example_complex.py
[2022-10-27 22:45:36,106] {logging_mixin.py:115} INFO - [2022-10-27 22:45:36,105] {dag.py:2379} INFO - Sync 1 DAGs
[2022-10-27 22:45:36,134] {logging_mixin.py:115} INFO - [2022-10-27 22:45:36,133] {dag.py:2927} INFO - Setting next_dagrun for example_complex to None, run_after=None
[2022-10-27 22:45:36,344] {processor.py:161} INFO - Processing /home/nayara/Documentos/airflowalura/venv/lib/python3.9/site-packages/airflow/example_dags/example_complex.py took 0.343 seconds
[2022-10-27 22:46:29,414] {processor.py:153} INFO - Started process (PID=53503) to work on /home/nayara/Documentos/airflowalura/venv/lib/python3.9/site-packages/airflow/example_dags/example_complex.py
[2022-10-27 22:46:29,429] {processor.py:641} INFO - Processing file /home/nayara/Documentos/airflowalura/venv/lib/python3.9/site-packages/airflow/example_dags/example_complex.py for tasks to queue
[2022-10-27 22:46:29,430] {logging_mixin.py:115} INFO - [2022-10-27 22:46:29,430] {dagbag.py:507} INFO - Filling up the DagBag from /home/nayara/Documentos/airflowalura/venv/lib/python3.9/site-packages/airflow/example_dags/example_complex.py
[2022-10-27 22:46:29,448] {processor.py:651} INFO - DAG(s) dict_keys(['example_complex']) retrieved from /home/nayara/Documentos/airflowalura/venv/lib/python3.9/site-packages/airflow/example_dags/example_complex.py
[2022-10-27 22:46:29,471] {logging_mixin.py:115} INFO - [2022-10-27 22:46:29,471] {dag.py:2379} INFO - Sync 1 DAGs
[2022-10-27 22:46:29,493] {logging_mixin.py:115} INFO - [2022-10-27 22:46:29,492] {dag.py:2927} INFO - Setting next_dagrun for example_complex to None, run_after=None
[2022-10-27 22:46:29,731] {processor.py:161} INFO - Processing /home/nayara/Documentos/airflowalura/venv/lib/python3.9/site-packages/airflow/example_dags/example_complex.py took 0.320 seconds
[2022-10-27 22:47:41,822] {processor.py:153} INFO - Started process (PID=53690) to work on /home/nayara/Documentos/airflowalura/venv/lib/python3.9/site-packages/airflow/example_dags/example_complex.py
[2022-10-27 22:47:41,835] {processor.py:641} INFO - Processing file /home/nayara/Documentos/airflowalura/venv/lib/python3.9/site-packages/airflow/example_dags/example_complex.py for tasks to queue
[2022-10-27 22:47:41,836] {logging_mixin.py:115} INFO - [2022-10-27 22:47:41,836] {dagbag.py:507} INFO - Filling up the DagBag from /home/nayara/Documentos/airflowalura/venv/lib/python3.9/site-packages/airflow/example_dags/example_complex.py
[2022-10-27 22:47:41,857] {processor.py:651} INFO - DAG(s) dict_keys(['example_complex']) retrieved from /home/nayara/Documentos/airflowalura/venv/lib/python3.9/site-packages/airflow/example_dags/example_complex.py
[2022-10-27 22:47:41,888] {logging_mixin.py:115} INFO - [2022-10-27 22:47:41,888] {dag.py:2379} INFO - Sync 1 DAGs
[2022-10-27 22:47:41,917] {logging_mixin.py:115} INFO - [2022-10-27 22:47:41,917] {dag.py:2927} INFO - Setting next_dagrun for example_complex to None, run_after=None
[2022-10-27 22:47:42,128] {processor.py:161} INFO - Processing /home/nayara/Documentos/airflowalura/venv/lib/python3.9/site-packages/airflow/example_dags/example_complex.py took 0.310 seconds
[2022-10-27 22:48:49,928] {processor.py:153} INFO - Started process (PID=53824) to work on /home/nayara/Documentos/airflowalura/venv/lib/python3.9/site-packages/airflow/example_dags/example_complex.py
[2022-10-27 22:48:49,929] {processor.py:641} INFO - Processing file /home/nayara/Documentos/airflowalura/venv/lib/python3.9/site-packages/airflow/example_dags/example_complex.py for tasks to queue
[2022-10-27 22:48:49,930] {logging_mixin.py:115} INFO - [2022-10-27 22:48:49,930] {dagbag.py:507} INFO - Filling up the DagBag from /home/nayara/Documentos/airflowalura/venv/lib/python3.9/site-packages/airflow/example_dags/example_complex.py
[2022-10-27 22:48:49,949] {processor.py:651} INFO - DAG(s) dict_keys(['example_complex']) retrieved from /home/nayara/Documentos/airflowalura/venv/lib/python3.9/site-packages/airflow/example_dags/example_complex.py
[2022-10-27 22:48:49,977] {logging_mixin.py:115} INFO - [2022-10-27 22:48:49,976] {dag.py:2379} INFO - Sync 1 DAGs
[2022-10-27 22:48:50,004] {logging_mixin.py:115} INFO - [2022-10-27 22:48:50,004] {dag.py:2927} INFO - Setting next_dagrun for example_complex to None, run_after=None
[2022-10-27 22:48:50,231] {processor.py:161} INFO - Processing /home/nayara/Documentos/airflowalura/venv/lib/python3.9/site-packages/airflow/example_dags/example_complex.py took 0.303 seconds
[2022-10-27 22:49:53,683] {processor.py:153} INFO - Started process (PID=53946) to work on /home/nayara/Documentos/airflowalura/venv/lib/python3.9/site-packages/airflow/example_dags/example_complex.py
[2022-10-27 22:49:53,705] {processor.py:641} INFO - Processing file /home/nayara/Documentos/airflowalura/venv/lib/python3.9/site-packages/airflow/example_dags/example_complex.py for tasks to queue
[2022-10-27 22:49:53,709] {logging_mixin.py:115} INFO - [2022-10-27 22:49:53,708] {dagbag.py:507} INFO - Filling up the DagBag from /home/nayara/Documentos/airflowalura/venv/lib/python3.9/site-packages/airflow/example_dags/example_complex.py
[2022-10-27 22:49:53,749] {processor.py:651} INFO - DAG(s) dict_keys(['example_complex']) retrieved from /home/nayara/Documentos/airflowalura/venv/lib/python3.9/site-packages/airflow/example_dags/example_complex.py
[2022-10-27 22:49:53,782] {logging_mixin.py:115} INFO - [2022-10-27 22:49:53,782] {dag.py:2379} INFO - Sync 1 DAGs
[2022-10-27 22:49:53,808] {logging_mixin.py:115} INFO - [2022-10-27 22:49:53,808] {dag.py:2927} INFO - Setting next_dagrun for example_complex to None, run_after=None
[2022-10-27 22:49:54,188] {processor.py:161} INFO - Processing /home/nayara/Documentos/airflowalura/venv/lib/python3.9/site-packages/airflow/example_dags/example_complex.py took 0.526 seconds
[2022-10-27 22:51:01,736] {processor.py:153} INFO - Started process (PID=54076) to work on /home/nayara/Documentos/airflowalura/venv/lib/python3.9/site-packages/airflow/example_dags/example_complex.py
[2022-10-27 22:51:01,738] {processor.py:641} INFO - Processing file /home/nayara/Documentos/airflowalura/venv/lib/python3.9/site-packages/airflow/example_dags/example_complex.py for tasks to queue
[2022-10-27 22:51:01,739] {logging_mixin.py:115} INFO - [2022-10-27 22:51:01,739] {dagbag.py:507} INFO - Filling up the DagBag from /home/nayara/Documentos/airflowalura/venv/lib/python3.9/site-packages/airflow/example_dags/example_complex.py
[2022-10-27 22:51:01,763] {processor.py:651} INFO - DAG(s) dict_keys(['example_complex']) retrieved from /home/nayara/Documentos/airflowalura/venv/lib/python3.9/site-packages/airflow/example_dags/example_complex.py
[2022-10-27 22:51:01,803] {logging_mixin.py:115} INFO - [2022-10-27 22:51:01,803] {dag.py:2379} INFO - Sync 1 DAGs
[2022-10-27 22:51:01,839] {logging_mixin.py:115} INFO - [2022-10-27 22:51:01,839] {dag.py:2927} INFO - Setting next_dagrun for example_complex to None, run_after=None
[2022-10-27 22:51:02,171] {processor.py:161} INFO - Processing /home/nayara/Documentos/airflowalura/venv/lib/python3.9/site-packages/airflow/example_dags/example_complex.py took 0.442 seconds
[2022-10-27 22:52:20,053] {processor.py:153} INFO - Started process (PID=54226) to work on /home/nayara/Documentos/airflowalura/venv/lib/python3.9/site-packages/airflow/example_dags/example_complex.py
[2022-10-27 22:52:20,076] {processor.py:641} INFO - Processing file /home/nayara/Documentos/airflowalura/venv/lib/python3.9/site-packages/airflow/example_dags/example_complex.py for tasks to queue
[2022-10-27 22:52:20,078] {logging_mixin.py:115} INFO - [2022-10-27 22:52:20,077] {dagbag.py:507} INFO - Filling up the DagBag from /home/nayara/Documentos/airflowalura/venv/lib/python3.9/site-packages/airflow/example_dags/example_complex.py
[2022-10-27 22:52:20,118] {processor.py:651} INFO - DAG(s) dict_keys(['example_complex']) retrieved from /home/nayara/Documentos/airflowalura/venv/lib/python3.9/site-packages/airflow/example_dags/example_complex.py
[2022-10-27 22:52:20,158] {logging_mixin.py:115} INFO - [2022-10-27 22:52:20,158] {dag.py:2379} INFO - Sync 1 DAGs
[2022-10-27 22:52:20,183] {logging_mixin.py:115} INFO - [2022-10-27 22:52:20,182] {dag.py:2927} INFO - Setting next_dagrun for example_complex to None, run_after=None
[2022-10-27 22:52:20,475] {processor.py:161} INFO - Processing /home/nayara/Documentos/airflowalura/venv/lib/python3.9/site-packages/airflow/example_dags/example_complex.py took 0.439 seconds
[2022-10-27 22:53:31,997] {processor.py:153} INFO - Started process (PID=54363) to work on /home/nayara/Documentos/airflowalura/venv/lib/python3.9/site-packages/airflow/example_dags/example_complex.py
[2022-10-27 22:53:32,000] {processor.py:641} INFO - Processing file /home/nayara/Documentos/airflowalura/venv/lib/python3.9/site-packages/airflow/example_dags/example_complex.py for tasks to queue
[2022-10-27 22:53:32,003] {logging_mixin.py:115} INFO - [2022-10-27 22:53:32,003] {dagbag.py:507} INFO - Filling up the DagBag from /home/nayara/Documentos/airflowalura/venv/lib/python3.9/site-packages/airflow/example_dags/example_complex.py
[2022-10-27 22:53:32,062] {processor.py:651} INFO - DAG(s) dict_keys(['example_complex']) retrieved from /home/nayara/Documentos/airflowalura/venv/lib/python3.9/site-packages/airflow/example_dags/example_complex.py
[2022-10-27 22:53:32,093] {logging_mixin.py:115} INFO - [2022-10-27 22:53:32,093] {dag.py:2379} INFO - Sync 1 DAGs
[2022-10-27 22:53:32,122] {logging_mixin.py:115} INFO - [2022-10-27 22:53:32,122] {dag.py:2927} INFO - Setting next_dagrun for example_complex to None, run_after=None
[2022-10-27 22:53:32,368] {processor.py:161} INFO - Processing /home/nayara/Documentos/airflowalura/venv/lib/python3.9/site-packages/airflow/example_dags/example_complex.py took 0.391 seconds
[2022-10-27 22:54:44,828] {processor.py:153} INFO - Started process (PID=54507) to work on /home/nayara/Documentos/airflowalura/venv/lib/python3.9/site-packages/airflow/example_dags/example_complex.py
[2022-10-27 22:54:44,851] {processor.py:641} INFO - Processing file /home/nayara/Documentos/airflowalura/venv/lib/python3.9/site-packages/airflow/example_dags/example_complex.py for tasks to queue
[2022-10-27 22:54:44,852] {logging_mixin.py:115} INFO - [2022-10-27 22:54:44,852] {dagbag.py:507} INFO - Filling up the DagBag from /home/nayara/Documentos/airflowalura/venv/lib/python3.9/site-packages/airflow/example_dags/example_complex.py
[2022-10-27 22:54:44,877] {processor.py:651} INFO - DAG(s) dict_keys(['example_complex']) retrieved from /home/nayara/Documentos/airflowalura/venv/lib/python3.9/site-packages/airflow/example_dags/example_complex.py
[2022-10-27 22:54:44,902] {logging_mixin.py:115} INFO - [2022-10-27 22:54:44,902] {dag.py:2379} INFO - Sync 1 DAGs
[2022-10-27 22:54:44,923] {logging_mixin.py:115} INFO - [2022-10-27 22:54:44,923] {dag.py:2927} INFO - Setting next_dagrun for example_complex to None, run_after=None
[2022-10-27 22:54:45,121] {processor.py:161} INFO - Processing /home/nayara/Documentos/airflowalura/venv/lib/python3.9/site-packages/airflow/example_dags/example_complex.py took 0.307 seconds
[2022-10-27 22:56:04,322] {processor.py:153} INFO - Started process (PID=54658) to work on /home/nayara/Documentos/airflowalura/venv/lib/python3.9/site-packages/airflow/example_dags/example_complex.py
[2022-10-27 22:56:04,357] {processor.py:641} INFO - Processing file /home/nayara/Documentos/airflowalura/venv/lib/python3.9/site-packages/airflow/example_dags/example_complex.py for tasks to queue
[2022-10-27 22:56:04,359] {logging_mixin.py:115} INFO - [2022-10-27 22:56:04,358] {dagbag.py:507} INFO - Filling up the DagBag from /home/nayara/Documentos/airflowalura/venv/lib/python3.9/site-packages/airflow/example_dags/example_complex.py
[2022-10-27 22:56:04,378] {processor.py:651} INFO - DAG(s) dict_keys(['example_complex']) retrieved from /home/nayara/Documentos/airflowalura/venv/lib/python3.9/site-packages/airflow/example_dags/example_complex.py
[2022-10-27 22:56:04,426] {logging_mixin.py:115} INFO - [2022-10-27 22:56:04,426] {dag.py:2379} INFO - Sync 1 DAGs
[2022-10-27 22:56:04,460] {logging_mixin.py:115} INFO - [2022-10-27 22:56:04,460] {dag.py:2927} INFO - Setting next_dagrun for example_complex to None, run_after=None
[2022-10-27 22:56:04,680] {processor.py:161} INFO - Processing /home/nayara/Documentos/airflowalura/venv/lib/python3.9/site-packages/airflow/example_dags/example_complex.py took 0.368 seconds
