[2022-10-27 22:16:15,446] {processor.py:153} INFO - Started process (PID=49034) to work on /home/nayara/Documentos/airflowalura/venv/lib/python3.9/site-packages/airflow/example_dags/example_latest_only.py
[2022-10-27 22:16:15,448] {processor.py:641} INFO - Processing file /home/nayara/Documentos/airflowalura/venv/lib/python3.9/site-packages/airflow/example_dags/example_latest_only.py for tasks to queue
[2022-10-27 22:16:15,449] {logging_mixin.py:115} INFO - [2022-10-27 22:16:15,449] {dagbag.py:507} INFO - Filling up the DagBag from /home/nayara/Documentos/airflowalura/venv/lib/python3.9/site-packages/airflow/example_dags/example_latest_only.py
[2022-10-27 22:16:15,619] {processor.py:651} INFO - DAG(s) dict_keys(['latest_only']) retrieved from /home/nayara/Documentos/airflowalura/venv/lib/python3.9/site-packages/airflow/example_dags/example_latest_only.py
[2022-10-27 22:16:17,948] {logging_mixin.py:115} INFO - [2022-10-27 22:16:17,947] {manager.py:508} INFO - Created Permission View: can read on DAG:latest_only
[2022-10-27 22:16:18,431] {logging_mixin.py:115} INFO - [2022-10-27 22:16:18,430] {manager.py:508} INFO - Created Permission View: can delete on DAG:latest_only
[2022-10-27 22:16:18,967] {logging_mixin.py:115} INFO - [2022-10-27 22:16:18,967] {manager.py:508} INFO - Created Permission View: can edit on DAG:latest_only
[2022-10-27 22:16:18,969] {logging_mixin.py:115} INFO - [2022-10-27 22:16:18,968] {dag.py:2379} INFO - Sync 1 DAGs
[2022-10-27 22:16:18,999] {logging_mixin.py:115} INFO - [2022-10-27 22:16:18,999] {dag.py:2398} INFO - Creating ORM DAG for latest_only
[2022-10-27 22:16:19,013] {logging_mixin.py:115} INFO - [2022-10-27 22:16:19,012] {dag.py:2927} INFO - Setting next_dagrun for latest_only to 2022-10-27T21:16:19.012553+00:00, run_after=2022-10-28T01:16:19.012553+00:00
[2022-10-27 22:16:20,082] {processor.py:161} INFO - Processing /home/nayara/Documentos/airflowalura/venv/lib/python3.9/site-packages/airflow/example_dags/example_latest_only.py took 4.647 seconds
[2022-10-27 22:17:52,073] {processor.py:153} INFO - Started process (PID=49254) to work on /home/nayara/Documentos/airflowalura/venv/lib/python3.9/site-packages/airflow/example_dags/example_latest_only.py
[2022-10-27 22:17:52,079] {processor.py:641} INFO - Processing file /home/nayara/Documentos/airflowalura/venv/lib/python3.9/site-packages/airflow/example_dags/example_latest_only.py for tasks to queue
[2022-10-27 22:17:52,080] {logging_mixin.py:115} INFO - [2022-10-27 22:17:52,080] {dagbag.py:507} INFO - Filling up the DagBag from /home/nayara/Documentos/airflowalura/venv/lib/python3.9/site-packages/airflow/example_dags/example_latest_only.py
[2022-10-27 22:17:52,089] {processor.py:651} INFO - DAG(s) dict_keys(['latest_only']) retrieved from /home/nayara/Documentos/airflowalura/venv/lib/python3.9/site-packages/airflow/example_dags/example_latest_only.py
[2022-10-27 22:17:52,116] {logging_mixin.py:115} INFO - [2022-10-27 22:17:52,116] {dag.py:2379} INFO - Sync 1 DAGs
[2022-10-27 22:17:52,150] {logging_mixin.py:115} INFO - [2022-10-27 22:17:52,150] {dag.py:2927} INFO - Setting next_dagrun for latest_only to 2022-10-27T21:17:52.149468+00:00, run_after=2022-10-28T01:17:52.149468+00:00
[2022-10-27 22:17:52,508] {processor.py:161} INFO - Processing /home/nayara/Documentos/airflowalura/venv/lib/python3.9/site-packages/airflow/example_dags/example_latest_only.py took 0.440 seconds
[2022-10-27 22:18:55,132] {processor.py:153} INFO - Started process (PID=49414) to work on /home/nayara/Documentos/airflowalura/venv/lib/python3.9/site-packages/airflow/example_dags/example_latest_only.py
[2022-10-27 22:18:55,216] {processor.py:641} INFO - Processing file /home/nayara/Documentos/airflowalura/venv/lib/python3.9/site-packages/airflow/example_dags/example_latest_only.py for tasks to queue
[2022-10-27 22:18:55,218] {logging_mixin.py:115} INFO - [2022-10-27 22:18:55,218] {dagbag.py:507} INFO - Filling up the DagBag from /home/nayara/Documentos/airflowalura/venv/lib/python3.9/site-packages/airflow/example_dags/example_latest_only.py
[2022-10-27 22:18:55,241] {processor.py:651} INFO - DAG(s) dict_keys(['latest_only']) retrieved from /home/nayara/Documentos/airflowalura/venv/lib/python3.9/site-packages/airflow/example_dags/example_latest_only.py
[2022-10-27 22:18:55,268] {logging_mixin.py:115} INFO - [2022-10-27 22:18:55,268] {dag.py:2379} INFO - Sync 1 DAGs
[2022-10-27 22:18:55,295] {logging_mixin.py:115} INFO - [2022-10-27 22:18:55,295] {dag.py:2927} INFO - Setting next_dagrun for latest_only to 2022-10-27T21:18:55.295288+00:00, run_after=2022-10-28T01:18:55.295288+00:00
[2022-10-27 22:18:55,993] {processor.py:161} INFO - Processing /home/nayara/Documentos/airflowalura/venv/lib/python3.9/site-packages/airflow/example_dags/example_latest_only.py took 0.870 seconds
[2022-10-27 22:20:24,187] {processor.py:153} INFO - Started process (PID=49858) to work on /home/nayara/Documentos/airflowalura/venv/lib/python3.9/site-packages/airflow/example_dags/example_latest_only.py
[2022-10-27 22:20:24,202] {processor.py:641} INFO - Processing file /home/nayara/Documentos/airflowalura/venv/lib/python3.9/site-packages/airflow/example_dags/example_latest_only.py for tasks to queue
[2022-10-27 22:20:24,206] {logging_mixin.py:115} INFO - [2022-10-27 22:20:24,206] {dagbag.py:507} INFO - Filling up the DagBag from /home/nayara/Documentos/airflowalura/venv/lib/python3.9/site-packages/airflow/example_dags/example_latest_only.py
[2022-10-27 22:20:24,240] {processor.py:651} INFO - DAG(s) dict_keys(['latest_only']) retrieved from /home/nayara/Documentos/airflowalura/venv/lib/python3.9/site-packages/airflow/example_dags/example_latest_only.py
[2022-10-27 22:20:24,274] {logging_mixin.py:115} INFO - [2022-10-27 22:20:24,274] {dag.py:2379} INFO - Sync 1 DAGs
[2022-10-27 22:20:24,309] {logging_mixin.py:115} INFO - [2022-10-27 22:20:24,309] {dag.py:2927} INFO - Setting next_dagrun for latest_only to 2022-10-27T21:20:24.308709+00:00, run_after=2022-10-28T01:20:24.308709+00:00
[2022-10-27 22:20:24,702] {processor.py:161} INFO - Processing /home/nayara/Documentos/airflowalura/venv/lib/python3.9/site-packages/airflow/example_dags/example_latest_only.py took 0.526 seconds
[2022-10-27 22:21:19,870] {processor.py:153} INFO - Started process (PID=49979) to work on /home/nayara/Documentos/airflowalura/venv/lib/python3.9/site-packages/airflow/example_dags/example_latest_only.py
[2022-10-27 22:21:19,873] {processor.py:641} INFO - Processing file /home/nayara/Documentos/airflowalura/venv/lib/python3.9/site-packages/airflow/example_dags/example_latest_only.py for tasks to queue
[2022-10-27 22:21:19,875] {logging_mixin.py:115} INFO - [2022-10-27 22:21:19,875] {dagbag.py:507} INFO - Filling up the DagBag from /home/nayara/Documentos/airflowalura/venv/lib/python3.9/site-packages/airflow/example_dags/example_latest_only.py
[2022-10-27 22:21:19,889] {processor.py:651} INFO - DAG(s) dict_keys(['latest_only']) retrieved from /home/nayara/Documentos/airflowalura/venv/lib/python3.9/site-packages/airflow/example_dags/example_latest_only.py
[2022-10-27 22:21:19,917] {logging_mixin.py:115} INFO - [2022-10-27 22:21:19,917] {dag.py:2379} INFO - Sync 1 DAGs
[2022-10-27 22:21:19,951] {logging_mixin.py:115} INFO - [2022-10-27 22:21:19,951] {dag.py:2927} INFO - Setting next_dagrun for latest_only to 2022-10-27T21:21:19.950529+00:00, run_after=2022-10-28T01:21:19.950529+00:00
[2022-10-27 22:21:20,240] {processor.py:161} INFO - Processing /home/nayara/Documentos/airflowalura/venv/lib/python3.9/site-packages/airflow/example_dags/example_latest_only.py took 0.387 seconds
[2022-10-27 22:22:10,606] {processor.py:153} INFO - Started process (PID=50097) to work on /home/nayara/Documentos/airflowalura/venv/lib/python3.9/site-packages/airflow/example_dags/example_latest_only.py
[2022-10-27 22:22:10,628] {processor.py:641} INFO - Processing file /home/nayara/Documentos/airflowalura/venv/lib/python3.9/site-packages/airflow/example_dags/example_latest_only.py for tasks to queue
[2022-10-27 22:22:10,632] {logging_mixin.py:115} INFO - [2022-10-27 22:22:10,631] {dagbag.py:507} INFO - Filling up the DagBag from /home/nayara/Documentos/airflowalura/venv/lib/python3.9/site-packages/airflow/example_dags/example_latest_only.py
[2022-10-27 22:22:10,662] {processor.py:651} INFO - DAG(s) dict_keys(['latest_only']) retrieved from /home/nayara/Documentos/airflowalura/venv/lib/python3.9/site-packages/airflow/example_dags/example_latest_only.py
[2022-10-27 22:22:10,705] {logging_mixin.py:115} INFO - [2022-10-27 22:22:10,705] {dag.py:2379} INFO - Sync 1 DAGs
[2022-10-27 22:22:10,736] {logging_mixin.py:115} INFO - [2022-10-27 22:22:10,736] {dag.py:2927} INFO - Setting next_dagrun for latest_only to 2022-10-27T21:22:10.736309+00:00, run_after=2022-10-28T01:22:10.736309+00:00
[2022-10-27 22:22:11,267] {processor.py:161} INFO - Processing /home/nayara/Documentos/airflowalura/venv/lib/python3.9/site-packages/airflow/example_dags/example_latest_only.py took 0.679 seconds
[2022-10-27 22:23:11,220] {processor.py:153} INFO - Started process (PID=50224) to work on /home/nayara/Documentos/airflowalura/venv/lib/python3.9/site-packages/airflow/example_dags/example_latest_only.py
[2022-10-27 22:23:11,239] {processor.py:641} INFO - Processing file /home/nayara/Documentos/airflowalura/venv/lib/python3.9/site-packages/airflow/example_dags/example_latest_only.py for tasks to queue
[2022-10-27 22:23:11,242] {logging_mixin.py:115} INFO - [2022-10-27 22:23:11,241] {dagbag.py:507} INFO - Filling up the DagBag from /home/nayara/Documentos/airflowalura/venv/lib/python3.9/site-packages/airflow/example_dags/example_latest_only.py
[2022-10-27 22:23:11,257] {processor.py:651} INFO - DAG(s) dict_keys(['latest_only']) retrieved from /home/nayara/Documentos/airflowalura/venv/lib/python3.9/site-packages/airflow/example_dags/example_latest_only.py
[2022-10-27 22:23:11,289] {logging_mixin.py:115} INFO - [2022-10-27 22:23:11,289] {dag.py:2379} INFO - Sync 1 DAGs
[2022-10-27 22:23:11,329] {logging_mixin.py:115} INFO - [2022-10-27 22:23:11,329] {dag.py:2927} INFO - Setting next_dagrun for latest_only to 2022-10-27T21:23:11.328911+00:00, run_after=2022-10-28T01:23:11.328911+00:00
[2022-10-27 22:23:11,623] {processor.py:161} INFO - Processing /home/nayara/Documentos/airflowalura/venv/lib/python3.9/site-packages/airflow/example_dags/example_latest_only.py took 0.422 seconds
[2022-10-27 22:24:17,680] {processor.py:153} INFO - Started process (PID=50389) to work on /home/nayara/Documentos/airflowalura/venv/lib/python3.9/site-packages/airflow/example_dags/example_latest_only.py
[2022-10-27 22:24:17,698] {processor.py:641} INFO - Processing file /home/nayara/Documentos/airflowalura/venv/lib/python3.9/site-packages/airflow/example_dags/example_latest_only.py for tasks to queue
[2022-10-27 22:24:17,699] {logging_mixin.py:115} INFO - [2022-10-27 22:24:17,699] {dagbag.py:507} INFO - Filling up the DagBag from /home/nayara/Documentos/airflowalura/venv/lib/python3.9/site-packages/airflow/example_dags/example_latest_only.py
[2022-10-27 22:24:17,712] {processor.py:651} INFO - DAG(s) dict_keys(['latest_only']) retrieved from /home/nayara/Documentos/airflowalura/venv/lib/python3.9/site-packages/airflow/example_dags/example_latest_only.py
[2022-10-27 22:24:17,736] {logging_mixin.py:115} INFO - [2022-10-27 22:24:17,736] {dag.py:2379} INFO - Sync 1 DAGs
[2022-10-27 22:24:17,770] {logging_mixin.py:115} INFO - [2022-10-27 22:24:17,770] {dag.py:2927} INFO - Setting next_dagrun for latest_only to 2022-10-27T21:24:17.769786+00:00, run_after=2022-10-28T01:24:17.769786+00:00
[2022-10-27 22:24:18,102] {processor.py:161} INFO - Processing /home/nayara/Documentos/airflowalura/venv/lib/python3.9/site-packages/airflow/example_dags/example_latest_only.py took 0.431 seconds
[2022-10-27 22:25:06,453] {processor.py:153} INFO - Started process (PID=50502) to work on /home/nayara/Documentos/airflowalura/venv/lib/python3.9/site-packages/airflow/example_dags/example_latest_only.py
[2022-10-27 22:25:06,469] {processor.py:641} INFO - Processing file /home/nayara/Documentos/airflowalura/venv/lib/python3.9/site-packages/airflow/example_dags/example_latest_only.py for tasks to queue
[2022-10-27 22:25:06,470] {logging_mixin.py:115} INFO - [2022-10-27 22:25:06,470] {dagbag.py:507} INFO - Filling up the DagBag from /home/nayara/Documentos/airflowalura/venv/lib/python3.9/site-packages/airflow/example_dags/example_latest_only.py
[2022-10-27 22:25:06,479] {processor.py:651} INFO - DAG(s) dict_keys(['latest_only']) retrieved from /home/nayara/Documentos/airflowalura/venv/lib/python3.9/site-packages/airflow/example_dags/example_latest_only.py
[2022-10-27 22:25:06,502] {logging_mixin.py:115} INFO - [2022-10-27 22:25:06,502] {dag.py:2379} INFO - Sync 1 DAGs
[2022-10-27 22:25:06,536] {logging_mixin.py:115} INFO - [2022-10-27 22:25:06,536] {dag.py:2927} INFO - Setting next_dagrun for latest_only to 2022-10-27T21:25:06.536226+00:00, run_after=2022-10-28T01:25:06.536226+00:00
[2022-10-27 22:25:06,814] {processor.py:161} INFO - Processing /home/nayara/Documentos/airflowalura/venv/lib/python3.9/site-packages/airflow/example_dags/example_latest_only.py took 0.366 seconds
[2022-10-27 22:26:00,685] {processor.py:153} INFO - Started process (PID=50608) to work on /home/nayara/Documentos/airflowalura/venv/lib/python3.9/site-packages/airflow/example_dags/example_latest_only.py
[2022-10-27 22:26:00,696] {processor.py:641} INFO - Processing file /home/nayara/Documentos/airflowalura/venv/lib/python3.9/site-packages/airflow/example_dags/example_latest_only.py for tasks to queue
[2022-10-27 22:26:00,698] {logging_mixin.py:115} INFO - [2022-10-27 22:26:00,698] {dagbag.py:507} INFO - Filling up the DagBag from /home/nayara/Documentos/airflowalura/venv/lib/python3.9/site-packages/airflow/example_dags/example_latest_only.py
[2022-10-27 22:26:00,712] {processor.py:651} INFO - DAG(s) dict_keys(['latest_only']) retrieved from /home/nayara/Documentos/airflowalura/venv/lib/python3.9/site-packages/airflow/example_dags/example_latest_only.py
[2022-10-27 22:26:00,740] {logging_mixin.py:115} INFO - [2022-10-27 22:26:00,740] {dag.py:2379} INFO - Sync 1 DAGs
[2022-10-27 22:26:00,779] {logging_mixin.py:115} INFO - [2022-10-27 22:26:00,779] {dag.py:2927} INFO - Setting next_dagrun for latest_only to 2022-10-27T21:26:00.778973+00:00, run_after=2022-10-28T01:26:00.778973+00:00
[2022-10-27 22:26:01,079] {processor.py:161} INFO - Processing /home/nayara/Documentos/airflowalura/venv/lib/python3.9/site-packages/airflow/example_dags/example_latest_only.py took 0.417 seconds
[2022-10-27 22:26:54,784] {processor.py:153} INFO - Started process (PID=50741) to work on /home/nayara/Documentos/airflowalura/venv/lib/python3.9/site-packages/airflow/example_dags/example_latest_only.py
[2022-10-27 22:26:54,802] {processor.py:641} INFO - Processing file /home/nayara/Documentos/airflowalura/venv/lib/python3.9/site-packages/airflow/example_dags/example_latest_only.py for tasks to queue
[2022-10-27 22:26:54,803] {logging_mixin.py:115} INFO - [2022-10-27 22:26:54,803] {dagbag.py:507} INFO - Filling up the DagBag from /home/nayara/Documentos/airflowalura/venv/lib/python3.9/site-packages/airflow/example_dags/example_latest_only.py
[2022-10-27 22:26:54,829] {processor.py:651} INFO - DAG(s) dict_keys(['latest_only']) retrieved from /home/nayara/Documentos/airflowalura/venv/lib/python3.9/site-packages/airflow/example_dags/example_latest_only.py
[2022-10-27 22:26:54,881] {logging_mixin.py:115} INFO - [2022-10-27 22:26:54,881] {dag.py:2379} INFO - Sync 1 DAGs
[2022-10-27 22:26:54,915] {logging_mixin.py:115} INFO - [2022-10-27 22:26:54,915] {dag.py:2927} INFO - Setting next_dagrun for latest_only to 2022-10-27T21:26:54.914844+00:00, run_after=2022-10-28T01:26:54.914844+00:00
[2022-10-27 22:26:55,197] {processor.py:161} INFO - Processing /home/nayara/Documentos/airflowalura/venv/lib/python3.9/site-packages/airflow/example_dags/example_latest_only.py took 0.422 seconds
[2022-10-27 22:27:59,691] {processor.py:153} INFO - Started process (PID=50955) to work on /home/nayara/Documentos/airflowalura/venv/lib/python3.9/site-packages/airflow/example_dags/example_latest_only.py
[2022-10-27 22:27:59,715] {processor.py:641} INFO - Processing file /home/nayara/Documentos/airflowalura/venv/lib/python3.9/site-packages/airflow/example_dags/example_latest_only.py for tasks to queue
[2022-10-27 22:27:59,717] {logging_mixin.py:115} INFO - [2022-10-27 22:27:59,717] {dagbag.py:507} INFO - Filling up the DagBag from /home/nayara/Documentos/airflowalura/venv/lib/python3.9/site-packages/airflow/example_dags/example_latest_only.py
[2022-10-27 22:27:59,736] {processor.py:651} INFO - DAG(s) dict_keys(['latest_only']) retrieved from /home/nayara/Documentos/airflowalura/venv/lib/python3.9/site-packages/airflow/example_dags/example_latest_only.py
[2022-10-27 22:27:59,768] {logging_mixin.py:115} INFO - [2022-10-27 22:27:59,768] {dag.py:2379} INFO - Sync 1 DAGs
[2022-10-27 22:27:59,804] {logging_mixin.py:115} INFO - [2022-10-27 22:27:59,804] {dag.py:2927} INFO - Setting next_dagrun for latest_only to 2022-10-27T21:27:59.803982+00:00, run_after=2022-10-28T01:27:59.803982+00:00
[2022-10-27 22:28:00,245] {processor.py:161} INFO - Processing /home/nayara/Documentos/airflowalura/venv/lib/python3.9/site-packages/airflow/example_dags/example_latest_only.py took 0.574 seconds
[2022-10-27 22:28:48,946] {processor.py:153} INFO - Started process (PID=51057) to work on /home/nayara/Documentos/airflowalura/venv/lib/python3.9/site-packages/airflow/example_dags/example_latest_only.py
[2022-10-27 22:28:48,971] {processor.py:641} INFO - Processing file /home/nayara/Documentos/airflowalura/venv/lib/python3.9/site-packages/airflow/example_dags/example_latest_only.py for tasks to queue
[2022-10-27 22:28:48,973] {logging_mixin.py:115} INFO - [2022-10-27 22:28:48,973] {dagbag.py:507} INFO - Filling up the DagBag from /home/nayara/Documentos/airflowalura/venv/lib/python3.9/site-packages/airflow/example_dags/example_latest_only.py
[2022-10-27 22:28:49,004] {processor.py:651} INFO - DAG(s) dict_keys(['latest_only']) retrieved from /home/nayara/Documentos/airflowalura/venv/lib/python3.9/site-packages/airflow/example_dags/example_latest_only.py
[2022-10-27 22:28:49,043] {logging_mixin.py:115} INFO - [2022-10-27 22:28:49,043] {dag.py:2379} INFO - Sync 1 DAGs
[2022-10-27 22:28:49,081] {logging_mixin.py:115} INFO - [2022-10-27 22:28:49,080] {dag.py:2927} INFO - Setting next_dagrun for latest_only to 2022-10-27T21:28:49.080583+00:00, run_after=2022-10-28T01:28:49.080583+00:00
[2022-10-27 22:28:49,403] {processor.py:161} INFO - Processing /home/nayara/Documentos/airflowalura/venv/lib/python3.9/site-packages/airflow/example_dags/example_latest_only.py took 0.461 seconds
[2022-10-27 22:29:39,007] {processor.py:153} INFO - Started process (PID=51174) to work on /home/nayara/Documentos/airflowalura/venv/lib/python3.9/site-packages/airflow/example_dags/example_latest_only.py
[2022-10-27 22:29:39,008] {processor.py:641} INFO - Processing file /home/nayara/Documentos/airflowalura/venv/lib/python3.9/site-packages/airflow/example_dags/example_latest_only.py for tasks to queue
[2022-10-27 22:29:39,010] {logging_mixin.py:115} INFO - [2022-10-27 22:29:39,009] {dagbag.py:507} INFO - Filling up the DagBag from /home/nayara/Documentos/airflowalura/venv/lib/python3.9/site-packages/airflow/example_dags/example_latest_only.py
[2022-10-27 22:29:39,018] {processor.py:651} INFO - DAG(s) dict_keys(['latest_only']) retrieved from /home/nayara/Documentos/airflowalura/venv/lib/python3.9/site-packages/airflow/example_dags/example_latest_only.py
[2022-10-27 22:29:39,038] {logging_mixin.py:115} INFO - [2022-10-27 22:29:39,038] {dag.py:2379} INFO - Sync 1 DAGs
[2022-10-27 22:29:39,063] {logging_mixin.py:115} INFO - [2022-10-27 22:29:39,063] {dag.py:2927} INFO - Setting next_dagrun for latest_only to 2022-10-27T21:29:39.062913+00:00, run_after=2022-10-28T01:29:39.062913+00:00
[2022-10-27 22:29:39,351] {processor.py:161} INFO - Processing /home/nayara/Documentos/airflowalura/venv/lib/python3.9/site-packages/airflow/example_dags/example_latest_only.py took 0.357 seconds
[2022-10-27 22:30:23,637] {processor.py:153} INFO - Started process (PID=51252) to work on /home/nayara/Documentos/airflowalura/venv/lib/python3.9/site-packages/airflow/example_dags/example_latest_only.py
[2022-10-27 22:30:23,656] {processor.py:641} INFO - Processing file /home/nayara/Documentos/airflowalura/venv/lib/python3.9/site-packages/airflow/example_dags/example_latest_only.py for tasks to queue
[2022-10-27 22:30:23,658] {logging_mixin.py:115} INFO - [2022-10-27 22:30:23,657] {dagbag.py:507} INFO - Filling up the DagBag from /home/nayara/Documentos/airflowalura/venv/lib/python3.9/site-packages/airflow/example_dags/example_latest_only.py
[2022-10-27 22:30:23,671] {processor.py:651} INFO - DAG(s) dict_keys(['latest_only']) retrieved from /home/nayara/Documentos/airflowalura/venv/lib/python3.9/site-packages/airflow/example_dags/example_latest_only.py
[2022-10-27 22:30:23,696] {logging_mixin.py:115} INFO - [2022-10-27 22:30:23,696] {dag.py:2379} INFO - Sync 1 DAGs
[2022-10-27 22:30:23,721] {logging_mixin.py:115} INFO - [2022-10-27 22:30:23,721] {dag.py:2927} INFO - Setting next_dagrun for latest_only to 2022-10-27T21:30:23.720905+00:00, run_after=2022-10-28T01:30:23.720905+00:00
[2022-10-27 22:30:24,064] {processor.py:161} INFO - Processing /home/nayara/Documentos/airflowalura/venv/lib/python3.9/site-packages/airflow/example_dags/example_latest_only.py took 0.440 seconds
[2022-10-27 22:31:24,919] {processor.py:153} INFO - Started process (PID=51374) to work on /home/nayara/Documentos/airflowalura/venv/lib/python3.9/site-packages/airflow/example_dags/example_latest_only.py
[2022-10-27 22:31:24,935] {processor.py:641} INFO - Processing file /home/nayara/Documentos/airflowalura/venv/lib/python3.9/site-packages/airflow/example_dags/example_latest_only.py for tasks to queue
[2022-10-27 22:31:24,936] {logging_mixin.py:115} INFO - [2022-10-27 22:31:24,936] {dagbag.py:507} INFO - Filling up the DagBag from /home/nayara/Documentos/airflowalura/venv/lib/python3.9/site-packages/airflow/example_dags/example_latest_only.py
[2022-10-27 22:31:24,946] {processor.py:651} INFO - DAG(s) dict_keys(['latest_only']) retrieved from /home/nayara/Documentos/airflowalura/venv/lib/python3.9/site-packages/airflow/example_dags/example_latest_only.py
[2022-10-27 22:31:24,972] {logging_mixin.py:115} INFO - [2022-10-27 22:31:24,971] {dag.py:2379} INFO - Sync 1 DAGs
[2022-10-27 22:31:25,007] {logging_mixin.py:115} INFO - [2022-10-27 22:31:25,006] {dag.py:2927} INFO - Setting next_dagrun for latest_only to 2022-10-27T21:31:25.006278+00:00, run_after=2022-10-28T01:31:25.006278+00:00
[2022-10-27 22:31:25,383] {processor.py:161} INFO - Processing /home/nayara/Documentos/airflowalura/venv/lib/python3.9/site-packages/airflow/example_dags/example_latest_only.py took 0.469 seconds
[2022-10-27 22:32:50,791] {processor.py:153} INFO - Started process (PID=51566) to work on /home/nayara/Documentos/airflowalura/venv/lib/python3.9/site-packages/airflow/example_dags/example_latest_only.py
[2022-10-27 22:32:50,808] {processor.py:641} INFO - Processing file /home/nayara/Documentos/airflowalura/venv/lib/python3.9/site-packages/airflow/example_dags/example_latest_only.py for tasks to queue
[2022-10-27 22:32:50,809] {logging_mixin.py:115} INFO - [2022-10-27 22:32:50,809] {dagbag.py:507} INFO - Filling up the DagBag from /home/nayara/Documentos/airflowalura/venv/lib/python3.9/site-packages/airflow/example_dags/example_latest_only.py
[2022-10-27 22:32:50,818] {processor.py:651} INFO - DAG(s) dict_keys(['latest_only']) retrieved from /home/nayara/Documentos/airflowalura/venv/lib/python3.9/site-packages/airflow/example_dags/example_latest_only.py
[2022-10-27 22:32:50,840] {logging_mixin.py:115} INFO - [2022-10-27 22:32:50,840] {dag.py:2379} INFO - Sync 1 DAGs
[2022-10-27 22:32:50,865] {logging_mixin.py:115} INFO - [2022-10-27 22:32:50,865] {dag.py:2927} INFO - Setting next_dagrun for latest_only to 2022-10-27T21:32:50.864924+00:00, run_after=2022-10-28T01:32:50.864924+00:00
[2022-10-27 22:32:51,125] {processor.py:161} INFO - Processing /home/nayara/Documentos/airflowalura/venv/lib/python3.9/site-packages/airflow/example_dags/example_latest_only.py took 0.345 seconds
[2022-10-27 22:33:42,457] {processor.py:153} INFO - Started process (PID=51678) to work on /home/nayara/Documentos/airflowalura/venv/lib/python3.9/site-packages/airflow/example_dags/example_latest_only.py
[2022-10-27 22:33:42,484] {processor.py:641} INFO - Processing file /home/nayara/Documentos/airflowalura/venv/lib/python3.9/site-packages/airflow/example_dags/example_latest_only.py for tasks to queue
[2022-10-27 22:33:42,485] {logging_mixin.py:115} INFO - [2022-10-27 22:33:42,485] {dagbag.py:507} INFO - Filling up the DagBag from /home/nayara/Documentos/airflowalura/venv/lib/python3.9/site-packages/airflow/example_dags/example_latest_only.py
[2022-10-27 22:33:42,493] {processor.py:651} INFO - DAG(s) dict_keys(['latest_only']) retrieved from /home/nayara/Documentos/airflowalura/venv/lib/python3.9/site-packages/airflow/example_dags/example_latest_only.py
[2022-10-27 22:33:42,523] {logging_mixin.py:115} INFO - [2022-10-27 22:33:42,523] {dag.py:2379} INFO - Sync 1 DAGs
[2022-10-27 22:33:42,557] {logging_mixin.py:115} INFO - [2022-10-27 22:33:42,557] {dag.py:2927} INFO - Setting next_dagrun for latest_only to 2022-10-27T21:33:42.556791+00:00, run_after=2022-10-28T01:33:42.556791+00:00
[2022-10-27 22:33:42,818] {processor.py:161} INFO - Processing /home/nayara/Documentos/airflowalura/venv/lib/python3.9/site-packages/airflow/example_dags/example_latest_only.py took 0.369 seconds
[2022-10-27 22:34:38,919] {processor.py:153} INFO - Started process (PID=51780) to work on /home/nayara/Documentos/airflowalura/venv/lib/python3.9/site-packages/airflow/example_dags/example_latest_only.py
[2022-10-27 22:34:38,935] {processor.py:641} INFO - Processing file /home/nayara/Documentos/airflowalura/venv/lib/python3.9/site-packages/airflow/example_dags/example_latest_only.py for tasks to queue
[2022-10-27 22:34:38,936] {logging_mixin.py:115} INFO - [2022-10-27 22:34:38,936] {dagbag.py:507} INFO - Filling up the DagBag from /home/nayara/Documentos/airflowalura/venv/lib/python3.9/site-packages/airflow/example_dags/example_latest_only.py
[2022-10-27 22:34:38,949] {processor.py:651} INFO - DAG(s) dict_keys(['latest_only']) retrieved from /home/nayara/Documentos/airflowalura/venv/lib/python3.9/site-packages/airflow/example_dags/example_latest_only.py
[2022-10-27 22:34:38,974] {logging_mixin.py:115} INFO - [2022-10-27 22:34:38,974] {dag.py:2379} INFO - Sync 1 DAGs
[2022-10-27 22:34:38,995] {logging_mixin.py:115} INFO - [2022-10-27 22:34:38,995] {dag.py:2927} INFO - Setting next_dagrun for latest_only to 2022-10-27T21:34:38.994799+00:00, run_after=2022-10-28T01:34:38.994799+00:00
[2022-10-27 22:34:39,325] {processor.py:161} INFO - Processing /home/nayara/Documentos/airflowalura/venv/lib/python3.9/site-packages/airflow/example_dags/example_latest_only.py took 0.418 seconds
[2022-10-27 22:35:35,019] {processor.py:153} INFO - Started process (PID=51862) to work on /home/nayara/Documentos/airflowalura/venv/lib/python3.9/site-packages/airflow/example_dags/example_latest_only.py
[2022-10-27 22:35:35,039] {processor.py:641} INFO - Processing file /home/nayara/Documentos/airflowalura/venv/lib/python3.9/site-packages/airflow/example_dags/example_latest_only.py for tasks to queue
[2022-10-27 22:35:35,039] {logging_mixin.py:115} INFO - [2022-10-27 22:35:35,039] {dagbag.py:507} INFO - Filling up the DagBag from /home/nayara/Documentos/airflowalura/venv/lib/python3.9/site-packages/airflow/example_dags/example_latest_only.py
[2022-10-27 22:35:35,049] {processor.py:651} INFO - DAG(s) dict_keys(['latest_only']) retrieved from /home/nayara/Documentos/airflowalura/venv/lib/python3.9/site-packages/airflow/example_dags/example_latest_only.py
[2022-10-27 22:35:35,075] {logging_mixin.py:115} INFO - [2022-10-27 22:35:35,075] {dag.py:2379} INFO - Sync 1 DAGs
[2022-10-27 22:35:35,097] {logging_mixin.py:115} INFO - [2022-10-27 22:35:35,096] {dag.py:2927} INFO - Setting next_dagrun for latest_only to 2022-10-27T21:35:35.096530+00:00, run_after=2022-10-28T01:35:35.096530+00:00
[2022-10-27 22:35:35,383] {processor.py:161} INFO - Processing /home/nayara/Documentos/airflowalura/venv/lib/python3.9/site-packages/airflow/example_dags/example_latest_only.py took 0.375 seconds
[2022-10-27 22:36:41,576] {processor.py:153} INFO - Started process (PID=52030) to work on /home/nayara/Documentos/airflowalura/venv/lib/python3.9/site-packages/airflow/example_dags/example_latest_only.py
[2022-10-27 22:36:41,611] {processor.py:641} INFO - Processing file /home/nayara/Documentos/airflowalura/venv/lib/python3.9/site-packages/airflow/example_dags/example_latest_only.py for tasks to queue
[2022-10-27 22:36:41,615] {logging_mixin.py:115} INFO - [2022-10-27 22:36:41,615] {dagbag.py:507} INFO - Filling up the DagBag from /home/nayara/Documentos/airflowalura/venv/lib/python3.9/site-packages/airflow/example_dags/example_latest_only.py
[2022-10-27 22:36:41,640] {processor.py:651} INFO - DAG(s) dict_keys(['latest_only']) retrieved from /home/nayara/Documentos/airflowalura/venv/lib/python3.9/site-packages/airflow/example_dags/example_latest_only.py
[2022-10-27 22:36:41,670] {logging_mixin.py:115} INFO - [2022-10-27 22:36:41,670] {dag.py:2379} INFO - Sync 1 DAGs
[2022-10-27 22:36:41,695] {logging_mixin.py:115} INFO - [2022-10-27 22:36:41,695] {dag.py:2927} INFO - Setting next_dagrun for latest_only to 2022-10-27T21:36:41.694245+00:00, run_after=2022-10-28T01:36:41.694245+00:00
[2022-10-27 22:36:42,256] {processor.py:161} INFO - Processing /home/nayara/Documentos/airflowalura/venv/lib/python3.9/site-packages/airflow/example_dags/example_latest_only.py took 0.694 seconds
[2022-10-27 22:37:50,668] {processor.py:153} INFO - Started process (PID=52372) to work on /home/nayara/Documentos/airflowalura/venv/lib/python3.9/site-packages/airflow/example_dags/example_latest_only.py
[2022-10-27 22:37:50,820] {processor.py:641} INFO - Processing file /home/nayara/Documentos/airflowalura/venv/lib/python3.9/site-packages/airflow/example_dags/example_latest_only.py for tasks to queue
[2022-10-27 22:37:50,844] {logging_mixin.py:115} INFO - [2022-10-27 22:37:50,844] {dagbag.py:507} INFO - Filling up the DagBag from /home/nayara/Documentos/airflowalura/venv/lib/python3.9/site-packages/airflow/example_dags/example_latest_only.py
[2022-10-27 22:37:51,147] {processor.py:651} INFO - DAG(s) dict_keys(['latest_only']) retrieved from /home/nayara/Documentos/airflowalura/venv/lib/python3.9/site-packages/airflow/example_dags/example_latest_only.py
[2022-10-27 22:37:51,235] {logging_mixin.py:115} INFO - [2022-10-27 22:37:51,235] {dag.py:2379} INFO - Sync 1 DAGs
[2022-10-27 22:37:51,385] {logging_mixin.py:115} INFO - [2022-10-27 22:37:51,385] {dag.py:2927} INFO - Setting next_dagrun for latest_only to 2022-10-27T21:37:51.384835+00:00, run_after=2022-10-28T01:37:51.384835+00:00
[2022-10-27 22:37:52,014] {processor.py:161} INFO - Processing /home/nayara/Documentos/airflowalura/venv/lib/python3.9/site-packages/airflow/example_dags/example_latest_only.py took 1.407 seconds
[2022-10-27 22:38:58,411] {processor.py:153} INFO - Started process (PID=52545) to work on /home/nayara/Documentos/airflowalura/venv/lib/python3.9/site-packages/airflow/example_dags/example_latest_only.py
[2022-10-27 22:38:58,437] {processor.py:641} INFO - Processing file /home/nayara/Documentos/airflowalura/venv/lib/python3.9/site-packages/airflow/example_dags/example_latest_only.py for tasks to queue
[2022-10-27 22:38:58,439] {logging_mixin.py:115} INFO - [2022-10-27 22:38:58,439] {dagbag.py:507} INFO - Filling up the DagBag from /home/nayara/Documentos/airflowalura/venv/lib/python3.9/site-packages/airflow/example_dags/example_latest_only.py
[2022-10-27 22:38:58,452] {processor.py:651} INFO - DAG(s) dict_keys(['latest_only']) retrieved from /home/nayara/Documentos/airflowalura/venv/lib/python3.9/site-packages/airflow/example_dags/example_latest_only.py
[2022-10-27 22:38:58,496] {logging_mixin.py:115} INFO - [2022-10-27 22:38:58,496] {dag.py:2379} INFO - Sync 1 DAGs
[2022-10-27 22:38:58,527] {logging_mixin.py:115} INFO - [2022-10-27 22:38:58,527] {dag.py:2927} INFO - Setting next_dagrun for latest_only to 2022-10-27T21:38:58.527357+00:00, run_after=2022-10-28T01:38:58.527357+00:00
[2022-10-27 22:38:58,878] {processor.py:161} INFO - Processing /home/nayara/Documentos/airflowalura/venv/lib/python3.9/site-packages/airflow/example_dags/example_latest_only.py took 0.479 seconds
[2022-10-27 22:39:50,977] {processor.py:153} INFO - Started process (PID=52652) to work on /home/nayara/Documentos/airflowalura/venv/lib/python3.9/site-packages/airflow/example_dags/example_latest_only.py
[2022-10-27 22:39:50,989] {processor.py:641} INFO - Processing file /home/nayara/Documentos/airflowalura/venv/lib/python3.9/site-packages/airflow/example_dags/example_latest_only.py for tasks to queue
[2022-10-27 22:39:50,990] {logging_mixin.py:115} INFO - [2022-10-27 22:39:50,989] {dagbag.py:507} INFO - Filling up the DagBag from /home/nayara/Documentos/airflowalura/venv/lib/python3.9/site-packages/airflow/example_dags/example_latest_only.py
[2022-10-27 22:39:51,005] {processor.py:651} INFO - DAG(s) dict_keys(['latest_only']) retrieved from /home/nayara/Documentos/airflowalura/venv/lib/python3.9/site-packages/airflow/example_dags/example_latest_only.py
[2022-10-27 22:39:51,055] {logging_mixin.py:115} INFO - [2022-10-27 22:39:51,054] {dag.py:2379} INFO - Sync 1 DAGs
[2022-10-27 22:39:51,107] {logging_mixin.py:115} INFO - [2022-10-27 22:39:51,107] {dag.py:2927} INFO - Setting next_dagrun for latest_only to 2022-10-27T21:39:51.106667+00:00, run_after=2022-10-28T01:39:51.106667+00:00
[2022-10-27 22:39:51,565] {processor.py:161} INFO - Processing /home/nayara/Documentos/airflowalura/venv/lib/python3.9/site-packages/airflow/example_dags/example_latest_only.py took 0.592 seconds
[2022-10-27 22:41:22,561] {processor.py:153} INFO - Started process (PID=52818) to work on /home/nayara/Documentos/airflowalura/venv/lib/python3.9/site-packages/airflow/example_dags/example_latest_only.py
[2022-10-27 22:41:22,597] {processor.py:641} INFO - Processing file /home/nayara/Documentos/airflowalura/venv/lib/python3.9/site-packages/airflow/example_dags/example_latest_only.py for tasks to queue
[2022-10-27 22:41:22,598] {logging_mixin.py:115} INFO - [2022-10-27 22:41:22,597] {dagbag.py:507} INFO - Filling up the DagBag from /home/nayara/Documentos/airflowalura/venv/lib/python3.9/site-packages/airflow/example_dags/example_latest_only.py
[2022-10-27 22:41:22,607] {processor.py:651} INFO - DAG(s) dict_keys(['latest_only']) retrieved from /home/nayara/Documentos/airflowalura/venv/lib/python3.9/site-packages/airflow/example_dags/example_latest_only.py
[2022-10-27 22:41:22,636] {logging_mixin.py:115} INFO - [2022-10-27 22:41:22,636] {dag.py:2379} INFO - Sync 1 DAGs
[2022-10-27 22:41:22,665] {logging_mixin.py:115} INFO - [2022-10-27 22:41:22,665] {dag.py:2927} INFO - Setting next_dagrun for latest_only to 2022-10-27T21:41:22.664880+00:00, run_after=2022-10-28T01:41:22.664880+00:00
[2022-10-27 22:41:23,043] {processor.py:161} INFO - Processing /home/nayara/Documentos/airflowalura/venv/lib/python3.9/site-packages/airflow/example_dags/example_latest_only.py took 0.499 seconds
[2022-10-27 22:42:14,080] {processor.py:153} INFO - Started process (PID=52945) to work on /home/nayara/Documentos/airflowalura/venv/lib/python3.9/site-packages/airflow/example_dags/example_latest_only.py
[2022-10-27 22:42:14,100] {processor.py:641} INFO - Processing file /home/nayara/Documentos/airflowalura/venv/lib/python3.9/site-packages/airflow/example_dags/example_latest_only.py for tasks to queue
[2022-10-27 22:42:14,101] {logging_mixin.py:115} INFO - [2022-10-27 22:42:14,101] {dagbag.py:507} INFO - Filling up the DagBag from /home/nayara/Documentos/airflowalura/venv/lib/python3.9/site-packages/airflow/example_dags/example_latest_only.py
[2022-10-27 22:42:14,111] {processor.py:651} INFO - DAG(s) dict_keys(['latest_only']) retrieved from /home/nayara/Documentos/airflowalura/venv/lib/python3.9/site-packages/airflow/example_dags/example_latest_only.py
[2022-10-27 22:42:14,138] {logging_mixin.py:115} INFO - [2022-10-27 22:42:14,138] {dag.py:2379} INFO - Sync 1 DAGs
[2022-10-27 22:42:14,159] {logging_mixin.py:115} INFO - [2022-10-27 22:42:14,159] {dag.py:2927} INFO - Setting next_dagrun for latest_only to 2022-10-27T21:42:14.159150+00:00, run_after=2022-10-28T01:42:14.159150+00:00
[2022-10-27 22:42:14,479] {processor.py:161} INFO - Processing /home/nayara/Documentos/airflowalura/venv/lib/python3.9/site-packages/airflow/example_dags/example_latest_only.py took 0.409 seconds
[2022-10-27 22:43:08,915] {processor.py:153} INFO - Started process (PID=53055) to work on /home/nayara/Documentos/airflowalura/venv/lib/python3.9/site-packages/airflow/example_dags/example_latest_only.py
[2022-10-27 22:43:08,916] {processor.py:641} INFO - Processing file /home/nayara/Documentos/airflowalura/venv/lib/python3.9/site-packages/airflow/example_dags/example_latest_only.py for tasks to queue
[2022-10-27 22:43:08,917] {logging_mixin.py:115} INFO - [2022-10-27 22:43:08,917] {dagbag.py:507} INFO - Filling up the DagBag from /home/nayara/Documentos/airflowalura/venv/lib/python3.9/site-packages/airflow/example_dags/example_latest_only.py
[2022-10-27 22:43:08,928] {processor.py:651} INFO - DAG(s) dict_keys(['latest_only']) retrieved from /home/nayara/Documentos/airflowalura/venv/lib/python3.9/site-packages/airflow/example_dags/example_latest_only.py
[2022-10-27 22:43:08,962] {logging_mixin.py:115} INFO - [2022-10-27 22:43:08,962] {dag.py:2379} INFO - Sync 1 DAGs
[2022-10-27 22:43:08,995] {logging_mixin.py:115} INFO - [2022-10-27 22:43:08,994] {dag.py:2927} INFO - Setting next_dagrun for latest_only to 2022-10-27T21:43:08.994568+00:00, run_after=2022-10-28T01:43:08.994568+00:00
[2022-10-27 22:43:09,423] {processor.py:161} INFO - Processing /home/nayara/Documentos/airflowalura/venv/lib/python3.9/site-packages/airflow/example_dags/example_latest_only.py took 0.515 seconds
[2022-10-27 22:44:06,052] {processor.py:153} INFO - Started process (PID=53165) to work on /home/nayara/Documentos/airflowalura/venv/lib/python3.9/site-packages/airflow/example_dags/example_latest_only.py
[2022-10-27 22:44:06,067] {processor.py:641} INFO - Processing file /home/nayara/Documentos/airflowalura/venv/lib/python3.9/site-packages/airflow/example_dags/example_latest_only.py for tasks to queue
[2022-10-27 22:44:06,069] {logging_mixin.py:115} INFO - [2022-10-27 22:44:06,069] {dagbag.py:507} INFO - Filling up the DagBag from /home/nayara/Documentos/airflowalura/venv/lib/python3.9/site-packages/airflow/example_dags/example_latest_only.py
[2022-10-27 22:44:06,084] {processor.py:651} INFO - DAG(s) dict_keys(['latest_only']) retrieved from /home/nayara/Documentos/airflowalura/venv/lib/python3.9/site-packages/airflow/example_dags/example_latest_only.py
[2022-10-27 22:44:06,116] {logging_mixin.py:115} INFO - [2022-10-27 22:44:06,116] {dag.py:2379} INFO - Sync 1 DAGs
[2022-10-27 22:44:06,142] {logging_mixin.py:115} INFO - [2022-10-27 22:44:06,142] {dag.py:2927} INFO - Setting next_dagrun for latest_only to 2022-10-27T21:44:06.142383+00:00, run_after=2022-10-28T01:44:06.142383+00:00
[2022-10-27 22:44:06,525] {processor.py:161} INFO - Processing /home/nayara/Documentos/airflowalura/venv/lib/python3.9/site-packages/airflow/example_dags/example_latest_only.py took 0.492 seconds
[2022-10-27 22:45:23,084] {processor.py:153} INFO - Started process (PID=53384) to work on /home/nayara/Documentos/airflowalura/venv/lib/python3.9/site-packages/airflow/example_dags/example_latest_only.py
[2022-10-27 22:45:23,098] {processor.py:641} INFO - Processing file /home/nayara/Documentos/airflowalura/venv/lib/python3.9/site-packages/airflow/example_dags/example_latest_only.py for tasks to queue
[2022-10-27 22:45:23,099] {logging_mixin.py:115} INFO - [2022-10-27 22:45:23,099] {dagbag.py:507} INFO - Filling up the DagBag from /home/nayara/Documentos/airflowalura/venv/lib/python3.9/site-packages/airflow/example_dags/example_latest_only.py
[2022-10-27 22:45:23,115] {processor.py:651} INFO - DAG(s) dict_keys(['latest_only']) retrieved from /home/nayara/Documentos/airflowalura/venv/lib/python3.9/site-packages/airflow/example_dags/example_latest_only.py
[2022-10-27 22:45:23,163] {logging_mixin.py:115} INFO - [2022-10-27 22:45:23,163] {dag.py:2379} INFO - Sync 1 DAGs
[2022-10-27 22:45:23,208] {logging_mixin.py:115} INFO - [2022-10-27 22:45:23,208] {dag.py:2927} INFO - Setting next_dagrun for latest_only to 2022-10-27T21:45:23.207713+00:00, run_after=2022-10-28T01:45:23.207713+00:00
[2022-10-27 22:45:23,482] {processor.py:161} INFO - Processing /home/nayara/Documentos/airflowalura/venv/lib/python3.9/site-packages/airflow/example_dags/example_latest_only.py took 0.417 seconds
[2022-10-27 22:46:17,885] {processor.py:153} INFO - Started process (PID=53482) to work on /home/nayara/Documentos/airflowalura/venv/lib/python3.9/site-packages/airflow/example_dags/example_latest_only.py
[2022-10-27 22:46:17,915] {processor.py:641} INFO - Processing file /home/nayara/Documentos/airflowalura/venv/lib/python3.9/site-packages/airflow/example_dags/example_latest_only.py for tasks to queue
[2022-10-27 22:46:17,918] {logging_mixin.py:115} INFO - [2022-10-27 22:46:17,917] {dagbag.py:507} INFO - Filling up the DagBag from /home/nayara/Documentos/airflowalura/venv/lib/python3.9/site-packages/airflow/example_dags/example_latest_only.py
[2022-10-27 22:46:17,939] {processor.py:651} INFO - DAG(s) dict_keys(['latest_only']) retrieved from /home/nayara/Documentos/airflowalura/venv/lib/python3.9/site-packages/airflow/example_dags/example_latest_only.py
[2022-10-27 22:46:17,966] {logging_mixin.py:115} INFO - [2022-10-27 22:46:17,966] {dag.py:2379} INFO - Sync 1 DAGs
[2022-10-27 22:46:17,989] {logging_mixin.py:115} INFO - [2022-10-27 22:46:17,989] {dag.py:2927} INFO - Setting next_dagrun for latest_only to 2022-10-27T21:46:17.988915+00:00, run_after=2022-10-28T01:46:17.988915+00:00
[2022-10-27 22:46:18,262] {processor.py:161} INFO - Processing /home/nayara/Documentos/airflowalura/venv/lib/python3.9/site-packages/airflow/example_dags/example_latest_only.py took 0.382 seconds
[2022-10-27 22:47:05,514] {processor.py:153} INFO - Started process (PID=53597) to work on /home/nayara/Documentos/airflowalura/venv/lib/python3.9/site-packages/airflow/example_dags/example_latest_only.py
[2022-10-27 22:47:05,553] {processor.py:641} INFO - Processing file /home/nayara/Documentos/airflowalura/venv/lib/python3.9/site-packages/airflow/example_dags/example_latest_only.py for tasks to queue
[2022-10-27 22:47:05,554] {logging_mixin.py:115} INFO - [2022-10-27 22:47:05,554] {dagbag.py:507} INFO - Filling up the DagBag from /home/nayara/Documentos/airflowalura/venv/lib/python3.9/site-packages/airflow/example_dags/example_latest_only.py
[2022-10-27 22:47:05,571] {processor.py:651} INFO - DAG(s) dict_keys(['latest_only']) retrieved from /home/nayara/Documentos/airflowalura/venv/lib/python3.9/site-packages/airflow/example_dags/example_latest_only.py
[2022-10-27 22:47:05,616] {logging_mixin.py:115} INFO - [2022-10-27 22:47:05,615] {dag.py:2379} INFO - Sync 1 DAGs
[2022-10-27 22:47:05,639] {logging_mixin.py:115} INFO - [2022-10-27 22:47:05,639] {dag.py:2927} INFO - Setting next_dagrun for latest_only to 2022-10-27T21:47:05.638976+00:00, run_after=2022-10-28T01:47:05.638976+00:00
[2022-10-27 22:47:05,954] {processor.py:161} INFO - Processing /home/nayara/Documentos/airflowalura/venv/lib/python3.9/site-packages/airflow/example_dags/example_latest_only.py took 0.447 seconds
[2022-10-27 22:47:57,109] {processor.py:153} INFO - Started process (PID=53719) to work on /home/nayara/Documentos/airflowalura/venv/lib/python3.9/site-packages/airflow/example_dags/example_latest_only.py
[2022-10-27 22:47:57,136] {processor.py:641} INFO - Processing file /home/nayara/Documentos/airflowalura/venv/lib/python3.9/site-packages/airflow/example_dags/example_latest_only.py for tasks to queue
[2022-10-27 22:47:57,137] {logging_mixin.py:115} INFO - [2022-10-27 22:47:57,137] {dagbag.py:507} INFO - Filling up the DagBag from /home/nayara/Documentos/airflowalura/venv/lib/python3.9/site-packages/airflow/example_dags/example_latest_only.py
[2022-10-27 22:47:57,145] {processor.py:651} INFO - DAG(s) dict_keys(['latest_only']) retrieved from /home/nayara/Documentos/airflowalura/venv/lib/python3.9/site-packages/airflow/example_dags/example_latest_only.py
[2022-10-27 22:47:57,173] {logging_mixin.py:115} INFO - [2022-10-27 22:47:57,173] {dag.py:2379} INFO - Sync 1 DAGs
[2022-10-27 22:47:57,197] {logging_mixin.py:115} INFO - [2022-10-27 22:47:57,197] {dag.py:2927} INFO - Setting next_dagrun for latest_only to 2022-10-27T21:47:57.196778+00:00, run_after=2022-10-28T01:47:57.196778+00:00
[2022-10-27 22:47:57,667] {processor.py:161} INFO - Processing /home/nayara/Documentos/airflowalura/venv/lib/python3.9/site-packages/airflow/example_dags/example_latest_only.py took 0.577 seconds
[2022-10-27 22:48:42,424] {processor.py:153} INFO - Started process (PID=53809) to work on /home/nayara/Documentos/airflowalura/venv/lib/python3.9/site-packages/airflow/example_dags/example_latest_only.py
[2022-10-27 22:48:42,426] {processor.py:641} INFO - Processing file /home/nayara/Documentos/airflowalura/venv/lib/python3.9/site-packages/airflow/example_dags/example_latest_only.py for tasks to queue
[2022-10-27 22:48:42,428] {logging_mixin.py:115} INFO - [2022-10-27 22:48:42,427] {dagbag.py:507} INFO - Filling up the DagBag from /home/nayara/Documentos/airflowalura/venv/lib/python3.9/site-packages/airflow/example_dags/example_latest_only.py
[2022-10-27 22:48:42,439] {processor.py:651} INFO - DAG(s) dict_keys(['latest_only']) retrieved from /home/nayara/Documentos/airflowalura/venv/lib/python3.9/site-packages/airflow/example_dags/example_latest_only.py
[2022-10-27 22:48:42,467] {logging_mixin.py:115} INFO - [2022-10-27 22:48:42,466] {dag.py:2379} INFO - Sync 1 DAGs
[2022-10-27 22:48:42,493] {logging_mixin.py:115} INFO - [2022-10-27 22:48:42,493] {dag.py:2927} INFO - Setting next_dagrun for latest_only to 2022-10-27T21:48:42.493064+00:00, run_after=2022-10-28T01:48:42.493064+00:00
[2022-10-27 22:48:42,779] {processor.py:161} INFO - Processing /home/nayara/Documentos/airflowalura/venv/lib/python3.9/site-packages/airflow/example_dags/example_latest_only.py took 0.371 seconds
[2022-10-27 22:49:45,482] {processor.py:153} INFO - Started process (PID=53931) to work on /home/nayara/Documentos/airflowalura/venv/lib/python3.9/site-packages/airflow/example_dags/example_latest_only.py
[2022-10-27 22:49:45,592] {processor.py:641} INFO - Processing file /home/nayara/Documentos/airflowalura/venv/lib/python3.9/site-packages/airflow/example_dags/example_latest_only.py for tasks to queue
[2022-10-27 22:49:45,595] {logging_mixin.py:115} INFO - [2022-10-27 22:49:45,594] {dagbag.py:507} INFO - Filling up the DagBag from /home/nayara/Documentos/airflowalura/venv/lib/python3.9/site-packages/airflow/example_dags/example_latest_only.py
[2022-10-27 22:49:45,622] {processor.py:651} INFO - DAG(s) dict_keys(['latest_only']) retrieved from /home/nayara/Documentos/airflowalura/venv/lib/python3.9/site-packages/airflow/example_dags/example_latest_only.py
[2022-10-27 22:49:45,690] {logging_mixin.py:115} INFO - [2022-10-27 22:49:45,689] {dag.py:2379} INFO - Sync 1 DAGs
[2022-10-27 22:49:45,718] {logging_mixin.py:115} INFO - [2022-10-27 22:49:45,718] {dag.py:2927} INFO - Setting next_dagrun for latest_only to 2022-10-27T21:49:45.717625+00:00, run_after=2022-10-28T01:49:45.717625+00:00
[2022-10-27 22:49:46,038] {processor.py:161} INFO - Processing /home/nayara/Documentos/airflowalura/venv/lib/python3.9/site-packages/airflow/example_dags/example_latest_only.py took 0.574 seconds
[2022-10-27 22:50:32,717] {processor.py:153} INFO - Started process (PID=54022) to work on /home/nayara/Documentos/airflowalura/venv/lib/python3.9/site-packages/airflow/example_dags/example_latest_only.py
[2022-10-27 22:50:32,740] {processor.py:641} INFO - Processing file /home/nayara/Documentos/airflowalura/venv/lib/python3.9/site-packages/airflow/example_dags/example_latest_only.py for tasks to queue
[2022-10-27 22:50:32,743] {logging_mixin.py:115} INFO - [2022-10-27 22:50:32,742] {dagbag.py:507} INFO - Filling up the DagBag from /home/nayara/Documentos/airflowalura/venv/lib/python3.9/site-packages/airflow/example_dags/example_latest_only.py
[2022-10-27 22:50:32,776] {processor.py:651} INFO - DAG(s) dict_keys(['latest_only']) retrieved from /home/nayara/Documentos/airflowalura/venv/lib/python3.9/site-packages/airflow/example_dags/example_latest_only.py
[2022-10-27 22:50:32,811] {logging_mixin.py:115} INFO - [2022-10-27 22:50:32,811] {dag.py:2379} INFO - Sync 1 DAGs
[2022-10-27 22:50:32,839] {logging_mixin.py:115} INFO - [2022-10-27 22:50:32,839] {dag.py:2927} INFO - Setting next_dagrun for latest_only to 2022-10-27T21:50:32.839261+00:00, run_after=2022-10-28T01:50:32.839261+00:00
[2022-10-27 22:50:33,213] {processor.py:161} INFO - Processing /home/nayara/Documentos/airflowalura/venv/lib/python3.9/site-packages/airflow/example_dags/example_latest_only.py took 0.514 seconds
[2022-10-27 22:51:19,153] {processor.py:153} INFO - Started process (PID=54102) to work on /home/nayara/Documentos/airflowalura/venv/lib/python3.9/site-packages/airflow/example_dags/example_latest_only.py
[2022-10-27 22:51:19,234] {processor.py:641} INFO - Processing file /home/nayara/Documentos/airflowalura/venv/lib/python3.9/site-packages/airflow/example_dags/example_latest_only.py for tasks to queue
[2022-10-27 22:51:19,236] {logging_mixin.py:115} INFO - [2022-10-27 22:51:19,235] {dagbag.py:507} INFO - Filling up the DagBag from /home/nayara/Documentos/airflowalura/venv/lib/python3.9/site-packages/airflow/example_dags/example_latest_only.py
[2022-10-27 22:51:19,254] {processor.py:651} INFO - DAG(s) dict_keys(['latest_only']) retrieved from /home/nayara/Documentos/airflowalura/venv/lib/python3.9/site-packages/airflow/example_dags/example_latest_only.py
[2022-10-27 22:51:19,309] {logging_mixin.py:115} INFO - [2022-10-27 22:51:19,308] {dag.py:2379} INFO - Sync 1 DAGs
[2022-10-27 22:51:19,346] {logging_mixin.py:115} INFO - [2022-10-27 22:51:19,346] {dag.py:2927} INFO - Setting next_dagrun for latest_only to 2022-10-27T21:51:19.346203+00:00, run_after=2022-10-28T01:51:19.346203+00:00
[2022-10-27 22:51:19,664] {processor.py:161} INFO - Processing /home/nayara/Documentos/airflowalura/venv/lib/python3.9/site-packages/airflow/example_dags/example_latest_only.py took 0.516 seconds
[2022-10-27 22:52:13,973] {processor.py:153} INFO - Started process (PID=54213) to work on /home/nayara/Documentos/airflowalura/venv/lib/python3.9/site-packages/airflow/example_dags/example_latest_only.py
[2022-10-27 22:52:13,986] {processor.py:641} INFO - Processing file /home/nayara/Documentos/airflowalura/venv/lib/python3.9/site-packages/airflow/example_dags/example_latest_only.py for tasks to queue
[2022-10-27 22:52:13,987] {logging_mixin.py:115} INFO - [2022-10-27 22:52:13,987] {dagbag.py:507} INFO - Filling up the DagBag from /home/nayara/Documentos/airflowalura/venv/lib/python3.9/site-packages/airflow/example_dags/example_latest_only.py
[2022-10-27 22:52:14,005] {processor.py:651} INFO - DAG(s) dict_keys(['latest_only']) retrieved from /home/nayara/Documentos/airflowalura/venv/lib/python3.9/site-packages/airflow/example_dags/example_latest_only.py
[2022-10-27 22:52:14,034] {logging_mixin.py:115} INFO - [2022-10-27 22:52:14,034] {dag.py:2379} INFO - Sync 1 DAGs
[2022-10-27 22:52:14,065] {logging_mixin.py:115} INFO - [2022-10-27 22:52:14,065] {dag.py:2927} INFO - Setting next_dagrun for latest_only to 2022-10-27T21:52:14.064510+00:00, run_after=2022-10-28T01:52:14.064510+00:00
[2022-10-27 22:52:14,468] {processor.py:161} INFO - Processing /home/nayara/Documentos/airflowalura/venv/lib/python3.9/site-packages/airflow/example_dags/example_latest_only.py took 0.512 seconds
[2022-10-27 22:53:05,031] {processor.py:153} INFO - Started process (PID=54302) to work on /home/nayara/Documentos/airflowalura/venv/lib/python3.9/site-packages/airflow/example_dags/example_latest_only.py
[2022-10-27 22:53:05,043] {processor.py:641} INFO - Processing file /home/nayara/Documentos/airflowalura/venv/lib/python3.9/site-packages/airflow/example_dags/example_latest_only.py for tasks to queue
[2022-10-27 22:53:05,044] {logging_mixin.py:115} INFO - [2022-10-27 22:53:05,044] {dagbag.py:507} INFO - Filling up the DagBag from /home/nayara/Documentos/airflowalura/venv/lib/python3.9/site-packages/airflow/example_dags/example_latest_only.py
[2022-10-27 22:53:05,055] {processor.py:651} INFO - DAG(s) dict_keys(['latest_only']) retrieved from /home/nayara/Documentos/airflowalura/venv/lib/python3.9/site-packages/airflow/example_dags/example_latest_only.py
[2022-10-27 22:53:05,082] {logging_mixin.py:115} INFO - [2022-10-27 22:53:05,082] {dag.py:2379} INFO - Sync 1 DAGs
[2022-10-27 22:53:05,116] {logging_mixin.py:115} INFO - [2022-10-27 22:53:05,115] {dag.py:2927} INFO - Setting next_dagrun for latest_only to 2022-10-27T21:53:05.114976+00:00, run_after=2022-10-28T01:53:05.114976+00:00
[2022-10-27 22:53:05,432] {processor.py:161} INFO - Processing /home/nayara/Documentos/airflowalura/venv/lib/python3.9/site-packages/airflow/example_dags/example_latest_only.py took 0.407 seconds
[2022-10-27 22:54:11,496] {processor.py:153} INFO - Started process (PID=54432) to work on /home/nayara/Documentos/airflowalura/venv/lib/python3.9/site-packages/airflow/example_dags/example_latest_only.py
[2022-10-27 22:54:11,522] {processor.py:641} INFO - Processing file /home/nayara/Documentos/airflowalura/venv/lib/python3.9/site-packages/airflow/example_dags/example_latest_only.py for tasks to queue
[2022-10-27 22:54:11,523] {logging_mixin.py:115} INFO - [2022-10-27 22:54:11,523] {dagbag.py:507} INFO - Filling up the DagBag from /home/nayara/Documentos/airflowalura/venv/lib/python3.9/site-packages/airflow/example_dags/example_latest_only.py
[2022-10-27 22:54:11,534] {processor.py:651} INFO - DAG(s) dict_keys(['latest_only']) retrieved from /home/nayara/Documentos/airflowalura/venv/lib/python3.9/site-packages/airflow/example_dags/example_latest_only.py
[2022-10-27 22:54:11,567] {logging_mixin.py:115} INFO - [2022-10-27 22:54:11,567] {dag.py:2379} INFO - Sync 1 DAGs
[2022-10-27 22:54:11,595] {logging_mixin.py:115} INFO - [2022-10-27 22:54:11,595] {dag.py:2927} INFO - Setting next_dagrun for latest_only to 2022-10-27T21:54:11.595037+00:00, run_after=2022-10-28T01:54:11.595037+00:00
[2022-10-27 22:54:11,977] {processor.py:161} INFO - Processing /home/nayara/Documentos/airflowalura/venv/lib/python3.9/site-packages/airflow/example_dags/example_latest_only.py took 0.488 seconds
[2022-10-27 22:55:02,109] {processor.py:153} INFO - Started process (PID=54530) to work on /home/nayara/Documentos/airflowalura/venv/lib/python3.9/site-packages/airflow/example_dags/example_latest_only.py
[2022-10-27 22:55:02,120] {processor.py:641} INFO - Processing file /home/nayara/Documentos/airflowalura/venv/lib/python3.9/site-packages/airflow/example_dags/example_latest_only.py for tasks to queue
[2022-10-27 22:55:02,123] {logging_mixin.py:115} INFO - [2022-10-27 22:55:02,122] {dagbag.py:507} INFO - Filling up the DagBag from /home/nayara/Documentos/airflowalura/venv/lib/python3.9/site-packages/airflow/example_dags/example_latest_only.py
[2022-10-27 22:55:02,151] {processor.py:651} INFO - DAG(s) dict_keys(['latest_only']) retrieved from /home/nayara/Documentos/airflowalura/venv/lib/python3.9/site-packages/airflow/example_dags/example_latest_only.py
[2022-10-27 22:55:02,181] {logging_mixin.py:115} INFO - [2022-10-27 22:55:02,181] {dag.py:2379} INFO - Sync 1 DAGs
[2022-10-27 22:55:02,209] {logging_mixin.py:115} INFO - [2022-10-27 22:55:02,208] {dag.py:2927} INFO - Setting next_dagrun for latest_only to 2022-10-27T21:55:02.207834+00:00, run_after=2022-10-28T01:55:02.207834+00:00
[2022-10-27 22:55:02,580] {processor.py:161} INFO - Processing /home/nayara/Documentos/airflowalura/venv/lib/python3.9/site-packages/airflow/example_dags/example_latest_only.py took 0.491 seconds
[2022-10-27 22:55:56,846] {processor.py:153} INFO - Started process (PID=54649) to work on /home/nayara/Documentos/airflowalura/venv/lib/python3.9/site-packages/airflow/example_dags/example_latest_only.py
[2022-10-27 22:55:56,868] {processor.py:641} INFO - Processing file /home/nayara/Documentos/airflowalura/venv/lib/python3.9/site-packages/airflow/example_dags/example_latest_only.py for tasks to queue
[2022-10-27 22:55:56,869] {logging_mixin.py:115} INFO - [2022-10-27 22:55:56,869] {dagbag.py:507} INFO - Filling up the DagBag from /home/nayara/Documentos/airflowalura/venv/lib/python3.9/site-packages/airflow/example_dags/example_latest_only.py
[2022-10-27 22:55:56,878] {processor.py:651} INFO - DAG(s) dict_keys(['latest_only']) retrieved from /home/nayara/Documentos/airflowalura/venv/lib/python3.9/site-packages/airflow/example_dags/example_latest_only.py
[2022-10-27 22:55:56,905] {logging_mixin.py:115} INFO - [2022-10-27 22:55:56,905] {dag.py:2379} INFO - Sync 1 DAGs
[2022-10-27 22:55:56,938] {logging_mixin.py:115} INFO - [2022-10-27 22:55:56,937] {dag.py:2927} INFO - Setting next_dagrun for latest_only to 2022-10-27T21:55:56.937468+00:00, run_after=2022-10-28T01:55:56.937468+00:00
[2022-10-27 22:55:57,415] {processor.py:161} INFO - Processing /home/nayara/Documentos/airflowalura/venv/lib/python3.9/site-packages/airflow/example_dags/example_latest_only.py took 0.589 seconds
[2022-10-27 22:56:45,323] {processor.py:153} INFO - Started process (PID=54755) to work on /home/nayara/Documentos/airflowalura/venv/lib/python3.9/site-packages/airflow/example_dags/example_latest_only.py
[2022-10-27 22:56:45,339] {processor.py:641} INFO - Processing file /home/nayara/Documentos/airflowalura/venv/lib/python3.9/site-packages/airflow/example_dags/example_latest_only.py for tasks to queue
[2022-10-27 22:56:45,340] {logging_mixin.py:115} INFO - [2022-10-27 22:56:45,340] {dagbag.py:507} INFO - Filling up the DagBag from /home/nayara/Documentos/airflowalura/venv/lib/python3.9/site-packages/airflow/example_dags/example_latest_only.py
[2022-10-27 22:56:45,351] {processor.py:651} INFO - DAG(s) dict_keys(['latest_only']) retrieved from /home/nayara/Documentos/airflowalura/venv/lib/python3.9/site-packages/airflow/example_dags/example_latest_only.py
[2022-10-27 22:56:45,375] {logging_mixin.py:115} INFO - [2022-10-27 22:56:45,375] {dag.py:2379} INFO - Sync 1 DAGs
[2022-10-27 22:56:45,400] {logging_mixin.py:115} INFO - [2022-10-27 22:56:45,399] {dag.py:2927} INFO - Setting next_dagrun for latest_only to 2022-10-27T21:56:45.399510+00:00, run_after=2022-10-28T01:56:45.399510+00:00
[2022-10-27 22:56:45,783] {processor.py:161} INFO - Processing /home/nayara/Documentos/airflowalura/venv/lib/python3.9/site-packages/airflow/example_dags/example_latest_only.py took 0.467 seconds
