[2022-10-27 22:16:48,029] {processor.py:153} INFO - Started process (PID=49138) to work on /home/nayara/Documentos/airflowalura/venv/lib/python3.9/site-packages/airflow/example_dags/example_external_task_marker_dag.py
[2022-10-27 22:16:48,030] {processor.py:641} INFO - Processing file /home/nayara/Documentos/airflowalura/venv/lib/python3.9/site-packages/airflow/example_dags/example_external_task_marker_dag.py for tasks to queue
[2022-10-27 22:16:48,032] {logging_mixin.py:115} INFO - [2022-10-27 22:16:48,031] {dagbag.py:507} INFO - Filling up the DagBag from /home/nayara/Documentos/airflowalura/venv/lib/python3.9/site-packages/airflow/example_dags/example_external_task_marker_dag.py
[2022-10-27 22:16:48,211] {processor.py:651} INFO - DAG(s) dict_keys(['example_external_task_marker_parent', 'example_external_task_marker_child']) retrieved from /home/nayara/Documentos/airflowalura/venv/lib/python3.9/site-packages/airflow/example_dags/example_external_task_marker_dag.py
[2022-10-27 22:16:49,931] {logging_mixin.py:115} INFO - [2022-10-27 22:16:49,931] {manager.py:508} INFO - Created Permission View: can read on DAG:example_external_task_marker_parent
[2022-10-27 22:16:50,693] {logging_mixin.py:115} INFO - [2022-10-27 22:16:50,692] {manager.py:508} INFO - Created Permission View: can delete on DAG:example_external_task_marker_parent
[2022-10-27 22:16:51,336] {logging_mixin.py:115} INFO - [2022-10-27 22:16:51,336] {manager.py:508} INFO - Created Permission View: can edit on DAG:example_external_task_marker_parent
[2022-10-27 22:16:52,971] {logging_mixin.py:115} INFO - [2022-10-27 22:16:52,970] {manager.py:508} INFO - Created Permission View: can read on DAG:example_external_task_marker_child
[2022-10-27 22:16:53,584] {logging_mixin.py:115} INFO - [2022-10-27 22:16:53,583] {manager.py:508} INFO - Created Permission View: can delete on DAG:example_external_task_marker_child
[2022-10-27 22:16:55,110] {logging_mixin.py:115} INFO - [2022-10-27 22:16:55,110] {manager.py:508} INFO - Created Permission View: can edit on DAG:example_external_task_marker_child
[2022-10-27 22:16:55,111] {logging_mixin.py:115} INFO - [2022-10-27 22:16:55,111] {dag.py:2379} INFO - Sync 2 DAGs
[2022-10-27 22:16:55,355] {logging_mixin.py:115} INFO - [2022-10-27 22:16:55,354] {dag.py:2398} INFO - Creating ORM DAG for example_external_task_marker_child
[2022-10-27 22:16:55,356] {logging_mixin.py:115} INFO - [2022-10-27 22:16:55,356] {dag.py:2398} INFO - Creating ORM DAG for example_external_task_marker_parent
[2022-10-27 22:16:55,371] {logging_mixin.py:115} INFO - [2022-10-27 22:16:55,371] {dag.py:2927} INFO - Setting next_dagrun for example_external_task_marker_child to None, run_after=None
[2022-10-27 22:16:55,371] {logging_mixin.py:115} INFO - [2022-10-27 22:16:55,371] {dag.py:2927} INFO - Setting next_dagrun for example_external_task_marker_parent to None, run_after=None
[2022-10-27 22:16:56,481] {processor.py:161} INFO - Processing /home/nayara/Documentos/airflowalura/venv/lib/python3.9/site-packages/airflow/example_dags/example_external_task_marker_dag.py took 8.465 seconds
[2022-10-27 22:18:14,616] {processor.py:153} INFO - Started process (PID=49297) to work on /home/nayara/Documentos/airflowalura/venv/lib/python3.9/site-packages/airflow/example_dags/example_external_task_marker_dag.py
[2022-10-27 22:18:14,633] {processor.py:641} INFO - Processing file /home/nayara/Documentos/airflowalura/venv/lib/python3.9/site-packages/airflow/example_dags/example_external_task_marker_dag.py for tasks to queue
[2022-10-27 22:18:14,634] {logging_mixin.py:115} INFO - [2022-10-27 22:18:14,634] {dagbag.py:507} INFO - Filling up the DagBag from /home/nayara/Documentos/airflowalura/venv/lib/python3.9/site-packages/airflow/example_dags/example_external_task_marker_dag.py
[2022-10-27 22:18:14,641] {processor.py:651} INFO - DAG(s) dict_keys(['example_external_task_marker_parent', 'example_external_task_marker_child']) retrieved from /home/nayara/Documentos/airflowalura/venv/lib/python3.9/site-packages/airflow/example_dags/example_external_task_marker_dag.py
[2022-10-27 22:18:14,674] {logging_mixin.py:115} INFO - [2022-10-27 22:18:14,674] {dag.py:2379} INFO - Sync 2 DAGs
[2022-10-27 22:18:14,701] {logging_mixin.py:115} INFO - [2022-10-27 22:18:14,701] {dag.py:2927} INFO - Setting next_dagrun for example_external_task_marker_child to None, run_after=None
[2022-10-27 22:18:14,702] {logging_mixin.py:115} INFO - [2022-10-27 22:18:14,702] {dag.py:2927} INFO - Setting next_dagrun for example_external_task_marker_parent to None, run_after=None
[2022-10-27 22:18:14,973] {processor.py:161} INFO - Processing /home/nayara/Documentos/airflowalura/venv/lib/python3.9/site-packages/airflow/example_dags/example_external_task_marker_dag.py took 0.367 seconds
[2022-10-27 22:19:32,290] {processor.py:153} INFO - Started process (PID=49648) to work on /home/nayara/Documentos/airflowalura/venv/lib/python3.9/site-packages/airflow/example_dags/example_external_task_marker_dag.py
[2022-10-27 22:19:32,382] {processor.py:641} INFO - Processing file /home/nayara/Documentos/airflowalura/venv/lib/python3.9/site-packages/airflow/example_dags/example_external_task_marker_dag.py for tasks to queue
[2022-10-27 22:19:32,383] {logging_mixin.py:115} INFO - [2022-10-27 22:19:32,383] {dagbag.py:507} INFO - Filling up the DagBag from /home/nayara/Documentos/airflowalura/venv/lib/python3.9/site-packages/airflow/example_dags/example_external_task_marker_dag.py
[2022-10-27 22:19:32,390] {processor.py:651} INFO - DAG(s) dict_keys(['example_external_task_marker_parent', 'example_external_task_marker_child']) retrieved from /home/nayara/Documentos/airflowalura/venv/lib/python3.9/site-packages/airflow/example_dags/example_external_task_marker_dag.py
[2022-10-27 22:19:32,435] {logging_mixin.py:115} INFO - [2022-10-27 22:19:32,435] {dag.py:2379} INFO - Sync 2 DAGs
[2022-10-27 22:19:32,469] {logging_mixin.py:115} INFO - [2022-10-27 22:19:32,469] {dag.py:2927} INFO - Setting next_dagrun for example_external_task_marker_child to None, run_after=None
[2022-10-27 22:19:32,470] {logging_mixin.py:115} INFO - [2022-10-27 22:19:32,470] {dag.py:2927} INFO - Setting next_dagrun for example_external_task_marker_parent to None, run_after=None
[2022-10-27 22:19:33,453] {processor.py:161} INFO - Processing /home/nayara/Documentos/airflowalura/venv/lib/python3.9/site-packages/airflow/example_dags/example_external_task_marker_dag.py took 1.168 seconds
[2022-10-27 22:20:40,994] {processor.py:153} INFO - Started process (PID=49892) to work on /home/nayara/Documentos/airflowalura/venv/lib/python3.9/site-packages/airflow/example_dags/example_external_task_marker_dag.py
[2022-10-27 22:20:41,009] {processor.py:641} INFO - Processing file /home/nayara/Documentos/airflowalura/venv/lib/python3.9/site-packages/airflow/example_dags/example_external_task_marker_dag.py for tasks to queue
[2022-10-27 22:20:41,013] {logging_mixin.py:115} INFO - [2022-10-27 22:20:41,012] {dagbag.py:507} INFO - Filling up the DagBag from /home/nayara/Documentos/airflowalura/venv/lib/python3.9/site-packages/airflow/example_dags/example_external_task_marker_dag.py
[2022-10-27 22:20:41,042] {processor.py:651} INFO - DAG(s) dict_keys(['example_external_task_marker_parent', 'example_external_task_marker_child']) retrieved from /home/nayara/Documentos/airflowalura/venv/lib/python3.9/site-packages/airflow/example_dags/example_external_task_marker_dag.py
[2022-10-27 22:20:41,095] {logging_mixin.py:115} INFO - [2022-10-27 22:20:41,095] {dag.py:2379} INFO - Sync 2 DAGs
[2022-10-27 22:20:41,127] {logging_mixin.py:115} INFO - [2022-10-27 22:20:41,127] {dag.py:2927} INFO - Setting next_dagrun for example_external_task_marker_child to None, run_after=None
[2022-10-27 22:20:41,127] {logging_mixin.py:115} INFO - [2022-10-27 22:20:41,127] {dag.py:2927} INFO - Setting next_dagrun for example_external_task_marker_parent to None, run_after=None
[2022-10-27 22:20:41,387] {processor.py:161} INFO - Processing /home/nayara/Documentos/airflowalura/venv/lib/python3.9/site-packages/airflow/example_dags/example_external_task_marker_dag.py took 0.412 seconds
[2022-10-27 22:21:29,838] {processor.py:153} INFO - Started process (PID=49998) to work on /home/nayara/Documentos/airflowalura/venv/lib/python3.9/site-packages/airflow/example_dags/example_external_task_marker_dag.py
[2022-10-27 22:21:29,851] {processor.py:641} INFO - Processing file /home/nayara/Documentos/airflowalura/venv/lib/python3.9/site-packages/airflow/example_dags/example_external_task_marker_dag.py for tasks to queue
[2022-10-27 22:21:29,854] {logging_mixin.py:115} INFO - [2022-10-27 22:21:29,853] {dagbag.py:507} INFO - Filling up the DagBag from /home/nayara/Documentos/airflowalura/venv/lib/python3.9/site-packages/airflow/example_dags/example_external_task_marker_dag.py
[2022-10-27 22:21:29,875] {processor.py:651} INFO - DAG(s) dict_keys(['example_external_task_marker_parent', 'example_external_task_marker_child']) retrieved from /home/nayara/Documentos/airflowalura/venv/lib/python3.9/site-packages/airflow/example_dags/example_external_task_marker_dag.py
[2022-10-27 22:21:29,921] {logging_mixin.py:115} INFO - [2022-10-27 22:21:29,921] {dag.py:2379} INFO - Sync 2 DAGs
[2022-10-27 22:21:29,950] {logging_mixin.py:115} INFO - [2022-10-27 22:21:29,950] {dag.py:2927} INFO - Setting next_dagrun for example_external_task_marker_child to None, run_after=None
[2022-10-27 22:21:29,950] {logging_mixin.py:115} INFO - [2022-10-27 22:21:29,950] {dag.py:2927} INFO - Setting next_dagrun for example_external_task_marker_parent to None, run_after=None
[2022-10-27 22:21:30,204] {processor.py:161} INFO - Processing /home/nayara/Documentos/airflowalura/venv/lib/python3.9/site-packages/airflow/example_dags/example_external_task_marker_dag.py took 0.379 seconds
[2022-10-27 22:22:32,045] {processor.py:153} INFO - Started process (PID=50151) to work on /home/nayara/Documentos/airflowalura/venv/lib/python3.9/site-packages/airflow/example_dags/example_external_task_marker_dag.py
[2022-10-27 22:22:32,047] {processor.py:641} INFO - Processing file /home/nayara/Documentos/airflowalura/venv/lib/python3.9/site-packages/airflow/example_dags/example_external_task_marker_dag.py for tasks to queue
[2022-10-27 22:22:32,048] {logging_mixin.py:115} INFO - [2022-10-27 22:22:32,048] {dagbag.py:507} INFO - Filling up the DagBag from /home/nayara/Documentos/airflowalura/venv/lib/python3.9/site-packages/airflow/example_dags/example_external_task_marker_dag.py
[2022-10-27 22:22:32,059] {processor.py:651} INFO - DAG(s) dict_keys(['example_external_task_marker_parent', 'example_external_task_marker_child']) retrieved from /home/nayara/Documentos/airflowalura/venv/lib/python3.9/site-packages/airflow/example_dags/example_external_task_marker_dag.py
[2022-10-27 22:22:32,102] {logging_mixin.py:115} INFO - [2022-10-27 22:22:32,101] {dag.py:2379} INFO - Sync 2 DAGs
[2022-10-27 22:22:32,138] {logging_mixin.py:115} INFO - [2022-10-27 22:22:32,137] {dag.py:2927} INFO - Setting next_dagrun for example_external_task_marker_child to None, run_after=None
[2022-10-27 22:22:32,138] {logging_mixin.py:115} INFO - [2022-10-27 22:22:32,138] {dag.py:2927} INFO - Setting next_dagrun for example_external_task_marker_parent to None, run_after=None
[2022-10-27 22:22:32,390] {processor.py:161} INFO - Processing /home/nayara/Documentos/airflowalura/venv/lib/python3.9/site-packages/airflow/example_dags/example_external_task_marker_dag.py took 0.360 seconds
[2022-10-27 22:23:34,424] {processor.py:153} INFO - Started process (PID=50287) to work on /home/nayara/Documentos/airflowalura/venv/lib/python3.9/site-packages/airflow/example_dags/example_external_task_marker_dag.py
[2022-10-27 22:23:34,425] {processor.py:641} INFO - Processing file /home/nayara/Documentos/airflowalura/venv/lib/python3.9/site-packages/airflow/example_dags/example_external_task_marker_dag.py for tasks to queue
[2022-10-27 22:23:34,426] {logging_mixin.py:115} INFO - [2022-10-27 22:23:34,426] {dagbag.py:507} INFO - Filling up the DagBag from /home/nayara/Documentos/airflowalura/venv/lib/python3.9/site-packages/airflow/example_dags/example_external_task_marker_dag.py
[2022-10-27 22:23:34,432] {processor.py:651} INFO - DAG(s) dict_keys(['example_external_task_marker_parent', 'example_external_task_marker_child']) retrieved from /home/nayara/Documentos/airflowalura/venv/lib/python3.9/site-packages/airflow/example_dags/example_external_task_marker_dag.py
[2022-10-27 22:23:34,463] {logging_mixin.py:115} INFO - [2022-10-27 22:23:34,463] {dag.py:2379} INFO - Sync 2 DAGs
[2022-10-27 22:23:34,488] {logging_mixin.py:115} INFO - [2022-10-27 22:23:34,488] {dag.py:2927} INFO - Setting next_dagrun for example_external_task_marker_child to None, run_after=None
[2022-10-27 22:23:34,488] {logging_mixin.py:115} INFO - [2022-10-27 22:23:34,488] {dag.py:2927} INFO - Setting next_dagrun for example_external_task_marker_parent to None, run_after=None
[2022-10-27 22:23:34,701] {processor.py:161} INFO - Processing /home/nayara/Documentos/airflowalura/venv/lib/python3.9/site-packages/airflow/example_dags/example_external_task_marker_dag.py took 0.285 seconds
[2022-10-27 22:24:41,434] {processor.py:153} INFO - Started process (PID=50442) to work on /home/nayara/Documentos/airflowalura/venv/lib/python3.9/site-packages/airflow/example_dags/example_external_task_marker_dag.py
[2022-10-27 22:24:41,459] {processor.py:641} INFO - Processing file /home/nayara/Documentos/airflowalura/venv/lib/python3.9/site-packages/airflow/example_dags/example_external_task_marker_dag.py for tasks to queue
[2022-10-27 22:24:41,461] {logging_mixin.py:115} INFO - [2022-10-27 22:24:41,460] {dagbag.py:507} INFO - Filling up the DagBag from /home/nayara/Documentos/airflowalura/venv/lib/python3.9/site-packages/airflow/example_dags/example_external_task_marker_dag.py
[2022-10-27 22:24:41,477] {processor.py:651} INFO - DAG(s) dict_keys(['example_external_task_marker_parent', 'example_external_task_marker_child']) retrieved from /home/nayara/Documentos/airflowalura/venv/lib/python3.9/site-packages/airflow/example_dags/example_external_task_marker_dag.py
[2022-10-27 22:24:41,544] {logging_mixin.py:115} INFO - [2022-10-27 22:24:41,544] {dag.py:2379} INFO - Sync 2 DAGs
[2022-10-27 22:24:41,581] {logging_mixin.py:115} INFO - [2022-10-27 22:24:41,581] {dag.py:2927} INFO - Setting next_dagrun for example_external_task_marker_child to None, run_after=None
[2022-10-27 22:24:41,581] {logging_mixin.py:115} INFO - [2022-10-27 22:24:41,581] {dag.py:2927} INFO - Setting next_dagrun for example_external_task_marker_parent to None, run_after=None
[2022-10-27 22:24:41,797] {processor.py:161} INFO - Processing /home/nayara/Documentos/airflowalura/venv/lib/python3.9/site-packages/airflow/example_dags/example_external_task_marker_dag.py took 0.376 seconds
[2022-10-27 22:26:02,225] {processor.py:153} INFO - Started process (PID=50615) to work on /home/nayara/Documentos/airflowalura/venv/lib/python3.9/site-packages/airflow/example_dags/example_external_task_marker_dag.py
[2022-10-27 22:26:02,250] {processor.py:641} INFO - Processing file /home/nayara/Documentos/airflowalura/venv/lib/python3.9/site-packages/airflow/example_dags/example_external_task_marker_dag.py for tasks to queue
[2022-10-27 22:26:02,251] {logging_mixin.py:115} INFO - [2022-10-27 22:26:02,251] {dagbag.py:507} INFO - Filling up the DagBag from /home/nayara/Documentos/airflowalura/venv/lib/python3.9/site-packages/airflow/example_dags/example_external_task_marker_dag.py
[2022-10-27 22:26:02,257] {processor.py:651} INFO - DAG(s) dict_keys(['example_external_task_marker_parent', 'example_external_task_marker_child']) retrieved from /home/nayara/Documentos/airflowalura/venv/lib/python3.9/site-packages/airflow/example_dags/example_external_task_marker_dag.py
[2022-10-27 22:26:02,300] {logging_mixin.py:115} INFO - [2022-10-27 22:26:02,300] {dag.py:2379} INFO - Sync 2 DAGs
[2022-10-27 22:26:02,347] {logging_mixin.py:115} INFO - [2022-10-27 22:26:02,347] {dag.py:2927} INFO - Setting next_dagrun for example_external_task_marker_child to None, run_after=None
[2022-10-27 22:26:02,347] {logging_mixin.py:115} INFO - [2022-10-27 22:26:02,347] {dag.py:2927} INFO - Setting next_dagrun for example_external_task_marker_parent to None, run_after=None
[2022-10-27 22:26:02,556] {processor.py:161} INFO - Processing /home/nayara/Documentos/airflowalura/venv/lib/python3.9/site-packages/airflow/example_dags/example_external_task_marker_dag.py took 0.336 seconds
[2022-10-27 22:26:55,451] {processor.py:153} INFO - Started process (PID=50742) to work on /home/nayara/Documentos/airflowalura/venv/lib/python3.9/site-packages/airflow/example_dags/example_external_task_marker_dag.py
[2022-10-27 22:26:55,481] {processor.py:641} INFO - Processing file /home/nayara/Documentos/airflowalura/venv/lib/python3.9/site-packages/airflow/example_dags/example_external_task_marker_dag.py for tasks to queue
[2022-10-27 22:26:55,485] {logging_mixin.py:115} INFO - [2022-10-27 22:26:55,484] {dagbag.py:507} INFO - Filling up the DagBag from /home/nayara/Documentos/airflowalura/venv/lib/python3.9/site-packages/airflow/example_dags/example_external_task_marker_dag.py
[2022-10-27 22:26:55,511] {processor.py:651} INFO - DAG(s) dict_keys(['example_external_task_marker_parent', 'example_external_task_marker_child']) retrieved from /home/nayara/Documentos/airflowalura/venv/lib/python3.9/site-packages/airflow/example_dags/example_external_task_marker_dag.py
[2022-10-27 22:26:55,579] {logging_mixin.py:115} INFO - [2022-10-27 22:26:55,579] {dag.py:2379} INFO - Sync 2 DAGs
[2022-10-27 22:26:55,625] {logging_mixin.py:115} INFO - [2022-10-27 22:26:55,625] {dag.py:2927} INFO - Setting next_dagrun for example_external_task_marker_child to None, run_after=None
[2022-10-27 22:26:55,627] {logging_mixin.py:115} INFO - [2022-10-27 22:26:55,626] {dag.py:2927} INFO - Setting next_dagrun for example_external_task_marker_parent to None, run_after=None
[2022-10-27 22:26:56,034] {processor.py:161} INFO - Processing /home/nayara/Documentos/airflowalura/venv/lib/python3.9/site-packages/airflow/example_dags/example_external_task_marker_dag.py took 0.588 seconds
[2022-10-27 22:28:00,363] {processor.py:153} INFO - Started process (PID=50956) to work on /home/nayara/Documentos/airflowalura/venv/lib/python3.9/site-packages/airflow/example_dags/example_external_task_marker_dag.py
[2022-10-27 22:28:00,450] {processor.py:641} INFO - Processing file /home/nayara/Documentos/airflowalura/venv/lib/python3.9/site-packages/airflow/example_dags/example_external_task_marker_dag.py for tasks to queue
[2022-10-27 22:28:00,454] {logging_mixin.py:115} INFO - [2022-10-27 22:28:00,454] {dagbag.py:507} INFO - Filling up the DagBag from /home/nayara/Documentos/airflowalura/venv/lib/python3.9/site-packages/airflow/example_dags/example_external_task_marker_dag.py
[2022-10-27 22:28:00,528] {processor.py:651} INFO - DAG(s) dict_keys(['example_external_task_marker_parent', 'example_external_task_marker_child']) retrieved from /home/nayara/Documentos/airflowalura/venv/lib/python3.9/site-packages/airflow/example_dags/example_external_task_marker_dag.py
[2022-10-27 22:28:00,585] {logging_mixin.py:115} INFO - [2022-10-27 22:28:00,585] {dag.py:2379} INFO - Sync 2 DAGs
[2022-10-27 22:28:00,623] {logging_mixin.py:115} INFO - [2022-10-27 22:28:00,623] {dag.py:2927} INFO - Setting next_dagrun for example_external_task_marker_child to None, run_after=None
[2022-10-27 22:28:00,623] {logging_mixin.py:115} INFO - [2022-10-27 22:28:00,623] {dag.py:2927} INFO - Setting next_dagrun for example_external_task_marker_parent to None, run_after=None
[2022-10-27 22:28:01,017] {processor.py:161} INFO - Processing /home/nayara/Documentos/airflowalura/venv/lib/python3.9/site-packages/airflow/example_dags/example_external_task_marker_dag.py took 0.662 seconds
[2022-10-27 22:28:53,943] {processor.py:153} INFO - Started process (PID=51081) to work on /home/nayara/Documentos/airflowalura/venv/lib/python3.9/site-packages/airflow/example_dags/example_external_task_marker_dag.py
[2022-10-27 22:28:53,970] {processor.py:641} INFO - Processing file /home/nayara/Documentos/airflowalura/venv/lib/python3.9/site-packages/airflow/example_dags/example_external_task_marker_dag.py for tasks to queue
[2022-10-27 22:28:53,973] {logging_mixin.py:115} INFO - [2022-10-27 22:28:53,972] {dagbag.py:507} INFO - Filling up the DagBag from /home/nayara/Documentos/airflowalura/venv/lib/python3.9/site-packages/airflow/example_dags/example_external_task_marker_dag.py
[2022-10-27 22:28:53,988] {processor.py:651} INFO - DAG(s) dict_keys(['example_external_task_marker_parent', 'example_external_task_marker_child']) retrieved from /home/nayara/Documentos/airflowalura/venv/lib/python3.9/site-packages/airflow/example_dags/example_external_task_marker_dag.py
[2022-10-27 22:28:54,057] {logging_mixin.py:115} INFO - [2022-10-27 22:28:54,057] {dag.py:2379} INFO - Sync 2 DAGs
[2022-10-27 22:28:54,104] {logging_mixin.py:115} INFO - [2022-10-27 22:28:54,103] {dag.py:2927} INFO - Setting next_dagrun for example_external_task_marker_child to None, run_after=None
[2022-10-27 22:28:54,105] {logging_mixin.py:115} INFO - [2022-10-27 22:28:54,105] {dag.py:2927} INFO - Setting next_dagrun for example_external_task_marker_parent to None, run_after=None
[2022-10-27 22:28:54,570] {processor.py:161} INFO - Processing /home/nayara/Documentos/airflowalura/venv/lib/python3.9/site-packages/airflow/example_dags/example_external_task_marker_dag.py took 0.647 seconds
[2022-10-27 22:29:44,766] {processor.py:153} INFO - Started process (PID=51180) to work on /home/nayara/Documentos/airflowalura/venv/lib/python3.9/site-packages/airflow/example_dags/example_external_task_marker_dag.py
[2022-10-27 22:29:44,780] {processor.py:641} INFO - Processing file /home/nayara/Documentos/airflowalura/venv/lib/python3.9/site-packages/airflow/example_dags/example_external_task_marker_dag.py for tasks to queue
[2022-10-27 22:29:44,781] {logging_mixin.py:115} INFO - [2022-10-27 22:29:44,780] {dagbag.py:507} INFO - Filling up the DagBag from /home/nayara/Documentos/airflowalura/venv/lib/python3.9/site-packages/airflow/example_dags/example_external_task_marker_dag.py
[2022-10-27 22:29:44,789] {processor.py:651} INFO - DAG(s) dict_keys(['example_external_task_marker_parent', 'example_external_task_marker_child']) retrieved from /home/nayara/Documentos/airflowalura/venv/lib/python3.9/site-packages/airflow/example_dags/example_external_task_marker_dag.py
[2022-10-27 22:29:44,824] {logging_mixin.py:115} INFO - [2022-10-27 22:29:44,824] {dag.py:2379} INFO - Sync 2 DAGs
[2022-10-27 22:29:44,847] {logging_mixin.py:115} INFO - [2022-10-27 22:29:44,846] {dag.py:2927} INFO - Setting next_dagrun for example_external_task_marker_child to None, run_after=None
[2022-10-27 22:29:44,847] {logging_mixin.py:115} INFO - [2022-10-27 22:29:44,847] {dag.py:2927} INFO - Setting next_dagrun for example_external_task_marker_parent to None, run_after=None
[2022-10-27 22:29:45,048] {processor.py:161} INFO - Processing /home/nayara/Documentos/airflowalura/venv/lib/python3.9/site-packages/airflow/example_dags/example_external_task_marker_dag.py took 0.294 seconds
[2022-10-27 22:30:45,294] {processor.py:153} INFO - Started process (PID=51284) to work on /home/nayara/Documentos/airflowalura/venv/lib/python3.9/site-packages/airflow/example_dags/example_external_task_marker_dag.py
[2022-10-27 22:30:45,296] {processor.py:641} INFO - Processing file /home/nayara/Documentos/airflowalura/venv/lib/python3.9/site-packages/airflow/example_dags/example_external_task_marker_dag.py for tasks to queue
[2022-10-27 22:30:45,297] {logging_mixin.py:115} INFO - [2022-10-27 22:30:45,297] {dagbag.py:507} INFO - Filling up the DagBag from /home/nayara/Documentos/airflowalura/venv/lib/python3.9/site-packages/airflow/example_dags/example_external_task_marker_dag.py
[2022-10-27 22:30:45,305] {processor.py:651} INFO - DAG(s) dict_keys(['example_external_task_marker_parent', 'example_external_task_marker_child']) retrieved from /home/nayara/Documentos/airflowalura/venv/lib/python3.9/site-packages/airflow/example_dags/example_external_task_marker_dag.py
[2022-10-27 22:30:45,339] {logging_mixin.py:115} INFO - [2022-10-27 22:30:45,339] {dag.py:2379} INFO - Sync 2 DAGs
[2022-10-27 22:30:45,363] {logging_mixin.py:115} INFO - [2022-10-27 22:30:45,363] {dag.py:2927} INFO - Setting next_dagrun for example_external_task_marker_child to None, run_after=None
[2022-10-27 22:30:45,364] {logging_mixin.py:115} INFO - [2022-10-27 22:30:45,364] {dag.py:2927} INFO - Setting next_dagrun for example_external_task_marker_parent to None, run_after=None
[2022-10-27 22:30:45,567] {processor.py:161} INFO - Processing /home/nayara/Documentos/airflowalura/venv/lib/python3.9/site-packages/airflow/example_dags/example_external_task_marker_dag.py took 0.286 seconds
[2022-10-27 22:32:18,094] {processor.py:153} INFO - Started process (PID=51498) to work on /home/nayara/Documentos/airflowalura/venv/lib/python3.9/site-packages/airflow/example_dags/example_external_task_marker_dag.py
[2022-10-27 22:32:18,125] {processor.py:641} INFO - Processing file /home/nayara/Documentos/airflowalura/venv/lib/python3.9/site-packages/airflow/example_dags/example_external_task_marker_dag.py for tasks to queue
[2022-10-27 22:32:18,129] {logging_mixin.py:115} INFO - [2022-10-27 22:32:18,128] {dagbag.py:507} INFO - Filling up the DagBag from /home/nayara/Documentos/airflowalura/venv/lib/python3.9/site-packages/airflow/example_dags/example_external_task_marker_dag.py
[2022-10-27 22:32:18,151] {processor.py:651} INFO - DAG(s) dict_keys(['example_external_task_marker_parent', 'example_external_task_marker_child']) retrieved from /home/nayara/Documentos/airflowalura/venv/lib/python3.9/site-packages/airflow/example_dags/example_external_task_marker_dag.py
[2022-10-27 22:32:18,231] {logging_mixin.py:115} INFO - [2022-10-27 22:32:18,231] {dag.py:2379} INFO - Sync 2 DAGs
[2022-10-27 22:32:18,437] {logging_mixin.py:115} INFO - [2022-10-27 22:32:18,437] {dag.py:2927} INFO - Setting next_dagrun for example_external_task_marker_child to None, run_after=None
[2022-10-27 22:32:18,437] {logging_mixin.py:115} INFO - [2022-10-27 22:32:18,437] {dag.py:2927} INFO - Setting next_dagrun for example_external_task_marker_parent to None, run_after=None
[2022-10-27 22:32:18,926] {processor.py:161} INFO - Processing /home/nayara/Documentos/airflowalura/venv/lib/python3.9/site-packages/airflow/example_dags/example_external_task_marker_dag.py took 0.837 seconds
[2022-10-27 22:33:24,429] {processor.py:153} INFO - Started process (PID=51645) to work on /home/nayara/Documentos/airflowalura/venv/lib/python3.9/site-packages/airflow/example_dags/example_external_task_marker_dag.py
[2022-10-27 22:33:24,521] {processor.py:641} INFO - Processing file /home/nayara/Documentos/airflowalura/venv/lib/python3.9/site-packages/airflow/example_dags/example_external_task_marker_dag.py for tasks to queue
[2022-10-27 22:33:24,524] {logging_mixin.py:115} INFO - [2022-10-27 22:33:24,523] {dagbag.py:507} INFO - Filling up the DagBag from /home/nayara/Documentos/airflowalura/venv/lib/python3.9/site-packages/airflow/example_dags/example_external_task_marker_dag.py
[2022-10-27 22:33:24,548] {processor.py:651} INFO - DAG(s) dict_keys(['example_external_task_marker_parent', 'example_external_task_marker_child']) retrieved from /home/nayara/Documentos/airflowalura/venv/lib/python3.9/site-packages/airflow/example_dags/example_external_task_marker_dag.py
[2022-10-27 22:33:24,603] {logging_mixin.py:115} INFO - [2022-10-27 22:33:24,603] {dag.py:2379} INFO - Sync 2 DAGs
[2022-10-27 22:33:24,629] {logging_mixin.py:115} INFO - [2022-10-27 22:33:24,629] {dag.py:2927} INFO - Setting next_dagrun for example_external_task_marker_child to None, run_after=None
[2022-10-27 22:33:24,630] {logging_mixin.py:115} INFO - [2022-10-27 22:33:24,629] {dag.py:2927} INFO - Setting next_dagrun for example_external_task_marker_parent to None, run_after=None
[2022-10-27 22:33:25,000] {processor.py:161} INFO - Processing /home/nayara/Documentos/airflowalura/venv/lib/python3.9/site-packages/airflow/example_dags/example_external_task_marker_dag.py took 0.576 seconds
[2022-10-27 22:34:22,951] {processor.py:153} INFO - Started process (PID=51752) to work on /home/nayara/Documentos/airflowalura/venv/lib/python3.9/site-packages/airflow/example_dags/example_external_task_marker_dag.py
[2022-10-27 22:34:22,977] {processor.py:641} INFO - Processing file /home/nayara/Documentos/airflowalura/venv/lib/python3.9/site-packages/airflow/example_dags/example_external_task_marker_dag.py for tasks to queue
[2022-10-27 22:34:22,980] {logging_mixin.py:115} INFO - [2022-10-27 22:34:22,979] {dagbag.py:507} INFO - Filling up the DagBag from /home/nayara/Documentos/airflowalura/venv/lib/python3.9/site-packages/airflow/example_dags/example_external_task_marker_dag.py
[2022-10-27 22:34:22,999] {processor.py:651} INFO - DAG(s) dict_keys(['example_external_task_marker_parent', 'example_external_task_marker_child']) retrieved from /home/nayara/Documentos/airflowalura/venv/lib/python3.9/site-packages/airflow/example_dags/example_external_task_marker_dag.py
[2022-10-27 22:34:23,037] {logging_mixin.py:115} INFO - [2022-10-27 22:34:23,037] {dag.py:2379} INFO - Sync 2 DAGs
[2022-10-27 22:34:23,059] {logging_mixin.py:115} INFO - [2022-10-27 22:34:23,059] {dag.py:2927} INFO - Setting next_dagrun for example_external_task_marker_child to None, run_after=None
[2022-10-27 22:34:23,059] {logging_mixin.py:115} INFO - [2022-10-27 22:34:23,059] {dag.py:2927} INFO - Setting next_dagrun for example_external_task_marker_parent to None, run_after=None
[2022-10-27 22:34:23,285] {processor.py:161} INFO - Processing /home/nayara/Documentos/airflowalura/venv/lib/python3.9/site-packages/airflow/example_dags/example_external_task_marker_dag.py took 0.342 seconds
[2022-10-27 22:35:20,629] {processor.py:153} INFO - Started process (PID=51838) to work on /home/nayara/Documentos/airflowalura/venv/lib/python3.9/site-packages/airflow/example_dags/example_external_task_marker_dag.py
[2022-10-27 22:35:20,646] {processor.py:641} INFO - Processing file /home/nayara/Documentos/airflowalura/venv/lib/python3.9/site-packages/airflow/example_dags/example_external_task_marker_dag.py for tasks to queue
[2022-10-27 22:35:20,648] {logging_mixin.py:115} INFO - [2022-10-27 22:35:20,647] {dagbag.py:507} INFO - Filling up the DagBag from /home/nayara/Documentos/airflowalura/venv/lib/python3.9/site-packages/airflow/example_dags/example_external_task_marker_dag.py
[2022-10-27 22:35:20,659] {processor.py:651} INFO - DAG(s) dict_keys(['example_external_task_marker_parent', 'example_external_task_marker_child']) retrieved from /home/nayara/Documentos/airflowalura/venv/lib/python3.9/site-packages/airflow/example_dags/example_external_task_marker_dag.py
[2022-10-27 22:35:20,696] {logging_mixin.py:115} INFO - [2022-10-27 22:35:20,696] {dag.py:2379} INFO - Sync 2 DAGs
[2022-10-27 22:35:20,717] {logging_mixin.py:115} INFO - [2022-10-27 22:35:20,717] {dag.py:2927} INFO - Setting next_dagrun for example_external_task_marker_child to None, run_after=None
[2022-10-27 22:35:20,717] {logging_mixin.py:115} INFO - [2022-10-27 22:35:20,717] {dag.py:2927} INFO - Setting next_dagrun for example_external_task_marker_parent to None, run_after=None
[2022-10-27 22:35:20,941] {processor.py:161} INFO - Processing /home/nayara/Documentos/airflowalura/venv/lib/python3.9/site-packages/airflow/example_dags/example_external_task_marker_dag.py took 0.325 seconds
[2022-10-27 22:36:23,631] {processor.py:153} INFO - Started process (PID=51965) to work on /home/nayara/Documentos/airflowalura/venv/lib/python3.9/site-packages/airflow/example_dags/example_external_task_marker_dag.py
[2022-10-27 22:36:23,656] {processor.py:641} INFO - Processing file /home/nayara/Documentos/airflowalura/venv/lib/python3.9/site-packages/airflow/example_dags/example_external_task_marker_dag.py for tasks to queue
[2022-10-27 22:36:23,659] {logging_mixin.py:115} INFO - [2022-10-27 22:36:23,659] {dagbag.py:507} INFO - Filling up the DagBag from /home/nayara/Documentos/airflowalura/venv/lib/python3.9/site-packages/airflow/example_dags/example_external_task_marker_dag.py
[2022-10-27 22:36:23,676] {processor.py:651} INFO - DAG(s) dict_keys(['example_external_task_marker_parent', 'example_external_task_marker_child']) retrieved from /home/nayara/Documentos/airflowalura/venv/lib/python3.9/site-packages/airflow/example_dags/example_external_task_marker_dag.py
[2022-10-27 22:36:23,753] {logging_mixin.py:115} INFO - [2022-10-27 22:36:23,753] {dag.py:2379} INFO - Sync 2 DAGs
[2022-10-27 22:36:23,784] {logging_mixin.py:115} INFO - [2022-10-27 22:36:23,783] {dag.py:2927} INFO - Setting next_dagrun for example_external_task_marker_child to None, run_after=None
[2022-10-27 22:36:23,784] {logging_mixin.py:115} INFO - [2022-10-27 22:36:23,784] {dag.py:2927} INFO - Setting next_dagrun for example_external_task_marker_parent to None, run_after=None
[2022-10-27 22:36:24,025] {processor.py:161} INFO - Processing /home/nayara/Documentos/airflowalura/venv/lib/python3.9/site-packages/airflow/example_dags/example_external_task_marker_dag.py took 0.405 seconds
[2022-10-27 22:38:15,484] {processor.py:153} INFO - Started process (PID=52443) to work on /home/nayara/Documentos/airflowalura/venv/lib/python3.9/site-packages/airflow/example_dags/example_external_task_marker_dag.py
[2022-10-27 22:38:15,593] {processor.py:641} INFO - Processing file /home/nayara/Documentos/airflowalura/venv/lib/python3.9/site-packages/airflow/example_dags/example_external_task_marker_dag.py for tasks to queue
[2022-10-27 22:38:15,595] {logging_mixin.py:115} INFO - [2022-10-27 22:38:15,595] {dagbag.py:507} INFO - Filling up the DagBag from /home/nayara/Documentos/airflowalura/venv/lib/python3.9/site-packages/airflow/example_dags/example_external_task_marker_dag.py
[2022-10-27 22:38:15,693] {processor.py:651} INFO - DAG(s) dict_keys(['example_external_task_marker_parent', 'example_external_task_marker_child']) retrieved from /home/nayara/Documentos/airflowalura/venv/lib/python3.9/site-packages/airflow/example_dags/example_external_task_marker_dag.py
[2022-10-27 22:38:20,033] {logging_mixin.py:115} INFO - [2022-10-27 22:38:20,033] {dag.py:2379} INFO - Sync 2 DAGs
[2022-10-27 22:38:20,075] {logging_mixin.py:115} INFO - [2022-10-27 22:38:20,075] {dag.py:2927} INFO - Setting next_dagrun for example_external_task_marker_child to None, run_after=None
[2022-10-27 22:38:20,075] {logging_mixin.py:115} INFO - [2022-10-27 22:38:20,075] {dag.py:2927} INFO - Setting next_dagrun for example_external_task_marker_parent to None, run_after=None
[2022-10-27 22:38:20,263] {processor.py:161} INFO - Processing /home/nayara/Documentos/airflowalura/venv/lib/python3.9/site-packages/airflow/example_dags/example_external_task_marker_dag.py took 4.783 seconds
[2022-10-27 22:39:25,083] {processor.py:153} INFO - Started process (PID=52606) to work on /home/nayara/Documentos/airflowalura/venv/lib/python3.9/site-packages/airflow/example_dags/example_external_task_marker_dag.py
[2022-10-27 22:39:25,110] {processor.py:641} INFO - Processing file /home/nayara/Documentos/airflowalura/venv/lib/python3.9/site-packages/airflow/example_dags/example_external_task_marker_dag.py for tasks to queue
[2022-10-27 22:39:25,114] {logging_mixin.py:115} INFO - [2022-10-27 22:39:25,113] {dagbag.py:507} INFO - Filling up the DagBag from /home/nayara/Documentos/airflowalura/venv/lib/python3.9/site-packages/airflow/example_dags/example_external_task_marker_dag.py
[2022-10-27 22:39:25,142] {processor.py:651} INFO - DAG(s) dict_keys(['example_external_task_marker_parent', 'example_external_task_marker_child']) retrieved from /home/nayara/Documentos/airflowalura/venv/lib/python3.9/site-packages/airflow/example_dags/example_external_task_marker_dag.py
[2022-10-27 22:39:25,204] {logging_mixin.py:115} INFO - [2022-10-27 22:39:25,204] {dag.py:2379} INFO - Sync 2 DAGs
[2022-10-27 22:39:25,230] {logging_mixin.py:115} INFO - [2022-10-27 22:39:25,230] {dag.py:2927} INFO - Setting next_dagrun for example_external_task_marker_child to None, run_after=None
[2022-10-27 22:39:25,230] {logging_mixin.py:115} INFO - [2022-10-27 22:39:25,230] {dag.py:2927} INFO - Setting next_dagrun for example_external_task_marker_parent to None, run_after=None
[2022-10-27 22:39:25,462] {processor.py:161} INFO - Processing /home/nayara/Documentos/airflowalura/venv/lib/python3.9/site-packages/airflow/example_dags/example_external_task_marker_dag.py took 0.394 seconds
[2022-10-27 22:41:27,565] {processor.py:153} INFO - Started process (PID=52836) to work on /home/nayara/Documentos/airflowalura/venv/lib/python3.9/site-packages/airflow/example_dags/example_external_task_marker_dag.py
[2022-10-27 22:41:27,594] {processor.py:641} INFO - Processing file /home/nayara/Documentos/airflowalura/venv/lib/python3.9/site-packages/airflow/example_dags/example_external_task_marker_dag.py for tasks to queue
[2022-10-27 22:41:27,600] {logging_mixin.py:115} INFO - [2022-10-27 22:41:27,599] {dagbag.py:507} INFO - Filling up the DagBag from /home/nayara/Documentos/airflowalura/venv/lib/python3.9/site-packages/airflow/example_dags/example_external_task_marker_dag.py
[2022-10-27 22:41:27,654] {processor.py:651} INFO - DAG(s) dict_keys(['example_external_task_marker_parent', 'example_external_task_marker_child']) retrieved from /home/nayara/Documentos/airflowalura/venv/lib/python3.9/site-packages/airflow/example_dags/example_external_task_marker_dag.py
[2022-10-27 22:41:27,720] {logging_mixin.py:115} INFO - [2022-10-27 22:41:27,720] {dag.py:2379} INFO - Sync 2 DAGs
[2022-10-27 22:41:27,746] {logging_mixin.py:115} INFO - [2022-10-27 22:41:27,746] {dag.py:2927} INFO - Setting next_dagrun for example_external_task_marker_child to None, run_after=None
[2022-10-27 22:41:27,747] {logging_mixin.py:115} INFO - [2022-10-27 22:41:27,747] {dag.py:2927} INFO - Setting next_dagrun for example_external_task_marker_parent to None, run_after=None
[2022-10-27 22:41:27,951] {processor.py:161} INFO - Processing /home/nayara/Documentos/airflowalura/venv/lib/python3.9/site-packages/airflow/example_dags/example_external_task_marker_dag.py took 0.400 seconds
[2022-10-27 22:42:30,875] {processor.py:153} INFO - Started process (PID=52980) to work on /home/nayara/Documentos/airflowalura/venv/lib/python3.9/site-packages/airflow/example_dags/example_external_task_marker_dag.py
[2022-10-27 22:42:30,909] {processor.py:641} INFO - Processing file /home/nayara/Documentos/airflowalura/venv/lib/python3.9/site-packages/airflow/example_dags/example_external_task_marker_dag.py for tasks to queue
[2022-10-27 22:42:30,911] {logging_mixin.py:115} INFO - [2022-10-27 22:42:30,911] {dagbag.py:507} INFO - Filling up the DagBag from /home/nayara/Documentos/airflowalura/venv/lib/python3.9/site-packages/airflow/example_dags/example_external_task_marker_dag.py
[2022-10-27 22:42:30,921] {processor.py:651} INFO - DAG(s) dict_keys(['example_external_task_marker_parent', 'example_external_task_marker_child']) retrieved from /home/nayara/Documentos/airflowalura/venv/lib/python3.9/site-packages/airflow/example_dags/example_external_task_marker_dag.py
[2022-10-27 22:42:30,961] {logging_mixin.py:115} INFO - [2022-10-27 22:42:30,961] {dag.py:2379} INFO - Sync 2 DAGs
[2022-10-27 22:42:30,988] {logging_mixin.py:115} INFO - [2022-10-27 22:42:30,988] {dag.py:2927} INFO - Setting next_dagrun for example_external_task_marker_child to None, run_after=None
[2022-10-27 22:42:30,988] {logging_mixin.py:115} INFO - [2022-10-27 22:42:30,988] {dag.py:2927} INFO - Setting next_dagrun for example_external_task_marker_parent to None, run_after=None
[2022-10-27 22:42:31,440] {processor.py:161} INFO - Processing /home/nayara/Documentos/airflowalura/venv/lib/python3.9/site-packages/airflow/example_dags/example_external_task_marker_dag.py took 0.576 seconds
[2022-10-27 22:43:23,238] {processor.py:153} INFO - Started process (PID=53087) to work on /home/nayara/Documentos/airflowalura/venv/lib/python3.9/site-packages/airflow/example_dags/example_external_task_marker_dag.py
[2022-10-27 22:43:23,258] {processor.py:641} INFO - Processing file /home/nayara/Documentos/airflowalura/venv/lib/python3.9/site-packages/airflow/example_dags/example_external_task_marker_dag.py for tasks to queue
[2022-10-27 22:43:23,260] {logging_mixin.py:115} INFO - [2022-10-27 22:43:23,260] {dagbag.py:507} INFO - Filling up the DagBag from /home/nayara/Documentos/airflowalura/venv/lib/python3.9/site-packages/airflow/example_dags/example_external_task_marker_dag.py
[2022-10-27 22:43:23,284] {processor.py:651} INFO - DAG(s) dict_keys(['example_external_task_marker_parent', 'example_external_task_marker_child']) retrieved from /home/nayara/Documentos/airflowalura/venv/lib/python3.9/site-packages/airflow/example_dags/example_external_task_marker_dag.py
[2022-10-27 22:43:23,354] {logging_mixin.py:115} INFO - [2022-10-27 22:43:23,354] {dag.py:2379} INFO - Sync 2 DAGs
[2022-10-27 22:43:23,380] {logging_mixin.py:115} INFO - [2022-10-27 22:43:23,380] {dag.py:2927} INFO - Setting next_dagrun for example_external_task_marker_child to None, run_after=None
[2022-10-27 22:43:23,381] {logging_mixin.py:115} INFO - [2022-10-27 22:43:23,381] {dag.py:2927} INFO - Setting next_dagrun for example_external_task_marker_parent to None, run_after=None
[2022-10-27 22:43:23,863] {processor.py:161} INFO - Processing /home/nayara/Documentos/airflowalura/venv/lib/python3.9/site-packages/airflow/example_dags/example_external_task_marker_dag.py took 0.635 seconds
[2022-10-27 22:44:27,265] {processor.py:153} INFO - Started process (PID=53208) to work on /home/nayara/Documentos/airflowalura/venv/lib/python3.9/site-packages/airflow/example_dags/example_external_task_marker_dag.py
[2022-10-27 22:44:27,266] {processor.py:641} INFO - Processing file /home/nayara/Documentos/airflowalura/venv/lib/python3.9/site-packages/airflow/example_dags/example_external_task_marker_dag.py for tasks to queue
[2022-10-27 22:44:27,266] {logging_mixin.py:115} INFO - [2022-10-27 22:44:27,266] {dagbag.py:507} INFO - Filling up the DagBag from /home/nayara/Documentos/airflowalura/venv/lib/python3.9/site-packages/airflow/example_dags/example_external_task_marker_dag.py
[2022-10-27 22:44:27,277] {processor.py:651} INFO - DAG(s) dict_keys(['example_external_task_marker_parent', 'example_external_task_marker_child']) retrieved from /home/nayara/Documentos/airflowalura/venv/lib/python3.9/site-packages/airflow/example_dags/example_external_task_marker_dag.py
[2022-10-27 22:44:27,322] {logging_mixin.py:115} INFO - [2022-10-27 22:44:27,322] {dag.py:2379} INFO - Sync 2 DAGs
[2022-10-27 22:44:27,353] {logging_mixin.py:115} INFO - [2022-10-27 22:44:27,353] {dag.py:2927} INFO - Setting next_dagrun for example_external_task_marker_child to None, run_after=None
[2022-10-27 22:44:27,354] {logging_mixin.py:115} INFO - [2022-10-27 22:44:27,354] {dag.py:2927} INFO - Setting next_dagrun for example_external_task_marker_parent to None, run_after=None
[2022-10-27 22:44:27,592] {processor.py:161} INFO - Processing /home/nayara/Documentos/airflowalura/venv/lib/python3.9/site-packages/airflow/example_dags/example_external_task_marker_dag.py took 0.332 seconds
[2022-10-27 22:45:32,485] {processor.py:153} INFO - Started process (PID=53403) to work on /home/nayara/Documentos/airflowalura/venv/lib/python3.9/site-packages/airflow/example_dags/example_external_task_marker_dag.py
[2022-10-27 22:45:32,495] {processor.py:641} INFO - Processing file /home/nayara/Documentos/airflowalura/venv/lib/python3.9/site-packages/airflow/example_dags/example_external_task_marker_dag.py for tasks to queue
[2022-10-27 22:45:32,497] {logging_mixin.py:115} INFO - [2022-10-27 22:45:32,496] {dagbag.py:507} INFO - Filling up the DagBag from /home/nayara/Documentos/airflowalura/venv/lib/python3.9/site-packages/airflow/example_dags/example_external_task_marker_dag.py
[2022-10-27 22:45:32,505] {processor.py:651} INFO - DAG(s) dict_keys(['example_external_task_marker_parent', 'example_external_task_marker_child']) retrieved from /home/nayara/Documentos/airflowalura/venv/lib/python3.9/site-packages/airflow/example_dags/example_external_task_marker_dag.py
[2022-10-27 22:45:32,570] {logging_mixin.py:115} INFO - [2022-10-27 22:45:32,570] {dag.py:2379} INFO - Sync 2 DAGs
[2022-10-27 22:45:32,600] {logging_mixin.py:115} INFO - [2022-10-27 22:45:32,600] {dag.py:2927} INFO - Setting next_dagrun for example_external_task_marker_child to None, run_after=None
[2022-10-27 22:45:32,601] {logging_mixin.py:115} INFO - [2022-10-27 22:45:32,601] {dag.py:2927} INFO - Setting next_dagrun for example_external_task_marker_parent to None, run_after=None
[2022-10-27 22:45:32,925] {processor.py:161} INFO - Processing /home/nayara/Documentos/airflowalura/venv/lib/python3.9/site-packages/airflow/example_dags/example_external_task_marker_dag.py took 0.446 seconds
[2022-10-27 22:46:26,181] {processor.py:153} INFO - Started process (PID=53500) to work on /home/nayara/Documentos/airflowalura/venv/lib/python3.9/site-packages/airflow/example_dags/example_external_task_marker_dag.py
[2022-10-27 22:46:26,197] {processor.py:641} INFO - Processing file /home/nayara/Documentos/airflowalura/venv/lib/python3.9/site-packages/airflow/example_dags/example_external_task_marker_dag.py for tasks to queue
[2022-10-27 22:46:26,198] {logging_mixin.py:115} INFO - [2022-10-27 22:46:26,198] {dagbag.py:507} INFO - Filling up the DagBag from /home/nayara/Documentos/airflowalura/venv/lib/python3.9/site-packages/airflow/example_dags/example_external_task_marker_dag.py
[2022-10-27 22:46:26,209] {processor.py:651} INFO - DAG(s) dict_keys(['example_external_task_marker_parent', 'example_external_task_marker_child']) retrieved from /home/nayara/Documentos/airflowalura/venv/lib/python3.9/site-packages/airflow/example_dags/example_external_task_marker_dag.py
[2022-10-27 22:46:26,257] {logging_mixin.py:115} INFO - [2022-10-27 22:46:26,257] {dag.py:2379} INFO - Sync 2 DAGs
[2022-10-27 22:46:26,283] {logging_mixin.py:115} INFO - [2022-10-27 22:46:26,283] {dag.py:2927} INFO - Setting next_dagrun for example_external_task_marker_child to None, run_after=None
[2022-10-27 22:46:26,284] {logging_mixin.py:115} INFO - [2022-10-27 22:46:26,284] {dag.py:2927} INFO - Setting next_dagrun for example_external_task_marker_parent to None, run_after=None
[2022-10-27 22:46:26,542] {processor.py:161} INFO - Processing /home/nayara/Documentos/airflowalura/venv/lib/python3.9/site-packages/airflow/example_dags/example_external_task_marker_dag.py took 0.373 seconds
[2022-10-27 22:47:37,952] {processor.py:153} INFO - Started process (PID=53679) to work on /home/nayara/Documentos/airflowalura/venv/lib/python3.9/site-packages/airflow/example_dags/example_external_task_marker_dag.py
[2022-10-27 22:47:37,954] {processor.py:641} INFO - Processing file /home/nayara/Documentos/airflowalura/venv/lib/python3.9/site-packages/airflow/example_dags/example_external_task_marker_dag.py for tasks to queue
[2022-10-27 22:47:37,955] {logging_mixin.py:115} INFO - [2022-10-27 22:47:37,955] {dagbag.py:507} INFO - Filling up the DagBag from /home/nayara/Documentos/airflowalura/venv/lib/python3.9/site-packages/airflow/example_dags/example_external_task_marker_dag.py
[2022-10-27 22:47:37,964] {processor.py:651} INFO - DAG(s) dict_keys(['example_external_task_marker_parent', 'example_external_task_marker_child']) retrieved from /home/nayara/Documentos/airflowalura/venv/lib/python3.9/site-packages/airflow/example_dags/example_external_task_marker_dag.py
[2022-10-27 22:47:38,026] {logging_mixin.py:115} INFO - [2022-10-27 22:47:38,026] {dag.py:2379} INFO - Sync 2 DAGs
[2022-10-27 22:47:38,060] {logging_mixin.py:115} INFO - [2022-10-27 22:47:38,060] {dag.py:2927} INFO - Setting next_dagrun for example_external_task_marker_child to None, run_after=None
[2022-10-27 22:47:38,061] {logging_mixin.py:115} INFO - [2022-10-27 22:47:38,061] {dag.py:2927} INFO - Setting next_dagrun for example_external_task_marker_parent to None, run_after=None
[2022-10-27 22:47:38,337] {processor.py:161} INFO - Processing /home/nayara/Documentos/airflowalura/venv/lib/python3.9/site-packages/airflow/example_dags/example_external_task_marker_dag.py took 0.393 seconds
[2022-10-27 22:48:46,746] {processor.py:153} INFO - Started process (PID=53816) to work on /home/nayara/Documentos/airflowalura/venv/lib/python3.9/site-packages/airflow/example_dags/example_external_task_marker_dag.py
[2022-10-27 22:48:46,749] {processor.py:641} INFO - Processing file /home/nayara/Documentos/airflowalura/venv/lib/python3.9/site-packages/airflow/example_dags/example_external_task_marker_dag.py for tasks to queue
[2022-10-27 22:48:46,752] {logging_mixin.py:115} INFO - [2022-10-27 22:48:46,751] {dagbag.py:507} INFO - Filling up the DagBag from /home/nayara/Documentos/airflowalura/venv/lib/python3.9/site-packages/airflow/example_dags/example_external_task_marker_dag.py
[2022-10-27 22:48:46,769] {processor.py:651} INFO - DAG(s) dict_keys(['example_external_task_marker_parent', 'example_external_task_marker_child']) retrieved from /home/nayara/Documentos/airflowalura/venv/lib/python3.9/site-packages/airflow/example_dags/example_external_task_marker_dag.py
[2022-10-27 22:48:46,813] {logging_mixin.py:115} INFO - [2022-10-27 22:48:46,813] {dag.py:2379} INFO - Sync 2 DAGs
[2022-10-27 22:48:46,841] {logging_mixin.py:115} INFO - [2022-10-27 22:48:46,841] {dag.py:2927} INFO - Setting next_dagrun for example_external_task_marker_child to None, run_after=None
[2022-10-27 22:48:46,841] {logging_mixin.py:115} INFO - [2022-10-27 22:48:46,841] {dag.py:2927} INFO - Setting next_dagrun for example_external_task_marker_parent to None, run_after=None
[2022-10-27 22:48:47,118] {processor.py:161} INFO - Processing /home/nayara/Documentos/airflowalura/venv/lib/python3.9/site-packages/airflow/example_dags/example_external_task_marker_dag.py took 0.392 seconds
[2022-10-27 22:49:50,337] {processor.py:153} INFO - Started process (PID=53941) to work on /home/nayara/Documentos/airflowalura/venv/lib/python3.9/site-packages/airflow/example_dags/example_external_task_marker_dag.py
[2022-10-27 22:49:50,351] {processor.py:641} INFO - Processing file /home/nayara/Documentos/airflowalura/venv/lib/python3.9/site-packages/airflow/example_dags/example_external_task_marker_dag.py for tasks to queue
[2022-10-27 22:49:50,355] {logging_mixin.py:115} INFO - [2022-10-27 22:49:50,354] {dagbag.py:507} INFO - Filling up the DagBag from /home/nayara/Documentos/airflowalura/venv/lib/python3.9/site-packages/airflow/example_dags/example_external_task_marker_dag.py
[2022-10-27 22:49:50,380] {processor.py:651} INFO - DAG(s) dict_keys(['example_external_task_marker_parent', 'example_external_task_marker_child']) retrieved from /home/nayara/Documentos/airflowalura/venv/lib/python3.9/site-packages/airflow/example_dags/example_external_task_marker_dag.py
[2022-10-27 22:49:50,427] {logging_mixin.py:115} INFO - [2022-10-27 22:49:50,427] {dag.py:2379} INFO - Sync 2 DAGs
[2022-10-27 22:49:50,453] {logging_mixin.py:115} INFO - [2022-10-27 22:49:50,453] {dag.py:2927} INFO - Setting next_dagrun for example_external_task_marker_child to None, run_after=None
[2022-10-27 22:49:50,453] {logging_mixin.py:115} INFO - [2022-10-27 22:49:50,453] {dag.py:2927} INFO - Setting next_dagrun for example_external_task_marker_parent to None, run_after=None
[2022-10-27 22:49:50,687] {processor.py:161} INFO - Processing /home/nayara/Documentos/airflowalura/venv/lib/python3.9/site-packages/airflow/example_dags/example_external_task_marker_dag.py took 0.367 seconds
[2022-10-27 22:50:57,966] {processor.py:153} INFO - Started process (PID=54065) to work on /home/nayara/Documentos/airflowalura/venv/lib/python3.9/site-packages/airflow/example_dags/example_external_task_marker_dag.py
[2022-10-27 22:50:57,974] {processor.py:641} INFO - Processing file /home/nayara/Documentos/airflowalura/venv/lib/python3.9/site-packages/airflow/example_dags/example_external_task_marker_dag.py for tasks to queue
[2022-10-27 22:50:57,977] {logging_mixin.py:115} INFO - [2022-10-27 22:50:57,977] {dagbag.py:507} INFO - Filling up the DagBag from /home/nayara/Documentos/airflowalura/venv/lib/python3.9/site-packages/airflow/example_dags/example_external_task_marker_dag.py
[2022-10-27 22:50:58,005] {processor.py:651} INFO - DAG(s) dict_keys(['example_external_task_marker_parent', 'example_external_task_marker_child']) retrieved from /home/nayara/Documentos/airflowalura/venv/lib/python3.9/site-packages/airflow/example_dags/example_external_task_marker_dag.py
[2022-10-27 22:50:58,052] {logging_mixin.py:115} INFO - [2022-10-27 22:50:58,052] {dag.py:2379} INFO - Sync 2 DAGs
[2022-10-27 22:50:58,081] {logging_mixin.py:115} INFO - [2022-10-27 22:50:58,081] {dag.py:2927} INFO - Setting next_dagrun for example_external_task_marker_child to None, run_after=None
[2022-10-27 22:50:58,082] {logging_mixin.py:115} INFO - [2022-10-27 22:50:58,082] {dag.py:2927} INFO - Setting next_dagrun for example_external_task_marker_parent to None, run_after=None
[2022-10-27 22:50:58,326] {processor.py:161} INFO - Processing /home/nayara/Documentos/airflowalura/venv/lib/python3.9/site-packages/airflow/example_dags/example_external_task_marker_dag.py took 0.379 seconds
[2022-10-27 22:52:17,231] {processor.py:153} INFO - Started process (PID=54218) to work on /home/nayara/Documentos/airflowalura/venv/lib/python3.9/site-packages/airflow/example_dags/example_external_task_marker_dag.py
[2022-10-27 22:52:17,249] {processor.py:641} INFO - Processing file /home/nayara/Documentos/airflowalura/venv/lib/python3.9/site-packages/airflow/example_dags/example_external_task_marker_dag.py for tasks to queue
[2022-10-27 22:52:17,251] {logging_mixin.py:115} INFO - [2022-10-27 22:52:17,251] {dagbag.py:507} INFO - Filling up the DagBag from /home/nayara/Documentos/airflowalura/venv/lib/python3.9/site-packages/airflow/example_dags/example_external_task_marker_dag.py
[2022-10-27 22:52:17,280] {processor.py:651} INFO - DAG(s) dict_keys(['example_external_task_marker_parent', 'example_external_task_marker_child']) retrieved from /home/nayara/Documentos/airflowalura/venv/lib/python3.9/site-packages/airflow/example_dags/example_external_task_marker_dag.py
[2022-10-27 22:52:17,329] {logging_mixin.py:115} INFO - [2022-10-27 22:52:17,328] {dag.py:2379} INFO - Sync 2 DAGs
[2022-10-27 22:52:17,353] {logging_mixin.py:115} INFO - [2022-10-27 22:52:17,353] {dag.py:2927} INFO - Setting next_dagrun for example_external_task_marker_child to None, run_after=None
[2022-10-27 22:52:17,354] {logging_mixin.py:115} INFO - [2022-10-27 22:52:17,354] {dag.py:2927} INFO - Setting next_dagrun for example_external_task_marker_parent to None, run_after=None
[2022-10-27 22:52:17,649] {processor.py:161} INFO - Processing /home/nayara/Documentos/airflowalura/venv/lib/python3.9/site-packages/airflow/example_dags/example_external_task_marker_dag.py took 0.435 seconds
[2022-10-27 22:53:08,276] {processor.py:153} INFO - Started process (PID=54310) to work on /home/nayara/Documentos/airflowalura/venv/lib/python3.9/site-packages/airflow/example_dags/example_external_task_marker_dag.py
[2022-10-27 22:53:08,296] {processor.py:641} INFO - Processing file /home/nayara/Documentos/airflowalura/venv/lib/python3.9/site-packages/airflow/example_dags/example_external_task_marker_dag.py for tasks to queue
[2022-10-27 22:53:08,301] {logging_mixin.py:115} INFO - [2022-10-27 22:53:08,300] {dagbag.py:507} INFO - Filling up the DagBag from /home/nayara/Documentos/airflowalura/venv/lib/python3.9/site-packages/airflow/example_dags/example_external_task_marker_dag.py
[2022-10-27 22:53:08,328] {processor.py:651} INFO - DAG(s) dict_keys(['example_external_task_marker_parent', 'example_external_task_marker_child']) retrieved from /home/nayara/Documentos/airflowalura/venv/lib/python3.9/site-packages/airflow/example_dags/example_external_task_marker_dag.py
[2022-10-27 22:53:08,385] {logging_mixin.py:115} INFO - [2022-10-27 22:53:08,384] {dag.py:2379} INFO - Sync 2 DAGs
[2022-10-27 22:53:08,414] {logging_mixin.py:115} INFO - [2022-10-27 22:53:08,414] {dag.py:2927} INFO - Setting next_dagrun for example_external_task_marker_child to None, run_after=None
[2022-10-27 22:53:08,415] {logging_mixin.py:115} INFO - [2022-10-27 22:53:08,414] {dag.py:2927} INFO - Setting next_dagrun for example_external_task_marker_parent to None, run_after=None
[2022-10-27 22:53:08,693] {processor.py:161} INFO - Processing /home/nayara/Documentos/airflowalura/venv/lib/python3.9/site-packages/airflow/example_dags/example_external_task_marker_dag.py took 0.424 seconds
[2022-10-27 22:54:15,254] {processor.py:153} INFO - Started process (PID=54450) to work on /home/nayara/Documentos/airflowalura/venv/lib/python3.9/site-packages/airflow/example_dags/example_external_task_marker_dag.py
[2022-10-27 22:54:15,267] {processor.py:641} INFO - Processing file /home/nayara/Documentos/airflowalura/venv/lib/python3.9/site-packages/airflow/example_dags/example_external_task_marker_dag.py for tasks to queue
[2022-10-27 22:54:15,269] {logging_mixin.py:115} INFO - [2022-10-27 22:54:15,269] {dagbag.py:507} INFO - Filling up the DagBag from /home/nayara/Documentos/airflowalura/venv/lib/python3.9/site-packages/airflow/example_dags/example_external_task_marker_dag.py
[2022-10-27 22:54:15,284] {processor.py:651} INFO - DAG(s) dict_keys(['example_external_task_marker_parent', 'example_external_task_marker_child']) retrieved from /home/nayara/Documentos/airflowalura/venv/lib/python3.9/site-packages/airflow/example_dags/example_external_task_marker_dag.py
[2022-10-27 22:54:15,340] {logging_mixin.py:115} INFO - [2022-10-27 22:54:15,340] {dag.py:2379} INFO - Sync 2 DAGs
[2022-10-27 22:54:15,373] {logging_mixin.py:115} INFO - [2022-10-27 22:54:15,373] {dag.py:2927} INFO - Setting next_dagrun for example_external_task_marker_child to None, run_after=None
[2022-10-27 22:54:15,374] {logging_mixin.py:115} INFO - [2022-10-27 22:54:15,374] {dag.py:2927} INFO - Setting next_dagrun for example_external_task_marker_parent to None, run_after=None
[2022-10-27 22:54:15,649] {processor.py:161} INFO - Processing /home/nayara/Documentos/airflowalura/venv/lib/python3.9/site-packages/airflow/example_dags/example_external_task_marker_dag.py took 0.414 seconds
[2022-10-27 22:55:06,087] {processor.py:153} INFO - Started process (PID=54535) to work on /home/nayara/Documentos/airflowalura/venv/lib/python3.9/site-packages/airflow/example_dags/example_external_task_marker_dag.py
[2022-10-27 22:55:06,118] {processor.py:641} INFO - Processing file /home/nayara/Documentos/airflowalura/venv/lib/python3.9/site-packages/airflow/example_dags/example_external_task_marker_dag.py for tasks to queue
[2022-10-27 22:55:06,119] {logging_mixin.py:115} INFO - [2022-10-27 22:55:06,119] {dagbag.py:507} INFO - Filling up the DagBag from /home/nayara/Documentos/airflowalura/venv/lib/python3.9/site-packages/airflow/example_dags/example_external_task_marker_dag.py
[2022-10-27 22:55:06,125] {processor.py:651} INFO - DAG(s) dict_keys(['example_external_task_marker_parent', 'example_external_task_marker_child']) retrieved from /home/nayara/Documentos/airflowalura/venv/lib/python3.9/site-packages/airflow/example_dags/example_external_task_marker_dag.py
[2022-10-27 22:55:06,156] {logging_mixin.py:115} INFO - [2022-10-27 22:55:06,156] {dag.py:2379} INFO - Sync 2 DAGs
[2022-10-27 22:55:06,177] {logging_mixin.py:115} INFO - [2022-10-27 22:55:06,177] {dag.py:2927} INFO - Setting next_dagrun for example_external_task_marker_child to None, run_after=None
[2022-10-27 22:55:06,178] {logging_mixin.py:115} INFO - [2022-10-27 22:55:06,178] {dag.py:2927} INFO - Setting next_dagrun for example_external_task_marker_parent to None, run_after=None
[2022-10-27 22:55:06,651] {processor.py:161} INFO - Processing /home/nayara/Documentos/airflowalura/venv/lib/python3.9/site-packages/airflow/example_dags/example_external_task_marker_dag.py took 0.572 seconds
[2022-10-27 22:56:00,846] {processor.py:153} INFO - Started process (PID=54654) to work on /home/nayara/Documentos/airflowalura/venv/lib/python3.9/site-packages/airflow/example_dags/example_external_task_marker_dag.py
[2022-10-27 22:56:00,851] {processor.py:641} INFO - Processing file /home/nayara/Documentos/airflowalura/venv/lib/python3.9/site-packages/airflow/example_dags/example_external_task_marker_dag.py for tasks to queue
[2022-10-27 22:56:00,853] {logging_mixin.py:115} INFO - [2022-10-27 22:56:00,853] {dagbag.py:507} INFO - Filling up the DagBag from /home/nayara/Documentos/airflowalura/venv/lib/python3.9/site-packages/airflow/example_dags/example_external_task_marker_dag.py
[2022-10-27 22:56:00,870] {processor.py:651} INFO - DAG(s) dict_keys(['example_external_task_marker_parent', 'example_external_task_marker_child']) retrieved from /home/nayara/Documentos/airflowalura/venv/lib/python3.9/site-packages/airflow/example_dags/example_external_task_marker_dag.py
[2022-10-27 22:56:00,908] {logging_mixin.py:115} INFO - [2022-10-27 22:56:00,908] {dag.py:2379} INFO - Sync 2 DAGs
[2022-10-27 22:56:00,934] {logging_mixin.py:115} INFO - [2022-10-27 22:56:00,934] {dag.py:2927} INFO - Setting next_dagrun for example_external_task_marker_child to None, run_after=None
[2022-10-27 22:56:00,934] {logging_mixin.py:115} INFO - [2022-10-27 22:56:00,934] {dag.py:2927} INFO - Setting next_dagrun for example_external_task_marker_parent to None, run_after=None
[2022-10-27 22:56:01,154] {processor.py:161} INFO - Processing /home/nayara/Documentos/airflowalura/venv/lib/python3.9/site-packages/airflow/example_dags/example_external_task_marker_dag.py took 0.330 seconds
