[2022-10-27 22:16:58,417] {processor.py:153} INFO - Started process (PID=49159) to work on /home/nayara/Documentos/airflowalura/venv/lib/python3.9/site-packages/airflow/example_dags/example_branch_operator_decorator.py
[2022-10-27 22:16:58,417] {processor.py:641} INFO - Processing file /home/nayara/Documentos/airflowalura/venv/lib/python3.9/site-packages/airflow/example_dags/example_branch_operator_decorator.py for tasks to queue
[2022-10-27 22:16:58,418] {logging_mixin.py:115} INFO - [2022-10-27 22:16:58,418] {dagbag.py:507} INFO - Filling up the DagBag from /home/nayara/Documentos/airflowalura/venv/lib/python3.9/site-packages/airflow/example_dags/example_branch_operator_decorator.py
[2022-10-27 22:16:58,623] {processor.py:651} INFO - DAG(s) dict_keys(['example_branch_python_operator_decorator']) retrieved from /home/nayara/Documentos/airflowalura/venv/lib/python3.9/site-packages/airflow/example_dags/example_branch_operator_decorator.py
[2022-10-27 22:17:00,265] {logging_mixin.py:115} INFO - [2022-10-27 22:17:00,265] {manager.py:508} INFO - Created Permission View: can read on DAG:example_branch_python_operator_decorator
[2022-10-27 22:17:01,287] {logging_mixin.py:115} INFO - [2022-10-27 22:17:01,287] {manager.py:508} INFO - Created Permission View: can delete on DAG:example_branch_python_operator_decorator
[2022-10-27 22:17:01,986] {logging_mixin.py:115} INFO - [2022-10-27 22:17:01,986] {manager.py:508} INFO - Created Permission View: can edit on DAG:example_branch_python_operator_decorator
[2022-10-27 22:17:01,987] {logging_mixin.py:115} INFO - [2022-10-27 22:17:01,987] {dag.py:2379} INFO - Sync 1 DAGs
[2022-10-27 22:17:01,998] {logging_mixin.py:115} INFO - [2022-10-27 22:17:01,998] {dag.py:2398} INFO - Creating ORM DAG for example_branch_python_operator_decorator
[2022-10-27 22:17:02,010] {logging_mixin.py:115} INFO - [2022-10-27 22:17:02,010] {dag.py:2927} INFO - Setting next_dagrun for example_branch_python_operator_decorator to 2022-10-27T00:00:00+00:00, run_after=2022-10-28T00:00:00+00:00
[2022-10-27 22:17:02,801] {processor.py:161} INFO - Processing /home/nayara/Documentos/airflowalura/venv/lib/python3.9/site-packages/airflow/example_dags/example_branch_operator_decorator.py took 4.387 seconds
[2022-10-27 22:18:16,761] {processor.py:153} INFO - Started process (PID=49303) to work on /home/nayara/Documentos/airflowalura/venv/lib/python3.9/site-packages/airflow/example_dags/example_branch_operator_decorator.py
[2022-10-27 22:18:16,763] {processor.py:641} INFO - Processing file /home/nayara/Documentos/airflowalura/venv/lib/python3.9/site-packages/airflow/example_dags/example_branch_operator_decorator.py for tasks to queue
[2022-10-27 22:18:16,764] {logging_mixin.py:115} INFO - [2022-10-27 22:18:16,764] {dagbag.py:507} INFO - Filling up the DagBag from /home/nayara/Documentos/airflowalura/venv/lib/python3.9/site-packages/airflow/example_dags/example_branch_operator_decorator.py
[2022-10-27 22:18:16,791] {processor.py:651} INFO - DAG(s) dict_keys(['example_branch_python_operator_decorator']) retrieved from /home/nayara/Documentos/airflowalura/venv/lib/python3.9/site-packages/airflow/example_dags/example_branch_operator_decorator.py
[2022-10-27 22:18:16,816] {logging_mixin.py:115} INFO - [2022-10-27 22:18:16,815] {dag.py:2379} INFO - Sync 1 DAGs
[2022-10-27 22:18:16,840] {logging_mixin.py:115} INFO - [2022-10-27 22:18:16,840] {dag.py:2927} INFO - Setting next_dagrun for example_branch_python_operator_decorator to 2022-10-27T00:00:00+00:00, run_after=2022-10-28T00:00:00+00:00
[2022-10-27 22:18:17,095] {processor.py:161} INFO - Processing /home/nayara/Documentos/airflowalura/venv/lib/python3.9/site-packages/airflow/example_dags/example_branch_operator_decorator.py took 0.342 seconds
[2022-10-27 22:19:34,318] {processor.py:153} INFO - Started process (PID=49686) to work on /home/nayara/Documentos/airflowalura/venv/lib/python3.9/site-packages/airflow/example_dags/example_branch_operator_decorator.py
[2022-10-27 22:19:34,381] {processor.py:641} INFO - Processing file /home/nayara/Documentos/airflowalura/venv/lib/python3.9/site-packages/airflow/example_dags/example_branch_operator_decorator.py for tasks to queue
[2022-10-27 22:19:34,383] {logging_mixin.py:115} INFO - [2022-10-27 22:19:34,383] {dagbag.py:507} INFO - Filling up the DagBag from /home/nayara/Documentos/airflowalura/venv/lib/python3.9/site-packages/airflow/example_dags/example_branch_operator_decorator.py
[2022-10-27 22:19:34,411] {processor.py:651} INFO - DAG(s) dict_keys(['example_branch_python_operator_decorator']) retrieved from /home/nayara/Documentos/airflowalura/venv/lib/python3.9/site-packages/airflow/example_dags/example_branch_operator_decorator.py
[2022-10-27 22:19:34,434] {logging_mixin.py:115} INFO - [2022-10-27 22:19:34,434] {dag.py:2379} INFO - Sync 1 DAGs
[2022-10-27 22:19:34,482] {logging_mixin.py:115} INFO - [2022-10-27 22:19:34,482] {dag.py:2927} INFO - Setting next_dagrun for example_branch_python_operator_decorator to 2022-10-27T00:00:00+00:00, run_after=2022-10-28T00:00:00+00:00
[2022-10-27 22:19:34,910] {processor.py:161} INFO - Processing /home/nayara/Documentos/airflowalura/venv/lib/python3.9/site-packages/airflow/example_dags/example_branch_operator_decorator.py took 0.604 seconds
[2022-10-27 22:20:42,621] {processor.py:153} INFO - Started process (PID=49896) to work on /home/nayara/Documentos/airflowalura/venv/lib/python3.9/site-packages/airflow/example_dags/example_branch_operator_decorator.py
[2022-10-27 22:20:42,646] {processor.py:641} INFO - Processing file /home/nayara/Documentos/airflowalura/venv/lib/python3.9/site-packages/airflow/example_dags/example_branch_operator_decorator.py for tasks to queue
[2022-10-27 22:20:42,648] {logging_mixin.py:115} INFO - [2022-10-27 22:20:42,648] {dagbag.py:507} INFO - Filling up the DagBag from /home/nayara/Documentos/airflowalura/venv/lib/python3.9/site-packages/airflow/example_dags/example_branch_operator_decorator.py
[2022-10-27 22:20:42,746] {processor.py:651} INFO - DAG(s) dict_keys(['example_branch_python_operator_decorator']) retrieved from /home/nayara/Documentos/airflowalura/venv/lib/python3.9/site-packages/airflow/example_dags/example_branch_operator_decorator.py
[2022-10-27 22:20:42,775] {logging_mixin.py:115} INFO - [2022-10-27 22:20:42,775] {dag.py:2379} INFO - Sync 1 DAGs
[2022-10-27 22:20:42,808] {logging_mixin.py:115} INFO - [2022-10-27 22:20:42,807] {dag.py:2927} INFO - Setting next_dagrun for example_branch_python_operator_decorator to 2022-10-27T00:00:00+00:00, run_after=2022-10-28T00:00:00+00:00
[2022-10-27 22:20:43,091] {processor.py:161} INFO - Processing /home/nayara/Documentos/airflowalura/venv/lib/python3.9/site-packages/airflow/example_dags/example_branch_operator_decorator.py took 0.486 seconds
[2022-10-27 22:21:41,432] {processor.py:153} INFO - Started process (PID=50021) to work on /home/nayara/Documentos/airflowalura/venv/lib/python3.9/site-packages/airflow/example_dags/example_branch_operator_decorator.py
[2022-10-27 22:21:41,448] {processor.py:641} INFO - Processing file /home/nayara/Documentos/airflowalura/venv/lib/python3.9/site-packages/airflow/example_dags/example_branch_operator_decorator.py for tasks to queue
[2022-10-27 22:21:41,451] {logging_mixin.py:115} INFO - [2022-10-27 22:21:41,450] {dagbag.py:507} INFO - Filling up the DagBag from /home/nayara/Documentos/airflowalura/venv/lib/python3.9/site-packages/airflow/example_dags/example_branch_operator_decorator.py
[2022-10-27 22:21:41,530] {processor.py:651} INFO - DAG(s) dict_keys(['example_branch_python_operator_decorator']) retrieved from /home/nayara/Documentos/airflowalura/venv/lib/python3.9/site-packages/airflow/example_dags/example_branch_operator_decorator.py
[2022-10-27 22:21:41,558] {logging_mixin.py:115} INFO - [2022-10-27 22:21:41,557] {dag.py:2379} INFO - Sync 1 DAGs
[2022-10-27 22:21:41,588] {logging_mixin.py:115} INFO - [2022-10-27 22:21:41,588] {dag.py:2927} INFO - Setting next_dagrun for example_branch_python_operator_decorator to 2022-10-27T00:00:00+00:00, run_after=2022-10-28T00:00:00+00:00
[2022-10-27 22:21:42,000] {processor.py:161} INFO - Processing /home/nayara/Documentos/airflowalura/venv/lib/python3.9/site-packages/airflow/example_dags/example_branch_operator_decorator.py took 0.585 seconds
[2022-10-27 22:22:46,149] {processor.py:153} INFO - Started process (PID=50180) to work on /home/nayara/Documentos/airflowalura/venv/lib/python3.9/site-packages/airflow/example_dags/example_branch_operator_decorator.py
[2022-10-27 22:22:46,153] {processor.py:641} INFO - Processing file /home/nayara/Documentos/airflowalura/venv/lib/python3.9/site-packages/airflow/example_dags/example_branch_operator_decorator.py for tasks to queue
[2022-10-27 22:22:46,157] {logging_mixin.py:115} INFO - [2022-10-27 22:22:46,156] {dagbag.py:507} INFO - Filling up the DagBag from /home/nayara/Documentos/airflowalura/venv/lib/python3.9/site-packages/airflow/example_dags/example_branch_operator_decorator.py
[2022-10-27 22:22:46,203] {processor.py:651} INFO - DAG(s) dict_keys(['example_branch_python_operator_decorator']) retrieved from /home/nayara/Documentos/airflowalura/venv/lib/python3.9/site-packages/airflow/example_dags/example_branch_operator_decorator.py
[2022-10-27 22:22:46,237] {logging_mixin.py:115} INFO - [2022-10-27 22:22:46,237] {dag.py:2379} INFO - Sync 1 DAGs
[2022-10-27 22:22:46,268] {logging_mixin.py:115} INFO - [2022-10-27 22:22:46,267] {dag.py:2927} INFO - Setting next_dagrun for example_branch_python_operator_decorator to 2022-10-27T00:00:00+00:00, run_after=2022-10-28T00:00:00+00:00
[2022-10-27 22:22:46,512] {processor.py:161} INFO - Processing /home/nayara/Documentos/airflowalura/venv/lib/python3.9/site-packages/airflow/example_dags/example_branch_operator_decorator.py took 0.382 seconds
[2022-10-27 22:23:45,665] {processor.py:153} INFO - Started process (PID=50321) to work on /home/nayara/Documentos/airflowalura/venv/lib/python3.9/site-packages/airflow/example_dags/example_branch_operator_decorator.py
[2022-10-27 22:23:45,675] {processor.py:641} INFO - Processing file /home/nayara/Documentos/airflowalura/venv/lib/python3.9/site-packages/airflow/example_dags/example_branch_operator_decorator.py for tasks to queue
[2022-10-27 22:23:45,676] {logging_mixin.py:115} INFO - [2022-10-27 22:23:45,676] {dagbag.py:507} INFO - Filling up the DagBag from /home/nayara/Documentos/airflowalura/venv/lib/python3.9/site-packages/airflow/example_dags/example_branch_operator_decorator.py
[2022-10-27 22:23:45,707] {processor.py:651} INFO - DAG(s) dict_keys(['example_branch_python_operator_decorator']) retrieved from /home/nayara/Documentos/airflowalura/venv/lib/python3.9/site-packages/airflow/example_dags/example_branch_operator_decorator.py
[2022-10-27 22:23:45,731] {logging_mixin.py:115} INFO - [2022-10-27 22:23:45,731] {dag.py:2379} INFO - Sync 1 DAGs
[2022-10-27 22:23:45,755] {logging_mixin.py:115} INFO - [2022-10-27 22:23:45,755] {dag.py:2927} INFO - Setting next_dagrun for example_branch_python_operator_decorator to 2022-10-27T00:00:00+00:00, run_after=2022-10-28T00:00:00+00:00
[2022-10-27 22:23:45,951] {processor.py:161} INFO - Processing /home/nayara/Documentos/airflowalura/venv/lib/python3.9/site-packages/airflow/example_dags/example_branch_operator_decorator.py took 0.297 seconds
[2022-10-27 22:24:42,897] {processor.py:153} INFO - Started process (PID=50445) to work on /home/nayara/Documentos/airflowalura/venv/lib/python3.9/site-packages/airflow/example_dags/example_branch_operator_decorator.py
[2022-10-27 22:24:42,923] {processor.py:641} INFO - Processing file /home/nayara/Documentos/airflowalura/venv/lib/python3.9/site-packages/airflow/example_dags/example_branch_operator_decorator.py for tasks to queue
[2022-10-27 22:24:42,925] {logging_mixin.py:115} INFO - [2022-10-27 22:24:42,925] {dagbag.py:507} INFO - Filling up the DagBag from /home/nayara/Documentos/airflowalura/venv/lib/python3.9/site-packages/airflow/example_dags/example_branch_operator_decorator.py
[2022-10-27 22:24:42,978] {processor.py:651} INFO - DAG(s) dict_keys(['example_branch_python_operator_decorator']) retrieved from /home/nayara/Documentos/airflowalura/venv/lib/python3.9/site-packages/airflow/example_dags/example_branch_operator_decorator.py
[2022-10-27 22:24:43,012] {logging_mixin.py:115} INFO - [2022-10-27 22:24:43,011] {dag.py:2379} INFO - Sync 1 DAGs
[2022-10-27 22:24:43,044] {logging_mixin.py:115} INFO - [2022-10-27 22:24:43,044] {dag.py:2927} INFO - Setting next_dagrun for example_branch_python_operator_decorator to 2022-10-27T00:00:00+00:00, run_after=2022-10-28T00:00:00+00:00
[2022-10-27 22:24:43,455] {processor.py:161} INFO - Processing /home/nayara/Documentos/airflowalura/venv/lib/python3.9/site-packages/airflow/example_dags/example_branch_operator_decorator.py took 0.565 seconds
[2022-10-27 22:26:04,239] {processor.py:153} INFO - Started process (PID=50618) to work on /home/nayara/Documentos/airflowalura/venv/lib/python3.9/site-packages/airflow/example_dags/example_branch_operator_decorator.py
[2022-10-27 22:26:04,251] {processor.py:641} INFO - Processing file /home/nayara/Documentos/airflowalura/venv/lib/python3.9/site-packages/airflow/example_dags/example_branch_operator_decorator.py for tasks to queue
[2022-10-27 22:26:04,253] {logging_mixin.py:115} INFO - [2022-10-27 22:26:04,252] {dagbag.py:507} INFO - Filling up the DagBag from /home/nayara/Documentos/airflowalura/venv/lib/python3.9/site-packages/airflow/example_dags/example_branch_operator_decorator.py
[2022-10-27 22:26:04,296] {processor.py:651} INFO - DAG(s) dict_keys(['example_branch_python_operator_decorator']) retrieved from /home/nayara/Documentos/airflowalura/venv/lib/python3.9/site-packages/airflow/example_dags/example_branch_operator_decorator.py
[2022-10-27 22:26:04,342] {logging_mixin.py:115} INFO - [2022-10-27 22:26:04,341] {dag.py:2379} INFO - Sync 1 DAGs
[2022-10-27 22:26:04,735] {logging_mixin.py:115} INFO - [2022-10-27 22:26:04,735] {dag.py:2927} INFO - Setting next_dagrun for example_branch_python_operator_decorator to 2022-10-27T00:00:00+00:00, run_after=2022-10-28T00:00:00+00:00
[2022-10-27 22:26:05,180] {processor.py:161} INFO - Processing /home/nayara/Documentos/airflowalura/venv/lib/python3.9/site-packages/airflow/example_dags/example_branch_operator_decorator.py took 0.947 seconds
[2022-10-27 22:26:57,608] {processor.py:153} INFO - Started process (PID=50744) to work on /home/nayara/Documentos/airflowalura/venv/lib/python3.9/site-packages/airflow/example_dags/example_branch_operator_decorator.py
[2022-10-27 22:26:57,635] {processor.py:641} INFO - Processing file /home/nayara/Documentos/airflowalura/venv/lib/python3.9/site-packages/airflow/example_dags/example_branch_operator_decorator.py for tasks to queue
[2022-10-27 22:26:57,636] {logging_mixin.py:115} INFO - [2022-10-27 22:26:57,636] {dagbag.py:507} INFO - Filling up the DagBag from /home/nayara/Documentos/airflowalura/venv/lib/python3.9/site-packages/airflow/example_dags/example_branch_operator_decorator.py
[2022-10-27 22:26:57,669] {processor.py:651} INFO - DAG(s) dict_keys(['example_branch_python_operator_decorator']) retrieved from /home/nayara/Documentos/airflowalura/venv/lib/python3.9/site-packages/airflow/example_dags/example_branch_operator_decorator.py
[2022-10-27 22:26:57,699] {logging_mixin.py:115} INFO - [2022-10-27 22:26:57,699] {dag.py:2379} INFO - Sync 1 DAGs
[2022-10-27 22:26:57,730] {logging_mixin.py:115} INFO - [2022-10-27 22:26:57,730] {dag.py:2927} INFO - Setting next_dagrun for example_branch_python_operator_decorator to 2022-10-27T00:00:00+00:00, run_after=2022-10-28T00:00:00+00:00
[2022-10-27 22:26:57,973] {processor.py:161} INFO - Processing /home/nayara/Documentos/airflowalura/venv/lib/python3.9/site-packages/airflow/example_dags/example_branch_operator_decorator.py took 0.381 seconds
[2022-10-27 22:28:03,105] {processor.py:153} INFO - Started process (PID=50967) to work on /home/nayara/Documentos/airflowalura/venv/lib/python3.9/site-packages/airflow/example_dags/example_branch_operator_decorator.py
[2022-10-27 22:28:03,126] {processor.py:641} INFO - Processing file /home/nayara/Documentos/airflowalura/venv/lib/python3.9/site-packages/airflow/example_dags/example_branch_operator_decorator.py for tasks to queue
[2022-10-27 22:28:03,127] {logging_mixin.py:115} INFO - [2022-10-27 22:28:03,127] {dagbag.py:507} INFO - Filling up the DagBag from /home/nayara/Documentos/airflowalura/venv/lib/python3.9/site-packages/airflow/example_dags/example_branch_operator_decorator.py
[2022-10-27 22:28:03,162] {processor.py:651} INFO - DAG(s) dict_keys(['example_branch_python_operator_decorator']) retrieved from /home/nayara/Documentos/airflowalura/venv/lib/python3.9/site-packages/airflow/example_dags/example_branch_operator_decorator.py
[2022-10-27 22:28:03,194] {logging_mixin.py:115} INFO - [2022-10-27 22:28:03,194] {dag.py:2379} INFO - Sync 1 DAGs
[2022-10-27 22:28:03,229] {logging_mixin.py:115} INFO - [2022-10-27 22:28:03,228] {dag.py:2927} INFO - Setting next_dagrun for example_branch_python_operator_decorator to 2022-10-27T00:00:00+00:00, run_after=2022-10-28T00:00:00+00:00
[2022-10-27 22:28:03,621] {processor.py:161} INFO - Processing /home/nayara/Documentos/airflowalura/venv/lib/python3.9/site-packages/airflow/example_dags/example_branch_operator_decorator.py took 0.526 seconds
[2022-10-27 22:28:54,880] {processor.py:153} INFO - Started process (PID=51083) to work on /home/nayara/Documentos/airflowalura/venv/lib/python3.9/site-packages/airflow/example_dags/example_branch_operator_decorator.py
[2022-10-27 22:28:54,951] {processor.py:641} INFO - Processing file /home/nayara/Documentos/airflowalura/venv/lib/python3.9/site-packages/airflow/example_dags/example_branch_operator_decorator.py for tasks to queue
[2022-10-27 22:28:54,954] {logging_mixin.py:115} INFO - [2022-10-27 22:28:54,954] {dagbag.py:507} INFO - Filling up the DagBag from /home/nayara/Documentos/airflowalura/venv/lib/python3.9/site-packages/airflow/example_dags/example_branch_operator_decorator.py
[2022-10-27 22:28:55,026] {processor.py:651} INFO - DAG(s) dict_keys(['example_branch_python_operator_decorator']) retrieved from /home/nayara/Documentos/airflowalura/venv/lib/python3.9/site-packages/airflow/example_dags/example_branch_operator_decorator.py
[2022-10-27 22:28:55,053] {logging_mixin.py:115} INFO - [2022-10-27 22:28:55,052] {dag.py:2379} INFO - Sync 1 DAGs
[2022-10-27 22:28:55,081] {logging_mixin.py:115} INFO - [2022-10-27 22:28:55,081] {dag.py:2927} INFO - Setting next_dagrun for example_branch_python_operator_decorator to 2022-10-27T00:00:00+00:00, run_after=2022-10-28T00:00:00+00:00
[2022-10-27 22:28:55,266] {processor.py:161} INFO - Processing /home/nayara/Documentos/airflowalura/venv/lib/python3.9/site-packages/airflow/example_dags/example_branch_operator_decorator.py took 0.396 seconds
[2022-10-27 22:29:46,192] {processor.py:153} INFO - Started process (PID=51183) to work on /home/nayara/Documentos/airflowalura/venv/lib/python3.9/site-packages/airflow/example_dags/example_branch_operator_decorator.py
[2022-10-27 22:29:46,213] {processor.py:641} INFO - Processing file /home/nayara/Documentos/airflowalura/venv/lib/python3.9/site-packages/airflow/example_dags/example_branch_operator_decorator.py for tasks to queue
[2022-10-27 22:29:46,214] {logging_mixin.py:115} INFO - [2022-10-27 22:29:46,213] {dagbag.py:507} INFO - Filling up the DagBag from /home/nayara/Documentos/airflowalura/venv/lib/python3.9/site-packages/airflow/example_dags/example_branch_operator_decorator.py
[2022-10-27 22:29:46,240] {processor.py:651} INFO - DAG(s) dict_keys(['example_branch_python_operator_decorator']) retrieved from /home/nayara/Documentos/airflowalura/venv/lib/python3.9/site-packages/airflow/example_dags/example_branch_operator_decorator.py
[2022-10-27 22:29:46,260] {logging_mixin.py:115} INFO - [2022-10-27 22:29:46,260] {dag.py:2379} INFO - Sync 1 DAGs
[2022-10-27 22:29:46,283] {logging_mixin.py:115} INFO - [2022-10-27 22:29:46,282] {dag.py:2927} INFO - Setting next_dagrun for example_branch_python_operator_decorator to 2022-10-27T00:00:00+00:00, run_after=2022-10-28T00:00:00+00:00
[2022-10-27 22:29:46,501] {processor.py:161} INFO - Processing /home/nayara/Documentos/airflowalura/venv/lib/python3.9/site-packages/airflow/example_dags/example_branch_operator_decorator.py took 0.313 seconds
[2022-10-27 22:30:47,095] {processor.py:153} INFO - Started process (PID=51293) to work on /home/nayara/Documentos/airflowalura/venv/lib/python3.9/site-packages/airflow/example_dags/example_branch_operator_decorator.py
[2022-10-27 22:30:47,097] {processor.py:641} INFO - Processing file /home/nayara/Documentos/airflowalura/venv/lib/python3.9/site-packages/airflow/example_dags/example_branch_operator_decorator.py for tasks to queue
[2022-10-27 22:30:47,098] {logging_mixin.py:115} INFO - [2022-10-27 22:30:47,098] {dagbag.py:507} INFO - Filling up the DagBag from /home/nayara/Documentos/airflowalura/venv/lib/python3.9/site-packages/airflow/example_dags/example_branch_operator_decorator.py
[2022-10-27 22:30:47,126] {processor.py:651} INFO - DAG(s) dict_keys(['example_branch_python_operator_decorator']) retrieved from /home/nayara/Documentos/airflowalura/venv/lib/python3.9/site-packages/airflow/example_dags/example_branch_operator_decorator.py
[2022-10-27 22:30:47,146] {logging_mixin.py:115} INFO - [2022-10-27 22:30:47,146] {dag.py:2379} INFO - Sync 1 DAGs
[2022-10-27 22:30:47,169] {logging_mixin.py:115} INFO - [2022-10-27 22:30:47,169] {dag.py:2927} INFO - Setting next_dagrun for example_branch_python_operator_decorator to 2022-10-27T00:00:00+00:00, run_after=2022-10-28T00:00:00+00:00
[2022-10-27 22:30:47,375] {processor.py:161} INFO - Processing /home/nayara/Documentos/airflowalura/venv/lib/python3.9/site-packages/airflow/example_dags/example_branch_operator_decorator.py took 0.292 seconds
[2022-10-27 22:32:20,515] {processor.py:153} INFO - Started process (PID=51504) to work on /home/nayara/Documentos/airflowalura/venv/lib/python3.9/site-packages/airflow/example_dags/example_branch_operator_decorator.py
[2022-10-27 22:32:20,530] {processor.py:641} INFO - Processing file /home/nayara/Documentos/airflowalura/venv/lib/python3.9/site-packages/airflow/example_dags/example_branch_operator_decorator.py for tasks to queue
[2022-10-27 22:32:20,532] {logging_mixin.py:115} INFO - [2022-10-27 22:32:20,532] {dagbag.py:507} INFO - Filling up the DagBag from /home/nayara/Documentos/airflowalura/venv/lib/python3.9/site-packages/airflow/example_dags/example_branch_operator_decorator.py
[2022-10-27 22:32:20,616] {processor.py:651} INFO - DAG(s) dict_keys(['example_branch_python_operator_decorator']) retrieved from /home/nayara/Documentos/airflowalura/venv/lib/python3.9/site-packages/airflow/example_dags/example_branch_operator_decorator.py
[2022-10-27 22:32:20,640] {logging_mixin.py:115} INFO - [2022-10-27 22:32:20,640] {dag.py:2379} INFO - Sync 1 DAGs
[2022-10-27 22:32:20,667] {logging_mixin.py:115} INFO - [2022-10-27 22:32:20,667] {dag.py:2927} INFO - Setting next_dagrun for example_branch_python_operator_decorator to 2022-10-27T00:00:00+00:00, run_after=2022-10-28T00:00:00+00:00
[2022-10-27 22:32:21,008] {processor.py:161} INFO - Processing /home/nayara/Documentos/airflowalura/venv/lib/python3.9/site-packages/airflow/example_dags/example_branch_operator_decorator.py took 0.510 seconds
[2022-10-27 22:33:26,114] {processor.py:153} INFO - Started process (PID=51647) to work on /home/nayara/Documentos/airflowalura/venv/lib/python3.9/site-packages/airflow/example_dags/example_branch_operator_decorator.py
[2022-10-27 22:33:26,115] {processor.py:641} INFO - Processing file /home/nayara/Documentos/airflowalura/venv/lib/python3.9/site-packages/airflow/example_dags/example_branch_operator_decorator.py for tasks to queue
[2022-10-27 22:33:26,117] {logging_mixin.py:115} INFO - [2022-10-27 22:33:26,116] {dagbag.py:507} INFO - Filling up the DagBag from /home/nayara/Documentos/airflowalura/venv/lib/python3.9/site-packages/airflow/example_dags/example_branch_operator_decorator.py
[2022-10-27 22:33:26,155] {processor.py:651} INFO - DAG(s) dict_keys(['example_branch_python_operator_decorator']) retrieved from /home/nayara/Documentos/airflowalura/venv/lib/python3.9/site-packages/airflow/example_dags/example_branch_operator_decorator.py
[2022-10-27 22:33:26,179] {logging_mixin.py:115} INFO - [2022-10-27 22:33:26,179] {dag.py:2379} INFO - Sync 1 DAGs
[2022-10-27 22:33:26,211] {logging_mixin.py:115} INFO - [2022-10-27 22:33:26,210] {dag.py:2927} INFO - Setting next_dagrun for example_branch_python_operator_decorator to 2022-10-27T00:00:00+00:00, run_after=2022-10-28T00:00:00+00:00
[2022-10-27 22:33:26,532] {processor.py:161} INFO - Processing /home/nayara/Documentos/airflowalura/venv/lib/python3.9/site-packages/airflow/example_dags/example_branch_operator_decorator.py took 0.426 seconds
[2022-10-27 22:34:24,408] {processor.py:153} INFO - Started process (PID=51753) to work on /home/nayara/Documentos/airflowalura/venv/lib/python3.9/site-packages/airflow/example_dags/example_branch_operator_decorator.py
[2022-10-27 22:34:24,424] {processor.py:641} INFO - Processing file /home/nayara/Documentos/airflowalura/venv/lib/python3.9/site-packages/airflow/example_dags/example_branch_operator_decorator.py for tasks to queue
[2022-10-27 22:34:24,424] {logging_mixin.py:115} INFO - [2022-10-27 22:34:24,424] {dagbag.py:507} INFO - Filling up the DagBag from /home/nayara/Documentos/airflowalura/venv/lib/python3.9/site-packages/airflow/example_dags/example_branch_operator_decorator.py
[2022-10-27 22:34:24,451] {processor.py:651} INFO - DAG(s) dict_keys(['example_branch_python_operator_decorator']) retrieved from /home/nayara/Documentos/airflowalura/venv/lib/python3.9/site-packages/airflow/example_dags/example_branch_operator_decorator.py
[2022-10-27 22:34:24,471] {logging_mixin.py:115} INFO - [2022-10-27 22:34:24,471] {dag.py:2379} INFO - Sync 1 DAGs
[2022-10-27 22:34:24,493] {logging_mixin.py:115} INFO - [2022-10-27 22:34:24,493] {dag.py:2927} INFO - Setting next_dagrun for example_branch_python_operator_decorator to 2022-10-27T00:00:00+00:00, run_after=2022-10-28T00:00:00+00:00
[2022-10-27 22:34:24,717] {processor.py:161} INFO - Processing /home/nayara/Documentos/airflowalura/venv/lib/python3.9/site-packages/airflow/example_dags/example_branch_operator_decorator.py took 0.314 seconds
[2022-10-27 22:35:22,084] {processor.py:153} INFO - Started process (PID=51840) to work on /home/nayara/Documentos/airflowalura/venv/lib/python3.9/site-packages/airflow/example_dags/example_branch_operator_decorator.py
[2022-10-27 22:35:22,085] {processor.py:641} INFO - Processing file /home/nayara/Documentos/airflowalura/venv/lib/python3.9/site-packages/airflow/example_dags/example_branch_operator_decorator.py for tasks to queue
[2022-10-27 22:35:22,086] {logging_mixin.py:115} INFO - [2022-10-27 22:35:22,086] {dagbag.py:507} INFO - Filling up the DagBag from /home/nayara/Documentos/airflowalura/venv/lib/python3.9/site-packages/airflow/example_dags/example_branch_operator_decorator.py
[2022-10-27 22:35:22,115] {processor.py:651} INFO - DAG(s) dict_keys(['example_branch_python_operator_decorator']) retrieved from /home/nayara/Documentos/airflowalura/venv/lib/python3.9/site-packages/airflow/example_dags/example_branch_operator_decorator.py
[2022-10-27 22:35:22,134] {logging_mixin.py:115} INFO - [2022-10-27 22:35:22,134] {dag.py:2379} INFO - Sync 1 DAGs
[2022-10-27 22:35:22,157] {logging_mixin.py:115} INFO - [2022-10-27 22:35:22,157] {dag.py:2927} INFO - Setting next_dagrun for example_branch_python_operator_decorator to 2022-10-27T00:00:00+00:00, run_after=2022-10-28T00:00:00+00:00
[2022-10-27 22:35:22,375] {processor.py:161} INFO - Processing /home/nayara/Documentos/airflowalura/venv/lib/python3.9/site-packages/airflow/example_dags/example_branch_operator_decorator.py took 0.295 seconds
[2022-10-27 22:36:25,191] {processor.py:153} INFO - Started process (PID=51966) to work on /home/nayara/Documentos/airflowalura/venv/lib/python3.9/site-packages/airflow/example_dags/example_branch_operator_decorator.py
[2022-10-27 22:36:25,219] {processor.py:641} INFO - Processing file /home/nayara/Documentos/airflowalura/venv/lib/python3.9/site-packages/airflow/example_dags/example_branch_operator_decorator.py for tasks to queue
[2022-10-27 22:36:25,220] {logging_mixin.py:115} INFO - [2022-10-27 22:36:25,219] {dagbag.py:507} INFO - Filling up the DagBag from /home/nayara/Documentos/airflowalura/venv/lib/python3.9/site-packages/airflow/example_dags/example_branch_operator_decorator.py
[2022-10-27 22:36:25,284] {processor.py:651} INFO - DAG(s) dict_keys(['example_branch_python_operator_decorator']) retrieved from /home/nayara/Documentos/airflowalura/venv/lib/python3.9/site-packages/airflow/example_dags/example_branch_operator_decorator.py
[2022-10-27 22:36:25,312] {logging_mixin.py:115} INFO - [2022-10-27 22:36:25,312] {dag.py:2379} INFO - Sync 1 DAGs
[2022-10-27 22:36:25,344] {logging_mixin.py:115} INFO - [2022-10-27 22:36:25,344] {dag.py:2927} INFO - Setting next_dagrun for example_branch_python_operator_decorator to 2022-10-27T00:00:00+00:00, run_after=2022-10-28T00:00:00+00:00
[2022-10-27 22:36:25,767] {processor.py:161} INFO - Processing /home/nayara/Documentos/airflowalura/venv/lib/python3.9/site-packages/airflow/example_dags/example_branch_operator_decorator.py took 0.584 seconds
[2022-10-27 22:38:21,709] {processor.py:153} INFO - Started process (PID=52461) to work on /home/nayara/Documentos/airflowalura/venv/lib/python3.9/site-packages/airflow/example_dags/example_branch_operator_decorator.py
[2022-10-27 22:38:21,755] {processor.py:641} INFO - Processing file /home/nayara/Documentos/airflowalura/venv/lib/python3.9/site-packages/airflow/example_dags/example_branch_operator_decorator.py for tasks to queue
[2022-10-27 22:38:21,759] {logging_mixin.py:115} INFO - [2022-10-27 22:38:21,758] {dagbag.py:507} INFO - Filling up the DagBag from /home/nayara/Documentos/airflowalura/venv/lib/python3.9/site-packages/airflow/example_dags/example_branch_operator_decorator.py
[2022-10-27 22:38:21,900] {processor.py:651} INFO - DAG(s) dict_keys(['example_branch_python_operator_decorator']) retrieved from /home/nayara/Documentos/airflowalura/venv/lib/python3.9/site-packages/airflow/example_dags/example_branch_operator_decorator.py
[2022-10-27 22:38:21,933] {logging_mixin.py:115} INFO - [2022-10-27 22:38:21,933] {dag.py:2379} INFO - Sync 1 DAGs
[2022-10-27 22:38:21,979] {logging_mixin.py:115} INFO - [2022-10-27 22:38:21,979] {dag.py:2927} INFO - Setting next_dagrun for example_branch_python_operator_decorator to 2022-10-27T00:00:00+00:00, run_after=2022-10-28T00:00:00+00:00
[2022-10-27 22:38:22,588] {processor.py:161} INFO - Processing /home/nayara/Documentos/airflowalura/venv/lib/python3.9/site-packages/airflow/example_dags/example_branch_operator_decorator.py took 0.889 seconds
[2022-10-27 22:39:26,684] {processor.py:153} INFO - Started process (PID=52609) to work on /home/nayara/Documentos/airflowalura/venv/lib/python3.9/site-packages/airflow/example_dags/example_branch_operator_decorator.py
[2022-10-27 22:39:26,693] {processor.py:641} INFO - Processing file /home/nayara/Documentos/airflowalura/venv/lib/python3.9/site-packages/airflow/example_dags/example_branch_operator_decorator.py for tasks to queue
[2022-10-27 22:39:26,694] {logging_mixin.py:115} INFO - [2022-10-27 22:39:26,694] {dagbag.py:507} INFO - Filling up the DagBag from /home/nayara/Documentos/airflowalura/venv/lib/python3.9/site-packages/airflow/example_dags/example_branch_operator_decorator.py
[2022-10-27 22:39:26,739] {processor.py:651} INFO - DAG(s) dict_keys(['example_branch_python_operator_decorator']) retrieved from /home/nayara/Documentos/airflowalura/venv/lib/python3.9/site-packages/airflow/example_dags/example_branch_operator_decorator.py
[2022-10-27 22:39:26,768] {logging_mixin.py:115} INFO - [2022-10-27 22:39:26,768] {dag.py:2379} INFO - Sync 1 DAGs
[2022-10-27 22:39:26,799] {logging_mixin.py:115} INFO - [2022-10-27 22:39:26,799] {dag.py:2927} INFO - Setting next_dagrun for example_branch_python_operator_decorator to 2022-10-27T00:00:00+00:00, run_after=2022-10-28T00:00:00+00:00
[2022-10-27 22:39:27,029] {processor.py:161} INFO - Processing /home/nayara/Documentos/airflowalura/venv/lib/python3.9/site-packages/airflow/example_dags/example_branch_operator_decorator.py took 0.355 seconds
[2022-10-27 22:41:28,599] {processor.py:153} INFO - Started process (PID=52840) to work on /home/nayara/Documentos/airflowalura/venv/lib/python3.9/site-packages/airflow/example_dags/example_branch_operator_decorator.py
[2022-10-27 22:41:28,603] {processor.py:641} INFO - Processing file /home/nayara/Documentos/airflowalura/venv/lib/python3.9/site-packages/airflow/example_dags/example_branch_operator_decorator.py for tasks to queue
[2022-10-27 22:41:28,606] {logging_mixin.py:115} INFO - [2022-10-27 22:41:28,606] {dagbag.py:507} INFO - Filling up the DagBag from /home/nayara/Documentos/airflowalura/venv/lib/python3.9/site-packages/airflow/example_dags/example_branch_operator_decorator.py
[2022-10-27 22:41:28,682] {processor.py:651} INFO - DAG(s) dict_keys(['example_branch_python_operator_decorator']) retrieved from /home/nayara/Documentos/airflowalura/venv/lib/python3.9/site-packages/airflow/example_dags/example_branch_operator_decorator.py
[2022-10-27 22:41:28,702] {logging_mixin.py:115} INFO - [2022-10-27 22:41:28,702] {dag.py:2379} INFO - Sync 1 DAGs
[2022-10-27 22:41:28,726] {logging_mixin.py:115} INFO - [2022-10-27 22:41:28,726] {dag.py:2927} INFO - Setting next_dagrun for example_branch_python_operator_decorator to 2022-10-27T00:00:00+00:00, run_after=2022-10-28T00:00:00+00:00
[2022-10-27 22:41:28,893] {processor.py:161} INFO - Processing /home/nayara/Documentos/airflowalura/venv/lib/python3.9/site-packages/airflow/example_dags/example_branch_operator_decorator.py took 0.308 seconds
[2022-10-27 22:42:32,524] {processor.py:153} INFO - Started process (PID=52982) to work on /home/nayara/Documentos/airflowalura/venv/lib/python3.9/site-packages/airflow/example_dags/example_branch_operator_decorator.py
[2022-10-27 22:42:32,526] {processor.py:641} INFO - Processing file /home/nayara/Documentos/airflowalura/venv/lib/python3.9/site-packages/airflow/example_dags/example_branch_operator_decorator.py for tasks to queue
[2022-10-27 22:42:32,527] {logging_mixin.py:115} INFO - [2022-10-27 22:42:32,526] {dagbag.py:507} INFO - Filling up the DagBag from /home/nayara/Documentos/airflowalura/venv/lib/python3.9/site-packages/airflow/example_dags/example_branch_operator_decorator.py
[2022-10-27 22:42:32,553] {processor.py:651} INFO - DAG(s) dict_keys(['example_branch_python_operator_decorator']) retrieved from /home/nayara/Documentos/airflowalura/venv/lib/python3.9/site-packages/airflow/example_dags/example_branch_operator_decorator.py
[2022-10-27 22:42:32,573] {logging_mixin.py:115} INFO - [2022-10-27 22:42:32,573] {dag.py:2379} INFO - Sync 1 DAGs
[2022-10-27 22:42:32,598] {logging_mixin.py:115} INFO - [2022-10-27 22:42:32,597] {dag.py:2927} INFO - Setting next_dagrun for example_branch_python_operator_decorator to 2022-10-27T00:00:00+00:00, run_after=2022-10-28T00:00:00+00:00
[2022-10-27 22:42:32,827] {processor.py:161} INFO - Processing /home/nayara/Documentos/airflowalura/venv/lib/python3.9/site-packages/airflow/example_dags/example_branch_operator_decorator.py took 0.307 seconds
[2022-10-27 22:43:24,988] {processor.py:153} INFO - Started process (PID=53094) to work on /home/nayara/Documentos/airflowalura/venv/lib/python3.9/site-packages/airflow/example_dags/example_branch_operator_decorator.py
[2022-10-27 22:43:24,989] {processor.py:641} INFO - Processing file /home/nayara/Documentos/airflowalura/venv/lib/python3.9/site-packages/airflow/example_dags/example_branch_operator_decorator.py for tasks to queue
[2022-10-27 22:43:24,990] {logging_mixin.py:115} INFO - [2022-10-27 22:43:24,990] {dagbag.py:507} INFO - Filling up the DagBag from /home/nayara/Documentos/airflowalura/venv/lib/python3.9/site-packages/airflow/example_dags/example_branch_operator_decorator.py
[2022-10-27 22:43:25,028] {processor.py:651} INFO - DAG(s) dict_keys(['example_branch_python_operator_decorator']) retrieved from /home/nayara/Documentos/airflowalura/venv/lib/python3.9/site-packages/airflow/example_dags/example_branch_operator_decorator.py
[2022-10-27 22:43:25,054] {logging_mixin.py:115} INFO - [2022-10-27 22:43:25,054] {dag.py:2379} INFO - Sync 1 DAGs
[2022-10-27 22:43:25,079] {logging_mixin.py:115} INFO - [2022-10-27 22:43:25,079] {dag.py:2927} INFO - Setting next_dagrun for example_branch_python_operator_decorator to 2022-10-27T00:00:00+00:00, run_after=2022-10-28T00:00:00+00:00
[2022-10-27 22:43:25,566] {processor.py:161} INFO - Processing /home/nayara/Documentos/airflowalura/venv/lib/python3.9/site-packages/airflow/example_dags/example_branch_operator_decorator.py took 0.582 seconds
[2022-10-27 22:44:28,773] {processor.py:153} INFO - Started process (PID=53209) to work on /home/nayara/Documentos/airflowalura/venv/lib/python3.9/site-packages/airflow/example_dags/example_branch_operator_decorator.py
[2022-10-27 22:44:28,776] {processor.py:641} INFO - Processing file /home/nayara/Documentos/airflowalura/venv/lib/python3.9/site-packages/airflow/example_dags/example_branch_operator_decorator.py for tasks to queue
[2022-10-27 22:44:28,781] {logging_mixin.py:115} INFO - [2022-10-27 22:44:28,780] {dagbag.py:507} INFO - Filling up the DagBag from /home/nayara/Documentos/airflowalura/venv/lib/python3.9/site-packages/airflow/example_dags/example_branch_operator_decorator.py
[2022-10-27 22:44:28,843] {processor.py:651} INFO - DAG(s) dict_keys(['example_branch_python_operator_decorator']) retrieved from /home/nayara/Documentos/airflowalura/venv/lib/python3.9/site-packages/airflow/example_dags/example_branch_operator_decorator.py
[2022-10-27 22:44:28,865] {logging_mixin.py:115} INFO - [2022-10-27 22:44:28,865] {dag.py:2379} INFO - Sync 1 DAGs
[2022-10-27 22:44:28,893] {logging_mixin.py:115} INFO - [2022-10-27 22:44:28,893] {dag.py:2927} INFO - Setting next_dagrun for example_branch_python_operator_decorator to 2022-10-27T00:00:00+00:00, run_after=2022-10-28T00:00:00+00:00
[2022-10-27 22:44:29,257] {processor.py:161} INFO - Processing /home/nayara/Documentos/airflowalura/venv/lib/python3.9/site-packages/airflow/example_dags/example_branch_operator_decorator.py took 0.502 seconds
[2022-10-27 22:45:34,521] {processor.py:153} INFO - Started process (PID=53405) to work on /home/nayara/Documentos/airflowalura/venv/lib/python3.9/site-packages/airflow/example_dags/example_branch_operator_decorator.py
[2022-10-27 22:45:34,525] {processor.py:641} INFO - Processing file /home/nayara/Documentos/airflowalura/venv/lib/python3.9/site-packages/airflow/example_dags/example_branch_operator_decorator.py for tasks to queue
[2022-10-27 22:45:34,528] {logging_mixin.py:115} INFO - [2022-10-27 22:45:34,528] {dagbag.py:507} INFO - Filling up the DagBag from /home/nayara/Documentos/airflowalura/venv/lib/python3.9/site-packages/airflow/example_dags/example_branch_operator_decorator.py
[2022-10-27 22:45:34,578] {processor.py:651} INFO - DAG(s) dict_keys(['example_branch_python_operator_decorator']) retrieved from /home/nayara/Documentos/airflowalura/venv/lib/python3.9/site-packages/airflow/example_dags/example_branch_operator_decorator.py
[2022-10-27 22:45:34,600] {logging_mixin.py:115} INFO - [2022-10-27 22:45:34,600] {dag.py:2379} INFO - Sync 1 DAGs
[2022-10-27 22:45:34,631] {logging_mixin.py:115} INFO - [2022-10-27 22:45:34,631] {dag.py:2927} INFO - Setting next_dagrun for example_branch_python_operator_decorator to 2022-10-27T00:00:00+00:00, run_after=2022-10-28T00:00:00+00:00
[2022-10-27 22:45:34,981] {processor.py:161} INFO - Processing /home/nayara/Documentos/airflowalura/venv/lib/python3.9/site-packages/airflow/example_dags/example_branch_operator_decorator.py took 0.478 seconds
[2022-10-27 22:46:28,069] {processor.py:153} INFO - Started process (PID=53502) to work on /home/nayara/Documentos/airflowalura/venv/lib/python3.9/site-packages/airflow/example_dags/example_branch_operator_decorator.py
[2022-10-27 22:46:28,070] {processor.py:641} INFO - Processing file /home/nayara/Documentos/airflowalura/venv/lib/python3.9/site-packages/airflow/example_dags/example_branch_operator_decorator.py for tasks to queue
[2022-10-27 22:46:28,071] {logging_mixin.py:115} INFO - [2022-10-27 22:46:28,071] {dagbag.py:507} INFO - Filling up the DagBag from /home/nayara/Documentos/airflowalura/venv/lib/python3.9/site-packages/airflow/example_dags/example_branch_operator_decorator.py
[2022-10-27 22:46:28,106] {processor.py:651} INFO - DAG(s) dict_keys(['example_branch_python_operator_decorator']) retrieved from /home/nayara/Documentos/airflowalura/venv/lib/python3.9/site-packages/airflow/example_dags/example_branch_operator_decorator.py
[2022-10-27 22:46:28,125] {logging_mixin.py:115} INFO - [2022-10-27 22:46:28,125] {dag.py:2379} INFO - Sync 1 DAGs
[2022-10-27 22:46:28,149] {logging_mixin.py:115} INFO - [2022-10-27 22:46:28,149] {dag.py:2927} INFO - Setting next_dagrun for example_branch_python_operator_decorator to 2022-10-27T00:00:00+00:00, run_after=2022-10-28T00:00:00+00:00
[2022-10-27 22:46:28,356] {processor.py:161} INFO - Processing /home/nayara/Documentos/airflowalura/venv/lib/python3.9/site-packages/airflow/example_dags/example_branch_operator_decorator.py took 0.291 seconds
[2022-10-27 22:47:40,248] {processor.py:153} INFO - Started process (PID=53684) to work on /home/nayara/Documentos/airflowalura/venv/lib/python3.9/site-packages/airflow/example_dags/example_branch_operator_decorator.py
[2022-10-27 22:47:40,251] {processor.py:641} INFO - Processing file /home/nayara/Documentos/airflowalura/venv/lib/python3.9/site-packages/airflow/example_dags/example_branch_operator_decorator.py for tasks to queue
[2022-10-27 22:47:40,253] {logging_mixin.py:115} INFO - [2022-10-27 22:47:40,252] {dagbag.py:507} INFO - Filling up the DagBag from /home/nayara/Documentos/airflowalura/venv/lib/python3.9/site-packages/airflow/example_dags/example_branch_operator_decorator.py
[2022-10-27 22:47:40,302] {processor.py:651} INFO - DAG(s) dict_keys(['example_branch_python_operator_decorator']) retrieved from /home/nayara/Documentos/airflowalura/venv/lib/python3.9/site-packages/airflow/example_dags/example_branch_operator_decorator.py
[2022-10-27 22:47:40,323] {logging_mixin.py:115} INFO - [2022-10-27 22:47:40,323] {dag.py:2379} INFO - Sync 1 DAGs
[2022-10-27 22:47:40,347] {logging_mixin.py:115} INFO - [2022-10-27 22:47:40,347] {dag.py:2927} INFO - Setting next_dagrun for example_branch_python_operator_decorator to 2022-10-27T00:00:00+00:00, run_after=2022-10-28T00:00:00+00:00
[2022-10-27 22:47:40,641] {processor.py:161} INFO - Processing /home/nayara/Documentos/airflowalura/venv/lib/python3.9/site-packages/airflow/example_dags/example_branch_operator_decorator.py took 0.410 seconds
[2022-10-27 22:48:48,390] {processor.py:153} INFO - Started process (PID=53820) to work on /home/nayara/Documentos/airflowalura/venv/lib/python3.9/site-packages/airflow/example_dags/example_branch_operator_decorator.py
[2022-10-27 22:48:48,393] {processor.py:641} INFO - Processing file /home/nayara/Documentos/airflowalura/venv/lib/python3.9/site-packages/airflow/example_dags/example_branch_operator_decorator.py for tasks to queue
[2022-10-27 22:48:48,395] {logging_mixin.py:115} INFO - [2022-10-27 22:48:48,395] {dagbag.py:507} INFO - Filling up the DagBag from /home/nayara/Documentos/airflowalura/venv/lib/python3.9/site-packages/airflow/example_dags/example_branch_operator_decorator.py
[2022-10-27 22:48:48,441] {processor.py:651} INFO - DAG(s) dict_keys(['example_branch_python_operator_decorator']) retrieved from /home/nayara/Documentos/airflowalura/venv/lib/python3.9/site-packages/airflow/example_dags/example_branch_operator_decorator.py
[2022-10-27 22:48:48,472] {logging_mixin.py:115} INFO - [2022-10-27 22:48:48,471] {dag.py:2379} INFO - Sync 1 DAGs
[2022-10-27 22:48:48,501] {logging_mixin.py:115} INFO - [2022-10-27 22:48:48,500] {dag.py:2927} INFO - Setting next_dagrun for example_branch_python_operator_decorator to 2022-10-27T00:00:00+00:00, run_after=2022-10-28T00:00:00+00:00
[2022-10-27 22:48:48,767] {processor.py:161} INFO - Processing /home/nayara/Documentos/airflowalura/venv/lib/python3.9/site-packages/airflow/example_dags/example_branch_operator_decorator.py took 0.395 seconds
[2022-10-27 22:49:51,480] {processor.py:153} INFO - Started process (PID=53943) to work on /home/nayara/Documentos/airflowalura/venv/lib/python3.9/site-packages/airflow/example_dags/example_branch_operator_decorator.py
[2022-10-27 22:49:51,492] {processor.py:641} INFO - Processing file /home/nayara/Documentos/airflowalura/venv/lib/python3.9/site-packages/airflow/example_dags/example_branch_operator_decorator.py for tasks to queue
[2022-10-27 22:49:51,495] {logging_mixin.py:115} INFO - [2022-10-27 22:49:51,494] {dagbag.py:507} INFO - Filling up the DagBag from /home/nayara/Documentos/airflowalura/venv/lib/python3.9/site-packages/airflow/example_dags/example_branch_operator_decorator.py
[2022-10-27 22:49:51,564] {processor.py:651} INFO - DAG(s) dict_keys(['example_branch_python_operator_decorator']) retrieved from /home/nayara/Documentos/airflowalura/venv/lib/python3.9/site-packages/airflow/example_dags/example_branch_operator_decorator.py
[2022-10-27 22:49:51,588] {logging_mixin.py:115} INFO - [2022-10-27 22:49:51,587] {dag.py:2379} INFO - Sync 1 DAGs
[2022-10-27 22:49:51,620] {logging_mixin.py:115} INFO - [2022-10-27 22:49:51,620] {dag.py:2927} INFO - Setting next_dagrun for example_branch_python_operator_decorator to 2022-10-27T00:00:00+00:00, run_after=2022-10-28T00:00:00+00:00
[2022-10-27 22:49:51,856] {processor.py:161} INFO - Processing /home/nayara/Documentos/airflowalura/venv/lib/python3.9/site-packages/airflow/example_dags/example_branch_operator_decorator.py took 0.395 seconds
[2022-10-27 22:51:00,066] {processor.py:153} INFO - Started process (PID=54068) to work on /home/nayara/Documentos/airflowalura/venv/lib/python3.9/site-packages/airflow/example_dags/example_branch_operator_decorator.py
[2022-10-27 22:51:00,098] {processor.py:641} INFO - Processing file /home/nayara/Documentos/airflowalura/venv/lib/python3.9/site-packages/airflow/example_dags/example_branch_operator_decorator.py for tasks to queue
[2022-10-27 22:51:00,099] {logging_mixin.py:115} INFO - [2022-10-27 22:51:00,099] {dagbag.py:507} INFO - Filling up the DagBag from /home/nayara/Documentos/airflowalura/venv/lib/python3.9/site-packages/airflow/example_dags/example_branch_operator_decorator.py
[2022-10-27 22:51:00,200] {processor.py:651} INFO - DAG(s) dict_keys(['example_branch_python_operator_decorator']) retrieved from /home/nayara/Documentos/airflowalura/venv/lib/python3.9/site-packages/airflow/example_dags/example_branch_operator_decorator.py
[2022-10-27 22:51:00,239] {logging_mixin.py:115} INFO - [2022-10-27 22:51:00,239] {dag.py:2379} INFO - Sync 1 DAGs
[2022-10-27 22:51:00,281] {logging_mixin.py:115} INFO - [2022-10-27 22:51:00,281] {dag.py:2927} INFO - Setting next_dagrun for example_branch_python_operator_decorator to 2022-10-27T00:00:00+00:00, run_after=2022-10-28T00:00:00+00:00
[2022-10-27 22:51:00,595] {processor.py:161} INFO - Processing /home/nayara/Documentos/airflowalura/venv/lib/python3.9/site-packages/airflow/example_dags/example_branch_operator_decorator.py took 0.542 seconds
[2022-10-27 22:52:17,952] {processor.py:153} INFO - Started process (PID=54220) to work on /home/nayara/Documentos/airflowalura/venv/lib/python3.9/site-packages/airflow/example_dags/example_branch_operator_decorator.py
[2022-10-27 22:52:18,050] {processor.py:641} INFO - Processing file /home/nayara/Documentos/airflowalura/venv/lib/python3.9/site-packages/airflow/example_dags/example_branch_operator_decorator.py for tasks to queue
[2022-10-27 22:52:18,052] {logging_mixin.py:115} INFO - [2022-10-27 22:52:18,052] {dagbag.py:507} INFO - Filling up the DagBag from /home/nayara/Documentos/airflowalura/venv/lib/python3.9/site-packages/airflow/example_dags/example_branch_operator_decorator.py
[2022-10-27 22:52:18,115] {processor.py:651} INFO - DAG(s) dict_keys(['example_branch_python_operator_decorator']) retrieved from /home/nayara/Documentos/airflowalura/venv/lib/python3.9/site-packages/airflow/example_dags/example_branch_operator_decorator.py
[2022-10-27 22:52:18,140] {logging_mixin.py:115} INFO - [2022-10-27 22:52:18,140] {dag.py:2379} INFO - Sync 1 DAGs
[2022-10-27 22:52:18,173] {logging_mixin.py:115} INFO - [2022-10-27 22:52:18,172] {dag.py:2927} INFO - Setting next_dagrun for example_branch_python_operator_decorator to 2022-10-27T00:00:00+00:00, run_after=2022-10-28T00:00:00+00:00
[2022-10-27 22:52:18,398] {processor.py:161} INFO - Processing /home/nayara/Documentos/airflowalura/venv/lib/python3.9/site-packages/airflow/example_dags/example_branch_operator_decorator.py took 0.456 seconds
[2022-10-27 22:53:09,868] {processor.py:153} INFO - Started process (PID=54313) to work on /home/nayara/Documentos/airflowalura/venv/lib/python3.9/site-packages/airflow/example_dags/example_branch_operator_decorator.py
[2022-10-27 22:53:09,879] {processor.py:641} INFO - Processing file /home/nayara/Documentos/airflowalura/venv/lib/python3.9/site-packages/airflow/example_dags/example_branch_operator_decorator.py for tasks to queue
[2022-10-27 22:53:09,882] {logging_mixin.py:115} INFO - [2022-10-27 22:53:09,882] {dagbag.py:507} INFO - Filling up the DagBag from /home/nayara/Documentos/airflowalura/venv/lib/python3.9/site-packages/airflow/example_dags/example_branch_operator_decorator.py
[2022-10-27 22:53:09,942] {processor.py:651} INFO - DAG(s) dict_keys(['example_branch_python_operator_decorator']) retrieved from /home/nayara/Documentos/airflowalura/venv/lib/python3.9/site-packages/airflow/example_dags/example_branch_operator_decorator.py
[2022-10-27 22:53:09,969] {logging_mixin.py:115} INFO - [2022-10-27 22:53:09,969] {dag.py:2379} INFO - Sync 1 DAGs
[2022-10-27 22:53:09,998] {logging_mixin.py:115} INFO - [2022-10-27 22:53:09,998] {dag.py:2927} INFO - Setting next_dagrun for example_branch_python_operator_decorator to 2022-10-27T00:00:00+00:00, run_after=2022-10-28T00:00:00+00:00
[2022-10-27 22:53:10,234] {processor.py:161} INFO - Processing /home/nayara/Documentos/airflowalura/venv/lib/python3.9/site-packages/airflow/example_dags/example_branch_operator_decorator.py took 0.386 seconds
[2022-10-27 22:54:16,872] {processor.py:153} INFO - Started process (PID=54457) to work on /home/nayara/Documentos/airflowalura/venv/lib/python3.9/site-packages/airflow/example_dags/example_branch_operator_decorator.py
[2022-10-27 22:54:16,896] {processor.py:641} INFO - Processing file /home/nayara/Documentos/airflowalura/venv/lib/python3.9/site-packages/airflow/example_dags/example_branch_operator_decorator.py for tasks to queue
[2022-10-27 22:54:16,897] {logging_mixin.py:115} INFO - [2022-10-27 22:54:16,897] {dagbag.py:507} INFO - Filling up the DagBag from /home/nayara/Documentos/airflowalura/venv/lib/python3.9/site-packages/airflow/example_dags/example_branch_operator_decorator.py
[2022-10-27 22:54:16,946] {processor.py:651} INFO - DAG(s) dict_keys(['example_branch_python_operator_decorator']) retrieved from /home/nayara/Documentos/airflowalura/venv/lib/python3.9/site-packages/airflow/example_dags/example_branch_operator_decorator.py
[2022-10-27 22:54:16,972] {logging_mixin.py:115} INFO - [2022-10-27 22:54:16,972] {dag.py:2379} INFO - Sync 1 DAGs
[2022-10-27 22:54:17,001] {logging_mixin.py:115} INFO - [2022-10-27 22:54:17,001] {dag.py:2927} INFO - Setting next_dagrun for example_branch_python_operator_decorator to 2022-10-27T00:00:00+00:00, run_after=2022-10-28T00:00:00+00:00
[2022-10-27 22:54:17,226] {processor.py:161} INFO - Processing /home/nayara/Documentos/airflowalura/venv/lib/python3.9/site-packages/airflow/example_dags/example_branch_operator_decorator.py took 0.370 seconds
[2022-10-27 22:55:36,134] {processor.py:153} INFO - Started process (PID=54608) to work on /home/nayara/Documentos/airflowalura/venv/lib/python3.9/site-packages/airflow/example_dags/example_branch_operator_decorator.py
[2022-10-27 22:55:36,159] {processor.py:641} INFO - Processing file /home/nayara/Documentos/airflowalura/venv/lib/python3.9/site-packages/airflow/example_dags/example_branch_operator_decorator.py for tasks to queue
[2022-10-27 22:55:36,159] {logging_mixin.py:115} INFO - [2022-10-27 22:55:36,159] {dagbag.py:507} INFO - Filling up the DagBag from /home/nayara/Documentos/airflowalura/venv/lib/python3.9/site-packages/airflow/example_dags/example_branch_operator_decorator.py
[2022-10-27 22:55:36,200] {processor.py:651} INFO - DAG(s) dict_keys(['example_branch_python_operator_decorator']) retrieved from /home/nayara/Documentos/airflowalura/venv/lib/python3.9/site-packages/airflow/example_dags/example_branch_operator_decorator.py
[2022-10-27 22:55:36,225] {logging_mixin.py:115} INFO - [2022-10-27 22:55:36,225] {dag.py:2379} INFO - Sync 1 DAGs
[2022-10-27 22:55:36,257] {logging_mixin.py:115} INFO - [2022-10-27 22:55:36,257] {dag.py:2927} INFO - Setting next_dagrun for example_branch_python_operator_decorator to 2022-10-27T00:00:00+00:00, run_after=2022-10-28T00:00:00+00:00
[2022-10-27 22:55:36,740] {processor.py:161} INFO - Processing /home/nayara/Documentos/airflowalura/venv/lib/python3.9/site-packages/airflow/example_dags/example_branch_operator_decorator.py took 0.612 seconds
[2022-10-27 22:56:49,182] {processor.py:153} INFO - Started process (PID=54804) to work on /home/nayara/Documentos/airflowalura/venv/lib/python3.9/site-packages/airflow/example_dags/example_branch_operator_decorator.py
[2022-10-27 22:56:49,203] {processor.py:641} INFO - Processing file /home/nayara/Documentos/airflowalura/venv/lib/python3.9/site-packages/airflow/example_dags/example_branch_operator_decorator.py for tasks to queue
[2022-10-27 22:56:49,204] {logging_mixin.py:115} INFO - [2022-10-27 22:56:49,204] {dagbag.py:507} INFO - Filling up the DagBag from /home/nayara/Documentos/airflowalura/venv/lib/python3.9/site-packages/airflow/example_dags/example_branch_operator_decorator.py
[2022-10-27 22:56:49,239] {processor.py:651} INFO - DAG(s) dict_keys(['example_branch_python_operator_decorator']) retrieved from /home/nayara/Documentos/airflowalura/venv/lib/python3.9/site-packages/airflow/example_dags/example_branch_operator_decorator.py
[2022-10-27 22:56:49,359] {logging_mixin.py:115} INFO - [2022-10-27 22:56:49,358] {dag.py:2379} INFO - Sync 1 DAGs
[2022-10-27 22:56:49,424] {logging_mixin.py:115} INFO - [2022-10-27 22:56:49,424] {dag.py:2927} INFO - Setting next_dagrun for example_branch_python_operator_decorator to 2022-10-27T00:00:00+00:00, run_after=2022-10-28T00:00:00+00:00
[2022-10-27 22:56:49,792] {processor.py:161} INFO - Processing /home/nayara/Documentos/airflowalura/venv/lib/python3.9/site-packages/airflow/example_dags/example_branch_operator_decorator.py took 0.615 seconds
