[2022-10-27 22:16:09,235] {processor.py:153} INFO - Started process (PID=49013) to work on /home/nayara/Documentos/airflowalura/venv/lib/python3.9/site-packages/airflow/example_dags/example_nested_branch_dag.py
[2022-10-27 22:16:09,238] {processor.py:641} INFO - Processing file /home/nayara/Documentos/airflowalura/venv/lib/python3.9/site-packages/airflow/example_dags/example_nested_branch_dag.py for tasks to queue
[2022-10-27 22:16:09,240] {logging_mixin.py:115} INFO - [2022-10-27 22:16:09,239] {dagbag.py:507} INFO - Filling up the DagBag from /home/nayara/Documentos/airflowalura/venv/lib/python3.9/site-packages/airflow/example_dags/example_nested_branch_dag.py
[2022-10-27 22:16:09,380] {processor.py:651} INFO - DAG(s) dict_keys(['example_nested_branch_dag']) retrieved from /home/nayara/Documentos/airflowalura/venv/lib/python3.9/site-packages/airflow/example_dags/example_nested_branch_dag.py
[2022-10-27 22:16:10,473] {logging_mixin.py:115} INFO - [2022-10-27 22:16:10,472] {manager.py:508} INFO - Created Permission View: can read on DAG:example_nested_branch_dag
[2022-10-27 22:16:11,025] {logging_mixin.py:115} INFO - [2022-10-27 22:16:11,024] {manager.py:508} INFO - Created Permission View: can delete on DAG:example_nested_branch_dag
[2022-10-27 22:16:11,490] {logging_mixin.py:115} INFO - [2022-10-27 22:16:11,489] {manager.py:508} INFO - Created Permission View: can edit on DAG:example_nested_branch_dag
[2022-10-27 22:16:11,491] {logging_mixin.py:115} INFO - [2022-10-27 22:16:11,491] {dag.py:2379} INFO - Sync 1 DAGs
[2022-10-27 22:16:11,518] {logging_mixin.py:115} INFO - [2022-10-27 22:16:11,518] {dag.py:2398} INFO - Creating ORM DAG for example_nested_branch_dag
[2022-10-27 22:16:12,291] {logging_mixin.py:115} INFO - [2022-10-27 22:16:12,290] {dag.py:2927} INFO - Setting next_dagrun for example_nested_branch_dag to 2022-10-27T00:00:00+00:00, run_after=2022-10-28T00:00:00+00:00
[2022-10-27 22:16:13,161] {processor.py:161} INFO - Processing /home/nayara/Documentos/airflowalura/venv/lib/python3.9/site-packages/airflow/example_dags/example_nested_branch_dag.py took 3.937 seconds
[2022-10-27 22:17:51,412] {processor.py:153} INFO - Started process (PID=49253) to work on /home/nayara/Documentos/airflowalura/venv/lib/python3.9/site-packages/airflow/example_dags/example_nested_branch_dag.py
[2022-10-27 22:17:51,413] {processor.py:641} INFO - Processing file /home/nayara/Documentos/airflowalura/venv/lib/python3.9/site-packages/airflow/example_dags/example_nested_branch_dag.py for tasks to queue
[2022-10-27 22:17:51,414] {logging_mixin.py:115} INFO - [2022-10-27 22:17:51,414] {dagbag.py:507} INFO - Filling up the DagBag from /home/nayara/Documentos/airflowalura/venv/lib/python3.9/site-packages/airflow/example_dags/example_nested_branch_dag.py
[2022-10-27 22:17:51,426] {processor.py:651} INFO - DAG(s) dict_keys(['example_nested_branch_dag']) retrieved from /home/nayara/Documentos/airflowalura/venv/lib/python3.9/site-packages/airflow/example_dags/example_nested_branch_dag.py
[2022-10-27 22:17:51,447] {logging_mixin.py:115} INFO - [2022-10-27 22:17:51,447] {dag.py:2379} INFO - Sync 1 DAGs
[2022-10-27 22:17:51,474] {logging_mixin.py:115} INFO - [2022-10-27 22:17:51,474] {dag.py:2927} INFO - Setting next_dagrun for example_nested_branch_dag to 2022-10-27T00:00:00+00:00, run_after=2022-10-28T00:00:00+00:00
[2022-10-27 22:17:51,669] {processor.py:161} INFO - Processing /home/nayara/Documentos/airflowalura/venv/lib/python3.9/site-packages/airflow/example_dags/example_nested_branch_dag.py took 0.263 seconds
[2022-10-27 22:18:53,024] {processor.py:153} INFO - Started process (PID=49411) to work on /home/nayara/Documentos/airflowalura/venv/lib/python3.9/site-packages/airflow/example_dags/example_nested_branch_dag.py
[2022-10-27 22:18:53,122] {processor.py:641} INFO - Processing file /home/nayara/Documentos/airflowalura/venv/lib/python3.9/site-packages/airflow/example_dags/example_nested_branch_dag.py for tasks to queue
[2022-10-27 22:18:53,125] {logging_mixin.py:115} INFO - [2022-10-27 22:18:53,125] {dagbag.py:507} INFO - Filling up the DagBag from /home/nayara/Documentos/airflowalura/venv/lib/python3.9/site-packages/airflow/example_dags/example_nested_branch_dag.py
[2022-10-27 22:18:53,160] {processor.py:651} INFO - DAG(s) dict_keys(['example_nested_branch_dag']) retrieved from /home/nayara/Documentos/airflowalura/venv/lib/python3.9/site-packages/airflow/example_dags/example_nested_branch_dag.py
[2022-10-27 22:18:53,181] {logging_mixin.py:115} INFO - [2022-10-27 22:18:53,180] {dag.py:2379} INFO - Sync 1 DAGs
[2022-10-27 22:18:53,206] {logging_mixin.py:115} INFO - [2022-10-27 22:18:53,206] {dag.py:2927} INFO - Setting next_dagrun for example_nested_branch_dag to 2022-10-27T00:00:00+00:00, run_after=2022-10-28T00:00:00+00:00
[2022-10-27 22:18:54,364] {processor.py:161} INFO - Processing /home/nayara/Documentos/airflowalura/venv/lib/python3.9/site-packages/airflow/example_dags/example_nested_branch_dag.py took 1.351 seconds
[2022-10-27 22:20:22,708] {processor.py:153} INFO - Started process (PID=49856) to work on /home/nayara/Documentos/airflowalura/venv/lib/python3.9/site-packages/airflow/example_dags/example_nested_branch_dag.py
[2022-10-27 22:20:22,762] {processor.py:641} INFO - Processing file /home/nayara/Documentos/airflowalura/venv/lib/python3.9/site-packages/airflow/example_dags/example_nested_branch_dag.py for tasks to queue
[2022-10-27 22:20:22,763] {logging_mixin.py:115} INFO - [2022-10-27 22:20:22,763] {dagbag.py:507} INFO - Filling up the DagBag from /home/nayara/Documentos/airflowalura/venv/lib/python3.9/site-packages/airflow/example_dags/example_nested_branch_dag.py
[2022-10-27 22:20:22,779] {processor.py:651} INFO - DAG(s) dict_keys(['example_nested_branch_dag']) retrieved from /home/nayara/Documentos/airflowalura/venv/lib/python3.9/site-packages/airflow/example_dags/example_nested_branch_dag.py
[2022-10-27 22:20:22,803] {logging_mixin.py:115} INFO - [2022-10-27 22:20:22,803] {dag.py:2379} INFO - Sync 1 DAGs
[2022-10-27 22:20:22,835] {logging_mixin.py:115} INFO - [2022-10-27 22:20:22,834] {dag.py:2927} INFO - Setting next_dagrun for example_nested_branch_dag to 2022-10-27T00:00:00+00:00, run_after=2022-10-28T00:00:00+00:00
[2022-10-27 22:20:23,135] {processor.py:161} INFO - Processing /home/nayara/Documentos/airflowalura/venv/lib/python3.9/site-packages/airflow/example_dags/example_nested_branch_dag.py took 0.433 seconds
[2022-10-27 22:21:18,008] {processor.py:153} INFO - Started process (PID=49977) to work on /home/nayara/Documentos/airflowalura/venv/lib/python3.9/site-packages/airflow/example_dags/example_nested_branch_dag.py
[2022-10-27 22:21:18,010] {processor.py:641} INFO - Processing file /home/nayara/Documentos/airflowalura/venv/lib/python3.9/site-packages/airflow/example_dags/example_nested_branch_dag.py for tasks to queue
[2022-10-27 22:21:18,013] {logging_mixin.py:115} INFO - [2022-10-27 22:21:18,012] {dagbag.py:507} INFO - Filling up the DagBag from /home/nayara/Documentos/airflowalura/venv/lib/python3.9/site-packages/airflow/example_dags/example_nested_branch_dag.py
[2022-10-27 22:21:18,044] {processor.py:651} INFO - DAG(s) dict_keys(['example_nested_branch_dag']) retrieved from /home/nayara/Documentos/airflowalura/venv/lib/python3.9/site-packages/airflow/example_dags/example_nested_branch_dag.py
[2022-10-27 22:21:18,069] {logging_mixin.py:115} INFO - [2022-10-27 22:21:18,069] {dag.py:2379} INFO - Sync 1 DAGs
[2022-10-27 22:21:18,103] {logging_mixin.py:115} INFO - [2022-10-27 22:21:18,103] {dag.py:2927} INFO - Setting next_dagrun for example_nested_branch_dag to 2022-10-27T00:00:00+00:00, run_after=2022-10-28T00:00:00+00:00
[2022-10-27 22:21:18,365] {processor.py:161} INFO - Processing /home/nayara/Documentos/airflowalura/venv/lib/python3.9/site-packages/airflow/example_dags/example_nested_branch_dag.py took 0.375 seconds
[2022-10-27 22:22:09,115] {processor.py:153} INFO - Started process (PID=50095) to work on /home/nayara/Documentos/airflowalura/venv/lib/python3.9/site-packages/airflow/example_dags/example_nested_branch_dag.py
[2022-10-27 22:22:09,128] {processor.py:641} INFO - Processing file /home/nayara/Documentos/airflowalura/venv/lib/python3.9/site-packages/airflow/example_dags/example_nested_branch_dag.py for tasks to queue
[2022-10-27 22:22:09,132] {logging_mixin.py:115} INFO - [2022-10-27 22:22:09,132] {dagbag.py:507} INFO - Filling up the DagBag from /home/nayara/Documentos/airflowalura/venv/lib/python3.9/site-packages/airflow/example_dags/example_nested_branch_dag.py
[2022-10-27 22:22:09,171] {processor.py:651} INFO - DAG(s) dict_keys(['example_nested_branch_dag']) retrieved from /home/nayara/Documentos/airflowalura/venv/lib/python3.9/site-packages/airflow/example_dags/example_nested_branch_dag.py
[2022-10-27 22:22:09,196] {logging_mixin.py:115} INFO - [2022-10-27 22:22:09,196] {dag.py:2379} INFO - Sync 1 DAGs
[2022-10-27 22:22:09,229] {logging_mixin.py:115} INFO - [2022-10-27 22:22:09,229] {dag.py:2927} INFO - Setting next_dagrun for example_nested_branch_dag to 2022-10-27T00:00:00+00:00, run_after=2022-10-28T00:00:00+00:00
[2022-10-27 22:22:09,468] {processor.py:161} INFO - Processing /home/nayara/Documentos/airflowalura/venv/lib/python3.9/site-packages/airflow/example_dags/example_nested_branch_dag.py took 0.370 seconds
[2022-10-27 22:23:09,465] {processor.py:153} INFO - Started process (PID=50223) to work on /home/nayara/Documentos/airflowalura/venv/lib/python3.9/site-packages/airflow/example_dags/example_nested_branch_dag.py
[2022-10-27 22:23:09,485] {processor.py:641} INFO - Processing file /home/nayara/Documentos/airflowalura/venv/lib/python3.9/site-packages/airflow/example_dags/example_nested_branch_dag.py for tasks to queue
[2022-10-27 22:23:09,487] {logging_mixin.py:115} INFO - [2022-10-27 22:23:09,487] {dagbag.py:507} INFO - Filling up the DagBag from /home/nayara/Documentos/airflowalura/venv/lib/python3.9/site-packages/airflow/example_dags/example_nested_branch_dag.py
[2022-10-27 22:23:09,549] {processor.py:651} INFO - DAG(s) dict_keys(['example_nested_branch_dag']) retrieved from /home/nayara/Documentos/airflowalura/venv/lib/python3.9/site-packages/airflow/example_dags/example_nested_branch_dag.py
[2022-10-27 22:23:09,584] {logging_mixin.py:115} INFO - [2022-10-27 22:23:09,584] {dag.py:2379} INFO - Sync 1 DAGs
[2022-10-27 22:23:09,628] {logging_mixin.py:115} INFO - [2022-10-27 22:23:09,628] {dag.py:2927} INFO - Setting next_dagrun for example_nested_branch_dag to 2022-10-27T00:00:00+00:00, run_after=2022-10-28T00:00:00+00:00
[2022-10-27 22:23:09,984] {processor.py:161} INFO - Processing /home/nayara/Documentos/airflowalura/venv/lib/python3.9/site-packages/airflow/example_dags/example_nested_branch_dag.py took 0.523 seconds
[2022-10-27 22:24:15,171] {processor.py:153} INFO - Started process (PID=50380) to work on /home/nayara/Documentos/airflowalura/venv/lib/python3.9/site-packages/airflow/example_dags/example_nested_branch_dag.py
[2022-10-27 22:24:15,256] {processor.py:641} INFO - Processing file /home/nayara/Documentos/airflowalura/venv/lib/python3.9/site-packages/airflow/example_dags/example_nested_branch_dag.py for tasks to queue
[2022-10-27 22:24:15,261] {logging_mixin.py:115} INFO - [2022-10-27 22:24:15,260] {dagbag.py:507} INFO - Filling up the DagBag from /home/nayara/Documentos/airflowalura/venv/lib/python3.9/site-packages/airflow/example_dags/example_nested_branch_dag.py
[2022-10-27 22:24:15,326] {processor.py:651} INFO - DAG(s) dict_keys(['example_nested_branch_dag']) retrieved from /home/nayara/Documentos/airflowalura/venv/lib/python3.9/site-packages/airflow/example_dags/example_nested_branch_dag.py
[2022-10-27 22:24:15,359] {logging_mixin.py:115} INFO - [2022-10-27 22:24:15,358] {dag.py:2379} INFO - Sync 1 DAGs
[2022-10-27 22:24:15,400] {logging_mixin.py:115} INFO - [2022-10-27 22:24:15,400] {dag.py:2927} INFO - Setting next_dagrun for example_nested_branch_dag to 2022-10-27T00:00:00+00:00, run_after=2022-10-28T00:00:00+00:00
[2022-10-27 22:24:16,014] {processor.py:161} INFO - Processing /home/nayara/Documentos/airflowalura/venv/lib/python3.9/site-packages/airflow/example_dags/example_nested_branch_dag.py took 0.863 seconds
[2022-10-27 22:25:04,911] {processor.py:153} INFO - Started process (PID=50501) to work on /home/nayara/Documentos/airflowalura/venv/lib/python3.9/site-packages/airflow/example_dags/example_nested_branch_dag.py
[2022-10-27 22:25:04,919] {processor.py:641} INFO - Processing file /home/nayara/Documentos/airflowalura/venv/lib/python3.9/site-packages/airflow/example_dags/example_nested_branch_dag.py for tasks to queue
[2022-10-27 22:25:04,920] {logging_mixin.py:115} INFO - [2022-10-27 22:25:04,919] {dagbag.py:507} INFO - Filling up the DagBag from /home/nayara/Documentos/airflowalura/venv/lib/python3.9/site-packages/airflow/example_dags/example_nested_branch_dag.py
[2022-10-27 22:25:04,941] {processor.py:651} INFO - DAG(s) dict_keys(['example_nested_branch_dag']) retrieved from /home/nayara/Documentos/airflowalura/venv/lib/python3.9/site-packages/airflow/example_dags/example_nested_branch_dag.py
[2022-10-27 22:25:04,970] {logging_mixin.py:115} INFO - [2022-10-27 22:25:04,970] {dag.py:2379} INFO - Sync 1 DAGs
[2022-10-27 22:25:05,003] {logging_mixin.py:115} INFO - [2022-10-27 22:25:05,002] {dag.py:2927} INFO - Setting next_dagrun for example_nested_branch_dag to 2022-10-27T00:00:00+00:00, run_after=2022-10-28T00:00:00+00:00
[2022-10-27 22:25:05,217] {processor.py:161} INFO - Processing /home/nayara/Documentos/airflowalura/venv/lib/python3.9/site-packages/airflow/example_dags/example_nested_branch_dag.py took 0.319 seconds
[2022-10-27 22:25:59,181] {processor.py:153} INFO - Started process (PID=50607) to work on /home/nayara/Documentos/airflowalura/venv/lib/python3.9/site-packages/airflow/example_dags/example_nested_branch_dag.py
[2022-10-27 22:25:59,194] {processor.py:641} INFO - Processing file /home/nayara/Documentos/airflowalura/venv/lib/python3.9/site-packages/airflow/example_dags/example_nested_branch_dag.py for tasks to queue
[2022-10-27 22:25:59,195] {logging_mixin.py:115} INFO - [2022-10-27 22:25:59,195] {dagbag.py:507} INFO - Filling up the DagBag from /home/nayara/Documentos/airflowalura/venv/lib/python3.9/site-packages/airflow/example_dags/example_nested_branch_dag.py
[2022-10-27 22:25:59,215] {processor.py:651} INFO - DAG(s) dict_keys(['example_nested_branch_dag']) retrieved from /home/nayara/Documentos/airflowalura/venv/lib/python3.9/site-packages/airflow/example_dags/example_nested_branch_dag.py
[2022-10-27 22:25:59,246] {logging_mixin.py:115} INFO - [2022-10-27 22:25:59,246] {dag.py:2379} INFO - Sync 1 DAGs
[2022-10-27 22:25:59,290] {logging_mixin.py:115} INFO - [2022-10-27 22:25:59,290] {dag.py:2927} INFO - Setting next_dagrun for example_nested_branch_dag to 2022-10-27T00:00:00+00:00, run_after=2022-10-28T00:00:00+00:00
[2022-10-27 22:25:59,560] {processor.py:161} INFO - Processing /home/nayara/Documentos/airflowalura/venv/lib/python3.9/site-packages/airflow/example_dags/example_nested_branch_dag.py took 0.386 seconds
[2022-10-27 22:26:53,325] {processor.py:153} INFO - Started process (PID=50740) to work on /home/nayara/Documentos/airflowalura/venv/lib/python3.9/site-packages/airflow/example_dags/example_nested_branch_dag.py
[2022-10-27 22:26:53,343] {processor.py:641} INFO - Processing file /home/nayara/Documentos/airflowalura/venv/lib/python3.9/site-packages/airflow/example_dags/example_nested_branch_dag.py for tasks to queue
[2022-10-27 22:26:53,346] {logging_mixin.py:115} INFO - [2022-10-27 22:26:53,345] {dagbag.py:507} INFO - Filling up the DagBag from /home/nayara/Documentos/airflowalura/venv/lib/python3.9/site-packages/airflow/example_dags/example_nested_branch_dag.py
[2022-10-27 22:26:53,402] {processor.py:651} INFO - DAG(s) dict_keys(['example_nested_branch_dag']) retrieved from /home/nayara/Documentos/airflowalura/venv/lib/python3.9/site-packages/airflow/example_dags/example_nested_branch_dag.py
[2022-10-27 22:26:53,434] {logging_mixin.py:115} INFO - [2022-10-27 22:26:53,433] {dag.py:2379} INFO - Sync 1 DAGs
[2022-10-27 22:26:53,468] {logging_mixin.py:115} INFO - [2022-10-27 22:26:53,468] {dag.py:2927} INFO - Setting next_dagrun for example_nested_branch_dag to 2022-10-27T00:00:00+00:00, run_after=2022-10-28T00:00:00+00:00
[2022-10-27 22:26:53,692] {processor.py:161} INFO - Processing /home/nayara/Documentos/airflowalura/venv/lib/python3.9/site-packages/airflow/example_dags/example_nested_branch_dag.py took 0.374 seconds
[2022-10-27 22:27:35,137] {processor.py:153} INFO - Started process (PID=50824) to work on /home/nayara/Documentos/airflowalura/venv/lib/python3.9/site-packages/airflow/example_dags/example_nested_branch_dag.py
[2022-10-27 22:27:35,146] {processor.py:641} INFO - Processing file /home/nayara/Documentos/airflowalura/venv/lib/python3.9/site-packages/airflow/example_dags/example_nested_branch_dag.py for tasks to queue
[2022-10-27 22:27:35,148] {logging_mixin.py:115} INFO - [2022-10-27 22:27:35,148] {dagbag.py:507} INFO - Filling up the DagBag from /home/nayara/Documentos/airflowalura/venv/lib/python3.9/site-packages/airflow/example_dags/example_nested_branch_dag.py
[2022-10-27 22:27:35,175] {processor.py:651} INFO - DAG(s) dict_keys(['example_nested_branch_dag']) retrieved from /home/nayara/Documentos/airflowalura/venv/lib/python3.9/site-packages/airflow/example_dags/example_nested_branch_dag.py
[2022-10-27 22:27:35,208] {logging_mixin.py:115} INFO - [2022-10-27 22:27:35,208] {dag.py:2379} INFO - Sync 1 DAGs
[2022-10-27 22:27:35,243] {logging_mixin.py:115} INFO - [2022-10-27 22:27:35,243] {dag.py:2927} INFO - Setting next_dagrun for example_nested_branch_dag to 2022-10-27T00:00:00+00:00, run_after=2022-10-28T00:00:00+00:00
[2022-10-27 22:27:35,467] {processor.py:161} INFO - Processing /home/nayara/Documentos/airflowalura/venv/lib/python3.9/site-packages/airflow/example_dags/example_nested_branch_dag.py took 0.338 seconds
[2022-10-27 22:28:26,926] {processor.py:153} INFO - Started process (PID=51020) to work on /home/nayara/Documentos/airflowalura/venv/lib/python3.9/site-packages/airflow/example_dags/example_nested_branch_dag.py
[2022-10-27 22:28:26,949] {processor.py:641} INFO - Processing file /home/nayara/Documentos/airflowalura/venv/lib/python3.9/site-packages/airflow/example_dags/example_nested_branch_dag.py for tasks to queue
[2022-10-27 22:28:26,950] {logging_mixin.py:115} INFO - [2022-10-27 22:28:26,950] {dagbag.py:507} INFO - Filling up the DagBag from /home/nayara/Documentos/airflowalura/venv/lib/python3.9/site-packages/airflow/example_dags/example_nested_branch_dag.py
[2022-10-27 22:28:26,975] {processor.py:651} INFO - DAG(s) dict_keys(['example_nested_branch_dag']) retrieved from /home/nayara/Documentos/airflowalura/venv/lib/python3.9/site-packages/airflow/example_dags/example_nested_branch_dag.py
[2022-10-27 22:28:26,996] {logging_mixin.py:115} INFO - [2022-10-27 22:28:26,996] {dag.py:2379} INFO - Sync 1 DAGs
[2022-10-27 22:28:27,027] {logging_mixin.py:115} INFO - [2022-10-27 22:28:27,027] {dag.py:2927} INFO - Setting next_dagrun for example_nested_branch_dag to 2022-10-27T00:00:00+00:00, run_after=2022-10-28T00:00:00+00:00
[2022-10-27 22:28:27,306] {processor.py:161} INFO - Processing /home/nayara/Documentos/airflowalura/venv/lib/python3.9/site-packages/airflow/example_dags/example_nested_branch_dag.py took 0.389 seconds
[2022-10-27 22:29:17,785] {processor.py:153} INFO - Started process (PID=51127) to work on /home/nayara/Documentos/airflowalura/venv/lib/python3.9/site-packages/airflow/example_dags/example_nested_branch_dag.py
[2022-10-27 22:29:17,800] {processor.py:641} INFO - Processing file /home/nayara/Documentos/airflowalura/venv/lib/python3.9/site-packages/airflow/example_dags/example_nested_branch_dag.py for tasks to queue
[2022-10-27 22:29:17,802] {logging_mixin.py:115} INFO - [2022-10-27 22:29:17,802] {dagbag.py:507} INFO - Filling up the DagBag from /home/nayara/Documentos/airflowalura/venv/lib/python3.9/site-packages/airflow/example_dags/example_nested_branch_dag.py
[2022-10-27 22:29:17,821] {processor.py:651} INFO - DAG(s) dict_keys(['example_nested_branch_dag']) retrieved from /home/nayara/Documentos/airflowalura/venv/lib/python3.9/site-packages/airflow/example_dags/example_nested_branch_dag.py
[2022-10-27 22:29:17,851] {logging_mixin.py:115} INFO - [2022-10-27 22:29:17,851] {dag.py:2379} INFO - Sync 1 DAGs
[2022-10-27 22:29:17,879] {logging_mixin.py:115} INFO - [2022-10-27 22:29:17,879] {dag.py:2927} INFO - Setting next_dagrun for example_nested_branch_dag to 2022-10-27T00:00:00+00:00, run_after=2022-10-28T00:00:00+00:00
[2022-10-27 22:29:18,115] {processor.py:161} INFO - Processing /home/nayara/Documentos/airflowalura/venv/lib/python3.9/site-packages/airflow/example_dags/example_nested_branch_dag.py took 0.347 seconds
[2022-10-27 22:30:04,030] {processor.py:153} INFO - Started process (PID=51214) to work on /home/nayara/Documentos/airflowalura/venv/lib/python3.9/site-packages/airflow/example_dags/example_nested_branch_dag.py
[2022-10-27 22:30:04,031] {processor.py:641} INFO - Processing file /home/nayara/Documentos/airflowalura/venv/lib/python3.9/site-packages/airflow/example_dags/example_nested_branch_dag.py for tasks to queue
[2022-10-27 22:30:04,032] {logging_mixin.py:115} INFO - [2022-10-27 22:30:04,032] {dagbag.py:507} INFO - Filling up the DagBag from /home/nayara/Documentos/airflowalura/venv/lib/python3.9/site-packages/airflow/example_dags/example_nested_branch_dag.py
[2022-10-27 22:30:04,044] {processor.py:651} INFO - DAG(s) dict_keys(['example_nested_branch_dag']) retrieved from /home/nayara/Documentos/airflowalura/venv/lib/python3.9/site-packages/airflow/example_dags/example_nested_branch_dag.py
[2022-10-27 22:30:04,068] {logging_mixin.py:115} INFO - [2022-10-27 22:30:04,068] {dag.py:2379} INFO - Sync 1 DAGs
[2022-10-27 22:30:04,091] {logging_mixin.py:115} INFO - [2022-10-27 22:30:04,091] {dag.py:2927} INFO - Setting next_dagrun for example_nested_branch_dag to 2022-10-27T00:00:00+00:00, run_after=2022-10-28T00:00:00+00:00
[2022-10-27 22:30:04,263] {processor.py:161} INFO - Processing /home/nayara/Documentos/airflowalura/venv/lib/python3.9/site-packages/airflow/example_dags/example_nested_branch_dag.py took 0.238 seconds
[2022-10-27 22:31:02,207] {processor.py:153} INFO - Started process (PID=51319) to work on /home/nayara/Documentos/airflowalura/venv/lib/python3.9/site-packages/airflow/example_dags/example_nested_branch_dag.py
[2022-10-27 22:31:02,227] {processor.py:641} INFO - Processing file /home/nayara/Documentos/airflowalura/venv/lib/python3.9/site-packages/airflow/example_dags/example_nested_branch_dag.py for tasks to queue
[2022-10-27 22:31:02,228] {logging_mixin.py:115} INFO - [2022-10-27 22:31:02,228] {dagbag.py:507} INFO - Filling up the DagBag from /home/nayara/Documentos/airflowalura/venv/lib/python3.9/site-packages/airflow/example_dags/example_nested_branch_dag.py
[2022-10-27 22:31:02,242] {processor.py:651} INFO - DAG(s) dict_keys(['example_nested_branch_dag']) retrieved from /home/nayara/Documentos/airflowalura/venv/lib/python3.9/site-packages/airflow/example_dags/example_nested_branch_dag.py
[2022-10-27 22:31:02,267] {logging_mixin.py:115} INFO - [2022-10-27 22:31:02,267] {dag.py:2379} INFO - Sync 1 DAGs
[2022-10-27 22:31:02,289] {logging_mixin.py:115} INFO - [2022-10-27 22:31:02,289] {dag.py:2927} INFO - Setting next_dagrun for example_nested_branch_dag to 2022-10-27T00:00:00+00:00, run_after=2022-10-28T00:00:00+00:00
[2022-10-27 22:31:02,520] {processor.py:161} INFO - Processing /home/nayara/Documentos/airflowalura/venv/lib/python3.9/site-packages/airflow/example_dags/example_nested_branch_dag.py took 0.316 seconds
[2022-10-27 22:32:49,290] {processor.py:153} INFO - Started process (PID=51554) to work on /home/nayara/Documentos/airflowalura/venv/lib/python3.9/site-packages/airflow/example_dags/example_nested_branch_dag.py
[2022-10-27 22:32:49,313] {processor.py:641} INFO - Processing file /home/nayara/Documentos/airflowalura/venv/lib/python3.9/site-packages/airflow/example_dags/example_nested_branch_dag.py for tasks to queue
[2022-10-27 22:32:49,314] {logging_mixin.py:115} INFO - [2022-10-27 22:32:49,314] {dagbag.py:507} INFO - Filling up the DagBag from /home/nayara/Documentos/airflowalura/venv/lib/python3.9/site-packages/airflow/example_dags/example_nested_branch_dag.py
[2022-10-27 22:32:49,334] {processor.py:651} INFO - DAG(s) dict_keys(['example_nested_branch_dag']) retrieved from /home/nayara/Documentos/airflowalura/venv/lib/python3.9/site-packages/airflow/example_dags/example_nested_branch_dag.py
[2022-10-27 22:32:49,369] {logging_mixin.py:115} INFO - [2022-10-27 22:32:49,368] {dag.py:2379} INFO - Sync 1 DAGs
[2022-10-27 22:32:49,392] {logging_mixin.py:115} INFO - [2022-10-27 22:32:49,392] {dag.py:2927} INFO - Setting next_dagrun for example_nested_branch_dag to 2022-10-27T00:00:00+00:00, run_after=2022-10-28T00:00:00+00:00
[2022-10-27 22:32:49,612] {processor.py:161} INFO - Processing /home/nayara/Documentos/airflowalura/venv/lib/python3.9/site-packages/airflow/example_dags/example_nested_branch_dag.py took 0.327 seconds
[2022-10-27 22:33:41,052] {processor.py:153} INFO - Started process (PID=51671) to work on /home/nayara/Documentos/airflowalura/venv/lib/python3.9/site-packages/airflow/example_dags/example_nested_branch_dag.py
[2022-10-27 22:33:41,053] {processor.py:641} INFO - Processing file /home/nayara/Documentos/airflowalura/venv/lib/python3.9/site-packages/airflow/example_dags/example_nested_branch_dag.py for tasks to queue
[2022-10-27 22:33:41,054] {logging_mixin.py:115} INFO - [2022-10-27 22:33:41,054] {dagbag.py:507} INFO - Filling up the DagBag from /home/nayara/Documentos/airflowalura/venv/lib/python3.9/site-packages/airflow/example_dags/example_nested_branch_dag.py
[2022-10-27 22:33:41,074] {processor.py:651} INFO - DAG(s) dict_keys(['example_nested_branch_dag']) retrieved from /home/nayara/Documentos/airflowalura/venv/lib/python3.9/site-packages/airflow/example_dags/example_nested_branch_dag.py
[2022-10-27 22:33:41,109] {logging_mixin.py:115} INFO - [2022-10-27 22:33:41,109] {dag.py:2379} INFO - Sync 1 DAGs
[2022-10-27 22:33:41,142] {logging_mixin.py:115} INFO - [2022-10-27 22:33:41,142] {dag.py:2927} INFO - Setting next_dagrun for example_nested_branch_dag to 2022-10-27T00:00:00+00:00, run_after=2022-10-28T00:00:00+00:00
[2022-10-27 22:33:41,416] {processor.py:161} INFO - Processing /home/nayara/Documentos/airflowalura/venv/lib/python3.9/site-packages/airflow/example_dags/example_nested_branch_dag.py took 0.377 seconds
[2022-10-27 22:34:36,966] {processor.py:153} INFO - Started process (PID=51773) to work on /home/nayara/Documentos/airflowalura/venv/lib/python3.9/site-packages/airflow/example_dags/example_nested_branch_dag.py
[2022-10-27 22:34:36,968] {processor.py:641} INFO - Processing file /home/nayara/Documentos/airflowalura/venv/lib/python3.9/site-packages/airflow/example_dags/example_nested_branch_dag.py for tasks to queue
[2022-10-27 22:34:36,969] {logging_mixin.py:115} INFO - [2022-10-27 22:34:36,969] {dagbag.py:507} INFO - Filling up the DagBag from /home/nayara/Documentos/airflowalura/venv/lib/python3.9/site-packages/airflow/example_dags/example_nested_branch_dag.py
[2022-10-27 22:34:36,984] {processor.py:651} INFO - DAG(s) dict_keys(['example_nested_branch_dag']) retrieved from /home/nayara/Documentos/airflowalura/venv/lib/python3.9/site-packages/airflow/example_dags/example_nested_branch_dag.py
[2022-10-27 22:34:37,007] {logging_mixin.py:115} INFO - [2022-10-27 22:34:37,007] {dag.py:2379} INFO - Sync 1 DAGs
[2022-10-27 22:34:37,030] {logging_mixin.py:115} INFO - [2022-10-27 22:34:37,030] {dag.py:2927} INFO - Setting next_dagrun for example_nested_branch_dag to 2022-10-27T00:00:00+00:00, run_after=2022-10-28T00:00:00+00:00
[2022-10-27 22:34:37,272] {processor.py:161} INFO - Processing /home/nayara/Documentos/airflowalura/venv/lib/python3.9/site-packages/airflow/example_dags/example_nested_branch_dag.py took 0.319 seconds
[2022-10-27 22:35:34,032] {processor.py:153} INFO - Started process (PID=51861) to work on /home/nayara/Documentos/airflowalura/venv/lib/python3.9/site-packages/airflow/example_dags/example_nested_branch_dag.py
[2022-10-27 22:35:34,034] {processor.py:641} INFO - Processing file /home/nayara/Documentos/airflowalura/venv/lib/python3.9/site-packages/airflow/example_dags/example_nested_branch_dag.py for tasks to queue
[2022-10-27 22:35:34,035] {logging_mixin.py:115} INFO - [2022-10-27 22:35:34,035] {dagbag.py:507} INFO - Filling up the DagBag from /home/nayara/Documentos/airflowalura/venv/lib/python3.9/site-packages/airflow/example_dags/example_nested_branch_dag.py
[2022-10-27 22:35:34,050] {processor.py:651} INFO - DAG(s) dict_keys(['example_nested_branch_dag']) retrieved from /home/nayara/Documentos/airflowalura/venv/lib/python3.9/site-packages/airflow/example_dags/example_nested_branch_dag.py
[2022-10-27 22:35:34,073] {logging_mixin.py:115} INFO - [2022-10-27 22:35:34,072] {dag.py:2379} INFO - Sync 1 DAGs
[2022-10-27 22:35:34,095] {logging_mixin.py:115} INFO - [2022-10-27 22:35:34,095] {dag.py:2927} INFO - Setting next_dagrun for example_nested_branch_dag to 2022-10-27T00:00:00+00:00, run_after=2022-10-28T00:00:00+00:00
[2022-10-27 22:35:34,313] {processor.py:161} INFO - Processing /home/nayara/Documentos/airflowalura/venv/lib/python3.9/site-packages/airflow/example_dags/example_nested_branch_dag.py took 0.294 seconds
[2022-10-27 22:36:39,846] {processor.py:153} INFO - Started process (PID=52021) to work on /home/nayara/Documentos/airflowalura/venv/lib/python3.9/site-packages/airflow/example_dags/example_nested_branch_dag.py
[2022-10-27 22:36:39,911] {processor.py:641} INFO - Processing file /home/nayara/Documentos/airflowalura/venv/lib/python3.9/site-packages/airflow/example_dags/example_nested_branch_dag.py for tasks to queue
[2022-10-27 22:36:39,915] {logging_mixin.py:115} INFO - [2022-10-27 22:36:39,914] {dagbag.py:507} INFO - Filling up the DagBag from /home/nayara/Documentos/airflowalura/venv/lib/python3.9/site-packages/airflow/example_dags/example_nested_branch_dag.py
[2022-10-27 22:36:39,967] {processor.py:651} INFO - DAG(s) dict_keys(['example_nested_branch_dag']) retrieved from /home/nayara/Documentos/airflowalura/venv/lib/python3.9/site-packages/airflow/example_dags/example_nested_branch_dag.py
[2022-10-27 22:36:39,994] {logging_mixin.py:115} INFO - [2022-10-27 22:36:39,994] {dag.py:2379} INFO - Sync 1 DAGs
[2022-10-27 22:36:40,022] {logging_mixin.py:115} INFO - [2022-10-27 22:36:40,022] {dag.py:2927} INFO - Setting next_dagrun for example_nested_branch_dag to 2022-10-27T00:00:00+00:00, run_after=2022-10-28T00:00:00+00:00
[2022-10-27 22:36:40,618] {processor.py:161} INFO - Processing /home/nayara/Documentos/airflowalura/venv/lib/python3.9/site-packages/airflow/example_dags/example_nested_branch_dag.py took 0.778 seconds
[2022-10-27 22:37:46,858] {processor.py:153} INFO - Started process (PID=52364) to work on /home/nayara/Documentos/airflowalura/venv/lib/python3.9/site-packages/airflow/example_dags/example_nested_branch_dag.py
[2022-10-27 22:37:46,909] {processor.py:641} INFO - Processing file /home/nayara/Documentos/airflowalura/venv/lib/python3.9/site-packages/airflow/example_dags/example_nested_branch_dag.py for tasks to queue
[2022-10-27 22:37:46,911] {logging_mixin.py:115} INFO - [2022-10-27 22:37:46,910] {dagbag.py:507} INFO - Filling up the DagBag from /home/nayara/Documentos/airflowalura/venv/lib/python3.9/site-packages/airflow/example_dags/example_nested_branch_dag.py
[2022-10-27 22:37:47,383] {processor.py:651} INFO - DAG(s) dict_keys(['example_nested_branch_dag']) retrieved from /home/nayara/Documentos/airflowalura/venv/lib/python3.9/site-packages/airflow/example_dags/example_nested_branch_dag.py
[2022-10-27 22:37:47,742] {logging_mixin.py:115} INFO - [2022-10-27 22:37:47,742] {dag.py:2379} INFO - Sync 1 DAGs
[2022-10-27 22:37:48,576] {logging_mixin.py:115} INFO - [2022-10-27 22:37:48,576] {dag.py:2927} INFO - Setting next_dagrun for example_nested_branch_dag to 2022-10-27T00:00:00+00:00, run_after=2022-10-28T00:00:00+00:00
[2022-10-27 22:37:49,403] {processor.py:161} INFO - Processing /home/nayara/Documentos/airflowalura/venv/lib/python3.9/site-packages/airflow/example_dags/example_nested_branch_dag.py took 2.623 seconds
[2022-10-27 22:38:56,604] {processor.py:153} INFO - Started process (PID=52541) to work on /home/nayara/Documentos/airflowalura/venv/lib/python3.9/site-packages/airflow/example_dags/example_nested_branch_dag.py
[2022-10-27 22:38:56,631] {processor.py:641} INFO - Processing file /home/nayara/Documentos/airflowalura/venv/lib/python3.9/site-packages/airflow/example_dags/example_nested_branch_dag.py for tasks to queue
[2022-10-27 22:38:56,632] {logging_mixin.py:115} INFO - [2022-10-27 22:38:56,631] {dagbag.py:507} INFO - Filling up the DagBag from /home/nayara/Documentos/airflowalura/venv/lib/python3.9/site-packages/airflow/example_dags/example_nested_branch_dag.py
[2022-10-27 22:38:56,652] {processor.py:651} INFO - DAG(s) dict_keys(['example_nested_branch_dag']) retrieved from /home/nayara/Documentos/airflowalura/venv/lib/python3.9/site-packages/airflow/example_dags/example_nested_branch_dag.py
[2022-10-27 22:38:56,676] {logging_mixin.py:115} INFO - [2022-10-27 22:38:56,676] {dag.py:2379} INFO - Sync 1 DAGs
[2022-10-27 22:38:56,714] {logging_mixin.py:115} INFO - [2022-10-27 22:38:56,714] {dag.py:2927} INFO - Setting next_dagrun for example_nested_branch_dag to 2022-10-27T00:00:00+00:00, run_after=2022-10-28T00:00:00+00:00
[2022-10-27 22:38:56,948] {processor.py:161} INFO - Processing /home/nayara/Documentos/airflowalura/venv/lib/python3.9/site-packages/airflow/example_dags/example_nested_branch_dag.py took 0.362 seconds
[2022-10-27 22:39:49,024] {processor.py:153} INFO - Started process (PID=52648) to work on /home/nayara/Documentos/airflowalura/venv/lib/python3.9/site-packages/airflow/example_dags/example_nested_branch_dag.py
[2022-10-27 22:39:49,077] {processor.py:641} INFO - Processing file /home/nayara/Documentos/airflowalura/venv/lib/python3.9/site-packages/airflow/example_dags/example_nested_branch_dag.py for tasks to queue
[2022-10-27 22:39:49,080] {logging_mixin.py:115} INFO - [2022-10-27 22:39:49,079] {dagbag.py:507} INFO - Filling up the DagBag from /home/nayara/Documentos/airflowalura/venv/lib/python3.9/site-packages/airflow/example_dags/example_nested_branch_dag.py
[2022-10-27 22:39:49,125] {processor.py:651} INFO - DAG(s) dict_keys(['example_nested_branch_dag']) retrieved from /home/nayara/Documentos/airflowalura/venv/lib/python3.9/site-packages/airflow/example_dags/example_nested_branch_dag.py
[2022-10-27 22:39:49,183] {logging_mixin.py:115} INFO - [2022-10-27 22:39:49,183] {dag.py:2379} INFO - Sync 1 DAGs
[2022-10-27 22:39:49,220] {logging_mixin.py:115} INFO - [2022-10-27 22:39:49,220] {dag.py:2927} INFO - Setting next_dagrun for example_nested_branch_dag to 2022-10-27T00:00:00+00:00, run_after=2022-10-28T00:00:00+00:00
[2022-10-27 22:39:49,840] {processor.py:161} INFO - Processing /home/nayara/Documentos/airflowalura/venv/lib/python3.9/site-packages/airflow/example_dags/example_nested_branch_dag.py took 0.826 seconds
[2022-10-27 22:41:21,731] {processor.py:153} INFO - Started process (PID=52817) to work on /home/nayara/Documentos/airflowalura/venv/lib/python3.9/site-packages/airflow/example_dags/example_nested_branch_dag.py
[2022-10-27 22:41:21,753] {processor.py:641} INFO - Processing file /home/nayara/Documentos/airflowalura/venv/lib/python3.9/site-packages/airflow/example_dags/example_nested_branch_dag.py for tasks to queue
[2022-10-27 22:41:21,754] {logging_mixin.py:115} INFO - [2022-10-27 22:41:21,753] {dagbag.py:507} INFO - Filling up the DagBag from /home/nayara/Documentos/airflowalura/venv/lib/python3.9/site-packages/airflow/example_dags/example_nested_branch_dag.py
[2022-10-27 22:41:21,775] {processor.py:651} INFO - DAG(s) dict_keys(['example_nested_branch_dag']) retrieved from /home/nayara/Documentos/airflowalura/venv/lib/python3.9/site-packages/airflow/example_dags/example_nested_branch_dag.py
[2022-10-27 22:41:21,802] {logging_mixin.py:115} INFO - [2022-10-27 22:41:21,802] {dag.py:2379} INFO - Sync 1 DAGs
[2022-10-27 22:41:21,837] {logging_mixin.py:115} INFO - [2022-10-27 22:41:21,837] {dag.py:2927} INFO - Setting next_dagrun for example_nested_branch_dag to 2022-10-27T00:00:00+00:00, run_after=2022-10-28T00:00:00+00:00
[2022-10-27 22:41:22,102] {processor.py:161} INFO - Processing /home/nayara/Documentos/airflowalura/venv/lib/python3.9/site-packages/airflow/example_dags/example_nested_branch_dag.py took 0.375 seconds
[2022-10-27 22:42:12,598] {processor.py:153} INFO - Started process (PID=52942) to work on /home/nayara/Documentos/airflowalura/venv/lib/python3.9/site-packages/airflow/example_dags/example_nested_branch_dag.py
[2022-10-27 22:42:12,620] {processor.py:641} INFO - Processing file /home/nayara/Documentos/airflowalura/venv/lib/python3.9/site-packages/airflow/example_dags/example_nested_branch_dag.py for tasks to queue
[2022-10-27 22:42:12,622] {logging_mixin.py:115} INFO - [2022-10-27 22:42:12,622] {dagbag.py:507} INFO - Filling up the DagBag from /home/nayara/Documentos/airflowalura/venv/lib/python3.9/site-packages/airflow/example_dags/example_nested_branch_dag.py
[2022-10-27 22:42:12,649] {processor.py:651} INFO - DAG(s) dict_keys(['example_nested_branch_dag']) retrieved from /home/nayara/Documentos/airflowalura/venv/lib/python3.9/site-packages/airflow/example_dags/example_nested_branch_dag.py
[2022-10-27 22:42:12,668] {logging_mixin.py:115} INFO - [2022-10-27 22:42:12,668] {dag.py:2379} INFO - Sync 1 DAGs
[2022-10-27 22:42:12,691] {logging_mixin.py:115} INFO - [2022-10-27 22:42:12,691] {dag.py:2927} INFO - Setting next_dagrun for example_nested_branch_dag to 2022-10-27T00:00:00+00:00, run_after=2022-10-28T00:00:00+00:00
[2022-10-27 22:42:12,897] {processor.py:161} INFO - Processing /home/nayara/Documentos/airflowalura/venv/lib/python3.9/site-packages/airflow/example_dags/example_nested_branch_dag.py took 0.311 seconds
[2022-10-27 22:43:07,432] {processor.py:153} INFO - Started process (PID=53053) to work on /home/nayara/Documentos/airflowalura/venv/lib/python3.9/site-packages/airflow/example_dags/example_nested_branch_dag.py
[2022-10-27 22:43:07,434] {processor.py:641} INFO - Processing file /home/nayara/Documentos/airflowalura/venv/lib/python3.9/site-packages/airflow/example_dags/example_nested_branch_dag.py for tasks to queue
[2022-10-27 22:43:07,436] {logging_mixin.py:115} INFO - [2022-10-27 22:43:07,435] {dagbag.py:507} INFO - Filling up the DagBag from /home/nayara/Documentos/airflowalura/venv/lib/python3.9/site-packages/airflow/example_dags/example_nested_branch_dag.py
[2022-10-27 22:43:07,460] {processor.py:651} INFO - DAG(s) dict_keys(['example_nested_branch_dag']) retrieved from /home/nayara/Documentos/airflowalura/venv/lib/python3.9/site-packages/airflow/example_dags/example_nested_branch_dag.py
[2022-10-27 22:43:07,487] {logging_mixin.py:115} INFO - [2022-10-27 22:43:07,487] {dag.py:2379} INFO - Sync 1 DAGs
[2022-10-27 22:43:07,518] {logging_mixin.py:115} INFO - [2022-10-27 22:43:07,518] {dag.py:2927} INFO - Setting next_dagrun for example_nested_branch_dag to 2022-10-27T00:00:00+00:00, run_after=2022-10-28T00:00:00+00:00
[2022-10-27 22:43:07,734] {processor.py:161} INFO - Processing /home/nayara/Documentos/airflowalura/venv/lib/python3.9/site-packages/airflow/example_dags/example_nested_branch_dag.py took 0.317 seconds
[2022-10-27 22:44:04,305] {processor.py:153} INFO - Started process (PID=53163) to work on /home/nayara/Documentos/airflowalura/venv/lib/python3.9/site-packages/airflow/example_dags/example_nested_branch_dag.py
[2022-10-27 22:44:04,335] {processor.py:641} INFO - Processing file /home/nayara/Documentos/airflowalura/venv/lib/python3.9/site-packages/airflow/example_dags/example_nested_branch_dag.py for tasks to queue
[2022-10-27 22:44:04,337] {logging_mixin.py:115} INFO - [2022-10-27 22:44:04,336] {dagbag.py:507} INFO - Filling up the DagBag from /home/nayara/Documentos/airflowalura/venv/lib/python3.9/site-packages/airflow/example_dags/example_nested_branch_dag.py
[2022-10-27 22:44:04,375] {processor.py:651} INFO - DAG(s) dict_keys(['example_nested_branch_dag']) retrieved from /home/nayara/Documentos/airflowalura/venv/lib/python3.9/site-packages/airflow/example_dags/example_nested_branch_dag.py
[2022-10-27 22:44:04,414] {logging_mixin.py:115} INFO - [2022-10-27 22:44:04,414] {dag.py:2379} INFO - Sync 1 DAGs
[2022-10-27 22:44:04,447] {logging_mixin.py:115} INFO - [2022-10-27 22:44:04,447] {dag.py:2927} INFO - Setting next_dagrun for example_nested_branch_dag to 2022-10-27T00:00:00+00:00, run_after=2022-10-28T00:00:00+00:00
[2022-10-27 22:44:04,669] {processor.py:161} INFO - Processing /home/nayara/Documentos/airflowalura/venv/lib/python3.9/site-packages/airflow/example_dags/example_nested_branch_dag.py took 0.370 seconds
[2022-10-27 22:45:21,491] {processor.py:153} INFO - Started process (PID=53382) to work on /home/nayara/Documentos/airflowalura/venv/lib/python3.9/site-packages/airflow/example_dags/example_nested_branch_dag.py
[2022-10-27 22:45:21,514] {processor.py:641} INFO - Processing file /home/nayara/Documentos/airflowalura/venv/lib/python3.9/site-packages/airflow/example_dags/example_nested_branch_dag.py for tasks to queue
[2022-10-27 22:45:21,516] {logging_mixin.py:115} INFO - [2022-10-27 22:45:21,515] {dagbag.py:507} INFO - Filling up the DagBag from /home/nayara/Documentos/airflowalura/venv/lib/python3.9/site-packages/airflow/example_dags/example_nested_branch_dag.py
[2022-10-27 22:45:21,563] {processor.py:651} INFO - DAG(s) dict_keys(['example_nested_branch_dag']) retrieved from /home/nayara/Documentos/airflowalura/venv/lib/python3.9/site-packages/airflow/example_dags/example_nested_branch_dag.py
[2022-10-27 22:45:21,592] {logging_mixin.py:115} INFO - [2022-10-27 22:45:21,592] {dag.py:2379} INFO - Sync 1 DAGs
[2022-10-27 22:45:21,618] {logging_mixin.py:115} INFO - [2022-10-27 22:45:21,618] {dag.py:2927} INFO - Setting next_dagrun for example_nested_branch_dag to 2022-10-27T00:00:00+00:00, run_after=2022-10-28T00:00:00+00:00
[2022-10-27 22:45:21,880] {processor.py:161} INFO - Processing /home/nayara/Documentos/airflowalura/venv/lib/python3.9/site-packages/airflow/example_dags/example_nested_branch_dag.py took 0.398 seconds
[2022-10-27 22:46:16,441] {processor.py:153} INFO - Started process (PID=53481) to work on /home/nayara/Documentos/airflowalura/venv/lib/python3.9/site-packages/airflow/example_dags/example_nested_branch_dag.py
[2022-10-27 22:46:16,457] {processor.py:641} INFO - Processing file /home/nayara/Documentos/airflowalura/venv/lib/python3.9/site-packages/airflow/example_dags/example_nested_branch_dag.py for tasks to queue
[2022-10-27 22:46:16,458] {logging_mixin.py:115} INFO - [2022-10-27 22:46:16,457] {dagbag.py:507} INFO - Filling up the DagBag from /home/nayara/Documentos/airflowalura/venv/lib/python3.9/site-packages/airflow/example_dags/example_nested_branch_dag.py
[2022-10-27 22:46:16,476] {processor.py:651} INFO - DAG(s) dict_keys(['example_nested_branch_dag']) retrieved from /home/nayara/Documentos/airflowalura/venv/lib/python3.9/site-packages/airflow/example_dags/example_nested_branch_dag.py
[2022-10-27 22:46:16,497] {logging_mixin.py:115} INFO - [2022-10-27 22:46:16,497] {dag.py:2379} INFO - Sync 1 DAGs
[2022-10-27 22:46:16,525] {logging_mixin.py:115} INFO - [2022-10-27 22:46:16,524] {dag.py:2927} INFO - Setting next_dagrun for example_nested_branch_dag to 2022-10-27T00:00:00+00:00, run_after=2022-10-28T00:00:00+00:00
[2022-10-27 22:46:16,750] {processor.py:161} INFO - Processing /home/nayara/Documentos/airflowalura/venv/lib/python3.9/site-packages/airflow/example_dags/example_nested_branch_dag.py took 0.314 seconds
[2022-10-27 22:47:04,161] {processor.py:153} INFO - Started process (PID=53595) to work on /home/nayara/Documentos/airflowalura/venv/lib/python3.9/site-packages/airflow/example_dags/example_nested_branch_dag.py
[2022-10-27 22:47:04,320] {processor.py:641} INFO - Processing file /home/nayara/Documentos/airflowalura/venv/lib/python3.9/site-packages/airflow/example_dags/example_nested_branch_dag.py for tasks to queue
[2022-10-27 22:47:04,323] {logging_mixin.py:115} INFO - [2022-10-27 22:47:04,323] {dagbag.py:507} INFO - Filling up the DagBag from /home/nayara/Documentos/airflowalura/venv/lib/python3.9/site-packages/airflow/example_dags/example_nested_branch_dag.py
[2022-10-27 22:47:04,380] {processor.py:651} INFO - DAG(s) dict_keys(['example_nested_branch_dag']) retrieved from /home/nayara/Documentos/airflowalura/venv/lib/python3.9/site-packages/airflow/example_dags/example_nested_branch_dag.py
[2022-10-27 22:47:04,415] {logging_mixin.py:115} INFO - [2022-10-27 22:47:04,414] {dag.py:2379} INFO - Sync 1 DAGs
[2022-10-27 22:47:04,444] {logging_mixin.py:115} INFO - [2022-10-27 22:47:04,444] {dag.py:2927} INFO - Setting next_dagrun for example_nested_branch_dag to 2022-10-27T00:00:00+00:00, run_after=2022-10-28T00:00:00+00:00
[2022-10-27 22:47:04,761] {processor.py:161} INFO - Processing /home/nayara/Documentos/airflowalura/venv/lib/python3.9/site-packages/airflow/example_dags/example_nested_branch_dag.py took 0.612 seconds
[2022-10-27 22:47:55,854] {processor.py:153} INFO - Started process (PID=53717) to work on /home/nayara/Documentos/airflowalura/venv/lib/python3.9/site-packages/airflow/example_dags/example_nested_branch_dag.py
[2022-10-27 22:47:55,880] {processor.py:641} INFO - Processing file /home/nayara/Documentos/airflowalura/venv/lib/python3.9/site-packages/airflow/example_dags/example_nested_branch_dag.py for tasks to queue
[2022-10-27 22:47:55,882] {logging_mixin.py:115} INFO - [2022-10-27 22:47:55,881] {dagbag.py:507} INFO - Filling up the DagBag from /home/nayara/Documentos/airflowalura/venv/lib/python3.9/site-packages/airflow/example_dags/example_nested_branch_dag.py
[2022-10-27 22:47:55,922] {processor.py:651} INFO - DAG(s) dict_keys(['example_nested_branch_dag']) retrieved from /home/nayara/Documentos/airflowalura/venv/lib/python3.9/site-packages/airflow/example_dags/example_nested_branch_dag.py
[2022-10-27 22:47:55,966] {logging_mixin.py:115} INFO - [2022-10-27 22:47:55,966] {dag.py:2379} INFO - Sync 1 DAGs
[2022-10-27 22:47:56,021] {logging_mixin.py:115} INFO - [2022-10-27 22:47:56,020] {dag.py:2927} INFO - Setting next_dagrun for example_nested_branch_dag to 2022-10-27T00:00:00+00:00, run_after=2022-10-28T00:00:00+00:00
[2022-10-27 22:47:56,572] {processor.py:161} INFO - Processing /home/nayara/Documentos/airflowalura/venv/lib/python3.9/site-packages/airflow/example_dags/example_nested_branch_dag.py took 0.726 seconds
[2022-10-27 22:48:40,861] {processor.py:153} INFO - Started process (PID=53808) to work on /home/nayara/Documentos/airflowalura/venv/lib/python3.9/site-packages/airflow/example_dags/example_nested_branch_dag.py
[2022-10-27 22:48:40,863] {processor.py:641} INFO - Processing file /home/nayara/Documentos/airflowalura/venv/lib/python3.9/site-packages/airflow/example_dags/example_nested_branch_dag.py for tasks to queue
[2022-10-27 22:48:40,865] {logging_mixin.py:115} INFO - [2022-10-27 22:48:40,865] {dagbag.py:507} INFO - Filling up the DagBag from /home/nayara/Documentos/airflowalura/venv/lib/python3.9/site-packages/airflow/example_dags/example_nested_branch_dag.py
[2022-10-27 22:48:40,893] {processor.py:651} INFO - DAG(s) dict_keys(['example_nested_branch_dag']) retrieved from /home/nayara/Documentos/airflowalura/venv/lib/python3.9/site-packages/airflow/example_dags/example_nested_branch_dag.py
[2022-10-27 22:48:40,916] {logging_mixin.py:115} INFO - [2022-10-27 22:48:40,916] {dag.py:2379} INFO - Sync 1 DAGs
[2022-10-27 22:48:40,945] {logging_mixin.py:115} INFO - [2022-10-27 22:48:40,945] {dag.py:2927} INFO - Setting next_dagrun for example_nested_branch_dag to 2022-10-27T00:00:00+00:00, run_after=2022-10-28T00:00:00+00:00
[2022-10-27 22:48:41,235] {processor.py:161} INFO - Processing /home/nayara/Documentos/airflowalura/venv/lib/python3.9/site-packages/airflow/example_dags/example_nested_branch_dag.py took 0.393 seconds
[2022-10-27 22:49:26,056] {processor.py:153} INFO - Started process (PID=53901) to work on /home/nayara/Documentos/airflowalura/venv/lib/python3.9/site-packages/airflow/example_dags/example_nested_branch_dag.py
[2022-10-27 22:49:26,059] {processor.py:641} INFO - Processing file /home/nayara/Documentos/airflowalura/venv/lib/python3.9/site-packages/airflow/example_dags/example_nested_branch_dag.py for tasks to queue
[2022-10-27 22:49:26,063] {logging_mixin.py:115} INFO - [2022-10-27 22:49:26,063] {dagbag.py:507} INFO - Filling up the DagBag from /home/nayara/Documentos/airflowalura/venv/lib/python3.9/site-packages/airflow/example_dags/example_nested_branch_dag.py
[2022-10-27 22:49:26,095] {processor.py:651} INFO - DAG(s) dict_keys(['example_nested_branch_dag']) retrieved from /home/nayara/Documentos/airflowalura/venv/lib/python3.9/site-packages/airflow/example_dags/example_nested_branch_dag.py
[2022-10-27 22:49:26,123] {logging_mixin.py:115} INFO - [2022-10-27 22:49:26,123] {dag.py:2379} INFO - Sync 1 DAGs
[2022-10-27 22:49:26,151] {logging_mixin.py:115} INFO - [2022-10-27 22:49:26,151] {dag.py:2927} INFO - Setting next_dagrun for example_nested_branch_dag to 2022-10-27T00:00:00+00:00, run_after=2022-10-28T00:00:00+00:00
[2022-10-27 22:49:26,483] {processor.py:161} INFO - Processing /home/nayara/Documentos/airflowalura/venv/lib/python3.9/site-packages/airflow/example_dags/example_nested_branch_dag.py took 0.446 seconds
[2022-10-27 22:50:30,562] {processor.py:153} INFO - Started process (PID=54018) to work on /home/nayara/Documentos/airflowalura/venv/lib/python3.9/site-packages/airflow/example_dags/example_nested_branch_dag.py
[2022-10-27 22:50:30,596] {processor.py:641} INFO - Processing file /home/nayara/Documentos/airflowalura/venv/lib/python3.9/site-packages/airflow/example_dags/example_nested_branch_dag.py for tasks to queue
[2022-10-27 22:50:30,601] {logging_mixin.py:115} INFO - [2022-10-27 22:50:30,600] {dagbag.py:507} INFO - Filling up the DagBag from /home/nayara/Documentos/airflowalura/venv/lib/python3.9/site-packages/airflow/example_dags/example_nested_branch_dag.py
[2022-10-27 22:50:30,669] {processor.py:651} INFO - DAG(s) dict_keys(['example_nested_branch_dag']) retrieved from /home/nayara/Documentos/airflowalura/venv/lib/python3.9/site-packages/airflow/example_dags/example_nested_branch_dag.py
[2022-10-27 22:50:30,717] {logging_mixin.py:115} INFO - [2022-10-27 22:50:30,717] {dag.py:2379} INFO - Sync 1 DAGs
[2022-10-27 22:50:30,745] {logging_mixin.py:115} INFO - [2022-10-27 22:50:30,744] {dag.py:2927} INFO - Setting next_dagrun for example_nested_branch_dag to 2022-10-27T00:00:00+00:00, run_after=2022-10-28T00:00:00+00:00
[2022-10-27 22:50:31,535] {processor.py:161} INFO - Processing /home/nayara/Documentos/airflowalura/venv/lib/python3.9/site-packages/airflow/example_dags/example_nested_branch_dag.py took 0.978 seconds
[2022-10-27 22:51:18,442] {processor.py:153} INFO - Started process (PID=54101) to work on /home/nayara/Documentos/airflowalura/venv/lib/python3.9/site-packages/airflow/example_dags/example_nested_branch_dag.py
[2022-10-27 22:51:18,458] {processor.py:641} INFO - Processing file /home/nayara/Documentos/airflowalura/venv/lib/python3.9/site-packages/airflow/example_dags/example_nested_branch_dag.py for tasks to queue
[2022-10-27 22:51:18,460] {logging_mixin.py:115} INFO - [2022-10-27 22:51:18,459] {dagbag.py:507} INFO - Filling up the DagBag from /home/nayara/Documentos/airflowalura/venv/lib/python3.9/site-packages/airflow/example_dags/example_nested_branch_dag.py
[2022-10-27 22:51:18,481] {processor.py:651} INFO - DAG(s) dict_keys(['example_nested_branch_dag']) retrieved from /home/nayara/Documentos/airflowalura/venv/lib/python3.9/site-packages/airflow/example_dags/example_nested_branch_dag.py
[2022-10-27 22:51:18,512] {logging_mixin.py:115} INFO - [2022-10-27 22:51:18,512] {dag.py:2379} INFO - Sync 1 DAGs
[2022-10-27 22:51:18,548] {logging_mixin.py:115} INFO - [2022-10-27 22:51:18,547] {dag.py:2927} INFO - Setting next_dagrun for example_nested_branch_dag to 2022-10-27T00:00:00+00:00, run_after=2022-10-28T00:00:00+00:00
[2022-10-27 22:51:18,770] {processor.py:161} INFO - Processing /home/nayara/Documentos/airflowalura/venv/lib/python3.9/site-packages/airflow/example_dags/example_nested_branch_dag.py took 0.335 seconds
[2022-10-27 22:52:11,516] {processor.py:153} INFO - Started process (PID=54212) to work on /home/nayara/Documentos/airflowalura/venv/lib/python3.9/site-packages/airflow/example_dags/example_nested_branch_dag.py
[2022-10-27 22:52:11,643] {processor.py:641} INFO - Processing file /home/nayara/Documentos/airflowalura/venv/lib/python3.9/site-packages/airflow/example_dags/example_nested_branch_dag.py for tasks to queue
[2022-10-27 22:52:11,646] {logging_mixin.py:115} INFO - [2022-10-27 22:52:11,646] {dagbag.py:507} INFO - Filling up the DagBag from /home/nayara/Documentos/airflowalura/venv/lib/python3.9/site-packages/airflow/example_dags/example_nested_branch_dag.py
[2022-10-27 22:52:11,718] {processor.py:651} INFO - DAG(s) dict_keys(['example_nested_branch_dag']) retrieved from /home/nayara/Documentos/airflowalura/venv/lib/python3.9/site-packages/airflow/example_dags/example_nested_branch_dag.py
[2022-10-27 22:52:11,754] {logging_mixin.py:115} INFO - [2022-10-27 22:52:11,754] {dag.py:2379} INFO - Sync 1 DAGs
[2022-10-27 22:52:11,785] {logging_mixin.py:115} INFO - [2022-10-27 22:52:11,785] {dag.py:2927} INFO - Setting next_dagrun for example_nested_branch_dag to 2022-10-27T00:00:00+00:00, run_after=2022-10-28T00:00:00+00:00
[2022-10-27 22:52:12,178] {processor.py:161} INFO - Processing /home/nayara/Documentos/airflowalura/venv/lib/python3.9/site-packages/airflow/example_dags/example_nested_branch_dag.py took 0.670 seconds
[2022-10-27 22:53:03,894] {processor.py:153} INFO - Started process (PID=54301) to work on /home/nayara/Documentos/airflowalura/venv/lib/python3.9/site-packages/airflow/example_dags/example_nested_branch_dag.py
[2022-10-27 22:53:03,915] {processor.py:641} INFO - Processing file /home/nayara/Documentos/airflowalura/venv/lib/python3.9/site-packages/airflow/example_dags/example_nested_branch_dag.py for tasks to queue
[2022-10-27 22:53:03,917] {logging_mixin.py:115} INFO - [2022-10-27 22:53:03,917] {dagbag.py:507} INFO - Filling up the DagBag from /home/nayara/Documentos/airflowalura/venv/lib/python3.9/site-packages/airflow/example_dags/example_nested_branch_dag.py
[2022-10-27 22:53:03,934] {processor.py:651} INFO - DAG(s) dict_keys(['example_nested_branch_dag']) retrieved from /home/nayara/Documentos/airflowalura/venv/lib/python3.9/site-packages/airflow/example_dags/example_nested_branch_dag.py
[2022-10-27 22:53:03,960] {logging_mixin.py:115} INFO - [2022-10-27 22:53:03,960] {dag.py:2379} INFO - Sync 1 DAGs
[2022-10-27 22:53:03,988] {logging_mixin.py:115} INFO - [2022-10-27 22:53:03,988] {dag.py:2927} INFO - Setting next_dagrun for example_nested_branch_dag to 2022-10-27T00:00:00+00:00, run_after=2022-10-28T00:00:00+00:00
[2022-10-27 22:53:04,243] {processor.py:161} INFO - Processing /home/nayara/Documentos/airflowalura/venv/lib/python3.9/site-packages/airflow/example_dags/example_nested_branch_dag.py took 0.369 seconds
[2022-10-27 22:54:09,762] {processor.py:153} INFO - Started process (PID=54431) to work on /home/nayara/Documentos/airflowalura/venv/lib/python3.9/site-packages/airflow/example_dags/example_nested_branch_dag.py
[2022-10-27 22:54:09,802] {processor.py:641} INFO - Processing file /home/nayara/Documentos/airflowalura/venv/lib/python3.9/site-packages/airflow/example_dags/example_nested_branch_dag.py for tasks to queue
[2022-10-27 22:54:09,806] {logging_mixin.py:115} INFO - [2022-10-27 22:54:09,806] {dagbag.py:507} INFO - Filling up the DagBag from /home/nayara/Documentos/airflowalura/venv/lib/python3.9/site-packages/airflow/example_dags/example_nested_branch_dag.py
[2022-10-27 22:54:09,884] {processor.py:651} INFO - DAG(s) dict_keys(['example_nested_branch_dag']) retrieved from /home/nayara/Documentos/airflowalura/venv/lib/python3.9/site-packages/airflow/example_dags/example_nested_branch_dag.py
[2022-10-27 22:54:09,919] {logging_mixin.py:115} INFO - [2022-10-27 22:54:09,919] {dag.py:2379} INFO - Sync 1 DAGs
[2022-10-27 22:54:09,954] {logging_mixin.py:115} INFO - [2022-10-27 22:54:09,953] {dag.py:2927} INFO - Setting next_dagrun for example_nested_branch_dag to 2022-10-27T00:00:00+00:00, run_after=2022-10-28T00:00:00+00:00
[2022-10-27 22:54:10,270] {processor.py:161} INFO - Processing /home/nayara/Documentos/airflowalura/venv/lib/python3.9/site-packages/airflow/example_dags/example_nested_branch_dag.py took 0.513 seconds
[2022-10-27 22:54:59,554] {processor.py:153} INFO - Started process (PID=54527) to work on /home/nayara/Documentos/airflowalura/venv/lib/python3.9/site-packages/airflow/example_dags/example_nested_branch_dag.py
[2022-10-27 22:54:59,636] {processor.py:641} INFO - Processing file /home/nayara/Documentos/airflowalura/venv/lib/python3.9/site-packages/airflow/example_dags/example_nested_branch_dag.py for tasks to queue
[2022-10-27 22:54:59,639] {logging_mixin.py:115} INFO - [2022-10-27 22:54:59,638] {dagbag.py:507} INFO - Filling up the DagBag from /home/nayara/Documentos/airflowalura/venv/lib/python3.9/site-packages/airflow/example_dags/example_nested_branch_dag.py
[2022-10-27 22:54:59,673] {processor.py:651} INFO - DAG(s) dict_keys(['example_nested_branch_dag']) retrieved from /home/nayara/Documentos/airflowalura/venv/lib/python3.9/site-packages/airflow/example_dags/example_nested_branch_dag.py
[2022-10-27 22:54:59,695] {logging_mixin.py:115} INFO - [2022-10-27 22:54:59,695] {dag.py:2379} INFO - Sync 1 DAGs
[2022-10-27 22:54:59,718] {logging_mixin.py:115} INFO - [2022-10-27 22:54:59,718] {dag.py:2927} INFO - Setting next_dagrun for example_nested_branch_dag to 2022-10-27T00:00:00+00:00, run_after=2022-10-28T00:00:00+00:00
[2022-10-27 22:55:00,512] {processor.py:161} INFO - Processing /home/nayara/Documentos/airflowalura/venv/lib/python3.9/site-packages/airflow/example_dags/example_nested_branch_dag.py took 0.962 seconds
[2022-10-27 22:55:54,597] {processor.py:153} INFO - Started process (PID=54645) to work on /home/nayara/Documentos/airflowalura/venv/lib/python3.9/site-packages/airflow/example_dags/example_nested_branch_dag.py
[2022-10-27 22:55:54,626] {processor.py:641} INFO - Processing file /home/nayara/Documentos/airflowalura/venv/lib/python3.9/site-packages/airflow/example_dags/example_nested_branch_dag.py for tasks to queue
[2022-10-27 22:55:54,628] {logging_mixin.py:115} INFO - [2022-10-27 22:55:54,627] {dagbag.py:507} INFO - Filling up the DagBag from /home/nayara/Documentos/airflowalura/venv/lib/python3.9/site-packages/airflow/example_dags/example_nested_branch_dag.py
[2022-10-27 22:55:54,661] {processor.py:651} INFO - DAG(s) dict_keys(['example_nested_branch_dag']) retrieved from /home/nayara/Documentos/airflowalura/venv/lib/python3.9/site-packages/airflow/example_dags/example_nested_branch_dag.py
[2022-10-27 22:55:54,691] {logging_mixin.py:115} INFO - [2022-10-27 22:55:54,691] {dag.py:2379} INFO - Sync 1 DAGs
[2022-10-27 22:55:54,722] {logging_mixin.py:115} INFO - [2022-10-27 22:55:54,722] {dag.py:2927} INFO - Setting next_dagrun for example_nested_branch_dag to 2022-10-27T00:00:00+00:00, run_after=2022-10-28T00:00:00+00:00
[2022-10-27 22:55:55,097] {processor.py:161} INFO - Processing /home/nayara/Documentos/airflowalura/venv/lib/python3.9/site-packages/airflow/example_dags/example_nested_branch_dag.py took 0.522 seconds
[2022-10-27 22:56:44,600] {processor.py:153} INFO - Started process (PID=54753) to work on /home/nayara/Documentos/airflowalura/venv/lib/python3.9/site-packages/airflow/example_dags/example_nested_branch_dag.py
[2022-10-27 22:56:44,644] {processor.py:641} INFO - Processing file /home/nayara/Documentos/airflowalura/venv/lib/python3.9/site-packages/airflow/example_dags/example_nested_branch_dag.py for tasks to queue
[2022-10-27 22:56:44,647] {logging_mixin.py:115} INFO - [2022-10-27 22:56:44,646] {dagbag.py:507} INFO - Filling up the DagBag from /home/nayara/Documentos/airflowalura/venv/lib/python3.9/site-packages/airflow/example_dags/example_nested_branch_dag.py
[2022-10-27 22:56:44,677] {processor.py:651} INFO - DAG(s) dict_keys(['example_nested_branch_dag']) retrieved from /home/nayara/Documentos/airflowalura/venv/lib/python3.9/site-packages/airflow/example_dags/example_nested_branch_dag.py
[2022-10-27 22:56:44,698] {logging_mixin.py:115} INFO - [2022-10-27 22:56:44,697] {dag.py:2379} INFO - Sync 1 DAGs
[2022-10-27 22:56:44,721] {logging_mixin.py:115} INFO - [2022-10-27 22:56:44,721] {dag.py:2927} INFO - Setting next_dagrun for example_nested_branch_dag to 2022-10-27T00:00:00+00:00, run_after=2022-10-28T00:00:00+00:00
[2022-10-27 22:56:44,937] {processor.py:161} INFO - Processing /home/nayara/Documentos/airflowalura/venv/lib/python3.9/site-packages/airflow/example_dags/example_nested_branch_dag.py took 0.351 seconds
