[2022-10-27 22:15:57,675] {processor.py:153} INFO - Started process (PID=48995) to work on /home/nayara/Documentos/airflowalura/venv/lib/python3.9/site-packages/airflow/example_dags/example_short_circuit_operator.py
[2022-10-27 22:15:57,676] {processor.py:641} INFO - Processing file /home/nayara/Documentos/airflowalura/venv/lib/python3.9/site-packages/airflow/example_dags/example_short_circuit_operator.py for tasks to queue
[2022-10-27 22:15:57,677] {logging_mixin.py:115} INFO - [2022-10-27 22:15:57,677] {dagbag.py:507} INFO - Filling up the DagBag from /home/nayara/Documentos/airflowalura/venv/lib/python3.9/site-packages/airflow/example_dags/example_short_circuit_operator.py
[2022-10-27 22:15:57,691] {processor.py:651} INFO - DAG(s) dict_keys(['example_short_circuit_operator']) retrieved from /home/nayara/Documentos/airflowalura/venv/lib/python3.9/site-packages/airflow/example_dags/example_short_circuit_operator.py
[2022-10-27 22:15:58,737] {logging_mixin.py:115} INFO - [2022-10-27 22:15:58,736] {manager.py:508} INFO - Created Permission View: can read on DAG:example_short_circuit_operator
[2022-10-27 22:15:59,153] {logging_mixin.py:115} INFO - [2022-10-27 22:15:59,153] {manager.py:508} INFO - Created Permission View: can delete on DAG:example_short_circuit_operator
[2022-10-27 22:15:59,919] {logging_mixin.py:115} INFO - [2022-10-27 22:15:59,919] {manager.py:508} INFO - Created Permission View: can edit on DAG:example_short_circuit_operator
[2022-10-27 22:15:59,921] {logging_mixin.py:115} INFO - [2022-10-27 22:15:59,920] {dag.py:2379} INFO - Sync 1 DAGs
[2022-10-27 22:15:59,973] {logging_mixin.py:115} INFO - [2022-10-27 22:15:59,973] {dag.py:2398} INFO - Creating ORM DAG for example_short_circuit_operator
[2022-10-27 22:16:00,011] {logging_mixin.py:115} INFO - [2022-10-27 22:16:00,010] {dag.py:2927} INFO - Setting next_dagrun for example_short_circuit_operator to 2022-10-27T01:16:00.010325+00:00, run_after=2022-10-28T01:16:00.010325+00:00
[2022-10-27 22:16:00,674] {processor.py:161} INFO - Processing /home/nayara/Documentos/airflowalura/venv/lib/python3.9/site-packages/airflow/example_dags/example_short_circuit_operator.py took 3.005 seconds
[2022-10-27 22:17:48,854] {processor.py:153} INFO - Started process (PID=49244) to work on /home/nayara/Documentos/airflowalura/venv/lib/python3.9/site-packages/airflow/example_dags/example_short_circuit_operator.py
[2022-10-27 22:17:48,855] {processor.py:641} INFO - Processing file /home/nayara/Documentos/airflowalura/venv/lib/python3.9/site-packages/airflow/example_dags/example_short_circuit_operator.py for tasks to queue
[2022-10-27 22:17:48,856] {logging_mixin.py:115} INFO - [2022-10-27 22:17:48,856] {dagbag.py:507} INFO - Filling up the DagBag from /home/nayara/Documentos/airflowalura/venv/lib/python3.9/site-packages/airflow/example_dags/example_short_circuit_operator.py
[2022-10-27 22:17:48,867] {processor.py:651} INFO - DAG(s) dict_keys(['example_short_circuit_operator']) retrieved from /home/nayara/Documentos/airflowalura/venv/lib/python3.9/site-packages/airflow/example_dags/example_short_circuit_operator.py
[2022-10-27 22:17:48,888] {logging_mixin.py:115} INFO - [2022-10-27 22:17:48,888] {dag.py:2379} INFO - Sync 1 DAGs
[2022-10-27 22:17:48,913] {logging_mixin.py:115} INFO - [2022-10-27 22:17:48,913] {dag.py:2927} INFO - Setting next_dagrun for example_short_circuit_operator to 2022-10-27T01:17:48.912697+00:00, run_after=2022-10-28T01:17:48.912697+00:00
[2022-10-27 22:17:49,210] {processor.py:161} INFO - Processing /home/nayara/Documentos/airflowalura/venv/lib/python3.9/site-packages/airflow/example_dags/example_short_circuit_operator.py took 0.359 seconds
[2022-10-27 22:18:47,377] {processor.py:153} INFO - Started process (PID=49400) to work on /home/nayara/Documentos/airflowalura/venv/lib/python3.9/site-packages/airflow/example_dags/example_short_circuit_operator.py
[2022-10-27 22:18:47,443] {processor.py:641} INFO - Processing file /home/nayara/Documentos/airflowalura/venv/lib/python3.9/site-packages/airflow/example_dags/example_short_circuit_operator.py for tasks to queue
[2022-10-27 22:18:47,454] {logging_mixin.py:115} INFO - [2022-10-27 22:18:47,453] {dagbag.py:507} INFO - Filling up the DagBag from /home/nayara/Documentos/airflowalura/venv/lib/python3.9/site-packages/airflow/example_dags/example_short_circuit_operator.py
[2022-10-27 22:18:47,482] {processor.py:651} INFO - DAG(s) dict_keys(['example_short_circuit_operator']) retrieved from /home/nayara/Documentos/airflowalura/venv/lib/python3.9/site-packages/airflow/example_dags/example_short_circuit_operator.py
[2022-10-27 22:18:47,503] {logging_mixin.py:115} INFO - [2022-10-27 22:18:47,503] {dag.py:2379} INFO - Sync 1 DAGs
[2022-10-27 22:18:47,527] {logging_mixin.py:115} INFO - [2022-10-27 22:18:47,527] {dag.py:2927} INFO - Setting next_dagrun for example_short_circuit_operator to 2022-10-27T01:18:47.527187+00:00, run_after=2022-10-28T01:18:47.527187+00:00
[2022-10-27 22:18:48,673] {processor.py:161} INFO - Processing /home/nayara/Documentos/airflowalura/venv/lib/python3.9/site-packages/airflow/example_dags/example_short_circuit_operator.py took 1.307 seconds
[2022-10-27 22:20:19,168] {processor.py:153} INFO - Started process (PID=49848) to work on /home/nayara/Documentos/airflowalura/venv/lib/python3.9/site-packages/airflow/example_dags/example_short_circuit_operator.py
[2022-10-27 22:20:19,201] {processor.py:641} INFO - Processing file /home/nayara/Documentos/airflowalura/venv/lib/python3.9/site-packages/airflow/example_dags/example_short_circuit_operator.py for tasks to queue
[2022-10-27 22:20:19,202] {logging_mixin.py:115} INFO - [2022-10-27 22:20:19,202] {dagbag.py:507} INFO - Filling up the DagBag from /home/nayara/Documentos/airflowalura/venv/lib/python3.9/site-packages/airflow/example_dags/example_short_circuit_operator.py
[2022-10-27 22:20:19,218] {processor.py:651} INFO - DAG(s) dict_keys(['example_short_circuit_operator']) retrieved from /home/nayara/Documentos/airflowalura/venv/lib/python3.9/site-packages/airflow/example_dags/example_short_circuit_operator.py
[2022-10-27 22:20:19,241] {logging_mixin.py:115} INFO - [2022-10-27 22:20:19,240] {dag.py:2379} INFO - Sync 1 DAGs
[2022-10-27 22:20:19,267] {logging_mixin.py:115} INFO - [2022-10-27 22:20:19,267] {dag.py:2927} INFO - Setting next_dagrun for example_short_circuit_operator to 2022-10-27T01:20:19.266768+00:00, run_after=2022-10-28T01:20:19.266768+00:00
[2022-10-27 22:20:19,538] {processor.py:161} INFO - Processing /home/nayara/Documentos/airflowalura/venv/lib/python3.9/site-packages/airflow/example_dags/example_short_circuit_operator.py took 0.381 seconds
[2022-10-27 22:21:10,137] {processor.py:153} INFO - Started process (PID=49961) to work on /home/nayara/Documentos/airflowalura/venv/lib/python3.9/site-packages/airflow/example_dags/example_short_circuit_operator.py
[2022-10-27 22:21:10,140] {processor.py:641} INFO - Processing file /home/nayara/Documentos/airflowalura/venv/lib/python3.9/site-packages/airflow/example_dags/example_short_circuit_operator.py for tasks to queue
[2022-10-27 22:21:10,141] {logging_mixin.py:115} INFO - [2022-10-27 22:21:10,141] {dagbag.py:507} INFO - Filling up the DagBag from /home/nayara/Documentos/airflowalura/venv/lib/python3.9/site-packages/airflow/example_dags/example_short_circuit_operator.py
[2022-10-27 22:21:10,159] {processor.py:651} INFO - DAG(s) dict_keys(['example_short_circuit_operator']) retrieved from /home/nayara/Documentos/airflowalura/venv/lib/python3.9/site-packages/airflow/example_dags/example_short_circuit_operator.py
[2022-10-27 22:21:10,188] {logging_mixin.py:115} INFO - [2022-10-27 22:21:10,188] {dag.py:2379} INFO - Sync 1 DAGs
[2022-10-27 22:21:10,222] {logging_mixin.py:115} INFO - [2022-10-27 22:21:10,222] {dag.py:2927} INFO - Setting next_dagrun for example_short_circuit_operator to 2022-10-27T01:21:10.222118+00:00, run_after=2022-10-28T01:21:10.222118+00:00
[2022-10-27 22:21:10,520] {processor.py:161} INFO - Processing /home/nayara/Documentos/airflowalura/venv/lib/python3.9/site-packages/airflow/example_dags/example_short_circuit_operator.py took 0.393 seconds
[2022-10-27 22:22:05,454] {processor.py:153} INFO - Started process (PID=50087) to work on /home/nayara/Documentos/airflowalura/venv/lib/python3.9/site-packages/airflow/example_dags/example_short_circuit_operator.py
[2022-10-27 22:22:05,476] {processor.py:641} INFO - Processing file /home/nayara/Documentos/airflowalura/venv/lib/python3.9/site-packages/airflow/example_dags/example_short_circuit_operator.py for tasks to queue
[2022-10-27 22:22:05,478] {logging_mixin.py:115} INFO - [2022-10-27 22:22:05,478] {dagbag.py:507} INFO - Filling up the DagBag from /home/nayara/Documentos/airflowalura/venv/lib/python3.9/site-packages/airflow/example_dags/example_short_circuit_operator.py
[2022-10-27 22:22:05,515] {processor.py:651} INFO - DAG(s) dict_keys(['example_short_circuit_operator']) retrieved from /home/nayara/Documentos/airflowalura/venv/lib/python3.9/site-packages/airflow/example_dags/example_short_circuit_operator.py
[2022-10-27 22:22:05,550] {logging_mixin.py:115} INFO - [2022-10-27 22:22:05,549] {dag.py:2379} INFO - Sync 1 DAGs
[2022-10-27 22:22:05,583] {logging_mixin.py:115} INFO - [2022-10-27 22:22:05,583] {dag.py:2927} INFO - Setting next_dagrun for example_short_circuit_operator to 2022-10-27T01:22:05.583541+00:00, run_after=2022-10-28T01:22:05.583541+00:00
[2022-10-27 22:22:05,884] {processor.py:161} INFO - Processing /home/nayara/Documentos/airflowalura/venv/lib/python3.9/site-packages/airflow/example_dags/example_short_circuit_operator.py took 0.435 seconds
[2022-10-27 22:23:05,943] {processor.py:153} INFO - Started process (PID=50218) to work on /home/nayara/Documentos/airflowalura/venv/lib/python3.9/site-packages/airflow/example_dags/example_short_circuit_operator.py
[2022-10-27 22:23:05,965] {processor.py:641} INFO - Processing file /home/nayara/Documentos/airflowalura/venv/lib/python3.9/site-packages/airflow/example_dags/example_short_circuit_operator.py for tasks to queue
[2022-10-27 22:23:05,967] {logging_mixin.py:115} INFO - [2022-10-27 22:23:05,966] {dagbag.py:507} INFO - Filling up the DagBag from /home/nayara/Documentos/airflowalura/venv/lib/python3.9/site-packages/airflow/example_dags/example_short_circuit_operator.py
[2022-10-27 22:23:05,997] {processor.py:651} INFO - DAG(s) dict_keys(['example_short_circuit_operator']) retrieved from /home/nayara/Documentos/airflowalura/venv/lib/python3.9/site-packages/airflow/example_dags/example_short_circuit_operator.py
[2022-10-27 22:23:06,060] {logging_mixin.py:115} INFO - [2022-10-27 22:23:06,060] {dag.py:2379} INFO - Sync 1 DAGs
[2022-10-27 22:23:06,086] {logging_mixin.py:115} INFO - [2022-10-27 22:23:06,086] {dag.py:2927} INFO - Setting next_dagrun for example_short_circuit_operator to 2022-10-27T01:23:06.085693+00:00, run_after=2022-10-28T01:23:06.085693+00:00
[2022-10-27 22:23:06,374] {processor.py:161} INFO - Processing /home/nayara/Documentos/airflowalura/venv/lib/python3.9/site-packages/airflow/example_dags/example_short_circuit_operator.py took 0.445 seconds
[2022-10-27 22:24:12,716] {processor.py:153} INFO - Started process (PID=50376) to work on /home/nayara/Documentos/airflowalura/venv/lib/python3.9/site-packages/airflow/example_dags/example_short_circuit_operator.py
[2022-10-27 22:24:12,732] {processor.py:641} INFO - Processing file /home/nayara/Documentos/airflowalura/venv/lib/python3.9/site-packages/airflow/example_dags/example_short_circuit_operator.py for tasks to queue
[2022-10-27 22:24:12,734] {logging_mixin.py:115} INFO - [2022-10-27 22:24:12,734] {dagbag.py:507} INFO - Filling up the DagBag from /home/nayara/Documentos/airflowalura/venv/lib/python3.9/site-packages/airflow/example_dags/example_short_circuit_operator.py
[2022-10-27 22:24:12,763] {processor.py:651} INFO - DAG(s) dict_keys(['example_short_circuit_operator']) retrieved from /home/nayara/Documentos/airflowalura/venv/lib/python3.9/site-packages/airflow/example_dags/example_short_circuit_operator.py
[2022-10-27 22:24:12,807] {logging_mixin.py:115} INFO - [2022-10-27 22:24:12,807] {dag.py:2379} INFO - Sync 1 DAGs
[2022-10-27 22:24:12,847] {logging_mixin.py:115} INFO - [2022-10-27 22:24:12,847] {dag.py:2927} INFO - Setting next_dagrun for example_short_circuit_operator to 2022-10-27T01:24:12.846652+00:00, run_after=2022-10-28T01:24:12.846652+00:00
[2022-10-27 22:24:13,164] {processor.py:161} INFO - Processing /home/nayara/Documentos/airflowalura/venv/lib/python3.9/site-packages/airflow/example_dags/example_short_circuit_operator.py took 0.458 seconds
[2022-10-27 22:25:01,311] {processor.py:153} INFO - Started process (PID=50490) to work on /home/nayara/Documentos/airflowalura/venv/lib/python3.9/site-packages/airflow/example_dags/example_short_circuit_operator.py
[2022-10-27 22:25:01,330] {processor.py:641} INFO - Processing file /home/nayara/Documentos/airflowalura/venv/lib/python3.9/site-packages/airflow/example_dags/example_short_circuit_operator.py for tasks to queue
[2022-10-27 22:25:01,331] {logging_mixin.py:115} INFO - [2022-10-27 22:25:01,331] {dagbag.py:507} INFO - Filling up the DagBag from /home/nayara/Documentos/airflowalura/venv/lib/python3.9/site-packages/airflow/example_dags/example_short_circuit_operator.py
[2022-10-27 22:25:01,349] {processor.py:651} INFO - DAG(s) dict_keys(['example_short_circuit_operator']) retrieved from /home/nayara/Documentos/airflowalura/venv/lib/python3.9/site-packages/airflow/example_dags/example_short_circuit_operator.py
[2022-10-27 22:25:01,379] {logging_mixin.py:115} INFO - [2022-10-27 22:25:01,379] {dag.py:2379} INFO - Sync 1 DAGs
[2022-10-27 22:25:01,417] {logging_mixin.py:115} INFO - [2022-10-27 22:25:01,416] {dag.py:2927} INFO - Setting next_dagrun for example_short_circuit_operator to 2022-10-27T01:25:01.416307+00:00, run_after=2022-10-28T01:25:01.416307+00:00
[2022-10-27 22:25:01,690] {processor.py:161} INFO - Processing /home/nayara/Documentos/airflowalura/venv/lib/python3.9/site-packages/airflow/example_dags/example_short_circuit_operator.py took 0.383 seconds
[2022-10-27 22:25:55,684] {processor.py:153} INFO - Started process (PID=50601) to work on /home/nayara/Documentos/airflowalura/venv/lib/python3.9/site-packages/airflow/example_dags/example_short_circuit_operator.py
[2022-10-27 22:25:55,731] {processor.py:641} INFO - Processing file /home/nayara/Documentos/airflowalura/venv/lib/python3.9/site-packages/airflow/example_dags/example_short_circuit_operator.py for tasks to queue
[2022-10-27 22:25:55,733] {logging_mixin.py:115} INFO - [2022-10-27 22:25:55,732] {dagbag.py:507} INFO - Filling up the DagBag from /home/nayara/Documentos/airflowalura/venv/lib/python3.9/site-packages/airflow/example_dags/example_short_circuit_operator.py
[2022-10-27 22:25:55,755] {processor.py:651} INFO - DAG(s) dict_keys(['example_short_circuit_operator']) retrieved from /home/nayara/Documentos/airflowalura/venv/lib/python3.9/site-packages/airflow/example_dags/example_short_circuit_operator.py
[2022-10-27 22:25:55,799] {logging_mixin.py:115} INFO - [2022-10-27 22:25:55,799] {dag.py:2379} INFO - Sync 1 DAGs
[2022-10-27 22:25:55,838] {logging_mixin.py:115} INFO - [2022-10-27 22:25:55,838] {dag.py:2927} INFO - Setting next_dagrun for example_short_circuit_operator to 2022-10-27T01:25:55.837817+00:00, run_after=2022-10-28T01:25:55.837817+00:00
[2022-10-27 22:25:56,453] {processor.py:161} INFO - Processing /home/nayara/Documentos/airflowalura/venv/lib/python3.9/site-packages/airflow/example_dags/example_short_circuit_operator.py took 0.774 seconds
[2022-10-27 22:26:49,536] {processor.py:153} INFO - Started process (PID=50736) to work on /home/nayara/Documentos/airflowalura/venv/lib/python3.9/site-packages/airflow/example_dags/example_short_circuit_operator.py
[2022-10-27 22:26:49,553] {processor.py:641} INFO - Processing file /home/nayara/Documentos/airflowalura/venv/lib/python3.9/site-packages/airflow/example_dags/example_short_circuit_operator.py for tasks to queue
[2022-10-27 22:26:49,554] {logging_mixin.py:115} INFO - [2022-10-27 22:26:49,554] {dagbag.py:507} INFO - Filling up the DagBag from /home/nayara/Documentos/airflowalura/venv/lib/python3.9/site-packages/airflow/example_dags/example_short_circuit_operator.py
[2022-10-27 22:26:49,572] {processor.py:651} INFO - DAG(s) dict_keys(['example_short_circuit_operator']) retrieved from /home/nayara/Documentos/airflowalura/venv/lib/python3.9/site-packages/airflow/example_dags/example_short_circuit_operator.py
[2022-10-27 22:26:49,602] {logging_mixin.py:115} INFO - [2022-10-27 22:26:49,602] {dag.py:2379} INFO - Sync 1 DAGs
[2022-10-27 22:26:49,635] {logging_mixin.py:115} INFO - [2022-10-27 22:26:49,635] {dag.py:2927} INFO - Setting next_dagrun for example_short_circuit_operator to 2022-10-27T01:26:49.634774+00:00, run_after=2022-10-28T01:26:49.634774+00:00
[2022-10-27 22:26:49,941] {processor.py:161} INFO - Processing /home/nayara/Documentos/airflowalura/venv/lib/python3.9/site-packages/airflow/example_dags/example_short_circuit_operator.py took 0.410 seconds
[2022-10-27 22:27:32,038] {processor.py:153} INFO - Started process (PID=50822) to work on /home/nayara/Documentos/airflowalura/venv/lib/python3.9/site-packages/airflow/example_dags/example_short_circuit_operator.py
[2022-10-27 22:27:32,051] {processor.py:641} INFO - Processing file /home/nayara/Documentos/airflowalura/venv/lib/python3.9/site-packages/airflow/example_dags/example_short_circuit_operator.py for tasks to queue
[2022-10-27 22:27:32,055] {logging_mixin.py:115} INFO - [2022-10-27 22:27:32,054] {dagbag.py:507} INFO - Filling up the DagBag from /home/nayara/Documentos/airflowalura/venv/lib/python3.9/site-packages/airflow/example_dags/example_short_circuit_operator.py
[2022-10-27 22:27:32,104] {processor.py:651} INFO - DAG(s) dict_keys(['example_short_circuit_operator']) retrieved from /home/nayara/Documentos/airflowalura/venv/lib/python3.9/site-packages/airflow/example_dags/example_short_circuit_operator.py
[2022-10-27 22:27:32,137] {logging_mixin.py:115} INFO - [2022-10-27 22:27:32,137] {dag.py:2379} INFO - Sync 1 DAGs
[2022-10-27 22:27:32,169] {logging_mixin.py:115} INFO - [2022-10-27 22:27:32,169] {dag.py:2927} INFO - Setting next_dagrun for example_short_circuit_operator to 2022-10-27T01:27:32.168864+00:00, run_after=2022-10-28T01:27:32.168864+00:00
[2022-10-27 22:27:32,438] {processor.py:161} INFO - Processing /home/nayara/Documentos/airflowalura/venv/lib/python3.9/site-packages/airflow/example_dags/example_short_circuit_operator.py took 0.407 seconds
[2022-10-27 22:28:22,515] {processor.py:153} INFO - Started process (PID=51009) to work on /home/nayara/Documentos/airflowalura/venv/lib/python3.9/site-packages/airflow/example_dags/example_short_circuit_operator.py
[2022-10-27 22:28:22,573] {processor.py:641} INFO - Processing file /home/nayara/Documentos/airflowalura/venv/lib/python3.9/site-packages/airflow/example_dags/example_short_circuit_operator.py for tasks to queue
[2022-10-27 22:28:22,574] {logging_mixin.py:115} INFO - [2022-10-27 22:28:22,574] {dagbag.py:507} INFO - Filling up the DagBag from /home/nayara/Documentos/airflowalura/venv/lib/python3.9/site-packages/airflow/example_dags/example_short_circuit_operator.py
[2022-10-27 22:28:22,591] {processor.py:651} INFO - DAG(s) dict_keys(['example_short_circuit_operator']) retrieved from /home/nayara/Documentos/airflowalura/venv/lib/python3.9/site-packages/airflow/example_dags/example_short_circuit_operator.py
[2022-10-27 22:28:23,400] {logging_mixin.py:115} INFO - [2022-10-27 22:28:23,400] {dag.py:2379} INFO - Sync 1 DAGs
[2022-10-27 22:28:23,456] {logging_mixin.py:115} INFO - [2022-10-27 22:28:23,456] {dag.py:2927} INFO - Setting next_dagrun for example_short_circuit_operator to 2022-10-27T01:28:23.455702+00:00, run_after=2022-10-28T01:28:23.455702+00:00
[2022-10-27 22:28:23,933] {processor.py:161} INFO - Processing /home/nayara/Documentos/airflowalura/venv/lib/python3.9/site-packages/airflow/example_dags/example_short_circuit_operator.py took 1.425 seconds
[2022-10-27 22:29:14,708] {processor.py:153} INFO - Started process (PID=51123) to work on /home/nayara/Documentos/airflowalura/venv/lib/python3.9/site-packages/airflow/example_dags/example_short_circuit_operator.py
[2022-10-27 22:29:14,723] {processor.py:641} INFO - Processing file /home/nayara/Documentos/airflowalura/venv/lib/python3.9/site-packages/airflow/example_dags/example_short_circuit_operator.py for tasks to queue
[2022-10-27 22:29:14,725] {logging_mixin.py:115} INFO - [2022-10-27 22:29:14,725] {dagbag.py:507} INFO - Filling up the DagBag from /home/nayara/Documentos/airflowalura/venv/lib/python3.9/site-packages/airflow/example_dags/example_short_circuit_operator.py
[2022-10-27 22:29:14,754] {processor.py:651} INFO - DAG(s) dict_keys(['example_short_circuit_operator']) retrieved from /home/nayara/Documentos/airflowalura/venv/lib/python3.9/site-packages/airflow/example_dags/example_short_circuit_operator.py
[2022-10-27 22:29:14,786] {logging_mixin.py:115} INFO - [2022-10-27 22:29:14,785] {dag.py:2379} INFO - Sync 1 DAGs
[2022-10-27 22:29:14,810] {logging_mixin.py:115} INFO - [2022-10-27 22:29:14,810] {dag.py:2927} INFO - Setting next_dagrun for example_short_circuit_operator to 2022-10-27T01:29:14.809901+00:00, run_after=2022-10-28T01:29:14.809901+00:00
[2022-10-27 22:29:15,141] {processor.py:161} INFO - Processing /home/nayara/Documentos/airflowalura/venv/lib/python3.9/site-packages/airflow/example_dags/example_short_circuit_operator.py took 0.447 seconds
[2022-10-27 22:30:00,690] {processor.py:153} INFO - Started process (PID=51209) to work on /home/nayara/Documentos/airflowalura/venv/lib/python3.9/site-packages/airflow/example_dags/example_short_circuit_operator.py
[2022-10-27 22:30:00,691] {processor.py:641} INFO - Processing file /home/nayara/Documentos/airflowalura/venv/lib/python3.9/site-packages/airflow/example_dags/example_short_circuit_operator.py for tasks to queue
[2022-10-27 22:30:00,693] {logging_mixin.py:115} INFO - [2022-10-27 22:30:00,692] {dagbag.py:507} INFO - Filling up the DagBag from /home/nayara/Documentos/airflowalura/venv/lib/python3.9/site-packages/airflow/example_dags/example_short_circuit_operator.py
[2022-10-27 22:30:00,706] {processor.py:651} INFO - DAG(s) dict_keys(['example_short_circuit_operator']) retrieved from /home/nayara/Documentos/airflowalura/venv/lib/python3.9/site-packages/airflow/example_dags/example_short_circuit_operator.py
[2022-10-27 22:30:00,731] {logging_mixin.py:115} INFO - [2022-10-27 22:30:00,731] {dag.py:2379} INFO - Sync 1 DAGs
[2022-10-27 22:30:00,752] {logging_mixin.py:115} INFO - [2022-10-27 22:30:00,752] {dag.py:2927} INFO - Setting next_dagrun for example_short_circuit_operator to 2022-10-27T01:30:00.751811+00:00, run_after=2022-10-28T01:30:00.751811+00:00
[2022-10-27 22:30:01,081] {processor.py:161} INFO - Processing /home/nayara/Documentos/airflowalura/venv/lib/python3.9/site-packages/airflow/example_dags/example_short_circuit_operator.py took 0.404 seconds
[2022-10-27 22:30:59,223] {processor.py:153} INFO - Started process (PID=51315) to work on /home/nayara/Documentos/airflowalura/venv/lib/python3.9/site-packages/airflow/example_dags/example_short_circuit_operator.py
[2022-10-27 22:30:59,247] {processor.py:641} INFO - Processing file /home/nayara/Documentos/airflowalura/venv/lib/python3.9/site-packages/airflow/example_dags/example_short_circuit_operator.py for tasks to queue
[2022-10-27 22:30:59,249] {logging_mixin.py:115} INFO - [2022-10-27 22:30:59,248] {dagbag.py:507} INFO - Filling up the DagBag from /home/nayara/Documentos/airflowalura/venv/lib/python3.9/site-packages/airflow/example_dags/example_short_circuit_operator.py
[2022-10-27 22:30:59,270] {processor.py:651} INFO - DAG(s) dict_keys(['example_short_circuit_operator']) retrieved from /home/nayara/Documentos/airflowalura/venv/lib/python3.9/site-packages/airflow/example_dags/example_short_circuit_operator.py
[2022-10-27 22:30:59,295] {logging_mixin.py:115} INFO - [2022-10-27 22:30:59,295] {dag.py:2379} INFO - Sync 1 DAGs
[2022-10-27 22:30:59,317] {logging_mixin.py:115} INFO - [2022-10-27 22:30:59,317] {dag.py:2927} INFO - Setting next_dagrun for example_short_circuit_operator to 2022-10-27T01:30:59.316646+00:00, run_after=2022-10-28T01:30:59.316646+00:00
[2022-10-27 22:30:59,609] {processor.py:161} INFO - Processing /home/nayara/Documentos/airflowalura/venv/lib/python3.9/site-packages/airflow/example_dags/example_short_circuit_operator.py took 0.398 seconds
[2022-10-27 22:31:41,979] {processor.py:153} INFO - Started process (PID=51416) to work on /home/nayara/Documentos/airflowalura/venv/lib/python3.9/site-packages/airflow/example_dags/example_short_circuit_operator.py
[2022-10-27 22:31:42,003] {processor.py:641} INFO - Processing file /home/nayara/Documentos/airflowalura/venv/lib/python3.9/site-packages/airflow/example_dags/example_short_circuit_operator.py for tasks to queue
[2022-10-27 22:31:42,006] {logging_mixin.py:115} INFO - [2022-10-27 22:31:42,005] {dagbag.py:507} INFO - Filling up the DagBag from /home/nayara/Documentos/airflowalura/venv/lib/python3.9/site-packages/airflow/example_dags/example_short_circuit_operator.py
[2022-10-27 22:31:42,036] {processor.py:651} INFO - DAG(s) dict_keys(['example_short_circuit_operator']) retrieved from /home/nayara/Documentos/airflowalura/venv/lib/python3.9/site-packages/airflow/example_dags/example_short_circuit_operator.py
[2022-10-27 22:31:42,066] {logging_mixin.py:115} INFO - [2022-10-27 22:31:42,066] {dag.py:2379} INFO - Sync 1 DAGs
[2022-10-27 22:31:42,095] {logging_mixin.py:115} INFO - [2022-10-27 22:31:42,095] {dag.py:2927} INFO - Setting next_dagrun for example_short_circuit_operator to 2022-10-27T01:31:42.094571+00:00, run_after=2022-10-28T01:31:42.094571+00:00
[2022-10-27 22:31:42,429] {processor.py:161} INFO - Processing /home/nayara/Documentos/airflowalura/venv/lib/python3.9/site-packages/airflow/example_dags/example_short_circuit_operator.py took 0.465 seconds
[2022-10-27 22:32:46,349] {processor.py:153} INFO - Started process (PID=51552) to work on /home/nayara/Documentos/airflowalura/venv/lib/python3.9/site-packages/airflow/example_dags/example_short_circuit_operator.py
[2022-10-27 22:32:46,350] {processor.py:641} INFO - Processing file /home/nayara/Documentos/airflowalura/venv/lib/python3.9/site-packages/airflow/example_dags/example_short_circuit_operator.py for tasks to queue
[2022-10-27 22:32:46,351] {logging_mixin.py:115} INFO - [2022-10-27 22:32:46,351] {dagbag.py:507} INFO - Filling up the DagBag from /home/nayara/Documentos/airflowalura/venv/lib/python3.9/site-packages/airflow/example_dags/example_short_circuit_operator.py
[2022-10-27 22:32:46,365] {processor.py:651} INFO - DAG(s) dict_keys(['example_short_circuit_operator']) retrieved from /home/nayara/Documentos/airflowalura/venv/lib/python3.9/site-packages/airflow/example_dags/example_short_circuit_operator.py
[2022-10-27 22:32:46,390] {logging_mixin.py:115} INFO - [2022-10-27 22:32:46,390] {dag.py:2379} INFO - Sync 1 DAGs
[2022-10-27 22:32:46,411] {logging_mixin.py:115} INFO - [2022-10-27 22:32:46,411] {dag.py:2927} INFO - Setting next_dagrun for example_short_circuit_operator to 2022-10-27T01:32:46.411250+00:00, run_after=2022-10-28T01:32:46.411250+00:00
[2022-10-27 22:32:46,698] {processor.py:161} INFO - Processing /home/nayara/Documentos/airflowalura/venv/lib/python3.9/site-packages/airflow/example_dags/example_short_circuit_operator.py took 0.363 seconds
[2022-10-27 22:33:37,616] {processor.py:153} INFO - Started process (PID=51667) to work on /home/nayara/Documentos/airflowalura/venv/lib/python3.9/site-packages/airflow/example_dags/example_short_circuit_operator.py
[2022-10-27 22:33:37,633] {processor.py:641} INFO - Processing file /home/nayara/Documentos/airflowalura/venv/lib/python3.9/site-packages/airflow/example_dags/example_short_circuit_operator.py for tasks to queue
[2022-10-27 22:33:37,636] {logging_mixin.py:115} INFO - [2022-10-27 22:33:37,635] {dagbag.py:507} INFO - Filling up the DagBag from /home/nayara/Documentos/airflowalura/venv/lib/python3.9/site-packages/airflow/example_dags/example_short_circuit_operator.py
[2022-10-27 22:33:37,674] {processor.py:651} INFO - DAG(s) dict_keys(['example_short_circuit_operator']) retrieved from /home/nayara/Documentos/airflowalura/venv/lib/python3.9/site-packages/airflow/example_dags/example_short_circuit_operator.py
[2022-10-27 22:33:37,709] {logging_mixin.py:115} INFO - [2022-10-27 22:33:37,708] {dag.py:2379} INFO - Sync 1 DAGs
[2022-10-27 22:33:37,740] {logging_mixin.py:115} INFO - [2022-10-27 22:33:37,740] {dag.py:2927} INFO - Setting next_dagrun for example_short_circuit_operator to 2022-10-27T01:33:37.740268+00:00, run_after=2022-10-28T01:33:37.740268+00:00
[2022-10-27 22:33:38,032] {processor.py:161} INFO - Processing /home/nayara/Documentos/airflowalura/venv/lib/python3.9/site-packages/airflow/example_dags/example_short_circuit_operator.py took 0.437 seconds
[2022-10-27 22:34:21,467] {processor.py:153} INFO - Started process (PID=51750) to work on /home/nayara/Documentos/airflowalura/venv/lib/python3.9/site-packages/airflow/example_dags/example_short_circuit_operator.py
[2022-10-27 22:34:21,469] {processor.py:641} INFO - Processing file /home/nayara/Documentos/airflowalura/venv/lib/python3.9/site-packages/airflow/example_dags/example_short_circuit_operator.py for tasks to queue
[2022-10-27 22:34:21,469] {logging_mixin.py:115} INFO - [2022-10-27 22:34:21,469] {dagbag.py:507} INFO - Filling up the DagBag from /home/nayara/Documentos/airflowalura/venv/lib/python3.9/site-packages/airflow/example_dags/example_short_circuit_operator.py
[2022-10-27 22:34:21,481] {processor.py:651} INFO - DAG(s) dict_keys(['example_short_circuit_operator']) retrieved from /home/nayara/Documentos/airflowalura/venv/lib/python3.9/site-packages/airflow/example_dags/example_short_circuit_operator.py
[2022-10-27 22:34:21,506] {logging_mixin.py:115} INFO - [2022-10-27 22:34:21,506] {dag.py:2379} INFO - Sync 1 DAGs
[2022-10-27 22:34:21,527] {logging_mixin.py:115} INFO - [2022-10-27 22:34:21,527] {dag.py:2927} INFO - Setting next_dagrun for example_short_circuit_operator to 2022-10-27T01:34:21.527196+00:00, run_after=2022-10-28T01:34:21.527196+00:00
[2022-10-27 22:34:21,823] {processor.py:161} INFO - Processing /home/nayara/Documentos/airflowalura/venv/lib/python3.9/site-packages/airflow/example_dags/example_short_circuit_operator.py took 0.361 seconds
[2022-10-27 22:35:17,182] {processor.py:153} INFO - Started process (PID=51834) to work on /home/nayara/Documentos/airflowalura/venv/lib/python3.9/site-packages/airflow/example_dags/example_short_circuit_operator.py
[2022-10-27 22:35:17,202] {processor.py:641} INFO - Processing file /home/nayara/Documentos/airflowalura/venv/lib/python3.9/site-packages/airflow/example_dags/example_short_circuit_operator.py for tasks to queue
[2022-10-27 22:35:17,203] {logging_mixin.py:115} INFO - [2022-10-27 22:35:17,203] {dagbag.py:507} INFO - Filling up the DagBag from /home/nayara/Documentos/airflowalura/venv/lib/python3.9/site-packages/airflow/example_dags/example_short_circuit_operator.py
[2022-10-27 22:35:17,225] {processor.py:651} INFO - DAG(s) dict_keys(['example_short_circuit_operator']) retrieved from /home/nayara/Documentos/airflowalura/venv/lib/python3.9/site-packages/airflow/example_dags/example_short_circuit_operator.py
[2022-10-27 22:35:17,250] {logging_mixin.py:115} INFO - [2022-10-27 22:35:17,250] {dag.py:2379} INFO - Sync 1 DAGs
[2022-10-27 22:35:17,271] {logging_mixin.py:115} INFO - [2022-10-27 22:35:17,271] {dag.py:2927} INFO - Setting next_dagrun for example_short_circuit_operator to 2022-10-27T01:35:17.270851+00:00, run_after=2022-10-28T01:35:17.270851+00:00
[2022-10-27 22:35:17,620] {processor.py:161} INFO - Processing /home/nayara/Documentos/airflowalura/venv/lib/python3.9/site-packages/airflow/example_dags/example_short_circuit_operator.py took 0.450 seconds
[2022-10-27 22:36:19,875] {processor.py:153} INFO - Started process (PID=51955) to work on /home/nayara/Documentos/airflowalura/venv/lib/python3.9/site-packages/airflow/example_dags/example_short_circuit_operator.py
[2022-10-27 22:36:19,889] {processor.py:641} INFO - Processing file /home/nayara/Documentos/airflowalura/venv/lib/python3.9/site-packages/airflow/example_dags/example_short_circuit_operator.py for tasks to queue
[2022-10-27 22:36:19,890] {logging_mixin.py:115} INFO - [2022-10-27 22:36:19,890] {dagbag.py:507} INFO - Filling up the DagBag from /home/nayara/Documentos/airflowalura/venv/lib/python3.9/site-packages/airflow/example_dags/example_short_circuit_operator.py
[2022-10-27 22:36:19,908] {processor.py:651} INFO - DAG(s) dict_keys(['example_short_circuit_operator']) retrieved from /home/nayara/Documentos/airflowalura/venv/lib/python3.9/site-packages/airflow/example_dags/example_short_circuit_operator.py
[2022-10-27 22:36:19,953] {logging_mixin.py:115} INFO - [2022-10-27 22:36:19,951] {dag.py:2379} INFO - Sync 1 DAGs
[2022-10-27 22:36:19,992] {logging_mixin.py:115} INFO - [2022-10-27 22:36:19,992] {dag.py:2927} INFO - Setting next_dagrun for example_short_circuit_operator to 2022-10-27T01:36:19.992455+00:00, run_after=2022-10-28T01:36:19.992455+00:00
[2022-10-27 22:36:20,382] {processor.py:161} INFO - Processing /home/nayara/Documentos/airflowalura/venv/lib/python3.9/site-packages/airflow/example_dags/example_short_circuit_operator.py took 0.512 seconds
[2022-10-27 22:37:10,681] {processor.py:153} INFO - Started process (PID=52224) to work on /home/nayara/Documentos/airflowalura/venv/lib/python3.9/site-packages/airflow/example_dags/example_short_circuit_operator.py
[2022-10-27 22:37:10,815] {processor.py:641} INFO - Processing file /home/nayara/Documentos/airflowalura/venv/lib/python3.9/site-packages/airflow/example_dags/example_short_circuit_operator.py for tasks to queue
[2022-10-27 22:37:10,818] {logging_mixin.py:115} INFO - [2022-10-27 22:37:10,818] {dagbag.py:507} INFO - Filling up the DagBag from /home/nayara/Documentos/airflowalura/venv/lib/python3.9/site-packages/airflow/example_dags/example_short_circuit_operator.py
[2022-10-27 22:37:10,853] {processor.py:651} INFO - DAG(s) dict_keys(['example_short_circuit_operator']) retrieved from /home/nayara/Documentos/airflowalura/venv/lib/python3.9/site-packages/airflow/example_dags/example_short_circuit_operator.py
[2022-10-27 22:37:10,879] {logging_mixin.py:115} INFO - [2022-10-27 22:37:10,879] {dag.py:2379} INFO - Sync 1 DAGs
[2022-10-27 22:37:10,903] {logging_mixin.py:115} INFO - [2022-10-27 22:37:10,903] {dag.py:2927} INFO - Setting next_dagrun for example_short_circuit_operator to 2022-10-27T01:37:10.902747+00:00, run_after=2022-10-28T01:37:10.902747+00:00
[2022-10-27 22:37:11,813] {processor.py:161} INFO - Processing /home/nayara/Documentos/airflowalura/venv/lib/python3.9/site-packages/airflow/example_dags/example_short_circuit_operator.py took 1.137 seconds
[2022-10-27 22:38:53,895] {processor.py:153} INFO - Started process (PID=52536) to work on /home/nayara/Documentos/airflowalura/venv/lib/python3.9/site-packages/airflow/example_dags/example_short_circuit_operator.py
[2022-10-27 22:38:53,910] {processor.py:641} INFO - Processing file /home/nayara/Documentos/airflowalura/venv/lib/python3.9/site-packages/airflow/example_dags/example_short_circuit_operator.py for tasks to queue
[2022-10-27 22:38:53,911] {logging_mixin.py:115} INFO - [2022-10-27 22:38:53,911] {dagbag.py:507} INFO - Filling up the DagBag from /home/nayara/Documentos/airflowalura/venv/lib/python3.9/site-packages/airflow/example_dags/example_short_circuit_operator.py
[2022-10-27 22:38:53,940] {processor.py:651} INFO - DAG(s) dict_keys(['example_short_circuit_operator']) retrieved from /home/nayara/Documentos/airflowalura/venv/lib/python3.9/site-packages/airflow/example_dags/example_short_circuit_operator.py
[2022-10-27 22:38:53,971] {logging_mixin.py:115} INFO - [2022-10-27 22:38:53,971] {dag.py:2379} INFO - Sync 1 DAGs
[2022-10-27 22:38:54,000] {logging_mixin.py:115} INFO - [2022-10-27 22:38:54,000] {dag.py:2927} INFO - Setting next_dagrun for example_short_circuit_operator to 2022-10-27T01:38:53.999888+00:00, run_after=2022-10-28T01:38:53.999888+00:00
[2022-10-27 22:38:54,296] {processor.py:161} INFO - Processing /home/nayara/Documentos/airflowalura/venv/lib/python3.9/site-packages/airflow/example_dags/example_short_circuit_operator.py took 0.410 seconds
[2022-10-27 22:39:45,225] {processor.py:153} INFO - Started process (PID=52639) to work on /home/nayara/Documentos/airflowalura/venv/lib/python3.9/site-packages/airflow/example_dags/example_short_circuit_operator.py
[2022-10-27 22:39:45,229] {processor.py:641} INFO - Processing file /home/nayara/Documentos/airflowalura/venv/lib/python3.9/site-packages/airflow/example_dags/example_short_circuit_operator.py for tasks to queue
[2022-10-27 22:39:45,232] {logging_mixin.py:115} INFO - [2022-10-27 22:39:45,231] {dagbag.py:507} INFO - Filling up the DagBag from /home/nayara/Documentos/airflowalura/venv/lib/python3.9/site-packages/airflow/example_dags/example_short_circuit_operator.py
[2022-10-27 22:39:45,294] {processor.py:651} INFO - DAG(s) dict_keys(['example_short_circuit_operator']) retrieved from /home/nayara/Documentos/airflowalura/venv/lib/python3.9/site-packages/airflow/example_dags/example_short_circuit_operator.py
[2022-10-27 22:39:45,320] {logging_mixin.py:115} INFO - [2022-10-27 22:39:45,319] {dag.py:2379} INFO - Sync 1 DAGs
[2022-10-27 22:39:45,347] {logging_mixin.py:115} INFO - [2022-10-27 22:39:45,347] {dag.py:2927} INFO - Setting next_dagrun for example_short_circuit_operator to 2022-10-27T01:39:45.346677+00:00, run_after=2022-10-28T01:39:45.346677+00:00
[2022-10-27 22:39:45,674] {processor.py:161} INFO - Processing /home/nayara/Documentos/airflowalura/venv/lib/python3.9/site-packages/airflow/example_dags/example_short_circuit_operator.py took 0.468 seconds
[2022-10-27 22:41:18,576] {processor.py:153} INFO - Started process (PID=52813) to work on /home/nayara/Documentos/airflowalura/venv/lib/python3.9/site-packages/airflow/example_dags/example_short_circuit_operator.py
[2022-10-27 22:41:18,597] {processor.py:641} INFO - Processing file /home/nayara/Documentos/airflowalura/venv/lib/python3.9/site-packages/airflow/example_dags/example_short_circuit_operator.py for tasks to queue
[2022-10-27 22:41:18,602] {logging_mixin.py:115} INFO - [2022-10-27 22:41:18,601] {dagbag.py:507} INFO - Filling up the DagBag from /home/nayara/Documentos/airflowalura/venv/lib/python3.9/site-packages/airflow/example_dags/example_short_circuit_operator.py
[2022-10-27 22:41:18,656] {processor.py:651} INFO - DAG(s) dict_keys(['example_short_circuit_operator']) retrieved from /home/nayara/Documentos/airflowalura/venv/lib/python3.9/site-packages/airflow/example_dags/example_short_circuit_operator.py
[2022-10-27 22:41:18,683] {logging_mixin.py:115} INFO - [2022-10-27 22:41:18,683] {dag.py:2379} INFO - Sync 1 DAGs
[2022-10-27 22:41:18,707] {logging_mixin.py:115} INFO - [2022-10-27 22:41:18,707] {dag.py:2927} INFO - Setting next_dagrun for example_short_circuit_operator to 2022-10-27T01:41:18.707265+00:00, run_after=2022-10-28T01:41:18.707265+00:00
[2022-10-27 22:41:18,956] {processor.py:161} INFO - Processing /home/nayara/Documentos/airflowalura/venv/lib/python3.9/site-packages/airflow/example_dags/example_short_circuit_operator.py took 0.400 seconds
[2022-10-27 22:42:09,231] {processor.py:153} INFO - Started process (PID=52939) to work on /home/nayara/Documentos/airflowalura/venv/lib/python3.9/site-packages/airflow/example_dags/example_short_circuit_operator.py
[2022-10-27 22:42:09,242] {processor.py:641} INFO - Processing file /home/nayara/Documentos/airflowalura/venv/lib/python3.9/site-packages/airflow/example_dags/example_short_circuit_operator.py for tasks to queue
[2022-10-27 22:42:09,244] {logging_mixin.py:115} INFO - [2022-10-27 22:42:09,244] {dagbag.py:507} INFO - Filling up the DagBag from /home/nayara/Documentos/airflowalura/venv/lib/python3.9/site-packages/airflow/example_dags/example_short_circuit_operator.py
[2022-10-27 22:42:09,267] {processor.py:651} INFO - DAG(s) dict_keys(['example_short_circuit_operator']) retrieved from /home/nayara/Documentos/airflowalura/venv/lib/python3.9/site-packages/airflow/example_dags/example_short_circuit_operator.py
[2022-10-27 22:42:09,287] {logging_mixin.py:115} INFO - [2022-10-27 22:42:09,287] {dag.py:2379} INFO - Sync 1 DAGs
[2022-10-27 22:42:09,308] {logging_mixin.py:115} INFO - [2022-10-27 22:42:09,308] {dag.py:2927} INFO - Setting next_dagrun for example_short_circuit_operator to 2022-10-27T01:42:09.308085+00:00, run_after=2022-10-28T01:42:09.308085+00:00
[2022-10-27 22:42:09,678] {processor.py:161} INFO - Processing /home/nayara/Documentos/airflowalura/venv/lib/python3.9/site-packages/airflow/example_dags/example_short_circuit_operator.py took 0.460 seconds
[2022-10-27 22:43:04,077] {processor.py:153} INFO - Started process (PID=53031) to work on /home/nayara/Documentos/airflowalura/venv/lib/python3.9/site-packages/airflow/example_dags/example_short_circuit_operator.py
[2022-10-27 22:43:04,079] {processor.py:641} INFO - Processing file /home/nayara/Documentos/airflowalura/venv/lib/python3.9/site-packages/airflow/example_dags/example_short_circuit_operator.py for tasks to queue
[2022-10-27 22:43:04,080] {logging_mixin.py:115} INFO - [2022-10-27 22:43:04,080] {dagbag.py:507} INFO - Filling up the DagBag from /home/nayara/Documentos/airflowalura/venv/lib/python3.9/site-packages/airflow/example_dags/example_short_circuit_operator.py
[2022-10-27 22:43:04,099] {processor.py:651} INFO - DAG(s) dict_keys(['example_short_circuit_operator']) retrieved from /home/nayara/Documentos/airflowalura/venv/lib/python3.9/site-packages/airflow/example_dags/example_short_circuit_operator.py
[2022-10-27 22:43:04,120] {logging_mixin.py:115} INFO - [2022-10-27 22:43:04,120] {dag.py:2379} INFO - Sync 1 DAGs
[2022-10-27 22:43:04,141] {logging_mixin.py:115} INFO - [2022-10-27 22:43:04,141] {dag.py:2927} INFO - Setting next_dagrun for example_short_circuit_operator to 2022-10-27T01:43:04.141053+00:00, run_after=2022-10-28T01:43:04.141053+00:00
[2022-10-27 22:43:04,446] {processor.py:161} INFO - Processing /home/nayara/Documentos/airflowalura/venv/lib/python3.9/site-packages/airflow/example_dags/example_short_circuit_operator.py took 0.381 seconds
[2022-10-27 22:44:01,624] {processor.py:153} INFO - Started process (PID=53160) to work on /home/nayara/Documentos/airflowalura/venv/lib/python3.9/site-packages/airflow/example_dags/example_short_circuit_operator.py
[2022-10-27 22:44:01,627] {processor.py:641} INFO - Processing file /home/nayara/Documentos/airflowalura/venv/lib/python3.9/site-packages/airflow/example_dags/example_short_circuit_operator.py for tasks to queue
[2022-10-27 22:44:01,629] {logging_mixin.py:115} INFO - [2022-10-27 22:44:01,629] {dagbag.py:507} INFO - Filling up the DagBag from /home/nayara/Documentos/airflowalura/venv/lib/python3.9/site-packages/airflow/example_dags/example_short_circuit_operator.py
[2022-10-27 22:44:01,683] {processor.py:651} INFO - DAG(s) dict_keys(['example_short_circuit_operator']) retrieved from /home/nayara/Documentos/airflowalura/venv/lib/python3.9/site-packages/airflow/example_dags/example_short_circuit_operator.py
[2022-10-27 22:44:01,727] {logging_mixin.py:115} INFO - [2022-10-27 22:44:01,726] {dag.py:2379} INFO - Sync 1 DAGs
[2022-10-27 22:44:01,763] {logging_mixin.py:115} INFO - [2022-10-27 22:44:01,763] {dag.py:2927} INFO - Setting next_dagrun for example_short_circuit_operator to 2022-10-27T01:44:01.763401+00:00, run_after=2022-10-28T01:44:01.763401+00:00
[2022-10-27 22:44:02,062] {processor.py:161} INFO - Processing /home/nayara/Documentos/airflowalura/venv/lib/python3.9/site-packages/airflow/example_dags/example_short_circuit_operator.py took 0.448 seconds
[2022-10-27 22:44:50,206] {processor.py:153} INFO - Started process (PID=53326) to work on /home/nayara/Documentos/airflowalura/venv/lib/python3.9/site-packages/airflow/example_dags/example_short_circuit_operator.py
[2022-10-27 22:44:50,213] {processor.py:641} INFO - Processing file /home/nayara/Documentos/airflowalura/venv/lib/python3.9/site-packages/airflow/example_dags/example_short_circuit_operator.py for tasks to queue
[2022-10-27 22:44:50,215] {logging_mixin.py:115} INFO - [2022-10-27 22:44:50,214] {dagbag.py:507} INFO - Filling up the DagBag from /home/nayara/Documentos/airflowalura/venv/lib/python3.9/site-packages/airflow/example_dags/example_short_circuit_operator.py
[2022-10-27 22:44:50,382] {processor.py:651} INFO - DAG(s) dict_keys(['example_short_circuit_operator']) retrieved from /home/nayara/Documentos/airflowalura/venv/lib/python3.9/site-packages/airflow/example_dags/example_short_circuit_operator.py
[2022-10-27 22:44:50,407] {logging_mixin.py:115} INFO - [2022-10-27 22:44:50,406] {dag.py:2379} INFO - Sync 1 DAGs
[2022-10-27 22:44:50,433] {logging_mixin.py:115} INFO - [2022-10-27 22:44:50,433] {dag.py:2927} INFO - Setting next_dagrun for example_short_circuit_operator to 2022-10-27T01:44:50.433370+00:00, run_after=2022-10-28T01:44:50.433370+00:00
[2022-10-27 22:44:51,563] {processor.py:161} INFO - Processing /home/nayara/Documentos/airflowalura/venv/lib/python3.9/site-packages/airflow/example_dags/example_short_circuit_operator.py took 1.366 seconds
[2022-10-27 22:45:58,454] {processor.py:153} INFO - Started process (PID=53446) to work on /home/nayara/Documentos/airflowalura/venv/lib/python3.9/site-packages/airflow/example_dags/example_short_circuit_operator.py
[2022-10-27 22:45:58,494] {processor.py:641} INFO - Processing file /home/nayara/Documentos/airflowalura/venv/lib/python3.9/site-packages/airflow/example_dags/example_short_circuit_operator.py for tasks to queue
[2022-10-27 22:45:58,496] {logging_mixin.py:115} INFO - [2022-10-27 22:45:58,496] {dagbag.py:507} INFO - Filling up the DagBag from /home/nayara/Documentos/airflowalura/venv/lib/python3.9/site-packages/airflow/example_dags/example_short_circuit_operator.py
[2022-10-27 22:45:58,534] {processor.py:651} INFO - DAG(s) dict_keys(['example_short_circuit_operator']) retrieved from /home/nayara/Documentos/airflowalura/venv/lib/python3.9/site-packages/airflow/example_dags/example_short_circuit_operator.py
[2022-10-27 22:45:58,558] {logging_mixin.py:115} INFO - [2022-10-27 22:45:58,558] {dag.py:2379} INFO - Sync 1 DAGs
[2022-10-27 22:45:58,581] {logging_mixin.py:115} INFO - [2022-10-27 22:45:58,581] {dag.py:2927} INFO - Setting next_dagrun for example_short_circuit_operator to 2022-10-27T01:45:58.580804+00:00, run_after=2022-10-28T01:45:58.580804+00:00
[2022-10-27 22:45:59,140] {processor.py:161} INFO - Processing /home/nayara/Documentos/airflowalura/venv/lib/python3.9/site-packages/airflow/example_dags/example_short_circuit_operator.py took 0.690 seconds
[2022-10-27 22:46:49,064] {processor.py:153} INFO - Started process (PID=53574) to work on /home/nayara/Documentos/airflowalura/venv/lib/python3.9/site-packages/airflow/example_dags/example_short_circuit_operator.py
[2022-10-27 22:46:49,088] {processor.py:641} INFO - Processing file /home/nayara/Documentos/airflowalura/venv/lib/python3.9/site-packages/airflow/example_dags/example_short_circuit_operator.py for tasks to queue
[2022-10-27 22:46:49,089] {logging_mixin.py:115} INFO - [2022-10-27 22:46:49,089] {dagbag.py:507} INFO - Filling up the DagBag from /home/nayara/Documentos/airflowalura/venv/lib/python3.9/site-packages/airflow/example_dags/example_short_circuit_operator.py
[2022-10-27 22:46:49,115] {processor.py:651} INFO - DAG(s) dict_keys(['example_short_circuit_operator']) retrieved from /home/nayara/Documentos/airflowalura/venv/lib/python3.9/site-packages/airflow/example_dags/example_short_circuit_operator.py
[2022-10-27 22:46:49,142] {logging_mixin.py:115} INFO - [2022-10-27 22:46:49,142] {dag.py:2379} INFO - Sync 1 DAGs
[2022-10-27 22:46:49,164] {logging_mixin.py:115} INFO - [2022-10-27 22:46:49,164] {dag.py:2927} INFO - Setting next_dagrun for example_short_circuit_operator to 2022-10-27T01:46:49.163950+00:00, run_after=2022-10-28T01:46:49.163950+00:00
[2022-10-27 22:46:49,450] {processor.py:161} INFO - Processing /home/nayara/Documentos/airflowalura/venv/lib/python3.9/site-packages/airflow/example_dags/example_short_circuit_operator.py took 0.406 seconds
[2022-10-27 22:47:53,066] {processor.py:153} INFO - Started process (PID=53710) to work on /home/nayara/Documentos/airflowalura/venv/lib/python3.9/site-packages/airflow/example_dags/example_short_circuit_operator.py
[2022-10-27 22:47:53,080] {processor.py:641} INFO - Processing file /home/nayara/Documentos/airflowalura/venv/lib/python3.9/site-packages/airflow/example_dags/example_short_circuit_operator.py for tasks to queue
[2022-10-27 22:47:53,082] {logging_mixin.py:115} INFO - [2022-10-27 22:47:53,082] {dagbag.py:507} INFO - Filling up the DagBag from /home/nayara/Documentos/airflowalura/venv/lib/python3.9/site-packages/airflow/example_dags/example_short_circuit_operator.py
[2022-10-27 22:47:53,112] {processor.py:651} INFO - DAG(s) dict_keys(['example_short_circuit_operator']) retrieved from /home/nayara/Documentos/airflowalura/venv/lib/python3.9/site-packages/airflow/example_dags/example_short_circuit_operator.py
[2022-10-27 22:47:53,137] {logging_mixin.py:115} INFO - [2022-10-27 22:47:53,137] {dag.py:2379} INFO - Sync 1 DAGs
[2022-10-27 22:47:53,166] {logging_mixin.py:115} INFO - [2022-10-27 22:47:53,166] {dag.py:2927} INFO - Setting next_dagrun for example_short_circuit_operator to 2022-10-27T01:47:53.166196+00:00, run_after=2022-10-28T01:47:53.166196+00:00
[2022-10-27 22:47:53,557] {processor.py:161} INFO - Processing /home/nayara/Documentos/airflowalura/venv/lib/python3.9/site-packages/airflow/example_dags/example_short_circuit_operator.py took 0.496 seconds
[2022-10-27 22:48:37,734] {processor.py:153} INFO - Started process (PID=53805) to work on /home/nayara/Documentos/airflowalura/venv/lib/python3.9/site-packages/airflow/example_dags/example_short_circuit_operator.py
[2022-10-27 22:48:37,736] {processor.py:641} INFO - Processing file /home/nayara/Documentos/airflowalura/venv/lib/python3.9/site-packages/airflow/example_dags/example_short_circuit_operator.py for tasks to queue
[2022-10-27 22:48:37,737] {logging_mixin.py:115} INFO - [2022-10-27 22:48:37,736] {dagbag.py:507} INFO - Filling up the DagBag from /home/nayara/Documentos/airflowalura/venv/lib/python3.9/site-packages/airflow/example_dags/example_short_circuit_operator.py
[2022-10-27 22:48:37,754] {processor.py:651} INFO - DAG(s) dict_keys(['example_short_circuit_operator']) retrieved from /home/nayara/Documentos/airflowalura/venv/lib/python3.9/site-packages/airflow/example_dags/example_short_circuit_operator.py
[2022-10-27 22:48:37,783] {logging_mixin.py:115} INFO - [2022-10-27 22:48:37,783] {dag.py:2379} INFO - Sync 1 DAGs
[2022-10-27 22:48:37,821] {logging_mixin.py:115} INFO - [2022-10-27 22:48:37,821] {dag.py:2927} INFO - Setting next_dagrun for example_short_circuit_operator to 2022-10-27T01:48:37.821203+00:00, run_after=2022-10-28T01:48:37.821203+00:00
[2022-10-27 22:48:38,125] {processor.py:161} INFO - Processing /home/nayara/Documentos/airflowalura/venv/lib/python3.9/site-packages/airflow/example_dags/example_short_circuit_operator.py took 0.402 seconds
[2022-10-27 22:49:22,979] {processor.py:153} INFO - Started process (PID=53890) to work on /home/nayara/Documentos/airflowalura/venv/lib/python3.9/site-packages/airflow/example_dags/example_short_circuit_operator.py
[2022-10-27 22:49:22,984] {processor.py:641} INFO - Processing file /home/nayara/Documentos/airflowalura/venv/lib/python3.9/site-packages/airflow/example_dags/example_short_circuit_operator.py for tasks to queue
[2022-10-27 22:49:22,987] {logging_mixin.py:115} INFO - [2022-10-27 22:49:22,987] {dagbag.py:507} INFO - Filling up the DagBag from /home/nayara/Documentos/airflowalura/venv/lib/python3.9/site-packages/airflow/example_dags/example_short_circuit_operator.py
[2022-10-27 22:49:23,024] {processor.py:651} INFO - DAG(s) dict_keys(['example_short_circuit_operator']) retrieved from /home/nayara/Documentos/airflowalura/venv/lib/python3.9/site-packages/airflow/example_dags/example_short_circuit_operator.py
[2022-10-27 22:49:23,054] {logging_mixin.py:115} INFO - [2022-10-27 22:49:23,054] {dag.py:2379} INFO - Sync 1 DAGs
[2022-10-27 22:49:23,083] {logging_mixin.py:115} INFO - [2022-10-27 22:49:23,083] {dag.py:2927} INFO - Setting next_dagrun for example_short_circuit_operator to 2022-10-27T01:49:23.083434+00:00, run_after=2022-10-28T01:49:23.083434+00:00
[2022-10-27 22:49:23,390] {processor.py:161} INFO - Processing /home/nayara/Documentos/airflowalura/venv/lib/python3.9/site-packages/airflow/example_dags/example_short_circuit_operator.py took 0.427 seconds
[2022-10-27 22:50:09,578] {processor.py:153} INFO - Started process (PID=53979) to work on /home/nayara/Documentos/airflowalura/venv/lib/python3.9/site-packages/airflow/example_dags/example_short_circuit_operator.py
[2022-10-27 22:50:09,582] {processor.py:641} INFO - Processing file /home/nayara/Documentos/airflowalura/venv/lib/python3.9/site-packages/airflow/example_dags/example_short_circuit_operator.py for tasks to queue
[2022-10-27 22:50:09,584] {logging_mixin.py:115} INFO - [2022-10-27 22:50:09,584] {dagbag.py:507} INFO - Filling up the DagBag from /home/nayara/Documentos/airflowalura/venv/lib/python3.9/site-packages/airflow/example_dags/example_short_circuit_operator.py
[2022-10-27 22:50:09,615] {processor.py:651} INFO - DAG(s) dict_keys(['example_short_circuit_operator']) retrieved from /home/nayara/Documentos/airflowalura/venv/lib/python3.9/site-packages/airflow/example_dags/example_short_circuit_operator.py
[2022-10-27 22:50:09,646] {logging_mixin.py:115} INFO - [2022-10-27 22:50:09,646] {dag.py:2379} INFO - Sync 1 DAGs
[2022-10-27 22:50:09,673] {logging_mixin.py:115} INFO - [2022-10-27 22:50:09,672] {dag.py:2927} INFO - Setting next_dagrun for example_short_circuit_operator to 2022-10-27T01:50:09.672466+00:00, run_after=2022-10-28T01:50:09.672466+00:00
[2022-10-27 22:50:09,999] {processor.py:161} INFO - Processing /home/nayara/Documentos/airflowalura/venv/lib/python3.9/site-packages/airflow/example_dags/example_short_circuit_operator.py took 0.438 seconds
[2022-10-27 22:51:14,916] {processor.py:153} INFO - Started process (PID=54097) to work on /home/nayara/Documentos/airflowalura/venv/lib/python3.9/site-packages/airflow/example_dags/example_short_circuit_operator.py
[2022-10-27 22:51:14,933] {processor.py:641} INFO - Processing file /home/nayara/Documentos/airflowalura/venv/lib/python3.9/site-packages/airflow/example_dags/example_short_circuit_operator.py for tasks to queue
[2022-10-27 22:51:14,934] {logging_mixin.py:115} INFO - [2022-10-27 22:51:14,934] {dagbag.py:507} INFO - Filling up the DagBag from /home/nayara/Documentos/airflowalura/venv/lib/python3.9/site-packages/airflow/example_dags/example_short_circuit_operator.py
[2022-10-27 22:51:14,950] {processor.py:651} INFO - DAG(s) dict_keys(['example_short_circuit_operator']) retrieved from /home/nayara/Documentos/airflowalura/venv/lib/python3.9/site-packages/airflow/example_dags/example_short_circuit_operator.py
[2022-10-27 22:51:14,978] {logging_mixin.py:115} INFO - [2022-10-27 22:51:14,978] {dag.py:2379} INFO - Sync 1 DAGs
[2022-10-27 22:51:15,002] {logging_mixin.py:115} INFO - [2022-10-27 22:51:15,002] {dag.py:2927} INFO - Setting next_dagrun for example_short_circuit_operator to 2022-10-27T01:51:15.002494+00:00, run_after=2022-10-28T01:51:15.002494+00:00
[2022-10-27 22:51:15,371] {processor.py:161} INFO - Processing /home/nayara/Documentos/airflowalura/venv/lib/python3.9/site-packages/airflow/example_dags/example_short_circuit_operator.py took 0.462 seconds
[2022-10-27 22:52:07,597] {processor.py:153} INFO - Started process (PID=54206) to work on /home/nayara/Documentos/airflowalura/venv/lib/python3.9/site-packages/airflow/example_dags/example_short_circuit_operator.py
[2022-10-27 22:52:07,632] {processor.py:641} INFO - Processing file /home/nayara/Documentos/airflowalura/venv/lib/python3.9/site-packages/airflow/example_dags/example_short_circuit_operator.py for tasks to queue
[2022-10-27 22:52:07,636] {logging_mixin.py:115} INFO - [2022-10-27 22:52:07,635] {dagbag.py:507} INFO - Filling up the DagBag from /home/nayara/Documentos/airflowalura/venv/lib/python3.9/site-packages/airflow/example_dags/example_short_circuit_operator.py
[2022-10-27 22:52:07,700] {processor.py:651} INFO - DAG(s) dict_keys(['example_short_circuit_operator']) retrieved from /home/nayara/Documentos/airflowalura/venv/lib/python3.9/site-packages/airflow/example_dags/example_short_circuit_operator.py
[2022-10-27 22:52:07,742] {logging_mixin.py:115} INFO - [2022-10-27 22:52:07,742] {dag.py:2379} INFO - Sync 1 DAGs
[2022-10-27 22:52:07,775] {logging_mixin.py:115} INFO - [2022-10-27 22:52:07,775] {dag.py:2927} INFO - Setting next_dagrun for example_short_circuit_operator to 2022-10-27T01:52:07.774327+00:00, run_after=2022-10-28T01:52:07.774327+00:00
[2022-10-27 22:52:09,131] {processor.py:161} INFO - Processing /home/nayara/Documentos/airflowalura/venv/lib/python3.9/site-packages/airflow/example_dags/example_short_circuit_operator.py took 1.554 seconds
[2022-10-27 22:53:00,016] {processor.py:153} INFO - Started process (PID=54297) to work on /home/nayara/Documentos/airflowalura/venv/lib/python3.9/site-packages/airflow/example_dags/example_short_circuit_operator.py
[2022-10-27 22:53:00,051] {processor.py:641} INFO - Processing file /home/nayara/Documentos/airflowalura/venv/lib/python3.9/site-packages/airflow/example_dags/example_short_circuit_operator.py for tasks to queue
[2022-10-27 22:53:00,054] {logging_mixin.py:115} INFO - [2022-10-27 22:53:00,053] {dagbag.py:507} INFO - Filling up the DagBag from /home/nayara/Documentos/airflowalura/venv/lib/python3.9/site-packages/airflow/example_dags/example_short_circuit_operator.py
[2022-10-27 22:53:00,091] {processor.py:651} INFO - DAG(s) dict_keys(['example_short_circuit_operator']) retrieved from /home/nayara/Documentos/airflowalura/venv/lib/python3.9/site-packages/airflow/example_dags/example_short_circuit_operator.py
[2022-10-27 22:53:00,154] {logging_mixin.py:115} INFO - [2022-10-27 22:53:00,154] {dag.py:2379} INFO - Sync 1 DAGs
[2022-10-27 22:53:00,186] {logging_mixin.py:115} INFO - [2022-10-27 22:53:00,186] {dag.py:2927} INFO - Setting next_dagrun for example_short_circuit_operator to 2022-10-27T01:53:00.186230+00:00, run_after=2022-10-28T01:53:00.186230+00:00
[2022-10-27 22:53:00,610] {processor.py:161} INFO - Processing /home/nayara/Documentos/airflowalura/venv/lib/python3.9/site-packages/airflow/example_dags/example_short_circuit_operator.py took 0.605 seconds
[2022-10-27 22:53:45,469] {processor.py:153} INFO - Started process (PID=54385) to work on /home/nayara/Documentos/airflowalura/venv/lib/python3.9/site-packages/airflow/example_dags/example_short_circuit_operator.py
[2022-10-27 22:53:45,490] {processor.py:641} INFO - Processing file /home/nayara/Documentos/airflowalura/venv/lib/python3.9/site-packages/airflow/example_dags/example_short_circuit_operator.py for tasks to queue
[2022-10-27 22:53:45,492] {logging_mixin.py:115} INFO - [2022-10-27 22:53:45,491] {dagbag.py:507} INFO - Filling up the DagBag from /home/nayara/Documentos/airflowalura/venv/lib/python3.9/site-packages/airflow/example_dags/example_short_circuit_operator.py
[2022-10-27 22:53:45,524] {processor.py:651} INFO - DAG(s) dict_keys(['example_short_circuit_operator']) retrieved from /home/nayara/Documentos/airflowalura/venv/lib/python3.9/site-packages/airflow/example_dags/example_short_circuit_operator.py
[2022-10-27 22:53:45,563] {logging_mixin.py:115} INFO - [2022-10-27 22:53:45,563] {dag.py:2379} INFO - Sync 1 DAGs
[2022-10-27 22:53:45,588] {logging_mixin.py:115} INFO - [2022-10-27 22:53:45,587] {dag.py:2927} INFO - Setting next_dagrun for example_short_circuit_operator to 2022-10-27T01:53:45.587483+00:00, run_after=2022-10-28T01:53:45.587483+00:00
[2022-10-27 22:53:45,864] {processor.py:161} INFO - Processing /home/nayara/Documentos/airflowalura/venv/lib/python3.9/site-packages/airflow/example_dags/example_short_circuit_operator.py took 0.414 seconds
[2022-10-27 22:54:35,641] {processor.py:153} INFO - Started process (PID=54492) to work on /home/nayara/Documentos/airflowalura/venv/lib/python3.9/site-packages/airflow/example_dags/example_short_circuit_operator.py
[2022-10-27 22:54:35,657] {processor.py:641} INFO - Processing file /home/nayara/Documentos/airflowalura/venv/lib/python3.9/site-packages/airflow/example_dags/example_short_circuit_operator.py for tasks to queue
[2022-10-27 22:54:35,658] {logging_mixin.py:115} INFO - [2022-10-27 22:54:35,658] {dagbag.py:507} INFO - Filling up the DagBag from /home/nayara/Documentos/airflowalura/venv/lib/python3.9/site-packages/airflow/example_dags/example_short_circuit_operator.py
[2022-10-27 22:54:35,669] {processor.py:651} INFO - DAG(s) dict_keys(['example_short_circuit_operator']) retrieved from /home/nayara/Documentos/airflowalura/venv/lib/python3.9/site-packages/airflow/example_dags/example_short_circuit_operator.py
[2022-10-27 22:54:35,689] {logging_mixin.py:115} INFO - [2022-10-27 22:54:35,689] {dag.py:2379} INFO - Sync 1 DAGs
[2022-10-27 22:54:35,710] {logging_mixin.py:115} INFO - [2022-10-27 22:54:35,710] {dag.py:2927} INFO - Setting next_dagrun for example_short_circuit_operator to 2022-10-27T01:54:35.710466+00:00, run_after=2022-10-28T01:54:35.710466+00:00
[2022-10-27 22:54:36,025] {processor.py:161} INFO - Processing /home/nayara/Documentos/airflowalura/venv/lib/python3.9/site-packages/airflow/example_dags/example_short_circuit_operator.py took 0.387 seconds
[2022-10-27 22:55:26,883] {processor.py:153} INFO - Started process (PID=54591) to work on /home/nayara/Documentos/airflowalura/venv/lib/python3.9/site-packages/airflow/example_dags/example_short_circuit_operator.py
[2022-10-27 22:55:26,885] {processor.py:641} INFO - Processing file /home/nayara/Documentos/airflowalura/venv/lib/python3.9/site-packages/airflow/example_dags/example_short_circuit_operator.py for tasks to queue
[2022-10-27 22:55:26,887] {logging_mixin.py:115} INFO - [2022-10-27 22:55:26,887] {dagbag.py:507} INFO - Filling up the DagBag from /home/nayara/Documentos/airflowalura/venv/lib/python3.9/site-packages/airflow/example_dags/example_short_circuit_operator.py
[2022-10-27 22:55:26,912] {processor.py:651} INFO - DAG(s) dict_keys(['example_short_circuit_operator']) retrieved from /home/nayara/Documentos/airflowalura/venv/lib/python3.9/site-packages/airflow/example_dags/example_short_circuit_operator.py
[2022-10-27 22:55:26,949] {logging_mixin.py:115} INFO - [2022-10-27 22:55:26,949] {dag.py:2379} INFO - Sync 1 DAGs
[2022-10-27 22:55:26,980] {logging_mixin.py:115} INFO - [2022-10-27 22:55:26,980] {dag.py:2927} INFO - Setting next_dagrun for example_short_circuit_operator to 2022-10-27T01:55:26.980463+00:00, run_after=2022-10-28T01:55:26.980463+00:00
[2022-10-27 22:55:27,530] {processor.py:161} INFO - Processing /home/nayara/Documentos/airflowalura/venv/lib/python3.9/site-packages/airflow/example_dags/example_short_circuit_operator.py took 0.654 seconds
[2022-10-27 22:56:17,082] {processor.py:153} INFO - Started process (PID=54701) to work on /home/nayara/Documentos/airflowalura/venv/lib/python3.9/site-packages/airflow/example_dags/example_short_circuit_operator.py
[2022-10-27 22:56:17,083] {processor.py:641} INFO - Processing file /home/nayara/Documentos/airflowalura/venv/lib/python3.9/site-packages/airflow/example_dags/example_short_circuit_operator.py for tasks to queue
[2022-10-27 22:56:17,084] {logging_mixin.py:115} INFO - [2022-10-27 22:56:17,084] {dagbag.py:507} INFO - Filling up the DagBag from /home/nayara/Documentos/airflowalura/venv/lib/python3.9/site-packages/airflow/example_dags/example_short_circuit_operator.py
[2022-10-27 22:56:17,097] {processor.py:651} INFO - DAG(s) dict_keys(['example_short_circuit_operator']) retrieved from /home/nayara/Documentos/airflowalura/venv/lib/python3.9/site-packages/airflow/example_dags/example_short_circuit_operator.py
[2022-10-27 22:56:17,121] {logging_mixin.py:115} INFO - [2022-10-27 22:56:17,121] {dag.py:2379} INFO - Sync 1 DAGs
[2022-10-27 22:56:17,147] {logging_mixin.py:115} INFO - [2022-10-27 22:56:17,146] {dag.py:2927} INFO - Setting next_dagrun for example_short_circuit_operator to 2022-10-27T01:56:17.146583+00:00, run_after=2022-10-28T01:56:17.146583+00:00
[2022-10-27 22:56:17,455] {processor.py:161} INFO - Processing /home/nayara/Documentos/airflowalura/venv/lib/python3.9/site-packages/airflow/example_dags/example_short_circuit_operator.py took 0.377 seconds
[2022-10-27 22:57:04,941] {processor.py:153} INFO - Started process (PID=54822) to work on /home/nayara/Documentos/airflowalura/venv/lib/python3.9/site-packages/airflow/example_dags/example_short_circuit_operator.py
[2022-10-27 22:57:05,041] {processor.py:641} INFO - Processing file /home/nayara/Documentos/airflowalura/venv/lib/python3.9/site-packages/airflow/example_dags/example_short_circuit_operator.py for tasks to queue
[2022-10-27 22:57:05,042] {logging_mixin.py:115} INFO - [2022-10-27 22:57:05,042] {dagbag.py:507} INFO - Filling up the DagBag from /home/nayara/Documentos/airflowalura/venv/lib/python3.9/site-packages/airflow/example_dags/example_short_circuit_operator.py
[2022-10-27 22:57:05,059] {processor.py:651} INFO - DAG(s) dict_keys(['example_short_circuit_operator']) retrieved from /home/nayara/Documentos/airflowalura/venv/lib/python3.9/site-packages/airflow/example_dags/example_short_circuit_operator.py
[2022-10-27 22:57:05,086] {logging_mixin.py:115} INFO - [2022-10-27 22:57:05,086] {dag.py:2379} INFO - Sync 1 DAGs
[2022-10-27 22:57:05,117] {logging_mixin.py:115} INFO - [2022-10-27 22:57:05,117] {dag.py:2927} INFO - Setting next_dagrun for example_short_circuit_operator to 2022-10-27T01:57:05.116872+00:00, run_after=2022-10-28T01:57:05.116872+00:00
[2022-10-27 22:57:05,914] {processor.py:161} INFO - Processing /home/nayara/Documentos/airflowalura/venv/lib/python3.9/site-packages/airflow/example_dags/example_short_circuit_operator.py took 0.985 seconds
