[2022-10-27 22:16:31,797] {processor.py:153} INFO - Started process (PID=49082) to work on /home/nayara/Documentos/airflowalura/venv/lib/python3.9/site-packages/airflow/example_dags/example_branch_datetime_operator.py
[2022-10-27 22:16:31,798] {processor.py:641} INFO - Processing file /home/nayara/Documentos/airflowalura/venv/lib/python3.9/site-packages/airflow/example_dags/example_branch_datetime_operator.py for tasks to queue
[2022-10-27 22:16:31,799] {logging_mixin.py:115} INFO - [2022-10-27 22:16:31,799] {dagbag.py:507} INFO - Filling up the DagBag from /home/nayara/Documentos/airflowalura/venv/lib/python3.9/site-packages/airflow/example_dags/example_branch_datetime_operator.py
[2022-10-27 22:16:32,069] {processor.py:651} INFO - DAG(s) dict_keys(['example_branch_datetime_operator_2']) retrieved from /home/nayara/Documentos/airflowalura/venv/lib/python3.9/site-packages/airflow/example_dags/example_branch_datetime_operator.py
[2022-10-27 22:16:34,001] {logging_mixin.py:115} INFO - [2022-10-27 22:16:34,001] {manager.py:508} INFO - Created Permission View: can read on DAG:example_branch_datetime_operator_2
[2022-10-27 22:16:34,809] {logging_mixin.py:115} INFO - [2022-10-27 22:16:34,809] {manager.py:508} INFO - Created Permission View: can delete on DAG:example_branch_datetime_operator_2
[2022-10-27 22:16:36,051] {logging_mixin.py:115} INFO - [2022-10-27 22:16:36,051] {manager.py:508} INFO - Created Permission View: can edit on DAG:example_branch_datetime_operator_2
[2022-10-27 22:16:36,052] {logging_mixin.py:115} INFO - [2022-10-27 22:16:36,052] {dag.py:2379} INFO - Sync 1 DAGs
[2022-10-27 22:16:36,084] {logging_mixin.py:115} INFO - [2022-10-27 22:16:36,084] {dag.py:2398} INFO - Creating ORM DAG for example_branch_datetime_operator_2
[2022-10-27 22:16:36,099] {logging_mixin.py:115} INFO - [2022-10-27 22:16:36,099] {dag.py:2927} INFO - Setting next_dagrun for example_branch_datetime_operator_2 to 2022-10-27T00:00:00+00:00, run_after=2022-10-28T00:00:00+00:00
[2022-10-27 22:16:37,430] {processor.py:161} INFO - Processing /home/nayara/Documentos/airflowalura/venv/lib/python3.9/site-packages/airflow/example_dags/example_branch_datetime_operator.py took 5.642 seconds
[2022-10-27 22:17:58,349] {processor.py:153} INFO - Started process (PID=49259) to work on /home/nayara/Documentos/airflowalura/venv/lib/python3.9/site-packages/airflow/example_dags/example_branch_datetime_operator.py
[2022-10-27 22:17:58,371] {processor.py:641} INFO - Processing file /home/nayara/Documentos/airflowalura/venv/lib/python3.9/site-packages/airflow/example_dags/example_branch_datetime_operator.py for tasks to queue
[2022-10-27 22:17:58,372] {logging_mixin.py:115} INFO - [2022-10-27 22:17:58,372] {dagbag.py:507} INFO - Filling up the DagBag from /home/nayara/Documentos/airflowalura/venv/lib/python3.9/site-packages/airflow/example_dags/example_branch_datetime_operator.py
[2022-10-27 22:17:58,382] {processor.py:651} INFO - DAG(s) dict_keys(['example_branch_datetime_operator_2']) retrieved from /home/nayara/Documentos/airflowalura/venv/lib/python3.9/site-packages/airflow/example_dags/example_branch_datetime_operator.py
[2022-10-27 22:17:58,401] {logging_mixin.py:115} INFO - [2022-10-27 22:17:58,401] {dag.py:2379} INFO - Sync 1 DAGs
[2022-10-27 22:17:58,433] {logging_mixin.py:115} INFO - [2022-10-27 22:17:58,433] {dag.py:2927} INFO - Setting next_dagrun for example_branch_datetime_operator_2 to 2022-10-27T00:00:00+00:00, run_after=2022-10-28T00:00:00+00:00
[2022-10-27 22:17:58,700] {processor.py:161} INFO - Processing /home/nayara/Documentos/airflowalura/venv/lib/python3.9/site-packages/airflow/example_dags/example_branch_datetime_operator.py took 0.355 seconds
[2022-10-27 22:19:25,540] {processor.py:153} INFO - Started process (PID=49631) to work on /home/nayara/Documentos/airflowalura/venv/lib/python3.9/site-packages/airflow/example_dags/example_branch_datetime_operator.py
[2022-10-27 22:19:25,577] {processor.py:641} INFO - Processing file /home/nayara/Documentos/airflowalura/venv/lib/python3.9/site-packages/airflow/example_dags/example_branch_datetime_operator.py for tasks to queue
[2022-10-27 22:19:25,590] {logging_mixin.py:115} INFO - [2022-10-27 22:19:25,589] {dagbag.py:507} INFO - Filling up the DagBag from /home/nayara/Documentos/airflowalura/venv/lib/python3.9/site-packages/airflow/example_dags/example_branch_datetime_operator.py
[2022-10-27 22:19:25,628] {processor.py:651} INFO - DAG(s) dict_keys(['example_branch_datetime_operator_2']) retrieved from /home/nayara/Documentos/airflowalura/venv/lib/python3.9/site-packages/airflow/example_dags/example_branch_datetime_operator.py
[2022-10-27 22:19:25,654] {logging_mixin.py:115} INFO - [2022-10-27 22:19:25,654] {dag.py:2379} INFO - Sync 1 DAGs
[2022-10-27 22:19:25,680] {logging_mixin.py:115} INFO - [2022-10-27 22:19:25,680] {dag.py:2927} INFO - Setting next_dagrun for example_branch_datetime_operator_2 to 2022-10-27T00:00:00+00:00, run_after=2022-10-28T00:00:00+00:00
[2022-10-27 22:19:26,421] {processor.py:161} INFO - Processing /home/nayara/Documentos/airflowalura/venv/lib/python3.9/site-packages/airflow/example_dags/example_branch_datetime_operator.py took 0.886 seconds
[2022-10-27 22:20:35,985] {processor.py:153} INFO - Started process (PID=49880) to work on /home/nayara/Documentos/airflowalura/venv/lib/python3.9/site-packages/airflow/example_dags/example_branch_datetime_operator.py
[2022-10-27 22:20:36,003] {processor.py:641} INFO - Processing file /home/nayara/Documentos/airflowalura/venv/lib/python3.9/site-packages/airflow/example_dags/example_branch_datetime_operator.py for tasks to queue
[2022-10-27 22:20:36,004] {logging_mixin.py:115} INFO - [2022-10-27 22:20:36,004] {dagbag.py:507} INFO - Filling up the DagBag from /home/nayara/Documentos/airflowalura/venv/lib/python3.9/site-packages/airflow/example_dags/example_branch_datetime_operator.py
[2022-10-27 22:20:36,020] {processor.py:651} INFO - DAG(s) dict_keys(['example_branch_datetime_operator_2']) retrieved from /home/nayara/Documentos/airflowalura/venv/lib/python3.9/site-packages/airflow/example_dags/example_branch_datetime_operator.py
[2022-10-27 22:20:36,044] {logging_mixin.py:115} INFO - [2022-10-27 22:20:36,044] {dag.py:2379} INFO - Sync 1 DAGs
[2022-10-27 22:20:36,080] {logging_mixin.py:115} INFO - [2022-10-27 22:20:36,079] {dag.py:2927} INFO - Setting next_dagrun for example_branch_datetime_operator_2 to 2022-10-27T00:00:00+00:00, run_after=2022-10-28T00:00:00+00:00
[2022-10-27 22:20:36,352] {processor.py:161} INFO - Processing /home/nayara/Documentos/airflowalura/venv/lib/python3.9/site-packages/airflow/example_dags/example_branch_datetime_operator.py took 0.387 seconds
[2022-10-27 22:21:26,094] {processor.py:153} INFO - Started process (PID=49990) to work on /home/nayara/Documentos/airflowalura/venv/lib/python3.9/site-packages/airflow/example_dags/example_branch_datetime_operator.py
[2022-10-27 22:21:26,097] {processor.py:641} INFO - Processing file /home/nayara/Documentos/airflowalura/venv/lib/python3.9/site-packages/airflow/example_dags/example_branch_datetime_operator.py for tasks to queue
[2022-10-27 22:21:26,101] {logging_mixin.py:115} INFO - [2022-10-27 22:21:26,101] {dagbag.py:507} INFO - Filling up the DagBag from /home/nayara/Documentos/airflowalura/venv/lib/python3.9/site-packages/airflow/example_dags/example_branch_datetime_operator.py
[2022-10-27 22:21:26,142] {processor.py:651} INFO - DAG(s) dict_keys(['example_branch_datetime_operator_2']) retrieved from /home/nayara/Documentos/airflowalura/venv/lib/python3.9/site-packages/airflow/example_dags/example_branch_datetime_operator.py
[2022-10-27 22:21:26,175] {logging_mixin.py:115} INFO - [2022-10-27 22:21:26,175] {dag.py:2379} INFO - Sync 1 DAGs
[2022-10-27 22:21:26,206] {logging_mixin.py:115} INFO - [2022-10-27 22:21:26,206] {dag.py:2927} INFO - Setting next_dagrun for example_branch_datetime_operator_2 to 2022-10-27T00:00:00+00:00, run_after=2022-10-28T00:00:00+00:00
[2022-10-27 22:21:26,425] {processor.py:161} INFO - Processing /home/nayara/Documentos/airflowalura/venv/lib/python3.9/site-packages/airflow/example_dags/example_branch_datetime_operator.py took 0.347 seconds
[2022-10-27 22:22:27,656] {processor.py:153} INFO - Started process (PID=50126) to work on /home/nayara/Documentos/airflowalura/venv/lib/python3.9/site-packages/airflow/example_dags/example_branch_datetime_operator.py
[2022-10-27 22:22:27,673] {processor.py:641} INFO - Processing file /home/nayara/Documentos/airflowalura/venv/lib/python3.9/site-packages/airflow/example_dags/example_branch_datetime_operator.py for tasks to queue
[2022-10-27 22:22:27,675] {logging_mixin.py:115} INFO - [2022-10-27 22:22:27,675] {dagbag.py:507} INFO - Filling up the DagBag from /home/nayara/Documentos/airflowalura/venv/lib/python3.9/site-packages/airflow/example_dags/example_branch_datetime_operator.py
[2022-10-27 22:22:27,702] {processor.py:651} INFO - DAG(s) dict_keys(['example_branch_datetime_operator_2']) retrieved from /home/nayara/Documentos/airflowalura/venv/lib/python3.9/site-packages/airflow/example_dags/example_branch_datetime_operator.py
[2022-10-27 22:22:27,732] {logging_mixin.py:115} INFO - [2022-10-27 22:22:27,732] {dag.py:2379} INFO - Sync 1 DAGs
[2022-10-27 22:22:27,765] {logging_mixin.py:115} INFO - [2022-10-27 22:22:27,765] {dag.py:2927} INFO - Setting next_dagrun for example_branch_datetime_operator_2 to 2022-10-27T00:00:00+00:00, run_after=2022-10-28T00:00:00+00:00
[2022-10-27 22:22:27,994] {processor.py:161} INFO - Processing /home/nayara/Documentos/airflowalura/venv/lib/python3.9/site-packages/airflow/example_dags/example_branch_datetime_operator.py took 0.358 seconds
[2022-10-27 22:23:30,364] {processor.py:153} INFO - Started process (PID=50280) to work on /home/nayara/Documentos/airflowalura/venv/lib/python3.9/site-packages/airflow/example_dags/example_branch_datetime_operator.py
[2022-10-27 22:23:30,401] {processor.py:641} INFO - Processing file /home/nayara/Documentos/airflowalura/venv/lib/python3.9/site-packages/airflow/example_dags/example_branch_datetime_operator.py for tasks to queue
[2022-10-27 22:23:30,403] {logging_mixin.py:115} INFO - [2022-10-27 22:23:30,402] {dagbag.py:507} INFO - Filling up the DagBag from /home/nayara/Documentos/airflowalura/venv/lib/python3.9/site-packages/airflow/example_dags/example_branch_datetime_operator.py
[2022-10-27 22:23:30,431] {processor.py:651} INFO - DAG(s) dict_keys(['example_branch_datetime_operator_2']) retrieved from /home/nayara/Documentos/airflowalura/venv/lib/python3.9/site-packages/airflow/example_dags/example_branch_datetime_operator.py
[2022-10-27 22:23:30,463] {logging_mixin.py:115} INFO - [2022-10-27 22:23:30,462] {dag.py:2379} INFO - Sync 1 DAGs
[2022-10-27 22:23:30,490] {logging_mixin.py:115} INFO - [2022-10-27 22:23:30,490] {dag.py:2927} INFO - Setting next_dagrun for example_branch_datetime_operator_2 to 2022-10-27T00:00:00+00:00, run_after=2022-10-28T00:00:00+00:00
[2022-10-27 22:23:30,841] {processor.py:161} INFO - Processing /home/nayara/Documentos/airflowalura/venv/lib/python3.9/site-packages/airflow/example_dags/example_branch_datetime_operator.py took 0.481 seconds
[2022-10-27 22:24:37,496] {processor.py:153} INFO - Started process (PID=50432) to work on /home/nayara/Documentos/airflowalura/venv/lib/python3.9/site-packages/airflow/example_dags/example_branch_datetime_operator.py
[2022-10-27 22:24:37,521] {processor.py:641} INFO - Processing file /home/nayara/Documentos/airflowalura/venv/lib/python3.9/site-packages/airflow/example_dags/example_branch_datetime_operator.py for tasks to queue
[2022-10-27 22:24:37,522] {logging_mixin.py:115} INFO - [2022-10-27 22:24:37,522] {dagbag.py:507} INFO - Filling up the DagBag from /home/nayara/Documentos/airflowalura/venv/lib/python3.9/site-packages/airflow/example_dags/example_branch_datetime_operator.py
[2022-10-27 22:24:37,544] {processor.py:651} INFO - DAG(s) dict_keys(['example_branch_datetime_operator_2']) retrieved from /home/nayara/Documentos/airflowalura/venv/lib/python3.9/site-packages/airflow/example_dags/example_branch_datetime_operator.py
[2022-10-27 22:24:37,588] {logging_mixin.py:115} INFO - [2022-10-27 22:24:37,588] {dag.py:2379} INFO - Sync 1 DAGs
[2022-10-27 22:24:37,630] {logging_mixin.py:115} INFO - [2022-10-27 22:24:37,629] {dag.py:2927} INFO - Setting next_dagrun for example_branch_datetime_operator_2 to 2022-10-27T00:00:00+00:00, run_after=2022-10-28T00:00:00+00:00
[2022-10-27 22:24:38,086] {processor.py:161} INFO - Processing /home/nayara/Documentos/airflowalura/venv/lib/python3.9/site-packages/airflow/example_dags/example_branch_datetime_operator.py took 0.597 seconds
[2022-10-27 22:25:28,632] {processor.py:153} INFO - Started process (PID=50557) to work on /home/nayara/Documentos/airflowalura/venv/lib/python3.9/site-packages/airflow/example_dags/example_branch_datetime_operator.py
[2022-10-27 22:25:28,633] {processor.py:641} INFO - Processing file /home/nayara/Documentos/airflowalura/venv/lib/python3.9/site-packages/airflow/example_dags/example_branch_datetime_operator.py for tasks to queue
[2022-10-27 22:25:28,634] {logging_mixin.py:115} INFO - [2022-10-27 22:25:28,634] {dagbag.py:507} INFO - Filling up the DagBag from /home/nayara/Documentos/airflowalura/venv/lib/python3.9/site-packages/airflow/example_dags/example_branch_datetime_operator.py
[2022-10-27 22:25:28,653] {processor.py:651} INFO - DAG(s) dict_keys(['example_branch_datetime_operator_2']) retrieved from /home/nayara/Documentos/airflowalura/venv/lib/python3.9/site-packages/airflow/example_dags/example_branch_datetime_operator.py
[2022-10-27 22:25:28,689] {logging_mixin.py:115} INFO - [2022-10-27 22:25:28,689] {dag.py:2379} INFO - Sync 1 DAGs
[2022-10-27 22:25:28,725] {logging_mixin.py:115} INFO - [2022-10-27 22:25:28,725] {dag.py:2927} INFO - Setting next_dagrun for example_branch_datetime_operator_2 to 2022-10-27T00:00:00+00:00, run_after=2022-10-28T00:00:00+00:00
[2022-10-27 22:25:28,951] {processor.py:161} INFO - Processing /home/nayara/Documentos/airflowalura/venv/lib/python3.9/site-packages/airflow/example_dags/example_branch_datetime_operator.py took 0.327 seconds
[2022-10-27 22:26:32,198] {processor.py:153} INFO - Started process (PID=50665) to work on /home/nayara/Documentos/airflowalura/venv/lib/python3.9/site-packages/airflow/example_dags/example_branch_datetime_operator.py
[2022-10-27 22:26:32,199] {processor.py:641} INFO - Processing file /home/nayara/Documentos/airflowalura/venv/lib/python3.9/site-packages/airflow/example_dags/example_branch_datetime_operator.py for tasks to queue
[2022-10-27 22:26:32,200] {logging_mixin.py:115} INFO - [2022-10-27 22:26:32,200] {dagbag.py:507} INFO - Filling up the DagBag from /home/nayara/Documentos/airflowalura/venv/lib/python3.9/site-packages/airflow/example_dags/example_branch_datetime_operator.py
[2022-10-27 22:26:32,212] {processor.py:651} INFO - DAG(s) dict_keys(['example_branch_datetime_operator_2']) retrieved from /home/nayara/Documentos/airflowalura/venv/lib/python3.9/site-packages/airflow/example_dags/example_branch_datetime_operator.py
[2022-10-27 22:26:32,238] {logging_mixin.py:115} INFO - [2022-10-27 22:26:32,238] {dag.py:2379} INFO - Sync 1 DAGs
[2022-10-27 22:26:32,274] {logging_mixin.py:115} INFO - [2022-10-27 22:26:32,274] {dag.py:2927} INFO - Setting next_dagrun for example_branch_datetime_operator_2 to 2022-10-27T00:00:00+00:00, run_after=2022-10-28T00:00:00+00:00
[2022-10-27 22:26:32,481] {processor.py:161} INFO - Processing /home/nayara/Documentos/airflowalura/venv/lib/python3.9/site-packages/airflow/example_dags/example_branch_datetime_operator.py took 0.289 seconds
[2022-10-27 22:27:38,239] {processor.py:153} INFO - Started process (PID=50834) to work on /home/nayara/Documentos/airflowalura/venv/lib/python3.9/site-packages/airflow/example_dags/example_branch_datetime_operator.py
[2022-10-27 22:27:38,242] {processor.py:641} INFO - Processing file /home/nayara/Documentos/airflowalura/venv/lib/python3.9/site-packages/airflow/example_dags/example_branch_datetime_operator.py for tasks to queue
[2022-10-27 22:27:38,247] {logging_mixin.py:115} INFO - [2022-10-27 22:27:38,246] {dagbag.py:507} INFO - Filling up the DagBag from /home/nayara/Documentos/airflowalura/venv/lib/python3.9/site-packages/airflow/example_dags/example_branch_datetime_operator.py
[2022-10-27 22:27:38,299] {processor.py:651} INFO - DAG(s) dict_keys(['example_branch_datetime_operator_2']) retrieved from /home/nayara/Documentos/airflowalura/venv/lib/python3.9/site-packages/airflow/example_dags/example_branch_datetime_operator.py
[2022-10-27 22:27:38,335] {logging_mixin.py:115} INFO - [2022-10-27 22:27:38,335] {dag.py:2379} INFO - Sync 1 DAGs
[2022-10-27 22:27:38,372] {logging_mixin.py:115} INFO - [2022-10-27 22:27:38,372] {dag.py:2927} INFO - Setting next_dagrun for example_branch_datetime_operator_2 to 2022-10-27T00:00:00+00:00, run_after=2022-10-28T00:00:00+00:00
[2022-10-27 22:27:38,576] {processor.py:161} INFO - Processing /home/nayara/Documentos/airflowalura/venv/lib/python3.9/site-packages/airflow/example_dags/example_branch_datetime_operator.py took 0.357 seconds
[2022-10-27 22:28:32,914] {processor.py:153} INFO - Started process (PID=51026) to work on /home/nayara/Documentos/airflowalura/venv/lib/python3.9/site-packages/airflow/example_dags/example_branch_datetime_operator.py
[2022-10-27 22:28:32,920] {processor.py:641} INFO - Processing file /home/nayara/Documentos/airflowalura/venv/lib/python3.9/site-packages/airflow/example_dags/example_branch_datetime_operator.py for tasks to queue
[2022-10-27 22:28:32,922] {logging_mixin.py:115} INFO - [2022-10-27 22:28:32,922] {dagbag.py:507} INFO - Filling up the DagBag from /home/nayara/Documentos/airflowalura/venv/lib/python3.9/site-packages/airflow/example_dags/example_branch_datetime_operator.py
[2022-10-27 22:28:32,943] {processor.py:651} INFO - DAG(s) dict_keys(['example_branch_datetime_operator_2']) retrieved from /home/nayara/Documentos/airflowalura/venv/lib/python3.9/site-packages/airflow/example_dags/example_branch_datetime_operator.py
[2022-10-27 22:28:32,967] {logging_mixin.py:115} INFO - [2022-10-27 22:28:32,966] {dag.py:2379} INFO - Sync 1 DAGs
[2022-10-27 22:28:32,996] {logging_mixin.py:115} INFO - [2022-10-27 22:28:32,996] {dag.py:2927} INFO - Setting next_dagrun for example_branch_datetime_operator_2 to 2022-10-27T00:00:00+00:00, run_after=2022-10-28T00:00:00+00:00
[2022-10-27 22:28:33,232] {processor.py:161} INFO - Processing /home/nayara/Documentos/airflowalura/venv/lib/python3.9/site-packages/airflow/example_dags/example_branch_datetime_operator.py took 0.336 seconds
[2022-10-27 22:29:40,424] {processor.py:153} INFO - Started process (PID=51176) to work on /home/nayara/Documentos/airflowalura/venv/lib/python3.9/site-packages/airflow/example_dags/example_branch_datetime_operator.py
[2022-10-27 22:29:40,445] {processor.py:641} INFO - Processing file /home/nayara/Documentos/airflowalura/venv/lib/python3.9/site-packages/airflow/example_dags/example_branch_datetime_operator.py for tasks to queue
[2022-10-27 22:29:40,445] {logging_mixin.py:115} INFO - [2022-10-27 22:29:40,445] {dagbag.py:507} INFO - Filling up the DagBag from /home/nayara/Documentos/airflowalura/venv/lib/python3.9/site-packages/airflow/example_dags/example_branch_datetime_operator.py
[2022-10-27 22:29:40,455] {processor.py:651} INFO - DAG(s) dict_keys(['example_branch_datetime_operator_2']) retrieved from /home/nayara/Documentos/airflowalura/venv/lib/python3.9/site-packages/airflow/example_dags/example_branch_datetime_operator.py
[2022-10-27 22:29:40,475] {logging_mixin.py:115} INFO - [2022-10-27 22:29:40,475] {dag.py:2379} INFO - Sync 1 DAGs
[2022-10-27 22:29:40,501] {logging_mixin.py:115} INFO - [2022-10-27 22:29:40,501] {dag.py:2927} INFO - Setting next_dagrun for example_branch_datetime_operator_2 to 2022-10-27T00:00:00+00:00, run_after=2022-10-28T00:00:00+00:00
[2022-10-27 22:29:40,843] {processor.py:161} INFO - Processing /home/nayara/Documentos/airflowalura/venv/lib/python3.9/site-packages/airflow/example_dags/example_branch_datetime_operator.py took 0.423 seconds
[2022-10-27 22:30:41,294] {processor.py:153} INFO - Started process (PID=51280) to work on /home/nayara/Documentos/airflowalura/venv/lib/python3.9/site-packages/airflow/example_dags/example_branch_datetime_operator.py
[2022-10-27 22:30:41,323] {processor.py:641} INFO - Processing file /home/nayara/Documentos/airflowalura/venv/lib/python3.9/site-packages/airflow/example_dags/example_branch_datetime_operator.py for tasks to queue
[2022-10-27 22:30:41,324] {logging_mixin.py:115} INFO - [2022-10-27 22:30:41,324] {dagbag.py:507} INFO - Filling up the DagBag from /home/nayara/Documentos/airflowalura/venv/lib/python3.9/site-packages/airflow/example_dags/example_branch_datetime_operator.py
[2022-10-27 22:30:41,334] {processor.py:651} INFO - DAG(s) dict_keys(['example_branch_datetime_operator_2']) retrieved from /home/nayara/Documentos/airflowalura/venv/lib/python3.9/site-packages/airflow/example_dags/example_branch_datetime_operator.py
[2022-10-27 22:30:41,353] {logging_mixin.py:115} INFO - [2022-10-27 22:30:41,353] {dag.py:2379} INFO - Sync 1 DAGs
[2022-10-27 22:30:41,380] {logging_mixin.py:115} INFO - [2022-10-27 22:30:41,380] {dag.py:2927} INFO - Setting next_dagrun for example_branch_datetime_operator_2 to 2022-10-27T00:00:00+00:00, run_after=2022-10-28T00:00:00+00:00
[2022-10-27 22:30:41,829] {processor.py:161} INFO - Processing /home/nayara/Documentos/airflowalura/venv/lib/python3.9/site-packages/airflow/example_dags/example_branch_datetime_operator.py took 0.547 seconds
[2022-10-27 22:31:44,545] {processor.py:153} INFO - Started process (PID=51424) to work on /home/nayara/Documentos/airflowalura/venv/lib/python3.9/site-packages/airflow/example_dags/example_branch_datetime_operator.py
[2022-10-27 22:31:44,548] {processor.py:641} INFO - Processing file /home/nayara/Documentos/airflowalura/venv/lib/python3.9/site-packages/airflow/example_dags/example_branch_datetime_operator.py for tasks to queue
[2022-10-27 22:31:44,551] {logging_mixin.py:115} INFO - [2022-10-27 22:31:44,550] {dagbag.py:507} INFO - Filling up the DagBag from /home/nayara/Documentos/airflowalura/venv/lib/python3.9/site-packages/airflow/example_dags/example_branch_datetime_operator.py
[2022-10-27 22:31:44,582] {processor.py:651} INFO - DAG(s) dict_keys(['example_branch_datetime_operator_2']) retrieved from /home/nayara/Documentos/airflowalura/venv/lib/python3.9/site-packages/airflow/example_dags/example_branch_datetime_operator.py
[2022-10-27 22:31:44,626] {logging_mixin.py:115} INFO - [2022-10-27 22:31:44,626] {dag.py:2379} INFO - Sync 1 DAGs
[2022-10-27 22:31:44,661] {logging_mixin.py:115} INFO - [2022-10-27 22:31:44,661] {dag.py:2927} INFO - Setting next_dagrun for example_branch_datetime_operator_2 to 2022-10-27T00:00:00+00:00, run_after=2022-10-28T00:00:00+00:00
[2022-10-27 22:31:44,909] {processor.py:161} INFO - Processing /home/nayara/Documentos/airflowalura/venv/lib/python3.9/site-packages/airflow/example_dags/example_branch_datetime_operator.py took 0.380 seconds
[2022-10-27 22:32:56,941] {processor.py:153} INFO - Started process (PID=51578) to work on /home/nayara/Documentos/airflowalura/venv/lib/python3.9/site-packages/airflow/example_dags/example_branch_datetime_operator.py
[2022-10-27 22:32:56,966] {processor.py:641} INFO - Processing file /home/nayara/Documentos/airflowalura/venv/lib/python3.9/site-packages/airflow/example_dags/example_branch_datetime_operator.py for tasks to queue
[2022-10-27 22:32:56,968] {logging_mixin.py:115} INFO - [2022-10-27 22:32:56,968] {dagbag.py:507} INFO - Filling up the DagBag from /home/nayara/Documentos/airflowalura/venv/lib/python3.9/site-packages/airflow/example_dags/example_branch_datetime_operator.py
[2022-10-27 22:32:57,002] {processor.py:651} INFO - DAG(s) dict_keys(['example_branch_datetime_operator_2']) retrieved from /home/nayara/Documentos/airflowalura/venv/lib/python3.9/site-packages/airflow/example_dags/example_branch_datetime_operator.py
[2022-10-27 22:32:57,027] {logging_mixin.py:115} INFO - [2022-10-27 22:32:57,027] {dag.py:2379} INFO - Sync 1 DAGs
[2022-10-27 22:32:57,053] {logging_mixin.py:115} INFO - [2022-10-27 22:32:57,053] {dag.py:2927} INFO - Setting next_dagrun for example_branch_datetime_operator_2 to 2022-10-27T00:00:00+00:00, run_after=2022-10-28T00:00:00+00:00
[2022-10-27 22:32:57,279] {processor.py:161} INFO - Processing /home/nayara/Documentos/airflowalura/venv/lib/python3.9/site-packages/airflow/example_dags/example_branch_datetime_operator.py took 0.352 seconds
[2022-10-27 22:33:48,534] {processor.py:153} INFO - Started process (PID=51690) to work on /home/nayara/Documentos/airflowalura/venv/lib/python3.9/site-packages/airflow/example_dags/example_branch_datetime_operator.py
[2022-10-27 22:33:48,535] {processor.py:641} INFO - Processing file /home/nayara/Documentos/airflowalura/venv/lib/python3.9/site-packages/airflow/example_dags/example_branch_datetime_operator.py for tasks to queue
[2022-10-27 22:33:48,536] {logging_mixin.py:115} INFO - [2022-10-27 22:33:48,536] {dagbag.py:507} INFO - Filling up the DagBag from /home/nayara/Documentos/airflowalura/venv/lib/python3.9/site-packages/airflow/example_dags/example_branch_datetime_operator.py
[2022-10-27 22:33:48,550] {processor.py:651} INFO - DAG(s) dict_keys(['example_branch_datetime_operator_2']) retrieved from /home/nayara/Documentos/airflowalura/venv/lib/python3.9/site-packages/airflow/example_dags/example_branch_datetime_operator.py
[2022-10-27 22:33:48,577] {logging_mixin.py:115} INFO - [2022-10-27 22:33:48,577] {dag.py:2379} INFO - Sync 1 DAGs
[2022-10-27 22:33:48,611] {logging_mixin.py:115} INFO - [2022-10-27 22:33:48,611] {dag.py:2927} INFO - Setting next_dagrun for example_branch_datetime_operator_2 to 2022-10-27T00:00:00+00:00, run_after=2022-10-28T00:00:00+00:00
[2022-10-27 22:33:48,803] {processor.py:161} INFO - Processing /home/nayara/Documentos/airflowalura/venv/lib/python3.9/site-packages/airflow/example_dags/example_branch_datetime_operator.py took 0.274 seconds
[2022-10-27 22:34:44,738] {processor.py:153} INFO - Started process (PID=51785) to work on /home/nayara/Documentos/airflowalura/venv/lib/python3.9/site-packages/airflow/example_dags/example_branch_datetime_operator.py
[2022-10-27 22:34:44,739] {processor.py:641} INFO - Processing file /home/nayara/Documentos/airflowalura/venv/lib/python3.9/site-packages/airflow/example_dags/example_branch_datetime_operator.py for tasks to queue
[2022-10-27 22:34:44,740] {logging_mixin.py:115} INFO - [2022-10-27 22:34:44,740] {dagbag.py:507} INFO - Filling up the DagBag from /home/nayara/Documentos/airflowalura/venv/lib/python3.9/site-packages/airflow/example_dags/example_branch_datetime_operator.py
[2022-10-27 22:34:44,751] {processor.py:651} INFO - DAG(s) dict_keys(['example_branch_datetime_operator_2']) retrieved from /home/nayara/Documentos/airflowalura/venv/lib/python3.9/site-packages/airflow/example_dags/example_branch_datetime_operator.py
[2022-10-27 22:34:44,776] {logging_mixin.py:115} INFO - [2022-10-27 22:34:44,776] {dag.py:2379} INFO - Sync 1 DAGs
[2022-10-27 22:34:44,799] {logging_mixin.py:115} INFO - [2022-10-27 22:34:44,798] {dag.py:2927} INFO - Setting next_dagrun for example_branch_datetime_operator_2 to 2022-10-27T00:00:00+00:00, run_after=2022-10-28T00:00:00+00:00
[2022-10-27 22:34:44,991] {processor.py:161} INFO - Processing /home/nayara/Documentos/airflowalura/venv/lib/python3.9/site-packages/airflow/example_dags/example_branch_datetime_operator.py took 0.258 seconds
[2022-10-27 22:35:40,722] {processor.py:153} INFO - Started process (PID=51872) to work on /home/nayara/Documentos/airflowalura/venv/lib/python3.9/site-packages/airflow/example_dags/example_branch_datetime_operator.py
[2022-10-27 22:35:40,724] {processor.py:641} INFO - Processing file /home/nayara/Documentos/airflowalura/venv/lib/python3.9/site-packages/airflow/example_dags/example_branch_datetime_operator.py for tasks to queue
[2022-10-27 22:35:40,725] {logging_mixin.py:115} INFO - [2022-10-27 22:35:40,725] {dagbag.py:507} INFO - Filling up the DagBag from /home/nayara/Documentos/airflowalura/venv/lib/python3.9/site-packages/airflow/example_dags/example_branch_datetime_operator.py
[2022-10-27 22:35:40,737] {processor.py:651} INFO - DAG(s) dict_keys(['example_branch_datetime_operator_2']) retrieved from /home/nayara/Documentos/airflowalura/venv/lib/python3.9/site-packages/airflow/example_dags/example_branch_datetime_operator.py
[2022-10-27 22:35:40,759] {logging_mixin.py:115} INFO - [2022-10-27 22:35:40,759] {dag.py:2379} INFO - Sync 1 DAGs
[2022-10-27 22:35:40,782] {logging_mixin.py:115} INFO - [2022-10-27 22:35:40,781] {dag.py:2927} INFO - Setting next_dagrun for example_branch_datetime_operator_2 to 2022-10-27T00:00:00+00:00, run_after=2022-10-28T00:00:00+00:00
[2022-10-27 22:35:40,995] {processor.py:161} INFO - Processing /home/nayara/Documentos/airflowalura/venv/lib/python3.9/site-packages/airflow/example_dags/example_branch_datetime_operator.py took 0.286 seconds
[2022-10-27 22:36:49,092] {processor.py:153} INFO - Started process (PID=52083) to work on /home/nayara/Documentos/airflowalura/venv/lib/python3.9/site-packages/airflow/example_dags/example_branch_datetime_operator.py
[2022-10-27 22:36:49,102] {processor.py:641} INFO - Processing file /home/nayara/Documentos/airflowalura/venv/lib/python3.9/site-packages/airflow/example_dags/example_branch_datetime_operator.py for tasks to queue
[2022-10-27 22:36:49,103] {logging_mixin.py:115} INFO - [2022-10-27 22:36:49,103] {dagbag.py:507} INFO - Filling up the DagBag from /home/nayara/Documentos/airflowalura/venv/lib/python3.9/site-packages/airflow/example_dags/example_branch_datetime_operator.py
[2022-10-27 22:36:49,119] {processor.py:651} INFO - DAG(s) dict_keys(['example_branch_datetime_operator_2']) retrieved from /home/nayara/Documentos/airflowalura/venv/lib/python3.9/site-packages/airflow/example_dags/example_branch_datetime_operator.py
[2022-10-27 22:36:49,221] {logging_mixin.py:115} INFO - [2022-10-27 22:36:49,221] {dag.py:2379} INFO - Sync 1 DAGs
[2022-10-27 22:36:49,246] {logging_mixin.py:115} INFO - [2022-10-27 22:36:49,246] {dag.py:2927} INFO - Setting next_dagrun for example_branch_datetime_operator_2 to 2022-10-27T00:00:00+00:00, run_after=2022-10-28T00:00:00+00:00
[2022-10-27 22:36:49,665] {processor.py:161} INFO - Processing /home/nayara/Documentos/airflowalura/venv/lib/python3.9/site-packages/airflow/example_dags/example_branch_datetime_operator.py took 0.579 seconds
[2022-10-27 22:38:05,751] {processor.py:153} INFO - Started process (PID=52406) to work on /home/nayara/Documentos/airflowalura/venv/lib/python3.9/site-packages/airflow/example_dags/example_branch_datetime_operator.py
[2022-10-27 22:38:05,879] {processor.py:641} INFO - Processing file /home/nayara/Documentos/airflowalura/venv/lib/python3.9/site-packages/airflow/example_dags/example_branch_datetime_operator.py for tasks to queue
[2022-10-27 22:38:05,880] {logging_mixin.py:115} INFO - [2022-10-27 22:38:05,880] {dagbag.py:507} INFO - Filling up the DagBag from /home/nayara/Documentos/airflowalura/venv/lib/python3.9/site-packages/airflow/example_dags/example_branch_datetime_operator.py
[2022-10-27 22:38:07,232] {processor.py:651} INFO - DAG(s) dict_keys(['example_branch_datetime_operator_2']) retrieved from /home/nayara/Documentos/airflowalura/venv/lib/python3.9/site-packages/airflow/example_dags/example_branch_datetime_operator.py
[2022-10-27 22:38:07,967] {logging_mixin.py:115} INFO - [2022-10-27 22:38:07,966] {dag.py:2379} INFO - Sync 1 DAGs
[2022-10-27 22:38:08,336] {logging_mixin.py:115} INFO - [2022-10-27 22:38:08,289] {dag.py:2927} INFO - Setting next_dagrun for example_branch_datetime_operator_2 to 2022-10-27T00:00:00+00:00, run_after=2022-10-28T00:00:00+00:00
[2022-10-27 22:38:09,528] {processor.py:161} INFO - Processing /home/nayara/Documentos/airflowalura/venv/lib/python3.9/site-packages/airflow/example_dags/example_branch_datetime_operator.py took 3.987 seconds
[2022-10-27 22:39:20,336] {processor.py:153} INFO - Started process (PID=52597) to work on /home/nayara/Documentos/airflowalura/venv/lib/python3.9/site-packages/airflow/example_dags/example_branch_datetime_operator.py
[2022-10-27 22:39:20,363] {processor.py:641} INFO - Processing file /home/nayara/Documentos/airflowalura/venv/lib/python3.9/site-packages/airflow/example_dags/example_branch_datetime_operator.py for tasks to queue
[2022-10-27 22:39:20,364] {logging_mixin.py:115} INFO - [2022-10-27 22:39:20,364] {dagbag.py:507} INFO - Filling up the DagBag from /home/nayara/Documentos/airflowalura/venv/lib/python3.9/site-packages/airflow/example_dags/example_branch_datetime_operator.py
[2022-10-27 22:39:20,380] {processor.py:651} INFO - DAG(s) dict_keys(['example_branch_datetime_operator_2']) retrieved from /home/nayara/Documentos/airflowalura/venv/lib/python3.9/site-packages/airflow/example_dags/example_branch_datetime_operator.py
[2022-10-27 22:39:20,413] {logging_mixin.py:115} INFO - [2022-10-27 22:39:20,413] {dag.py:2379} INFO - Sync 1 DAGs
[2022-10-27 22:39:20,444] {logging_mixin.py:115} INFO - [2022-10-27 22:39:20,443] {dag.py:2927} INFO - Setting next_dagrun for example_branch_datetime_operator_2 to 2022-10-27T00:00:00+00:00, run_after=2022-10-28T00:00:00+00:00
[2022-10-27 22:39:20,740] {processor.py:161} INFO - Processing /home/nayara/Documentos/airflowalura/venv/lib/python3.9/site-packages/airflow/example_dags/example_branch_datetime_operator.py took 0.411 seconds
[2022-10-27 22:40:33,931] {processor.py:153} INFO - Started process (PID=52760) to work on /home/nayara/Documentos/airflowalura/venv/lib/python3.9/site-packages/airflow/example_dags/example_branch_datetime_operator.py
[2022-10-27 22:40:34,003] {processor.py:641} INFO - Processing file /home/nayara/Documentos/airflowalura/venv/lib/python3.9/site-packages/airflow/example_dags/example_branch_datetime_operator.py for tasks to queue
[2022-10-27 22:40:34,018] {logging_mixin.py:115} INFO - [2022-10-27 22:40:34,017] {dagbag.py:507} INFO - Filling up the DagBag from /home/nayara/Documentos/airflowalura/venv/lib/python3.9/site-packages/airflow/example_dags/example_branch_datetime_operator.py
[2022-10-27 22:40:34,445] {processor.py:651} INFO - DAG(s) dict_keys(['example_branch_datetime_operator_2']) retrieved from /home/nayara/Documentos/airflowalura/venv/lib/python3.9/site-packages/airflow/example_dags/example_branch_datetime_operator.py
[2022-10-27 22:40:34,494] {logging_mixin.py:115} INFO - [2022-10-27 22:40:34,493] {dag.py:2379} INFO - Sync 1 DAGs
[2022-10-27 22:40:34,554] {logging_mixin.py:115} INFO - [2022-10-27 22:40:34,554] {dag.py:2927} INFO - Setting next_dagrun for example_branch_datetime_operator_2 to 2022-10-27T00:00:00+00:00, run_after=2022-10-28T00:00:00+00:00
[2022-10-27 22:40:34,972] {processor.py:161} INFO - Processing /home/nayara/Documentos/airflowalura/venv/lib/python3.9/site-packages/airflow/example_dags/example_branch_datetime_operator.py took 1.055 seconds
[2022-10-27 22:41:43,145] {processor.py:153} INFO - Started process (PID=52869) to work on /home/nayara/Documentos/airflowalura/venv/lib/python3.9/site-packages/airflow/example_dags/example_branch_datetime_operator.py
[2022-10-27 22:41:43,182] {processor.py:641} INFO - Processing file /home/nayara/Documentos/airflowalura/venv/lib/python3.9/site-packages/airflow/example_dags/example_branch_datetime_operator.py for tasks to queue
[2022-10-27 22:41:43,185] {logging_mixin.py:115} INFO - [2022-10-27 22:41:43,185] {dagbag.py:507} INFO - Filling up the DagBag from /home/nayara/Documentos/airflowalura/venv/lib/python3.9/site-packages/airflow/example_dags/example_branch_datetime_operator.py
[2022-10-27 22:41:43,221] {processor.py:651} INFO - DAG(s) dict_keys(['example_branch_datetime_operator_2']) retrieved from /home/nayara/Documentos/airflowalura/venv/lib/python3.9/site-packages/airflow/example_dags/example_branch_datetime_operator.py
[2022-10-27 22:41:43,277] {logging_mixin.py:115} INFO - [2022-10-27 22:41:43,276] {dag.py:2379} INFO - Sync 1 DAGs
[2022-10-27 22:41:43,311] {logging_mixin.py:115} INFO - [2022-10-27 22:41:43,311] {dag.py:2927} INFO - Setting next_dagrun for example_branch_datetime_operator_2 to 2022-10-27T00:00:00+00:00, run_after=2022-10-28T00:00:00+00:00
[2022-10-27 22:41:43,566] {processor.py:161} INFO - Processing /home/nayara/Documentos/airflowalura/venv/lib/python3.9/site-packages/airflow/example_dags/example_branch_datetime_operator.py took 0.433 seconds
[2022-10-27 22:42:28,993] {processor.py:153} INFO - Started process (PID=52976) to work on /home/nayara/Documentos/airflowalura/venv/lib/python3.9/site-packages/airflow/example_dags/example_branch_datetime_operator.py
[2022-10-27 22:42:29,012] {processor.py:641} INFO - Processing file /home/nayara/Documentos/airflowalura/venv/lib/python3.9/site-packages/airflow/example_dags/example_branch_datetime_operator.py for tasks to queue
[2022-10-27 22:42:29,013] {logging_mixin.py:115} INFO - [2022-10-27 22:42:29,013] {dagbag.py:507} INFO - Filling up the DagBag from /home/nayara/Documentos/airflowalura/venv/lib/python3.9/site-packages/airflow/example_dags/example_branch_datetime_operator.py
[2022-10-27 22:42:29,035] {processor.py:651} INFO - DAG(s) dict_keys(['example_branch_datetime_operator_2']) retrieved from /home/nayara/Documentos/airflowalura/venv/lib/python3.9/site-packages/airflow/example_dags/example_branch_datetime_operator.py
[2022-10-27 22:42:29,059] {logging_mixin.py:115} INFO - [2022-10-27 22:42:29,059] {dag.py:2379} INFO - Sync 1 DAGs
[2022-10-27 22:42:29,082] {logging_mixin.py:115} INFO - [2022-10-27 22:42:29,081] {dag.py:2927} INFO - Setting next_dagrun for example_branch_datetime_operator_2 to 2022-10-27T00:00:00+00:00, run_after=2022-10-28T00:00:00+00:00
[2022-10-27 22:42:29,313] {processor.py:161} INFO - Processing /home/nayara/Documentos/airflowalura/venv/lib/python3.9/site-packages/airflow/example_dags/example_branch_datetime_operator.py took 0.332 seconds
[2022-10-27 22:43:21,381] {processor.py:153} INFO - Started process (PID=53084) to work on /home/nayara/Documentos/airflowalura/venv/lib/python3.9/site-packages/airflow/example_dags/example_branch_datetime_operator.py
[2022-10-27 22:43:21,382] {processor.py:641} INFO - Processing file /home/nayara/Documentos/airflowalura/venv/lib/python3.9/site-packages/airflow/example_dags/example_branch_datetime_operator.py for tasks to queue
[2022-10-27 22:43:21,383] {logging_mixin.py:115} INFO - [2022-10-27 22:43:21,383] {dagbag.py:507} INFO - Filling up the DagBag from /home/nayara/Documentos/airflowalura/venv/lib/python3.9/site-packages/airflow/example_dags/example_branch_datetime_operator.py
[2022-10-27 22:43:21,398] {processor.py:651} INFO - DAG(s) dict_keys(['example_branch_datetime_operator_2']) retrieved from /home/nayara/Documentos/airflowalura/venv/lib/python3.9/site-packages/airflow/example_dags/example_branch_datetime_operator.py
[2022-10-27 22:43:21,434] {logging_mixin.py:115} INFO - [2022-10-27 22:43:21,434] {dag.py:2379} INFO - Sync 1 DAGs
[2022-10-27 22:43:21,477] {logging_mixin.py:115} INFO - [2022-10-27 22:43:21,477] {dag.py:2927} INFO - Setting next_dagrun for example_branch_datetime_operator_2 to 2022-10-27T00:00:00+00:00, run_after=2022-10-28T00:00:00+00:00
[2022-10-27 22:43:21,749] {processor.py:161} INFO - Processing /home/nayara/Documentos/airflowalura/venv/lib/python3.9/site-packages/airflow/example_dags/example_branch_datetime_operator.py took 0.372 seconds
[2022-10-27 22:44:24,818] {processor.py:153} INFO - Started process (PID=53204) to work on /home/nayara/Documentos/airflowalura/venv/lib/python3.9/site-packages/airflow/example_dags/example_branch_datetime_operator.py
[2022-10-27 22:44:24,853] {processor.py:641} INFO - Processing file /home/nayara/Documentos/airflowalura/venv/lib/python3.9/site-packages/airflow/example_dags/example_branch_datetime_operator.py for tasks to queue
[2022-10-27 22:44:24,855] {logging_mixin.py:115} INFO - [2022-10-27 22:44:24,854] {dagbag.py:507} INFO - Filling up the DagBag from /home/nayara/Documentos/airflowalura/venv/lib/python3.9/site-packages/airflow/example_dags/example_branch_datetime_operator.py
[2022-10-27 22:44:24,893] {processor.py:651} INFO - DAG(s) dict_keys(['example_branch_datetime_operator_2']) retrieved from /home/nayara/Documentos/airflowalura/venv/lib/python3.9/site-packages/airflow/example_dags/example_branch_datetime_operator.py
[2022-10-27 22:44:24,932] {logging_mixin.py:115} INFO - [2022-10-27 22:44:24,932] {dag.py:2379} INFO - Sync 1 DAGs
[2022-10-27 22:44:24,963] {logging_mixin.py:115} INFO - [2022-10-27 22:44:24,963] {dag.py:2927} INFO - Setting next_dagrun for example_branch_datetime_operator_2 to 2022-10-27T00:00:00+00:00, run_after=2022-10-28T00:00:00+00:00
[2022-10-27 22:44:25,184] {processor.py:161} INFO - Processing /home/nayara/Documentos/airflowalura/venv/lib/python3.9/site-packages/airflow/example_dags/example_branch_datetime_operator.py took 0.375 seconds
[2022-10-27 22:45:30,367] {processor.py:153} INFO - Started process (PID=53398) to work on /home/nayara/Documentos/airflowalura/venv/lib/python3.9/site-packages/airflow/example_dags/example_branch_datetime_operator.py
[2022-10-27 22:45:30,371] {processor.py:641} INFO - Processing file /home/nayara/Documentos/airflowalura/venv/lib/python3.9/site-packages/airflow/example_dags/example_branch_datetime_operator.py for tasks to queue
[2022-10-27 22:45:30,375] {logging_mixin.py:115} INFO - [2022-10-27 22:45:30,374] {dagbag.py:507} INFO - Filling up the DagBag from /home/nayara/Documentos/airflowalura/venv/lib/python3.9/site-packages/airflow/example_dags/example_branch_datetime_operator.py
[2022-10-27 22:45:30,416] {processor.py:651} INFO - DAG(s) dict_keys(['example_branch_datetime_operator_2']) retrieved from /home/nayara/Documentos/airflowalura/venv/lib/python3.9/site-packages/airflow/example_dags/example_branch_datetime_operator.py
[2022-10-27 22:45:30,439] {logging_mixin.py:115} INFO - [2022-10-27 22:45:30,439] {dag.py:2379} INFO - Sync 1 DAGs
[2022-10-27 22:45:30,469] {logging_mixin.py:115} INFO - [2022-10-27 22:45:30,469] {dag.py:2927} INFO - Setting next_dagrun for example_branch_datetime_operator_2 to 2022-10-27T00:00:00+00:00, run_after=2022-10-28T00:00:00+00:00
[2022-10-27 22:45:30,725] {processor.py:161} INFO - Processing /home/nayara/Documentos/airflowalura/venv/lib/python3.9/site-packages/airflow/example_dags/example_branch_datetime_operator.py took 0.378 seconds
[2022-10-27 22:46:24,024] {processor.py:153} INFO - Started process (PID=53496) to work on /home/nayara/Documentos/airflowalura/venv/lib/python3.9/site-packages/airflow/example_dags/example_branch_datetime_operator.py
[2022-10-27 22:46:24,052] {processor.py:641} INFO - Processing file /home/nayara/Documentos/airflowalura/venv/lib/python3.9/site-packages/airflow/example_dags/example_branch_datetime_operator.py for tasks to queue
[2022-10-27 22:46:24,053] {logging_mixin.py:115} INFO - [2022-10-27 22:46:24,053] {dagbag.py:507} INFO - Filling up the DagBag from /home/nayara/Documentos/airflowalura/venv/lib/python3.9/site-packages/airflow/example_dags/example_branch_datetime_operator.py
[2022-10-27 22:46:24,071] {processor.py:651} INFO - DAG(s) dict_keys(['example_branch_datetime_operator_2']) retrieved from /home/nayara/Documentos/airflowalura/venv/lib/python3.9/site-packages/airflow/example_dags/example_branch_datetime_operator.py
[2022-10-27 22:46:24,092] {logging_mixin.py:115} INFO - [2022-10-27 22:46:24,092] {dag.py:2379} INFO - Sync 1 DAGs
[2022-10-27 22:46:24,125] {logging_mixin.py:115} INFO - [2022-10-27 22:46:24,125] {dag.py:2927} INFO - Setting next_dagrun for example_branch_datetime_operator_2 to 2022-10-27T00:00:00+00:00, run_after=2022-10-28T00:00:00+00:00
[2022-10-27 22:46:24,373] {processor.py:161} INFO - Processing /home/nayara/Documentos/airflowalura/venv/lib/python3.9/site-packages/airflow/example_dags/example_branch_datetime_operator.py took 0.356 seconds
[2022-10-27 22:47:35,505] {processor.py:153} INFO - Started process (PID=53674) to work on /home/nayara/Documentos/airflowalura/venv/lib/python3.9/site-packages/airflow/example_dags/example_branch_datetime_operator.py
[2022-10-27 22:47:35,535] {processor.py:641} INFO - Processing file /home/nayara/Documentos/airflowalura/venv/lib/python3.9/site-packages/airflow/example_dags/example_branch_datetime_operator.py for tasks to queue
[2022-10-27 22:47:35,538] {logging_mixin.py:115} INFO - [2022-10-27 22:47:35,537] {dagbag.py:507} INFO - Filling up the DagBag from /home/nayara/Documentos/airflowalura/venv/lib/python3.9/site-packages/airflow/example_dags/example_branch_datetime_operator.py
[2022-10-27 22:47:35,591] {processor.py:651} INFO - DAG(s) dict_keys(['example_branch_datetime_operator_2']) retrieved from /home/nayara/Documentos/airflowalura/venv/lib/python3.9/site-packages/airflow/example_dags/example_branch_datetime_operator.py
[2022-10-27 22:47:35,617] {logging_mixin.py:115} INFO - [2022-10-27 22:47:35,616] {dag.py:2379} INFO - Sync 1 DAGs
[2022-10-27 22:47:35,649] {logging_mixin.py:115} INFO - [2022-10-27 22:47:35,649] {dag.py:2927} INFO - Setting next_dagrun for example_branch_datetime_operator_2 to 2022-10-27T00:00:00+00:00, run_after=2022-10-28T00:00:00+00:00
[2022-10-27 22:47:35,973] {processor.py:161} INFO - Processing /home/nayara/Documentos/airflowalura/venv/lib/python3.9/site-packages/airflow/example_dags/example_branch_datetime_operator.py took 0.473 seconds
[2022-10-27 22:48:25,116] {processor.py:153} INFO - Started process (PID=53768) to work on /home/nayara/Documentos/airflowalura/venv/lib/python3.9/site-packages/airflow/example_dags/example_branch_datetime_operator.py
[2022-10-27 22:48:25,143] {processor.py:641} INFO - Processing file /home/nayara/Documentos/airflowalura/venv/lib/python3.9/site-packages/airflow/example_dags/example_branch_datetime_operator.py for tasks to queue
[2022-10-27 22:48:25,145] {logging_mixin.py:115} INFO - [2022-10-27 22:48:25,144] {dagbag.py:507} INFO - Filling up the DagBag from /home/nayara/Documentos/airflowalura/venv/lib/python3.9/site-packages/airflow/example_dags/example_branch_datetime_operator.py
[2022-10-27 22:48:25,172] {processor.py:651} INFO - DAG(s) dict_keys(['example_branch_datetime_operator_2']) retrieved from /home/nayara/Documentos/airflowalura/venv/lib/python3.9/site-packages/airflow/example_dags/example_branch_datetime_operator.py
[2022-10-27 22:48:25,197] {logging_mixin.py:115} INFO - [2022-10-27 22:48:25,197] {dag.py:2379} INFO - Sync 1 DAGs
[2022-10-27 22:48:25,227] {logging_mixin.py:115} INFO - [2022-10-27 22:48:25,227] {dag.py:2927} INFO - Setting next_dagrun for example_branch_datetime_operator_2 to 2022-10-27T00:00:00+00:00, run_after=2022-10-28T00:00:00+00:00
[2022-10-27 22:48:25,461] {processor.py:161} INFO - Processing /home/nayara/Documentos/airflowalura/venv/lib/python3.9/site-packages/airflow/example_dags/example_branch_datetime_operator.py took 0.366 seconds
[2022-10-27 22:49:28,981] {processor.py:153} INFO - Started process (PID=53906) to work on /home/nayara/Documentos/airflowalura/venv/lib/python3.9/site-packages/airflow/example_dags/example_branch_datetime_operator.py
[2022-10-27 22:49:28,985] {processor.py:641} INFO - Processing file /home/nayara/Documentos/airflowalura/venv/lib/python3.9/site-packages/airflow/example_dags/example_branch_datetime_operator.py for tasks to queue
[2022-10-27 22:49:28,989] {logging_mixin.py:115} INFO - [2022-10-27 22:49:28,988] {dagbag.py:507} INFO - Filling up the DagBag from /home/nayara/Documentos/airflowalura/venv/lib/python3.9/site-packages/airflow/example_dags/example_branch_datetime_operator.py
[2022-10-27 22:49:29,017] {processor.py:651} INFO - DAG(s) dict_keys(['example_branch_datetime_operator_2']) retrieved from /home/nayara/Documentos/airflowalura/venv/lib/python3.9/site-packages/airflow/example_dags/example_branch_datetime_operator.py
[2022-10-27 22:49:29,043] {logging_mixin.py:115} INFO - [2022-10-27 22:49:29,043] {dag.py:2379} INFO - Sync 1 DAGs
[2022-10-27 22:49:29,072] {logging_mixin.py:115} INFO - [2022-10-27 22:49:29,072] {dag.py:2927} INFO - Setting next_dagrun for example_branch_datetime_operator_2 to 2022-10-27T00:00:00+00:00, run_after=2022-10-28T00:00:00+00:00
[2022-10-27 22:49:29,320] {processor.py:161} INFO - Processing /home/nayara/Documentos/airflowalura/venv/lib/python3.9/site-packages/airflow/example_dags/example_branch_datetime_operator.py took 0.356 seconds
[2022-10-27 22:50:35,911] {processor.py:153} INFO - Started process (PID=54026) to work on /home/nayara/Documentos/airflowalura/venv/lib/python3.9/site-packages/airflow/example_dags/example_branch_datetime_operator.py
[2022-10-27 22:50:35,916] {processor.py:641} INFO - Processing file /home/nayara/Documentos/airflowalura/venv/lib/python3.9/site-packages/airflow/example_dags/example_branch_datetime_operator.py for tasks to queue
[2022-10-27 22:50:35,919] {logging_mixin.py:115} INFO - [2022-10-27 22:50:35,918] {dagbag.py:507} INFO - Filling up the DagBag from /home/nayara/Documentos/airflowalura/venv/lib/python3.9/site-packages/airflow/example_dags/example_branch_datetime_operator.py
[2022-10-27 22:50:35,945] {processor.py:651} INFO - DAG(s) dict_keys(['example_branch_datetime_operator_2']) retrieved from /home/nayara/Documentos/airflowalura/venv/lib/python3.9/site-packages/airflow/example_dags/example_branch_datetime_operator.py
[2022-10-27 22:50:35,970] {logging_mixin.py:115} INFO - [2022-10-27 22:50:35,970] {dag.py:2379} INFO - Sync 1 DAGs
[2022-10-27 22:50:36,000] {logging_mixin.py:115} INFO - [2022-10-27 22:50:36,000] {dag.py:2927} INFO - Setting next_dagrun for example_branch_datetime_operator_2 to 2022-10-27T00:00:00+00:00, run_after=2022-10-28T00:00:00+00:00
[2022-10-27 22:50:36,237] {processor.py:161} INFO - Processing /home/nayara/Documentos/airflowalura/venv/lib/python3.9/site-packages/airflow/example_dags/example_branch_datetime_operator.py took 0.345 seconds
[2022-10-27 22:51:45,608] {processor.py:153} INFO - Started process (PID=54143) to work on /home/nayara/Documentos/airflowalura/venv/lib/python3.9/site-packages/airflow/example_dags/example_branch_datetime_operator.py
[2022-10-27 22:51:45,633] {processor.py:641} INFO - Processing file /home/nayara/Documentos/airflowalura/venv/lib/python3.9/site-packages/airflow/example_dags/example_branch_datetime_operator.py for tasks to queue
[2022-10-27 22:51:45,636] {logging_mixin.py:115} INFO - [2022-10-27 22:51:45,636] {dagbag.py:507} INFO - Filling up the DagBag from /home/nayara/Documentos/airflowalura/venv/lib/python3.9/site-packages/airflow/example_dags/example_branch_datetime_operator.py
[2022-10-27 22:51:45,664] {processor.py:651} INFO - DAG(s) dict_keys(['example_branch_datetime_operator_2']) retrieved from /home/nayara/Documentos/airflowalura/venv/lib/python3.9/site-packages/airflow/example_dags/example_branch_datetime_operator.py
[2022-10-27 22:51:45,712] {logging_mixin.py:115} INFO - [2022-10-27 22:51:45,712] {dag.py:2379} INFO - Sync 1 DAGs
[2022-10-27 22:51:45,742] {logging_mixin.py:115} INFO - [2022-10-27 22:51:45,742] {dag.py:2927} INFO - Setting next_dagrun for example_branch_datetime_operator_2 to 2022-10-27T00:00:00+00:00, run_after=2022-10-28T00:00:00+00:00
[2022-10-27 22:51:45,979] {processor.py:161} INFO - Processing /home/nayara/Documentos/airflowalura/venv/lib/python3.9/site-packages/airflow/example_dags/example_branch_datetime_operator.py took 0.379 seconds
[2022-10-27 22:52:38,754] {processor.py:153} INFO - Started process (PID=54257) to work on /home/nayara/Documentos/airflowalura/venv/lib/python3.9/site-packages/airflow/example_dags/example_branch_datetime_operator.py
[2022-10-27 22:52:38,773] {processor.py:641} INFO - Processing file /home/nayara/Documentos/airflowalura/venv/lib/python3.9/site-packages/airflow/example_dags/example_branch_datetime_operator.py for tasks to queue
[2022-10-27 22:52:38,777] {logging_mixin.py:115} INFO - [2022-10-27 22:52:38,776] {dagbag.py:507} INFO - Filling up the DagBag from /home/nayara/Documentos/airflowalura/venv/lib/python3.9/site-packages/airflow/example_dags/example_branch_datetime_operator.py
[2022-10-27 22:52:38,807] {processor.py:651} INFO - DAG(s) dict_keys(['example_branch_datetime_operator_2']) retrieved from /home/nayara/Documentos/airflowalura/venv/lib/python3.9/site-packages/airflow/example_dags/example_branch_datetime_operator.py
[2022-10-27 22:52:38,833] {logging_mixin.py:115} INFO - [2022-10-27 22:52:38,833] {dag.py:2379} INFO - Sync 1 DAGs
[2022-10-27 22:52:38,875] {logging_mixin.py:115} INFO - [2022-10-27 22:52:38,874] {dag.py:2927} INFO - Setting next_dagrun for example_branch_datetime_operator_2 to 2022-10-27T00:00:00+00:00, run_after=2022-10-28T00:00:00+00:00
[2022-10-27 22:52:39,188] {processor.py:161} INFO - Processing /home/nayara/Documentos/airflowalura/venv/lib/python3.9/site-packages/airflow/example_dags/example_branch_datetime_operator.py took 0.450 seconds
[2022-10-27 22:53:28,970] {processor.py:153} INFO - Started process (PID=54352) to work on /home/nayara/Documentos/airflowalura/venv/lib/python3.9/site-packages/airflow/example_dags/example_branch_datetime_operator.py
[2022-10-27 22:53:28,974] {processor.py:641} INFO - Processing file /home/nayara/Documentos/airflowalura/venv/lib/python3.9/site-packages/airflow/example_dags/example_branch_datetime_operator.py for tasks to queue
[2022-10-27 22:53:28,978] {logging_mixin.py:115} INFO - [2022-10-27 22:53:28,977] {dagbag.py:507} INFO - Filling up the DagBag from /home/nayara/Documentos/airflowalura/venv/lib/python3.9/site-packages/airflow/example_dags/example_branch_datetime_operator.py
[2022-10-27 22:53:29,003] {processor.py:651} INFO - DAG(s) dict_keys(['example_branch_datetime_operator_2']) retrieved from /home/nayara/Documentos/airflowalura/venv/lib/python3.9/site-packages/airflow/example_dags/example_branch_datetime_operator.py
[2022-10-27 22:53:29,027] {logging_mixin.py:115} INFO - [2022-10-27 22:53:29,026] {dag.py:2379} INFO - Sync 1 DAGs
[2022-10-27 22:53:29,058] {logging_mixin.py:115} INFO - [2022-10-27 22:53:29,058] {dag.py:2927} INFO - Setting next_dagrun for example_branch_datetime_operator_2 to 2022-10-27T00:00:00+00:00, run_after=2022-10-28T00:00:00+00:00
[2022-10-27 22:53:29,318] {processor.py:161} INFO - Processing /home/nayara/Documentos/airflowalura/venv/lib/python3.9/site-packages/airflow/example_dags/example_branch_datetime_operator.py took 0.367 seconds
[2022-10-27 22:54:41,696] {processor.py:153} INFO - Started process (PID=54499) to work on /home/nayara/Documentos/airflowalura/venv/lib/python3.9/site-packages/airflow/example_dags/example_branch_datetime_operator.py
[2022-10-27 22:54:41,789] {processor.py:641} INFO - Processing file /home/nayara/Documentos/airflowalura/venv/lib/python3.9/site-packages/airflow/example_dags/example_branch_datetime_operator.py for tasks to queue
[2022-10-27 22:54:41,792] {logging_mixin.py:115} INFO - [2022-10-27 22:54:41,792] {dagbag.py:507} INFO - Filling up the DagBag from /home/nayara/Documentos/airflowalura/venv/lib/python3.9/site-packages/airflow/example_dags/example_branch_datetime_operator.py
[2022-10-27 22:54:41,814] {processor.py:651} INFO - DAG(s) dict_keys(['example_branch_datetime_operator_2']) retrieved from /home/nayara/Documentos/airflowalura/venv/lib/python3.9/site-packages/airflow/example_dags/example_branch_datetime_operator.py
[2022-10-27 22:54:41,834] {logging_mixin.py:115} INFO - [2022-10-27 22:54:41,834] {dag.py:2379} INFO - Sync 1 DAGs
[2022-10-27 22:54:41,858] {logging_mixin.py:115} INFO - [2022-10-27 22:54:41,858] {dag.py:2927} INFO - Setting next_dagrun for example_branch_datetime_operator_2 to 2022-10-27T00:00:00+00:00, run_after=2022-10-28T00:00:00+00:00
[2022-10-27 22:54:42,239] {processor.py:161} INFO - Processing /home/nayara/Documentos/airflowalura/venv/lib/python3.9/site-packages/airflow/example_dags/example_branch_datetime_operator.py took 0.547 seconds
[2022-10-27 22:55:33,800] {processor.py:153} INFO - Started process (PID=54600) to work on /home/nayara/Documentos/airflowalura/venv/lib/python3.9/site-packages/airflow/example_dags/example_branch_datetime_operator.py
[2022-10-27 22:55:33,827] {processor.py:641} INFO - Processing file /home/nayara/Documentos/airflowalura/venv/lib/python3.9/site-packages/airflow/example_dags/example_branch_datetime_operator.py for tasks to queue
[2022-10-27 22:55:33,829] {logging_mixin.py:115} INFO - [2022-10-27 22:55:33,829] {dagbag.py:507} INFO - Filling up the DagBag from /home/nayara/Documentos/airflowalura/venv/lib/python3.9/site-packages/airflow/example_dags/example_branch_datetime_operator.py
[2022-10-27 22:55:33,888] {processor.py:651} INFO - DAG(s) dict_keys(['example_branch_datetime_operator_2']) retrieved from /home/nayara/Documentos/airflowalura/venv/lib/python3.9/site-packages/airflow/example_dags/example_branch_datetime_operator.py
[2022-10-27 22:55:33,918] {logging_mixin.py:115} INFO - [2022-10-27 22:55:33,918] {dag.py:2379} INFO - Sync 1 DAGs
[2022-10-27 22:55:33,947] {logging_mixin.py:115} INFO - [2022-10-27 22:55:33,947] {dag.py:2927} INFO - Setting next_dagrun for example_branch_datetime_operator_2 to 2022-10-27T00:00:00+00:00, run_after=2022-10-28T00:00:00+00:00
[2022-10-27 22:55:34,192] {processor.py:161} INFO - Processing /home/nayara/Documentos/airflowalura/venv/lib/python3.9/site-packages/airflow/example_dags/example_branch_datetime_operator.py took 0.412 seconds
[2022-10-27 22:56:22,364] {processor.py:153} INFO - Started process (PID=54712) to work on /home/nayara/Documentos/airflowalura/venv/lib/python3.9/site-packages/airflow/example_dags/example_branch_datetime_operator.py
[2022-10-27 22:56:22,450] {processor.py:641} INFO - Processing file /home/nayara/Documentos/airflowalura/venv/lib/python3.9/site-packages/airflow/example_dags/example_branch_datetime_operator.py for tasks to queue
[2022-10-27 22:56:22,453] {logging_mixin.py:115} INFO - [2022-10-27 22:56:22,453] {dagbag.py:507} INFO - Filling up the DagBag from /home/nayara/Documentos/airflowalura/venv/lib/python3.9/site-packages/airflow/example_dags/example_branch_datetime_operator.py
[2022-10-27 22:56:22,485] {processor.py:651} INFO - DAG(s) dict_keys(['example_branch_datetime_operator_2']) retrieved from /home/nayara/Documentos/airflowalura/venv/lib/python3.9/site-packages/airflow/example_dags/example_branch_datetime_operator.py
[2022-10-27 22:56:22,506] {logging_mixin.py:115} INFO - [2022-10-27 22:56:22,506] {dag.py:2379} INFO - Sync 1 DAGs
[2022-10-27 22:56:22,535] {logging_mixin.py:115} INFO - [2022-10-27 22:56:22,535] {dag.py:2927} INFO - Setting next_dagrun for example_branch_datetime_operator_2 to 2022-10-27T00:00:00+00:00, run_after=2022-10-28T00:00:00+00:00
[2022-10-27 22:56:22,923] {processor.py:161} INFO - Processing /home/nayara/Documentos/airflowalura/venv/lib/python3.9/site-packages/airflow/example_dags/example_branch_datetime_operator.py took 0.563 seconds
