[2022-10-27 22:17:08,502] {processor.py:153} INFO - Started process (PID=49173) to work on /home/nayara/Documentos/airflowalura/venv/lib/python3.9/site-packages/airflow/example_dags/example_branch_python_dop_operator_3.py
[2022-10-27 22:17:08,503] {processor.py:641} INFO - Processing file /home/nayara/Documentos/airflowalura/venv/lib/python3.9/site-packages/airflow/example_dags/example_branch_python_dop_operator_3.py for tasks to queue
[2022-10-27 22:17:08,503] {logging_mixin.py:115} INFO - [2022-10-27 22:17:08,503] {dagbag.py:507} INFO - Filling up the DagBag from /home/nayara/Documentos/airflowalura/venv/lib/python3.9/site-packages/airflow/example_dags/example_branch_python_dop_operator_3.py
[2022-10-27 22:17:08,626] {processor.py:651} INFO - DAG(s) dict_keys(['example_branch_dop_operator_v3']) retrieved from /home/nayara/Documentos/airflowalura/venv/lib/python3.9/site-packages/airflow/example_dags/example_branch_python_dop_operator_3.py
[2022-10-27 22:17:09,940] {logging_mixin.py:115} INFO - [2022-10-27 22:17:09,939] {manager.py:508} INFO - Created Permission View: can read on DAG:example_branch_dop_operator_v3
[2022-10-27 22:17:10,365] {logging_mixin.py:115} INFO - [2022-10-27 22:17:10,365] {manager.py:508} INFO - Created Permission View: can delete on DAG:example_branch_dop_operator_v3
[2022-10-27 22:17:11,154] {logging_mixin.py:115} INFO - [2022-10-27 22:17:11,153] {manager.py:508} INFO - Created Permission View: can edit on DAG:example_branch_dop_operator_v3
[2022-10-27 22:17:11,155] {logging_mixin.py:115} INFO - [2022-10-27 22:17:11,155] {dag.py:2379} INFO - Sync 1 DAGs
[2022-10-27 22:17:11,167] {logging_mixin.py:115} INFO - [2022-10-27 22:17:11,167] {dag.py:2398} INFO - Creating ORM DAG for example_branch_dop_operator_v3
[2022-10-27 22:17:11,184] {logging_mixin.py:115} INFO - [2022-10-27 22:17:11,183] {dag.py:2927} INFO - Setting next_dagrun for example_branch_dop_operator_v3 to 2022-10-28T01:16:00+00:00, run_after=2022-10-28T01:17:00+00:00
[2022-10-27 22:17:11,785] {processor.py:161} INFO - Processing /home/nayara/Documentos/airflowalura/venv/lib/python3.9/site-packages/airflow/example_dags/example_branch_python_dop_operator_3.py took 3.287 seconds
[2022-10-27 22:18:19,800] {processor.py:153} INFO - Started process (PID=49318) to work on /home/nayara/Documentos/airflowalura/venv/lib/python3.9/site-packages/airflow/example_dags/example_branch_python_dop_operator_3.py
[2022-10-27 22:18:19,836] {processor.py:641} INFO - Processing file /home/nayara/Documentos/airflowalura/venv/lib/python3.9/site-packages/airflow/example_dags/example_branch_python_dop_operator_3.py for tasks to queue
[2022-10-27 22:18:19,838] {logging_mixin.py:115} INFO - [2022-10-27 22:18:19,838] {dagbag.py:507} INFO - Filling up the DagBag from /home/nayara/Documentos/airflowalura/venv/lib/python3.9/site-packages/airflow/example_dags/example_branch_python_dop_operator_3.py
[2022-10-27 22:18:19,863] {processor.py:651} INFO - DAG(s) dict_keys(['example_branch_dop_operator_v3']) retrieved from /home/nayara/Documentos/airflowalura/venv/lib/python3.9/site-packages/airflow/example_dags/example_branch_python_dop_operator_3.py
[2022-10-27 22:18:19,884] {logging_mixin.py:115} INFO - [2022-10-27 22:18:19,884] {dag.py:2379} INFO - Sync 1 DAGs
[2022-10-27 22:18:19,915] {logging_mixin.py:115} INFO - [2022-10-27 22:18:19,915] {dag.py:2927} INFO - Setting next_dagrun for example_branch_dop_operator_v3 to 2022-10-28T01:17:00+00:00, run_after=2022-10-28T01:18:00+00:00
[2022-10-27 22:18:20,376] {processor.py:161} INFO - Processing /home/nayara/Documentos/airflowalura/venv/lib/python3.9/site-packages/airflow/example_dags/example_branch_python_dop_operator_3.py took 0.583 seconds
[2022-10-27 22:19:44,430] {processor.py:153} INFO - Started process (PID=49745) to work on /home/nayara/Documentos/airflowalura/venv/lib/python3.9/site-packages/airflow/example_dags/example_branch_python_dop_operator_3.py
[2022-10-27 22:19:44,468] {processor.py:641} INFO - Processing file /home/nayara/Documentos/airflowalura/venv/lib/python3.9/site-packages/airflow/example_dags/example_branch_python_dop_operator_3.py for tasks to queue
[2022-10-27 22:19:44,470] {logging_mixin.py:115} INFO - [2022-10-27 22:19:44,470] {dagbag.py:507} INFO - Filling up the DagBag from /home/nayara/Documentos/airflowalura/venv/lib/python3.9/site-packages/airflow/example_dags/example_branch_python_dop_operator_3.py
[2022-10-27 22:19:44,484] {processor.py:651} INFO - DAG(s) dict_keys(['example_branch_dop_operator_v3']) retrieved from /home/nayara/Documentos/airflowalura/venv/lib/python3.9/site-packages/airflow/example_dags/example_branch_python_dop_operator_3.py
[2022-10-27 22:19:44,527] {logging_mixin.py:115} INFO - [2022-10-27 22:19:44,527] {dag.py:2379} INFO - Sync 1 DAGs
[2022-10-27 22:19:44,575] {logging_mixin.py:115} INFO - [2022-10-27 22:19:44,574] {dag.py:2927} INFO - Setting next_dagrun for example_branch_dop_operator_v3 to 2022-10-28T01:18:00+00:00, run_after=2022-10-28T01:19:00+00:00
[2022-10-27 22:19:45,166] {processor.py:161} INFO - Processing /home/nayara/Documentos/airflowalura/venv/lib/python3.9/site-packages/airflow/example_dags/example_branch_python_dop_operator_3.py took 0.740 seconds
[2022-10-27 22:20:44,984] {processor.py:153} INFO - Started process (PID=49901) to work on /home/nayara/Documentos/airflowalura/venv/lib/python3.9/site-packages/airflow/example_dags/example_branch_python_dop_operator_3.py
[2022-10-27 22:20:45,004] {processor.py:641} INFO - Processing file /home/nayara/Documentos/airflowalura/venv/lib/python3.9/site-packages/airflow/example_dags/example_branch_python_dop_operator_3.py for tasks to queue
[2022-10-27 22:20:45,005] {logging_mixin.py:115} INFO - [2022-10-27 22:20:45,005] {dagbag.py:507} INFO - Filling up the DagBag from /home/nayara/Documentos/airflowalura/venv/lib/python3.9/site-packages/airflow/example_dags/example_branch_python_dop_operator_3.py
[2022-10-27 22:20:45,028] {processor.py:651} INFO - DAG(s) dict_keys(['example_branch_dop_operator_v3']) retrieved from /home/nayara/Documentos/airflowalura/venv/lib/python3.9/site-packages/airflow/example_dags/example_branch_python_dop_operator_3.py
[2022-10-27 22:20:45,052] {logging_mixin.py:115} INFO - [2022-10-27 22:20:45,052] {dag.py:2379} INFO - Sync 1 DAGs
[2022-10-27 22:20:45,095] {logging_mixin.py:115} INFO - [2022-10-27 22:20:45,094] {dag.py:2927} INFO - Setting next_dagrun for example_branch_dop_operator_v3 to 2022-10-28T01:19:00+00:00, run_after=2022-10-28T01:20:00+00:00
[2022-10-27 22:20:45,507] {processor.py:161} INFO - Processing /home/nayara/Documentos/airflowalura/venv/lib/python3.9/site-packages/airflow/example_dags/example_branch_python_dop_operator_3.py took 0.541 seconds
[2022-10-27 22:21:45,043] {processor.py:153} INFO - Started process (PID=50029) to work on /home/nayara/Documentos/airflowalura/venv/lib/python3.9/site-packages/airflow/example_dags/example_branch_python_dop_operator_3.py
[2022-10-27 22:21:45,045] {processor.py:641} INFO - Processing file /home/nayara/Documentos/airflowalura/venv/lib/python3.9/site-packages/airflow/example_dags/example_branch_python_dop_operator_3.py for tasks to queue
[2022-10-27 22:21:45,046] {logging_mixin.py:115} INFO - [2022-10-27 22:21:45,046] {dagbag.py:507} INFO - Filling up the DagBag from /home/nayara/Documentos/airflowalura/venv/lib/python3.9/site-packages/airflow/example_dags/example_branch_python_dop_operator_3.py
[2022-10-27 22:21:45,064] {processor.py:651} INFO - DAG(s) dict_keys(['example_branch_dop_operator_v3']) retrieved from /home/nayara/Documentos/airflowalura/venv/lib/python3.9/site-packages/airflow/example_dags/example_branch_python_dop_operator_3.py
[2022-10-27 22:21:45,088] {logging_mixin.py:115} INFO - [2022-10-27 22:21:45,087] {dag.py:2379} INFO - Sync 1 DAGs
[2022-10-27 22:21:45,124] {logging_mixin.py:115} INFO - [2022-10-27 22:21:45,123] {dag.py:2927} INFO - Setting next_dagrun for example_branch_dop_operator_v3 to 2022-10-28T01:20:00+00:00, run_after=2022-10-28T01:21:00+00:00
[2022-10-27 22:21:45,463] {processor.py:161} INFO - Processing /home/nayara/Documentos/airflowalura/venv/lib/python3.9/site-packages/airflow/example_dags/example_branch_python_dop_operator_3.py took 0.431 seconds
[2022-10-27 22:22:48,388] {processor.py:153} INFO - Started process (PID=50185) to work on /home/nayara/Documentos/airflowalura/venv/lib/python3.9/site-packages/airflow/example_dags/example_branch_python_dop_operator_3.py
[2022-10-27 22:22:48,488] {processor.py:641} INFO - Processing file /home/nayara/Documentos/airflowalura/venv/lib/python3.9/site-packages/airflow/example_dags/example_branch_python_dop_operator_3.py for tasks to queue
[2022-10-27 22:22:48,492] {logging_mixin.py:115} INFO - [2022-10-27 22:22:48,492] {dagbag.py:507} INFO - Filling up the DagBag from /home/nayara/Documentos/airflowalura/venv/lib/python3.9/site-packages/airflow/example_dags/example_branch_python_dop_operator_3.py
[2022-10-27 22:22:48,543] {processor.py:651} INFO - DAG(s) dict_keys(['example_branch_dop_operator_v3']) retrieved from /home/nayara/Documentos/airflowalura/venv/lib/python3.9/site-packages/airflow/example_dags/example_branch_python_dop_operator_3.py
[2022-10-27 22:22:48,572] {logging_mixin.py:115} INFO - [2022-10-27 22:22:48,572] {dag.py:2379} INFO - Sync 1 DAGs
[2022-10-27 22:22:48,612] {logging_mixin.py:115} INFO - [2022-10-27 22:22:48,612] {dag.py:2927} INFO - Setting next_dagrun for example_branch_dop_operator_v3 to 2022-10-28T01:21:00+00:00, run_after=2022-10-28T01:22:00+00:00
[2022-10-27 22:22:49,154] {processor.py:161} INFO - Processing /home/nayara/Documentos/airflowalura/venv/lib/python3.9/site-packages/airflow/example_dags/example_branch_python_dop_operator_3.py took 0.770 seconds
[2022-10-27 22:23:48,672] {processor.py:153} INFO - Started process (PID=50323) to work on /home/nayara/Documentos/airflowalura/venv/lib/python3.9/site-packages/airflow/example_dags/example_branch_python_dop_operator_3.py
[2022-10-27 22:23:48,674] {processor.py:641} INFO - Processing file /home/nayara/Documentos/airflowalura/venv/lib/python3.9/site-packages/airflow/example_dags/example_branch_python_dop_operator_3.py for tasks to queue
[2022-10-27 22:23:48,675] {logging_mixin.py:115} INFO - [2022-10-27 22:23:48,675] {dagbag.py:507} INFO - Filling up the DagBag from /home/nayara/Documentos/airflowalura/venv/lib/python3.9/site-packages/airflow/example_dags/example_branch_python_dop_operator_3.py
[2022-10-27 22:23:48,690] {processor.py:651} INFO - DAG(s) dict_keys(['example_branch_dop_operator_v3']) retrieved from /home/nayara/Documentos/airflowalura/venv/lib/python3.9/site-packages/airflow/example_dags/example_branch_python_dop_operator_3.py
[2022-10-27 22:23:48,714] {logging_mixin.py:115} INFO - [2022-10-27 22:23:48,713] {dag.py:2379} INFO - Sync 1 DAGs
[2022-10-27 22:23:48,743] {logging_mixin.py:115} INFO - [2022-10-27 22:23:48,743] {dag.py:2927} INFO - Setting next_dagrun for example_branch_dop_operator_v3 to 2022-10-28T01:22:00+00:00, run_after=2022-10-28T01:23:00+00:00
[2022-10-27 22:23:49,036] {processor.py:161} INFO - Processing /home/nayara/Documentos/airflowalura/venv/lib/python3.9/site-packages/airflow/example_dags/example_branch_python_dop_operator_3.py took 0.373 seconds
[2022-10-27 22:24:45,400] {processor.py:153} INFO - Started process (PID=50449) to work on /home/nayara/Documentos/airflowalura/venv/lib/python3.9/site-packages/airflow/example_dags/example_branch_python_dop_operator_3.py
[2022-10-27 22:24:45,411] {processor.py:641} INFO - Processing file /home/nayara/Documentos/airflowalura/venv/lib/python3.9/site-packages/airflow/example_dags/example_branch_python_dop_operator_3.py for tasks to queue
[2022-10-27 22:24:45,413] {logging_mixin.py:115} INFO - [2022-10-27 22:24:45,413] {dagbag.py:507} INFO - Filling up the DagBag from /home/nayara/Documentos/airflowalura/venv/lib/python3.9/site-packages/airflow/example_dags/example_branch_python_dop_operator_3.py
[2022-10-27 22:24:45,453] {processor.py:651} INFO - DAG(s) dict_keys(['example_branch_dop_operator_v3']) retrieved from /home/nayara/Documentos/airflowalura/venv/lib/python3.9/site-packages/airflow/example_dags/example_branch_python_dop_operator_3.py
[2022-10-27 22:24:45,481] {logging_mixin.py:115} INFO - [2022-10-27 22:24:45,480] {dag.py:2379} INFO - Sync 1 DAGs
[2022-10-27 22:24:45,524] {logging_mixin.py:115} INFO - [2022-10-27 22:24:45,524] {dag.py:2927} INFO - Setting next_dagrun for example_branch_dop_operator_v3 to 2022-10-28T01:23:00+00:00, run_after=2022-10-28T01:24:00+00:00
[2022-10-27 22:24:45,810] {processor.py:161} INFO - Processing /home/nayara/Documentos/airflowalura/venv/lib/python3.9/site-packages/airflow/example_dags/example_branch_python_dop_operator_3.py took 0.416 seconds
[2022-10-27 22:26:08,267] {processor.py:153} INFO - Started process (PID=50624) to work on /home/nayara/Documentos/airflowalura/venv/lib/python3.9/site-packages/airflow/example_dags/example_branch_python_dop_operator_3.py
[2022-10-27 22:26:08,355] {processor.py:641} INFO - Processing file /home/nayara/Documentos/airflowalura/venv/lib/python3.9/site-packages/airflow/example_dags/example_branch_python_dop_operator_3.py for tasks to queue
[2022-10-27 22:26:08,359] {logging_mixin.py:115} INFO - [2022-10-27 22:26:08,358] {dagbag.py:507} INFO - Filling up the DagBag from /home/nayara/Documentos/airflowalura/venv/lib/python3.9/site-packages/airflow/example_dags/example_branch_python_dop_operator_3.py
[2022-10-27 22:26:08,439] {processor.py:651} INFO - DAG(s) dict_keys(['example_branch_dop_operator_v3']) retrieved from /home/nayara/Documentos/airflowalura/venv/lib/python3.9/site-packages/airflow/example_dags/example_branch_python_dop_operator_3.py
[2022-10-27 22:26:08,470] {logging_mixin.py:115} INFO - [2022-10-27 22:26:08,470] {dag.py:2379} INFO - Sync 1 DAGs
[2022-10-27 22:26:08,510] {logging_mixin.py:115} INFO - [2022-10-27 22:26:08,510] {dag.py:2927} INFO - Setting next_dagrun for example_branch_dop_operator_v3 to 2022-10-28T01:25:00+00:00, run_after=2022-10-28T01:26:00+00:00
[2022-10-27 22:26:08,903] {processor.py:161} INFO - Processing /home/nayara/Documentos/airflowalura/venv/lib/python3.9/site-packages/airflow/example_dags/example_branch_python_dop_operator_3.py took 0.644 seconds
[2022-10-27 22:27:00,365] {processor.py:153} INFO - Started process (PID=50750) to work on /home/nayara/Documentos/airflowalura/venv/lib/python3.9/site-packages/airflow/example_dags/example_branch_python_dop_operator_3.py
[2022-10-27 22:27:00,367] {processor.py:641} INFO - Processing file /home/nayara/Documentos/airflowalura/venv/lib/python3.9/site-packages/airflow/example_dags/example_branch_python_dop_operator_3.py for tasks to queue
[2022-10-27 22:27:00,368] {logging_mixin.py:115} INFO - [2022-10-27 22:27:00,368] {dagbag.py:507} INFO - Filling up the DagBag from /home/nayara/Documentos/airflowalura/venv/lib/python3.9/site-packages/airflow/example_dags/example_branch_python_dop_operator_3.py
[2022-10-27 22:27:00,403] {processor.py:651} INFO - DAG(s) dict_keys(['example_branch_dop_operator_v3']) retrieved from /home/nayara/Documentos/airflowalura/venv/lib/python3.9/site-packages/airflow/example_dags/example_branch_python_dop_operator_3.py
[2022-10-27 22:27:00,433] {logging_mixin.py:115} INFO - [2022-10-27 22:27:00,433] {dag.py:2379} INFO - Sync 1 DAGs
[2022-10-27 22:27:00,474] {logging_mixin.py:115} INFO - [2022-10-27 22:27:00,474] {dag.py:2927} INFO - Setting next_dagrun for example_branch_dop_operator_v3 to 2022-10-28T01:26:00+00:00, run_after=2022-10-28T01:27:00+00:00
[2022-10-27 22:27:00,830] {processor.py:161} INFO - Processing /home/nayara/Documentos/airflowalura/venv/lib/python3.9/site-packages/airflow/example_dags/example_branch_python_dop_operator_3.py took 0.476 seconds
[2022-10-27 22:28:06,601] {processor.py:153} INFO - Started process (PID=50972) to work on /home/nayara/Documentos/airflowalura/venv/lib/python3.9/site-packages/airflow/example_dags/example_branch_python_dop_operator_3.py
[2022-10-27 22:28:06,605] {processor.py:641} INFO - Processing file /home/nayara/Documentos/airflowalura/venv/lib/python3.9/site-packages/airflow/example_dags/example_branch_python_dop_operator_3.py for tasks to queue
[2022-10-27 22:28:06,608] {logging_mixin.py:115} INFO - [2022-10-27 22:28:06,608] {dagbag.py:507} INFO - Filling up the DagBag from /home/nayara/Documentos/airflowalura/venv/lib/python3.9/site-packages/airflow/example_dags/example_branch_python_dop_operator_3.py
[2022-10-27 22:28:06,658] {processor.py:651} INFO - DAG(s) dict_keys(['example_branch_dop_operator_v3']) retrieved from /home/nayara/Documentos/airflowalura/venv/lib/python3.9/site-packages/airflow/example_dags/example_branch_python_dop_operator_3.py
[2022-10-27 22:28:06,686] {logging_mixin.py:115} INFO - [2022-10-27 22:28:06,685] {dag.py:2379} INFO - Sync 1 DAGs
[2022-10-27 22:28:06,721] {logging_mixin.py:115} INFO - [2022-10-27 22:28:06,721] {dag.py:2927} INFO - Setting next_dagrun for example_branch_dop_operator_v3 to 2022-10-28T01:27:00+00:00, run_after=2022-10-28T01:28:00+00:00
[2022-10-27 22:28:07,205] {processor.py:161} INFO - Processing /home/nayara/Documentos/airflowalura/venv/lib/python3.9/site-packages/airflow/example_dags/example_branch_python_dop_operator_3.py took 0.620 seconds
[2022-10-27 22:29:23,718] {processor.py:153} INFO - Started process (PID=51140) to work on /home/nayara/Documentos/airflowalura/venv/lib/python3.9/site-packages/airflow/example_dags/example_branch_python_dop_operator_3.py
[2022-10-27 22:29:23,735] {processor.py:641} INFO - Processing file /home/nayara/Documentos/airflowalura/venv/lib/python3.9/site-packages/airflow/example_dags/example_branch_python_dop_operator_3.py for tasks to queue
[2022-10-27 22:29:23,736] {logging_mixin.py:115} INFO - [2022-10-27 22:29:23,736] {dagbag.py:507} INFO - Filling up the DagBag from /home/nayara/Documentos/airflowalura/venv/lib/python3.9/site-packages/airflow/example_dags/example_branch_python_dop_operator_3.py
[2022-10-27 22:29:23,751] {processor.py:651} INFO - DAG(s) dict_keys(['example_branch_dop_operator_v3']) retrieved from /home/nayara/Documentos/airflowalura/venv/lib/python3.9/site-packages/airflow/example_dags/example_branch_python_dop_operator_3.py
[2022-10-27 22:29:23,780] {logging_mixin.py:115} INFO - [2022-10-27 22:29:23,780] {dag.py:2379} INFO - Sync 1 DAGs
[2022-10-27 22:29:23,818] {logging_mixin.py:115} INFO - [2022-10-27 22:29:23,818] {dag.py:2927} INFO - Setting next_dagrun for example_branch_dop_operator_v3 to 2022-10-28T01:28:00+00:00, run_after=2022-10-28T01:29:00+00:00
[2022-10-27 22:29:24,153] {processor.py:161} INFO - Processing /home/nayara/Documentos/airflowalura/venv/lib/python3.9/site-packages/airflow/example_dags/example_branch_python_dop_operator_3.py took 0.445 seconds
[2022-10-27 22:30:27,637] {processor.py:153} INFO - Started process (PID=51261) to work on /home/nayara/Documentos/airflowalura/venv/lib/python3.9/site-packages/airflow/example_dags/example_branch_python_dop_operator_3.py
[2022-10-27 22:30:27,734] {processor.py:641} INFO - Processing file /home/nayara/Documentos/airflowalura/venv/lib/python3.9/site-packages/airflow/example_dags/example_branch_python_dop_operator_3.py for tasks to queue
[2022-10-27 22:30:27,736] {logging_mixin.py:115} INFO - [2022-10-27 22:30:27,735] {dagbag.py:507} INFO - Filling up the DagBag from /home/nayara/Documentos/airflowalura/venv/lib/python3.9/site-packages/airflow/example_dags/example_branch_python_dop_operator_3.py
[2022-10-27 22:30:27,771] {processor.py:651} INFO - DAG(s) dict_keys(['example_branch_dop_operator_v3']) retrieved from /home/nayara/Documentos/airflowalura/venv/lib/python3.9/site-packages/airflow/example_dags/example_branch_python_dop_operator_3.py
[2022-10-27 22:30:27,797] {logging_mixin.py:115} INFO - [2022-10-27 22:30:27,797] {dag.py:2379} INFO - Sync 1 DAGs
[2022-10-27 22:30:27,826] {logging_mixin.py:115} INFO - [2022-10-27 22:30:27,826] {dag.py:2927} INFO - Setting next_dagrun for example_branch_dop_operator_v3 to 2022-10-28T01:29:00+00:00, run_after=2022-10-28T01:30:00+00:00
[2022-10-27 22:30:28,126] {processor.py:161} INFO - Processing /home/nayara/Documentos/airflowalura/venv/lib/python3.9/site-packages/airflow/example_dags/example_branch_python_dop_operator_3.py took 0.502 seconds
[2022-10-27 22:31:29,546] {processor.py:153} INFO - Started process (PID=51379) to work on /home/nayara/Documentos/airflowalura/venv/lib/python3.9/site-packages/airflow/example_dags/example_branch_python_dop_operator_3.py
[2022-10-27 22:31:29,758] {processor.py:641} INFO - Processing file /home/nayara/Documentos/airflowalura/venv/lib/python3.9/site-packages/airflow/example_dags/example_branch_python_dop_operator_3.py for tasks to queue
[2022-10-27 22:31:29,760] {logging_mixin.py:115} INFO - [2022-10-27 22:31:29,760] {dagbag.py:507} INFO - Filling up the DagBag from /home/nayara/Documentos/airflowalura/venv/lib/python3.9/site-packages/airflow/example_dags/example_branch_python_dop_operator_3.py
[2022-10-27 22:31:29,811] {processor.py:651} INFO - DAG(s) dict_keys(['example_branch_dop_operator_v3']) retrieved from /home/nayara/Documentos/airflowalura/venv/lib/python3.9/site-packages/airflow/example_dags/example_branch_python_dop_operator_3.py
[2022-10-27 22:31:29,859] {logging_mixin.py:115} INFO - [2022-10-27 22:31:29,859] {dag.py:2379} INFO - Sync 1 DAGs
[2022-10-27 22:31:29,895] {logging_mixin.py:115} INFO - [2022-10-27 22:31:29,895] {dag.py:2927} INFO - Setting next_dagrun for example_branch_dop_operator_v3 to 2022-10-28T01:30:00+00:00, run_after=2022-10-28T01:31:00+00:00
[2022-10-27 22:31:30,309] {processor.py:161} INFO - Processing /home/nayara/Documentos/airflowalura/venv/lib/python3.9/site-packages/airflow/example_dags/example_branch_python_dop_operator_3.py took 0.769 seconds
[2022-10-27 22:33:03,597] {processor.py:153} INFO - Started process (PID=51597) to work on /home/nayara/Documentos/airflowalura/venv/lib/python3.9/site-packages/airflow/example_dags/example_branch_python_dop_operator_3.py
[2022-10-27 22:33:03,607] {processor.py:641} INFO - Processing file /home/nayara/Documentos/airflowalura/venv/lib/python3.9/site-packages/airflow/example_dags/example_branch_python_dop_operator_3.py for tasks to queue
[2022-10-27 22:33:03,609] {logging_mixin.py:115} INFO - [2022-10-27 22:33:03,608] {dagbag.py:507} INFO - Filling up the DagBag from /home/nayara/Documentos/airflowalura/venv/lib/python3.9/site-packages/airflow/example_dags/example_branch_python_dop_operator_3.py
[2022-10-27 22:33:03,629] {processor.py:651} INFO - DAG(s) dict_keys(['example_branch_dop_operator_v3']) retrieved from /home/nayara/Documentos/airflowalura/venv/lib/python3.9/site-packages/airflow/example_dags/example_branch_python_dop_operator_3.py
[2022-10-27 22:33:03,652] {logging_mixin.py:115} INFO - [2022-10-27 22:33:03,652] {dag.py:2379} INFO - Sync 1 DAGs
[2022-10-27 22:33:03,678] {logging_mixin.py:115} INFO - [2022-10-27 22:33:03,678] {dag.py:2927} INFO - Setting next_dagrun for example_branch_dop_operator_v3 to 2022-10-28T01:32:00+00:00, run_after=2022-10-28T01:33:00+00:00
[2022-10-27 22:33:03,933] {processor.py:161} INFO - Processing /home/nayara/Documentos/airflowalura/venv/lib/python3.9/site-packages/airflow/example_dags/example_branch_python_dop_operator_3.py took 0.345 seconds
[2022-10-27 22:34:05,035] {processor.py:153} INFO - Started process (PID=51720) to work on /home/nayara/Documentos/airflowalura/venv/lib/python3.9/site-packages/airflow/example_dags/example_branch_python_dop_operator_3.py
[2022-10-27 22:34:05,056] {processor.py:641} INFO - Processing file /home/nayara/Documentos/airflowalura/venv/lib/python3.9/site-packages/airflow/example_dags/example_branch_python_dop_operator_3.py for tasks to queue
[2022-10-27 22:34:05,057] {logging_mixin.py:115} INFO - [2022-10-27 22:34:05,057] {dagbag.py:507} INFO - Filling up the DagBag from /home/nayara/Documentos/airflowalura/venv/lib/python3.9/site-packages/airflow/example_dags/example_branch_python_dop_operator_3.py
[2022-10-27 22:34:05,084] {processor.py:651} INFO - DAG(s) dict_keys(['example_branch_dop_operator_v3']) retrieved from /home/nayara/Documentos/airflowalura/venv/lib/python3.9/site-packages/airflow/example_dags/example_branch_python_dop_operator_3.py
[2022-10-27 22:34:05,120] {logging_mixin.py:115} INFO - [2022-10-27 22:34:05,119] {dag.py:2379} INFO - Sync 1 DAGs
[2022-10-27 22:34:05,157] {logging_mixin.py:115} INFO - [2022-10-27 22:34:05,156] {dag.py:2927} INFO - Setting next_dagrun for example_branch_dop_operator_v3 to 2022-10-28T01:33:00+00:00, run_after=2022-10-28T01:34:00+00:00
[2022-10-27 22:34:05,462] {processor.py:161} INFO - Processing /home/nayara/Documentos/airflowalura/venv/lib/python3.9/site-packages/airflow/example_dags/example_branch_python_dop_operator_3.py took 0.435 seconds
[2022-10-27 22:35:02,433] {processor.py:153} INFO - Started process (PID=51814) to work on /home/nayara/Documentos/airflowalura/venv/lib/python3.9/site-packages/airflow/example_dags/example_branch_python_dop_operator_3.py
[2022-10-27 22:35:02,539] {processor.py:641} INFO - Processing file /home/nayara/Documentos/airflowalura/venv/lib/python3.9/site-packages/airflow/example_dags/example_branch_python_dop_operator_3.py for tasks to queue
[2022-10-27 22:35:02,542] {logging_mixin.py:115} INFO - [2022-10-27 22:35:02,541] {dagbag.py:507} INFO - Filling up the DagBag from /home/nayara/Documentos/airflowalura/venv/lib/python3.9/site-packages/airflow/example_dags/example_branch_python_dop_operator_3.py
[2022-10-27 22:35:02,579] {processor.py:651} INFO - DAG(s) dict_keys(['example_branch_dop_operator_v3']) retrieved from /home/nayara/Documentos/airflowalura/venv/lib/python3.9/site-packages/airflow/example_dags/example_branch_python_dop_operator_3.py
[2022-10-27 22:35:02,603] {logging_mixin.py:115} INFO - [2022-10-27 22:35:02,603] {dag.py:2379} INFO - Sync 1 DAGs
[2022-10-27 22:35:02,630] {logging_mixin.py:115} INFO - [2022-10-27 22:35:02,630] {dag.py:2927} INFO - Setting next_dagrun for example_branch_dop_operator_v3 to 2022-10-28T01:34:00+00:00, run_after=2022-10-28T01:35:00+00:00
[2022-10-27 22:35:02,911] {processor.py:161} INFO - Processing /home/nayara/Documentos/airflowalura/venv/lib/python3.9/site-packages/airflow/example_dags/example_branch_python_dop_operator_3.py took 0.484 seconds
[2022-10-27 22:35:58,397] {processor.py:153} INFO - Started process (PID=51897) to work on /home/nayara/Documentos/airflowalura/venv/lib/python3.9/site-packages/airflow/example_dags/example_branch_python_dop_operator_3.py
[2022-10-27 22:35:58,424] {processor.py:641} INFO - Processing file /home/nayara/Documentos/airflowalura/venv/lib/python3.9/site-packages/airflow/example_dags/example_branch_python_dop_operator_3.py for tasks to queue
[2022-10-27 22:35:58,425] {logging_mixin.py:115} INFO - [2022-10-27 22:35:58,425] {dagbag.py:507} INFO - Filling up the DagBag from /home/nayara/Documentos/airflowalura/venv/lib/python3.9/site-packages/airflow/example_dags/example_branch_python_dop_operator_3.py
[2022-10-27 22:35:58,437] {processor.py:651} INFO - DAG(s) dict_keys(['example_branch_dop_operator_v3']) retrieved from /home/nayara/Documentos/airflowalura/venv/lib/python3.9/site-packages/airflow/example_dags/example_branch_python_dop_operator_3.py
[2022-10-27 22:35:58,460] {logging_mixin.py:115} INFO - [2022-10-27 22:35:58,459] {dag.py:2379} INFO - Sync 1 DAGs
[2022-10-27 22:35:58,486] {logging_mixin.py:115} INFO - [2022-10-27 22:35:58,486] {dag.py:2927} INFO - Setting next_dagrun for example_branch_dop_operator_v3 to 2022-10-28T01:34:00+00:00, run_after=2022-10-28T01:35:00+00:00
[2022-10-27 22:35:58,886] {processor.py:161} INFO - Processing /home/nayara/Documentos/airflowalura/venv/lib/python3.9/site-packages/airflow/example_dags/example_branch_python_dop_operator_3.py took 0.492 seconds
[2022-10-27 22:37:17,843] {processor.py:153} INFO - Started process (PID=52254) to work on /home/nayara/Documentos/airflowalura/venv/lib/python3.9/site-packages/airflow/example_dags/example_branch_python_dop_operator_3.py
[2022-10-27 22:37:17,911] {processor.py:641} INFO - Processing file /home/nayara/Documentos/airflowalura/venv/lib/python3.9/site-packages/airflow/example_dags/example_branch_python_dop_operator_3.py for tasks to queue
[2022-10-27 22:37:17,914] {logging_mixin.py:115} INFO - [2022-10-27 22:37:17,913] {dagbag.py:507} INFO - Filling up the DagBag from /home/nayara/Documentos/airflowalura/venv/lib/python3.9/site-packages/airflow/example_dags/example_branch_python_dop_operator_3.py
[2022-10-27 22:37:17,948] {processor.py:651} INFO - DAG(s) dict_keys(['example_branch_dop_operator_v3']) retrieved from /home/nayara/Documentos/airflowalura/venv/lib/python3.9/site-packages/airflow/example_dags/example_branch_python_dop_operator_3.py
[2022-10-27 22:37:17,974] {logging_mixin.py:115} INFO - [2022-10-27 22:37:17,974] {dag.py:2379} INFO - Sync 1 DAGs
[2022-10-27 22:37:18,001] {logging_mixin.py:115} INFO - [2022-10-27 22:37:18,001] {dag.py:2927} INFO - Setting next_dagrun for example_branch_dop_operator_v3 to 2022-10-28T01:36:00+00:00, run_after=2022-10-28T01:37:00+00:00
[2022-10-27 22:37:18,766] {processor.py:161} INFO - Processing /home/nayara/Documentos/airflowalura/venv/lib/python3.9/site-packages/airflow/example_dags/example_branch_python_dop_operator_3.py took 0.935 seconds
[2022-10-27 22:39:01,602] {processor.py:153} INFO - Started process (PID=52548) to work on /home/nayara/Documentos/airflowalura/venv/lib/python3.9/site-packages/airflow/example_dags/example_branch_python_dop_operator_3.py
[2022-10-27 22:39:01,646] {processor.py:641} INFO - Processing file /home/nayara/Documentos/airflowalura/venv/lib/python3.9/site-packages/airflow/example_dags/example_branch_python_dop_operator_3.py for tasks to queue
[2022-10-27 22:39:01,650] {logging_mixin.py:115} INFO - [2022-10-27 22:39:01,650] {dagbag.py:507} INFO - Filling up the DagBag from /home/nayara/Documentos/airflowalura/venv/lib/python3.9/site-packages/airflow/example_dags/example_branch_python_dop_operator_3.py
[2022-10-27 22:39:01,701] {processor.py:651} INFO - DAG(s) dict_keys(['example_branch_dop_operator_v3']) retrieved from /home/nayara/Documentos/airflowalura/venv/lib/python3.9/site-packages/airflow/example_dags/example_branch_python_dop_operator_3.py
[2022-10-27 22:39:01,734] {logging_mixin.py:115} INFO - [2022-10-27 22:39:01,734] {dag.py:2379} INFO - Sync 1 DAGs
[2022-10-27 22:39:01,774] {logging_mixin.py:115} INFO - [2022-10-27 22:39:01,774] {dag.py:2927} INFO - Setting next_dagrun for example_branch_dop_operator_v3 to 2022-10-28T01:38:00+00:00, run_after=2022-10-28T01:39:00+00:00
[2022-10-27 22:39:02,088] {processor.py:161} INFO - Processing /home/nayara/Documentos/airflowalura/venv/lib/python3.9/site-packages/airflow/example_dags/example_branch_python_dop_operator_3.py took 0.504 seconds
[2022-10-27 22:40:41,180] {processor.py:153} INFO - Started process (PID=52765) to work on /home/nayara/Documentos/airflowalura/venv/lib/python3.9/site-packages/airflow/example_dags/example_branch_python_dop_operator_3.py
[2022-10-27 22:40:41,277] {processor.py:641} INFO - Processing file /home/nayara/Documentos/airflowalura/venv/lib/python3.9/site-packages/airflow/example_dags/example_branch_python_dop_operator_3.py for tasks to queue
[2022-10-27 22:40:41,278] {logging_mixin.py:115} INFO - [2022-10-27 22:40:41,278] {dagbag.py:507} INFO - Filling up the DagBag from /home/nayara/Documentos/airflowalura/venv/lib/python3.9/site-packages/airflow/example_dags/example_branch_python_dop_operator_3.py
[2022-10-27 22:40:41,341] {processor.py:651} INFO - DAG(s) dict_keys(['example_branch_dop_operator_v3']) retrieved from /home/nayara/Documentos/airflowalura/venv/lib/python3.9/site-packages/airflow/example_dags/example_branch_python_dop_operator_3.py
[2022-10-27 22:40:41,379] {logging_mixin.py:115} INFO - [2022-10-27 22:40:41,379] {dag.py:2379} INFO - Sync 1 DAGs
[2022-10-27 22:40:41,420] {logging_mixin.py:115} INFO - [2022-10-27 22:40:41,420] {dag.py:2927} INFO - Setting next_dagrun for example_branch_dop_operator_v3 to 2022-10-28T01:39:00+00:00, run_after=2022-10-28T01:40:00+00:00
[2022-10-27 22:40:42,203] {processor.py:161} INFO - Processing /home/nayara/Documentos/airflowalura/venv/lib/python3.9/site-packages/airflow/example_dags/example_branch_python_dop_operator_3.py took 1.034 seconds
[2022-10-27 22:41:48,293] {processor.py:153} INFO - Started process (PID=52886) to work on /home/nayara/Documentos/airflowalura/venv/lib/python3.9/site-packages/airflow/example_dags/example_branch_python_dop_operator_3.py
[2022-10-27 22:41:48,310] {processor.py:641} INFO - Processing file /home/nayara/Documentos/airflowalura/venv/lib/python3.9/site-packages/airflow/example_dags/example_branch_python_dop_operator_3.py for tasks to queue
[2022-10-27 22:41:48,313] {logging_mixin.py:115} INFO - [2022-10-27 22:41:48,313] {dagbag.py:507} INFO - Filling up the DagBag from /home/nayara/Documentos/airflowalura/venv/lib/python3.9/site-packages/airflow/example_dags/example_branch_python_dop_operator_3.py
[2022-10-27 22:41:48,362] {processor.py:651} INFO - DAG(s) dict_keys(['example_branch_dop_operator_v3']) retrieved from /home/nayara/Documentos/airflowalura/venv/lib/python3.9/site-packages/airflow/example_dags/example_branch_python_dop_operator_3.py
[2022-10-27 22:41:48,386] {logging_mixin.py:115} INFO - [2022-10-27 22:41:48,386] {dag.py:2379} INFO - Sync 1 DAGs
[2022-10-27 22:41:48,414] {logging_mixin.py:115} INFO - [2022-10-27 22:41:48,414] {dag.py:2927} INFO - Setting next_dagrun for example_branch_dop_operator_v3 to 2022-10-28T01:40:00+00:00, run_after=2022-10-28T01:41:00+00:00
[2022-10-27 22:41:49,175] {processor.py:161} INFO - Processing /home/nayara/Documentos/airflowalura/venv/lib/python3.9/site-packages/airflow/example_dags/example_branch_python_dop_operator_3.py took 0.906 seconds
[2022-10-27 22:42:48,421] {processor.py:153} INFO - Started process (PID=53002) to work on /home/nayara/Documentos/airflowalura/venv/lib/python3.9/site-packages/airflow/example_dags/example_branch_python_dop_operator_3.py
[2022-10-27 22:42:48,457] {processor.py:641} INFO - Processing file /home/nayara/Documentos/airflowalura/venv/lib/python3.9/site-packages/airflow/example_dags/example_branch_python_dop_operator_3.py for tasks to queue
[2022-10-27 22:42:48,459] {logging_mixin.py:115} INFO - [2022-10-27 22:42:48,459] {dagbag.py:507} INFO - Filling up the DagBag from /home/nayara/Documentos/airflowalura/venv/lib/python3.9/site-packages/airflow/example_dags/example_branch_python_dop_operator_3.py
[2022-10-27 22:42:48,489] {processor.py:651} INFO - DAG(s) dict_keys(['example_branch_dop_operator_v3']) retrieved from /home/nayara/Documentos/airflowalura/venv/lib/python3.9/site-packages/airflow/example_dags/example_branch_python_dop_operator_3.py
[2022-10-27 22:42:48,514] {logging_mixin.py:115} INFO - [2022-10-27 22:42:48,514] {dag.py:2379} INFO - Sync 1 DAGs
[2022-10-27 22:42:48,544] {logging_mixin.py:115} INFO - [2022-10-27 22:42:48,544] {dag.py:2927} INFO - Setting next_dagrun for example_branch_dop_operator_v3 to 2022-10-28T01:41:00+00:00, run_after=2022-10-28T01:42:00+00:00
[2022-10-27 22:42:48,835] {processor.py:161} INFO - Processing /home/nayara/Documentos/airflowalura/venv/lib/python3.9/site-packages/airflow/example_dags/example_branch_python_dop_operator_3.py took 0.428 seconds
[2022-10-27 22:43:43,369] {processor.py:153} INFO - Started process (PID=53121) to work on /home/nayara/Documentos/airflowalura/venv/lib/python3.9/site-packages/airflow/example_dags/example_branch_python_dop_operator_3.py
[2022-10-27 22:43:43,378] {processor.py:641} INFO - Processing file /home/nayara/Documentos/airflowalura/venv/lib/python3.9/site-packages/airflow/example_dags/example_branch_python_dop_operator_3.py for tasks to queue
[2022-10-27 22:43:43,381] {logging_mixin.py:115} INFO - [2022-10-27 22:43:43,380] {dagbag.py:507} INFO - Filling up the DagBag from /home/nayara/Documentos/airflowalura/venv/lib/python3.9/site-packages/airflow/example_dags/example_branch_python_dop_operator_3.py
[2022-10-27 22:43:43,427] {processor.py:651} INFO - DAG(s) dict_keys(['example_branch_dop_operator_v3']) retrieved from /home/nayara/Documentos/airflowalura/venv/lib/python3.9/site-packages/airflow/example_dags/example_branch_python_dop_operator_3.py
[2022-10-27 22:43:43,460] {logging_mixin.py:115} INFO - [2022-10-27 22:43:43,460] {dag.py:2379} INFO - Sync 1 DAGs
[2022-10-27 22:43:43,494] {logging_mixin.py:115} INFO - [2022-10-27 22:43:43,494] {dag.py:2927} INFO - Setting next_dagrun for example_branch_dop_operator_v3 to 2022-10-28T01:42:00+00:00, run_after=2022-10-28T01:43:00+00:00
[2022-10-27 22:43:43,847] {processor.py:161} INFO - Processing /home/nayara/Documentos/airflowalura/venv/lib/python3.9/site-packages/airflow/example_dags/example_branch_python_dop_operator_3.py took 0.498 seconds
[2022-10-27 22:44:59,142] {processor.py:153} INFO - Started process (PID=53339) to work on /home/nayara/Documentos/airflowalura/venv/lib/python3.9/site-packages/airflow/example_dags/example_branch_python_dop_operator_3.py
[2022-10-27 22:44:59,241] {processor.py:641} INFO - Processing file /home/nayara/Documentos/airflowalura/venv/lib/python3.9/site-packages/airflow/example_dags/example_branch_python_dop_operator_3.py for tasks to queue
[2022-10-27 22:44:59,242] {logging_mixin.py:115} INFO - [2022-10-27 22:44:59,242] {dagbag.py:507} INFO - Filling up the DagBag from /home/nayara/Documentos/airflowalura/venv/lib/python3.9/site-packages/airflow/example_dags/example_branch_python_dop_operator_3.py
[2022-10-27 22:44:59,262] {processor.py:651} INFO - DAG(s) dict_keys(['example_branch_dop_operator_v3']) retrieved from /home/nayara/Documentos/airflowalura/venv/lib/python3.9/site-packages/airflow/example_dags/example_branch_python_dop_operator_3.py
[2022-10-27 22:44:59,281] {logging_mixin.py:115} INFO - [2022-10-27 22:44:59,281] {dag.py:2379} INFO - Sync 1 DAGs
[2022-10-27 22:44:59,310] {logging_mixin.py:115} INFO - [2022-10-27 22:44:59,309] {dag.py:2927} INFO - Setting next_dagrun for example_branch_dop_operator_v3 to 2022-10-28T01:43:00+00:00, run_after=2022-10-28T01:44:00+00:00
[2022-10-27 22:44:59,714] {processor.py:161} INFO - Processing /home/nayara/Documentos/airflowalura/venv/lib/python3.9/site-packages/airflow/example_dags/example_branch_python_dop_operator_3.py took 0.576 seconds
[2022-10-27 22:46:02,457] {processor.py:153} INFO - Started process (PID=53452) to work on /home/nayara/Documentos/airflowalura/venv/lib/python3.9/site-packages/airflow/example_dags/example_branch_python_dop_operator_3.py
[2022-10-27 22:46:02,489] {processor.py:641} INFO - Processing file /home/nayara/Documentos/airflowalura/venv/lib/python3.9/site-packages/airflow/example_dags/example_branch_python_dop_operator_3.py for tasks to queue
[2022-10-27 22:46:02,493] {logging_mixin.py:115} INFO - [2022-10-27 22:46:02,492] {dagbag.py:507} INFO - Filling up the DagBag from /home/nayara/Documentos/airflowalura/venv/lib/python3.9/site-packages/airflow/example_dags/example_branch_python_dop_operator_3.py
[2022-10-27 22:46:02,531] {processor.py:651} INFO - DAG(s) dict_keys(['example_branch_dop_operator_v3']) retrieved from /home/nayara/Documentos/airflowalura/venv/lib/python3.9/site-packages/airflow/example_dags/example_branch_python_dop_operator_3.py
[2022-10-27 22:46:02,552] {logging_mixin.py:115} INFO - [2022-10-27 22:46:02,551] {dag.py:2379} INFO - Sync 1 DAGs
[2022-10-27 22:46:02,579] {logging_mixin.py:115} INFO - [2022-10-27 22:46:02,579] {dag.py:2927} INFO - Setting next_dagrun for example_branch_dop_operator_v3 to 2022-10-28T01:45:00+00:00, run_after=2022-10-28T01:46:00+00:00
[2022-10-27 22:46:03,035] {processor.py:161} INFO - Processing /home/nayara/Documentos/airflowalura/venv/lib/python3.9/site-packages/airflow/example_dags/example_branch_python_dop_operator_3.py took 0.583 seconds
[2022-10-27 22:47:12,417] {processor.py:153} INFO - Started process (PID=53622) to work on /home/nayara/Documentos/airflowalura/venv/lib/python3.9/site-packages/airflow/example_dags/example_branch_python_dop_operator_3.py
[2022-10-27 22:47:12,441] {processor.py:641} INFO - Processing file /home/nayara/Documentos/airflowalura/venv/lib/python3.9/site-packages/airflow/example_dags/example_branch_python_dop_operator_3.py for tasks to queue
[2022-10-27 22:47:12,443] {logging_mixin.py:115} INFO - [2022-10-27 22:47:12,443] {dagbag.py:507} INFO - Filling up the DagBag from /home/nayara/Documentos/airflowalura/venv/lib/python3.9/site-packages/airflow/example_dags/example_branch_python_dop_operator_3.py
[2022-10-27 22:47:12,503] {processor.py:651} INFO - DAG(s) dict_keys(['example_branch_dop_operator_v3']) retrieved from /home/nayara/Documentos/airflowalura/venv/lib/python3.9/site-packages/airflow/example_dags/example_branch_python_dop_operator_3.py
[2022-10-27 22:47:12,538] {logging_mixin.py:115} INFO - [2022-10-27 22:47:12,538] {dag.py:2379} INFO - Sync 1 DAGs
[2022-10-27 22:47:12,566] {logging_mixin.py:115} INFO - [2022-10-27 22:47:12,566] {dag.py:2927} INFO - Setting next_dagrun for example_branch_dop_operator_v3 to 2022-10-28T01:46:00+00:00, run_after=2022-10-28T01:47:00+00:00
[2022-10-27 22:47:12,990] {processor.py:161} INFO - Processing /home/nayara/Documentos/airflowalura/venv/lib/python3.9/site-packages/airflow/example_dags/example_branch_python_dop_operator_3.py took 0.582 seconds
[2022-10-27 22:48:05,026] {processor.py:153} INFO - Started process (PID=53732) to work on /home/nayara/Documentos/airflowalura/venv/lib/python3.9/site-packages/airflow/example_dags/example_branch_python_dop_operator_3.py
[2022-10-27 22:48:05,057] {processor.py:641} INFO - Processing file /home/nayara/Documentos/airflowalura/venv/lib/python3.9/site-packages/airflow/example_dags/example_branch_python_dop_operator_3.py for tasks to queue
[2022-10-27 22:48:05,060] {logging_mixin.py:115} INFO - [2022-10-27 22:48:05,059] {dagbag.py:507} INFO - Filling up the DagBag from /home/nayara/Documentos/airflowalura/venv/lib/python3.9/site-packages/airflow/example_dags/example_branch_python_dop_operator_3.py
[2022-10-27 22:48:05,160] {processor.py:651} INFO - DAG(s) dict_keys(['example_branch_dop_operator_v3']) retrieved from /home/nayara/Documentos/airflowalura/venv/lib/python3.9/site-packages/airflow/example_dags/example_branch_python_dop_operator_3.py
[2022-10-27 22:48:05,197] {logging_mixin.py:115} INFO - [2022-10-27 22:48:05,196] {dag.py:2379} INFO - Sync 1 DAGs
[2022-10-27 22:48:05,244] {logging_mixin.py:115} INFO - [2022-10-27 22:48:05,244] {dag.py:2927} INFO - Setting next_dagrun for example_branch_dop_operator_v3 to 2022-10-28T01:47:00+00:00, run_after=2022-10-28T01:48:00+00:00
[2022-10-27 22:48:05,555] {processor.py:161} INFO - Processing /home/nayara/Documentos/airflowalura/venv/lib/python3.9/site-packages/airflow/example_dags/example_branch_python_dop_operator_3.py took 0.552 seconds
[2022-10-27 22:49:11,162] {processor.py:153} INFO - Started process (PID=53863) to work on /home/nayara/Documentos/airflowalura/venv/lib/python3.9/site-packages/airflow/example_dags/example_branch_python_dop_operator_3.py
[2022-10-27 22:49:11,178] {processor.py:641} INFO - Processing file /home/nayara/Documentos/airflowalura/venv/lib/python3.9/site-packages/airflow/example_dags/example_branch_python_dop_operator_3.py for tasks to queue
[2022-10-27 22:49:11,181] {logging_mixin.py:115} INFO - [2022-10-27 22:49:11,180] {dagbag.py:507} INFO - Filling up the DagBag from /home/nayara/Documentos/airflowalura/venv/lib/python3.9/site-packages/airflow/example_dags/example_branch_python_dop_operator_3.py
[2022-10-27 22:49:11,230] {processor.py:651} INFO - DAG(s) dict_keys(['example_branch_dop_operator_v3']) retrieved from /home/nayara/Documentos/airflowalura/venv/lib/python3.9/site-packages/airflow/example_dags/example_branch_python_dop_operator_3.py
[2022-10-27 22:49:11,258] {logging_mixin.py:115} INFO - [2022-10-27 22:49:11,258] {dag.py:2379} INFO - Sync 1 DAGs
[2022-10-27 22:49:11,291] {logging_mixin.py:115} INFO - [2022-10-27 22:49:11,291] {dag.py:2927} INFO - Setting next_dagrun for example_branch_dop_operator_v3 to 2022-10-28T01:48:00+00:00, run_after=2022-10-28T01:49:00+00:00
[2022-10-27 22:49:11,578] {processor.py:161} INFO - Processing /home/nayara/Documentos/airflowalura/venv/lib/python3.9/site-packages/airflow/example_dags/example_branch_python_dop_operator_3.py took 0.433 seconds
[2022-10-27 22:50:15,619] {processor.py:153} INFO - Started process (PID=53991) to work on /home/nayara/Documentos/airflowalura/venv/lib/python3.9/site-packages/airflow/example_dags/example_branch_python_dop_operator_3.py
[2022-10-27 22:50:15,648] {processor.py:641} INFO - Processing file /home/nayara/Documentos/airflowalura/venv/lib/python3.9/site-packages/airflow/example_dags/example_branch_python_dop_operator_3.py for tasks to queue
[2022-10-27 22:50:15,652] {logging_mixin.py:115} INFO - [2022-10-27 22:50:15,651] {dagbag.py:507} INFO - Filling up the DagBag from /home/nayara/Documentos/airflowalura/venv/lib/python3.9/site-packages/airflow/example_dags/example_branch_python_dop_operator_3.py
[2022-10-27 22:50:15,708] {processor.py:651} INFO - DAG(s) dict_keys(['example_branch_dop_operator_v3']) retrieved from /home/nayara/Documentos/airflowalura/venv/lib/python3.9/site-packages/airflow/example_dags/example_branch_python_dop_operator_3.py
[2022-10-27 22:50:15,739] {logging_mixin.py:115} INFO - [2022-10-27 22:50:15,739] {dag.py:2379} INFO - Sync 1 DAGs
[2022-10-27 22:50:15,776] {logging_mixin.py:115} INFO - [2022-10-27 22:50:15,775] {dag.py:2927} INFO - Setting next_dagrun for example_branch_dop_operator_v3 to 2022-10-28T01:49:00+00:00, run_after=2022-10-28T01:50:00+00:00
[2022-10-27 22:50:16,085] {processor.py:161} INFO - Processing /home/nayara/Documentos/airflowalura/venv/lib/python3.9/site-packages/airflow/example_dags/example_branch_python_dop_operator_3.py took 0.478 seconds
[2022-10-27 22:51:25,894] {processor.py:153} INFO - Started process (PID=54110) to work on /home/nayara/Documentos/airflowalura/venv/lib/python3.9/site-packages/airflow/example_dags/example_branch_python_dop_operator_3.py
[2022-10-27 22:51:25,897] {processor.py:641} INFO - Processing file /home/nayara/Documentos/airflowalura/venv/lib/python3.9/site-packages/airflow/example_dags/example_branch_python_dop_operator_3.py for tasks to queue
[2022-10-27 22:51:25,901] {logging_mixin.py:115} INFO - [2022-10-27 22:51:25,900] {dagbag.py:507} INFO - Filling up the DagBag from /home/nayara/Documentos/airflowalura/venv/lib/python3.9/site-packages/airflow/example_dags/example_branch_python_dop_operator_3.py
[2022-10-27 22:51:25,958] {processor.py:651} INFO - DAG(s) dict_keys(['example_branch_dop_operator_v3']) retrieved from /home/nayara/Documentos/airflowalura/venv/lib/python3.9/site-packages/airflow/example_dags/example_branch_python_dop_operator_3.py
[2022-10-27 22:51:25,990] {logging_mixin.py:115} INFO - [2022-10-27 22:51:25,990] {dag.py:2379} INFO - Sync 1 DAGs
[2022-10-27 22:51:26,038] {logging_mixin.py:115} INFO - [2022-10-27 22:51:26,038] {dag.py:2927} INFO - Setting next_dagrun for example_branch_dop_operator_v3 to 2022-10-28T01:50:00+00:00, run_after=2022-10-28T01:51:00+00:00
[2022-10-27 22:51:26,523] {processor.py:161} INFO - Processing /home/nayara/Documentos/airflowalura/venv/lib/python3.9/site-packages/airflow/example_dags/example_branch_python_dop_operator_3.py took 0.649 seconds
[2022-10-27 22:52:45,070] {processor.py:153} INFO - Started process (PID=54271) to work on /home/nayara/Documentos/airflowalura/venv/lib/python3.9/site-packages/airflow/example_dags/example_branch_python_dop_operator_3.py
[2022-10-27 22:52:45,098] {processor.py:641} INFO - Processing file /home/nayara/Documentos/airflowalura/venv/lib/python3.9/site-packages/airflow/example_dags/example_branch_python_dop_operator_3.py for tasks to queue
[2022-10-27 22:52:45,102] {logging_mixin.py:115} INFO - [2022-10-27 22:52:45,102] {dagbag.py:507} INFO - Filling up the DagBag from /home/nayara/Documentos/airflowalura/venv/lib/python3.9/site-packages/airflow/example_dags/example_branch_python_dop_operator_3.py
[2022-10-27 22:52:45,167] {processor.py:651} INFO - DAG(s) dict_keys(['example_branch_dop_operator_v3']) retrieved from /home/nayara/Documentos/airflowalura/venv/lib/python3.9/site-packages/airflow/example_dags/example_branch_python_dop_operator_3.py
[2022-10-27 22:52:45,205] {logging_mixin.py:115} INFO - [2022-10-27 22:52:45,205] {dag.py:2379} INFO - Sync 1 DAGs
[2022-10-27 22:52:45,241] {logging_mixin.py:115} INFO - [2022-10-27 22:52:45,240] {dag.py:2927} INFO - Setting next_dagrun for example_branch_dop_operator_v3 to 2022-10-28T01:51:00+00:00, run_after=2022-10-28T01:52:00+00:00
[2022-10-27 22:52:45,573] {processor.py:161} INFO - Processing /home/nayara/Documentos/airflowalura/venv/lib/python3.9/site-packages/airflow/example_dags/example_branch_python_dop_operator_3.py took 0.522 seconds
[2022-10-27 22:53:50,536] {processor.py:153} INFO - Started process (PID=54394) to work on /home/nayara/Documentos/airflowalura/venv/lib/python3.9/site-packages/airflow/example_dags/example_branch_python_dop_operator_3.py
[2022-10-27 22:53:50,556] {processor.py:641} INFO - Processing file /home/nayara/Documentos/airflowalura/venv/lib/python3.9/site-packages/airflow/example_dags/example_branch_python_dop_operator_3.py for tasks to queue
[2022-10-27 22:53:50,557] {logging_mixin.py:115} INFO - [2022-10-27 22:53:50,557] {dagbag.py:507} INFO - Filling up the DagBag from /home/nayara/Documentos/airflowalura/venv/lib/python3.9/site-packages/airflow/example_dags/example_branch_python_dop_operator_3.py
[2022-10-27 22:53:50,575] {processor.py:651} INFO - DAG(s) dict_keys(['example_branch_dop_operator_v3']) retrieved from /home/nayara/Documentos/airflowalura/venv/lib/python3.9/site-packages/airflow/example_dags/example_branch_python_dop_operator_3.py
[2022-10-27 22:53:50,599] {logging_mixin.py:115} INFO - [2022-10-27 22:53:50,599] {dag.py:2379} INFO - Sync 1 DAGs
[2022-10-27 22:53:50,632] {logging_mixin.py:115} INFO - [2022-10-27 22:53:50,631] {dag.py:2927} INFO - Setting next_dagrun for example_branch_dop_operator_v3 to 2022-10-28T01:52:00+00:00, run_after=2022-10-28T01:53:00+00:00
[2022-10-27 22:53:50,946] {processor.py:161} INFO - Processing /home/nayara/Documentos/airflowalura/venv/lib/python3.9/site-packages/airflow/example_dags/example_branch_python_dop_operator_3.py took 0.415 seconds
[2022-10-27 22:55:09,737] {processor.py:153} INFO - Started process (PID=54544) to work on /home/nayara/Documentos/airflowalura/venv/lib/python3.9/site-packages/airflow/example_dags/example_branch_python_dop_operator_3.py
[2022-10-27 22:55:09,754] {processor.py:641} INFO - Processing file /home/nayara/Documentos/airflowalura/venv/lib/python3.9/site-packages/airflow/example_dags/example_branch_python_dop_operator_3.py for tasks to queue
[2022-10-27 22:55:09,755] {logging_mixin.py:115} INFO - [2022-10-27 22:55:09,755] {dagbag.py:507} INFO - Filling up the DagBag from /home/nayara/Documentos/airflowalura/venv/lib/python3.9/site-packages/airflow/example_dags/example_branch_python_dop_operator_3.py
[2022-10-27 22:55:09,773] {processor.py:651} INFO - DAG(s) dict_keys(['example_branch_dop_operator_v3']) retrieved from /home/nayara/Documentos/airflowalura/venv/lib/python3.9/site-packages/airflow/example_dags/example_branch_python_dop_operator_3.py
[2022-10-27 22:55:09,793] {logging_mixin.py:115} INFO - [2022-10-27 22:55:09,793] {dag.py:2379} INFO - Sync 1 DAGs
[2022-10-27 22:55:09,820] {logging_mixin.py:115} INFO - [2022-10-27 22:55:09,819] {dag.py:2927} INFO - Setting next_dagrun for example_branch_dop_operator_v3 to 2022-10-28T01:54:00+00:00, run_after=2022-10-28T01:55:00+00:00
[2022-10-27 22:55:10,161] {processor.py:161} INFO - Processing /home/nayara/Documentos/airflowalura/venv/lib/python3.9/site-packages/airflow/example_dags/example_branch_python_dop_operator_3.py took 0.437 seconds
[2022-10-27 22:56:25,847] {processor.py:153} INFO - Started process (PID=54718) to work on /home/nayara/Documentos/airflowalura/venv/lib/python3.9/site-packages/airflow/example_dags/example_branch_python_dop_operator_3.py
[2022-10-27 22:56:25,860] {processor.py:641} INFO - Processing file /home/nayara/Documentos/airflowalura/venv/lib/python3.9/site-packages/airflow/example_dags/example_branch_python_dop_operator_3.py for tasks to queue
[2022-10-27 22:56:25,861] {logging_mixin.py:115} INFO - [2022-10-27 22:56:25,861] {dagbag.py:507} INFO - Filling up the DagBag from /home/nayara/Documentos/airflowalura/venv/lib/python3.9/site-packages/airflow/example_dags/example_branch_python_dop_operator_3.py
[2022-10-27 22:56:25,877] {processor.py:651} INFO - DAG(s) dict_keys(['example_branch_dop_operator_v3']) retrieved from /home/nayara/Documentos/airflowalura/venv/lib/python3.9/site-packages/airflow/example_dags/example_branch_python_dop_operator_3.py
[2022-10-27 22:56:25,897] {logging_mixin.py:115} INFO - [2022-10-27 22:56:25,897] {dag.py:2379} INFO - Sync 1 DAGs
[2022-10-27 22:56:25,925] {logging_mixin.py:115} INFO - [2022-10-27 22:56:25,925] {dag.py:2927} INFO - Setting next_dagrun for example_branch_dop_operator_v3 to 2022-10-28T01:55:00+00:00, run_after=2022-10-28T01:56:00+00:00
[2022-10-27 22:56:26,212] {processor.py:161} INFO - Processing /home/nayara/Documentos/airflowalura/venv/lib/python3.9/site-packages/airflow/example_dags/example_branch_python_dop_operator_3.py took 0.378 seconds
