[2022-10-27 22:14:18,780] {processor.py:153} INFO - Started process (PID=48757) to work on /home/nayara/Documentos/airflowalura/venv/lib/python3.9/site-packages/airflow/example_dags/example_trigger_target_dag.py
[2022-10-27 22:14:18,782] {processor.py:641} INFO - Processing file /home/nayara/Documentos/airflowalura/venv/lib/python3.9/site-packages/airflow/example_dags/example_trigger_target_dag.py for tasks to queue
[2022-10-27 22:14:18,783] {logging_mixin.py:115} INFO - [2022-10-27 22:14:18,783] {dagbag.py:507} INFO - Filling up the DagBag from /home/nayara/Documentos/airflowalura/venv/lib/python3.9/site-packages/airflow/example_dags/example_trigger_target_dag.py
[2022-10-27 22:14:18,806] {processor.py:651} INFO - DAG(s) dict_keys(['example_trigger_target_dag']) retrieved from /home/nayara/Documentos/airflowalura/venv/lib/python3.9/site-packages/airflow/example_dags/example_trigger_target_dag.py
[2022-10-27 22:14:20,383] {logging_mixin.py:115} INFO - [2022-10-27 22:14:20,383] {manager.py:508} INFO - Created Permission View: can read on DAG:example_trigger_target_dag
[2022-10-27 22:14:20,784] {logging_mixin.py:115} INFO - [2022-10-27 22:14:20,783] {manager.py:508} INFO - Created Permission View: can delete on DAG:example_trigger_target_dag
[2022-10-27 22:14:21,602] {logging_mixin.py:115} INFO - [2022-10-27 22:14:21,602] {manager.py:508} INFO - Created Permission View: can edit on DAG:example_trigger_target_dag
[2022-10-27 22:14:21,602] {logging_mixin.py:115} INFO - [2022-10-27 22:14:21,602] {dag.py:2379} INFO - Sync 1 DAGs
[2022-10-27 22:14:21,611] {logging_mixin.py:115} INFO - [2022-10-27 22:14:21,611] {dag.py:2398} INFO - Creating ORM DAG for example_trigger_target_dag
[2022-10-27 22:14:21,622] {logging_mixin.py:115} INFO - [2022-10-27 22:14:21,621] {dag.py:2927} INFO - Setting next_dagrun for example_trigger_target_dag to None, run_after=None
[2022-10-27 22:14:22,729] {processor.py:161} INFO - Processing /home/nayara/Documentos/airflowalura/venv/lib/python3.9/site-packages/airflow/example_dags/example_trigger_target_dag.py took 3.962 seconds
[2022-10-27 22:17:34,641] {processor.py:153} INFO - Started process (PID=49225) to work on /home/nayara/Documentos/airflowalura/venv/lib/python3.9/site-packages/airflow/example_dags/example_trigger_target_dag.py
[2022-10-27 22:17:34,642] {processor.py:641} INFO - Processing file /home/nayara/Documentos/airflowalura/venv/lib/python3.9/site-packages/airflow/example_dags/example_trigger_target_dag.py for tasks to queue
[2022-10-27 22:17:34,643] {logging_mixin.py:115} INFO - [2022-10-27 22:17:34,643] {dagbag.py:507} INFO - Filling up the DagBag from /home/nayara/Documentos/airflowalura/venv/lib/python3.9/site-packages/airflow/example_dags/example_trigger_target_dag.py
[2022-10-27 22:17:34,663] {processor.py:651} INFO - DAG(s) dict_keys(['example_trigger_target_dag']) retrieved from /home/nayara/Documentos/airflowalura/venv/lib/python3.9/site-packages/airflow/example_dags/example_trigger_target_dag.py
[2022-10-27 22:17:34,684] {logging_mixin.py:115} INFO - [2022-10-27 22:17:34,684] {dag.py:2379} INFO - Sync 1 DAGs
[2022-10-27 22:17:34,704] {logging_mixin.py:115} INFO - [2022-10-27 22:17:34,704] {dag.py:2927} INFO - Setting next_dagrun for example_trigger_target_dag to None, run_after=None
[2022-10-27 22:17:34,956] {processor.py:161} INFO - Processing /home/nayara/Documentos/airflowalura/venv/lib/python3.9/site-packages/airflow/example_dags/example_trigger_target_dag.py took 0.318 seconds
[2022-10-27 22:18:26,299] {processor.py:153} INFO - Started process (PID=49339) to work on /home/nayara/Documentos/airflowalura/venv/lib/python3.9/site-packages/airflow/example_dags/example_trigger_target_dag.py
[2022-10-27 22:18:26,316] {processor.py:641} INFO - Processing file /home/nayara/Documentos/airflowalura/venv/lib/python3.9/site-packages/airflow/example_dags/example_trigger_target_dag.py for tasks to queue
[2022-10-27 22:18:26,318] {logging_mixin.py:115} INFO - [2022-10-27 22:18:26,318] {dagbag.py:507} INFO - Filling up the DagBag from /home/nayara/Documentos/airflowalura/venv/lib/python3.9/site-packages/airflow/example_dags/example_trigger_target_dag.py
[2022-10-27 22:18:26,351] {processor.py:651} INFO - DAG(s) dict_keys(['example_trigger_target_dag']) retrieved from /home/nayara/Documentos/airflowalura/venv/lib/python3.9/site-packages/airflow/example_dags/example_trigger_target_dag.py
[2022-10-27 22:18:26,382] {logging_mixin.py:115} INFO - [2022-10-27 22:18:26,382] {dag.py:2379} INFO - Sync 1 DAGs
[2022-10-27 22:18:26,405] {logging_mixin.py:115} INFO - [2022-10-27 22:18:26,405] {dag.py:2927} INFO - Setting next_dagrun for example_trigger_target_dag to None, run_after=None
[2022-10-27 22:18:26,696] {processor.py:161} INFO - Processing /home/nayara/Documentos/airflowalura/venv/lib/python3.9/site-packages/airflow/example_dags/example_trigger_target_dag.py took 0.409 seconds
[2022-10-27 22:19:16,636] {processor.py:153} INFO - Started process (PID=49578) to work on /home/nayara/Documentos/airflowalura/venv/lib/python3.9/site-packages/airflow/example_dags/example_trigger_target_dag.py
[2022-10-27 22:19:16,659] {processor.py:641} INFO - Processing file /home/nayara/Documentos/airflowalura/venv/lib/python3.9/site-packages/airflow/example_dags/example_trigger_target_dag.py for tasks to queue
[2022-10-27 22:19:16,659] {logging_mixin.py:115} INFO - [2022-10-27 22:19:16,659] {dagbag.py:507} INFO - Filling up the DagBag from /home/nayara/Documentos/airflowalura/venv/lib/python3.9/site-packages/airflow/example_dags/example_trigger_target_dag.py
[2022-10-27 22:19:16,682] {processor.py:651} INFO - DAG(s) dict_keys(['example_trigger_target_dag']) retrieved from /home/nayara/Documentos/airflowalura/venv/lib/python3.9/site-packages/airflow/example_dags/example_trigger_target_dag.py
[2022-10-27 22:19:16,706] {logging_mixin.py:115} INFO - [2022-10-27 22:19:16,706] {dag.py:2379} INFO - Sync 1 DAGs
[2022-10-27 22:19:16,727] {logging_mixin.py:115} INFO - [2022-10-27 22:19:16,727] {dag.py:2927} INFO - Setting next_dagrun for example_trigger_target_dag to None, run_after=None
[2022-10-27 22:19:17,458] {processor.py:161} INFO - Processing /home/nayara/Documentos/airflowalura/venv/lib/python3.9/site-packages/airflow/example_dags/example_trigger_target_dag.py took 0.825 seconds
[2022-10-27 22:20:02,370] {processor.py:153} INFO - Started process (PID=49767) to work on /home/nayara/Documentos/airflowalura/venv/lib/python3.9/site-packages/airflow/example_dags/example_trigger_target_dag.py
[2022-10-27 22:20:02,382] {processor.py:641} INFO - Processing file /home/nayara/Documentos/airflowalura/venv/lib/python3.9/site-packages/airflow/example_dags/example_trigger_target_dag.py for tasks to queue
[2022-10-27 22:20:02,383] {logging_mixin.py:115} INFO - [2022-10-27 22:20:02,383] {dagbag.py:507} INFO - Filling up the DagBag from /home/nayara/Documentos/airflowalura/venv/lib/python3.9/site-packages/airflow/example_dags/example_trigger_target_dag.py
[2022-10-27 22:20:02,405] {processor.py:651} INFO - DAG(s) dict_keys(['example_trigger_target_dag']) retrieved from /home/nayara/Documentos/airflowalura/venv/lib/python3.9/site-packages/airflow/example_dags/example_trigger_target_dag.py
[2022-10-27 22:20:02,428] {logging_mixin.py:115} INFO - [2022-10-27 22:20:02,428] {dag.py:2379} INFO - Sync 1 DAGs
[2022-10-27 22:20:02,451] {logging_mixin.py:115} INFO - [2022-10-27 22:20:02,450] {dag.py:2927} INFO - Setting next_dagrun for example_trigger_target_dag to None, run_after=None
[2022-10-27 22:20:02,847] {processor.py:161} INFO - Processing /home/nayara/Documentos/airflowalura/venv/lib/python3.9/site-packages/airflow/example_dags/example_trigger_target_dag.py took 0.482 seconds
[2022-10-27 22:20:54,748] {processor.py:153} INFO - Started process (PID=49921) to work on /home/nayara/Documentos/airflowalura/venv/lib/python3.9/site-packages/airflow/example_dags/example_trigger_target_dag.py
[2022-10-27 22:20:54,791] {processor.py:641} INFO - Processing file /home/nayara/Documentos/airflowalura/venv/lib/python3.9/site-packages/airflow/example_dags/example_trigger_target_dag.py for tasks to queue
[2022-10-27 22:20:54,793] {logging_mixin.py:115} INFO - [2022-10-27 22:20:54,793] {dagbag.py:507} INFO - Filling up the DagBag from /home/nayara/Documentos/airflowalura/venv/lib/python3.9/site-packages/airflow/example_dags/example_trigger_target_dag.py
[2022-10-27 22:20:54,852] {processor.py:651} INFO - DAG(s) dict_keys(['example_trigger_target_dag']) retrieved from /home/nayara/Documentos/airflowalura/venv/lib/python3.9/site-packages/airflow/example_dags/example_trigger_target_dag.py
[2022-10-27 22:20:54,887] {logging_mixin.py:115} INFO - [2022-10-27 22:20:54,887] {dag.py:2379} INFO - Sync 1 DAGs
[2022-10-27 22:20:54,917] {logging_mixin.py:115} INFO - [2022-10-27 22:20:54,916] {dag.py:2927} INFO - Setting next_dagrun for example_trigger_target_dag to None, run_after=None
[2022-10-27 22:20:55,175] {processor.py:161} INFO - Processing /home/nayara/Documentos/airflowalura/venv/lib/python3.9/site-packages/airflow/example_dags/example_trigger_target_dag.py took 0.431 seconds
[2022-10-27 22:21:35,477] {processor.py:153} INFO - Started process (PID=50011) to work on /home/nayara/Documentos/airflowalura/venv/lib/python3.9/site-packages/airflow/example_dags/example_trigger_target_dag.py
[2022-10-27 22:21:35,499] {processor.py:641} INFO - Processing file /home/nayara/Documentos/airflowalura/venv/lib/python3.9/site-packages/airflow/example_dags/example_trigger_target_dag.py for tasks to queue
[2022-10-27 22:21:35,501] {logging_mixin.py:115} INFO - [2022-10-27 22:21:35,500] {dagbag.py:507} INFO - Filling up the DagBag from /home/nayara/Documentos/airflowalura/venv/lib/python3.9/site-packages/airflow/example_dags/example_trigger_target_dag.py
[2022-10-27 22:21:35,525] {processor.py:651} INFO - DAG(s) dict_keys(['example_trigger_target_dag']) retrieved from /home/nayara/Documentos/airflowalura/venv/lib/python3.9/site-packages/airflow/example_dags/example_trigger_target_dag.py
[2022-10-27 22:21:35,552] {logging_mixin.py:115} INFO - [2022-10-27 22:21:35,552] {dag.py:2379} INFO - Sync 1 DAGs
[2022-10-27 22:21:35,578] {logging_mixin.py:115} INFO - [2022-10-27 22:21:35,578] {dag.py:2927} INFO - Setting next_dagrun for example_trigger_target_dag to None, run_after=None
[2022-10-27 22:21:35,844] {processor.py:161} INFO - Processing /home/nayara/Documentos/airflowalura/venv/lib/python3.9/site-packages/airflow/example_dags/example_trigger_target_dag.py took 0.379 seconds
[2022-10-27 22:22:16,924] {processor.py:153} INFO - Started process (PID=50108) to work on /home/nayara/Documentos/airflowalura/venv/lib/python3.9/site-packages/airflow/example_dags/example_trigger_target_dag.py
[2022-10-27 22:22:16,942] {processor.py:641} INFO - Processing file /home/nayara/Documentos/airflowalura/venv/lib/python3.9/site-packages/airflow/example_dags/example_trigger_target_dag.py for tasks to queue
[2022-10-27 22:22:16,946] {logging_mixin.py:115} INFO - [2022-10-27 22:22:16,946] {dagbag.py:507} INFO - Filling up the DagBag from /home/nayara/Documentos/airflowalura/venv/lib/python3.9/site-packages/airflow/example_dags/example_trigger_target_dag.py
[2022-10-27 22:22:17,013] {processor.py:651} INFO - DAG(s) dict_keys(['example_trigger_target_dag']) retrieved from /home/nayara/Documentos/airflowalura/venv/lib/python3.9/site-packages/airflow/example_dags/example_trigger_target_dag.py
[2022-10-27 22:22:17,041] {logging_mixin.py:115} INFO - [2022-10-27 22:22:17,041] {dag.py:2379} INFO - Sync 1 DAGs
[2022-10-27 22:22:17,068] {logging_mixin.py:115} INFO - [2022-10-27 22:22:17,068] {dag.py:2927} INFO - Setting next_dagrun for example_trigger_target_dag to None, run_after=None
[2022-10-27 22:22:17,309] {processor.py:161} INFO - Processing /home/nayara/Documentos/airflowalura/venv/lib/python3.9/site-packages/airflow/example_dags/example_trigger_target_dag.py took 0.401 seconds
[2022-10-27 22:22:59,394] {processor.py:153} INFO - Started process (PID=50206) to work on /home/nayara/Documentos/airflowalura/venv/lib/python3.9/site-packages/airflow/example_dags/example_trigger_target_dag.py
[2022-10-27 22:22:59,410] {processor.py:641} INFO - Processing file /home/nayara/Documentos/airflowalura/venv/lib/python3.9/site-packages/airflow/example_dags/example_trigger_target_dag.py for tasks to queue
[2022-10-27 22:22:59,413] {logging_mixin.py:115} INFO - [2022-10-27 22:22:59,412] {dagbag.py:507} INFO - Filling up the DagBag from /home/nayara/Documentos/airflowalura/venv/lib/python3.9/site-packages/airflow/example_dags/example_trigger_target_dag.py
[2022-10-27 22:22:59,445] {processor.py:651} INFO - DAG(s) dict_keys(['example_trigger_target_dag']) retrieved from /home/nayara/Documentos/airflowalura/venv/lib/python3.9/site-packages/airflow/example_dags/example_trigger_target_dag.py
[2022-10-27 22:22:59,478] {logging_mixin.py:115} INFO - [2022-10-27 22:22:59,478] {dag.py:2379} INFO - Sync 1 DAGs
[2022-10-27 22:22:59,506] {logging_mixin.py:115} INFO - [2022-10-27 22:22:59,505] {dag.py:2927} INFO - Setting next_dagrun for example_trigger_target_dag to None, run_after=None
[2022-10-27 22:22:59,767] {processor.py:161} INFO - Processing /home/nayara/Documentos/airflowalura/venv/lib/python3.9/site-packages/airflow/example_dags/example_trigger_target_dag.py took 0.378 seconds
[2022-10-27 22:23:38,880] {processor.py:153} INFO - Started process (PID=50297) to work on /home/nayara/Documentos/airflowalura/venv/lib/python3.9/site-packages/airflow/example_dags/example_trigger_target_dag.py
[2022-10-27 22:23:38,882] {processor.py:641} INFO - Processing file /home/nayara/Documentos/airflowalura/venv/lib/python3.9/site-packages/airflow/example_dags/example_trigger_target_dag.py for tasks to queue
[2022-10-27 22:23:38,885] {logging_mixin.py:115} INFO - [2022-10-27 22:23:38,884] {dagbag.py:507} INFO - Filling up the DagBag from /home/nayara/Documentos/airflowalura/venv/lib/python3.9/site-packages/airflow/example_dags/example_trigger_target_dag.py
[2022-10-27 22:23:38,924] {processor.py:651} INFO - DAG(s) dict_keys(['example_trigger_target_dag']) retrieved from /home/nayara/Documentos/airflowalura/venv/lib/python3.9/site-packages/airflow/example_dags/example_trigger_target_dag.py
[2022-10-27 22:23:38,949] {logging_mixin.py:115} INFO - [2022-10-27 22:23:38,949] {dag.py:2379} INFO - Sync 1 DAGs
[2022-10-27 22:23:38,971] {logging_mixin.py:115} INFO - [2022-10-27 22:23:38,970] {dag.py:2927} INFO - Setting next_dagrun for example_trigger_target_dag to None, run_after=None
[2022-10-27 22:23:39,187] {processor.py:161} INFO - Processing /home/nayara/Documentos/airflowalura/venv/lib/python3.9/site-packages/airflow/example_dags/example_trigger_target_dag.py took 0.321 seconds
[2022-10-27 22:24:26,361] {processor.py:153} INFO - Started process (PID=50414) to work on /home/nayara/Documentos/airflowalura/venv/lib/python3.9/site-packages/airflow/example_dags/example_trigger_target_dag.py
[2022-10-27 22:24:26,383] {processor.py:641} INFO - Processing file /home/nayara/Documentos/airflowalura/venv/lib/python3.9/site-packages/airflow/example_dags/example_trigger_target_dag.py for tasks to queue
[2022-10-27 22:24:26,384] {logging_mixin.py:115} INFO - [2022-10-27 22:24:26,383] {dagbag.py:507} INFO - Filling up the DagBag from /home/nayara/Documentos/airflowalura/venv/lib/python3.9/site-packages/airflow/example_dags/example_trigger_target_dag.py
[2022-10-27 22:24:26,422] {processor.py:651} INFO - DAG(s) dict_keys(['example_trigger_target_dag']) retrieved from /home/nayara/Documentos/airflowalura/venv/lib/python3.9/site-packages/airflow/example_dags/example_trigger_target_dag.py
[2022-10-27 22:24:26,816] {logging_mixin.py:115} INFO - [2022-10-27 22:24:26,816] {dag.py:2379} INFO - Sync 1 DAGs
[2022-10-27 22:24:26,865] {logging_mixin.py:115} INFO - [2022-10-27 22:24:26,865] {dag.py:2927} INFO - Setting next_dagrun for example_trigger_target_dag to None, run_after=None
[2022-10-27 22:24:27,415] {processor.py:161} INFO - Processing /home/nayara/Documentos/airflowalura/venv/lib/python3.9/site-packages/airflow/example_dags/example_trigger_target_dag.py took 1.072 seconds
[2022-10-27 22:25:14,902] {processor.py:153} INFO - Started process (PID=50515) to work on /home/nayara/Documentos/airflowalura/venv/lib/python3.9/site-packages/airflow/example_dags/example_trigger_target_dag.py
[2022-10-27 22:25:14,905] {processor.py:641} INFO - Processing file /home/nayara/Documentos/airflowalura/venv/lib/python3.9/site-packages/airflow/example_dags/example_trigger_target_dag.py for tasks to queue
[2022-10-27 22:25:14,908] {logging_mixin.py:115} INFO - [2022-10-27 22:25:14,908] {dagbag.py:507} INFO - Filling up the DagBag from /home/nayara/Documentos/airflowalura/venv/lib/python3.9/site-packages/airflow/example_dags/example_trigger_target_dag.py
[2022-10-27 22:25:14,940] {processor.py:651} INFO - DAG(s) dict_keys(['example_trigger_target_dag']) retrieved from /home/nayara/Documentos/airflowalura/venv/lib/python3.9/site-packages/airflow/example_dags/example_trigger_target_dag.py
[2022-10-27 22:25:14,971] {logging_mixin.py:115} INFO - [2022-10-27 22:25:14,971] {dag.py:2379} INFO - Sync 1 DAGs
[2022-10-27 22:25:15,002] {logging_mixin.py:115} INFO - [2022-10-27 22:25:15,002] {dag.py:2927} INFO - Setting next_dagrun for example_trigger_target_dag to None, run_after=None
[2022-10-27 22:25:15,219] {processor.py:161} INFO - Processing /home/nayara/Documentos/airflowalura/venv/lib/python3.9/site-packages/airflow/example_dags/example_trigger_target_dag.py took 0.336 seconds
[2022-10-27 22:26:20,506] {processor.py:153} INFO - Started process (PID=50644) to work on /home/nayara/Documentos/airflowalura/venv/lib/python3.9/site-packages/airflow/example_dags/example_trigger_target_dag.py
[2022-10-27 22:26:20,507] {processor.py:641} INFO - Processing file /home/nayara/Documentos/airflowalura/venv/lib/python3.9/site-packages/airflow/example_dags/example_trigger_target_dag.py for tasks to queue
[2022-10-27 22:26:20,508] {logging_mixin.py:115} INFO - [2022-10-27 22:26:20,508] {dagbag.py:507} INFO - Filling up the DagBag from /home/nayara/Documentos/airflowalura/venv/lib/python3.9/site-packages/airflow/example_dags/example_trigger_target_dag.py
[2022-10-27 22:26:20,550] {processor.py:651} INFO - DAG(s) dict_keys(['example_trigger_target_dag']) retrieved from /home/nayara/Documentos/airflowalura/venv/lib/python3.9/site-packages/airflow/example_dags/example_trigger_target_dag.py
[2022-10-27 22:26:20,588] {logging_mixin.py:115} INFO - [2022-10-27 22:26:20,588] {dag.py:2379} INFO - Sync 1 DAGs
[2022-10-27 22:26:20,613] {logging_mixin.py:115} INFO - [2022-10-27 22:26:20,612] {dag.py:2927} INFO - Setting next_dagrun for example_trigger_target_dag to None, run_after=None
[2022-10-27 22:26:20,835] {processor.py:161} INFO - Processing /home/nayara/Documentos/airflowalura/venv/lib/python3.9/site-packages/airflow/example_dags/example_trigger_target_dag.py took 0.337 seconds
[2022-10-27 22:27:10,457] {processor.py:153} INFO - Started process (PID=50768) to work on /home/nayara/Documentos/airflowalura/venv/lib/python3.9/site-packages/airflow/example_dags/example_trigger_target_dag.py
[2022-10-27 22:27:10,459] {processor.py:641} INFO - Processing file /home/nayara/Documentos/airflowalura/venv/lib/python3.9/site-packages/airflow/example_dags/example_trigger_target_dag.py for tasks to queue
[2022-10-27 22:27:10,461] {logging_mixin.py:115} INFO - [2022-10-27 22:27:10,461] {dagbag.py:507} INFO - Filling up the DagBag from /home/nayara/Documentos/airflowalura/venv/lib/python3.9/site-packages/airflow/example_dags/example_trigger_target_dag.py
[2022-10-27 22:27:10,489] {processor.py:651} INFO - DAG(s) dict_keys(['example_trigger_target_dag']) retrieved from /home/nayara/Documentos/airflowalura/venv/lib/python3.9/site-packages/airflow/example_dags/example_trigger_target_dag.py
[2022-10-27 22:27:10,516] {logging_mixin.py:115} INFO - [2022-10-27 22:27:10,516] {dag.py:2379} INFO - Sync 1 DAGs
[2022-10-27 22:27:10,548] {logging_mixin.py:115} INFO - [2022-10-27 22:27:10,548] {dag.py:2927} INFO - Setting next_dagrun for example_trigger_target_dag to None, run_after=None
[2022-10-27 22:27:10,843] {processor.py:161} INFO - Processing /home/nayara/Documentos/airflowalura/venv/lib/python3.9/site-packages/airflow/example_dags/example_trigger_target_dag.py took 0.392 seconds
[2022-10-27 22:27:53,227] {processor.py:153} INFO - Started process (PID=50930) to work on /home/nayara/Documentos/airflowalura/venv/lib/python3.9/site-packages/airflow/example_dags/example_trigger_target_dag.py
[2022-10-27 22:27:53,243] {processor.py:641} INFO - Processing file /home/nayara/Documentos/airflowalura/venv/lib/python3.9/site-packages/airflow/example_dags/example_trigger_target_dag.py for tasks to queue
[2022-10-27 22:27:53,247] {logging_mixin.py:115} INFO - [2022-10-27 22:27:53,246] {dagbag.py:507} INFO - Filling up the DagBag from /home/nayara/Documentos/airflowalura/venv/lib/python3.9/site-packages/airflow/example_dags/example_trigger_target_dag.py
[2022-10-27 22:27:53,322] {processor.py:651} INFO - DAG(s) dict_keys(['example_trigger_target_dag']) retrieved from /home/nayara/Documentos/airflowalura/venv/lib/python3.9/site-packages/airflow/example_dags/example_trigger_target_dag.py
[2022-10-27 22:27:53,349] {logging_mixin.py:115} INFO - [2022-10-27 22:27:53,349] {dag.py:2379} INFO - Sync 1 DAGs
[2022-10-27 22:27:53,378] {logging_mixin.py:115} INFO - [2022-10-27 22:27:53,378] {dag.py:2927} INFO - Setting next_dagrun for example_trigger_target_dag to None, run_after=None
[2022-10-27 22:27:54,072] {processor.py:161} INFO - Processing /home/nayara/Documentos/airflowalura/venv/lib/python3.9/site-packages/airflow/example_dags/example_trigger_target_dag.py took 0.868 seconds
[2022-10-27 22:28:44,990] {processor.py:153} INFO - Started process (PID=51051) to work on /home/nayara/Documentos/airflowalura/venv/lib/python3.9/site-packages/airflow/example_dags/example_trigger_target_dag.py
[2022-10-27 22:28:44,993] {processor.py:641} INFO - Processing file /home/nayara/Documentos/airflowalura/venv/lib/python3.9/site-packages/airflow/example_dags/example_trigger_target_dag.py for tasks to queue
[2022-10-27 22:28:44,995] {logging_mixin.py:115} INFO - [2022-10-27 22:28:44,994] {dagbag.py:507} INFO - Filling up the DagBag from /home/nayara/Documentos/airflowalura/venv/lib/python3.9/site-packages/airflow/example_dags/example_trigger_target_dag.py
[2022-10-27 22:28:45,031] {processor.py:651} INFO - DAG(s) dict_keys(['example_trigger_target_dag']) retrieved from /home/nayara/Documentos/airflowalura/venv/lib/python3.9/site-packages/airflow/example_dags/example_trigger_target_dag.py
[2022-10-27 22:28:45,057] {logging_mixin.py:115} INFO - [2022-10-27 22:28:45,057] {dag.py:2379} INFO - Sync 1 DAGs
[2022-10-27 22:28:45,085] {logging_mixin.py:115} INFO - [2022-10-27 22:28:45,085] {dag.py:2927} INFO - Setting next_dagrun for example_trigger_target_dag to None, run_after=None
[2022-10-27 22:28:45,278] {processor.py:161} INFO - Processing /home/nayara/Documentos/airflowalura/venv/lib/python3.9/site-packages/airflow/example_dags/example_trigger_target_dag.py took 0.308 seconds
[2022-10-27 22:29:34,283] {processor.py:153} INFO - Started process (PID=51165) to work on /home/nayara/Documentos/airflowalura/venv/lib/python3.9/site-packages/airflow/example_dags/example_trigger_target_dag.py
[2022-10-27 22:29:34,285] {processor.py:641} INFO - Processing file /home/nayara/Documentos/airflowalura/venv/lib/python3.9/site-packages/airflow/example_dags/example_trigger_target_dag.py for tasks to queue
[2022-10-27 22:29:34,286] {logging_mixin.py:115} INFO - [2022-10-27 22:29:34,286] {dagbag.py:507} INFO - Filling up the DagBag from /home/nayara/Documentos/airflowalura/venv/lib/python3.9/site-packages/airflow/example_dags/example_trigger_target_dag.py
[2022-10-27 22:29:34,312] {processor.py:651} INFO - DAG(s) dict_keys(['example_trigger_target_dag']) retrieved from /home/nayara/Documentos/airflowalura/venv/lib/python3.9/site-packages/airflow/example_dags/example_trigger_target_dag.py
[2022-10-27 22:29:34,331] {logging_mixin.py:115} INFO - [2022-10-27 22:29:34,331] {dag.py:2379} INFO - Sync 1 DAGs
[2022-10-27 22:29:34,352] {logging_mixin.py:115} INFO - [2022-10-27 22:29:34,352] {dag.py:2927} INFO - Setting next_dagrun for example_trigger_target_dag to None, run_after=None
[2022-10-27 22:29:34,582] {processor.py:161} INFO - Processing /home/nayara/Documentos/airflowalura/venv/lib/python3.9/site-packages/airflow/example_dags/example_trigger_target_dag.py took 0.311 seconds
[2022-10-27 22:30:18,837] {processor.py:153} INFO - Started process (PID=51243) to work on /home/nayara/Documentos/airflowalura/venv/lib/python3.9/site-packages/airflow/example_dags/example_trigger_target_dag.py
[2022-10-27 22:30:18,850] {processor.py:641} INFO - Processing file /home/nayara/Documentos/airflowalura/venv/lib/python3.9/site-packages/airflow/example_dags/example_trigger_target_dag.py for tasks to queue
[2022-10-27 22:30:18,851] {logging_mixin.py:115} INFO - [2022-10-27 22:30:18,851] {dagbag.py:507} INFO - Filling up the DagBag from /home/nayara/Documentos/airflowalura/venv/lib/python3.9/site-packages/airflow/example_dags/example_trigger_target_dag.py
[2022-10-27 22:30:18,880] {processor.py:651} INFO - DAG(s) dict_keys(['example_trigger_target_dag']) retrieved from /home/nayara/Documentos/airflowalura/venv/lib/python3.9/site-packages/airflow/example_dags/example_trigger_target_dag.py
[2022-10-27 22:30:18,898] {logging_mixin.py:115} INFO - [2022-10-27 22:30:18,898] {dag.py:2379} INFO - Sync 1 DAGs
[2022-10-27 22:30:18,919] {logging_mixin.py:115} INFO - [2022-10-27 22:30:18,919] {dag.py:2927} INFO - Setting next_dagrun for example_trigger_target_dag to None, run_after=None
[2022-10-27 22:30:19,130] {processor.py:161} INFO - Processing /home/nayara/Documentos/airflowalura/venv/lib/python3.9/site-packages/airflow/example_dags/example_trigger_target_dag.py took 0.303 seconds
[2022-10-27 22:30:57,548] {processor.py:153} INFO - Started process (PID=51311) to work on /home/nayara/Documentos/airflowalura/venv/lib/python3.9/site-packages/airflow/example_dags/example_trigger_target_dag.py
[2022-10-27 22:30:57,593] {processor.py:641} INFO - Processing file /home/nayara/Documentos/airflowalura/venv/lib/python3.9/site-packages/airflow/example_dags/example_trigger_target_dag.py for tasks to queue
[2022-10-27 22:30:57,596] {logging_mixin.py:115} INFO - [2022-10-27 22:30:57,595] {dagbag.py:507} INFO - Filling up the DagBag from /home/nayara/Documentos/airflowalura/venv/lib/python3.9/site-packages/airflow/example_dags/example_trigger_target_dag.py
[2022-10-27 22:30:57,642] {processor.py:651} INFO - DAG(s) dict_keys(['example_trigger_target_dag']) retrieved from /home/nayara/Documentos/airflowalura/venv/lib/python3.9/site-packages/airflow/example_dags/example_trigger_target_dag.py
[2022-10-27 22:30:57,661] {logging_mixin.py:115} INFO - [2022-10-27 22:30:57,661] {dag.py:2379} INFO - Sync 1 DAGs
[2022-10-27 22:30:57,681] {logging_mixin.py:115} INFO - [2022-10-27 22:30:57,681] {dag.py:2927} INFO - Setting next_dagrun for example_trigger_target_dag to None, run_after=None
[2022-10-27 22:30:58,089] {processor.py:161} INFO - Processing /home/nayara/Documentos/airflowalura/venv/lib/python3.9/site-packages/airflow/example_dags/example_trigger_target_dag.py took 0.545 seconds
[2022-10-27 22:31:40,463] {processor.py:153} INFO - Started process (PID=51412) to work on /home/nayara/Documentos/airflowalura/venv/lib/python3.9/site-packages/airflow/example_dags/example_trigger_target_dag.py
[2022-10-27 22:31:40,478] {processor.py:641} INFO - Processing file /home/nayara/Documentos/airflowalura/venv/lib/python3.9/site-packages/airflow/example_dags/example_trigger_target_dag.py for tasks to queue
[2022-10-27 22:31:40,479] {logging_mixin.py:115} INFO - [2022-10-27 22:31:40,479] {dagbag.py:507} INFO - Filling up the DagBag from /home/nayara/Documentos/airflowalura/venv/lib/python3.9/site-packages/airflow/example_dags/example_trigger_target_dag.py
[2022-10-27 22:31:40,511] {processor.py:651} INFO - DAG(s) dict_keys(['example_trigger_target_dag']) retrieved from /home/nayara/Documentos/airflowalura/venv/lib/python3.9/site-packages/airflow/example_dags/example_trigger_target_dag.py
[2022-10-27 22:31:40,531] {logging_mixin.py:115} INFO - [2022-10-27 22:31:40,531] {dag.py:2379} INFO - Sync 1 DAGs
[2022-10-27 22:31:40,558] {logging_mixin.py:115} INFO - [2022-10-27 22:31:40,558] {dag.py:2927} INFO - Setting next_dagrun for example_trigger_target_dag to None, run_after=None
[2022-10-27 22:31:40,792] {processor.py:161} INFO - Processing /home/nayara/Documentos/airflowalura/venv/lib/python3.9/site-packages/airflow/example_dags/example_trigger_target_dag.py took 0.333 seconds
[2022-10-27 22:32:31,986] {processor.py:153} INFO - Started process (PID=51524) to work on /home/nayara/Documentos/airflowalura/venv/lib/python3.9/site-packages/airflow/example_dags/example_trigger_target_dag.py
[2022-10-27 22:32:32,000] {processor.py:641} INFO - Processing file /home/nayara/Documentos/airflowalura/venv/lib/python3.9/site-packages/airflow/example_dags/example_trigger_target_dag.py for tasks to queue
[2022-10-27 22:32:32,004] {logging_mixin.py:115} INFO - [2022-10-27 22:32:32,003] {dagbag.py:507} INFO - Filling up the DagBag from /home/nayara/Documentos/airflowalura/venv/lib/python3.9/site-packages/airflow/example_dags/example_trigger_target_dag.py
[2022-10-27 22:32:32,071] {processor.py:651} INFO - DAG(s) dict_keys(['example_trigger_target_dag']) retrieved from /home/nayara/Documentos/airflowalura/venv/lib/python3.9/site-packages/airflow/example_dags/example_trigger_target_dag.py
[2022-10-27 22:32:32,094] {logging_mixin.py:115} INFO - [2022-10-27 22:32:32,094] {dag.py:2379} INFO - Sync 1 DAGs
[2022-10-27 22:32:32,119] {logging_mixin.py:115} INFO - [2022-10-27 22:32:32,119] {dag.py:2927} INFO - Setting next_dagrun for example_trigger_target_dag to None, run_after=None
[2022-10-27 22:32:32,340] {processor.py:161} INFO - Processing /home/nayara/Documentos/airflowalura/venv/lib/python3.9/site-packages/airflow/example_dags/example_trigger_target_dag.py took 0.372 seconds
[2022-10-27 22:33:18,553] {processor.py:153} INFO - Started process (PID=51632) to work on /home/nayara/Documentos/airflowalura/venv/lib/python3.9/site-packages/airflow/example_dags/example_trigger_target_dag.py
[2022-10-27 22:33:18,562] {processor.py:641} INFO - Processing file /home/nayara/Documentos/airflowalura/venv/lib/python3.9/site-packages/airflow/example_dags/example_trigger_target_dag.py for tasks to queue
[2022-10-27 22:33:18,562] {logging_mixin.py:115} INFO - [2022-10-27 22:33:18,562] {dagbag.py:507} INFO - Filling up the DagBag from /home/nayara/Documentos/airflowalura/venv/lib/python3.9/site-packages/airflow/example_dags/example_trigger_target_dag.py
[2022-10-27 22:33:18,587] {processor.py:651} INFO - DAG(s) dict_keys(['example_trigger_target_dag']) retrieved from /home/nayara/Documentos/airflowalura/venv/lib/python3.9/site-packages/airflow/example_dags/example_trigger_target_dag.py
[2022-10-27 22:33:18,604] {logging_mixin.py:115} INFO - [2022-10-27 22:33:18,604] {dag.py:2379} INFO - Sync 1 DAGs
[2022-10-27 22:33:18,625] {logging_mixin.py:115} INFO - [2022-10-27 22:33:18,625] {dag.py:2927} INFO - Setting next_dagrun for example_trigger_target_dag to None, run_after=None
[2022-10-27 22:33:18,901] {processor.py:161} INFO - Processing /home/nayara/Documentos/airflowalura/venv/lib/python3.9/site-packages/airflow/example_dags/example_trigger_target_dag.py took 0.352 seconds
[2022-10-27 22:34:00,093] {processor.py:153} INFO - Started process (PID=51709) to work on /home/nayara/Documentos/airflowalura/venv/lib/python3.9/site-packages/airflow/example_dags/example_trigger_target_dag.py
[2022-10-27 22:34:00,095] {processor.py:641} INFO - Processing file /home/nayara/Documentos/airflowalura/venv/lib/python3.9/site-packages/airflow/example_dags/example_trigger_target_dag.py for tasks to queue
[2022-10-27 22:34:00,097] {logging_mixin.py:115} INFO - [2022-10-27 22:34:00,097] {dagbag.py:507} INFO - Filling up the DagBag from /home/nayara/Documentos/airflowalura/venv/lib/python3.9/site-packages/airflow/example_dags/example_trigger_target_dag.py
[2022-10-27 22:34:00,145] {processor.py:651} INFO - DAG(s) dict_keys(['example_trigger_target_dag']) retrieved from /home/nayara/Documentos/airflowalura/venv/lib/python3.9/site-packages/airflow/example_dags/example_trigger_target_dag.py
[2022-10-27 22:34:00,172] {logging_mixin.py:115} INFO - [2022-10-27 22:34:00,171] {dag.py:2379} INFO - Sync 1 DAGs
[2022-10-27 22:34:00,196] {logging_mixin.py:115} INFO - [2022-10-27 22:34:00,196] {dag.py:2927} INFO - Setting next_dagrun for example_trigger_target_dag to None, run_after=None
[2022-10-27 22:34:00,395] {processor.py:161} INFO - Processing /home/nayara/Documentos/airflowalura/venv/lib/python3.9/site-packages/airflow/example_dags/example_trigger_target_dag.py took 0.310 seconds
[2022-10-27 22:34:48,742] {processor.py:153} INFO - Started process (PID=51790) to work on /home/nayara/Documentos/airflowalura/venv/lib/python3.9/site-packages/airflow/example_dags/example_trigger_target_dag.py
[2022-10-27 22:34:48,744] {processor.py:641} INFO - Processing file /home/nayara/Documentos/airflowalura/venv/lib/python3.9/site-packages/airflow/example_dags/example_trigger_target_dag.py for tasks to queue
[2022-10-27 22:34:48,745] {logging_mixin.py:115} INFO - [2022-10-27 22:34:48,745] {dagbag.py:507} INFO - Filling up the DagBag from /home/nayara/Documentos/airflowalura/venv/lib/python3.9/site-packages/airflow/example_dags/example_trigger_target_dag.py
[2022-10-27 22:34:48,771] {processor.py:651} INFO - DAG(s) dict_keys(['example_trigger_target_dag']) retrieved from /home/nayara/Documentos/airflowalura/venv/lib/python3.9/site-packages/airflow/example_dags/example_trigger_target_dag.py
[2022-10-27 22:34:48,789] {logging_mixin.py:115} INFO - [2022-10-27 22:34:48,789] {dag.py:2379} INFO - Sync 1 DAGs
[2022-10-27 22:34:48,810] {logging_mixin.py:115} INFO - [2022-10-27 22:34:48,809] {dag.py:2927} INFO - Setting next_dagrun for example_trigger_target_dag to None, run_after=None
[2022-10-27 22:34:48,994] {processor.py:161} INFO - Processing /home/nayara/Documentos/airflowalura/venv/lib/python3.9/site-packages/airflow/example_dags/example_trigger_target_dag.py took 0.264 seconds
[2022-10-27 22:35:26,179] {processor.py:153} INFO - Started process (PID=51852) to work on /home/nayara/Documentos/airflowalura/venv/lib/python3.9/site-packages/airflow/example_dags/example_trigger_target_dag.py
[2022-10-27 22:35:26,235] {processor.py:641} INFO - Processing file /home/nayara/Documentos/airflowalura/venv/lib/python3.9/site-packages/airflow/example_dags/example_trigger_target_dag.py for tasks to queue
[2022-10-27 22:35:26,237] {logging_mixin.py:115} INFO - [2022-10-27 22:35:26,237] {dagbag.py:507} INFO - Filling up the DagBag from /home/nayara/Documentos/airflowalura/venv/lib/python3.9/site-packages/airflow/example_dags/example_trigger_target_dag.py
[2022-10-27 22:35:26,286] {processor.py:651} INFO - DAG(s) dict_keys(['example_trigger_target_dag']) retrieved from /home/nayara/Documentos/airflowalura/venv/lib/python3.9/site-packages/airflow/example_dags/example_trigger_target_dag.py
[2022-10-27 22:35:26,303] {logging_mixin.py:115} INFO - [2022-10-27 22:35:26,303] {dag.py:2379} INFO - Sync 1 DAGs
[2022-10-27 22:35:26,323] {logging_mixin.py:115} INFO - [2022-10-27 22:35:26,323] {dag.py:2927} INFO - Setting next_dagrun for example_trigger_target_dag to None, run_after=None
[2022-10-27 22:35:26,531] {processor.py:161} INFO - Processing /home/nayara/Documentos/airflowalura/venv/lib/python3.9/site-packages/airflow/example_dags/example_trigger_target_dag.py took 0.360 seconds
[2022-10-27 22:36:04,384] {processor.py:153} INFO - Started process (PID=51929) to work on /home/nayara/Documentos/airflowalura/venv/lib/python3.9/site-packages/airflow/example_dags/example_trigger_target_dag.py
[2022-10-27 22:36:04,386] {processor.py:641} INFO - Processing file /home/nayara/Documentos/airflowalura/venv/lib/python3.9/site-packages/airflow/example_dags/example_trigger_target_dag.py for tasks to queue
[2022-10-27 22:36:04,389] {logging_mixin.py:115} INFO - [2022-10-27 22:36:04,388] {dagbag.py:507} INFO - Filling up the DagBag from /home/nayara/Documentos/airflowalura/venv/lib/python3.9/site-packages/airflow/example_dags/example_trigger_target_dag.py
[2022-10-27 22:36:04,442] {processor.py:651} INFO - DAG(s) dict_keys(['example_trigger_target_dag']) retrieved from /home/nayara/Documentos/airflowalura/venv/lib/python3.9/site-packages/airflow/example_dags/example_trigger_target_dag.py
[2022-10-27 22:36:04,465] {logging_mixin.py:115} INFO - [2022-10-27 22:36:04,465] {dag.py:2379} INFO - Sync 1 DAGs
[2022-10-27 22:36:04,494] {logging_mixin.py:115} INFO - [2022-10-27 22:36:04,494] {dag.py:2927} INFO - Setting next_dagrun for example_trigger_target_dag to None, run_after=None
[2022-10-27 22:36:04,708] {processor.py:161} INFO - Processing /home/nayara/Documentos/airflowalura/venv/lib/python3.9/site-packages/airflow/example_dags/example_trigger_target_dag.py took 0.333 seconds
[2022-10-27 22:36:55,738] {processor.py:153} INFO - Started process (PID=52115) to work on /home/nayara/Documentos/airflowalura/venv/lib/python3.9/site-packages/airflow/example_dags/example_trigger_target_dag.py
[2022-10-27 22:36:55,739] {processor.py:641} INFO - Processing file /home/nayara/Documentos/airflowalura/venv/lib/python3.9/site-packages/airflow/example_dags/example_trigger_target_dag.py for tasks to queue
[2022-10-27 22:36:55,741] {logging_mixin.py:115} INFO - [2022-10-27 22:36:55,741] {dagbag.py:507} INFO - Filling up the DagBag from /home/nayara/Documentos/airflowalura/venv/lib/python3.9/site-packages/airflow/example_dags/example_trigger_target_dag.py
[2022-10-27 22:36:55,785] {processor.py:651} INFO - DAG(s) dict_keys(['example_trigger_target_dag']) retrieved from /home/nayara/Documentos/airflowalura/venv/lib/python3.9/site-packages/airflow/example_dags/example_trigger_target_dag.py
[2022-10-27 22:36:55,804] {logging_mixin.py:115} INFO - [2022-10-27 22:36:55,804] {dag.py:2379} INFO - Sync 1 DAGs
[2022-10-27 22:36:55,830] {logging_mixin.py:115} INFO - [2022-10-27 22:36:55,830] {dag.py:2927} INFO - Setting next_dagrun for example_trigger_target_dag to None, run_after=None
[2022-10-27 22:36:56,111] {processor.py:161} INFO - Processing /home/nayara/Documentos/airflowalura/venv/lib/python3.9/site-packages/airflow/example_dags/example_trigger_target_dag.py took 0.384 seconds
[2022-10-27 22:38:37,438] {processor.py:153} INFO - Started process (PID=52504) to work on /home/nayara/Documentos/airflowalura/venv/lib/python3.9/site-packages/airflow/example_dags/example_trigger_target_dag.py
[2022-10-27 22:38:37,478] {processor.py:641} INFO - Processing file /home/nayara/Documentos/airflowalura/venv/lib/python3.9/site-packages/airflow/example_dags/example_trigger_target_dag.py for tasks to queue
[2022-10-27 22:38:37,481] {logging_mixin.py:115} INFO - [2022-10-27 22:38:37,480] {dagbag.py:507} INFO - Filling up the DagBag from /home/nayara/Documentos/airflowalura/venv/lib/python3.9/site-packages/airflow/example_dags/example_trigger_target_dag.py
[2022-10-27 22:38:37,557] {processor.py:651} INFO - DAG(s) dict_keys(['example_trigger_target_dag']) retrieved from /home/nayara/Documentos/airflowalura/venv/lib/python3.9/site-packages/airflow/example_dags/example_trigger_target_dag.py
[2022-10-27 22:38:37,587] {logging_mixin.py:115} INFO - [2022-10-27 22:38:37,587] {dag.py:2379} INFO - Sync 1 DAGs
[2022-10-27 22:38:37,615] {logging_mixin.py:115} INFO - [2022-10-27 22:38:37,615] {dag.py:2927} INFO - Setting next_dagrun for example_trigger_target_dag to None, run_after=None
[2022-10-27 22:38:37,855] {processor.py:161} INFO - Processing /home/nayara/Documentos/airflowalura/venv/lib/python3.9/site-packages/airflow/example_dags/example_trigger_target_dag.py took 0.439 seconds
[2022-10-27 22:39:29,690] {processor.py:153} INFO - Started process (PID=52617) to work on /home/nayara/Documentos/airflowalura/venv/lib/python3.9/site-packages/airflow/example_dags/example_trigger_target_dag.py
[2022-10-27 22:39:29,704] {processor.py:641} INFO - Processing file /home/nayara/Documentos/airflowalura/venv/lib/python3.9/site-packages/airflow/example_dags/example_trigger_target_dag.py for tasks to queue
[2022-10-27 22:39:29,707] {logging_mixin.py:115} INFO - [2022-10-27 22:39:29,707] {dagbag.py:507} INFO - Filling up the DagBag from /home/nayara/Documentos/airflowalura/venv/lib/python3.9/site-packages/airflow/example_dags/example_trigger_target_dag.py
[2022-10-27 22:39:29,762] {processor.py:651} INFO - DAG(s) dict_keys(['example_trigger_target_dag']) retrieved from /home/nayara/Documentos/airflowalura/venv/lib/python3.9/site-packages/airflow/example_dags/example_trigger_target_dag.py
[2022-10-27 22:39:29,783] {logging_mixin.py:115} INFO - [2022-10-27 22:39:29,783] {dag.py:2379} INFO - Sync 1 DAGs
[2022-10-27 22:39:29,820] {logging_mixin.py:115} INFO - [2022-10-27 22:39:29,820] {dag.py:2927} INFO - Setting next_dagrun for example_trigger_target_dag to None, run_after=None
[2022-10-27 22:39:30,059] {processor.py:161} INFO - Processing /home/nayara/Documentos/airflowalura/venv/lib/python3.9/site-packages/airflow/example_dags/example_trigger_target_dag.py took 0.388 seconds
[2022-10-27 22:41:01,753] {processor.py:153} INFO - Started process (PID=52785) to work on /home/nayara/Documentos/airflowalura/venv/lib/python3.9/site-packages/airflow/example_dags/example_trigger_target_dag.py
[2022-10-27 22:41:01,805] {processor.py:641} INFO - Processing file /home/nayara/Documentos/airflowalura/venv/lib/python3.9/site-packages/airflow/example_dags/example_trigger_target_dag.py for tasks to queue
[2022-10-27 22:41:01,809] {logging_mixin.py:115} INFO - [2022-10-27 22:41:01,808] {dagbag.py:507} INFO - Filling up the DagBag from /home/nayara/Documentos/airflowalura/venv/lib/python3.9/site-packages/airflow/example_dags/example_trigger_target_dag.py
[2022-10-27 22:41:01,901] {processor.py:651} INFO - DAG(s) dict_keys(['example_trigger_target_dag']) retrieved from /home/nayara/Documentos/airflowalura/venv/lib/python3.9/site-packages/airflow/example_dags/example_trigger_target_dag.py
[2022-10-27 22:41:01,928] {logging_mixin.py:115} INFO - [2022-10-27 22:41:01,928] {dag.py:2379} INFO - Sync 1 DAGs
[2022-10-27 22:41:01,953] {logging_mixin.py:115} INFO - [2022-10-27 22:41:01,953] {dag.py:2927} INFO - Setting next_dagrun for example_trigger_target_dag to None, run_after=None
[2022-10-27 22:41:02,491] {processor.py:161} INFO - Processing /home/nayara/Documentos/airflowalura/venv/lib/python3.9/site-packages/airflow/example_dags/example_trigger_target_dag.py took 0.758 seconds
[2022-10-27 22:41:54,608] {processor.py:153} INFO - Started process (PID=52916) to work on /home/nayara/Documentos/airflowalura/venv/lib/python3.9/site-packages/airflow/example_dags/example_trigger_target_dag.py
[2022-10-27 22:41:54,628] {processor.py:641} INFO - Processing file /home/nayara/Documentos/airflowalura/venv/lib/python3.9/site-packages/airflow/example_dags/example_trigger_target_dag.py for tasks to queue
[2022-10-27 22:41:54,628] {logging_mixin.py:115} INFO - [2022-10-27 22:41:54,628] {dagbag.py:507} INFO - Filling up the DagBag from /home/nayara/Documentos/airflowalura/venv/lib/python3.9/site-packages/airflow/example_dags/example_trigger_target_dag.py
[2022-10-27 22:41:54,652] {processor.py:651} INFO - DAG(s) dict_keys(['example_trigger_target_dag']) retrieved from /home/nayara/Documentos/airflowalura/venv/lib/python3.9/site-packages/airflow/example_dags/example_trigger_target_dag.py
[2022-10-27 22:41:54,676] {logging_mixin.py:115} INFO - [2022-10-27 22:41:54,675] {dag.py:2379} INFO - Sync 1 DAGs
[2022-10-27 22:41:54,698] {logging_mixin.py:115} INFO - [2022-10-27 22:41:54,698] {dag.py:2927} INFO - Setting next_dagrun for example_trigger_target_dag to None, run_after=None
[2022-10-27 22:41:54,914] {processor.py:161} INFO - Processing /home/nayara/Documentos/airflowalura/venv/lib/python3.9/site-packages/airflow/example_dags/example_trigger_target_dag.py took 0.310 seconds
[2022-10-27 22:42:34,852] {processor.py:153} INFO - Started process (PID=52984) to work on /home/nayara/Documentos/airflowalura/venv/lib/python3.9/site-packages/airflow/example_dags/example_trigger_target_dag.py
[2022-10-27 22:42:34,867] {processor.py:641} INFO - Processing file /home/nayara/Documentos/airflowalura/venv/lib/python3.9/site-packages/airflow/example_dags/example_trigger_target_dag.py for tasks to queue
[2022-10-27 22:42:34,868] {logging_mixin.py:115} INFO - [2022-10-27 22:42:34,868] {dagbag.py:507} INFO - Filling up the DagBag from /home/nayara/Documentos/airflowalura/venv/lib/python3.9/site-packages/airflow/example_dags/example_trigger_target_dag.py
[2022-10-27 22:42:34,899] {processor.py:651} INFO - DAG(s) dict_keys(['example_trigger_target_dag']) retrieved from /home/nayara/Documentos/airflowalura/venv/lib/python3.9/site-packages/airflow/example_dags/example_trigger_target_dag.py
[2022-10-27 22:42:34,918] {logging_mixin.py:115} INFO - [2022-10-27 22:42:34,918] {dag.py:2379} INFO - Sync 1 DAGs
[2022-10-27 22:42:34,938] {logging_mixin.py:115} INFO - [2022-10-27 22:42:34,938] {dag.py:2927} INFO - Setting next_dagrun for example_trigger_target_dag to None, run_after=None
[2022-10-27 22:42:35,163] {processor.py:161} INFO - Processing /home/nayara/Documentos/airflowalura/venv/lib/python3.9/site-packages/airflow/example_dags/example_trigger_target_dag.py took 0.317 seconds
[2022-10-27 22:43:11,837] {processor.py:153} INFO - Started process (PID=53062) to work on /home/nayara/Documentos/airflowalura/venv/lib/python3.9/site-packages/airflow/example_dags/example_trigger_target_dag.py
[2022-10-27 22:43:11,859] {processor.py:641} INFO - Processing file /home/nayara/Documentos/airflowalura/venv/lib/python3.9/site-packages/airflow/example_dags/example_trigger_target_dag.py for tasks to queue
[2022-10-27 22:43:11,860] {logging_mixin.py:115} INFO - [2022-10-27 22:43:11,860] {dagbag.py:507} INFO - Filling up the DagBag from /home/nayara/Documentos/airflowalura/venv/lib/python3.9/site-packages/airflow/example_dags/example_trigger_target_dag.py
[2022-10-27 22:43:11,893] {processor.py:651} INFO - DAG(s) dict_keys(['example_trigger_target_dag']) retrieved from /home/nayara/Documentos/airflowalura/venv/lib/python3.9/site-packages/airflow/example_dags/example_trigger_target_dag.py
[2022-10-27 22:43:11,923] {logging_mixin.py:115} INFO - [2022-10-27 22:43:11,923] {dag.py:2379} INFO - Sync 1 DAGs
[2022-10-27 22:43:11,964] {logging_mixin.py:115} INFO - [2022-10-27 22:43:11,964] {dag.py:2927} INFO - Setting next_dagrun for example_trigger_target_dag to None, run_after=None
[2022-10-27 22:43:12,209] {processor.py:161} INFO - Processing /home/nayara/Documentos/airflowalura/venv/lib/python3.9/site-packages/airflow/example_dags/example_trigger_target_dag.py took 0.377 seconds
[2022-10-27 22:43:52,398] {processor.py:153} INFO - Started process (PID=53140) to work on /home/nayara/Documentos/airflowalura/venv/lib/python3.9/site-packages/airflow/example_dags/example_trigger_target_dag.py
[2022-10-27 22:43:52,421] {processor.py:641} INFO - Processing file /home/nayara/Documentos/airflowalura/venv/lib/python3.9/site-packages/airflow/example_dags/example_trigger_target_dag.py for tasks to queue
[2022-10-27 22:43:52,422] {logging_mixin.py:115} INFO - [2022-10-27 22:43:52,422] {dagbag.py:507} INFO - Filling up the DagBag from /home/nayara/Documentos/airflowalura/venv/lib/python3.9/site-packages/airflow/example_dags/example_trigger_target_dag.py
[2022-10-27 22:43:52,465] {processor.py:651} INFO - DAG(s) dict_keys(['example_trigger_target_dag']) retrieved from /home/nayara/Documentos/airflowalura/venv/lib/python3.9/site-packages/airflow/example_dags/example_trigger_target_dag.py
[2022-10-27 22:43:52,500] {logging_mixin.py:115} INFO - [2022-10-27 22:43:52,500] {dag.py:2379} INFO - Sync 1 DAGs
[2022-10-27 22:43:52,540] {logging_mixin.py:115} INFO - [2022-10-27 22:43:52,539] {dag.py:2927} INFO - Setting next_dagrun for example_trigger_target_dag to None, run_after=None
[2022-10-27 22:43:52,848] {processor.py:161} INFO - Processing /home/nayara/Documentos/airflowalura/venv/lib/python3.9/site-packages/airflow/example_dags/example_trigger_target_dag.py took 0.458 seconds
[2022-10-27 22:44:37,097] {processor.py:153} INFO - Started process (PID=53253) to work on /home/nayara/Documentos/airflowalura/venv/lib/python3.9/site-packages/airflow/example_dags/example_trigger_target_dag.py
[2022-10-27 22:44:37,113] {processor.py:641} INFO - Processing file /home/nayara/Documentos/airflowalura/venv/lib/python3.9/site-packages/airflow/example_dags/example_trigger_target_dag.py for tasks to queue
[2022-10-27 22:44:37,116] {logging_mixin.py:115} INFO - [2022-10-27 22:44:37,115] {dagbag.py:507} INFO - Filling up the DagBag from /home/nayara/Documentos/airflowalura/venv/lib/python3.9/site-packages/airflow/example_dags/example_trigger_target_dag.py
[2022-10-27 22:44:37,167] {processor.py:651} INFO - DAG(s) dict_keys(['example_trigger_target_dag']) retrieved from /home/nayara/Documentos/airflowalura/venv/lib/python3.9/site-packages/airflow/example_dags/example_trigger_target_dag.py
[2022-10-27 22:44:37,187] {logging_mixin.py:115} INFO - [2022-10-27 22:44:37,187] {dag.py:2379} INFO - Sync 1 DAGs
[2022-10-27 22:44:37,208] {logging_mixin.py:115} INFO - [2022-10-27 22:44:37,208] {dag.py:2927} INFO - Setting next_dagrun for example_trigger_target_dag to None, run_after=None
[2022-10-27 22:44:37,445] {processor.py:161} INFO - Processing /home/nayara/Documentos/airflowalura/venv/lib/python3.9/site-packages/airflow/example_dags/example_trigger_target_dag.py took 0.366 seconds
[2022-10-27 22:45:43,866] {processor.py:153} INFO - Started process (PID=53419) to work on /home/nayara/Documentos/airflowalura/venv/lib/python3.9/site-packages/airflow/example_dags/example_trigger_target_dag.py
[2022-10-27 22:45:43,892] {processor.py:641} INFO - Processing file /home/nayara/Documentos/airflowalura/venv/lib/python3.9/site-packages/airflow/example_dags/example_trigger_target_dag.py for tasks to queue
[2022-10-27 22:45:43,895] {logging_mixin.py:115} INFO - [2022-10-27 22:45:43,895] {dagbag.py:507} INFO - Filling up the DagBag from /home/nayara/Documentos/airflowalura/venv/lib/python3.9/site-packages/airflow/example_dags/example_trigger_target_dag.py
[2022-10-27 22:45:43,949] {processor.py:651} INFO - DAG(s) dict_keys(['example_trigger_target_dag']) retrieved from /home/nayara/Documentos/airflowalura/venv/lib/python3.9/site-packages/airflow/example_dags/example_trigger_target_dag.py
[2022-10-27 22:45:43,973] {logging_mixin.py:115} INFO - [2022-10-27 22:45:43,973] {dag.py:2379} INFO - Sync 1 DAGs
[2022-10-27 22:45:43,999] {logging_mixin.py:115} INFO - [2022-10-27 22:45:43,999] {dag.py:2927} INFO - Setting next_dagrun for example_trigger_target_dag to None, run_after=None
[2022-10-27 22:45:44,293] {processor.py:161} INFO - Processing /home/nayara/Documentos/airflowalura/venv/lib/python3.9/site-packages/airflow/example_dags/example_trigger_target_dag.py took 0.444 seconds
[2022-10-27 22:46:37,769] {processor.py:153} INFO - Started process (PID=53529) to work on /home/nayara/Documentos/airflowalura/venv/lib/python3.9/site-packages/airflow/example_dags/example_trigger_target_dag.py
[2022-10-27 22:46:37,786] {processor.py:641} INFO - Processing file /home/nayara/Documentos/airflowalura/venv/lib/python3.9/site-packages/airflow/example_dags/example_trigger_target_dag.py for tasks to queue
[2022-10-27 22:46:37,787] {logging_mixin.py:115} INFO - [2022-10-27 22:46:37,787] {dagbag.py:507} INFO - Filling up the DagBag from /home/nayara/Documentos/airflowalura/venv/lib/python3.9/site-packages/airflow/example_dags/example_trigger_target_dag.py
[2022-10-27 22:46:37,831] {processor.py:651} INFO - DAG(s) dict_keys(['example_trigger_target_dag']) retrieved from /home/nayara/Documentos/airflowalura/venv/lib/python3.9/site-packages/airflow/example_dags/example_trigger_target_dag.py
[2022-10-27 22:46:37,857] {logging_mixin.py:115} INFO - [2022-10-27 22:46:37,857] {dag.py:2379} INFO - Sync 1 DAGs
[2022-10-27 22:46:37,887] {logging_mixin.py:115} INFO - [2022-10-27 22:46:37,887] {dag.py:2927} INFO - Setting next_dagrun for example_trigger_target_dag to None, run_after=None
[2022-10-27 22:46:38,237] {processor.py:161} INFO - Processing /home/nayara/Documentos/airflowalura/venv/lib/python3.9/site-packages/airflow/example_dags/example_trigger_target_dag.py took 0.473 seconds
[2022-10-27 22:47:23,898] {processor.py:153} INFO - Started process (PID=53640) to work on /home/nayara/Documentos/airflowalura/venv/lib/python3.9/site-packages/airflow/example_dags/example_trigger_target_dag.py
[2022-10-27 22:47:23,922] {processor.py:641} INFO - Processing file /home/nayara/Documentos/airflowalura/venv/lib/python3.9/site-packages/airflow/example_dags/example_trigger_target_dag.py for tasks to queue
[2022-10-27 22:47:23,923] {logging_mixin.py:115} INFO - [2022-10-27 22:47:23,922] {dagbag.py:507} INFO - Filling up the DagBag from /home/nayara/Documentos/airflowalura/venv/lib/python3.9/site-packages/airflow/example_dags/example_trigger_target_dag.py
[2022-10-27 22:47:23,953] {processor.py:651} INFO - DAG(s) dict_keys(['example_trigger_target_dag']) retrieved from /home/nayara/Documentos/airflowalura/venv/lib/python3.9/site-packages/airflow/example_dags/example_trigger_target_dag.py
[2022-10-27 22:47:23,974] {logging_mixin.py:115} INFO - [2022-10-27 22:47:23,974] {dag.py:2379} INFO - Sync 1 DAGs
[2022-10-27 22:47:24,012] {logging_mixin.py:115} INFO - [2022-10-27 22:47:24,012] {dag.py:2927} INFO - Setting next_dagrun for example_trigger_target_dag to None, run_after=None
[2022-10-27 22:47:24,318] {processor.py:161} INFO - Processing /home/nayara/Documentos/airflowalura/venv/lib/python3.9/site-packages/airflow/example_dags/example_trigger_target_dag.py took 0.430 seconds
[2022-10-27 22:48:11,698] {processor.py:153} INFO - Started process (PID=53744) to work on /home/nayara/Documentos/airflowalura/venv/lib/python3.9/site-packages/airflow/example_dags/example_trigger_target_dag.py
[2022-10-27 22:48:11,716] {processor.py:641} INFO - Processing file /home/nayara/Documentos/airflowalura/venv/lib/python3.9/site-packages/airflow/example_dags/example_trigger_target_dag.py for tasks to queue
[2022-10-27 22:48:11,718] {logging_mixin.py:115} INFO - [2022-10-27 22:48:11,717] {dagbag.py:507} INFO - Filling up the DagBag from /home/nayara/Documentos/airflowalura/venv/lib/python3.9/site-packages/airflow/example_dags/example_trigger_target_dag.py
[2022-10-27 22:48:11,757] {processor.py:651} INFO - DAG(s) dict_keys(['example_trigger_target_dag']) retrieved from /home/nayara/Documentos/airflowalura/venv/lib/python3.9/site-packages/airflow/example_dags/example_trigger_target_dag.py
[2022-10-27 22:48:11,779] {logging_mixin.py:115} INFO - [2022-10-27 22:48:11,779] {dag.py:2379} INFO - Sync 1 DAGs
[2022-10-27 22:48:11,805] {logging_mixin.py:115} INFO - [2022-10-27 22:48:11,805] {dag.py:2927} INFO - Setting next_dagrun for example_trigger_target_dag to None, run_after=None
[2022-10-27 22:48:12,024] {processor.py:161} INFO - Processing /home/nayara/Documentos/airflowalura/venv/lib/python3.9/site-packages/airflow/example_dags/example_trigger_target_dag.py took 0.332 seconds
[2022-10-27 22:48:59,267] {processor.py:153} INFO - Started process (PID=53837) to work on /home/nayara/Documentos/airflowalura/venv/lib/python3.9/site-packages/airflow/example_dags/example_trigger_target_dag.py
[2022-10-27 22:48:59,289] {processor.py:641} INFO - Processing file /home/nayara/Documentos/airflowalura/venv/lib/python3.9/site-packages/airflow/example_dags/example_trigger_target_dag.py for tasks to queue
[2022-10-27 22:48:59,292] {logging_mixin.py:115} INFO - [2022-10-27 22:48:59,292] {dagbag.py:507} INFO - Filling up the DagBag from /home/nayara/Documentos/airflowalura/venv/lib/python3.9/site-packages/airflow/example_dags/example_trigger_target_dag.py
[2022-10-27 22:48:59,369] {processor.py:651} INFO - DAG(s) dict_keys(['example_trigger_target_dag']) retrieved from /home/nayara/Documentos/airflowalura/venv/lib/python3.9/site-packages/airflow/example_dags/example_trigger_target_dag.py
[2022-10-27 22:48:59,392] {logging_mixin.py:115} INFO - [2022-10-27 22:48:59,392] {dag.py:2379} INFO - Sync 1 DAGs
[2022-10-27 22:48:59,419] {logging_mixin.py:115} INFO - [2022-10-27 22:48:59,418] {dag.py:2927} INFO - Setting next_dagrun for example_trigger_target_dag to None, run_after=None
[2022-10-27 22:48:59,650] {processor.py:161} INFO - Processing /home/nayara/Documentos/airflowalura/venv/lib/python3.9/site-packages/airflow/example_dags/example_trigger_target_dag.py took 0.400 seconds
[2022-10-27 22:49:41,476] {processor.py:153} INFO - Started process (PID=53925) to work on /home/nayara/Documentos/airflowalura/venv/lib/python3.9/site-packages/airflow/example_dags/example_trigger_target_dag.py
[2022-10-27 22:49:41,480] {processor.py:641} INFO - Processing file /home/nayara/Documentos/airflowalura/venv/lib/python3.9/site-packages/airflow/example_dags/example_trigger_target_dag.py for tasks to queue
[2022-10-27 22:49:41,484] {logging_mixin.py:115} INFO - [2022-10-27 22:49:41,483] {dagbag.py:507} INFO - Filling up the DagBag from /home/nayara/Documentos/airflowalura/venv/lib/python3.9/site-packages/airflow/example_dags/example_trigger_target_dag.py
[2022-10-27 22:49:41,542] {processor.py:651} INFO - DAG(s) dict_keys(['example_trigger_target_dag']) retrieved from /home/nayara/Documentos/airflowalura/venv/lib/python3.9/site-packages/airflow/example_dags/example_trigger_target_dag.py
[2022-10-27 22:49:41,584] {logging_mixin.py:115} INFO - [2022-10-27 22:49:41,584] {dag.py:2379} INFO - Sync 1 DAGs
[2022-10-27 22:49:41,613] {logging_mixin.py:115} INFO - [2022-10-27 22:49:41,613] {dag.py:2927} INFO - Setting next_dagrun for example_trigger_target_dag to None, run_after=None
[2022-10-27 22:49:41,840] {processor.py:161} INFO - Processing /home/nayara/Documentos/airflowalura/venv/lib/python3.9/site-packages/airflow/example_dags/example_trigger_target_dag.py took 0.383 seconds
[2022-10-27 22:50:25,406] {processor.py:153} INFO - Started process (PID=54006) to work on /home/nayara/Documentos/airflowalura/venv/lib/python3.9/site-packages/airflow/example_dags/example_trigger_target_dag.py
[2022-10-27 22:50:25,408] {processor.py:641} INFO - Processing file /home/nayara/Documentos/airflowalura/venv/lib/python3.9/site-packages/airflow/example_dags/example_trigger_target_dag.py for tasks to queue
[2022-10-27 22:50:25,410] {logging_mixin.py:115} INFO - [2022-10-27 22:50:25,409] {dagbag.py:507} INFO - Filling up the DagBag from /home/nayara/Documentos/airflowalura/venv/lib/python3.9/site-packages/airflow/example_dags/example_trigger_target_dag.py
[2022-10-27 22:50:25,445] {processor.py:651} INFO - DAG(s) dict_keys(['example_trigger_target_dag']) retrieved from /home/nayara/Documentos/airflowalura/venv/lib/python3.9/site-packages/airflow/example_dags/example_trigger_target_dag.py
[2022-10-27 22:50:25,473] {logging_mixin.py:115} INFO - [2022-10-27 22:50:25,473] {dag.py:2379} INFO - Sync 1 DAGs
[2022-10-27 22:50:25,499] {logging_mixin.py:115} INFO - [2022-10-27 22:50:25,499] {dag.py:2927} INFO - Setting next_dagrun for example_trigger_target_dag to None, run_after=None
[2022-10-27 22:50:25,727] {processor.py:161} INFO - Processing /home/nayara/Documentos/airflowalura/venv/lib/python3.9/site-packages/airflow/example_dags/example_trigger_target_dag.py took 0.337 seconds
[2022-10-27 22:51:09,642] {processor.py:153} INFO - Started process (PID=54089) to work on /home/nayara/Documentos/airflowalura/venv/lib/python3.9/site-packages/airflow/example_dags/example_trigger_target_dag.py
[2022-10-27 22:51:09,657] {processor.py:641} INFO - Processing file /home/nayara/Documentos/airflowalura/venv/lib/python3.9/site-packages/airflow/example_dags/example_trigger_target_dag.py for tasks to queue
[2022-10-27 22:51:09,659] {logging_mixin.py:115} INFO - [2022-10-27 22:51:09,659] {dagbag.py:507} INFO - Filling up the DagBag from /home/nayara/Documentos/airflowalura/venv/lib/python3.9/site-packages/airflow/example_dags/example_trigger_target_dag.py
[2022-10-27 22:51:09,683] {processor.py:651} INFO - DAG(s) dict_keys(['example_trigger_target_dag']) retrieved from /home/nayara/Documentos/airflowalura/venv/lib/python3.9/site-packages/airflow/example_dags/example_trigger_target_dag.py
[2022-10-27 22:51:09,707] {logging_mixin.py:115} INFO - [2022-10-27 22:51:09,707] {dag.py:2379} INFO - Sync 1 DAGs
[2022-10-27 22:51:09,734] {logging_mixin.py:115} INFO - [2022-10-27 22:51:09,734] {dag.py:2927} INFO - Setting next_dagrun for example_trigger_target_dag to None, run_after=None
[2022-10-27 22:51:09,964] {processor.py:161} INFO - Processing /home/nayara/Documentos/airflowalura/venv/lib/python3.9/site-packages/airflow/example_dags/example_trigger_target_dag.py took 0.327 seconds
[2022-10-27 22:52:01,042] {processor.py:153} INFO - Started process (PID=54200) to work on /home/nayara/Documentos/airflowalura/venv/lib/python3.9/site-packages/airflow/example_dags/example_trigger_target_dag.py
[2022-10-27 22:52:01,060] {processor.py:641} INFO - Processing file /home/nayara/Documentos/airflowalura/venv/lib/python3.9/site-packages/airflow/example_dags/example_trigger_target_dag.py for tasks to queue
[2022-10-27 22:52:01,064] {logging_mixin.py:115} INFO - [2022-10-27 22:52:01,063] {dagbag.py:507} INFO - Filling up the DagBag from /home/nayara/Documentos/airflowalura/venv/lib/python3.9/site-packages/airflow/example_dags/example_trigger_target_dag.py
[2022-10-27 22:52:01,117] {processor.py:651} INFO - DAG(s) dict_keys(['example_trigger_target_dag']) retrieved from /home/nayara/Documentos/airflowalura/venv/lib/python3.9/site-packages/airflow/example_dags/example_trigger_target_dag.py
[2022-10-27 22:52:01,146] {logging_mixin.py:115} INFO - [2022-10-27 22:52:01,146] {dag.py:2379} INFO - Sync 1 DAGs
[2022-10-27 22:52:01,171] {logging_mixin.py:115} INFO - [2022-10-27 22:52:01,171] {dag.py:2927} INFO - Setting next_dagrun for example_trigger_target_dag to None, run_after=None
[2022-10-27 22:52:01,400] {processor.py:161} INFO - Processing /home/nayara/Documentos/airflowalura/venv/lib/python3.9/site-packages/airflow/example_dags/example_trigger_target_dag.py took 0.377 seconds
[2022-10-27 22:52:56,060] {processor.py:153} INFO - Started process (PID=54292) to work on /home/nayara/Documentos/airflowalura/venv/lib/python3.9/site-packages/airflow/example_dags/example_trigger_target_dag.py
[2022-10-27 22:52:56,063] {processor.py:641} INFO - Processing file /home/nayara/Documentos/airflowalura/venv/lib/python3.9/site-packages/airflow/example_dags/example_trigger_target_dag.py for tasks to queue
[2022-10-27 22:52:56,065] {logging_mixin.py:115} INFO - [2022-10-27 22:52:56,065] {dagbag.py:507} INFO - Filling up the DagBag from /home/nayara/Documentos/airflowalura/venv/lib/python3.9/site-packages/airflow/example_dags/example_trigger_target_dag.py
[2022-10-27 22:52:56,111] {processor.py:651} INFO - DAG(s) dict_keys(['example_trigger_target_dag']) retrieved from /home/nayara/Documentos/airflowalura/venv/lib/python3.9/site-packages/airflow/example_dags/example_trigger_target_dag.py
[2022-10-27 22:52:56,134] {logging_mixin.py:115} INFO - [2022-10-27 22:52:56,134] {dag.py:2379} INFO - Sync 1 DAGs
[2022-10-27 22:52:56,159] {logging_mixin.py:115} INFO - [2022-10-27 22:52:56,159] {dag.py:2927} INFO - Setting next_dagrun for example_trigger_target_dag to None, run_after=None
[2022-10-27 22:52:56,428] {processor.py:161} INFO - Processing /home/nayara/Documentos/airflowalura/venv/lib/python3.9/site-packages/airflow/example_dags/example_trigger_target_dag.py took 0.388 seconds
[2022-10-27 22:53:40,453] {processor.py:153} INFO - Started process (PID=54374) to work on /home/nayara/Documentos/airflowalura/venv/lib/python3.9/site-packages/airflow/example_dags/example_trigger_target_dag.py
[2022-10-27 22:53:40,455] {processor.py:641} INFO - Processing file /home/nayara/Documentos/airflowalura/venv/lib/python3.9/site-packages/airflow/example_dags/example_trigger_target_dag.py for tasks to queue
[2022-10-27 22:53:40,456] {logging_mixin.py:115} INFO - [2022-10-27 22:53:40,456] {dagbag.py:507} INFO - Filling up the DagBag from /home/nayara/Documentos/airflowalura/venv/lib/python3.9/site-packages/airflow/example_dags/example_trigger_target_dag.py
[2022-10-27 22:53:40,485] {processor.py:651} INFO - DAG(s) dict_keys(['example_trigger_target_dag']) retrieved from /home/nayara/Documentos/airflowalura/venv/lib/python3.9/site-packages/airflow/example_dags/example_trigger_target_dag.py
[2022-10-27 22:53:40,510] {logging_mixin.py:115} INFO - [2022-10-27 22:53:40,510] {dag.py:2379} INFO - Sync 1 DAGs
[2022-10-27 22:53:40,535] {logging_mixin.py:115} INFO - [2022-10-27 22:53:40,535] {dag.py:2927} INFO - Setting next_dagrun for example_trigger_target_dag to None, run_after=None
[2022-10-27 22:53:40,832] {processor.py:161} INFO - Processing /home/nayara/Documentos/airflowalura/venv/lib/python3.9/site-packages/airflow/example_dags/example_trigger_target_dag.py took 0.383 seconds
[2022-10-27 22:54:31,627] {processor.py:153} INFO - Started process (PID=54486) to work on /home/nayara/Documentos/airflowalura/venv/lib/python3.9/site-packages/airflow/example_dags/example_trigger_target_dag.py
[2022-10-27 22:54:31,688] {processor.py:641} INFO - Processing file /home/nayara/Documentos/airflowalura/venv/lib/python3.9/site-packages/airflow/example_dags/example_trigger_target_dag.py for tasks to queue
[2022-10-27 22:54:31,689] {logging_mixin.py:115} INFO - [2022-10-27 22:54:31,689] {dagbag.py:507} INFO - Filling up the DagBag from /home/nayara/Documentos/airflowalura/venv/lib/python3.9/site-packages/airflow/example_dags/example_trigger_target_dag.py
[2022-10-27 22:54:31,712] {processor.py:651} INFO - DAG(s) dict_keys(['example_trigger_target_dag']) retrieved from /home/nayara/Documentos/airflowalura/venv/lib/python3.9/site-packages/airflow/example_dags/example_trigger_target_dag.py
[2022-10-27 22:54:31,736] {logging_mixin.py:115} INFO - [2022-10-27 22:54:31,735] {dag.py:2379} INFO - Sync 1 DAGs
[2022-10-27 22:54:31,763] {logging_mixin.py:115} INFO - [2022-10-27 22:54:31,763] {dag.py:2927} INFO - Setting next_dagrun for example_trigger_target_dag to None, run_after=None
[2022-10-27 22:54:32,246] {processor.py:161} INFO - Processing /home/nayara/Documentos/airflowalura/venv/lib/python3.9/site-packages/airflow/example_dags/example_trigger_target_dag.py took 0.622 seconds
[2022-10-27 22:55:22,305] {processor.py:153} INFO - Started process (PID=54584) to work on /home/nayara/Documentos/airflowalura/venv/lib/python3.9/site-packages/airflow/example_dags/example_trigger_target_dag.py
[2022-10-27 22:55:22,347] {processor.py:641} INFO - Processing file /home/nayara/Documentos/airflowalura/venv/lib/python3.9/site-packages/airflow/example_dags/example_trigger_target_dag.py for tasks to queue
[2022-10-27 22:55:22,349] {logging_mixin.py:115} INFO - [2022-10-27 22:55:22,348] {dagbag.py:507} INFO - Filling up the DagBag from /home/nayara/Documentos/airflowalura/venv/lib/python3.9/site-packages/airflow/example_dags/example_trigger_target_dag.py
[2022-10-27 22:55:22,377] {processor.py:651} INFO - DAG(s) dict_keys(['example_trigger_target_dag']) retrieved from /home/nayara/Documentos/airflowalura/venv/lib/python3.9/site-packages/airflow/example_dags/example_trigger_target_dag.py
[2022-10-27 22:55:22,399] {logging_mixin.py:115} INFO - [2022-10-27 22:55:22,399] {dag.py:2379} INFO - Sync 1 DAGs
[2022-10-27 22:55:22,426] {logging_mixin.py:115} INFO - [2022-10-27 22:55:22,426] {dag.py:2927} INFO - Setting next_dagrun for example_trigger_target_dag to None, run_after=None
[2022-10-27 22:55:23,047] {processor.py:161} INFO - Processing /home/nayara/Documentos/airflowalura/venv/lib/python3.9/site-packages/airflow/example_dags/example_trigger_target_dag.py took 0.762 seconds
[2022-10-27 22:56:12,071] {processor.py:153} INFO - Started process (PID=54678) to work on /home/nayara/Documentos/airflowalura/venv/lib/python3.9/site-packages/airflow/example_dags/example_trigger_target_dag.py
[2022-10-27 22:56:12,086] {processor.py:641} INFO - Processing file /home/nayara/Documentos/airflowalura/venv/lib/python3.9/site-packages/airflow/example_dags/example_trigger_target_dag.py for tasks to queue
[2022-10-27 22:56:12,089] {logging_mixin.py:115} INFO - [2022-10-27 22:56:12,089] {dagbag.py:507} INFO - Filling up the DagBag from /home/nayara/Documentos/airflowalura/venv/lib/python3.9/site-packages/airflow/example_dags/example_trigger_target_dag.py
[2022-10-27 22:56:12,125] {processor.py:651} INFO - DAG(s) dict_keys(['example_trigger_target_dag']) retrieved from /home/nayara/Documentos/airflowalura/venv/lib/python3.9/site-packages/airflow/example_dags/example_trigger_target_dag.py
[2022-10-27 22:56:12,162] {logging_mixin.py:115} INFO - [2022-10-27 22:56:12,162] {dag.py:2379} INFO - Sync 1 DAGs
[2022-10-27 22:56:12,205] {logging_mixin.py:115} INFO - [2022-10-27 22:56:12,205] {dag.py:2927} INFO - Setting next_dagrun for example_trigger_target_dag to None, run_after=None
[2022-10-27 22:56:12,820] {processor.py:161} INFO - Processing /home/nayara/Documentos/airflowalura/venv/lib/python3.9/site-packages/airflow/example_dags/example_trigger_target_dag.py took 0.767 seconds
[2022-10-27 22:56:58,697] {processor.py:153} INFO - Started process (PID=54816) to work on /home/nayara/Documentos/airflowalura/venv/lib/python3.9/site-packages/airflow/example_dags/example_trigger_target_dag.py
[2022-10-27 22:56:58,705] {processor.py:641} INFO - Processing file /home/nayara/Documentos/airflowalura/venv/lib/python3.9/site-packages/airflow/example_dags/example_trigger_target_dag.py for tasks to queue
[2022-10-27 22:56:58,710] {logging_mixin.py:115} INFO - [2022-10-27 22:56:58,709] {dagbag.py:507} INFO - Filling up the DagBag from /home/nayara/Documentos/airflowalura/venv/lib/python3.9/site-packages/airflow/example_dags/example_trigger_target_dag.py
[2022-10-27 22:56:58,821] {processor.py:651} INFO - DAG(s) dict_keys(['example_trigger_target_dag']) retrieved from /home/nayara/Documentos/airflowalura/venv/lib/python3.9/site-packages/airflow/example_dags/example_trigger_target_dag.py
[2022-10-27 22:56:58,858] {logging_mixin.py:115} INFO - [2022-10-27 22:56:58,857] {dag.py:2379} INFO - Sync 1 DAGs
[2022-10-27 22:56:58,887] {logging_mixin.py:115} INFO - [2022-10-27 22:56:58,887] {dag.py:2927} INFO - Setting next_dagrun for example_trigger_target_dag to None, run_after=None
[2022-10-27 22:56:59,359] {processor.py:161} INFO - Processing /home/nayara/Documentos/airflowalura/venv/lib/python3.9/site-packages/airflow/example_dags/example_trigger_target_dag.py took 0.679 seconds
