[2022-10-27 22:13:48,678] {processor.py:153} INFO - Started process (PID=48731) to work on /home/nayara/Documentos/airflowalura/venv/lib/python3.9/site-packages/airflow/example_dags/tutorial.py
[2022-10-27 22:13:48,679] {processor.py:641} INFO - Processing file /home/nayara/Documentos/airflowalura/venv/lib/python3.9/site-packages/airflow/example_dags/tutorial.py for tasks to queue
[2022-10-27 22:13:48,680] {logging_mixin.py:115} INFO - [2022-10-27 22:13:48,680] {dagbag.py:507} INFO - Filling up the DagBag from /home/nayara/Documentos/airflowalura/venv/lib/python3.9/site-packages/airflow/example_dags/tutorial.py
[2022-10-27 22:13:48,695] {processor.py:651} INFO - DAG(s) dict_keys(['tutorial']) retrieved from /home/nayara/Documentos/airflowalura/venv/lib/python3.9/site-packages/airflow/example_dags/tutorial.py
[2022-10-27 22:13:51,165] {logging_mixin.py:115} INFO - [2022-10-27 22:13:51,165] {manager.py:508} INFO - Created Permission View: can read on DAG:tutorial
[2022-10-27 22:13:51,613] {logging_mixin.py:115} INFO - [2022-10-27 22:13:51,613] {manager.py:508} INFO - Created Permission View: can delete on DAG:tutorial
[2022-10-27 22:13:51,953] {logging_mixin.py:115} INFO - [2022-10-27 22:13:51,953] {manager.py:508} INFO - Created Permission View: can edit on DAG:tutorial
[2022-10-27 22:13:51,953] {logging_mixin.py:115} INFO - [2022-10-27 22:13:51,953] {dag.py:2379} INFO - Sync 1 DAGs
[2022-10-27 22:13:51,985] {logging_mixin.py:115} INFO - [2022-10-27 22:13:51,985] {dag.py:2398} INFO - Creating ORM DAG for tutorial
[2022-10-27 22:13:52,022] {logging_mixin.py:115} INFO - [2022-10-27 22:13:52,022] {dag.py:2927} INFO - Setting next_dagrun for tutorial to 2022-10-27T01:13:52.021777+00:00, run_after=2022-10-28T01:13:52.021777+00:00
[2022-10-27 22:13:53,293] {processor.py:161} INFO - Processing /home/nayara/Documentos/airflowalura/venv/lib/python3.9/site-packages/airflow/example_dags/tutorial.py took 4.620 seconds
[2022-10-27 22:17:28,875] {processor.py:153} INFO - Started process (PID=49216) to work on /home/nayara/Documentos/airflowalura/venv/lib/python3.9/site-packages/airflow/example_dags/tutorial.py
[2022-10-27 22:17:28,892] {processor.py:641} INFO - Processing file /home/nayara/Documentos/airflowalura/venv/lib/python3.9/site-packages/airflow/example_dags/tutorial.py for tasks to queue
[2022-10-27 22:17:28,892] {logging_mixin.py:115} INFO - [2022-10-27 22:17:28,892] {dagbag.py:507} INFO - Filling up the DagBag from /home/nayara/Documentos/airflowalura/venv/lib/python3.9/site-packages/airflow/example_dags/tutorial.py
[2022-10-27 22:17:28,901] {processor.py:651} INFO - DAG(s) dict_keys(['tutorial']) retrieved from /home/nayara/Documentos/airflowalura/venv/lib/python3.9/site-packages/airflow/example_dags/tutorial.py
[2022-10-27 22:17:28,932] {logging_mixin.py:115} INFO - [2022-10-27 22:17:28,932] {dag.py:2379} INFO - Sync 1 DAGs
[2022-10-27 22:17:28,957] {logging_mixin.py:115} INFO - [2022-10-27 22:17:28,957] {dag.py:2927} INFO - Setting next_dagrun for tutorial to 2022-10-27T01:17:28.956797+00:00, run_after=2022-10-28T01:17:28.956797+00:00
[2022-10-27 22:17:29,323] {processor.py:161} INFO - Processing /home/nayara/Documentos/airflowalura/venv/lib/python3.9/site-packages/airflow/example_dags/tutorial.py took 0.451 seconds
[2022-10-27 22:18:06,091] {processor.py:153} INFO - Started process (PID=49278) to work on /home/nayara/Documentos/airflowalura/venv/lib/python3.9/site-packages/airflow/example_dags/tutorial.py
[2022-10-27 22:18:06,248] {processor.py:641} INFO - Processing file /home/nayara/Documentos/airflowalura/venv/lib/python3.9/site-packages/airflow/example_dags/tutorial.py for tasks to queue
[2022-10-27 22:18:06,250] {logging_mixin.py:115} INFO - [2022-10-27 22:18:06,250] {dagbag.py:507} INFO - Filling up the DagBag from /home/nayara/Documentos/airflowalura/venv/lib/python3.9/site-packages/airflow/example_dags/tutorial.py
[2022-10-27 22:18:06,276] {processor.py:651} INFO - DAG(s) dict_keys(['tutorial']) retrieved from /home/nayara/Documentos/airflowalura/venv/lib/python3.9/site-packages/airflow/example_dags/tutorial.py
[2022-10-27 22:18:06,304] {logging_mixin.py:115} INFO - [2022-10-27 22:18:06,304] {dag.py:2379} INFO - Sync 1 DAGs
[2022-10-27 22:18:06,328] {logging_mixin.py:115} INFO - [2022-10-27 22:18:06,328] {dag.py:2927} INFO - Setting next_dagrun for tutorial to 2022-10-27T01:18:06.328406+00:00, run_after=2022-10-28T01:18:06.328406+00:00
[2022-10-27 22:18:06,826] {processor.py:161} INFO - Processing /home/nayara/Documentos/airflowalura/venv/lib/python3.9/site-packages/airflow/example_dags/tutorial.py took 0.741 seconds
[2022-10-27 22:19:03,472] {processor.py:153} INFO - Started process (PID=49514) to work on /home/nayara/Documentos/airflowalura/venv/lib/python3.9/site-packages/airflow/example_dags/tutorial.py
[2022-10-27 22:19:03,590] {processor.py:641} INFO - Processing file /home/nayara/Documentos/airflowalura/venv/lib/python3.9/site-packages/airflow/example_dags/tutorial.py for tasks to queue
[2022-10-27 22:19:03,593] {logging_mixin.py:115} INFO - [2022-10-27 22:19:03,592] {dagbag.py:507} INFO - Filling up the DagBag from /home/nayara/Documentos/airflowalura/venv/lib/python3.9/site-packages/airflow/example_dags/tutorial.py
[2022-10-27 22:19:03,610] {processor.py:651} INFO - DAG(s) dict_keys(['tutorial']) retrieved from /home/nayara/Documentos/airflowalura/venv/lib/python3.9/site-packages/airflow/example_dags/tutorial.py
[2022-10-27 22:19:03,640] {logging_mixin.py:115} INFO - [2022-10-27 22:19:03,640] {dag.py:2379} INFO - Sync 1 DAGs
[2022-10-27 22:19:03,673] {logging_mixin.py:115} INFO - [2022-10-27 22:19:03,673] {dag.py:2927} INFO - Setting next_dagrun for tutorial to 2022-10-27T01:19:03.673073+00:00, run_after=2022-10-28T01:19:03.673073+00:00
[2022-10-27 22:19:04,934] {processor.py:161} INFO - Processing /home/nayara/Documentos/airflowalura/venv/lib/python3.9/site-packages/airflow/example_dags/tutorial.py took 1.475 seconds
[2022-10-27 22:19:54,548] {processor.py:153} INFO - Started process (PID=49762) to work on /home/nayara/Documentos/airflowalura/venv/lib/python3.9/site-packages/airflow/example_dags/tutorial.py
[2022-10-27 22:19:54,559] {processor.py:641} INFO - Processing file /home/nayara/Documentos/airflowalura/venv/lib/python3.9/site-packages/airflow/example_dags/tutorial.py for tasks to queue
[2022-10-27 22:19:54,560] {logging_mixin.py:115} INFO - [2022-10-27 22:19:54,560] {dagbag.py:507} INFO - Filling up the DagBag from /home/nayara/Documentos/airflowalura/venv/lib/python3.9/site-packages/airflow/example_dags/tutorial.py
[2022-10-27 22:19:54,568] {processor.py:651} INFO - DAG(s) dict_keys(['tutorial']) retrieved from /home/nayara/Documentos/airflowalura/venv/lib/python3.9/site-packages/airflow/example_dags/tutorial.py
[2022-10-27 22:19:54,592] {logging_mixin.py:115} INFO - [2022-10-27 22:19:54,592] {dag.py:2379} INFO - Sync 1 DAGs
[2022-10-27 22:19:54,623] {logging_mixin.py:115} INFO - [2022-10-27 22:19:54,623] {dag.py:2927} INFO - Setting next_dagrun for tutorial to 2022-10-27T01:19:54.623266+00:00, run_after=2022-10-28T01:19:54.623266+00:00
[2022-10-27 22:19:54,905] {processor.py:161} INFO - Processing /home/nayara/Documentos/airflowalura/venv/lib/python3.9/site-packages/airflow/example_dags/tutorial.py took 0.371 seconds
[2022-10-27 22:20:30,416] {processor.py:153} INFO - Started process (PID=49873) to work on /home/nayara/Documentos/airflowalura/venv/lib/python3.9/site-packages/airflow/example_dags/tutorial.py
[2022-10-27 22:20:30,430] {processor.py:641} INFO - Processing file /home/nayara/Documentos/airflowalura/venv/lib/python3.9/site-packages/airflow/example_dags/tutorial.py for tasks to queue
[2022-10-27 22:20:30,431] {logging_mixin.py:115} INFO - [2022-10-27 22:20:30,431] {dagbag.py:507} INFO - Filling up the DagBag from /home/nayara/Documentos/airflowalura/venv/lib/python3.9/site-packages/airflow/example_dags/tutorial.py
[2022-10-27 22:20:30,445] {processor.py:651} INFO - DAG(s) dict_keys(['tutorial']) retrieved from /home/nayara/Documentos/airflowalura/venv/lib/python3.9/site-packages/airflow/example_dags/tutorial.py
[2022-10-27 22:20:30,478] {logging_mixin.py:115} INFO - [2022-10-27 22:20:30,478] {dag.py:2379} INFO - Sync 1 DAGs
[2022-10-27 22:20:30,514] {logging_mixin.py:115} INFO - [2022-10-27 22:20:30,514] {dag.py:2927} INFO - Setting next_dagrun for tutorial to 2022-10-27T01:20:30.514195+00:00, run_after=2022-10-28T01:20:30.514195+00:00
[2022-10-27 22:20:31,052] {processor.py:161} INFO - Processing /home/nayara/Documentos/airflowalura/venv/lib/python3.9/site-packages/airflow/example_dags/tutorial.py took 0.643 seconds
[2022-10-27 22:21:14,410] {processor.py:153} INFO - Started process (PID=49971) to work on /home/nayara/Documentos/airflowalura/venv/lib/python3.9/site-packages/airflow/example_dags/tutorial.py
[2022-10-27 22:21:14,444] {processor.py:641} INFO - Processing file /home/nayara/Documentos/airflowalura/venv/lib/python3.9/site-packages/airflow/example_dags/tutorial.py for tasks to queue
[2022-10-27 22:21:14,445] {logging_mixin.py:115} INFO - [2022-10-27 22:21:14,445] {dagbag.py:507} INFO - Filling up the DagBag from /home/nayara/Documentos/airflowalura/venv/lib/python3.9/site-packages/airflow/example_dags/tutorial.py
[2022-10-27 22:21:14,458] {processor.py:651} INFO - DAG(s) dict_keys(['tutorial']) retrieved from /home/nayara/Documentos/airflowalura/venv/lib/python3.9/site-packages/airflow/example_dags/tutorial.py
[2022-10-27 22:21:14,483] {logging_mixin.py:115} INFO - [2022-10-27 22:21:14,483] {dag.py:2379} INFO - Sync 1 DAGs
[2022-10-27 22:21:14,516] {logging_mixin.py:115} INFO - [2022-10-27 22:21:14,515] {dag.py:2927} INFO - Setting next_dagrun for tutorial to 2022-10-27T01:21:14.515567+00:00, run_after=2022-10-28T01:21:14.515567+00:00
[2022-10-27 22:21:14,804] {processor.py:161} INFO - Processing /home/nayara/Documentos/airflowalura/venv/lib/python3.9/site-packages/airflow/example_dags/tutorial.py took 0.410 seconds
[2022-10-27 22:21:53,960] {processor.py:153} INFO - Started process (PID=50067) to work on /home/nayara/Documentos/airflowalura/venv/lib/python3.9/site-packages/airflow/example_dags/tutorial.py
[2022-10-27 22:21:53,974] {processor.py:641} INFO - Processing file /home/nayara/Documentos/airflowalura/venv/lib/python3.9/site-packages/airflow/example_dags/tutorial.py for tasks to queue
[2022-10-27 22:21:53,978] {logging_mixin.py:115} INFO - [2022-10-27 22:21:53,977] {dagbag.py:507} INFO - Filling up the DagBag from /home/nayara/Documentos/airflowalura/venv/lib/python3.9/site-packages/airflow/example_dags/tutorial.py
[2022-10-27 22:21:54,012] {processor.py:651} INFO - DAG(s) dict_keys(['tutorial']) retrieved from /home/nayara/Documentos/airflowalura/venv/lib/python3.9/site-packages/airflow/example_dags/tutorial.py
[2022-10-27 22:21:54,073] {logging_mixin.py:115} INFO - [2022-10-27 22:21:54,073] {dag.py:2379} INFO - Sync 1 DAGs
[2022-10-27 22:21:54,104] {logging_mixin.py:115} INFO - [2022-10-27 22:21:54,103] {dag.py:2927} INFO - Setting next_dagrun for tutorial to 2022-10-27T01:21:54.103346+00:00, run_after=2022-10-28T01:21:54.103346+00:00
[2022-10-27 22:21:54,399] {processor.py:161} INFO - Processing /home/nayara/Documentos/airflowalura/venv/lib/python3.9/site-packages/airflow/example_dags/tutorial.py took 0.457 seconds
[2022-10-27 22:22:35,073] {processor.py:153} INFO - Started process (PID=50157) to work on /home/nayara/Documentos/airflowalura/venv/lib/python3.9/site-packages/airflow/example_dags/tutorial.py
[2022-10-27 22:22:35,090] {processor.py:641} INFO - Processing file /home/nayara/Documentos/airflowalura/venv/lib/python3.9/site-packages/airflow/example_dags/tutorial.py for tasks to queue
[2022-10-27 22:22:35,092] {logging_mixin.py:115} INFO - [2022-10-27 22:22:35,092] {dagbag.py:507} INFO - Filling up the DagBag from /home/nayara/Documentos/airflowalura/venv/lib/python3.9/site-packages/airflow/example_dags/tutorial.py
[2022-10-27 22:22:35,110] {processor.py:651} INFO - DAG(s) dict_keys(['tutorial']) retrieved from /home/nayara/Documentos/airflowalura/venv/lib/python3.9/site-packages/airflow/example_dags/tutorial.py
[2022-10-27 22:22:35,157] {logging_mixin.py:115} INFO - [2022-10-27 22:22:35,157] {dag.py:2379} INFO - Sync 1 DAGs
[2022-10-27 22:22:35,189] {logging_mixin.py:115} INFO - [2022-10-27 22:22:35,189] {dag.py:2927} INFO - Setting next_dagrun for tutorial to 2022-10-27T01:22:35.188773+00:00, run_after=2022-10-28T01:22:35.188773+00:00
[2022-10-27 22:22:35,507] {processor.py:161} INFO - Processing /home/nayara/Documentos/airflowalura/venv/lib/python3.9/site-packages/airflow/example_dags/tutorial.py took 0.453 seconds
[2022-10-27 22:23:17,679] {processor.py:153} INFO - Started process (PID=50244) to work on /home/nayara/Documentos/airflowalura/venv/lib/python3.9/site-packages/airflow/example_dags/tutorial.py
[2022-10-27 22:23:17,700] {processor.py:641} INFO - Processing file /home/nayara/Documentos/airflowalura/venv/lib/python3.9/site-packages/airflow/example_dags/tutorial.py for tasks to queue
[2022-10-27 22:23:17,702] {logging_mixin.py:115} INFO - [2022-10-27 22:23:17,702] {dagbag.py:507} INFO - Filling up the DagBag from /home/nayara/Documentos/airflowalura/venv/lib/python3.9/site-packages/airflow/example_dags/tutorial.py
[2022-10-27 22:23:17,717] {processor.py:651} INFO - DAG(s) dict_keys(['tutorial']) retrieved from /home/nayara/Documentos/airflowalura/venv/lib/python3.9/site-packages/airflow/example_dags/tutorial.py
[2022-10-27 22:23:17,745] {logging_mixin.py:115} INFO - [2022-10-27 22:23:17,745] {dag.py:2379} INFO - Sync 1 DAGs
[2022-10-27 22:23:17,779] {logging_mixin.py:115} INFO - [2022-10-27 22:23:17,778] {dag.py:2927} INFO - Setting next_dagrun for tutorial to 2022-10-27T01:23:17.778546+00:00, run_after=2022-10-28T01:23:17.778546+00:00
[2022-10-27 22:23:18,119] {processor.py:161} INFO - Processing /home/nayara/Documentos/airflowalura/venv/lib/python3.9/site-packages/airflow/example_dags/tutorial.py took 0.448 seconds
[2022-10-27 22:24:01,038] {processor.py:153} INFO - Started process (PID=50356) to work on /home/nayara/Documentos/airflowalura/venv/lib/python3.9/site-packages/airflow/example_dags/tutorial.py
[2022-10-27 22:24:01,050] {processor.py:641} INFO - Processing file /home/nayara/Documentos/airflowalura/venv/lib/python3.9/site-packages/airflow/example_dags/tutorial.py for tasks to queue
[2022-10-27 22:24:01,051] {logging_mixin.py:115} INFO - [2022-10-27 22:24:01,051] {dagbag.py:507} INFO - Filling up the DagBag from /home/nayara/Documentos/airflowalura/venv/lib/python3.9/site-packages/airflow/example_dags/tutorial.py
[2022-10-27 22:24:01,061] {processor.py:651} INFO - DAG(s) dict_keys(['tutorial']) retrieved from /home/nayara/Documentos/airflowalura/venv/lib/python3.9/site-packages/airflow/example_dags/tutorial.py
[2022-10-27 22:24:01,089] {logging_mixin.py:115} INFO - [2022-10-27 22:24:01,089] {dag.py:2379} INFO - Sync 1 DAGs
[2022-10-27 22:24:01,123] {logging_mixin.py:115} INFO - [2022-10-27 22:24:01,123] {dag.py:2927} INFO - Setting next_dagrun for tutorial to 2022-10-27T01:24:01.123173+00:00, run_after=2022-10-28T01:24:01.123173+00:00
[2022-10-27 22:24:01,409] {processor.py:161} INFO - Processing /home/nayara/Documentos/airflowalura/venv/lib/python3.9/site-packages/airflow/example_dags/tutorial.py took 0.383 seconds
[2022-10-27 22:24:50,578] {processor.py:153} INFO - Started process (PID=50455) to work on /home/nayara/Documentos/airflowalura/venv/lib/python3.9/site-packages/airflow/example_dags/tutorial.py
[2022-10-27 22:24:50,610] {processor.py:641} INFO - Processing file /home/nayara/Documentos/airflowalura/venv/lib/python3.9/site-packages/airflow/example_dags/tutorial.py for tasks to queue
[2022-10-27 22:24:50,612] {logging_mixin.py:115} INFO - [2022-10-27 22:24:50,612] {dagbag.py:507} INFO - Filling up the DagBag from /home/nayara/Documentos/airflowalura/venv/lib/python3.9/site-packages/airflow/example_dags/tutorial.py
[2022-10-27 22:24:50,676] {processor.py:651} INFO - DAG(s) dict_keys(['tutorial']) retrieved from /home/nayara/Documentos/airflowalura/venv/lib/python3.9/site-packages/airflow/example_dags/tutorial.py
[2022-10-27 22:24:50,722] {logging_mixin.py:115} INFO - [2022-10-27 22:24:50,722] {dag.py:2379} INFO - Sync 1 DAGs
[2022-10-27 22:24:50,778] {logging_mixin.py:115} INFO - [2022-10-27 22:24:50,778] {dag.py:2927} INFO - Setting next_dagrun for tutorial to 2022-10-27T01:24:50.777733+00:00, run_after=2022-10-28T01:24:50.777733+00:00
[2022-10-27 22:24:51,260] {processor.py:161} INFO - Processing /home/nayara/Documentos/airflowalura/venv/lib/python3.9/site-packages/airflow/example_dags/tutorial.py took 0.694 seconds
[2022-10-27 22:25:40,665] {processor.py:153} INFO - Started process (PID=50578) to work on /home/nayara/Documentos/airflowalura/venv/lib/python3.9/site-packages/airflow/example_dags/tutorial.py
[2022-10-27 22:25:40,693] {processor.py:641} INFO - Processing file /home/nayara/Documentos/airflowalura/venv/lib/python3.9/site-packages/airflow/example_dags/tutorial.py for tasks to queue
[2022-10-27 22:25:40,694] {logging_mixin.py:115} INFO - [2022-10-27 22:25:40,694] {dagbag.py:507} INFO - Filling up the DagBag from /home/nayara/Documentos/airflowalura/venv/lib/python3.9/site-packages/airflow/example_dags/tutorial.py
[2022-10-27 22:25:40,711] {processor.py:651} INFO - DAG(s) dict_keys(['tutorial']) retrieved from /home/nayara/Documentos/airflowalura/venv/lib/python3.9/site-packages/airflow/example_dags/tutorial.py
[2022-10-27 22:25:40,751] {logging_mixin.py:115} INFO - [2022-10-27 22:25:40,751] {dag.py:2379} INFO - Sync 1 DAGs
[2022-10-27 22:25:40,798] {logging_mixin.py:115} INFO - [2022-10-27 22:25:40,797] {dag.py:2927} INFO - Setting next_dagrun for tutorial to 2022-10-27T01:25:40.797619+00:00, run_after=2022-10-28T01:25:40.797619+00:00
[2022-10-27 22:25:41,163] {processor.py:161} INFO - Processing /home/nayara/Documentos/airflowalura/venv/lib/python3.9/site-packages/airflow/example_dags/tutorial.py took 0.504 seconds
[2022-10-27 22:26:14,374] {processor.py:153} INFO - Started process (PID=50638) to work on /home/nayara/Documentos/airflowalura/venv/lib/python3.9/site-packages/airflow/example_dags/tutorial.py
[2022-10-27 22:26:14,418] {processor.py:641} INFO - Processing file /home/nayara/Documentos/airflowalura/venv/lib/python3.9/site-packages/airflow/example_dags/tutorial.py for tasks to queue
[2022-10-27 22:26:14,420] {logging_mixin.py:115} INFO - [2022-10-27 22:26:14,419] {dagbag.py:507} INFO - Filling up the DagBag from /home/nayara/Documentos/airflowalura/venv/lib/python3.9/site-packages/airflow/example_dags/tutorial.py
[2022-10-27 22:26:14,438] {processor.py:651} INFO - DAG(s) dict_keys(['tutorial']) retrieved from /home/nayara/Documentos/airflowalura/venv/lib/python3.9/site-packages/airflow/example_dags/tutorial.py
[2022-10-27 22:26:14,477] {logging_mixin.py:115} INFO - [2022-10-27 22:26:14,477] {dag.py:2379} INFO - Sync 1 DAGs
[2022-10-27 22:26:14,514] {logging_mixin.py:115} INFO - [2022-10-27 22:26:14,514] {dag.py:2927} INFO - Setting next_dagrun for tutorial to 2022-10-27T01:26:14.513952+00:00, run_after=2022-10-28T01:26:14.513952+00:00
[2022-10-27 22:26:14,891] {processor.py:161} INFO - Processing /home/nayara/Documentos/airflowalura/venv/lib/python3.9/site-packages/airflow/example_dags/tutorial.py took 0.526 seconds
[2022-10-27 22:27:04,442] {processor.py:153} INFO - Started process (PID=50759) to work on /home/nayara/Documentos/airflowalura/venv/lib/python3.9/site-packages/airflow/example_dags/tutorial.py
[2022-10-27 22:27:04,463] {processor.py:641} INFO - Processing file /home/nayara/Documentos/airflowalura/venv/lib/python3.9/site-packages/airflow/example_dags/tutorial.py for tasks to queue
[2022-10-27 22:27:04,466] {logging_mixin.py:115} INFO - [2022-10-27 22:27:04,465] {dagbag.py:507} INFO - Filling up the DagBag from /home/nayara/Documentos/airflowalura/venv/lib/python3.9/site-packages/airflow/example_dags/tutorial.py
[2022-10-27 22:27:04,489] {processor.py:651} INFO - DAG(s) dict_keys(['tutorial']) retrieved from /home/nayara/Documentos/airflowalura/venv/lib/python3.9/site-packages/airflow/example_dags/tutorial.py
[2022-10-27 22:27:04,522] {logging_mixin.py:115} INFO - [2022-10-27 22:27:04,521] {dag.py:2379} INFO - Sync 1 DAGs
[2022-10-27 22:27:04,552] {logging_mixin.py:115} INFO - [2022-10-27 22:27:04,552] {dag.py:2927} INFO - Setting next_dagrun for tutorial to 2022-10-27T01:27:04.551883+00:00, run_after=2022-10-28T01:27:04.551883+00:00
[2022-10-27 22:27:04,871] {processor.py:161} INFO - Processing /home/nayara/Documentos/airflowalura/venv/lib/python3.9/site-packages/airflow/example_dags/tutorial.py took 0.441 seconds
[2022-10-27 22:27:47,181] {processor.py:153} INFO - Started process (PID=50902) to work on /home/nayara/Documentos/airflowalura/venv/lib/python3.9/site-packages/airflow/example_dags/tutorial.py
[2022-10-27 22:27:47,204] {processor.py:641} INFO - Processing file /home/nayara/Documentos/airflowalura/venv/lib/python3.9/site-packages/airflow/example_dags/tutorial.py for tasks to queue
[2022-10-27 22:27:47,206] {logging_mixin.py:115} INFO - [2022-10-27 22:27:47,205] {dagbag.py:507} INFO - Filling up the DagBag from /home/nayara/Documentos/airflowalura/venv/lib/python3.9/site-packages/airflow/example_dags/tutorial.py
[2022-10-27 22:27:47,223] {processor.py:651} INFO - DAG(s) dict_keys(['tutorial']) retrieved from /home/nayara/Documentos/airflowalura/venv/lib/python3.9/site-packages/airflow/example_dags/tutorial.py
[2022-10-27 22:27:47,248] {logging_mixin.py:115} INFO - [2022-10-27 22:27:47,248] {dag.py:2379} INFO - Sync 1 DAGs
[2022-10-27 22:27:47,272] {logging_mixin.py:115} INFO - [2022-10-27 22:27:47,272] {dag.py:2927} INFO - Setting next_dagrun for tutorial to 2022-10-27T01:27:47.272049+00:00, run_after=2022-10-28T01:27:47.272049+00:00
[2022-10-27 22:27:47,567] {processor.py:161} INFO - Processing /home/nayara/Documentos/airflowalura/venv/lib/python3.9/site-packages/airflow/example_dags/tutorial.py took 0.395 seconds
[2022-10-27 22:28:38,833] {processor.py:153} INFO - Started process (PID=51042) to work on /home/nayara/Documentos/airflowalura/venv/lib/python3.9/site-packages/airflow/example_dags/tutorial.py
[2022-10-27 22:28:38,864] {processor.py:641} INFO - Processing file /home/nayara/Documentos/airflowalura/venv/lib/python3.9/site-packages/airflow/example_dags/tutorial.py for tasks to queue
[2022-10-27 22:28:38,867] {logging_mixin.py:115} INFO - [2022-10-27 22:28:38,866] {dagbag.py:507} INFO - Filling up the DagBag from /home/nayara/Documentos/airflowalura/venv/lib/python3.9/site-packages/airflow/example_dags/tutorial.py
[2022-10-27 22:28:38,901] {processor.py:651} INFO - DAG(s) dict_keys(['tutorial']) retrieved from /home/nayara/Documentos/airflowalura/venv/lib/python3.9/site-packages/airflow/example_dags/tutorial.py
[2022-10-27 22:28:38,936] {logging_mixin.py:115} INFO - [2022-10-27 22:28:38,936] {dag.py:2379} INFO - Sync 1 DAGs
[2022-10-27 22:28:38,965] {logging_mixin.py:115} INFO - [2022-10-27 22:28:38,965] {dag.py:2927} INFO - Setting next_dagrun for tutorial to 2022-10-27T01:28:38.965034+00:00, run_after=2022-10-28T01:28:38.965034+00:00
[2022-10-27 22:28:39,361] {processor.py:161} INFO - Processing /home/nayara/Documentos/airflowalura/venv/lib/python3.9/site-packages/airflow/example_dags/tutorial.py took 0.544 seconds
[2022-10-27 22:29:28,339] {processor.py:153} INFO - Started process (PID=51158) to work on /home/nayara/Documentos/airflowalura/venv/lib/python3.9/site-packages/airflow/example_dags/tutorial.py
[2022-10-27 22:29:28,358] {processor.py:641} INFO - Processing file /home/nayara/Documentos/airflowalura/venv/lib/python3.9/site-packages/airflow/example_dags/tutorial.py for tasks to queue
[2022-10-27 22:29:28,362] {logging_mixin.py:115} INFO - [2022-10-27 22:29:28,362] {dagbag.py:507} INFO - Filling up the DagBag from /home/nayara/Documentos/airflowalura/venv/lib/python3.9/site-packages/airflow/example_dags/tutorial.py
[2022-10-27 22:29:28,392] {processor.py:651} INFO - DAG(s) dict_keys(['tutorial']) retrieved from /home/nayara/Documentos/airflowalura/venv/lib/python3.9/site-packages/airflow/example_dags/tutorial.py
[2022-10-27 22:29:28,427] {logging_mixin.py:115} INFO - [2022-10-27 22:29:28,427] {dag.py:2379} INFO - Sync 1 DAGs
[2022-10-27 22:29:28,453] {logging_mixin.py:115} INFO - [2022-10-27 22:29:28,453] {dag.py:2927} INFO - Setting next_dagrun for tutorial to 2022-10-27T01:29:28.453114+00:00, run_after=2022-10-28T01:29:28.453114+00:00
[2022-10-27 22:29:28,811] {processor.py:161} INFO - Processing /home/nayara/Documentos/airflowalura/venv/lib/python3.9/site-packages/airflow/example_dags/tutorial.py took 0.487 seconds
[2022-10-27 22:30:13,024] {processor.py:153} INFO - Started process (PID=51233) to work on /home/nayara/Documentos/airflowalura/venv/lib/python3.9/site-packages/airflow/example_dags/tutorial.py
[2022-10-27 22:30:13,043] {processor.py:641} INFO - Processing file /home/nayara/Documentos/airflowalura/venv/lib/python3.9/site-packages/airflow/example_dags/tutorial.py for tasks to queue
[2022-10-27 22:30:13,044] {logging_mixin.py:115} INFO - [2022-10-27 22:30:13,044] {dagbag.py:507} INFO - Filling up the DagBag from /home/nayara/Documentos/airflowalura/venv/lib/python3.9/site-packages/airflow/example_dags/tutorial.py
[2022-10-27 22:30:13,052] {processor.py:651} INFO - DAG(s) dict_keys(['tutorial']) retrieved from /home/nayara/Documentos/airflowalura/venv/lib/python3.9/site-packages/airflow/example_dags/tutorial.py
[2022-10-27 22:30:13,073] {logging_mixin.py:115} INFO - [2022-10-27 22:30:13,073] {dag.py:2379} INFO - Sync 1 DAGs
[2022-10-27 22:30:13,097] {logging_mixin.py:115} INFO - [2022-10-27 22:30:13,097] {dag.py:2927} INFO - Setting next_dagrun for tutorial to 2022-10-27T01:30:13.097440+00:00, run_after=2022-10-28T01:30:13.097440+00:00
[2022-10-27 22:30:13,370] {processor.py:161} INFO - Processing /home/nayara/Documentos/airflowalura/venv/lib/python3.9/site-packages/airflow/example_dags/tutorial.py took 0.353 seconds
[2022-10-27 22:30:52,668] {processor.py:153} INFO - Started process (PID=51299) to work on /home/nayara/Documentos/airflowalura/venv/lib/python3.9/site-packages/airflow/example_dags/tutorial.py
[2022-10-27 22:30:52,689] {processor.py:641} INFO - Processing file /home/nayara/Documentos/airflowalura/venv/lib/python3.9/site-packages/airflow/example_dags/tutorial.py for tasks to queue
[2022-10-27 22:30:52,690] {logging_mixin.py:115} INFO - [2022-10-27 22:30:52,690] {dagbag.py:507} INFO - Filling up the DagBag from /home/nayara/Documentos/airflowalura/venv/lib/python3.9/site-packages/airflow/example_dags/tutorial.py
[2022-10-27 22:30:52,705] {processor.py:651} INFO - DAG(s) dict_keys(['tutorial']) retrieved from /home/nayara/Documentos/airflowalura/venv/lib/python3.9/site-packages/airflow/example_dags/tutorial.py
[2022-10-27 22:30:52,728] {logging_mixin.py:115} INFO - [2022-10-27 22:30:52,728] {dag.py:2379} INFO - Sync 1 DAGs
[2022-10-27 22:30:52,753] {logging_mixin.py:115} INFO - [2022-10-27 22:30:52,753] {dag.py:2927} INFO - Setting next_dagrun for tutorial to 2022-10-27T01:30:52.753259+00:00, run_after=2022-10-28T01:30:52.753259+00:00
[2022-10-27 22:30:53,081] {processor.py:161} INFO - Processing /home/nayara/Documentos/airflowalura/venv/lib/python3.9/site-packages/airflow/example_dags/tutorial.py took 0.426 seconds
[2022-10-27 22:31:34,055] {processor.py:153} INFO - Started process (PID=51389) to work on /home/nayara/Documentos/airflowalura/venv/lib/python3.9/site-packages/airflow/example_dags/tutorial.py
[2022-10-27 22:31:34,077] {processor.py:641} INFO - Processing file /home/nayara/Documentos/airflowalura/venv/lib/python3.9/site-packages/airflow/example_dags/tutorial.py for tasks to queue
[2022-10-27 22:31:34,081] {logging_mixin.py:115} INFO - [2022-10-27 22:31:34,080] {dagbag.py:507} INFO - Filling up the DagBag from /home/nayara/Documentos/airflowalura/venv/lib/python3.9/site-packages/airflow/example_dags/tutorial.py
[2022-10-27 22:31:34,111] {processor.py:651} INFO - DAG(s) dict_keys(['tutorial']) retrieved from /home/nayara/Documentos/airflowalura/venv/lib/python3.9/site-packages/airflow/example_dags/tutorial.py
[2022-10-27 22:31:34,142] {logging_mixin.py:115} INFO - [2022-10-27 22:31:34,142] {dag.py:2379} INFO - Sync 1 DAGs
[2022-10-27 22:31:34,174] {logging_mixin.py:115} INFO - [2022-10-27 22:31:34,174] {dag.py:2927} INFO - Setting next_dagrun for tutorial to 2022-10-27T01:31:34.174032+00:00, run_after=2022-10-28T01:31:34.174032+00:00
[2022-10-27 22:31:34,533] {processor.py:161} INFO - Processing /home/nayara/Documentos/airflowalura/venv/lib/python3.9/site-packages/airflow/example_dags/tutorial.py took 0.493 seconds
[2022-10-27 22:32:25,946] {processor.py:153} INFO - Started process (PID=51517) to work on /home/nayara/Documentos/airflowalura/venv/lib/python3.9/site-packages/airflow/example_dags/tutorial.py
[2022-10-27 22:32:25,965] {processor.py:641} INFO - Processing file /home/nayara/Documentos/airflowalura/venv/lib/python3.9/site-packages/airflow/example_dags/tutorial.py for tasks to queue
[2022-10-27 22:32:25,967] {logging_mixin.py:115} INFO - [2022-10-27 22:32:25,967] {dagbag.py:507} INFO - Filling up the DagBag from /home/nayara/Documentos/airflowalura/venv/lib/python3.9/site-packages/airflow/example_dags/tutorial.py
[2022-10-27 22:32:25,974] {processor.py:651} INFO - DAG(s) dict_keys(['tutorial']) retrieved from /home/nayara/Documentos/airflowalura/venv/lib/python3.9/site-packages/airflow/example_dags/tutorial.py
[2022-10-27 22:32:25,997] {logging_mixin.py:115} INFO - [2022-10-27 22:32:25,997] {dag.py:2379} INFO - Sync 1 DAGs
[2022-10-27 22:32:26,024] {logging_mixin.py:115} INFO - [2022-10-27 22:32:26,024] {dag.py:2927} INFO - Setting next_dagrun for tutorial to 2022-10-27T01:32:26.023884+00:00, run_after=2022-10-28T01:32:26.023884+00:00
[2022-10-27 22:32:26,330] {processor.py:161} INFO - Processing /home/nayara/Documentos/airflowalura/venv/lib/python3.9/site-packages/airflow/example_dags/tutorial.py took 0.387 seconds
[2022-10-27 22:33:11,436] {processor.py:153} INFO - Started process (PID=51611) to work on /home/nayara/Documentos/airflowalura/venv/lib/python3.9/site-packages/airflow/example_dags/tutorial.py
[2022-10-27 22:33:11,518] {processor.py:641} INFO - Processing file /home/nayara/Documentos/airflowalura/venv/lib/python3.9/site-packages/airflow/example_dags/tutorial.py for tasks to queue
[2022-10-27 22:33:11,521] {logging_mixin.py:115} INFO - [2022-10-27 22:33:11,521] {dagbag.py:507} INFO - Filling up the DagBag from /home/nayara/Documentos/airflowalura/venv/lib/python3.9/site-packages/airflow/example_dags/tutorial.py
[2022-10-27 22:33:11,545] {processor.py:651} INFO - DAG(s) dict_keys(['tutorial']) retrieved from /home/nayara/Documentos/airflowalura/venv/lib/python3.9/site-packages/airflow/example_dags/tutorial.py
[2022-10-27 22:33:11,572] {logging_mixin.py:115} INFO - [2022-10-27 22:33:11,571] {dag.py:2379} INFO - Sync 1 DAGs
[2022-10-27 22:33:11,601] {logging_mixin.py:115} INFO - [2022-10-27 22:33:11,601] {dag.py:2927} INFO - Setting next_dagrun for tutorial to 2022-10-27T01:33:11.600819+00:00, run_after=2022-10-28T01:33:11.600819+00:00
[2022-10-27 22:33:12,038] {processor.py:161} INFO - Processing /home/nayara/Documentos/airflowalura/venv/lib/python3.9/site-packages/airflow/example_dags/tutorial.py took 0.612 seconds
[2022-10-27 22:33:52,888] {processor.py:153} INFO - Started process (PID=51701) to work on /home/nayara/Documentos/airflowalura/venv/lib/python3.9/site-packages/airflow/example_dags/tutorial.py
[2022-10-27 22:33:52,900] {processor.py:641} INFO - Processing file /home/nayara/Documentos/airflowalura/venv/lib/python3.9/site-packages/airflow/example_dags/tutorial.py for tasks to queue
[2022-10-27 22:33:52,901] {logging_mixin.py:115} INFO - [2022-10-27 22:33:52,901] {dagbag.py:507} INFO - Filling up the DagBag from /home/nayara/Documentos/airflowalura/venv/lib/python3.9/site-packages/airflow/example_dags/tutorial.py
[2022-10-27 22:33:52,910] {processor.py:651} INFO - DAG(s) dict_keys(['tutorial']) retrieved from /home/nayara/Documentos/airflowalura/venv/lib/python3.9/site-packages/airflow/example_dags/tutorial.py
[2022-10-27 22:33:52,945] {logging_mixin.py:115} INFO - [2022-10-27 22:33:52,945] {dag.py:2379} INFO - Sync 1 DAGs
[2022-10-27 22:33:52,982] {logging_mixin.py:115} INFO - [2022-10-27 22:33:52,982] {dag.py:2927} INFO - Setting next_dagrun for tutorial to 2022-10-27T01:33:52.980954+00:00, run_after=2022-10-28T01:33:52.980954+00:00
[2022-10-27 22:33:53,343] {processor.py:161} INFO - Processing /home/nayara/Documentos/airflowalura/venv/lib/python3.9/site-packages/airflow/example_dags/tutorial.py took 0.460 seconds
[2022-10-27 22:34:29,643] {processor.py:153} INFO - Started process (PID=51764) to work on /home/nayara/Documentos/airflowalura/venv/lib/python3.9/site-packages/airflow/example_dags/tutorial.py
[2022-10-27 22:34:29,668] {processor.py:641} INFO - Processing file /home/nayara/Documentos/airflowalura/venv/lib/python3.9/site-packages/airflow/example_dags/tutorial.py for tasks to queue
[2022-10-27 22:34:29,669] {logging_mixin.py:115} INFO - [2022-10-27 22:34:29,669] {dagbag.py:507} INFO - Filling up the DagBag from /home/nayara/Documentos/airflowalura/venv/lib/python3.9/site-packages/airflow/example_dags/tutorial.py
[2022-10-27 22:34:29,679] {processor.py:651} INFO - DAG(s) dict_keys(['tutorial']) retrieved from /home/nayara/Documentos/airflowalura/venv/lib/python3.9/site-packages/airflow/example_dags/tutorial.py
[2022-10-27 22:34:29,706] {logging_mixin.py:115} INFO - [2022-10-27 22:34:29,706] {dag.py:2379} INFO - Sync 1 DAGs
[2022-10-27 22:34:29,727] {logging_mixin.py:115} INFO - [2022-10-27 22:34:29,726] {dag.py:2927} INFO - Setting next_dagrun for tutorial to 2022-10-27T01:34:29.726663+00:00, run_after=2022-10-28T01:34:29.726663+00:00
[2022-10-27 22:34:30,042] {processor.py:161} INFO - Processing /home/nayara/Documentos/airflowalura/venv/lib/python3.9/site-packages/airflow/example_dags/tutorial.py took 0.408 seconds
[2022-10-27 22:35:08,480] {processor.py:153} INFO - Started process (PID=51820) to work on /home/nayara/Documentos/airflowalura/venv/lib/python3.9/site-packages/airflow/example_dags/tutorial.py
[2022-10-27 22:35:08,499] {processor.py:641} INFO - Processing file /home/nayara/Documentos/airflowalura/venv/lib/python3.9/site-packages/airflow/example_dags/tutorial.py for tasks to queue
[2022-10-27 22:35:08,500] {logging_mixin.py:115} INFO - [2022-10-27 22:35:08,500] {dagbag.py:507} INFO - Filling up the DagBag from /home/nayara/Documentos/airflowalura/venv/lib/python3.9/site-packages/airflow/example_dags/tutorial.py
[2022-10-27 22:35:08,507] {processor.py:651} INFO - DAG(s) dict_keys(['tutorial']) retrieved from /home/nayara/Documentos/airflowalura/venv/lib/python3.9/site-packages/airflow/example_dags/tutorial.py
[2022-10-27 22:35:08,531] {logging_mixin.py:115} INFO - [2022-10-27 22:35:08,531] {dag.py:2379} INFO - Sync 1 DAGs
[2022-10-27 22:35:08,552] {logging_mixin.py:115} INFO - [2022-10-27 22:35:08,552] {dag.py:2927} INFO - Setting next_dagrun for tutorial to 2022-10-27T01:35:08.552123+00:00, run_after=2022-10-28T01:35:08.552123+00:00
[2022-10-27 22:35:08,854] {processor.py:161} INFO - Processing /home/nayara/Documentos/airflowalura/venv/lib/python3.9/site-packages/airflow/example_dags/tutorial.py took 0.379 seconds
[2022-10-27 22:35:46,280] {processor.py:153} INFO - Started process (PID=51876) to work on /home/nayara/Documentos/airflowalura/venv/lib/python3.9/site-packages/airflow/example_dags/tutorial.py
[2022-10-27 22:35:46,316] {processor.py:641} INFO - Processing file /home/nayara/Documentos/airflowalura/venv/lib/python3.9/site-packages/airflow/example_dags/tutorial.py for tasks to queue
[2022-10-27 22:35:46,318] {logging_mixin.py:115} INFO - [2022-10-27 22:35:46,318] {dagbag.py:507} INFO - Filling up the DagBag from /home/nayara/Documentos/airflowalura/venv/lib/python3.9/site-packages/airflow/example_dags/tutorial.py
[2022-10-27 22:35:46,340] {processor.py:651} INFO - DAG(s) dict_keys(['tutorial']) retrieved from /home/nayara/Documentos/airflowalura/venv/lib/python3.9/site-packages/airflow/example_dags/tutorial.py
[2022-10-27 22:35:46,373] {logging_mixin.py:115} INFO - [2022-10-27 22:35:46,372] {dag.py:2379} INFO - Sync 1 DAGs
[2022-10-27 22:35:46,393] {logging_mixin.py:115} INFO - [2022-10-27 22:35:46,393] {dag.py:2927} INFO - Setting next_dagrun for tutorial to 2022-10-27T01:35:46.393528+00:00, run_after=2022-10-28T01:35:46.393528+00:00
[2022-10-27 22:35:46,733] {processor.py:161} INFO - Processing /home/nayara/Documentos/airflowalura/venv/lib/python3.9/site-packages/airflow/example_dags/tutorial.py took 0.465 seconds
[2022-10-27 22:36:30,215] {processor.py:153} INFO - Started process (PID=51972) to work on /home/nayara/Documentos/airflowalura/venv/lib/python3.9/site-packages/airflow/example_dags/tutorial.py
[2022-10-27 22:36:30,228] {processor.py:641} INFO - Processing file /home/nayara/Documentos/airflowalura/venv/lib/python3.9/site-packages/airflow/example_dags/tutorial.py for tasks to queue
[2022-10-27 22:36:30,229] {logging_mixin.py:115} INFO - [2022-10-27 22:36:30,229] {dagbag.py:507} INFO - Filling up the DagBag from /home/nayara/Documentos/airflowalura/venv/lib/python3.9/site-packages/airflow/example_dags/tutorial.py
[2022-10-27 22:36:30,243] {processor.py:651} INFO - DAG(s) dict_keys(['tutorial']) retrieved from /home/nayara/Documentos/airflowalura/venv/lib/python3.9/site-packages/airflow/example_dags/tutorial.py
[2022-10-27 22:36:30,293] {logging_mixin.py:115} INFO - [2022-10-27 22:36:30,293] {dag.py:2379} INFO - Sync 1 DAGs
[2022-10-27 22:36:30,327] {logging_mixin.py:115} INFO - [2022-10-27 22:36:30,327] {dag.py:2927} INFO - Setting next_dagrun for tutorial to 2022-10-27T01:36:30.326867+00:00, run_after=2022-10-28T01:36:30.326867+00:00
[2022-10-27 22:36:30,613] {processor.py:161} INFO - Processing /home/nayara/Documentos/airflowalura/venv/lib/python3.9/site-packages/airflow/example_dags/tutorial.py took 0.404 seconds
[2022-10-27 22:37:28,089] {processor.py:153} INFO - Started process (PID=52310) to work on /home/nayara/Documentos/airflowalura/venv/lib/python3.9/site-packages/airflow/example_dags/tutorial.py
[2022-10-27 22:37:28,165] {processor.py:641} INFO - Processing file /home/nayara/Documentos/airflowalura/venv/lib/python3.9/site-packages/airflow/example_dags/tutorial.py for tasks to queue
[2022-10-27 22:37:28,167] {logging_mixin.py:115} INFO - [2022-10-27 22:37:28,166] {dagbag.py:507} INFO - Filling up the DagBag from /home/nayara/Documentos/airflowalura/venv/lib/python3.9/site-packages/airflow/example_dags/tutorial.py
[2022-10-27 22:37:28,189] {processor.py:651} INFO - DAG(s) dict_keys(['tutorial']) retrieved from /home/nayara/Documentos/airflowalura/venv/lib/python3.9/site-packages/airflow/example_dags/tutorial.py
[2022-10-27 22:37:28,248] {logging_mixin.py:115} INFO - [2022-10-27 22:37:28,248] {dag.py:2379} INFO - Sync 1 DAGs
[2022-10-27 22:37:28,274] {logging_mixin.py:115} INFO - [2022-10-27 22:37:28,274] {dag.py:2927} INFO - Setting next_dagrun for tutorial to 2022-10-27T01:37:28.274489+00:00, run_after=2022-10-28T01:37:28.274489+00:00
[2022-10-27 22:37:29,632] {processor.py:161} INFO - Processing /home/nayara/Documentos/airflowalura/venv/lib/python3.9/site-packages/airflow/example_dags/tutorial.py took 1.552 seconds
[2022-10-27 22:38:28,472] {processor.py:153} INFO - Started process (PID=52493) to work on /home/nayara/Documentos/airflowalura/venv/lib/python3.9/site-packages/airflow/example_dags/tutorial.py
[2022-10-27 22:38:28,513] {processor.py:641} INFO - Processing file /home/nayara/Documentos/airflowalura/venv/lib/python3.9/site-packages/airflow/example_dags/tutorial.py for tasks to queue
[2022-10-27 22:38:28,517] {logging_mixin.py:115} INFO - [2022-10-27 22:38:28,517] {dagbag.py:507} INFO - Filling up the DagBag from /home/nayara/Documentos/airflowalura/venv/lib/python3.9/site-packages/airflow/example_dags/tutorial.py
[2022-10-27 22:38:28,580] {processor.py:651} INFO - DAG(s) dict_keys(['tutorial']) retrieved from /home/nayara/Documentos/airflowalura/venv/lib/python3.9/site-packages/airflow/example_dags/tutorial.py
[2022-10-27 22:38:28,619] {logging_mixin.py:115} INFO - [2022-10-27 22:38:28,619] {dag.py:2379} INFO - Sync 1 DAGs
[2022-10-27 22:38:28,699] {logging_mixin.py:115} INFO - [2022-10-27 22:38:28,699] {dag.py:2927} INFO - Setting next_dagrun for tutorial to 2022-10-27T01:38:28.649794+00:00, run_after=2022-10-28T01:38:28.649794+00:00
[2022-10-27 22:38:29,056] {processor.py:161} INFO - Processing /home/nayara/Documentos/airflowalura/venv/lib/python3.9/site-packages/airflow/example_dags/tutorial.py took 0.592 seconds
[2022-10-27 22:39:08,970] {processor.py:153} INFO - Started process (PID=52575) to work on /home/nayara/Documentos/airflowalura/venv/lib/python3.9/site-packages/airflow/example_dags/tutorial.py
[2022-10-27 22:39:08,993] {processor.py:641} INFO - Processing file /home/nayara/Documentos/airflowalura/venv/lib/python3.9/site-packages/airflow/example_dags/tutorial.py for tasks to queue
[2022-10-27 22:39:08,997] {logging_mixin.py:115} INFO - [2022-10-27 22:39:08,997] {dagbag.py:507} INFO - Filling up the DagBag from /home/nayara/Documentos/airflowalura/venv/lib/python3.9/site-packages/airflow/example_dags/tutorial.py
[2022-10-27 22:39:09,023] {processor.py:651} INFO - DAG(s) dict_keys(['tutorial']) retrieved from /home/nayara/Documentos/airflowalura/venv/lib/python3.9/site-packages/airflow/example_dags/tutorial.py
[2022-10-27 22:39:09,060] {logging_mixin.py:115} INFO - [2022-10-27 22:39:09,059] {dag.py:2379} INFO - Sync 1 DAGs
[2022-10-27 22:39:09,086] {logging_mixin.py:115} INFO - [2022-10-27 22:39:09,086] {dag.py:2927} INFO - Setting next_dagrun for tutorial to 2022-10-27T01:39:09.086121+00:00, run_after=2022-10-28T01:39:09.086121+00:00
[2022-10-27 22:39:09,482] {processor.py:161} INFO - Processing /home/nayara/Documentos/airflowalura/venv/lib/python3.9/site-packages/airflow/example_dags/tutorial.py took 0.530 seconds
[2022-10-27 22:39:55,556] {processor.py:153} INFO - Started process (PID=52663) to work on /home/nayara/Documentos/airflowalura/venv/lib/python3.9/site-packages/airflow/example_dags/tutorial.py
[2022-10-27 22:39:55,602] {processor.py:641} INFO - Processing file /home/nayara/Documentos/airflowalura/venv/lib/python3.9/site-packages/airflow/example_dags/tutorial.py for tasks to queue
[2022-10-27 22:39:55,603] {logging_mixin.py:115} INFO - [2022-10-27 22:39:55,603] {dagbag.py:507} INFO - Filling up the DagBag from /home/nayara/Documentos/airflowalura/venv/lib/python3.9/site-packages/airflow/example_dags/tutorial.py
[2022-10-27 22:39:55,616] {processor.py:651} INFO - DAG(s) dict_keys(['tutorial']) retrieved from /home/nayara/Documentos/airflowalura/venv/lib/python3.9/site-packages/airflow/example_dags/tutorial.py
[2022-10-27 22:39:55,652] {logging_mixin.py:115} INFO - [2022-10-27 22:39:55,652] {dag.py:2379} INFO - Sync 1 DAGs
[2022-10-27 22:39:55,682] {logging_mixin.py:115} INFO - [2022-10-27 22:39:55,682] {dag.py:2927} INFO - Setting next_dagrun for tutorial to 2022-10-27T01:39:55.682391+00:00, run_after=2022-10-28T01:39:55.682391+00:00
[2022-10-27 22:39:57,599] {processor.py:161} INFO - Processing /home/nayara/Documentos/airflowalura/venv/lib/python3.9/site-packages/airflow/example_dags/tutorial.py took 2.055 seconds
[2022-10-27 22:40:51,439] {processor.py:153} INFO - Started process (PID=52771) to work on /home/nayara/Documentos/airflowalura/venv/lib/python3.9/site-packages/airflow/example_dags/tutorial.py
[2022-10-27 22:40:51,474] {processor.py:641} INFO - Processing file /home/nayara/Documentos/airflowalura/venv/lib/python3.9/site-packages/airflow/example_dags/tutorial.py for tasks to queue
[2022-10-27 22:40:51,479] {logging_mixin.py:115} INFO - [2022-10-27 22:40:51,478] {dagbag.py:507} INFO - Filling up the DagBag from /home/nayara/Documentos/airflowalura/venv/lib/python3.9/site-packages/airflow/example_dags/tutorial.py
[2022-10-27 22:40:51,532] {processor.py:651} INFO - DAG(s) dict_keys(['tutorial']) retrieved from /home/nayara/Documentos/airflowalura/venv/lib/python3.9/site-packages/airflow/example_dags/tutorial.py
[2022-10-27 22:40:51,667] {logging_mixin.py:115} INFO - [2022-10-27 22:40:51,666] {dag.py:2379} INFO - Sync 1 DAGs
[2022-10-27 22:40:51,718] {logging_mixin.py:115} INFO - [2022-10-27 22:40:51,718] {dag.py:2927} INFO - Setting next_dagrun for tutorial to 2022-10-27T01:40:51.718423+00:00, run_after=2022-10-28T01:40:51.718423+00:00
[2022-10-27 22:40:52,298] {processor.py:161} INFO - Processing /home/nayara/Documentos/airflowalura/venv/lib/python3.9/site-packages/airflow/example_dags/tutorial.py took 0.875 seconds
[2022-10-27 22:41:34,246] {processor.py:153} INFO - Started process (PID=52850) to work on /home/nayara/Documentos/airflowalura/venv/lib/python3.9/site-packages/airflow/example_dags/tutorial.py
[2022-10-27 22:41:34,263] {processor.py:641} INFO - Processing file /home/nayara/Documentos/airflowalura/venv/lib/python3.9/site-packages/airflow/example_dags/tutorial.py for tasks to queue
[2022-10-27 22:41:34,264] {logging_mixin.py:115} INFO - [2022-10-27 22:41:34,264] {dagbag.py:507} INFO - Filling up the DagBag from /home/nayara/Documentos/airflowalura/venv/lib/python3.9/site-packages/airflow/example_dags/tutorial.py
[2022-10-27 22:41:34,271] {processor.py:651} INFO - DAG(s) dict_keys(['tutorial']) retrieved from /home/nayara/Documentos/airflowalura/venv/lib/python3.9/site-packages/airflow/example_dags/tutorial.py
[2022-10-27 22:41:34,295] {logging_mixin.py:115} INFO - [2022-10-27 22:41:34,295] {dag.py:2379} INFO - Sync 1 DAGs
[2022-10-27 22:41:34,317] {logging_mixin.py:115} INFO - [2022-10-27 22:41:34,317] {dag.py:2927} INFO - Setting next_dagrun for tutorial to 2022-10-27T01:41:34.317097+00:00, run_after=2022-10-28T01:41:34.317097+00:00
[2022-10-27 22:41:34,574] {processor.py:161} INFO - Processing /home/nayara/Documentos/airflowalura/venv/lib/python3.9/site-packages/airflow/example_dags/tutorial.py took 0.335 seconds
[2022-10-27 22:42:16,600] {processor.py:153} INFO - Started process (PID=52956) to work on /home/nayara/Documentos/airflowalura/venv/lib/python3.9/site-packages/airflow/example_dags/tutorial.py
[2022-10-27 22:42:16,620] {processor.py:641} INFO - Processing file /home/nayara/Documentos/airflowalura/venv/lib/python3.9/site-packages/airflow/example_dags/tutorial.py for tasks to queue
[2022-10-27 22:42:16,621] {logging_mixin.py:115} INFO - [2022-10-27 22:42:16,621] {dagbag.py:507} INFO - Filling up the DagBag from /home/nayara/Documentos/airflowalura/venv/lib/python3.9/site-packages/airflow/example_dags/tutorial.py
[2022-10-27 22:42:16,636] {processor.py:651} INFO - DAG(s) dict_keys(['tutorial']) retrieved from /home/nayara/Documentos/airflowalura/venv/lib/python3.9/site-packages/airflow/example_dags/tutorial.py
[2022-10-27 22:42:16,663] {logging_mixin.py:115} INFO - [2022-10-27 22:42:16,663] {dag.py:2379} INFO - Sync 1 DAGs
[2022-10-27 22:42:16,684] {logging_mixin.py:115} INFO - [2022-10-27 22:42:16,684] {dag.py:2927} INFO - Setting next_dagrun for tutorial to 2022-10-27T01:42:16.684334+00:00, run_after=2022-10-28T01:42:16.684334+00:00
[2022-10-27 22:42:16,980] {processor.py:161} INFO - Processing /home/nayara/Documentos/airflowalura/venv/lib/python3.9/site-packages/airflow/example_dags/tutorial.py took 0.393 seconds
[2022-10-27 22:42:55,257] {processor.py:153} INFO - Started process (PID=53015) to work on /home/nayara/Documentos/airflowalura/venv/lib/python3.9/site-packages/airflow/example_dags/tutorial.py
[2022-10-27 22:42:55,284] {processor.py:641} INFO - Processing file /home/nayara/Documentos/airflowalura/venv/lib/python3.9/site-packages/airflow/example_dags/tutorial.py for tasks to queue
[2022-10-27 22:42:55,285] {logging_mixin.py:115} INFO - [2022-10-27 22:42:55,285] {dagbag.py:507} INFO - Filling up the DagBag from /home/nayara/Documentos/airflowalura/venv/lib/python3.9/site-packages/airflow/example_dags/tutorial.py
[2022-10-27 22:42:55,296] {processor.py:651} INFO - DAG(s) dict_keys(['tutorial']) retrieved from /home/nayara/Documentos/airflowalura/venv/lib/python3.9/site-packages/airflow/example_dags/tutorial.py
[2022-10-27 22:42:55,323] {logging_mixin.py:115} INFO - [2022-10-27 22:42:55,323] {dag.py:2379} INFO - Sync 1 DAGs
[2022-10-27 22:42:55,344] {logging_mixin.py:115} INFO - [2022-10-27 22:42:55,344] {dag.py:2927} INFO - Setting next_dagrun for tutorial to 2022-10-27T01:42:55.343887+00:00, run_after=2022-10-28T01:42:55.343887+00:00
[2022-10-27 22:42:55,672] {processor.py:161} INFO - Processing /home/nayara/Documentos/airflowalura/venv/lib/python3.9/site-packages/airflow/example_dags/tutorial.py took 0.426 seconds
[2022-10-27 22:43:31,003] {processor.py:153} INFO - Started process (PID=53101) to work on /home/nayara/Documentos/airflowalura/venv/lib/python3.9/site-packages/airflow/example_dags/tutorial.py
[2022-10-27 22:43:31,025] {processor.py:641} INFO - Processing file /home/nayara/Documentos/airflowalura/venv/lib/python3.9/site-packages/airflow/example_dags/tutorial.py for tasks to queue
[2022-10-27 22:43:31,028] {logging_mixin.py:115} INFO - [2022-10-27 22:43:31,027] {dagbag.py:507} INFO - Filling up the DagBag from /home/nayara/Documentos/airflowalura/venv/lib/python3.9/site-packages/airflow/example_dags/tutorial.py
[2022-10-27 22:43:31,041] {processor.py:651} INFO - DAG(s) dict_keys(['tutorial']) retrieved from /home/nayara/Documentos/airflowalura/venv/lib/python3.9/site-packages/airflow/example_dags/tutorial.py
[2022-10-27 22:43:31,083] {logging_mixin.py:115} INFO - [2022-10-27 22:43:31,083] {dag.py:2379} INFO - Sync 1 DAGs
[2022-10-27 22:43:31,122] {logging_mixin.py:115} INFO - [2022-10-27 22:43:31,122] {dag.py:2927} INFO - Setting next_dagrun for tutorial to 2022-10-27T01:43:31.122116+00:00, run_after=2022-10-28T01:43:31.122116+00:00
[2022-10-27 22:43:31,553] {processor.py:161} INFO - Processing /home/nayara/Documentos/airflowalura/venv/lib/python3.9/site-packages/airflow/example_dags/tutorial.py took 0.555 seconds
[2022-10-27 22:44:12,914] {processor.py:153} INFO - Started process (PID=53184) to work on /home/nayara/Documentos/airflowalura/venv/lib/python3.9/site-packages/airflow/example_dags/tutorial.py
[2022-10-27 22:44:12,939] {processor.py:641} INFO - Processing file /home/nayara/Documentos/airflowalura/venv/lib/python3.9/site-packages/airflow/example_dags/tutorial.py for tasks to queue
[2022-10-27 22:44:12,941] {logging_mixin.py:115} INFO - [2022-10-27 22:44:12,941] {dagbag.py:507} INFO - Filling up the DagBag from /home/nayara/Documentos/airflowalura/venv/lib/python3.9/site-packages/airflow/example_dags/tutorial.py
[2022-10-27 22:44:12,961] {processor.py:651} INFO - DAG(s) dict_keys(['tutorial']) retrieved from /home/nayara/Documentos/airflowalura/venv/lib/python3.9/site-packages/airflow/example_dags/tutorial.py
[2022-10-27 22:44:13,030] {logging_mixin.py:115} INFO - [2022-10-27 22:44:13,030] {dag.py:2379} INFO - Sync 1 DAGs
[2022-10-27 22:44:13,056] {logging_mixin.py:115} INFO - [2022-10-27 22:44:13,056] {dag.py:2927} INFO - Setting next_dagrun for tutorial to 2022-10-27T01:44:13.055470+00:00, run_after=2022-10-28T01:44:13.055470+00:00
[2022-10-27 22:44:13,494] {processor.py:161} INFO - Processing /home/nayara/Documentos/airflowalura/venv/lib/python3.9/site-packages/airflow/example_dags/tutorial.py took 0.589 seconds
[2022-10-27 22:45:06,548] {processor.py:153} INFO - Started process (PID=53345) to work on /home/nayara/Documentos/airflowalura/venv/lib/python3.9/site-packages/airflow/example_dags/tutorial.py
[2022-10-27 22:45:06,580] {processor.py:641} INFO - Processing file /home/nayara/Documentos/airflowalura/venv/lib/python3.9/site-packages/airflow/example_dags/tutorial.py for tasks to queue
[2022-10-27 22:45:06,581] {logging_mixin.py:115} INFO - [2022-10-27 22:45:06,581] {dagbag.py:507} INFO - Filling up the DagBag from /home/nayara/Documentos/airflowalura/venv/lib/python3.9/site-packages/airflow/example_dags/tutorial.py
[2022-10-27 22:45:06,590] {processor.py:651} INFO - DAG(s) dict_keys(['tutorial']) retrieved from /home/nayara/Documentos/airflowalura/venv/lib/python3.9/site-packages/airflow/example_dags/tutorial.py
[2022-10-27 22:45:06,621] {logging_mixin.py:115} INFO - [2022-10-27 22:45:06,621] {dag.py:2379} INFO - Sync 1 DAGs
[2022-10-27 22:45:06,650] {logging_mixin.py:115} INFO - [2022-10-27 22:45:06,650] {dag.py:2927} INFO - Setting next_dagrun for tutorial to 2022-10-27T01:45:06.650405+00:00, run_after=2022-10-28T01:45:06.650405+00:00
[2022-10-27 22:45:07,045] {processor.py:161} INFO - Processing /home/nayara/Documentos/airflowalura/venv/lib/python3.9/site-packages/airflow/example_dags/tutorial.py took 0.513 seconds
[2022-10-27 22:45:40,292] {processor.py:153} INFO - Started process (PID=53416) to work on /home/nayara/Documentos/airflowalura/venv/lib/python3.9/site-packages/airflow/example_dags/tutorial.py
[2022-10-27 22:45:40,361] {processor.py:641} INFO - Processing file /home/nayara/Documentos/airflowalura/venv/lib/python3.9/site-packages/airflow/example_dags/tutorial.py for tasks to queue
[2022-10-27 22:45:40,362] {logging_mixin.py:115} INFO - [2022-10-27 22:45:40,361] {dagbag.py:507} INFO - Filling up the DagBag from /home/nayara/Documentos/airflowalura/venv/lib/python3.9/site-packages/airflow/example_dags/tutorial.py
[2022-10-27 22:45:40,374] {processor.py:651} INFO - DAG(s) dict_keys(['tutorial']) retrieved from /home/nayara/Documentos/airflowalura/venv/lib/python3.9/site-packages/airflow/example_dags/tutorial.py
[2022-10-27 22:45:40,408] {logging_mixin.py:115} INFO - [2022-10-27 22:45:40,408] {dag.py:2379} INFO - Sync 1 DAGs
[2022-10-27 22:45:40,591] {logging_mixin.py:115} INFO - [2022-10-27 22:45:40,591] {dag.py:2927} INFO - Setting next_dagrun for tutorial to 2022-10-27T01:45:40.590782+00:00, run_after=2022-10-28T01:45:40.590782+00:00
[2022-10-27 22:45:40,999] {processor.py:161} INFO - Processing /home/nayara/Documentos/airflowalura/venv/lib/python3.9/site-packages/airflow/example_dags/tutorial.py took 0.725 seconds
[2022-10-27 22:46:34,328] {processor.py:153} INFO - Started process (PID=53524) to work on /home/nayara/Documentos/airflowalura/venv/lib/python3.9/site-packages/airflow/example_dags/tutorial.py
[2022-10-27 22:46:34,385] {processor.py:641} INFO - Processing file /home/nayara/Documentos/airflowalura/venv/lib/python3.9/site-packages/airflow/example_dags/tutorial.py for tasks to queue
[2022-10-27 22:46:34,386] {logging_mixin.py:115} INFO - [2022-10-27 22:46:34,386] {dagbag.py:507} INFO - Filling up the DagBag from /home/nayara/Documentos/airflowalura/venv/lib/python3.9/site-packages/airflow/example_dags/tutorial.py
[2022-10-27 22:46:34,399] {processor.py:651} INFO - DAG(s) dict_keys(['tutorial']) retrieved from /home/nayara/Documentos/airflowalura/venv/lib/python3.9/site-packages/airflow/example_dags/tutorial.py
[2022-10-27 22:46:34,436] {logging_mixin.py:115} INFO - [2022-10-27 22:46:34,436] {dag.py:2379} INFO - Sync 1 DAGs
[2022-10-27 22:46:34,466] {logging_mixin.py:115} INFO - [2022-10-27 22:46:34,466] {dag.py:2927} INFO - Setting next_dagrun for tutorial to 2022-10-27T01:46:34.465713+00:00, run_after=2022-10-28T01:46:34.465713+00:00
[2022-10-27 22:46:35,000] {processor.py:161} INFO - Processing /home/nayara/Documentos/airflowalura/venv/lib/python3.9/site-packages/airflow/example_dags/tutorial.py took 0.679 seconds
[2022-10-27 22:47:20,244] {processor.py:153} INFO - Started process (PID=53637) to work on /home/nayara/Documentos/airflowalura/venv/lib/python3.9/site-packages/airflow/example_dags/tutorial.py
[2022-10-27 22:47:20,268] {processor.py:641} INFO - Processing file /home/nayara/Documentos/airflowalura/venv/lib/python3.9/site-packages/airflow/example_dags/tutorial.py for tasks to queue
[2022-10-27 22:47:20,269] {logging_mixin.py:115} INFO - [2022-10-27 22:47:20,269] {dagbag.py:507} INFO - Filling up the DagBag from /home/nayara/Documentos/airflowalura/venv/lib/python3.9/site-packages/airflow/example_dags/tutorial.py
[2022-10-27 22:47:20,278] {processor.py:651} INFO - DAG(s) dict_keys(['tutorial']) retrieved from /home/nayara/Documentos/airflowalura/venv/lib/python3.9/site-packages/airflow/example_dags/tutorial.py
[2022-10-27 22:47:20,302] {logging_mixin.py:115} INFO - [2022-10-27 22:47:20,302] {dag.py:2379} INFO - Sync 1 DAGs
[2022-10-27 22:47:20,327] {logging_mixin.py:115} INFO - [2022-10-27 22:47:20,327] {dag.py:2927} INFO - Setting next_dagrun for tutorial to 2022-10-27T01:47:20.326807+00:00, run_after=2022-10-28T01:47:20.326807+00:00
[2022-10-27 22:47:20,691] {processor.py:161} INFO - Processing /home/nayara/Documentos/airflowalura/venv/lib/python3.9/site-packages/airflow/example_dags/tutorial.py took 0.450 seconds
[2022-10-27 22:48:08,790] {processor.py:153} INFO - Started process (PID=53740) to work on /home/nayara/Documentos/airflowalura/venv/lib/python3.9/site-packages/airflow/example_dags/tutorial.py
[2022-10-27 22:48:08,816] {processor.py:641} INFO - Processing file /home/nayara/Documentos/airflowalura/venv/lib/python3.9/site-packages/airflow/example_dags/tutorial.py for tasks to queue
[2022-10-27 22:48:08,819] {logging_mixin.py:115} INFO - [2022-10-27 22:48:08,818] {dagbag.py:507} INFO - Filling up the DagBag from /home/nayara/Documentos/airflowalura/venv/lib/python3.9/site-packages/airflow/example_dags/tutorial.py
[2022-10-27 22:48:08,838] {processor.py:651} INFO - DAG(s) dict_keys(['tutorial']) retrieved from /home/nayara/Documentos/airflowalura/venv/lib/python3.9/site-packages/airflow/example_dags/tutorial.py
[2022-10-27 22:48:08,871] {logging_mixin.py:115} INFO - [2022-10-27 22:48:08,870] {dag.py:2379} INFO - Sync 1 DAGs
[2022-10-27 22:48:08,901] {logging_mixin.py:115} INFO - [2022-10-27 22:48:08,901] {dag.py:2927} INFO - Setting next_dagrun for tutorial to 2022-10-27T01:48:08.900684+00:00, run_after=2022-10-28T01:48:08.900684+00:00
[2022-10-27 22:48:09,221] {processor.py:161} INFO - Processing /home/nayara/Documentos/airflowalura/venv/lib/python3.9/site-packages/airflow/example_dags/tutorial.py took 0.452 seconds
[2022-10-27 22:48:55,768] {processor.py:153} INFO - Started process (PID=53832) to work on /home/nayara/Documentos/airflowalura/venv/lib/python3.9/site-packages/airflow/example_dags/tutorial.py
[2022-10-27 22:48:55,786] {processor.py:641} INFO - Processing file /home/nayara/Documentos/airflowalura/venv/lib/python3.9/site-packages/airflow/example_dags/tutorial.py for tasks to queue
[2022-10-27 22:48:55,788] {logging_mixin.py:115} INFO - [2022-10-27 22:48:55,788] {dagbag.py:507} INFO - Filling up the DagBag from /home/nayara/Documentos/airflowalura/venv/lib/python3.9/site-packages/airflow/example_dags/tutorial.py
[2022-10-27 22:48:55,798] {processor.py:651} INFO - DAG(s) dict_keys(['tutorial']) retrieved from /home/nayara/Documentos/airflowalura/venv/lib/python3.9/site-packages/airflow/example_dags/tutorial.py
[2022-10-27 22:48:55,825] {logging_mixin.py:115} INFO - [2022-10-27 22:48:55,825] {dag.py:2379} INFO - Sync 1 DAGs
[2022-10-27 22:48:55,853] {logging_mixin.py:115} INFO - [2022-10-27 22:48:55,852] {dag.py:2927} INFO - Setting next_dagrun for tutorial to 2022-10-27T01:48:55.852003+00:00, run_after=2022-10-28T01:48:55.852003+00:00
[2022-10-27 22:48:56,122] {processor.py:161} INFO - Processing /home/nayara/Documentos/airflowalura/venv/lib/python3.9/site-packages/airflow/example_dags/tutorial.py took 0.372 seconds
[2022-10-27 22:49:37,840] {processor.py:153} INFO - Started process (PID=53922) to work on /home/nayara/Documentos/airflowalura/venv/lib/python3.9/site-packages/airflow/example_dags/tutorial.py
[2022-10-27 22:49:37,866] {processor.py:641} INFO - Processing file /home/nayara/Documentos/airflowalura/venv/lib/python3.9/site-packages/airflow/example_dags/tutorial.py for tasks to queue
[2022-10-27 22:49:37,870] {logging_mixin.py:115} INFO - [2022-10-27 22:49:37,869] {dagbag.py:507} INFO - Filling up the DagBag from /home/nayara/Documentos/airflowalura/venv/lib/python3.9/site-packages/airflow/example_dags/tutorial.py
[2022-10-27 22:49:37,909] {processor.py:651} INFO - DAG(s) dict_keys(['tutorial']) retrieved from /home/nayara/Documentos/airflowalura/venv/lib/python3.9/site-packages/airflow/example_dags/tutorial.py
[2022-10-27 22:49:37,982] {logging_mixin.py:115} INFO - [2022-10-27 22:49:37,982] {dag.py:2379} INFO - Sync 1 DAGs
[2022-10-27 22:49:38,011] {logging_mixin.py:115} INFO - [2022-10-27 22:49:38,011] {dag.py:2927} INFO - Setting next_dagrun for tutorial to 2022-10-27T01:49:38.011106+00:00, run_after=2022-10-28T01:49:38.011106+00:00
[2022-10-27 22:49:38,346] {processor.py:161} INFO - Processing /home/nayara/Documentos/airflowalura/venv/lib/python3.9/site-packages/airflow/example_dags/tutorial.py took 0.524 seconds
[2022-10-27 22:50:21,582] {processor.py:153} INFO - Started process (PID=53998) to work on /home/nayara/Documentos/airflowalura/venv/lib/python3.9/site-packages/airflow/example_dags/tutorial.py
[2022-10-27 22:50:21,584] {processor.py:641} INFO - Processing file /home/nayara/Documentos/airflowalura/venv/lib/python3.9/site-packages/airflow/example_dags/tutorial.py for tasks to queue
[2022-10-27 22:50:21,584] {logging_mixin.py:115} INFO - [2022-10-27 22:50:21,584] {dagbag.py:507} INFO - Filling up the DagBag from /home/nayara/Documentos/airflowalura/venv/lib/python3.9/site-packages/airflow/example_dags/tutorial.py
[2022-10-27 22:50:21,596] {processor.py:651} INFO - DAG(s) dict_keys(['tutorial']) retrieved from /home/nayara/Documentos/airflowalura/venv/lib/python3.9/site-packages/airflow/example_dags/tutorial.py
[2022-10-27 22:50:21,624] {logging_mixin.py:115} INFO - [2022-10-27 22:50:21,624] {dag.py:2379} INFO - Sync 1 DAGs
[2022-10-27 22:50:21,653] {logging_mixin.py:115} INFO - [2022-10-27 22:50:21,653] {dag.py:2927} INFO - Setting next_dagrun for tutorial to 2022-10-27T01:50:21.653095+00:00, run_after=2022-10-28T01:50:21.653095+00:00
[2022-10-27 22:50:21,974] {processor.py:161} INFO - Processing /home/nayara/Documentos/airflowalura/venv/lib/python3.9/site-packages/airflow/example_dags/tutorial.py took 0.395 seconds
[2022-10-27 22:51:06,964] {processor.py:153} INFO - Started process (PID=54086) to work on /home/nayara/Documentos/airflowalura/venv/lib/python3.9/site-packages/airflow/example_dags/tutorial.py
[2022-10-27 22:51:06,972] {processor.py:641} INFO - Processing file /home/nayara/Documentos/airflowalura/venv/lib/python3.9/site-packages/airflow/example_dags/tutorial.py for tasks to queue
[2022-10-27 22:51:06,973] {logging_mixin.py:115} INFO - [2022-10-27 22:51:06,973] {dagbag.py:507} INFO - Filling up the DagBag from /home/nayara/Documentos/airflowalura/venv/lib/python3.9/site-packages/airflow/example_dags/tutorial.py
[2022-10-27 22:51:06,988] {processor.py:651} INFO - DAG(s) dict_keys(['tutorial']) retrieved from /home/nayara/Documentos/airflowalura/venv/lib/python3.9/site-packages/airflow/example_dags/tutorial.py
[2022-10-27 22:51:07,031] {logging_mixin.py:115} INFO - [2022-10-27 22:51:07,031] {dag.py:2379} INFO - Sync 1 DAGs
[2022-10-27 22:51:07,064] {logging_mixin.py:115} INFO - [2022-10-27 22:51:07,064] {dag.py:2927} INFO - Setting next_dagrun for tutorial to 2022-10-27T01:51:07.063768+00:00, run_after=2022-10-28T01:51:07.063768+00:00
[2022-10-27 22:51:07,381] {processor.py:161} INFO - Processing /home/nayara/Documentos/airflowalura/venv/lib/python3.9/site-packages/airflow/example_dags/tutorial.py took 0.425 seconds
[2022-10-27 22:51:57,048] {processor.py:153} INFO - Started process (PID=54197) to work on /home/nayara/Documentos/airflowalura/venv/lib/python3.9/site-packages/airflow/example_dags/tutorial.py
[2022-10-27 22:51:57,139] {processor.py:641} INFO - Processing file /home/nayara/Documentos/airflowalura/venv/lib/python3.9/site-packages/airflow/example_dags/tutorial.py for tasks to queue
[2022-10-27 22:51:57,141] {logging_mixin.py:115} INFO - [2022-10-27 22:51:57,140] {dagbag.py:507} INFO - Filling up the DagBag from /home/nayara/Documentos/airflowalura/venv/lib/python3.9/site-packages/airflow/example_dags/tutorial.py
[2022-10-27 22:51:57,152] {processor.py:651} INFO - DAG(s) dict_keys(['tutorial']) retrieved from /home/nayara/Documentos/airflowalura/venv/lib/python3.9/site-packages/airflow/example_dags/tutorial.py
[2022-10-27 22:51:57,187] {logging_mixin.py:115} INFO - [2022-10-27 22:51:57,187] {dag.py:2379} INFO - Sync 1 DAGs
[2022-10-27 22:51:57,281] {logging_mixin.py:115} INFO - [2022-10-27 22:51:57,281] {dag.py:2927} INFO - Setting next_dagrun for tutorial to 2022-10-27T01:51:57.281302+00:00, run_after=2022-10-28T01:51:57.281302+00:00
[2022-10-27 22:51:57,655] {processor.py:161} INFO - Processing /home/nayara/Documentos/airflowalura/venv/lib/python3.9/site-packages/airflow/example_dags/tutorial.py took 0.613 seconds
[2022-10-27 22:52:52,757] {processor.py:153} INFO - Started process (PID=54284) to work on /home/nayara/Documentos/airflowalura/venv/lib/python3.9/site-packages/airflow/example_dags/tutorial.py
[2022-10-27 22:52:52,772] {processor.py:641} INFO - Processing file /home/nayara/Documentos/airflowalura/venv/lib/python3.9/site-packages/airflow/example_dags/tutorial.py for tasks to queue
[2022-10-27 22:52:52,776] {logging_mixin.py:115} INFO - [2022-10-27 22:52:52,775] {dagbag.py:507} INFO - Filling up the DagBag from /home/nayara/Documentos/airflowalura/venv/lib/python3.9/site-packages/airflow/example_dags/tutorial.py
[2022-10-27 22:52:52,811] {processor.py:651} INFO - DAG(s) dict_keys(['tutorial']) retrieved from /home/nayara/Documentos/airflowalura/venv/lib/python3.9/site-packages/airflow/example_dags/tutorial.py
[2022-10-27 22:52:52,844] {logging_mixin.py:115} INFO - [2022-10-27 22:52:52,844] {dag.py:2379} INFO - Sync 1 DAGs
[2022-10-27 22:52:52,872] {logging_mixin.py:115} INFO - [2022-10-27 22:52:52,871] {dag.py:2927} INFO - Setting next_dagrun for tutorial to 2022-10-27T01:52:52.871046+00:00, run_after=2022-10-28T01:52:52.871046+00:00
[2022-10-27 22:52:53,188] {processor.py:161} INFO - Processing /home/nayara/Documentos/airflowalura/venv/lib/python3.9/site-packages/airflow/example_dags/tutorial.py took 0.451 seconds
[2022-10-27 22:53:37,646] {processor.py:153} INFO - Started process (PID=54370) to work on /home/nayara/Documentos/airflowalura/venv/lib/python3.9/site-packages/airflow/example_dags/tutorial.py
[2022-10-27 22:53:37,667] {processor.py:641} INFO - Processing file /home/nayara/Documentos/airflowalura/venv/lib/python3.9/site-packages/airflow/example_dags/tutorial.py for tasks to queue
[2022-10-27 22:53:37,670] {logging_mixin.py:115} INFO - [2022-10-27 22:53:37,670] {dagbag.py:507} INFO - Filling up the DagBag from /home/nayara/Documentos/airflowalura/venv/lib/python3.9/site-packages/airflow/example_dags/tutorial.py
[2022-10-27 22:53:37,705] {processor.py:651} INFO - DAG(s) dict_keys(['tutorial']) retrieved from /home/nayara/Documentos/airflowalura/venv/lib/python3.9/site-packages/airflow/example_dags/tutorial.py
[2022-10-27 22:53:37,746] {logging_mixin.py:115} INFO - [2022-10-27 22:53:37,746] {dag.py:2379} INFO - Sync 1 DAGs
[2022-10-27 22:53:37,771] {logging_mixin.py:115} INFO - [2022-10-27 22:53:37,771] {dag.py:2927} INFO - Setting next_dagrun for tutorial to 2022-10-27T01:53:37.771263+00:00, run_after=2022-10-28T01:53:37.771263+00:00
[2022-10-27 22:53:38,109] {processor.py:161} INFO - Processing /home/nayara/Documentos/airflowalura/venv/lib/python3.9/site-packages/airflow/example_dags/tutorial.py took 0.481 seconds
[2022-10-27 22:54:27,686] {processor.py:153} INFO - Started process (PID=54473) to work on /home/nayara/Documentos/airflowalura/venv/lib/python3.9/site-packages/airflow/example_dags/tutorial.py
[2022-10-27 22:54:27,716] {processor.py:641} INFO - Processing file /home/nayara/Documentos/airflowalura/venv/lib/python3.9/site-packages/airflow/example_dags/tutorial.py for tasks to queue
[2022-10-27 22:54:27,718] {logging_mixin.py:115} INFO - [2022-10-27 22:54:27,718] {dagbag.py:507} INFO - Filling up the DagBag from /home/nayara/Documentos/airflowalura/venv/lib/python3.9/site-packages/airflow/example_dags/tutorial.py
[2022-10-27 22:54:27,744] {processor.py:651} INFO - DAG(s) dict_keys(['tutorial']) retrieved from /home/nayara/Documentos/airflowalura/venv/lib/python3.9/site-packages/airflow/example_dags/tutorial.py
[2022-10-27 22:54:27,797] {logging_mixin.py:115} INFO - [2022-10-27 22:54:27,797] {dag.py:2379} INFO - Sync 1 DAGs
[2022-10-27 22:54:27,833] {logging_mixin.py:115} INFO - [2022-10-27 22:54:27,833] {dag.py:2927} INFO - Setting next_dagrun for tutorial to 2022-10-27T01:54:27.832688+00:00, run_after=2022-10-28T01:54:27.832688+00:00
[2022-10-27 22:54:28,154] {processor.py:161} INFO - Processing /home/nayara/Documentos/airflowalura/venv/lib/python3.9/site-packages/airflow/example_dags/tutorial.py took 0.480 seconds
[2022-10-27 22:55:18,378] {processor.py:153} INFO - Started process (PID=54576) to work on /home/nayara/Documentos/airflowalura/venv/lib/python3.9/site-packages/airflow/example_dags/tutorial.py
[2022-10-27 22:55:18,399] {processor.py:641} INFO - Processing file /home/nayara/Documentos/airflowalura/venv/lib/python3.9/site-packages/airflow/example_dags/tutorial.py for tasks to queue
[2022-10-27 22:55:18,400] {logging_mixin.py:115} INFO - [2022-10-27 22:55:18,400] {dagbag.py:507} INFO - Filling up the DagBag from /home/nayara/Documentos/airflowalura/venv/lib/python3.9/site-packages/airflow/example_dags/tutorial.py
[2022-10-27 22:55:18,412] {processor.py:651} INFO - DAG(s) dict_keys(['tutorial']) retrieved from /home/nayara/Documentos/airflowalura/venv/lib/python3.9/site-packages/airflow/example_dags/tutorial.py
[2022-10-27 22:55:18,450] {logging_mixin.py:115} INFO - [2022-10-27 22:55:18,450] {dag.py:2379} INFO - Sync 1 DAGs
[2022-10-27 22:55:18,487] {logging_mixin.py:115} INFO - [2022-10-27 22:55:18,487] {dag.py:2927} INFO - Setting next_dagrun for tutorial to 2022-10-27T01:55:18.486905+00:00, run_after=2022-10-28T01:55:18.486905+00:00
[2022-10-27 22:55:18,876] {processor.py:161} INFO - Processing /home/nayara/Documentos/airflowalura/venv/lib/python3.9/site-packages/airflow/example_dags/tutorial.py took 0.503 seconds
[2022-10-27 22:56:08,670] {processor.py:153} INFO - Started process (PID=54667) to work on /home/nayara/Documentos/airflowalura/venv/lib/python3.9/site-packages/airflow/example_dags/tutorial.py
[2022-10-27 22:56:08,684] {processor.py:641} INFO - Processing file /home/nayara/Documentos/airflowalura/venv/lib/python3.9/site-packages/airflow/example_dags/tutorial.py for tasks to queue
[2022-10-27 22:56:08,687] {logging_mixin.py:115} INFO - [2022-10-27 22:56:08,686] {dagbag.py:507} INFO - Filling up the DagBag from /home/nayara/Documentos/airflowalura/venv/lib/python3.9/site-packages/airflow/example_dags/tutorial.py
[2022-10-27 22:56:08,740] {processor.py:651} INFO - DAG(s) dict_keys(['tutorial']) retrieved from /home/nayara/Documentos/airflowalura/venv/lib/python3.9/site-packages/airflow/example_dags/tutorial.py
[2022-10-27 22:56:08,782] {logging_mixin.py:115} INFO - [2022-10-27 22:56:08,782] {dag.py:2379} INFO - Sync 1 DAGs
[2022-10-27 22:56:08,820] {logging_mixin.py:115} INFO - [2022-10-27 22:56:08,820] {dag.py:2927} INFO - Setting next_dagrun for tutorial to 2022-10-27T01:56:08.820372+00:00, run_after=2022-10-28T01:56:08.820372+00:00
[2022-10-27 22:56:09,220] {processor.py:161} INFO - Processing /home/nayara/Documentos/airflowalura/venv/lib/python3.9/site-packages/airflow/example_dags/tutorial.py took 0.555 seconds
[2022-10-27 22:56:54,846] {processor.py:153} INFO - Started process (PID=54812) to work on /home/nayara/Documentos/airflowalura/venv/lib/python3.9/site-packages/airflow/example_dags/tutorial.py
[2022-10-27 22:56:54,862] {processor.py:641} INFO - Processing file /home/nayara/Documentos/airflowalura/venv/lib/python3.9/site-packages/airflow/example_dags/tutorial.py for tasks to queue
[2022-10-27 22:56:54,863] {logging_mixin.py:115} INFO - [2022-10-27 22:56:54,863] {dagbag.py:507} INFO - Filling up the DagBag from /home/nayara/Documentos/airflowalura/venv/lib/python3.9/site-packages/airflow/example_dags/tutorial.py
[2022-10-27 22:56:54,878] {processor.py:651} INFO - DAG(s) dict_keys(['tutorial']) retrieved from /home/nayara/Documentos/airflowalura/venv/lib/python3.9/site-packages/airflow/example_dags/tutorial.py
[2022-10-27 22:56:54,916] {logging_mixin.py:115} INFO - [2022-10-27 22:56:54,916] {dag.py:2379} INFO - Sync 1 DAGs
[2022-10-27 22:56:54,951] {logging_mixin.py:115} INFO - [2022-10-27 22:56:54,951] {dag.py:2927} INFO - Setting next_dagrun for tutorial to 2022-10-27T01:56:54.950702+00:00, run_after=2022-10-28T01:56:54.950702+00:00
[2022-10-27 22:56:55,401] {processor.py:161} INFO - Processing /home/nayara/Documentos/airflowalura/venv/lib/python3.9/site-packages/airflow/example_dags/tutorial.py took 0.561 seconds
