[2022-10-27 22:13:57,943] {processor.py:153} INFO - Started process (PID=48741) to work on /home/nayara/Documentos/airflowalura/venv/lib/python3.9/site-packages/airflow/example_dags/tutorial_etl_dag.py
[2022-10-27 22:13:57,944] {processor.py:641} INFO - Processing file /home/nayara/Documentos/airflowalura/venv/lib/python3.9/site-packages/airflow/example_dags/tutorial_etl_dag.py for tasks to queue
[2022-10-27 22:13:57,944] {logging_mixin.py:115} INFO - [2022-10-27 22:13:57,944] {dagbag.py:507} INFO - Filling up the DagBag from /home/nayara/Documentos/airflowalura/venv/lib/python3.9/site-packages/airflow/example_dags/tutorial_etl_dag.py
[2022-10-27 22:13:57,976] {processor.py:651} INFO - DAG(s) dict_keys(['tutorial_etl_dag']) retrieved from /home/nayara/Documentos/airflowalura/venv/lib/python3.9/site-packages/airflow/example_dags/tutorial_etl_dag.py
[2022-10-27 22:13:59,728] {logging_mixin.py:115} INFO - [2022-10-27 22:13:59,728] {manager.py:508} INFO - Created Permission View: can read on DAG:tutorial_etl_dag
[2022-10-27 22:14:00,388] {logging_mixin.py:115} INFO - [2022-10-27 22:14:00,387] {manager.py:508} INFO - Created Permission View: can delete on DAG:tutorial_etl_dag
[2022-10-27 22:14:00,853] {logging_mixin.py:115} INFO - [2022-10-27 22:14:00,852] {manager.py:508} INFO - Created Permission View: can edit on DAG:tutorial_etl_dag
[2022-10-27 22:14:00,853] {logging_mixin.py:115} INFO - [2022-10-27 22:14:00,853] {dag.py:2379} INFO - Sync 1 DAGs
[2022-10-27 22:14:00,879] {logging_mixin.py:115} INFO - [2022-10-27 22:14:00,879] {dag.py:2398} INFO - Creating ORM DAG for tutorial_etl_dag
[2022-10-27 22:14:00,903] {logging_mixin.py:115} INFO - [2022-10-27 22:14:00,903] {dag.py:2927} INFO - Setting next_dagrun for tutorial_etl_dag to None, run_after=None
[2022-10-27 22:14:01,805] {processor.py:161} INFO - Processing /home/nayara/Documentos/airflowalura/venv/lib/python3.9/site-packages/airflow/example_dags/tutorial_etl_dag.py took 3.876 seconds
[2022-10-27 22:17:30,422] {processor.py:153} INFO - Started process (PID=49219) to work on /home/nayara/Documentos/airflowalura/venv/lib/python3.9/site-packages/airflow/example_dags/tutorial_etl_dag.py
[2022-10-27 22:17:30,439] {processor.py:641} INFO - Processing file /home/nayara/Documentos/airflowalura/venv/lib/python3.9/site-packages/airflow/example_dags/tutorial_etl_dag.py for tasks to queue
[2022-10-27 22:17:30,440] {logging_mixin.py:115} INFO - [2022-10-27 22:17:30,440] {dagbag.py:507} INFO - Filling up the DagBag from /home/nayara/Documentos/airflowalura/venv/lib/python3.9/site-packages/airflow/example_dags/tutorial_etl_dag.py
[2022-10-27 22:17:30,448] {processor.py:651} INFO - DAG(s) dict_keys(['tutorial_etl_dag']) retrieved from /home/nayara/Documentos/airflowalura/venv/lib/python3.9/site-packages/airflow/example_dags/tutorial_etl_dag.py
[2022-10-27 22:17:30,467] {logging_mixin.py:115} INFO - [2022-10-27 22:17:30,467] {dag.py:2379} INFO - Sync 1 DAGs
[2022-10-27 22:17:30,491] {logging_mixin.py:115} INFO - [2022-10-27 22:17:30,491] {dag.py:2927} INFO - Setting next_dagrun for tutorial_etl_dag to None, run_after=None
[2022-10-27 22:17:30,731] {processor.py:161} INFO - Processing /home/nayara/Documentos/airflowalura/venv/lib/python3.9/site-packages/airflow/example_dags/tutorial_etl_dag.py took 0.312 seconds
[2022-10-27 22:18:07,743] {processor.py:153} INFO - Started process (PID=49280) to work on /home/nayara/Documentos/airflowalura/venv/lib/python3.9/site-packages/airflow/example_dags/tutorial_etl_dag.py
[2022-10-27 22:18:07,870] {processor.py:641} INFO - Processing file /home/nayara/Documentos/airflowalura/venv/lib/python3.9/site-packages/airflow/example_dags/tutorial_etl_dag.py for tasks to queue
[2022-10-27 22:18:07,872] {logging_mixin.py:115} INFO - [2022-10-27 22:18:07,872] {dagbag.py:507} INFO - Filling up the DagBag from /home/nayara/Documentos/airflowalura/venv/lib/python3.9/site-packages/airflow/example_dags/tutorial_etl_dag.py
[2022-10-27 22:18:07,903] {processor.py:651} INFO - DAG(s) dict_keys(['tutorial_etl_dag']) retrieved from /home/nayara/Documentos/airflowalura/venv/lib/python3.9/site-packages/airflow/example_dags/tutorial_etl_dag.py
[2022-10-27 22:18:07,926] {logging_mixin.py:115} INFO - [2022-10-27 22:18:07,926] {dag.py:2379} INFO - Sync 1 DAGs
[2022-10-27 22:18:07,949] {logging_mixin.py:115} INFO - [2022-10-27 22:18:07,949] {dag.py:2927} INFO - Setting next_dagrun for tutorial_etl_dag to None, run_after=None
[2022-10-27 22:18:09,082] {processor.py:161} INFO - Processing /home/nayara/Documentos/airflowalura/venv/lib/python3.9/site-packages/airflow/example_dags/tutorial_etl_dag.py took 1.346 seconds
[2022-10-27 22:19:06,023] {processor.py:153} INFO - Started process (PID=49558) to work on /home/nayara/Documentos/airflowalura/venv/lib/python3.9/site-packages/airflow/example_dags/tutorial_etl_dag.py
[2022-10-27 22:19:06,122] {processor.py:641} INFO - Processing file /home/nayara/Documentos/airflowalura/venv/lib/python3.9/site-packages/airflow/example_dags/tutorial_etl_dag.py for tasks to queue
[2022-10-27 22:19:06,123] {logging_mixin.py:115} INFO - [2022-10-27 22:19:06,123] {dagbag.py:507} INFO - Filling up the DagBag from /home/nayara/Documentos/airflowalura/venv/lib/python3.9/site-packages/airflow/example_dags/tutorial_etl_dag.py
[2022-10-27 22:19:06,134] {processor.py:651} INFO - DAG(s) dict_keys(['tutorial_etl_dag']) retrieved from /home/nayara/Documentos/airflowalura/venv/lib/python3.9/site-packages/airflow/example_dags/tutorial_etl_dag.py
[2022-10-27 22:19:06,158] {logging_mixin.py:115} INFO - [2022-10-27 22:19:06,158] {dag.py:2379} INFO - Sync 1 DAGs
[2022-10-27 22:19:06,181] {logging_mixin.py:115} INFO - [2022-10-27 22:19:06,181] {dag.py:2927} INFO - Setting next_dagrun for tutorial_etl_dag to None, run_after=None
[2022-10-27 22:19:07,316] {processor.py:161} INFO - Processing /home/nayara/Documentos/airflowalura/venv/lib/python3.9/site-packages/airflow/example_dags/tutorial_etl_dag.py took 1.300 seconds
[2022-10-27 22:19:56,403] {processor.py:153} INFO - Started process (PID=49763) to work on /home/nayara/Documentos/airflowalura/venv/lib/python3.9/site-packages/airflow/example_dags/tutorial_etl_dag.py
[2022-10-27 22:19:56,426] {processor.py:641} INFO - Processing file /home/nayara/Documentos/airflowalura/venv/lib/python3.9/site-packages/airflow/example_dags/tutorial_etl_dag.py for tasks to queue
[2022-10-27 22:19:56,427] {logging_mixin.py:115} INFO - [2022-10-27 22:19:56,427] {dagbag.py:507} INFO - Filling up the DagBag from /home/nayara/Documentos/airflowalura/venv/lib/python3.9/site-packages/airflow/example_dags/tutorial_etl_dag.py
[2022-10-27 22:19:56,439] {processor.py:651} INFO - DAG(s) dict_keys(['tutorial_etl_dag']) retrieved from /home/nayara/Documentos/airflowalura/venv/lib/python3.9/site-packages/airflow/example_dags/tutorial_etl_dag.py
[2022-10-27 22:19:56,459] {logging_mixin.py:115} INFO - [2022-10-27 22:19:56,459] {dag.py:2379} INFO - Sync 1 DAGs
[2022-10-27 22:19:56,483] {logging_mixin.py:115} INFO - [2022-10-27 22:19:56,483] {dag.py:2927} INFO - Setting next_dagrun for tutorial_etl_dag to None, run_after=None
[2022-10-27 22:19:56,725] {processor.py:161} INFO - Processing /home/nayara/Documentos/airflowalura/venv/lib/python3.9/site-packages/airflow/example_dags/tutorial_etl_dag.py took 0.335 seconds
[2022-10-27 22:20:32,715] {processor.py:153} INFO - Started process (PID=49876) to work on /home/nayara/Documentos/airflowalura/venv/lib/python3.9/site-packages/airflow/example_dags/tutorial_etl_dag.py
[2022-10-27 22:20:32,723] {processor.py:641} INFO - Processing file /home/nayara/Documentos/airflowalura/venv/lib/python3.9/site-packages/airflow/example_dags/tutorial_etl_dag.py for tasks to queue
[2022-10-27 22:20:32,724] {logging_mixin.py:115} INFO - [2022-10-27 22:20:32,724] {dagbag.py:507} INFO - Filling up the DagBag from /home/nayara/Documentos/airflowalura/venv/lib/python3.9/site-packages/airflow/example_dags/tutorial_etl_dag.py
[2022-10-27 22:20:32,740] {processor.py:651} INFO - DAG(s) dict_keys(['tutorial_etl_dag']) retrieved from /home/nayara/Documentos/airflowalura/venv/lib/python3.9/site-packages/airflow/example_dags/tutorial_etl_dag.py
[2022-10-27 22:20:32,771] {logging_mixin.py:115} INFO - [2022-10-27 22:20:32,771] {dag.py:2379} INFO - Sync 1 DAGs
[2022-10-27 22:20:32,810] {logging_mixin.py:115} INFO - [2022-10-27 22:20:32,810] {dag.py:2927} INFO - Setting next_dagrun for tutorial_etl_dag to None, run_after=None
[2022-10-27 22:20:33,185] {processor.py:161} INFO - Processing /home/nayara/Documentos/airflowalura/venv/lib/python3.9/site-packages/airflow/example_dags/tutorial_etl_dag.py took 0.477 seconds
[2022-10-27 22:21:15,563] {processor.py:153} INFO - Started process (PID=49973) to work on /home/nayara/Documentos/airflowalura/venv/lib/python3.9/site-packages/airflow/example_dags/tutorial_etl_dag.py
[2022-10-27 22:21:15,580] {processor.py:641} INFO - Processing file /home/nayara/Documentos/airflowalura/venv/lib/python3.9/site-packages/airflow/example_dags/tutorial_etl_dag.py for tasks to queue
[2022-10-27 22:21:15,584] {logging_mixin.py:115} INFO - [2022-10-27 22:21:15,583] {dagbag.py:507} INFO - Filling up the DagBag from /home/nayara/Documentos/airflowalura/venv/lib/python3.9/site-packages/airflow/example_dags/tutorial_etl_dag.py
[2022-10-27 22:21:15,609] {processor.py:651} INFO - DAG(s) dict_keys(['tutorial_etl_dag']) retrieved from /home/nayara/Documentos/airflowalura/venv/lib/python3.9/site-packages/airflow/example_dags/tutorial_etl_dag.py
[2022-10-27 22:21:15,636] {logging_mixin.py:115} INFO - [2022-10-27 22:21:15,636] {dag.py:2379} INFO - Sync 1 DAGs
[2022-10-27 22:21:15,665] {logging_mixin.py:115} INFO - [2022-10-27 22:21:15,665] {dag.py:2927} INFO - Setting next_dagrun for tutorial_etl_dag to None, run_after=None
[2022-10-27 22:21:15,990] {processor.py:161} INFO - Processing /home/nayara/Documentos/airflowalura/venv/lib/python3.9/site-packages/airflow/example_dags/tutorial_etl_dag.py took 0.446 seconds
[2022-10-27 22:21:55,758] {processor.py:153} INFO - Started process (PID=50074) to work on /home/nayara/Documentos/airflowalura/venv/lib/python3.9/site-packages/airflow/example_dags/tutorial_etl_dag.py
[2022-10-27 22:21:55,774] {processor.py:641} INFO - Processing file /home/nayara/Documentos/airflowalura/venv/lib/python3.9/site-packages/airflow/example_dags/tutorial_etl_dag.py for tasks to queue
[2022-10-27 22:21:55,778] {logging_mixin.py:115} INFO - [2022-10-27 22:21:55,777] {dagbag.py:507} INFO - Filling up the DagBag from /home/nayara/Documentos/airflowalura/venv/lib/python3.9/site-packages/airflow/example_dags/tutorial_etl_dag.py
[2022-10-27 22:21:55,826] {processor.py:651} INFO - DAG(s) dict_keys(['tutorial_etl_dag']) retrieved from /home/nayara/Documentos/airflowalura/venv/lib/python3.9/site-packages/airflow/example_dags/tutorial_etl_dag.py
[2022-10-27 22:21:55,869] {logging_mixin.py:115} INFO - [2022-10-27 22:21:55,869] {dag.py:2379} INFO - Sync 1 DAGs
[2022-10-27 22:21:55,899] {logging_mixin.py:115} INFO - [2022-10-27 22:21:55,899] {dag.py:2927} INFO - Setting next_dagrun for tutorial_etl_dag to None, run_after=None
[2022-10-27 22:21:56,134] {processor.py:161} INFO - Processing /home/nayara/Documentos/airflowalura/venv/lib/python3.9/site-packages/airflow/example_dags/tutorial_etl_dag.py took 0.393 seconds
[2022-10-27 22:22:35,996] {processor.py:153} INFO - Started process (PID=50159) to work on /home/nayara/Documentos/airflowalura/venv/lib/python3.9/site-packages/airflow/example_dags/tutorial_etl_dag.py
[2022-10-27 22:22:36,048] {processor.py:641} INFO - Processing file /home/nayara/Documentos/airflowalura/venv/lib/python3.9/site-packages/airflow/example_dags/tutorial_etl_dag.py for tasks to queue
[2022-10-27 22:22:36,051] {logging_mixin.py:115} INFO - [2022-10-27 22:22:36,050] {dagbag.py:507} INFO - Filling up the DagBag from /home/nayara/Documentos/airflowalura/venv/lib/python3.9/site-packages/airflow/example_dags/tutorial_etl_dag.py
[2022-10-27 22:22:36,100] {processor.py:651} INFO - DAG(s) dict_keys(['tutorial_etl_dag']) retrieved from /home/nayara/Documentos/airflowalura/venv/lib/python3.9/site-packages/airflow/example_dags/tutorial_etl_dag.py
[2022-10-27 22:22:36,157] {logging_mixin.py:115} INFO - [2022-10-27 22:22:36,157] {dag.py:2379} INFO - Sync 1 DAGs
[2022-10-27 22:22:36,189] {logging_mixin.py:115} INFO - [2022-10-27 22:22:36,189] {dag.py:2927} INFO - Setting next_dagrun for tutorial_etl_dag to None, run_after=None
[2022-10-27 22:22:36,538] {processor.py:161} INFO - Processing /home/nayara/Documentos/airflowalura/venv/lib/python3.9/site-packages/airflow/example_dags/tutorial_etl_dag.py took 0.548 seconds
[2022-10-27 22:23:19,257] {processor.py:153} INFO - Started process (PID=50246) to work on /home/nayara/Documentos/airflowalura/venv/lib/python3.9/site-packages/airflow/example_dags/tutorial_etl_dag.py
[2022-10-27 22:23:19,266] {processor.py:641} INFO - Processing file /home/nayara/Documentos/airflowalura/venv/lib/python3.9/site-packages/airflow/example_dags/tutorial_etl_dag.py for tasks to queue
[2022-10-27 22:23:19,267] {logging_mixin.py:115} INFO - [2022-10-27 22:23:19,267] {dagbag.py:507} INFO - Filling up the DagBag from /home/nayara/Documentos/airflowalura/venv/lib/python3.9/site-packages/airflow/example_dags/tutorial_etl_dag.py
[2022-10-27 22:23:19,282] {processor.py:651} INFO - DAG(s) dict_keys(['tutorial_etl_dag']) retrieved from /home/nayara/Documentos/airflowalura/venv/lib/python3.9/site-packages/airflow/example_dags/tutorial_etl_dag.py
[2022-10-27 22:23:19,310] {logging_mixin.py:115} INFO - [2022-10-27 22:23:19,310] {dag.py:2379} INFO - Sync 1 DAGs
[2022-10-27 22:23:19,341] {logging_mixin.py:115} INFO - [2022-10-27 22:23:19,341] {dag.py:2927} INFO - Setting next_dagrun for tutorial_etl_dag to None, run_after=None
[2022-10-27 22:23:19,565] {processor.py:161} INFO - Processing /home/nayara/Documentos/airflowalura/venv/lib/python3.9/site-packages/airflow/example_dags/tutorial_etl_dag.py took 0.321 seconds
[2022-10-27 22:24:02,599] {processor.py:153} INFO - Started process (PID=50357) to work on /home/nayara/Documentos/airflowalura/venv/lib/python3.9/site-packages/airflow/example_dags/tutorial_etl_dag.py
[2022-10-27 22:24:02,622] {processor.py:641} INFO - Processing file /home/nayara/Documentos/airflowalura/venv/lib/python3.9/site-packages/airflow/example_dags/tutorial_etl_dag.py for tasks to queue
[2022-10-27 22:24:02,626] {logging_mixin.py:115} INFO - [2022-10-27 22:24:02,625] {dagbag.py:507} INFO - Filling up the DagBag from /home/nayara/Documentos/airflowalura/venv/lib/python3.9/site-packages/airflow/example_dags/tutorial_etl_dag.py
[2022-10-27 22:24:02,679] {processor.py:651} INFO - DAG(s) dict_keys(['tutorial_etl_dag']) retrieved from /home/nayara/Documentos/airflowalura/venv/lib/python3.9/site-packages/airflow/example_dags/tutorial_etl_dag.py
[2022-10-27 22:24:02,710] {logging_mixin.py:115} INFO - [2022-10-27 22:24:02,710] {dag.py:2379} INFO - Sync 1 DAGs
[2022-10-27 22:24:02,747] {logging_mixin.py:115} INFO - [2022-10-27 22:24:02,747] {dag.py:2927} INFO - Setting next_dagrun for tutorial_etl_dag to None, run_after=None
[2022-10-27 22:24:02,949] {processor.py:161} INFO - Processing /home/nayara/Documentos/airflowalura/venv/lib/python3.9/site-packages/airflow/example_dags/tutorial_etl_dag.py took 0.360 seconds
[2022-10-27 22:24:52,858] {processor.py:153} INFO - Started process (PID=50476) to work on /home/nayara/Documentos/airflowalura/venv/lib/python3.9/site-packages/airflow/example_dags/tutorial_etl_dag.py
[2022-10-27 22:24:52,894] {processor.py:641} INFO - Processing file /home/nayara/Documentos/airflowalura/venv/lib/python3.9/site-packages/airflow/example_dags/tutorial_etl_dag.py for tasks to queue
[2022-10-27 22:24:52,895] {logging_mixin.py:115} INFO - [2022-10-27 22:24:52,895] {dagbag.py:507} INFO - Filling up the DagBag from /home/nayara/Documentos/airflowalura/venv/lib/python3.9/site-packages/airflow/example_dags/tutorial_etl_dag.py
[2022-10-27 22:24:52,908] {processor.py:651} INFO - DAG(s) dict_keys(['tutorial_etl_dag']) retrieved from /home/nayara/Documentos/airflowalura/venv/lib/python3.9/site-packages/airflow/example_dags/tutorial_etl_dag.py
[2022-10-27 22:24:52,937] {logging_mixin.py:115} INFO - [2022-10-27 22:24:52,936] {dag.py:2379} INFO - Sync 1 DAGs
[2022-10-27 22:24:52,981] {logging_mixin.py:115} INFO - [2022-10-27 22:24:52,981] {dag.py:2927} INFO - Setting next_dagrun for tutorial_etl_dag to None, run_after=None
[2022-10-27 22:24:53,190] {processor.py:161} INFO - Processing /home/nayara/Documentos/airflowalura/venv/lib/python3.9/site-packages/airflow/example_dags/tutorial_etl_dag.py took 0.338 seconds
[2022-10-27 22:25:43,484] {processor.py:153} INFO - Started process (PID=50581) to work on /home/nayara/Documentos/airflowalura/venv/lib/python3.9/site-packages/airflow/example_dags/tutorial_etl_dag.py
[2022-10-27 22:25:43,516] {processor.py:641} INFO - Processing file /home/nayara/Documentos/airflowalura/venv/lib/python3.9/site-packages/airflow/example_dags/tutorial_etl_dag.py for tasks to queue
[2022-10-27 22:25:43,517] {logging_mixin.py:115} INFO - [2022-10-27 22:25:43,517] {dagbag.py:507} INFO - Filling up the DagBag from /home/nayara/Documentos/airflowalura/venv/lib/python3.9/site-packages/airflow/example_dags/tutorial_etl_dag.py
[2022-10-27 22:25:43,530] {processor.py:651} INFO - DAG(s) dict_keys(['tutorial_etl_dag']) retrieved from /home/nayara/Documentos/airflowalura/venv/lib/python3.9/site-packages/airflow/example_dags/tutorial_etl_dag.py
[2022-10-27 22:25:43,555] {logging_mixin.py:115} INFO - [2022-10-27 22:25:43,555] {dag.py:2379} INFO - Sync 1 DAGs
[2022-10-27 22:25:43,618] {logging_mixin.py:115} INFO - [2022-10-27 22:25:43,617] {dag.py:2927} INFO - Setting next_dagrun for tutorial_etl_dag to None, run_after=None
[2022-10-27 22:25:44,019] {processor.py:161} INFO - Processing /home/nayara/Documentos/airflowalura/venv/lib/python3.9/site-packages/airflow/example_dags/tutorial_etl_dag.py took 0.546 seconds
[2022-10-27 22:26:40,088] {processor.py:153} INFO - Started process (PID=50694) to work on /home/nayara/Documentos/airflowalura/venv/lib/python3.9/site-packages/airflow/example_dags/tutorial_etl_dag.py
[2022-10-27 22:26:40,107] {processor.py:641} INFO - Processing file /home/nayara/Documentos/airflowalura/venv/lib/python3.9/site-packages/airflow/example_dags/tutorial_etl_dag.py for tasks to queue
[2022-10-27 22:26:40,111] {logging_mixin.py:115} INFO - [2022-10-27 22:26:40,110] {dagbag.py:507} INFO - Filling up the DagBag from /home/nayara/Documentos/airflowalura/venv/lib/python3.9/site-packages/airflow/example_dags/tutorial_etl_dag.py
[2022-10-27 22:26:40,160] {processor.py:651} INFO - DAG(s) dict_keys(['tutorial_etl_dag']) retrieved from /home/nayara/Documentos/airflowalura/venv/lib/python3.9/site-packages/airflow/example_dags/tutorial_etl_dag.py
[2022-10-27 22:26:40,202] {logging_mixin.py:115} INFO - [2022-10-27 22:26:40,202] {dag.py:2379} INFO - Sync 1 DAGs
[2022-10-27 22:26:40,236] {logging_mixin.py:115} INFO - [2022-10-27 22:26:40,236] {dag.py:2927} INFO - Setting next_dagrun for tutorial_etl_dag to None, run_after=None
[2022-10-27 22:26:40,737] {processor.py:161} INFO - Processing /home/nayara/Documentos/airflowalura/venv/lib/python3.9/site-packages/airflow/example_dags/tutorial_etl_dag.py took 0.658 seconds
[2022-10-27 22:27:23,806] {processor.py:153} INFO - Started process (PID=50806) to work on /home/nayara/Documentos/airflowalura/venv/lib/python3.9/site-packages/airflow/example_dags/tutorial_etl_dag.py
[2022-10-27 22:27:23,819] {processor.py:641} INFO - Processing file /home/nayara/Documentos/airflowalura/venv/lib/python3.9/site-packages/airflow/example_dags/tutorial_etl_dag.py for tasks to queue
[2022-10-27 22:27:23,821] {logging_mixin.py:115} INFO - [2022-10-27 22:27:23,821] {dagbag.py:507} INFO - Filling up the DagBag from /home/nayara/Documentos/airflowalura/venv/lib/python3.9/site-packages/airflow/example_dags/tutorial_etl_dag.py
[2022-10-27 22:27:23,855] {processor.py:651} INFO - DAG(s) dict_keys(['tutorial_etl_dag']) retrieved from /home/nayara/Documentos/airflowalura/venv/lib/python3.9/site-packages/airflow/example_dags/tutorial_etl_dag.py
[2022-10-27 22:27:23,903] {logging_mixin.py:115} INFO - [2022-10-27 22:27:23,903] {dag.py:2379} INFO - Sync 1 DAGs
[2022-10-27 22:27:23,947] {logging_mixin.py:115} INFO - [2022-10-27 22:27:23,947] {dag.py:2927} INFO - Setting next_dagrun for tutorial_etl_dag to None, run_after=None
[2022-10-27 22:27:24,182] {processor.py:161} INFO - Processing /home/nayara/Documentos/airflowalura/venv/lib/python3.9/site-packages/airflow/example_dags/tutorial_etl_dag.py took 0.390 seconds
[2022-10-27 22:28:08,679] {processor.py:153} INFO - Started process (PID=50974) to work on /home/nayara/Documentos/airflowalura/venv/lib/python3.9/site-packages/airflow/example_dags/tutorial_etl_dag.py
[2022-10-27 22:28:08,738] {processor.py:641} INFO - Processing file /home/nayara/Documentos/airflowalura/venv/lib/python3.9/site-packages/airflow/example_dags/tutorial_etl_dag.py for tasks to queue
[2022-10-27 22:28:08,739] {logging_mixin.py:115} INFO - [2022-10-27 22:28:08,739] {dagbag.py:507} INFO - Filling up the DagBag from /home/nayara/Documentos/airflowalura/venv/lib/python3.9/site-packages/airflow/example_dags/tutorial_etl_dag.py
[2022-10-27 22:28:08,753] {processor.py:651} INFO - DAG(s) dict_keys(['tutorial_etl_dag']) retrieved from /home/nayara/Documentos/airflowalura/venv/lib/python3.9/site-packages/airflow/example_dags/tutorial_etl_dag.py
[2022-10-27 22:28:08,785] {logging_mixin.py:115} INFO - [2022-10-27 22:28:08,785] {dag.py:2379} INFO - Sync 1 DAGs
[2022-10-27 22:28:08,820] {logging_mixin.py:115} INFO - [2022-10-27 22:28:08,819] {dag.py:2927} INFO - Setting next_dagrun for tutorial_etl_dag to None, run_after=None
[2022-10-27 22:28:09,340] {processor.py:161} INFO - Processing /home/nayara/Documentos/airflowalura/venv/lib/python3.9/site-packages/airflow/example_dags/tutorial_etl_dag.py took 0.666 seconds
[2022-10-27 22:29:02,910] {processor.py:153} INFO - Started process (PID=51100) to work on /home/nayara/Documentos/airflowalura/venv/lib/python3.9/site-packages/airflow/example_dags/tutorial_etl_dag.py
[2022-10-27 22:29:02,923] {processor.py:641} INFO - Processing file /home/nayara/Documentos/airflowalura/venv/lib/python3.9/site-packages/airflow/example_dags/tutorial_etl_dag.py for tasks to queue
[2022-10-27 22:29:02,924] {logging_mixin.py:115} INFO - [2022-10-27 22:29:02,924] {dagbag.py:507} INFO - Filling up the DagBag from /home/nayara/Documentos/airflowalura/venv/lib/python3.9/site-packages/airflow/example_dags/tutorial_etl_dag.py
[2022-10-27 22:29:02,943] {processor.py:651} INFO - DAG(s) dict_keys(['tutorial_etl_dag']) retrieved from /home/nayara/Documentos/airflowalura/venv/lib/python3.9/site-packages/airflow/example_dags/tutorial_etl_dag.py
[2022-10-27 22:29:02,983] {logging_mixin.py:115} INFO - [2022-10-27 22:29:02,983] {dag.py:2379} INFO - Sync 1 DAGs
[2022-10-27 22:29:03,011] {logging_mixin.py:115} INFO - [2022-10-27 22:29:03,011] {dag.py:2927} INFO - Setting next_dagrun for tutorial_etl_dag to None, run_after=None
[2022-10-27 22:29:03,447] {processor.py:161} INFO - Processing /home/nayara/Documentos/airflowalura/venv/lib/python3.9/site-packages/airflow/example_dags/tutorial_etl_dag.py took 0.546 seconds
[2022-10-27 22:29:49,301] {processor.py:153} INFO - Started process (PID=51192) to work on /home/nayara/Documentos/airflowalura/venv/lib/python3.9/site-packages/airflow/example_dags/tutorial_etl_dag.py
[2022-10-27 22:29:49,324] {processor.py:641} INFO - Processing file /home/nayara/Documentos/airflowalura/venv/lib/python3.9/site-packages/airflow/example_dags/tutorial_etl_dag.py for tasks to queue
[2022-10-27 22:29:49,324] {logging_mixin.py:115} INFO - [2022-10-27 22:29:49,324] {dagbag.py:507} INFO - Filling up the DagBag from /home/nayara/Documentos/airflowalura/venv/lib/python3.9/site-packages/airflow/example_dags/tutorial_etl_dag.py
[2022-10-27 22:29:49,333] {processor.py:651} INFO - DAG(s) dict_keys(['tutorial_etl_dag']) retrieved from /home/nayara/Documentos/airflowalura/venv/lib/python3.9/site-packages/airflow/example_dags/tutorial_etl_dag.py
[2022-10-27 22:29:49,358] {logging_mixin.py:115} INFO - [2022-10-27 22:29:49,358] {dag.py:2379} INFO - Sync 1 DAGs
[2022-10-27 22:29:49,379] {logging_mixin.py:115} INFO - [2022-10-27 22:29:49,379] {dag.py:2927} INFO - Setting next_dagrun for tutorial_etl_dag to None, run_after=None
[2022-10-27 22:29:49,604] {processor.py:161} INFO - Processing /home/nayara/Documentos/airflowalura/venv/lib/python3.9/site-packages/airflow/example_dags/tutorial_etl_dag.py took 0.313 seconds
[2022-10-27 22:30:29,796] {processor.py:153} INFO - Started process (PID=51262) to work on /home/nayara/Documentos/airflowalura/venv/lib/python3.9/site-packages/airflow/example_dags/tutorial_etl_dag.py
[2022-10-27 22:30:29,810] {processor.py:641} INFO - Processing file /home/nayara/Documentos/airflowalura/venv/lib/python3.9/site-packages/airflow/example_dags/tutorial_etl_dag.py for tasks to queue
[2022-10-27 22:30:29,811] {logging_mixin.py:115} INFO - [2022-10-27 22:30:29,811] {dagbag.py:507} INFO - Filling up the DagBag from /home/nayara/Documentos/airflowalura/venv/lib/python3.9/site-packages/airflow/example_dags/tutorial_etl_dag.py
[2022-10-27 22:30:29,821] {processor.py:651} INFO - DAG(s) dict_keys(['tutorial_etl_dag']) retrieved from /home/nayara/Documentos/airflowalura/venv/lib/python3.9/site-packages/airflow/example_dags/tutorial_etl_dag.py
[2022-10-27 22:30:29,845] {logging_mixin.py:115} INFO - [2022-10-27 22:30:29,845] {dag.py:2379} INFO - Sync 1 DAGs
[2022-10-27 22:30:29,866] {logging_mixin.py:115} INFO - [2022-10-27 22:30:29,866] {dag.py:2927} INFO - Setting next_dagrun for tutorial_etl_dag to None, run_after=None
[2022-10-27 22:30:30,150] {processor.py:161} INFO - Processing /home/nayara/Documentos/airflowalura/venv/lib/python3.9/site-packages/airflow/example_dags/tutorial_etl_dag.py took 0.361 seconds
[2022-10-27 22:31:09,906] {processor.py:153} INFO - Started process (PID=51331) to work on /home/nayara/Documentos/airflowalura/venv/lib/python3.9/site-packages/airflow/example_dags/tutorial_etl_dag.py
[2022-10-27 22:31:09,926] {processor.py:641} INFO - Processing file /home/nayara/Documentos/airflowalura/venv/lib/python3.9/site-packages/airflow/example_dags/tutorial_etl_dag.py for tasks to queue
[2022-10-27 22:31:09,927] {logging_mixin.py:115} INFO - [2022-10-27 22:31:09,927] {dagbag.py:507} INFO - Filling up the DagBag from /home/nayara/Documentos/airflowalura/venv/lib/python3.9/site-packages/airflow/example_dags/tutorial_etl_dag.py
[2022-10-27 22:31:09,940] {processor.py:651} INFO - DAG(s) dict_keys(['tutorial_etl_dag']) retrieved from /home/nayara/Documentos/airflowalura/venv/lib/python3.9/site-packages/airflow/example_dags/tutorial_etl_dag.py
[2022-10-27 22:31:09,966] {logging_mixin.py:115} INFO - [2022-10-27 22:31:09,966] {dag.py:2379} INFO - Sync 1 DAGs
[2022-10-27 22:31:09,988] {logging_mixin.py:115} INFO - [2022-10-27 22:31:09,988] {dag.py:2927} INFO - Setting next_dagrun for tutorial_etl_dag to None, run_after=None
[2022-10-27 22:31:10,222] {processor.py:161} INFO - Processing /home/nayara/Documentos/airflowalura/venv/lib/python3.9/site-packages/airflow/example_dags/tutorial_etl_dag.py took 0.326 seconds
[2022-10-27 22:32:27,458] {processor.py:153} INFO - Started process (PID=51518) to work on /home/nayara/Documentos/airflowalura/venv/lib/python3.9/site-packages/airflow/example_dags/tutorial_etl_dag.py
[2022-10-27 22:32:27,482] {processor.py:641} INFO - Processing file /home/nayara/Documentos/airflowalura/venv/lib/python3.9/site-packages/airflow/example_dags/tutorial_etl_dag.py for tasks to queue
[2022-10-27 22:32:27,485] {logging_mixin.py:115} INFO - [2022-10-27 22:32:27,484] {dagbag.py:507} INFO - Filling up the DagBag from /home/nayara/Documentos/airflowalura/venv/lib/python3.9/site-packages/airflow/example_dags/tutorial_etl_dag.py
[2022-10-27 22:32:27,515] {processor.py:651} INFO - DAG(s) dict_keys(['tutorial_etl_dag']) retrieved from /home/nayara/Documentos/airflowalura/venv/lib/python3.9/site-packages/airflow/example_dags/tutorial_etl_dag.py
[2022-10-27 22:32:27,564] {logging_mixin.py:115} INFO - [2022-10-27 22:32:27,563] {dag.py:2379} INFO - Sync 1 DAGs
[2022-10-27 22:32:27,588] {logging_mixin.py:115} INFO - [2022-10-27 22:32:27,588] {dag.py:2927} INFO - Setting next_dagrun for tutorial_etl_dag to None, run_after=None
[2022-10-27 22:32:27,825] {processor.py:161} INFO - Processing /home/nayara/Documentos/airflowalura/venv/lib/python3.9/site-packages/airflow/example_dags/tutorial_etl_dag.py took 0.379 seconds
[2022-10-27 22:33:13,247] {processor.py:153} INFO - Started process (PID=51613) to work on /home/nayara/Documentos/airflowalura/venv/lib/python3.9/site-packages/airflow/example_dags/tutorial_etl_dag.py
[2022-10-27 22:33:13,251] {processor.py:641} INFO - Processing file /home/nayara/Documentos/airflowalura/venv/lib/python3.9/site-packages/airflow/example_dags/tutorial_etl_dag.py for tasks to queue
[2022-10-27 22:33:13,255] {logging_mixin.py:115} INFO - [2022-10-27 22:33:13,254] {dagbag.py:507} INFO - Filling up the DagBag from /home/nayara/Documentos/airflowalura/venv/lib/python3.9/site-packages/airflow/example_dags/tutorial_etl_dag.py
[2022-10-27 22:33:13,303] {processor.py:651} INFO - DAG(s) dict_keys(['tutorial_etl_dag']) retrieved from /home/nayara/Documentos/airflowalura/venv/lib/python3.9/site-packages/airflow/example_dags/tutorial_etl_dag.py
[2022-10-27 22:33:13,341] {logging_mixin.py:115} INFO - [2022-10-27 22:33:13,341] {dag.py:2379} INFO - Sync 1 DAGs
[2022-10-27 22:33:13,369] {logging_mixin.py:115} INFO - [2022-10-27 22:33:13,369] {dag.py:2927} INFO - Setting next_dagrun for tutorial_etl_dag to None, run_after=None
[2022-10-27 22:33:13,656] {processor.py:161} INFO - Processing /home/nayara/Documentos/airflowalura/venv/lib/python3.9/site-packages/airflow/example_dags/tutorial_etl_dag.py took 0.425 seconds
[2022-10-27 22:33:54,453] {processor.py:153} INFO - Started process (PID=51703) to work on /home/nayara/Documentos/airflowalura/venv/lib/python3.9/site-packages/airflow/example_dags/tutorial_etl_dag.py
[2022-10-27 22:33:54,454] {processor.py:641} INFO - Processing file /home/nayara/Documentos/airflowalura/venv/lib/python3.9/site-packages/airflow/example_dags/tutorial_etl_dag.py for tasks to queue
[2022-10-27 22:33:54,456] {logging_mixin.py:115} INFO - [2022-10-27 22:33:54,455] {dagbag.py:507} INFO - Filling up the DagBag from /home/nayara/Documentos/airflowalura/venv/lib/python3.9/site-packages/airflow/example_dags/tutorial_etl_dag.py
[2022-10-27 22:33:54,473] {processor.py:651} INFO - DAG(s) dict_keys(['tutorial_etl_dag']) retrieved from /home/nayara/Documentos/airflowalura/venv/lib/python3.9/site-packages/airflow/example_dags/tutorial_etl_dag.py
[2022-10-27 22:33:54,522] {logging_mixin.py:115} INFO - [2022-10-27 22:33:54,522] {dag.py:2379} INFO - Sync 1 DAGs
[2022-10-27 22:33:54,553] {logging_mixin.py:115} INFO - [2022-10-27 22:33:54,553] {dag.py:2927} INFO - Setting next_dagrun for tutorial_etl_dag to None, run_after=None
[2022-10-27 22:33:54,866] {processor.py:161} INFO - Processing /home/nayara/Documentos/airflowalura/venv/lib/python3.9/site-packages/airflow/example_dags/tutorial_etl_dag.py took 0.420 seconds
[2022-10-27 22:34:31,220] {processor.py:153} INFO - Started process (PID=51765) to work on /home/nayara/Documentos/airflowalura/venv/lib/python3.9/site-packages/airflow/example_dags/tutorial_etl_dag.py
[2022-10-27 22:34:31,221] {processor.py:641} INFO - Processing file /home/nayara/Documentos/airflowalura/venv/lib/python3.9/site-packages/airflow/example_dags/tutorial_etl_dag.py for tasks to queue
[2022-10-27 22:34:31,222] {logging_mixin.py:115} INFO - [2022-10-27 22:34:31,222] {dagbag.py:507} INFO - Filling up the DagBag from /home/nayara/Documentos/airflowalura/venv/lib/python3.9/site-packages/airflow/example_dags/tutorial_etl_dag.py
[2022-10-27 22:34:31,231] {processor.py:651} INFO - DAG(s) dict_keys(['tutorial_etl_dag']) retrieved from /home/nayara/Documentos/airflowalura/venv/lib/python3.9/site-packages/airflow/example_dags/tutorial_etl_dag.py
[2022-10-27 22:34:31,254] {logging_mixin.py:115} INFO - [2022-10-27 22:34:31,253] {dag.py:2379} INFO - Sync 1 DAGs
[2022-10-27 22:34:31,274] {logging_mixin.py:115} INFO - [2022-10-27 22:34:31,274] {dag.py:2927} INFO - Setting next_dagrun for tutorial_etl_dag to None, run_after=None
[2022-10-27 22:34:31,527] {processor.py:161} INFO - Processing /home/nayara/Documentos/airflowalura/venv/lib/python3.9/site-packages/airflow/example_dags/tutorial_etl_dag.py took 0.313 seconds
[2022-10-27 22:35:09,944] {processor.py:153} INFO - Started process (PID=51821) to work on /home/nayara/Documentos/airflowalura/venv/lib/python3.9/site-packages/airflow/example_dags/tutorial_etl_dag.py
[2022-10-27 22:35:09,955] {processor.py:641} INFO - Processing file /home/nayara/Documentos/airflowalura/venv/lib/python3.9/site-packages/airflow/example_dags/tutorial_etl_dag.py for tasks to queue
[2022-10-27 22:35:09,957] {logging_mixin.py:115} INFO - [2022-10-27 22:35:09,956] {dagbag.py:507} INFO - Filling up the DagBag from /home/nayara/Documentos/airflowalura/venv/lib/python3.9/site-packages/airflow/example_dags/tutorial_etl_dag.py
[2022-10-27 22:35:09,973] {processor.py:651} INFO - DAG(s) dict_keys(['tutorial_etl_dag']) retrieved from /home/nayara/Documentos/airflowalura/venv/lib/python3.9/site-packages/airflow/example_dags/tutorial_etl_dag.py
[2022-10-27 22:35:09,996] {logging_mixin.py:115} INFO - [2022-10-27 22:35:09,996] {dag.py:2379} INFO - Sync 1 DAGs
[2022-10-27 22:35:10,017] {logging_mixin.py:115} INFO - [2022-10-27 22:35:10,017] {dag.py:2927} INFO - Setting next_dagrun for tutorial_etl_dag to None, run_after=None
[2022-10-27 22:35:10,227] {processor.py:161} INFO - Processing /home/nayara/Documentos/airflowalura/venv/lib/python3.9/site-packages/airflow/example_dags/tutorial_etl_dag.py took 0.297 seconds
[2022-10-27 22:35:48,443] {processor.py:153} INFO - Started process (PID=51883) to work on /home/nayara/Documentos/airflowalura/venv/lib/python3.9/site-packages/airflow/example_dags/tutorial_etl_dag.py
[2022-10-27 22:35:48,471] {processor.py:641} INFO - Processing file /home/nayara/Documentos/airflowalura/venv/lib/python3.9/site-packages/airflow/example_dags/tutorial_etl_dag.py for tasks to queue
[2022-10-27 22:35:48,472] {logging_mixin.py:115} INFO - [2022-10-27 22:35:48,472] {dagbag.py:507} INFO - Filling up the DagBag from /home/nayara/Documentos/airflowalura/venv/lib/python3.9/site-packages/airflow/example_dags/tutorial_etl_dag.py
[2022-10-27 22:35:48,481] {processor.py:651} INFO - DAG(s) dict_keys(['tutorial_etl_dag']) retrieved from /home/nayara/Documentos/airflowalura/venv/lib/python3.9/site-packages/airflow/example_dags/tutorial_etl_dag.py
[2022-10-27 22:35:48,503] {logging_mixin.py:115} INFO - [2022-10-27 22:35:48,503] {dag.py:2379} INFO - Sync 1 DAGs
[2022-10-27 22:35:48,523] {logging_mixin.py:115} INFO - [2022-10-27 22:35:48,523] {dag.py:2927} INFO - Setting next_dagrun for tutorial_etl_dag to None, run_after=None
[2022-10-27 22:35:48,740] {processor.py:161} INFO - Processing /home/nayara/Documentos/airflowalura/venv/lib/python3.9/site-packages/airflow/example_dags/tutorial_etl_dag.py took 0.304 seconds
[2022-10-27 22:36:31,801] {processor.py:153} INFO - Started process (PID=51982) to work on /home/nayara/Documentos/airflowalura/venv/lib/python3.9/site-packages/airflow/example_dags/tutorial_etl_dag.py
[2022-10-27 22:36:31,822] {processor.py:641} INFO - Processing file /home/nayara/Documentos/airflowalura/venv/lib/python3.9/site-packages/airflow/example_dags/tutorial_etl_dag.py for tasks to queue
[2022-10-27 22:36:31,823] {logging_mixin.py:115} INFO - [2022-10-27 22:36:31,823] {dagbag.py:507} INFO - Filling up the DagBag from /home/nayara/Documentos/airflowalura/venv/lib/python3.9/site-packages/airflow/example_dags/tutorial_etl_dag.py
[2022-10-27 22:36:31,851] {processor.py:651} INFO - DAG(s) dict_keys(['tutorial_etl_dag']) retrieved from /home/nayara/Documentos/airflowalura/venv/lib/python3.9/site-packages/airflow/example_dags/tutorial_etl_dag.py
[2022-10-27 22:36:31,896] {logging_mixin.py:115} INFO - [2022-10-27 22:36:31,895] {dag.py:2379} INFO - Sync 1 DAGs
[2022-10-27 22:36:31,926] {logging_mixin.py:115} INFO - [2022-10-27 22:36:31,926] {dag.py:2927} INFO - Setting next_dagrun for tutorial_etl_dag to None, run_after=None
[2022-10-27 22:36:32,359] {processor.py:161} INFO - Processing /home/nayara/Documentos/airflowalura/venv/lib/python3.9/site-packages/airflow/example_dags/tutorial_etl_dag.py took 0.567 seconds
[2022-10-27 22:37:30,801] {processor.py:153} INFO - Started process (PID=52317) to work on /home/nayara/Documentos/airflowalura/venv/lib/python3.9/site-packages/airflow/example_dags/tutorial_etl_dag.py
[2022-10-27 22:37:30,866] {processor.py:641} INFO - Processing file /home/nayara/Documentos/airflowalura/venv/lib/python3.9/site-packages/airflow/example_dags/tutorial_etl_dag.py for tasks to queue
[2022-10-27 22:37:30,868] {logging_mixin.py:115} INFO - [2022-10-27 22:37:30,867] {dagbag.py:507} INFO - Filling up the DagBag from /home/nayara/Documentos/airflowalura/venv/lib/python3.9/site-packages/airflow/example_dags/tutorial_etl_dag.py
[2022-10-27 22:37:30,895] {processor.py:651} INFO - DAG(s) dict_keys(['tutorial_etl_dag']) retrieved from /home/nayara/Documentos/airflowalura/venv/lib/python3.9/site-packages/airflow/example_dags/tutorial_etl_dag.py
[2022-10-27 22:37:30,923] {logging_mixin.py:115} INFO - [2022-10-27 22:37:30,923] {dag.py:2379} INFO - Sync 1 DAGs
[2022-10-27 22:37:30,955] {logging_mixin.py:115} INFO - [2022-10-27 22:37:30,955] {dag.py:2927} INFO - Setting next_dagrun for tutorial_etl_dag to None, run_after=None
[2022-10-27 22:37:31,771] {processor.py:161} INFO - Processing /home/nayara/Documentos/airflowalura/venv/lib/python3.9/site-packages/airflow/example_dags/tutorial_etl_dag.py took 0.974 seconds
[2022-10-27 22:38:30,257] {processor.py:153} INFO - Started process (PID=52498) to work on /home/nayara/Documentos/airflowalura/venv/lib/python3.9/site-packages/airflow/example_dags/tutorial_etl_dag.py
[2022-10-27 22:38:30,278] {processor.py:641} INFO - Processing file /home/nayara/Documentos/airflowalura/venv/lib/python3.9/site-packages/airflow/example_dags/tutorial_etl_dag.py for tasks to queue
[2022-10-27 22:38:30,280] {logging_mixin.py:115} INFO - [2022-10-27 22:38:30,279] {dagbag.py:507} INFO - Filling up the DagBag from /home/nayara/Documentos/airflowalura/venv/lib/python3.9/site-packages/airflow/example_dags/tutorial_etl_dag.py
[2022-10-27 22:38:30,316] {processor.py:651} INFO - DAG(s) dict_keys(['tutorial_etl_dag']) retrieved from /home/nayara/Documentos/airflowalura/venv/lib/python3.9/site-packages/airflow/example_dags/tutorial_etl_dag.py
[2022-10-27 22:38:30,361] {logging_mixin.py:115} INFO - [2022-10-27 22:38:30,360] {dag.py:2379} INFO - Sync 1 DAGs
[2022-10-27 22:38:30,394] {logging_mixin.py:115} INFO - [2022-10-27 22:38:30,394] {dag.py:2927} INFO - Setting next_dagrun for tutorial_etl_dag to None, run_after=None
[2022-10-27 22:38:30,904] {processor.py:161} INFO - Processing /home/nayara/Documentos/airflowalura/venv/lib/python3.9/site-packages/airflow/example_dags/tutorial_etl_dag.py took 0.661 seconds
[2022-10-27 22:39:11,159] {processor.py:153} INFO - Started process (PID=52578) to work on /home/nayara/Documentos/airflowalura/venv/lib/python3.9/site-packages/airflow/example_dags/tutorial_etl_dag.py
[2022-10-27 22:39:11,162] {processor.py:641} INFO - Processing file /home/nayara/Documentos/airflowalura/venv/lib/python3.9/site-packages/airflow/example_dags/tutorial_etl_dag.py for tasks to queue
[2022-10-27 22:39:11,164] {logging_mixin.py:115} INFO - [2022-10-27 22:39:11,164] {dagbag.py:507} INFO - Filling up the DagBag from /home/nayara/Documentos/airflowalura/venv/lib/python3.9/site-packages/airflow/example_dags/tutorial_etl_dag.py
[2022-10-27 22:39:11,187] {processor.py:651} INFO - DAG(s) dict_keys(['tutorial_etl_dag']) retrieved from /home/nayara/Documentos/airflowalura/venv/lib/python3.9/site-packages/airflow/example_dags/tutorial_etl_dag.py
[2022-10-27 22:39:11,212] {logging_mixin.py:115} INFO - [2022-10-27 22:39:11,212] {dag.py:2379} INFO - Sync 1 DAGs
[2022-10-27 22:39:11,237] {logging_mixin.py:115} INFO - [2022-10-27 22:39:11,237] {dag.py:2927} INFO - Setting next_dagrun for tutorial_etl_dag to None, run_after=None
[2022-10-27 22:39:11,469] {processor.py:161} INFO - Processing /home/nayara/Documentos/airflowalura/venv/lib/python3.9/site-packages/airflow/example_dags/tutorial_etl_dag.py took 0.327 seconds
[2022-10-27 22:40:00,637] {processor.py:153} INFO - Started process (PID=52687) to work on /home/nayara/Documentos/airflowalura/venv/lib/python3.9/site-packages/airflow/example_dags/tutorial_etl_dag.py
[2022-10-27 22:40:00,715] {processor.py:641} INFO - Processing file /home/nayara/Documentos/airflowalura/venv/lib/python3.9/site-packages/airflow/example_dags/tutorial_etl_dag.py for tasks to queue
[2022-10-27 22:40:00,720] {logging_mixin.py:115} INFO - [2022-10-27 22:40:00,720] {dagbag.py:507} INFO - Filling up the DagBag from /home/nayara/Documentos/airflowalura/venv/lib/python3.9/site-packages/airflow/example_dags/tutorial_etl_dag.py
[2022-10-27 22:40:01,749] {processor.py:651} INFO - DAG(s) dict_keys(['tutorial_etl_dag']) retrieved from /home/nayara/Documentos/airflowalura/venv/lib/python3.9/site-packages/airflow/example_dags/tutorial_etl_dag.py
[2022-10-27 22:40:02,089] {logging_mixin.py:115} INFO - [2022-10-27 22:40:02,089] {dag.py:2379} INFO - Sync 1 DAGs
[2022-10-27 22:40:02,169] {logging_mixin.py:115} INFO - [2022-10-27 22:40:02,169] {dag.py:2927} INFO - Setting next_dagrun for tutorial_etl_dag to None, run_after=None
[2022-10-27 22:40:03,274] {processor.py:161} INFO - Processing /home/nayara/Documentos/airflowalura/venv/lib/python3.9/site-packages/airflow/example_dags/tutorial_etl_dag.py took 2.661 seconds
[2022-10-27 22:40:54,130] {processor.py:153} INFO - Started process (PID=52773) to work on /home/nayara/Documentos/airflowalura/venv/lib/python3.9/site-packages/airflow/example_dags/tutorial_etl_dag.py
[2022-10-27 22:40:54,159] {processor.py:641} INFO - Processing file /home/nayara/Documentos/airflowalura/venv/lib/python3.9/site-packages/airflow/example_dags/tutorial_etl_dag.py for tasks to queue
[2022-10-27 22:40:54,161] {logging_mixin.py:115} INFO - [2022-10-27 22:40:54,161] {dagbag.py:507} INFO - Filling up the DagBag from /home/nayara/Documentos/airflowalura/venv/lib/python3.9/site-packages/airflow/example_dags/tutorial_etl_dag.py
[2022-10-27 22:40:54,177] {processor.py:651} INFO - DAG(s) dict_keys(['tutorial_etl_dag']) retrieved from /home/nayara/Documentos/airflowalura/venv/lib/python3.9/site-packages/airflow/example_dags/tutorial_etl_dag.py
[2022-10-27 22:40:54,208] {logging_mixin.py:115} INFO - [2022-10-27 22:40:54,208] {dag.py:2379} INFO - Sync 1 DAGs
[2022-10-27 22:40:54,244] {logging_mixin.py:115} INFO - [2022-10-27 22:40:54,243] {dag.py:2927} INFO - Setting next_dagrun for tutorial_etl_dag to None, run_after=None
[2022-10-27 22:40:54,591] {processor.py:161} INFO - Processing /home/nayara/Documentos/airflowalura/venv/lib/python3.9/site-packages/airflow/example_dags/tutorial_etl_dag.py took 0.479 seconds
[2022-10-27 22:41:36,096] {processor.py:153} INFO - Started process (PID=52851) to work on /home/nayara/Documentos/airflowalura/venv/lib/python3.9/site-packages/airflow/example_dags/tutorial_etl_dag.py
[2022-10-27 22:41:36,119] {processor.py:641} INFO - Processing file /home/nayara/Documentos/airflowalura/venv/lib/python3.9/site-packages/airflow/example_dags/tutorial_etl_dag.py for tasks to queue
[2022-10-27 22:41:36,119] {logging_mixin.py:115} INFO - [2022-10-27 22:41:36,119] {dagbag.py:507} INFO - Filling up the DagBag from /home/nayara/Documentos/airflowalura/venv/lib/python3.9/site-packages/airflow/example_dags/tutorial_etl_dag.py
[2022-10-27 22:41:36,129] {processor.py:651} INFO - DAG(s) dict_keys(['tutorial_etl_dag']) retrieved from /home/nayara/Documentos/airflowalura/venv/lib/python3.9/site-packages/airflow/example_dags/tutorial_etl_dag.py
[2022-10-27 22:41:36,152] {logging_mixin.py:115} INFO - [2022-10-27 22:41:36,152] {dag.py:2379} INFO - Sync 1 DAGs
[2022-10-27 22:41:36,174] {logging_mixin.py:115} INFO - [2022-10-27 22:41:36,173] {dag.py:2927} INFO - Setting next_dagrun for tutorial_etl_dag to None, run_after=None
[2022-10-27 22:41:36,360] {processor.py:161} INFO - Processing /home/nayara/Documentos/airflowalura/venv/lib/python3.9/site-packages/airflow/example_dags/tutorial_etl_dag.py took 0.275 seconds
[2022-10-27 22:42:18,704] {processor.py:153} INFO - Started process (PID=52958) to work on /home/nayara/Documentos/airflowalura/venv/lib/python3.9/site-packages/airflow/example_dags/tutorial_etl_dag.py
[2022-10-27 22:42:18,728] {processor.py:641} INFO - Processing file /home/nayara/Documentos/airflowalura/venv/lib/python3.9/site-packages/airflow/example_dags/tutorial_etl_dag.py for tasks to queue
[2022-10-27 22:42:18,729] {logging_mixin.py:115} INFO - [2022-10-27 22:42:18,729] {dagbag.py:507} INFO - Filling up the DagBag from /home/nayara/Documentos/airflowalura/venv/lib/python3.9/site-packages/airflow/example_dags/tutorial_etl_dag.py
[2022-10-27 22:42:18,754] {processor.py:651} INFO - DAG(s) dict_keys(['tutorial_etl_dag']) retrieved from /home/nayara/Documentos/airflowalura/venv/lib/python3.9/site-packages/airflow/example_dags/tutorial_etl_dag.py
[2022-10-27 22:42:18,791] {logging_mixin.py:115} INFO - [2022-10-27 22:42:18,791] {dag.py:2379} INFO - Sync 1 DAGs
[2022-10-27 22:42:18,822] {logging_mixin.py:115} INFO - [2022-10-27 22:42:18,821] {dag.py:2927} INFO - Setting next_dagrun for tutorial_etl_dag to None, run_after=None
[2022-10-27 22:42:19,271] {processor.py:161} INFO - Processing /home/nayara/Documentos/airflowalura/venv/lib/python3.9/site-packages/airflow/example_dags/tutorial_etl_dag.py took 0.574 seconds
[2022-10-27 22:42:56,836] {processor.py:153} INFO - Started process (PID=53018) to work on /home/nayara/Documentos/airflowalura/venv/lib/python3.9/site-packages/airflow/example_dags/tutorial_etl_dag.py
[2022-10-27 22:42:56,860] {processor.py:641} INFO - Processing file /home/nayara/Documentos/airflowalura/venv/lib/python3.9/site-packages/airflow/example_dags/tutorial_etl_dag.py for tasks to queue
[2022-10-27 22:42:56,861] {logging_mixin.py:115} INFO - [2022-10-27 22:42:56,861] {dagbag.py:507} INFO - Filling up the DagBag from /home/nayara/Documentos/airflowalura/venv/lib/python3.9/site-packages/airflow/example_dags/tutorial_etl_dag.py
[2022-10-27 22:42:56,874] {processor.py:651} INFO - DAG(s) dict_keys(['tutorial_etl_dag']) retrieved from /home/nayara/Documentos/airflowalura/venv/lib/python3.9/site-packages/airflow/example_dags/tutorial_etl_dag.py
[2022-10-27 22:42:56,902] {logging_mixin.py:115} INFO - [2022-10-27 22:42:56,902] {dag.py:2379} INFO - Sync 1 DAGs
[2022-10-27 22:42:56,923] {logging_mixin.py:115} INFO - [2022-10-27 22:42:56,923] {dag.py:2927} INFO - Setting next_dagrun for tutorial_etl_dag to None, run_after=None
[2022-10-27 22:42:57,137] {processor.py:161} INFO - Processing /home/nayara/Documentos/airflowalura/venv/lib/python3.9/site-packages/airflow/example_dags/tutorial_etl_dag.py took 0.312 seconds
[2022-10-27 22:43:32,244] {processor.py:153} INFO - Started process (PID=53102) to work on /home/nayara/Documentos/airflowalura/venv/lib/python3.9/site-packages/airflow/example_dags/tutorial_etl_dag.py
[2022-10-27 22:43:32,259] {processor.py:641} INFO - Processing file /home/nayara/Documentos/airflowalura/venv/lib/python3.9/site-packages/airflow/example_dags/tutorial_etl_dag.py for tasks to queue
[2022-10-27 22:43:32,262] {logging_mixin.py:115} INFO - [2022-10-27 22:43:32,261] {dagbag.py:507} INFO - Filling up the DagBag from /home/nayara/Documentos/airflowalura/venv/lib/python3.9/site-packages/airflow/example_dags/tutorial_etl_dag.py
[2022-10-27 22:43:32,287] {processor.py:651} INFO - DAG(s) dict_keys(['tutorial_etl_dag']) retrieved from /home/nayara/Documentos/airflowalura/venv/lib/python3.9/site-packages/airflow/example_dags/tutorial_etl_dag.py
[2022-10-27 22:43:32,331] {logging_mixin.py:115} INFO - [2022-10-27 22:43:32,330] {dag.py:2379} INFO - Sync 1 DAGs
[2022-10-27 22:43:32,380] {logging_mixin.py:115} INFO - [2022-10-27 22:43:32,379] {dag.py:2927} INFO - Setting next_dagrun for tutorial_etl_dag to None, run_after=None
[2022-10-27 22:43:32,596] {processor.py:161} INFO - Processing /home/nayara/Documentos/airflowalura/venv/lib/python3.9/site-packages/airflow/example_dags/tutorial_etl_dag.py took 0.363 seconds
[2022-10-27 22:44:14,650] {processor.py:153} INFO - Started process (PID=53185) to work on /home/nayara/Documentos/airflowalura/venv/lib/python3.9/site-packages/airflow/example_dags/tutorial_etl_dag.py
[2022-10-27 22:44:14,672] {processor.py:641} INFO - Processing file /home/nayara/Documentos/airflowalura/venv/lib/python3.9/site-packages/airflow/example_dags/tutorial_etl_dag.py for tasks to queue
[2022-10-27 22:44:14,673] {logging_mixin.py:115} INFO - [2022-10-27 22:44:14,673] {dagbag.py:507} INFO - Filling up the DagBag from /home/nayara/Documentos/airflowalura/venv/lib/python3.9/site-packages/airflow/example_dags/tutorial_etl_dag.py
[2022-10-27 22:44:14,697] {processor.py:651} INFO - DAG(s) dict_keys(['tutorial_etl_dag']) retrieved from /home/nayara/Documentos/airflowalura/venv/lib/python3.9/site-packages/airflow/example_dags/tutorial_etl_dag.py
[2022-10-27 22:44:14,727] {logging_mixin.py:115} INFO - [2022-10-27 22:44:14,727] {dag.py:2379} INFO - Sync 1 DAGs
[2022-10-27 22:44:14,752] {logging_mixin.py:115} INFO - [2022-10-27 22:44:14,752] {dag.py:2927} INFO - Setting next_dagrun for tutorial_etl_dag to None, run_after=None
[2022-10-27 22:44:15,028] {processor.py:161} INFO - Processing /home/nayara/Documentos/airflowalura/venv/lib/python3.9/site-packages/airflow/example_dags/tutorial_etl_dag.py took 0.414 seconds
[2022-10-27 22:45:07,351] {processor.py:153} INFO - Started process (PID=53346) to work on /home/nayara/Documentos/airflowalura/venv/lib/python3.9/site-packages/airflow/example_dags/tutorial_etl_dag.py
[2022-10-27 22:45:07,371] {processor.py:641} INFO - Processing file /home/nayara/Documentos/airflowalura/venv/lib/python3.9/site-packages/airflow/example_dags/tutorial_etl_dag.py for tasks to queue
[2022-10-27 22:45:07,374] {logging_mixin.py:115} INFO - [2022-10-27 22:45:07,373] {dagbag.py:507} INFO - Filling up the DagBag from /home/nayara/Documentos/airflowalura/venv/lib/python3.9/site-packages/airflow/example_dags/tutorial_etl_dag.py
[2022-10-27 22:45:07,407] {processor.py:651} INFO - DAG(s) dict_keys(['tutorial_etl_dag']) retrieved from /home/nayara/Documentos/airflowalura/venv/lib/python3.9/site-packages/airflow/example_dags/tutorial_etl_dag.py
[2022-10-27 22:45:07,426] {logging_mixin.py:115} INFO - [2022-10-27 22:45:07,426] {dag.py:2379} INFO - Sync 1 DAGs
[2022-10-27 22:45:07,447] {logging_mixin.py:115} INFO - [2022-10-27 22:45:07,447] {dag.py:2927} INFO - Setting next_dagrun for tutorial_etl_dag to None, run_after=None
[2022-10-27 22:45:07,831] {processor.py:161} INFO - Processing /home/nayara/Documentos/airflowalura/venv/lib/python3.9/site-packages/airflow/example_dags/tutorial_etl_dag.py took 0.494 seconds
[2022-10-27 22:46:07,447] {processor.py:153} INFO - Started process (PID=53457) to work on /home/nayara/Documentos/airflowalura/venv/lib/python3.9/site-packages/airflow/example_dags/tutorial_etl_dag.py
[2022-10-27 22:46:07,472] {processor.py:641} INFO - Processing file /home/nayara/Documentos/airflowalura/venv/lib/python3.9/site-packages/airflow/example_dags/tutorial_etl_dag.py for tasks to queue
[2022-10-27 22:46:07,473] {logging_mixin.py:115} INFO - [2022-10-27 22:46:07,473] {dagbag.py:507} INFO - Filling up the DagBag from /home/nayara/Documentos/airflowalura/venv/lib/python3.9/site-packages/airflow/example_dags/tutorial_etl_dag.py
[2022-10-27 22:46:07,499] {processor.py:651} INFO - DAG(s) dict_keys(['tutorial_etl_dag']) retrieved from /home/nayara/Documentos/airflowalura/venv/lib/python3.9/site-packages/airflow/example_dags/tutorial_etl_dag.py
[2022-10-27 22:46:07,518] {logging_mixin.py:115} INFO - [2022-10-27 22:46:07,518] {dag.py:2379} INFO - Sync 1 DAGs
[2022-10-27 22:46:07,540] {logging_mixin.py:115} INFO - [2022-10-27 22:46:07,540] {dag.py:2927} INFO - Setting next_dagrun for tutorial_etl_dag to None, run_after=None
[2022-10-27 22:46:07,741] {processor.py:161} INFO - Processing /home/nayara/Documentos/airflowalura/venv/lib/python3.9/site-packages/airflow/example_dags/tutorial_etl_dag.py took 0.303 seconds
[2022-10-27 22:46:52,284] {processor.py:153} INFO - Started process (PID=53580) to work on /home/nayara/Documentos/airflowalura/venv/lib/python3.9/site-packages/airflow/example_dags/tutorial_etl_dag.py
[2022-10-27 22:46:52,308] {processor.py:641} INFO - Processing file /home/nayara/Documentos/airflowalura/venv/lib/python3.9/site-packages/airflow/example_dags/tutorial_etl_dag.py for tasks to queue
[2022-10-27 22:46:52,311] {logging_mixin.py:115} INFO - [2022-10-27 22:46:52,310] {dagbag.py:507} INFO - Filling up the DagBag from /home/nayara/Documentos/airflowalura/venv/lib/python3.9/site-packages/airflow/example_dags/tutorial_etl_dag.py
[2022-10-27 22:46:52,367] {processor.py:651} INFO - DAG(s) dict_keys(['tutorial_etl_dag']) retrieved from /home/nayara/Documentos/airflowalura/venv/lib/python3.9/site-packages/airflow/example_dags/tutorial_etl_dag.py
[2022-10-27 22:46:52,406] {logging_mixin.py:115} INFO - [2022-10-27 22:46:52,406] {dag.py:2379} INFO - Sync 1 DAGs
[2022-10-27 22:46:52,430] {logging_mixin.py:115} INFO - [2022-10-27 22:46:52,430] {dag.py:2927} INFO - Setting next_dagrun for tutorial_etl_dag to None, run_after=None
[2022-10-27 22:46:52,700] {processor.py:161} INFO - Processing /home/nayara/Documentos/airflowalura/venv/lib/python3.9/site-packages/airflow/example_dags/tutorial_etl_dag.py took 0.432 seconds
[2022-10-27 22:47:43,296] {processor.py:153} INFO - Started process (PID=53691) to work on /home/nayara/Documentos/airflowalura/venv/lib/python3.9/site-packages/airflow/example_dags/tutorial_etl_dag.py
[2022-10-27 22:47:43,318] {processor.py:641} INFO - Processing file /home/nayara/Documentos/airflowalura/venv/lib/python3.9/site-packages/airflow/example_dags/tutorial_etl_dag.py for tasks to queue
[2022-10-27 22:47:43,319] {logging_mixin.py:115} INFO - [2022-10-27 22:47:43,318] {dagbag.py:507} INFO - Filling up the DagBag from /home/nayara/Documentos/airflowalura/venv/lib/python3.9/site-packages/airflow/example_dags/tutorial_etl_dag.py
[2022-10-27 22:47:43,335] {processor.py:651} INFO - DAG(s) dict_keys(['tutorial_etl_dag']) retrieved from /home/nayara/Documentos/airflowalura/venv/lib/python3.9/site-packages/airflow/example_dags/tutorial_etl_dag.py
[2022-10-27 22:47:43,354] {logging_mixin.py:115} INFO - [2022-10-27 22:47:43,354] {dag.py:2379} INFO - Sync 1 DAGs
[2022-10-27 22:47:43,375] {logging_mixin.py:115} INFO - [2022-10-27 22:47:43,375] {dag.py:2927} INFO - Setting next_dagrun for tutorial_etl_dag to None, run_after=None
[2022-10-27 22:47:43,848] {processor.py:161} INFO - Processing /home/nayara/Documentos/airflowalura/venv/lib/python3.9/site-packages/airflow/example_dags/tutorial_etl_dag.py took 0.558 seconds
[2022-10-27 22:48:29,996] {processor.py:153} INFO - Started process (PID=53775) to work on /home/nayara/Documentos/airflowalura/venv/lib/python3.9/site-packages/airflow/example_dags/tutorial_etl_dag.py
[2022-10-27 22:48:29,998] {processor.py:641} INFO - Processing file /home/nayara/Documentos/airflowalura/venv/lib/python3.9/site-packages/airflow/example_dags/tutorial_etl_dag.py for tasks to queue
[2022-10-27 22:48:29,998] {logging_mixin.py:115} INFO - [2022-10-27 22:48:29,998] {dagbag.py:507} INFO - Filling up the DagBag from /home/nayara/Documentos/airflowalura/venv/lib/python3.9/site-packages/airflow/example_dags/tutorial_etl_dag.py
[2022-10-27 22:48:30,017] {processor.py:651} INFO - DAG(s) dict_keys(['tutorial_etl_dag']) retrieved from /home/nayara/Documentos/airflowalura/venv/lib/python3.9/site-packages/airflow/example_dags/tutorial_etl_dag.py
[2022-10-27 22:48:30,044] {logging_mixin.py:115} INFO - [2022-10-27 22:48:30,044] {dag.py:2379} INFO - Sync 1 DAGs
[2022-10-27 22:48:30,073] {logging_mixin.py:115} INFO - [2022-10-27 22:48:30,073] {dag.py:2927} INFO - Setting next_dagrun for tutorial_etl_dag to None, run_after=None
[2022-10-27 22:48:30,301] {processor.py:161} INFO - Processing /home/nayara/Documentos/airflowalura/venv/lib/python3.9/site-packages/airflow/example_dags/tutorial_etl_dag.py took 0.309 seconds
[2022-10-27 22:49:12,758] {processor.py:153} INFO - Started process (PID=53866) to work on /home/nayara/Documentos/airflowalura/venv/lib/python3.9/site-packages/airflow/example_dags/tutorial_etl_dag.py
[2022-10-27 22:49:12,760] {processor.py:641} INFO - Processing file /home/nayara/Documentos/airflowalura/venv/lib/python3.9/site-packages/airflow/example_dags/tutorial_etl_dag.py for tasks to queue
[2022-10-27 22:49:12,762] {logging_mixin.py:115} INFO - [2022-10-27 22:49:12,762] {dagbag.py:507} INFO - Filling up the DagBag from /home/nayara/Documentos/airflowalura/venv/lib/python3.9/site-packages/airflow/example_dags/tutorial_etl_dag.py
[2022-10-27 22:49:12,781] {processor.py:651} INFO - DAG(s) dict_keys(['tutorial_etl_dag']) retrieved from /home/nayara/Documentos/airflowalura/venv/lib/python3.9/site-packages/airflow/example_dags/tutorial_etl_dag.py
[2022-10-27 22:49:12,807] {logging_mixin.py:115} INFO - [2022-10-27 22:49:12,807] {dag.py:2379} INFO - Sync 1 DAGs
[2022-10-27 22:49:12,834] {logging_mixin.py:115} INFO - [2022-10-27 22:49:12,834] {dag.py:2927} INFO - Setting next_dagrun for tutorial_etl_dag to None, run_after=None
[2022-10-27 22:49:13,037] {processor.py:161} INFO - Processing /home/nayara/Documentos/airflowalura/venv/lib/python3.9/site-packages/airflow/example_dags/tutorial_etl_dag.py took 0.295 seconds
[2022-10-27 22:49:54,891] {processor.py:153} INFO - Started process (PID=53949) to work on /home/nayara/Documentos/airflowalura/venv/lib/python3.9/site-packages/airflow/example_dags/tutorial_etl_dag.py
[2022-10-27 22:49:54,914] {processor.py:641} INFO - Processing file /home/nayara/Documentos/airflowalura/venv/lib/python3.9/site-packages/airflow/example_dags/tutorial_etl_dag.py for tasks to queue
[2022-10-27 22:49:54,915] {logging_mixin.py:115} INFO - [2022-10-27 22:49:54,915] {dagbag.py:507} INFO - Filling up the DagBag from /home/nayara/Documentos/airflowalura/venv/lib/python3.9/site-packages/airflow/example_dags/tutorial_etl_dag.py
[2022-10-27 22:49:54,932] {processor.py:651} INFO - DAG(s) dict_keys(['tutorial_etl_dag']) retrieved from /home/nayara/Documentos/airflowalura/venv/lib/python3.9/site-packages/airflow/example_dags/tutorial_etl_dag.py
[2022-10-27 22:49:54,966] {logging_mixin.py:115} INFO - [2022-10-27 22:49:54,966] {dag.py:2379} INFO - Sync 1 DAGs
[2022-10-27 22:49:54,995] {logging_mixin.py:115} INFO - [2022-10-27 22:49:54,995] {dag.py:2927} INFO - Setting next_dagrun for tutorial_etl_dag to None, run_after=None
[2022-10-27 22:49:55,239] {processor.py:161} INFO - Processing /home/nayara/Documentos/airflowalura/venv/lib/python3.9/site-packages/airflow/example_dags/tutorial_etl_dag.py took 0.357 seconds
[2022-10-27 22:50:39,890] {processor.py:153} INFO - Started process (PID=54036) to work on /home/nayara/Documentos/airflowalura/venv/lib/python3.9/site-packages/airflow/example_dags/tutorial_etl_dag.py
[2022-10-27 22:50:39,909] {processor.py:641} INFO - Processing file /home/nayara/Documentos/airflowalura/venv/lib/python3.9/site-packages/airflow/example_dags/tutorial_etl_dag.py for tasks to queue
[2022-10-27 22:50:39,911] {logging_mixin.py:115} INFO - [2022-10-27 22:50:39,911] {dagbag.py:507} INFO - Filling up the DagBag from /home/nayara/Documentos/airflowalura/venv/lib/python3.9/site-packages/airflow/example_dags/tutorial_etl_dag.py
[2022-10-27 22:50:39,940] {processor.py:651} INFO - DAG(s) dict_keys(['tutorial_etl_dag']) retrieved from /home/nayara/Documentos/airflowalura/venv/lib/python3.9/site-packages/airflow/example_dags/tutorial_etl_dag.py
[2022-10-27 22:50:39,986] {logging_mixin.py:115} INFO - [2022-10-27 22:50:39,986] {dag.py:2379} INFO - Sync 1 DAGs
[2022-10-27 22:50:40,012] {logging_mixin.py:115} INFO - [2022-10-27 22:50:40,012] {dag.py:2927} INFO - Setting next_dagrun for tutorial_etl_dag to None, run_after=None
[2022-10-27 22:50:40,539] {processor.py:161} INFO - Processing /home/nayara/Documentos/airflowalura/venv/lib/python3.9/site-packages/airflow/example_dags/tutorial_etl_dag.py took 0.662 seconds
[2022-10-27 22:51:27,662] {processor.py:153} INFO - Started process (PID=54113) to work on /home/nayara/Documentos/airflowalura/venv/lib/python3.9/site-packages/airflow/example_dags/tutorial_etl_dag.py
[2022-10-27 22:51:27,686] {processor.py:641} INFO - Processing file /home/nayara/Documentos/airflowalura/venv/lib/python3.9/site-packages/airflow/example_dags/tutorial_etl_dag.py for tasks to queue
[2022-10-27 22:51:27,687] {logging_mixin.py:115} INFO - [2022-10-27 22:51:27,687] {dagbag.py:507} INFO - Filling up the DagBag from /home/nayara/Documentos/airflowalura/venv/lib/python3.9/site-packages/airflow/example_dags/tutorial_etl_dag.py
[2022-10-27 22:51:27,702] {processor.py:651} INFO - DAG(s) dict_keys(['tutorial_etl_dag']) retrieved from /home/nayara/Documentos/airflowalura/venv/lib/python3.9/site-packages/airflow/example_dags/tutorial_etl_dag.py
[2022-10-27 22:51:27,728] {logging_mixin.py:115} INFO - [2022-10-27 22:51:27,728] {dag.py:2379} INFO - Sync 1 DAGs
[2022-10-27 22:51:27,759] {logging_mixin.py:115} INFO - [2022-10-27 22:51:27,759] {dag.py:2927} INFO - Setting next_dagrun for tutorial_etl_dag to None, run_after=None
[2022-10-27 22:51:28,006] {processor.py:161} INFO - Processing /home/nayara/Documentos/airflowalura/venv/lib/python3.9/site-packages/airflow/example_dags/tutorial_etl_dag.py took 0.354 seconds
[2022-10-27 22:52:21,592] {processor.py:153} INFO - Started process (PID=54228) to work on /home/nayara/Documentos/airflowalura/venv/lib/python3.9/site-packages/airflow/example_dags/tutorial_etl_dag.py
[2022-10-27 22:52:21,620] {processor.py:641} INFO - Processing file /home/nayara/Documentos/airflowalura/venv/lib/python3.9/site-packages/airflow/example_dags/tutorial_etl_dag.py for tasks to queue
[2022-10-27 22:52:21,622] {logging_mixin.py:115} INFO - [2022-10-27 22:52:21,621] {dagbag.py:507} INFO - Filling up the DagBag from /home/nayara/Documentos/airflowalura/venv/lib/python3.9/site-packages/airflow/example_dags/tutorial_etl_dag.py
[2022-10-27 22:52:21,643] {processor.py:651} INFO - DAG(s) dict_keys(['tutorial_etl_dag']) retrieved from /home/nayara/Documentos/airflowalura/venv/lib/python3.9/site-packages/airflow/example_dags/tutorial_etl_dag.py
[2022-10-27 22:52:21,689] {logging_mixin.py:115} INFO - [2022-10-27 22:52:21,689] {dag.py:2379} INFO - Sync 1 DAGs
[2022-10-27 22:52:21,717] {logging_mixin.py:115} INFO - [2022-10-27 22:52:21,717] {dag.py:2927} INFO - Setting next_dagrun for tutorial_etl_dag to None, run_after=None
[2022-10-27 22:52:21,933] {processor.py:161} INFO - Processing /home/nayara/Documentos/airflowalura/venv/lib/python3.9/site-packages/airflow/example_dags/tutorial_etl_dag.py took 0.362 seconds
[2022-10-27 22:53:11,447] {processor.py:153} INFO - Started process (PID=54315) to work on /home/nayara/Documentos/airflowalura/venv/lib/python3.9/site-packages/airflow/example_dags/tutorial_etl_dag.py
[2022-10-27 22:53:11,450] {processor.py:641} INFO - Processing file /home/nayara/Documentos/airflowalura/venv/lib/python3.9/site-packages/airflow/example_dags/tutorial_etl_dag.py for tasks to queue
[2022-10-27 22:53:11,453] {logging_mixin.py:115} INFO - [2022-10-27 22:53:11,452] {dagbag.py:507} INFO - Filling up the DagBag from /home/nayara/Documentos/airflowalura/venv/lib/python3.9/site-packages/airflow/example_dags/tutorial_etl_dag.py
[2022-10-27 22:53:11,475] {processor.py:651} INFO - DAG(s) dict_keys(['tutorial_etl_dag']) retrieved from /home/nayara/Documentos/airflowalura/venv/lib/python3.9/site-packages/airflow/example_dags/tutorial_etl_dag.py
[2022-10-27 22:53:11,501] {logging_mixin.py:115} INFO - [2022-10-27 22:53:11,501] {dag.py:2379} INFO - Sync 1 DAGs
[2022-10-27 22:53:11,526] {logging_mixin.py:115} INFO - [2022-10-27 22:53:11,526] {dag.py:2927} INFO - Setting next_dagrun for tutorial_etl_dag to None, run_after=None
[2022-10-27 22:53:11,877] {processor.py:161} INFO - Processing /home/nayara/Documentos/airflowalura/venv/lib/python3.9/site-packages/airflow/example_dags/tutorial_etl_dag.py took 0.453 seconds
[2022-10-27 22:53:55,811] {processor.py:153} INFO - Started process (PID=54406) to work on /home/nayara/Documentos/airflowalura/venv/lib/python3.9/site-packages/airflow/example_dags/tutorial_etl_dag.py
[2022-10-27 22:53:55,831] {processor.py:641} INFO - Processing file /home/nayara/Documentos/airflowalura/venv/lib/python3.9/site-packages/airflow/example_dags/tutorial_etl_dag.py for tasks to queue
[2022-10-27 22:53:55,836] {logging_mixin.py:115} INFO - [2022-10-27 22:53:55,835] {dagbag.py:507} INFO - Filling up the DagBag from /home/nayara/Documentos/airflowalura/venv/lib/python3.9/site-packages/airflow/example_dags/tutorial_etl_dag.py
[2022-10-27 22:53:55,867] {processor.py:651} INFO - DAG(s) dict_keys(['tutorial_etl_dag']) retrieved from /home/nayara/Documentos/airflowalura/venv/lib/python3.9/site-packages/airflow/example_dags/tutorial_etl_dag.py
[2022-10-27 22:53:55,894] {logging_mixin.py:115} INFO - [2022-10-27 22:53:55,894] {dag.py:2379} INFO - Sync 1 DAGs
[2022-10-27 22:53:55,918] {logging_mixin.py:115} INFO - [2022-10-27 22:53:55,918] {dag.py:2927} INFO - Setting next_dagrun for tutorial_etl_dag to None, run_after=None
[2022-10-27 22:53:56,134] {processor.py:161} INFO - Processing /home/nayara/Documentos/airflowalura/venv/lib/python3.9/site-packages/airflow/example_dags/tutorial_etl_dag.py took 0.341 seconds
[2022-10-27 22:54:46,310] {processor.py:153} INFO - Started process (PID=54508) to work on /home/nayara/Documentos/airflowalura/venv/lib/python3.9/site-packages/airflow/example_dags/tutorial_etl_dag.py
[2022-10-27 22:54:46,329] {processor.py:641} INFO - Processing file /home/nayara/Documentos/airflowalura/venv/lib/python3.9/site-packages/airflow/example_dags/tutorial_etl_dag.py for tasks to queue
[2022-10-27 22:54:46,330] {logging_mixin.py:115} INFO - [2022-10-27 22:54:46,330] {dagbag.py:507} INFO - Filling up the DagBag from /home/nayara/Documentos/airflowalura/venv/lib/python3.9/site-packages/airflow/example_dags/tutorial_etl_dag.py
[2022-10-27 22:54:46,345] {processor.py:651} INFO - DAG(s) dict_keys(['tutorial_etl_dag']) retrieved from /home/nayara/Documentos/airflowalura/venv/lib/python3.9/site-packages/airflow/example_dags/tutorial_etl_dag.py
[2022-10-27 22:54:46,366] {logging_mixin.py:115} INFO - [2022-10-27 22:54:46,366] {dag.py:2379} INFO - Sync 1 DAGs
[2022-10-27 22:54:46,388] {logging_mixin.py:115} INFO - [2022-10-27 22:54:46,388] {dag.py:2927} INFO - Setting next_dagrun for tutorial_etl_dag to None, run_after=None
[2022-10-27 22:54:46,613] {processor.py:161} INFO - Processing /home/nayara/Documentos/airflowalura/venv/lib/python3.9/site-packages/airflow/example_dags/tutorial_etl_dag.py took 0.314 seconds
[2022-10-27 22:55:38,850] {processor.py:153} INFO - Started process (PID=54613) to work on /home/nayara/Documentos/airflowalura/venv/lib/python3.9/site-packages/airflow/example_dags/tutorial_etl_dag.py
[2022-10-27 22:55:38,917] {processor.py:641} INFO - Processing file /home/nayara/Documentos/airflowalura/venv/lib/python3.9/site-packages/airflow/example_dags/tutorial_etl_dag.py for tasks to queue
[2022-10-27 22:55:38,922] {logging_mixin.py:115} INFO - [2022-10-27 22:55:38,921] {dagbag.py:507} INFO - Filling up the DagBag from /home/nayara/Documentos/airflowalura/venv/lib/python3.9/site-packages/airflow/example_dags/tutorial_etl_dag.py
[2022-10-27 22:55:38,969] {processor.py:651} INFO - DAG(s) dict_keys(['tutorial_etl_dag']) retrieved from /home/nayara/Documentos/airflowalura/venv/lib/python3.9/site-packages/airflow/example_dags/tutorial_etl_dag.py
[2022-10-27 22:55:39,007] {logging_mixin.py:115} INFO - [2022-10-27 22:55:39,007] {dag.py:2379} INFO - Sync 1 DAGs
[2022-10-27 22:55:39,039] {logging_mixin.py:115} INFO - [2022-10-27 22:55:39,039] {dag.py:2927} INFO - Setting next_dagrun for tutorial_etl_dag to None, run_after=None
[2022-10-27 22:55:39,989] {processor.py:161} INFO - Processing /home/nayara/Documentos/airflowalura/venv/lib/python3.9/site-packages/airflow/example_dags/tutorial_etl_dag.py took 1.145 seconds
[2022-10-27 22:56:29,379] {processor.py:153} INFO - Started process (PID=54722) to work on /home/nayara/Documentos/airflowalura/venv/lib/python3.9/site-packages/airflow/example_dags/tutorial_etl_dag.py
[2022-10-27 22:56:29,424] {processor.py:641} INFO - Processing file /home/nayara/Documentos/airflowalura/venv/lib/python3.9/site-packages/airflow/example_dags/tutorial_etl_dag.py for tasks to queue
[2022-10-27 22:56:29,427] {logging_mixin.py:115} INFO - [2022-10-27 22:56:29,427] {dagbag.py:507} INFO - Filling up the DagBag from /home/nayara/Documentos/airflowalura/venv/lib/python3.9/site-packages/airflow/example_dags/tutorial_etl_dag.py
[2022-10-27 22:56:29,450] {processor.py:651} INFO - DAG(s) dict_keys(['tutorial_etl_dag']) retrieved from /home/nayara/Documentos/airflowalura/venv/lib/python3.9/site-packages/airflow/example_dags/tutorial_etl_dag.py
[2022-10-27 22:56:29,471] {logging_mixin.py:115} INFO - [2022-10-27 22:56:29,471] {dag.py:2379} INFO - Sync 1 DAGs
[2022-10-27 22:56:29,493] {logging_mixin.py:115} INFO - [2022-10-27 22:56:29,493] {dag.py:2927} INFO - Setting next_dagrun for tutorial_etl_dag to None, run_after=None
[2022-10-27 22:56:29,750] {processor.py:161} INFO - Processing /home/nayara/Documentos/airflowalura/venv/lib/python3.9/site-packages/airflow/example_dags/tutorial_etl_dag.py took 0.377 seconds
