[2022-10-27 22:14:03,654] {processor.py:153} INFO - Started process (PID=48746) to work on /home/nayara/Documentos/airflowalura/venv/lib/python3.9/site-packages/airflow/example_dags/tutorial_taskflow_api_etl.py
[2022-10-27 22:14:03,655] {processor.py:641} INFO - Processing file /home/nayara/Documentos/airflowalura/venv/lib/python3.9/site-packages/airflow/example_dags/tutorial_taskflow_api_etl.py for tasks to queue
[2022-10-27 22:14:03,656] {logging_mixin.py:115} INFO - [2022-10-27 22:14:03,656] {dagbag.py:507} INFO - Filling up the DagBag from /home/nayara/Documentos/airflowalura/venv/lib/python3.9/site-packages/airflow/example_dags/tutorial_taskflow_api_etl.py
[2022-10-27 22:14:03,723] {processor.py:651} INFO - DAG(s) dict_keys(['tutorial_taskflow_api_etl']) retrieved from /home/nayara/Documentos/airflowalura/venv/lib/python3.9/site-packages/airflow/example_dags/tutorial_taskflow_api_etl.py
[2022-10-27 22:14:05,027] {logging_mixin.py:115} INFO - [2022-10-27 22:14:05,026] {manager.py:508} INFO - Created Permission View: can read on DAG:tutorial_taskflow_api_etl
[2022-10-27 22:14:05,551] {logging_mixin.py:115} INFO - [2022-10-27 22:14:05,550] {manager.py:508} INFO - Created Permission View: can delete on DAG:tutorial_taskflow_api_etl
[2022-10-27 22:14:06,208] {logging_mixin.py:115} INFO - [2022-10-27 22:14:06,198] {manager.py:508} INFO - Created Permission View: can edit on DAG:tutorial_taskflow_api_etl
[2022-10-27 22:14:06,209] {logging_mixin.py:115} INFO - [2022-10-27 22:14:06,209] {dag.py:2379} INFO - Sync 1 DAGs
[2022-10-27 22:14:06,251] {logging_mixin.py:115} INFO - [2022-10-27 22:14:06,251] {dag.py:2398} INFO - Creating ORM DAG for tutorial_taskflow_api_etl
[2022-10-27 22:14:06,293] {logging_mixin.py:115} INFO - [2022-10-27 22:14:06,293] {dag.py:2927} INFO - Setting next_dagrun for tutorial_taskflow_api_etl to None, run_after=None
[2022-10-27 22:14:07,068] {processor.py:161} INFO - Processing /home/nayara/Documentos/airflowalura/venv/lib/python3.9/site-packages/airflow/example_dags/tutorial_taskflow_api_etl.py took 3.428 seconds
[2022-10-27 22:17:30,967] {processor.py:153} INFO - Started process (PID=49220) to work on /home/nayara/Documentos/airflowalura/venv/lib/python3.9/site-packages/airflow/example_dags/tutorial_taskflow_api_etl.py
[2022-10-27 22:17:31,057] {processor.py:641} INFO - Processing file /home/nayara/Documentos/airflowalura/venv/lib/python3.9/site-packages/airflow/example_dags/tutorial_taskflow_api_etl.py for tasks to queue
[2022-10-27 22:17:31,059] {logging_mixin.py:115} INFO - [2022-10-27 22:17:31,059] {dagbag.py:507} INFO - Filling up the DagBag from /home/nayara/Documentos/airflowalura/venv/lib/python3.9/site-packages/airflow/example_dags/tutorial_taskflow_api_etl.py
[2022-10-27 22:17:31,104] {processor.py:651} INFO - DAG(s) dict_keys(['tutorial_taskflow_api_etl']) retrieved from /home/nayara/Documentos/airflowalura/venv/lib/python3.9/site-packages/airflow/example_dags/tutorial_taskflow_api_etl.py
[2022-10-27 22:17:31,163] {logging_mixin.py:115} INFO - [2022-10-27 22:17:31,163] {dag.py:2379} INFO - Sync 1 DAGs
[2022-10-27 22:17:31,182] {logging_mixin.py:115} INFO - [2022-10-27 22:17:31,182] {dag.py:2927} INFO - Setting next_dagrun for tutorial_taskflow_api_etl to None, run_after=None
[2022-10-27 22:17:31,410] {processor.py:161} INFO - Processing /home/nayara/Documentos/airflowalura/venv/lib/python3.9/site-packages/airflow/example_dags/tutorial_taskflow_api_etl.py took 0.451 seconds
[2022-10-27 22:18:10,596] {processor.py:153} INFO - Started process (PID=49287) to work on /home/nayara/Documentos/airflowalura/venv/lib/python3.9/site-packages/airflow/example_dags/tutorial_taskflow_api_etl.py
[2022-10-27 22:18:10,686] {processor.py:641} INFO - Processing file /home/nayara/Documentos/airflowalura/venv/lib/python3.9/site-packages/airflow/example_dags/tutorial_taskflow_api_etl.py for tasks to queue
[2022-10-27 22:18:10,688] {logging_mixin.py:115} INFO - [2022-10-27 22:18:10,687] {dagbag.py:507} INFO - Filling up the DagBag from /home/nayara/Documentos/airflowalura/venv/lib/python3.9/site-packages/airflow/example_dags/tutorial_taskflow_api_etl.py
[2022-10-27 22:18:10,727] {processor.py:651} INFO - DAG(s) dict_keys(['tutorial_taskflow_api_etl']) retrieved from /home/nayara/Documentos/airflowalura/venv/lib/python3.9/site-packages/airflow/example_dags/tutorial_taskflow_api_etl.py
[2022-10-27 22:18:10,799] {logging_mixin.py:115} INFO - [2022-10-27 22:18:10,798] {dag.py:2379} INFO - Sync 1 DAGs
[2022-10-27 22:18:10,823] {logging_mixin.py:115} INFO - [2022-10-27 22:18:10,822] {dag.py:2927} INFO - Setting next_dagrun for tutorial_taskflow_api_etl to None, run_after=None
[2022-10-27 22:18:11,247] {processor.py:161} INFO - Processing /home/nayara/Documentos/airflowalura/venv/lib/python3.9/site-packages/airflow/example_dags/tutorial_taskflow_api_etl.py took 0.655 seconds
[2022-10-27 22:19:09,468] {processor.py:153} INFO - Started process (PID=49566) to work on /home/nayara/Documentos/airflowalura/venv/lib/python3.9/site-packages/airflow/example_dags/tutorial_taskflow_api_etl.py
[2022-10-27 22:19:09,556] {processor.py:641} INFO - Processing file /home/nayara/Documentos/airflowalura/venv/lib/python3.9/site-packages/airflow/example_dags/tutorial_taskflow_api_etl.py for tasks to queue
[2022-10-27 22:19:09,558] {logging_mixin.py:115} INFO - [2022-10-27 22:19:09,558] {dagbag.py:507} INFO - Filling up the DagBag from /home/nayara/Documentos/airflowalura/venv/lib/python3.9/site-packages/airflow/example_dags/tutorial_taskflow_api_etl.py
[2022-10-27 22:19:09,605] {processor.py:651} INFO - DAG(s) dict_keys(['tutorial_taskflow_api_etl']) retrieved from /home/nayara/Documentos/airflowalura/venv/lib/python3.9/site-packages/airflow/example_dags/tutorial_taskflow_api_etl.py
[2022-10-27 22:19:09,678] {logging_mixin.py:115} INFO - [2022-10-27 22:19:09,678] {dag.py:2379} INFO - Sync 1 DAGs
[2022-10-27 22:19:09,702] {logging_mixin.py:115} INFO - [2022-10-27 22:19:09,702] {dag.py:2927} INFO - Setting next_dagrun for tutorial_taskflow_api_etl to None, run_after=None
[2022-10-27 22:19:10,564] {processor.py:161} INFO - Processing /home/nayara/Documentos/airflowalura/venv/lib/python3.9/site-packages/airflow/example_dags/tutorial_taskflow_api_etl.py took 1.106 seconds
[2022-10-27 22:19:57,828] {processor.py:153} INFO - Started process (PID=49764) to work on /home/nayara/Documentos/airflowalura/venv/lib/python3.9/site-packages/airflow/example_dags/tutorial_taskflow_api_etl.py
[2022-10-27 22:19:57,829] {processor.py:641} INFO - Processing file /home/nayara/Documentos/airflowalura/venv/lib/python3.9/site-packages/airflow/example_dags/tutorial_taskflow_api_etl.py for tasks to queue
[2022-10-27 22:19:57,830] {logging_mixin.py:115} INFO - [2022-10-27 22:19:57,830] {dagbag.py:507} INFO - Filling up the DagBag from /home/nayara/Documentos/airflowalura/venv/lib/python3.9/site-packages/airflow/example_dags/tutorial_taskflow_api_etl.py
[2022-10-27 22:19:57,857] {processor.py:651} INFO - DAG(s) dict_keys(['tutorial_taskflow_api_etl']) retrieved from /home/nayara/Documentos/airflowalura/venv/lib/python3.9/site-packages/airflow/example_dags/tutorial_taskflow_api_etl.py
[2022-10-27 22:19:57,879] {logging_mixin.py:115} INFO - [2022-10-27 22:19:57,879] {dag.py:2379} INFO - Sync 1 DAGs
[2022-10-27 22:19:57,900] {logging_mixin.py:115} INFO - [2022-10-27 22:19:57,900] {dag.py:2927} INFO - Setting next_dagrun for tutorial_taskflow_api_etl to None, run_after=None
[2022-10-27 22:19:58,400] {processor.py:161} INFO - Processing /home/nayara/Documentos/airflowalura/venv/lib/python3.9/site-packages/airflow/example_dags/tutorial_taskflow_api_etl.py took 0.577 seconds
[2022-10-27 22:20:50,790] {processor.py:153} INFO - Started process (PID=49915) to work on /home/nayara/Documentos/airflowalura/venv/lib/python3.9/site-packages/airflow/example_dags/tutorial_taskflow_api_etl.py
[2022-10-27 22:20:50,793] {processor.py:641} INFO - Processing file /home/nayara/Documentos/airflowalura/venv/lib/python3.9/site-packages/airflow/example_dags/tutorial_taskflow_api_etl.py for tasks to queue
[2022-10-27 22:20:50,795] {logging_mixin.py:115} INFO - [2022-10-27 22:20:50,795] {dagbag.py:507} INFO - Filling up the DagBag from /home/nayara/Documentos/airflowalura/venv/lib/python3.9/site-packages/airflow/example_dags/tutorial_taskflow_api_etl.py
[2022-10-27 22:20:50,827] {processor.py:651} INFO - DAG(s) dict_keys(['tutorial_taskflow_api_etl']) retrieved from /home/nayara/Documentos/airflowalura/venv/lib/python3.9/site-packages/airflow/example_dags/tutorial_taskflow_api_etl.py
[2022-10-27 22:20:50,854] {logging_mixin.py:115} INFO - [2022-10-27 22:20:50,854] {dag.py:2379} INFO - Sync 1 DAGs
[2022-10-27 22:20:50,878] {logging_mixin.py:115} INFO - [2022-10-27 22:20:50,878] {dag.py:2927} INFO - Setting next_dagrun for tutorial_taskflow_api_etl to None, run_after=None
[2022-10-27 22:20:51,112] {processor.py:161} INFO - Processing /home/nayara/Documentos/airflowalura/venv/lib/python3.9/site-packages/airflow/example_dags/tutorial_taskflow_api_etl.py took 0.338 seconds
[2022-10-27 22:21:31,157] {processor.py:153} INFO - Started process (PID=50000) to work on /home/nayara/Documentos/airflowalura/venv/lib/python3.9/site-packages/airflow/example_dags/tutorial_taskflow_api_etl.py
[2022-10-27 22:21:31,170] {processor.py:641} INFO - Processing file /home/nayara/Documentos/airflowalura/venv/lib/python3.9/site-packages/airflow/example_dags/tutorial_taskflow_api_etl.py for tasks to queue
[2022-10-27 22:21:31,172] {logging_mixin.py:115} INFO - [2022-10-27 22:21:31,172] {dagbag.py:507} INFO - Filling up the DagBag from /home/nayara/Documentos/airflowalura/venv/lib/python3.9/site-packages/airflow/example_dags/tutorial_taskflow_api_etl.py
[2022-10-27 22:21:31,232] {processor.py:651} INFO - DAG(s) dict_keys(['tutorial_taskflow_api_etl']) retrieved from /home/nayara/Documentos/airflowalura/venv/lib/python3.9/site-packages/airflow/example_dags/tutorial_taskflow_api_etl.py
[2022-10-27 22:21:31,258] {logging_mixin.py:115} INFO - [2022-10-27 22:21:31,258] {dag.py:2379} INFO - Sync 1 DAGs
[2022-10-27 22:21:31,283] {logging_mixin.py:115} INFO - [2022-10-27 22:21:31,283] {dag.py:2927} INFO - Setting next_dagrun for tutorial_taskflow_api_etl to None, run_after=None
[2022-10-27 22:21:31,491] {processor.py:161} INFO - Processing /home/nayara/Documentos/airflowalura/venv/lib/python3.9/site-packages/airflow/example_dags/tutorial_taskflow_api_etl.py took 0.352 seconds
[2022-10-27 22:22:11,532] {processor.py:153} INFO - Started process (PID=50098) to work on /home/nayara/Documentos/airflowalura/venv/lib/python3.9/site-packages/airflow/example_dags/tutorial_taskflow_api_etl.py
[2022-10-27 22:22:11,564] {processor.py:641} INFO - Processing file /home/nayara/Documentos/airflowalura/venv/lib/python3.9/site-packages/airflow/example_dags/tutorial_taskflow_api_etl.py for tasks to queue
[2022-10-27 22:22:11,568] {logging_mixin.py:115} INFO - [2022-10-27 22:22:11,567] {dagbag.py:507} INFO - Filling up the DagBag from /home/nayara/Documentos/airflowalura/venv/lib/python3.9/site-packages/airflow/example_dags/tutorial_taskflow_api_etl.py
[2022-10-27 22:22:11,652] {processor.py:651} INFO - DAG(s) dict_keys(['tutorial_taskflow_api_etl']) retrieved from /home/nayara/Documentos/airflowalura/venv/lib/python3.9/site-packages/airflow/example_dags/tutorial_taskflow_api_etl.py
[2022-10-27 22:22:11,720] {logging_mixin.py:115} INFO - [2022-10-27 22:22:11,720] {dag.py:2379} INFO - Sync 1 DAGs
[2022-10-27 22:22:11,743] {logging_mixin.py:115} INFO - [2022-10-27 22:22:11,743] {dag.py:2927} INFO - Setting next_dagrun for tutorial_taskflow_api_etl to None, run_after=None
[2022-10-27 22:22:12,215] {processor.py:161} INFO - Processing /home/nayara/Documentos/airflowalura/venv/lib/python3.9/site-packages/airflow/example_dags/tutorial_taskflow_api_etl.py took 0.702 seconds
[2022-10-27 22:22:54,695] {processor.py:153} INFO - Started process (PID=50198) to work on /home/nayara/Documentos/airflowalura/venv/lib/python3.9/site-packages/airflow/example_dags/tutorial_taskflow_api_etl.py
[2022-10-27 22:22:54,707] {processor.py:641} INFO - Processing file /home/nayara/Documentos/airflowalura/venv/lib/python3.9/site-packages/airflow/example_dags/tutorial_taskflow_api_etl.py for tasks to queue
[2022-10-27 22:22:54,710] {logging_mixin.py:115} INFO - [2022-10-27 22:22:54,709] {dagbag.py:507} INFO - Filling up the DagBag from /home/nayara/Documentos/airflowalura/venv/lib/python3.9/site-packages/airflow/example_dags/tutorial_taskflow_api_etl.py
[2022-10-27 22:22:54,771] {processor.py:651} INFO - DAG(s) dict_keys(['tutorial_taskflow_api_etl']) retrieved from /home/nayara/Documentos/airflowalura/venv/lib/python3.9/site-packages/airflow/example_dags/tutorial_taskflow_api_etl.py
[2022-10-27 22:22:54,800] {logging_mixin.py:115} INFO - [2022-10-27 22:22:54,800] {dag.py:2379} INFO - Sync 1 DAGs
[2022-10-27 22:22:54,830] {logging_mixin.py:115} INFO - [2022-10-27 22:22:54,830] {dag.py:2927} INFO - Setting next_dagrun for tutorial_taskflow_api_etl to None, run_after=None
[2022-10-27 22:22:55,045] {processor.py:161} INFO - Processing /home/nayara/Documentos/airflowalura/venv/lib/python3.9/site-packages/airflow/example_dags/tutorial_taskflow_api_etl.py took 0.364 seconds
[2022-10-27 22:23:34,896] {processor.py:153} INFO - Started process (PID=50288) to work on /home/nayara/Documentos/airflowalura/venv/lib/python3.9/site-packages/airflow/example_dags/tutorial_taskflow_api_etl.py
[2022-10-27 22:23:35,000] {processor.py:641} INFO - Processing file /home/nayara/Documentos/airflowalura/venv/lib/python3.9/site-packages/airflow/example_dags/tutorial_taskflow_api_etl.py for tasks to queue
[2022-10-27 22:23:35,002] {logging_mixin.py:115} INFO - [2022-10-27 22:23:35,001] {dagbag.py:507} INFO - Filling up the DagBag from /home/nayara/Documentos/airflowalura/venv/lib/python3.9/site-packages/airflow/example_dags/tutorial_taskflow_api_etl.py
[2022-10-27 22:23:35,047] {processor.py:651} INFO - DAG(s) dict_keys(['tutorial_taskflow_api_etl']) retrieved from /home/nayara/Documentos/airflowalura/venv/lib/python3.9/site-packages/airflow/example_dags/tutorial_taskflow_api_etl.py
[2022-10-27 22:23:35,069] {logging_mixin.py:115} INFO - [2022-10-27 22:23:35,069] {dag.py:2379} INFO - Sync 1 DAGs
[2022-10-27 22:23:35,090] {logging_mixin.py:115} INFO - [2022-10-27 22:23:35,090] {dag.py:2927} INFO - Setting next_dagrun for tutorial_taskflow_api_etl to None, run_after=None
[2022-10-27 22:23:35,572] {processor.py:161} INFO - Processing /home/nayara/Documentos/airflowalura/venv/lib/python3.9/site-packages/airflow/example_dags/tutorial_taskflow_api_etl.py took 0.681 seconds
[2022-10-27 22:24:21,490] {processor.py:153} INFO - Started process (PID=50393) to work on /home/nayara/Documentos/airflowalura/venv/lib/python3.9/site-packages/airflow/example_dags/tutorial_taskflow_api_etl.py
[2022-10-27 22:24:21,549] {processor.py:641} INFO - Processing file /home/nayara/Documentos/airflowalura/venv/lib/python3.9/site-packages/airflow/example_dags/tutorial_taskflow_api_etl.py for tasks to queue
[2022-10-27 22:24:21,552] {logging_mixin.py:115} INFO - [2022-10-27 22:24:21,552] {dagbag.py:507} INFO - Filling up the DagBag from /home/nayara/Documentos/airflowalura/venv/lib/python3.9/site-packages/airflow/example_dags/tutorial_taskflow_api_etl.py
[2022-10-27 22:24:21,607] {processor.py:651} INFO - DAG(s) dict_keys(['tutorial_taskflow_api_etl']) retrieved from /home/nayara/Documentos/airflowalura/venv/lib/python3.9/site-packages/airflow/example_dags/tutorial_taskflow_api_etl.py
[2022-10-27 22:24:21,695] {logging_mixin.py:115} INFO - [2022-10-27 22:24:21,695] {dag.py:2379} INFO - Sync 1 DAGs
[2022-10-27 22:24:21,727] {logging_mixin.py:115} INFO - [2022-10-27 22:24:21,727] {dag.py:2927} INFO - Setting next_dagrun for tutorial_taskflow_api_etl to None, run_after=None
[2022-10-27 22:24:22,010] {processor.py:161} INFO - Processing /home/nayara/Documentos/airflowalura/venv/lib/python3.9/site-packages/airflow/example_dags/tutorial_taskflow_api_etl.py took 0.525 seconds
[2022-10-27 22:25:10,346] {processor.py:153} INFO - Started process (PID=50509) to work on /home/nayara/Documentos/airflowalura/venv/lib/python3.9/site-packages/airflow/example_dags/tutorial_taskflow_api_etl.py
[2022-10-27 22:25:10,363] {processor.py:641} INFO - Processing file /home/nayara/Documentos/airflowalura/venv/lib/python3.9/site-packages/airflow/example_dags/tutorial_taskflow_api_etl.py for tasks to queue
[2022-10-27 22:25:10,365] {logging_mixin.py:115} INFO - [2022-10-27 22:25:10,365] {dagbag.py:507} INFO - Filling up the DagBag from /home/nayara/Documentos/airflowalura/venv/lib/python3.9/site-packages/airflow/example_dags/tutorial_taskflow_api_etl.py
[2022-10-27 22:25:10,436] {processor.py:651} INFO - DAG(s) dict_keys(['tutorial_taskflow_api_etl']) retrieved from /home/nayara/Documentos/airflowalura/venv/lib/python3.9/site-packages/airflow/example_dags/tutorial_taskflow_api_etl.py
[2022-10-27 22:25:10,508] {logging_mixin.py:115} INFO - [2022-10-27 22:25:10,508] {dag.py:2379} INFO - Sync 1 DAGs
[2022-10-27 22:25:10,533] {logging_mixin.py:115} INFO - [2022-10-27 22:25:10,533] {dag.py:2927} INFO - Setting next_dagrun for tutorial_taskflow_api_etl to None, run_after=None
[2022-10-27 22:25:10,751] {processor.py:161} INFO - Processing /home/nayara/Documentos/airflowalura/venv/lib/python3.9/site-packages/airflow/example_dags/tutorial_taskflow_api_etl.py took 0.416 seconds
[2022-10-27 22:26:16,538] {processor.py:153} INFO - Started process (PID=50639) to work on /home/nayara/Documentos/airflowalura/venv/lib/python3.9/site-packages/airflow/example_dags/tutorial_taskflow_api_etl.py
[2022-10-27 22:26:16,553] {processor.py:641} INFO - Processing file /home/nayara/Documentos/airflowalura/venv/lib/python3.9/site-packages/airflow/example_dags/tutorial_taskflow_api_etl.py for tasks to queue
[2022-10-27 22:26:16,554] {logging_mixin.py:115} INFO - [2022-10-27 22:26:16,554] {dagbag.py:507} INFO - Filling up the DagBag from /home/nayara/Documentos/airflowalura/venv/lib/python3.9/site-packages/airflow/example_dags/tutorial_taskflow_api_etl.py
[2022-10-27 22:26:16,591] {processor.py:651} INFO - DAG(s) dict_keys(['tutorial_taskflow_api_etl']) retrieved from /home/nayara/Documentos/airflowalura/venv/lib/python3.9/site-packages/airflow/example_dags/tutorial_taskflow_api_etl.py
[2022-10-27 22:26:16,616] {logging_mixin.py:115} INFO - [2022-10-27 22:26:16,616] {dag.py:2379} INFO - Sync 1 DAGs
[2022-10-27 22:26:16,645] {logging_mixin.py:115} INFO - [2022-10-27 22:26:16,645] {dag.py:2927} INFO - Setting next_dagrun for tutorial_taskflow_api_etl to None, run_after=None
[2022-10-27 22:26:16,909] {processor.py:161} INFO - Processing /home/nayara/Documentos/airflowalura/venv/lib/python3.9/site-packages/airflow/example_dags/tutorial_taskflow_api_etl.py took 0.387 seconds
[2022-10-27 22:27:05,439] {processor.py:153} INFO - Started process (PID=50760) to work on /home/nayara/Documentos/airflowalura/venv/lib/python3.9/site-packages/airflow/example_dags/tutorial_taskflow_api_etl.py
[2022-10-27 22:27:05,639] {processor.py:641} INFO - Processing file /home/nayara/Documentos/airflowalura/venv/lib/python3.9/site-packages/airflow/example_dags/tutorial_taskflow_api_etl.py for tasks to queue
[2022-10-27 22:27:05,641] {logging_mixin.py:115} INFO - [2022-10-27 22:27:05,640] {dagbag.py:507} INFO - Filling up the DagBag from /home/nayara/Documentos/airflowalura/venv/lib/python3.9/site-packages/airflow/example_dags/tutorial_taskflow_api_etl.py
[2022-10-27 22:27:05,687] {processor.py:651} INFO - DAG(s) dict_keys(['tutorial_taskflow_api_etl']) retrieved from /home/nayara/Documentos/airflowalura/venv/lib/python3.9/site-packages/airflow/example_dags/tutorial_taskflow_api_etl.py
[2022-10-27 22:27:05,720] {logging_mixin.py:115} INFO - [2022-10-27 22:27:05,720] {dag.py:2379} INFO - Sync 1 DAGs
[2022-10-27 22:27:05,750] {logging_mixin.py:115} INFO - [2022-10-27 22:27:05,750] {dag.py:2927} INFO - Setting next_dagrun for tutorial_taskflow_api_etl to None, run_after=None
[2022-10-27 22:27:06,127] {processor.py:161} INFO - Processing /home/nayara/Documentos/airflowalura/venv/lib/python3.9/site-packages/airflow/example_dags/tutorial_taskflow_api_etl.py took 0.698 seconds
[2022-10-27 22:27:48,057] {processor.py:153} INFO - Started process (PID=50903) to work on /home/nayara/Documentos/airflowalura/venv/lib/python3.9/site-packages/airflow/example_dags/tutorial_taskflow_api_etl.py
[2022-10-27 22:27:48,093] {processor.py:641} INFO - Processing file /home/nayara/Documentos/airflowalura/venv/lib/python3.9/site-packages/airflow/example_dags/tutorial_taskflow_api_etl.py for tasks to queue
[2022-10-27 22:27:48,094] {logging_mixin.py:115} INFO - [2022-10-27 22:27:48,094] {dagbag.py:507} INFO - Filling up the DagBag from /home/nayara/Documentos/airflowalura/venv/lib/python3.9/site-packages/airflow/example_dags/tutorial_taskflow_api_etl.py
[2022-10-27 22:27:48,130] {processor.py:651} INFO - DAG(s) dict_keys(['tutorial_taskflow_api_etl']) retrieved from /home/nayara/Documentos/airflowalura/venv/lib/python3.9/site-packages/airflow/example_dags/tutorial_taskflow_api_etl.py
[2022-10-27 22:27:48,158] {logging_mixin.py:115} INFO - [2022-10-27 22:27:48,158] {dag.py:2379} INFO - Sync 1 DAGs
[2022-10-27 22:27:48,185] {logging_mixin.py:115} INFO - [2022-10-27 22:27:48,185] {dag.py:2927} INFO - Setting next_dagrun for tutorial_taskflow_api_etl to None, run_after=None
[2022-10-27 22:27:48,453] {processor.py:161} INFO - Processing /home/nayara/Documentos/airflowalura/venv/lib/python3.9/site-packages/airflow/example_dags/tutorial_taskflow_api_etl.py took 0.403 seconds
[2022-10-27 22:28:40,570] {processor.py:153} INFO - Started process (PID=51044) to work on /home/nayara/Documentos/airflowalura/venv/lib/python3.9/site-packages/airflow/example_dags/tutorial_taskflow_api_etl.py
[2022-10-27 22:28:40,575] {processor.py:641} INFO - Processing file /home/nayara/Documentos/airflowalura/venv/lib/python3.9/site-packages/airflow/example_dags/tutorial_taskflow_api_etl.py for tasks to queue
[2022-10-27 22:28:40,578] {logging_mixin.py:115} INFO - [2022-10-27 22:28:40,577] {dagbag.py:507} INFO - Filling up the DagBag from /home/nayara/Documentos/airflowalura/venv/lib/python3.9/site-packages/airflow/example_dags/tutorial_taskflow_api_etl.py
[2022-10-27 22:28:40,614] {processor.py:651} INFO - DAG(s) dict_keys(['tutorial_taskflow_api_etl']) retrieved from /home/nayara/Documentos/airflowalura/venv/lib/python3.9/site-packages/airflow/example_dags/tutorial_taskflow_api_etl.py
[2022-10-27 22:28:40,640] {logging_mixin.py:115} INFO - [2022-10-27 22:28:40,640] {dag.py:2379} INFO - Sync 1 DAGs
[2022-10-27 22:28:40,662] {logging_mixin.py:115} INFO - [2022-10-27 22:28:40,662] {dag.py:2927} INFO - Setting next_dagrun for tutorial_taskflow_api_etl to None, run_after=None
[2022-10-27 22:28:40,871] {processor.py:161} INFO - Processing /home/nayara/Documentos/airflowalura/venv/lib/python3.9/site-packages/airflow/example_dags/tutorial_taskflow_api_etl.py took 0.322 seconds
[2022-10-27 22:29:29,711] {processor.py:153} INFO - Started process (PID=51159) to work on /home/nayara/Documentos/airflowalura/venv/lib/python3.9/site-packages/airflow/example_dags/tutorial_taskflow_api_etl.py
[2022-10-27 22:29:29,744] {processor.py:641} INFO - Processing file /home/nayara/Documentos/airflowalura/venv/lib/python3.9/site-packages/airflow/example_dags/tutorial_taskflow_api_etl.py for tasks to queue
[2022-10-27 22:29:29,745] {logging_mixin.py:115} INFO - [2022-10-27 22:29:29,744] {dagbag.py:507} INFO - Filling up the DagBag from /home/nayara/Documentos/airflowalura/venv/lib/python3.9/site-packages/airflow/example_dags/tutorial_taskflow_api_etl.py
[2022-10-27 22:29:29,772] {processor.py:651} INFO - DAG(s) dict_keys(['tutorial_taskflow_api_etl']) retrieved from /home/nayara/Documentos/airflowalura/venv/lib/python3.9/site-packages/airflow/example_dags/tutorial_taskflow_api_etl.py
[2022-10-27 22:29:29,826] {logging_mixin.py:115} INFO - [2022-10-27 22:29:29,826] {dag.py:2379} INFO - Sync 1 DAGs
[2022-10-27 22:29:29,846] {logging_mixin.py:115} INFO - [2022-10-27 22:29:29,846] {dag.py:2927} INFO - Setting next_dagrun for tutorial_taskflow_api_etl to None, run_after=None
[2022-10-27 22:29:30,050] {processor.py:161} INFO - Processing /home/nayara/Documentos/airflowalura/venv/lib/python3.9/site-packages/airflow/example_dags/tutorial_taskflow_api_etl.py took 0.352 seconds
[2022-10-27 22:30:14,475] {processor.py:153} INFO - Started process (PID=51235) to work on /home/nayara/Documentos/airflowalura/venv/lib/python3.9/site-packages/airflow/example_dags/tutorial_taskflow_api_etl.py
[2022-10-27 22:30:14,495] {processor.py:641} INFO - Processing file /home/nayara/Documentos/airflowalura/venv/lib/python3.9/site-packages/airflow/example_dags/tutorial_taskflow_api_etl.py for tasks to queue
[2022-10-27 22:30:14,496] {logging_mixin.py:115} INFO - [2022-10-27 22:30:14,496] {dagbag.py:507} INFO - Filling up the DagBag from /home/nayara/Documentos/airflowalura/venv/lib/python3.9/site-packages/airflow/example_dags/tutorial_taskflow_api_etl.py
[2022-10-27 22:30:14,526] {processor.py:651} INFO - DAG(s) dict_keys(['tutorial_taskflow_api_etl']) retrieved from /home/nayara/Documentos/airflowalura/venv/lib/python3.9/site-packages/airflow/example_dags/tutorial_taskflow_api_etl.py
[2022-10-27 22:30:14,545] {logging_mixin.py:115} INFO - [2022-10-27 22:30:14,544] {dag.py:2379} INFO - Sync 1 DAGs
[2022-10-27 22:30:14,565] {logging_mixin.py:115} INFO - [2022-10-27 22:30:14,565] {dag.py:2927} INFO - Setting next_dagrun for tutorial_taskflow_api_etl to None, run_after=None
[2022-10-27 22:30:14,797] {processor.py:161} INFO - Processing /home/nayara/Documentos/airflowalura/venv/lib/python3.9/site-packages/airflow/example_dags/tutorial_taskflow_api_etl.py took 0.334 seconds
[2022-10-27 22:30:54,244] {processor.py:153} INFO - Started process (PID=51300) to work on /home/nayara/Documentos/airflowalura/venv/lib/python3.9/site-packages/airflow/example_dags/tutorial_taskflow_api_etl.py
[2022-10-27 22:30:54,267] {processor.py:641} INFO - Processing file /home/nayara/Documentos/airflowalura/venv/lib/python3.9/site-packages/airflow/example_dags/tutorial_taskflow_api_etl.py for tasks to queue
[2022-10-27 22:30:54,268] {logging_mixin.py:115} INFO - [2022-10-27 22:30:54,268] {dagbag.py:507} INFO - Filling up the DagBag from /home/nayara/Documentos/airflowalura/venv/lib/python3.9/site-packages/airflow/example_dags/tutorial_taskflow_api_etl.py
[2022-10-27 22:30:54,305] {processor.py:651} INFO - DAG(s) dict_keys(['tutorial_taskflow_api_etl']) retrieved from /home/nayara/Documentos/airflowalura/venv/lib/python3.9/site-packages/airflow/example_dags/tutorial_taskflow_api_etl.py
[2022-10-27 22:30:54,324] {logging_mixin.py:115} INFO - [2022-10-27 22:30:54,323] {dag.py:2379} INFO - Sync 1 DAGs
[2022-10-27 22:30:54,344] {logging_mixin.py:115} INFO - [2022-10-27 22:30:54,344] {dag.py:2927} INFO - Setting next_dagrun for tutorial_taskflow_api_etl to None, run_after=None
[2022-10-27 22:30:54,575] {processor.py:161} INFO - Processing /home/nayara/Documentos/airflowalura/venv/lib/python3.9/site-packages/airflow/example_dags/tutorial_taskflow_api_etl.py took 0.343 seconds
[2022-10-27 22:31:35,746] {processor.py:153} INFO - Started process (PID=51391) to work on /home/nayara/Documentos/airflowalura/venv/lib/python3.9/site-packages/airflow/example_dags/tutorial_taskflow_api_etl.py
[2022-10-27 22:31:35,768] {processor.py:641} INFO - Processing file /home/nayara/Documentos/airflowalura/venv/lib/python3.9/site-packages/airflow/example_dags/tutorial_taskflow_api_etl.py for tasks to queue
[2022-10-27 22:31:35,772] {logging_mixin.py:115} INFO - [2022-10-27 22:31:35,771] {dagbag.py:507} INFO - Filling up the DagBag from /home/nayara/Documentos/airflowalura/venv/lib/python3.9/site-packages/airflow/example_dags/tutorial_taskflow_api_etl.py
[2022-10-27 22:31:35,854] {processor.py:651} INFO - DAG(s) dict_keys(['tutorial_taskflow_api_etl']) retrieved from /home/nayara/Documentos/airflowalura/venv/lib/python3.9/site-packages/airflow/example_dags/tutorial_taskflow_api_etl.py
[2022-10-27 22:31:35,914] {logging_mixin.py:115} INFO - [2022-10-27 22:31:35,913] {dag.py:2379} INFO - Sync 1 DAGs
[2022-10-27 22:31:36,387] {logging_mixin.py:115} INFO - [2022-10-27 22:31:36,387] {dag.py:2927} INFO - Setting next_dagrun for tutorial_taskflow_api_etl to None, run_after=None
[2022-10-27 22:31:36,936] {processor.py:161} INFO - Processing /home/nayara/Documentos/airflowalura/venv/lib/python3.9/site-packages/airflow/example_dags/tutorial_taskflow_api_etl.py took 1.214 seconds
[2022-10-27 22:32:28,074] {processor.py:153} INFO - Started process (PID=51519) to work on /home/nayara/Documentos/airflowalura/venv/lib/python3.9/site-packages/airflow/example_dags/tutorial_taskflow_api_etl.py
[2022-10-27 22:32:28,095] {processor.py:641} INFO - Processing file /home/nayara/Documentos/airflowalura/venv/lib/python3.9/site-packages/airflow/example_dags/tutorial_taskflow_api_etl.py for tasks to queue
[2022-10-27 22:32:28,098] {logging_mixin.py:115} INFO - [2022-10-27 22:32:28,098] {dagbag.py:507} INFO - Filling up the DagBag from /home/nayara/Documentos/airflowalura/venv/lib/python3.9/site-packages/airflow/example_dags/tutorial_taskflow_api_etl.py
[2022-10-27 22:32:28,178] {processor.py:651} INFO - DAG(s) dict_keys(['tutorial_taskflow_api_etl']) retrieved from /home/nayara/Documentos/airflowalura/venv/lib/python3.9/site-packages/airflow/example_dags/tutorial_taskflow_api_etl.py
[2022-10-27 22:32:28,202] {logging_mixin.py:115} INFO - [2022-10-27 22:32:28,202] {dag.py:2379} INFO - Sync 1 DAGs
[2022-10-27 22:32:28,228] {logging_mixin.py:115} INFO - [2022-10-27 22:32:28,228] {dag.py:2927} INFO - Setting next_dagrun for tutorial_taskflow_api_etl to None, run_after=None
[2022-10-27 22:32:28,541] {processor.py:161} INFO - Processing /home/nayara/Documentos/airflowalura/venv/lib/python3.9/site-packages/airflow/example_dags/tutorial_taskflow_api_etl.py took 0.476 seconds
[2022-10-27 22:33:14,773] {processor.py:153} INFO - Started process (PID=51616) to work on /home/nayara/Documentos/airflowalura/venv/lib/python3.9/site-packages/airflow/example_dags/tutorial_taskflow_api_etl.py
[2022-10-27 22:33:14,774] {processor.py:641} INFO - Processing file /home/nayara/Documentos/airflowalura/venv/lib/python3.9/site-packages/airflow/example_dags/tutorial_taskflow_api_etl.py for tasks to queue
[2022-10-27 22:33:14,774] {logging_mixin.py:115} INFO - [2022-10-27 22:33:14,774] {dagbag.py:507} INFO - Filling up the DagBag from /home/nayara/Documentos/airflowalura/venv/lib/python3.9/site-packages/airflow/example_dags/tutorial_taskflow_api_etl.py
[2022-10-27 22:33:14,800] {processor.py:651} INFO - DAG(s) dict_keys(['tutorial_taskflow_api_etl']) retrieved from /home/nayara/Documentos/airflowalura/venv/lib/python3.9/site-packages/airflow/example_dags/tutorial_taskflow_api_etl.py
[2022-10-27 22:33:14,818] {logging_mixin.py:115} INFO - [2022-10-27 22:33:14,818] {dag.py:2379} INFO - Sync 1 DAGs
[2022-10-27 22:33:14,838] {logging_mixin.py:115} INFO - [2022-10-27 22:33:14,838] {dag.py:2927} INFO - Setting next_dagrun for tutorial_taskflow_api_etl to None, run_after=None
[2022-10-27 22:33:15,045] {processor.py:161} INFO - Processing /home/nayara/Documentos/airflowalura/venv/lib/python3.9/site-packages/airflow/example_dags/tutorial_taskflow_api_etl.py took 0.276 seconds
[2022-10-27 22:33:56,019] {processor.py:153} INFO - Started process (PID=51705) to work on /home/nayara/Documentos/airflowalura/venv/lib/python3.9/site-packages/airflow/example_dags/tutorial_taskflow_api_etl.py
[2022-10-27 22:33:56,020] {processor.py:641} INFO - Processing file /home/nayara/Documentos/airflowalura/venv/lib/python3.9/site-packages/airflow/example_dags/tutorial_taskflow_api_etl.py for tasks to queue
[2022-10-27 22:33:56,021] {logging_mixin.py:115} INFO - [2022-10-27 22:33:56,021] {dagbag.py:507} INFO - Filling up the DagBag from /home/nayara/Documentos/airflowalura/venv/lib/python3.9/site-packages/airflow/example_dags/tutorial_taskflow_api_etl.py
[2022-10-27 22:33:56,055] {processor.py:651} INFO - DAG(s) dict_keys(['tutorial_taskflow_api_etl']) retrieved from /home/nayara/Documentos/airflowalura/venv/lib/python3.9/site-packages/airflow/example_dags/tutorial_taskflow_api_etl.py
[2022-10-27 22:33:56,126] {logging_mixin.py:115} INFO - [2022-10-27 22:33:56,126] {dag.py:2379} INFO - Sync 1 DAGs
[2022-10-27 22:33:56,153] {logging_mixin.py:115} INFO - [2022-10-27 22:33:56,153] {dag.py:2927} INFO - Setting next_dagrun for tutorial_taskflow_api_etl to None, run_after=None
[2022-10-27 22:33:56,311] {processor.py:161} INFO - Processing /home/nayara/Documentos/airflowalura/venv/lib/python3.9/site-packages/airflow/example_dags/tutorial_taskflow_api_etl.py took 0.300 seconds
[2022-10-27 22:34:33,253] {processor.py:153} INFO - Started process (PID=51768) to work on /home/nayara/Documentos/airflowalura/venv/lib/python3.9/site-packages/airflow/example_dags/tutorial_taskflow_api_etl.py
[2022-10-27 22:34:33,280] {processor.py:641} INFO - Processing file /home/nayara/Documentos/airflowalura/venv/lib/python3.9/site-packages/airflow/example_dags/tutorial_taskflow_api_etl.py for tasks to queue
[2022-10-27 22:34:33,282] {logging_mixin.py:115} INFO - [2022-10-27 22:34:33,281] {dagbag.py:507} INFO - Filling up the DagBag from /home/nayara/Documentos/airflowalura/venv/lib/python3.9/site-packages/airflow/example_dags/tutorial_taskflow_api_etl.py
[2022-10-27 22:34:33,323] {processor.py:651} INFO - DAG(s) dict_keys(['tutorial_taskflow_api_etl']) retrieved from /home/nayara/Documentos/airflowalura/venv/lib/python3.9/site-packages/airflow/example_dags/tutorial_taskflow_api_etl.py
[2022-10-27 22:34:33,344] {logging_mixin.py:115} INFO - [2022-10-27 22:34:33,344] {dag.py:2379} INFO - Sync 1 DAGs
[2022-10-27 22:34:33,368] {logging_mixin.py:115} INFO - [2022-10-27 22:34:33,368] {dag.py:2927} INFO - Setting next_dagrun for tutorial_taskflow_api_etl to None, run_after=None
[2022-10-27 22:34:33,655] {processor.py:161} INFO - Processing /home/nayara/Documentos/airflowalura/venv/lib/python3.9/site-packages/airflow/example_dags/tutorial_taskflow_api_etl.py took 0.415 seconds
[2022-10-27 22:35:11,417] {processor.py:153} INFO - Started process (PID=51822) to work on /home/nayara/Documentos/airflowalura/venv/lib/python3.9/site-packages/airflow/example_dags/tutorial_taskflow_api_etl.py
[2022-10-27 22:35:11,433] {processor.py:641} INFO - Processing file /home/nayara/Documentos/airflowalura/venv/lib/python3.9/site-packages/airflow/example_dags/tutorial_taskflow_api_etl.py for tasks to queue
[2022-10-27 22:35:11,434] {logging_mixin.py:115} INFO - [2022-10-27 22:35:11,434] {dagbag.py:507} INFO - Filling up the DagBag from /home/nayara/Documentos/airflowalura/venv/lib/python3.9/site-packages/airflow/example_dags/tutorial_taskflow_api_etl.py
[2022-10-27 22:35:11,460] {processor.py:651} INFO - DAG(s) dict_keys(['tutorial_taskflow_api_etl']) retrieved from /home/nayara/Documentos/airflowalura/venv/lib/python3.9/site-packages/airflow/example_dags/tutorial_taskflow_api_etl.py
[2022-10-27 22:35:11,478] {logging_mixin.py:115} INFO - [2022-10-27 22:35:11,478] {dag.py:2379} INFO - Sync 1 DAGs
[2022-10-27 22:35:11,499] {logging_mixin.py:115} INFO - [2022-10-27 22:35:11,498] {dag.py:2927} INFO - Setting next_dagrun for tutorial_taskflow_api_etl to None, run_after=None
[2022-10-27 22:35:11,708] {processor.py:161} INFO - Processing /home/nayara/Documentos/airflowalura/venv/lib/python3.9/site-packages/airflow/example_dags/tutorial_taskflow_api_etl.py took 0.297 seconds
[2022-10-27 22:35:49,927] {processor.py:153} INFO - Started process (PID=51884) to work on /home/nayara/Documentos/airflowalura/venv/lib/python3.9/site-packages/airflow/example_dags/tutorial_taskflow_api_etl.py
[2022-10-27 22:35:49,949] {processor.py:641} INFO - Processing file /home/nayara/Documentos/airflowalura/venv/lib/python3.9/site-packages/airflow/example_dags/tutorial_taskflow_api_etl.py for tasks to queue
[2022-10-27 22:35:49,950] {logging_mixin.py:115} INFO - [2022-10-27 22:35:49,950] {dagbag.py:507} INFO - Filling up the DagBag from /home/nayara/Documentos/airflowalura/venv/lib/python3.9/site-packages/airflow/example_dags/tutorial_taskflow_api_etl.py
[2022-10-27 22:35:49,984] {processor.py:651} INFO - DAG(s) dict_keys(['tutorial_taskflow_api_etl']) retrieved from /home/nayara/Documentos/airflowalura/venv/lib/python3.9/site-packages/airflow/example_dags/tutorial_taskflow_api_etl.py
[2022-10-27 22:35:50,002] {logging_mixin.py:115} INFO - [2022-10-27 22:35:50,002] {dag.py:2379} INFO - Sync 1 DAGs
[2022-10-27 22:35:50,023] {logging_mixin.py:115} INFO - [2022-10-27 22:35:50,023] {dag.py:2927} INFO - Setting next_dagrun for tutorial_taskflow_api_etl to None, run_after=None
[2022-10-27 22:35:50,252] {processor.py:161} INFO - Processing /home/nayara/Documentos/airflowalura/venv/lib/python3.9/site-packages/airflow/example_dags/tutorial_taskflow_api_etl.py took 0.336 seconds
[2022-10-27 22:36:33,288] {processor.py:153} INFO - Started process (PID=51992) to work on /home/nayara/Documentos/airflowalura/venv/lib/python3.9/site-packages/airflow/example_dags/tutorial_taskflow_api_etl.py
[2022-10-27 22:36:33,412] {processor.py:641} INFO - Processing file /home/nayara/Documentos/airflowalura/venv/lib/python3.9/site-packages/airflow/example_dags/tutorial_taskflow_api_etl.py for tasks to queue
[2022-10-27 22:36:33,416] {logging_mixin.py:115} INFO - [2022-10-27 22:36:33,416] {dagbag.py:507} INFO - Filling up the DagBag from /home/nayara/Documentos/airflowalura/venv/lib/python3.9/site-packages/airflow/example_dags/tutorial_taskflow_api_etl.py
[2022-10-27 22:36:33,506] {processor.py:651} INFO - DAG(s) dict_keys(['tutorial_taskflow_api_etl']) retrieved from /home/nayara/Documentos/airflowalura/venv/lib/python3.9/site-packages/airflow/example_dags/tutorial_taskflow_api_etl.py
[2022-10-27 22:36:33,533] {logging_mixin.py:115} INFO - [2022-10-27 22:36:33,533] {dag.py:2379} INFO - Sync 1 DAGs
[2022-10-27 22:36:33,564] {logging_mixin.py:115} INFO - [2022-10-27 22:36:33,564] {dag.py:2927} INFO - Setting next_dagrun for tutorial_taskflow_api_etl to None, run_after=None
[2022-10-27 22:36:34,120] {processor.py:161} INFO - Processing /home/nayara/Documentos/airflowalura/venv/lib/python3.9/site-packages/airflow/example_dags/tutorial_taskflow_api_etl.py took 0.839 seconds
[2022-10-27 22:37:33,552] {processor.py:153} INFO - Started process (PID=52319) to work on /home/nayara/Documentos/airflowalura/venv/lib/python3.9/site-packages/airflow/example_dags/tutorial_taskflow_api_etl.py
[2022-10-27 22:37:33,589] {processor.py:641} INFO - Processing file /home/nayara/Documentos/airflowalura/venv/lib/python3.9/site-packages/airflow/example_dags/tutorial_taskflow_api_etl.py for tasks to queue
[2022-10-27 22:37:33,591] {logging_mixin.py:115} INFO - [2022-10-27 22:37:33,591] {dagbag.py:507} INFO - Filling up the DagBag from /home/nayara/Documentos/airflowalura/venv/lib/python3.9/site-packages/airflow/example_dags/tutorial_taskflow_api_etl.py
[2022-10-27 22:37:33,637] {processor.py:651} INFO - DAG(s) dict_keys(['tutorial_taskflow_api_etl']) retrieved from /home/nayara/Documentos/airflowalura/venv/lib/python3.9/site-packages/airflow/example_dags/tutorial_taskflow_api_etl.py
[2022-10-27 22:37:33,659] {logging_mixin.py:115} INFO - [2022-10-27 22:37:33,659] {dag.py:2379} INFO - Sync 1 DAGs
[2022-10-27 22:37:33,684] {logging_mixin.py:115} INFO - [2022-10-27 22:37:33,683] {dag.py:2927} INFO - Setting next_dagrun for tutorial_taskflow_api_etl to None, run_after=None
[2022-10-27 22:37:34,243] {processor.py:161} INFO - Processing /home/nayara/Documentos/airflowalura/venv/lib/python3.9/site-packages/airflow/example_dags/tutorial_taskflow_api_etl.py took 0.702 seconds
[2022-10-27 22:38:32,485] {processor.py:153} INFO - Started process (PID=52501) to work on /home/nayara/Documentos/airflowalura/venv/lib/python3.9/site-packages/airflow/example_dags/tutorial_taskflow_api_etl.py
[2022-10-27 22:38:32,508] {processor.py:641} INFO - Processing file /home/nayara/Documentos/airflowalura/venv/lib/python3.9/site-packages/airflow/example_dags/tutorial_taskflow_api_etl.py for tasks to queue
[2022-10-27 22:38:32,509] {logging_mixin.py:115} INFO - [2022-10-27 22:38:32,509] {dagbag.py:507} INFO - Filling up the DagBag from /home/nayara/Documentos/airflowalura/venv/lib/python3.9/site-packages/airflow/example_dags/tutorial_taskflow_api_etl.py
[2022-10-27 22:38:32,616] {processor.py:651} INFO - DAG(s) dict_keys(['tutorial_taskflow_api_etl']) retrieved from /home/nayara/Documentos/airflowalura/venv/lib/python3.9/site-packages/airflow/example_dags/tutorial_taskflow_api_etl.py
[2022-10-27 22:38:32,652] {logging_mixin.py:115} INFO - [2022-10-27 22:38:32,652] {dag.py:2379} INFO - Sync 1 DAGs
[2022-10-27 22:38:32,686] {logging_mixin.py:115} INFO - [2022-10-27 22:38:32,686] {dag.py:2927} INFO - Setting next_dagrun for tutorial_taskflow_api_etl to None, run_after=None
[2022-10-27 22:38:32,966] {processor.py:161} INFO - Processing /home/nayara/Documentos/airflowalura/venv/lib/python3.9/site-packages/airflow/example_dags/tutorial_taskflow_api_etl.py took 0.492 seconds
[2022-10-27 22:39:12,610] {processor.py:153} INFO - Started process (PID=52579) to work on /home/nayara/Documentos/airflowalura/venv/lib/python3.9/site-packages/airflow/example_dags/tutorial_taskflow_api_etl.py
[2022-10-27 22:39:12,637] {processor.py:641} INFO - Processing file /home/nayara/Documentos/airflowalura/venv/lib/python3.9/site-packages/airflow/example_dags/tutorial_taskflow_api_etl.py for tasks to queue
[2022-10-27 22:39:12,638] {logging_mixin.py:115} INFO - [2022-10-27 22:39:12,638] {dagbag.py:507} INFO - Filling up the DagBag from /home/nayara/Documentos/airflowalura/venv/lib/python3.9/site-packages/airflow/example_dags/tutorial_taskflow_api_etl.py
[2022-10-27 22:39:12,671] {processor.py:651} INFO - DAG(s) dict_keys(['tutorial_taskflow_api_etl']) retrieved from /home/nayara/Documentos/airflowalura/venv/lib/python3.9/site-packages/airflow/example_dags/tutorial_taskflow_api_etl.py
[2022-10-27 22:39:12,740] {logging_mixin.py:115} INFO - [2022-10-27 22:39:12,740] {dag.py:2379} INFO - Sync 1 DAGs
[2022-10-27 22:39:12,759] {logging_mixin.py:115} INFO - [2022-10-27 22:39:12,758] {dag.py:2927} INFO - Setting next_dagrun for tutorial_taskflow_api_etl to None, run_after=None
[2022-10-27 22:39:12,983] {processor.py:161} INFO - Processing /home/nayara/Documentos/airflowalura/venv/lib/python3.9/site-packages/airflow/example_dags/tutorial_taskflow_api_etl.py took 0.384 seconds
[2022-10-27 22:40:04,416] {processor.py:153} INFO - Started process (PID=52690) to work on /home/nayara/Documentos/airflowalura/venv/lib/python3.9/site-packages/airflow/example_dags/tutorial_taskflow_api_etl.py
[2022-10-27 22:40:04,506] {processor.py:641} INFO - Processing file /home/nayara/Documentos/airflowalura/venv/lib/python3.9/site-packages/airflow/example_dags/tutorial_taskflow_api_etl.py for tasks to queue
[2022-10-27 22:40:04,510] {logging_mixin.py:115} INFO - [2022-10-27 22:40:04,509] {dagbag.py:507} INFO - Filling up the DagBag from /home/nayara/Documentos/airflowalura/venv/lib/python3.9/site-packages/airflow/example_dags/tutorial_taskflow_api_etl.py
[2022-10-27 22:40:04,747] {processor.py:651} INFO - DAG(s) dict_keys(['tutorial_taskflow_api_etl']) retrieved from /home/nayara/Documentos/airflowalura/venv/lib/python3.9/site-packages/airflow/example_dags/tutorial_taskflow_api_etl.py
[2022-10-27 22:40:07,201] {logging_mixin.py:115} INFO - [2022-10-27 22:40:07,201] {dag.py:2379} INFO - Sync 1 DAGs
[2022-10-27 22:40:07,235] {logging_mixin.py:115} INFO - [2022-10-27 22:40:07,235] {dag.py:2927} INFO - Setting next_dagrun for tutorial_taskflow_api_etl to None, run_after=None
[2022-10-27 22:40:07,977] {processor.py:161} INFO - Processing /home/nayara/Documentos/airflowalura/venv/lib/python3.9/site-packages/airflow/example_dags/tutorial_taskflow_api_etl.py took 3.574 seconds
[2022-10-27 22:40:55,159] {processor.py:153} INFO - Started process (PID=52774) to work on /home/nayara/Documentos/airflowalura/venv/lib/python3.9/site-packages/airflow/example_dags/tutorial_taskflow_api_etl.py
[2022-10-27 22:40:55,214] {processor.py:641} INFO - Processing file /home/nayara/Documentos/airflowalura/venv/lib/python3.9/site-packages/airflow/example_dags/tutorial_taskflow_api_etl.py for tasks to queue
[2022-10-27 22:40:55,215] {logging_mixin.py:115} INFO - [2022-10-27 22:40:55,215] {dagbag.py:507} INFO - Filling up the DagBag from /home/nayara/Documentos/airflowalura/venv/lib/python3.9/site-packages/airflow/example_dags/tutorial_taskflow_api_etl.py
[2022-10-27 22:40:55,256] {processor.py:651} INFO - DAG(s) dict_keys(['tutorial_taskflow_api_etl']) retrieved from /home/nayara/Documentos/airflowalura/venv/lib/python3.9/site-packages/airflow/example_dags/tutorial_taskflow_api_etl.py
[2022-10-27 22:40:56,135] {logging_mixin.py:115} INFO - [2022-10-27 22:40:56,135] {dag.py:2379} INFO - Sync 1 DAGs
[2022-10-27 22:40:56,169] {logging_mixin.py:115} INFO - [2022-10-27 22:40:56,169] {dag.py:2927} INFO - Setting next_dagrun for tutorial_taskflow_api_etl to None, run_after=None
[2022-10-27 22:40:56,695] {processor.py:161} INFO - Processing /home/nayara/Documentos/airflowalura/venv/lib/python3.9/site-packages/airflow/example_dags/tutorial_taskflow_api_etl.py took 1.541 seconds
[2022-10-27 22:41:37,450] {processor.py:153} INFO - Started process (PID=52852) to work on /home/nayara/Documentos/airflowalura/venv/lib/python3.9/site-packages/airflow/example_dags/tutorial_taskflow_api_etl.py
[2022-10-27 22:41:37,474] {processor.py:641} INFO - Processing file /home/nayara/Documentos/airflowalura/venv/lib/python3.9/site-packages/airflow/example_dags/tutorial_taskflow_api_etl.py for tasks to queue
[2022-10-27 22:41:37,475] {logging_mixin.py:115} INFO - [2022-10-27 22:41:37,475] {dagbag.py:507} INFO - Filling up the DagBag from /home/nayara/Documentos/airflowalura/venv/lib/python3.9/site-packages/airflow/example_dags/tutorial_taskflow_api_etl.py
[2022-10-27 22:41:37,501] {processor.py:651} INFO - DAG(s) dict_keys(['tutorial_taskflow_api_etl']) retrieved from /home/nayara/Documentos/airflowalura/venv/lib/python3.9/site-packages/airflow/example_dags/tutorial_taskflow_api_etl.py
[2022-10-27 22:41:37,520] {logging_mixin.py:115} INFO - [2022-10-27 22:41:37,520] {dag.py:2379} INFO - Sync 1 DAGs
[2022-10-27 22:41:37,541] {logging_mixin.py:115} INFO - [2022-10-27 22:41:37,541] {dag.py:2927} INFO - Setting next_dagrun for tutorial_taskflow_api_etl to None, run_after=None
[2022-10-27 22:41:37,924] {processor.py:161} INFO - Processing /home/nayara/Documentos/airflowalura/venv/lib/python3.9/site-packages/airflow/example_dags/tutorial_taskflow_api_etl.py took 0.485 seconds
[2022-10-27 22:42:19,797] {processor.py:153} INFO - Started process (PID=52959) to work on /home/nayara/Documentos/airflowalura/venv/lib/python3.9/site-packages/airflow/example_dags/tutorial_taskflow_api_etl.py
[2022-10-27 22:42:19,930] {processor.py:641} INFO - Processing file /home/nayara/Documentos/airflowalura/venv/lib/python3.9/site-packages/airflow/example_dags/tutorial_taskflow_api_etl.py for tasks to queue
[2022-10-27 22:42:19,932] {logging_mixin.py:115} INFO - [2022-10-27 22:42:19,932] {dagbag.py:507} INFO - Filling up the DagBag from /home/nayara/Documentos/airflowalura/venv/lib/python3.9/site-packages/airflow/example_dags/tutorial_taskflow_api_etl.py
[2022-10-27 22:42:20,027] {processor.py:651} INFO - DAG(s) dict_keys(['tutorial_taskflow_api_etl']) retrieved from /home/nayara/Documentos/airflowalura/venv/lib/python3.9/site-packages/airflow/example_dags/tutorial_taskflow_api_etl.py
[2022-10-27 22:42:20,063] {logging_mixin.py:115} INFO - [2022-10-27 22:42:20,063] {dag.py:2379} INFO - Sync 1 DAGs
[2022-10-27 22:42:20,085] {logging_mixin.py:115} INFO - [2022-10-27 22:42:20,085] {dag.py:2927} INFO - Setting next_dagrun for tutorial_taskflow_api_etl to None, run_after=None
[2022-10-27 22:42:20,678] {processor.py:161} INFO - Processing /home/nayara/Documentos/airflowalura/venv/lib/python3.9/site-packages/airflow/example_dags/tutorial_taskflow_api_etl.py took 0.897 seconds
[2022-10-27 22:42:58,108] {processor.py:153} INFO - Started process (PID=53019) to work on /home/nayara/Documentos/airflowalura/venv/lib/python3.9/site-packages/airflow/example_dags/tutorial_taskflow_api_etl.py
[2022-10-27 22:42:58,110] {processor.py:641} INFO - Processing file /home/nayara/Documentos/airflowalura/venv/lib/python3.9/site-packages/airflow/example_dags/tutorial_taskflow_api_etl.py for tasks to queue
[2022-10-27 22:42:58,111] {logging_mixin.py:115} INFO - [2022-10-27 22:42:58,111] {dagbag.py:507} INFO - Filling up the DagBag from /home/nayara/Documentos/airflowalura/venv/lib/python3.9/site-packages/airflow/example_dags/tutorial_taskflow_api_etl.py
[2022-10-27 22:42:58,137] {processor.py:651} INFO - DAG(s) dict_keys(['tutorial_taskflow_api_etl']) retrieved from /home/nayara/Documentos/airflowalura/venv/lib/python3.9/site-packages/airflow/example_dags/tutorial_taskflow_api_etl.py
[2022-10-27 22:42:58,155] {logging_mixin.py:115} INFO - [2022-10-27 22:42:58,155] {dag.py:2379} INFO - Sync 1 DAGs
[2022-10-27 22:42:58,176] {logging_mixin.py:115} INFO - [2022-10-27 22:42:58,176] {dag.py:2927} INFO - Setting next_dagrun for tutorial_taskflow_api_etl to None, run_after=None
[2022-10-27 22:42:58,421] {processor.py:161} INFO - Processing /home/nayara/Documentos/airflowalura/venv/lib/python3.9/site-packages/airflow/example_dags/tutorial_taskflow_api_etl.py took 0.321 seconds
[2022-10-27 22:43:47,753] {processor.py:153} INFO - Started process (PID=53129) to work on /home/nayara/Documentos/airflowalura/venv/lib/python3.9/site-packages/airflow/example_dags/tutorial_taskflow_api_etl.py
[2022-10-27 22:43:47,805] {processor.py:641} INFO - Processing file /home/nayara/Documentos/airflowalura/venv/lib/python3.9/site-packages/airflow/example_dags/tutorial_taskflow_api_etl.py for tasks to queue
[2022-10-27 22:43:47,807] {logging_mixin.py:115} INFO - [2022-10-27 22:43:47,807] {dagbag.py:507} INFO - Filling up the DagBag from /home/nayara/Documentos/airflowalura/venv/lib/python3.9/site-packages/airflow/example_dags/tutorial_taskflow_api_etl.py
[2022-10-27 22:43:47,853] {processor.py:651} INFO - DAG(s) dict_keys(['tutorial_taskflow_api_etl']) retrieved from /home/nayara/Documentos/airflowalura/venv/lib/python3.9/site-packages/airflow/example_dags/tutorial_taskflow_api_etl.py
[2022-10-27 22:43:47,933] {logging_mixin.py:115} INFO - [2022-10-27 22:43:47,933] {dag.py:2379} INFO - Sync 1 DAGs
[2022-10-27 22:43:47,963] {logging_mixin.py:115} INFO - [2022-10-27 22:43:47,962] {dag.py:2927} INFO - Setting next_dagrun for tutorial_taskflow_api_etl to None, run_after=None
[2022-10-27 22:43:48,258] {processor.py:161} INFO - Processing /home/nayara/Documentos/airflowalura/venv/lib/python3.9/site-packages/airflow/example_dags/tutorial_taskflow_api_etl.py took 0.522 seconds
[2022-10-27 22:44:33,086] {processor.py:153} INFO - Started process (PID=53242) to work on /home/nayara/Documentos/airflowalura/venv/lib/python3.9/site-packages/airflow/example_dags/tutorial_taskflow_api_etl.py
[2022-10-27 22:44:33,096] {processor.py:641} INFO - Processing file /home/nayara/Documentos/airflowalura/venv/lib/python3.9/site-packages/airflow/example_dags/tutorial_taskflow_api_etl.py for tasks to queue
[2022-10-27 22:44:33,097] {logging_mixin.py:115} INFO - [2022-10-27 22:44:33,097] {dagbag.py:507} INFO - Filling up the DagBag from /home/nayara/Documentos/airflowalura/venv/lib/python3.9/site-packages/airflow/example_dags/tutorial_taskflow_api_etl.py
[2022-10-27 22:44:33,140] {processor.py:651} INFO - DAG(s) dict_keys(['tutorial_taskflow_api_etl']) retrieved from /home/nayara/Documentos/airflowalura/venv/lib/python3.9/site-packages/airflow/example_dags/tutorial_taskflow_api_etl.py
[2022-10-27 22:44:33,234] {logging_mixin.py:115} INFO - [2022-10-27 22:44:33,233] {dag.py:2379} INFO - Sync 1 DAGs
[2022-10-27 22:44:33,261] {logging_mixin.py:115} INFO - [2022-10-27 22:44:33,261] {dag.py:2927} INFO - Setting next_dagrun for tutorial_taskflow_api_etl to None, run_after=None
[2022-10-27 22:44:33,741] {processor.py:161} INFO - Processing /home/nayara/Documentos/airflowalura/venv/lib/python3.9/site-packages/airflow/example_dags/tutorial_taskflow_api_etl.py took 0.661 seconds
[2022-10-27 22:45:09,402] {processor.py:153} INFO - Started process (PID=53353) to work on /home/nayara/Documentos/airflowalura/venv/lib/python3.9/site-packages/airflow/example_dags/tutorial_taskflow_api_etl.py
[2022-10-27 22:45:09,512] {processor.py:641} INFO - Processing file /home/nayara/Documentos/airflowalura/venv/lib/python3.9/site-packages/airflow/example_dags/tutorial_taskflow_api_etl.py for tasks to queue
[2022-10-27 22:45:09,515] {logging_mixin.py:115} INFO - [2022-10-27 22:45:09,514] {dagbag.py:507} INFO - Filling up the DagBag from /home/nayara/Documentos/airflowalura/venv/lib/python3.9/site-packages/airflow/example_dags/tutorial_taskflow_api_etl.py
[2022-10-27 22:45:09,750] {processor.py:651} INFO - DAG(s) dict_keys(['tutorial_taskflow_api_etl']) retrieved from /home/nayara/Documentos/airflowalura/venv/lib/python3.9/site-packages/airflow/example_dags/tutorial_taskflow_api_etl.py
[2022-10-27 22:45:09,819] {logging_mixin.py:115} INFO - [2022-10-27 22:45:09,819] {dag.py:2379} INFO - Sync 1 DAGs
[2022-10-27 22:45:09,843] {logging_mixin.py:115} INFO - [2022-10-27 22:45:09,843] {dag.py:2927} INFO - Setting next_dagrun for tutorial_taskflow_api_etl to None, run_after=None
[2022-10-27 22:45:11,312] {processor.py:161} INFO - Processing /home/nayara/Documentos/airflowalura/venv/lib/python3.9/site-packages/airflow/example_dags/tutorial_taskflow_api_etl.py took 1.924 seconds
[2022-10-27 22:46:08,511] {processor.py:153} INFO - Started process (PID=53458) to work on /home/nayara/Documentos/airflowalura/venv/lib/python3.9/site-packages/airflow/example_dags/tutorial_taskflow_api_etl.py
[2022-10-27 22:46:08,527] {processor.py:641} INFO - Processing file /home/nayara/Documentos/airflowalura/venv/lib/python3.9/site-packages/airflow/example_dags/tutorial_taskflow_api_etl.py for tasks to queue
[2022-10-27 22:46:08,528] {logging_mixin.py:115} INFO - [2022-10-27 22:46:08,528] {dagbag.py:507} INFO - Filling up the DagBag from /home/nayara/Documentos/airflowalura/venv/lib/python3.9/site-packages/airflow/example_dags/tutorial_taskflow_api_etl.py
[2022-10-27 22:46:08,562] {processor.py:651} INFO - DAG(s) dict_keys(['tutorial_taskflow_api_etl']) retrieved from /home/nayara/Documentos/airflowalura/venv/lib/python3.9/site-packages/airflow/example_dags/tutorial_taskflow_api_etl.py
[2022-10-27 22:46:08,583] {logging_mixin.py:115} INFO - [2022-10-27 22:46:08,582] {dag.py:2379} INFO - Sync 1 DAGs
[2022-10-27 22:46:08,615] {logging_mixin.py:115} INFO - [2022-10-27 22:46:08,615] {dag.py:2927} INFO - Setting next_dagrun for tutorial_taskflow_api_etl to None, run_after=None
[2022-10-27 22:46:08,846] {processor.py:161} INFO - Processing /home/nayara/Documentos/airflowalura/venv/lib/python3.9/site-packages/airflow/example_dags/tutorial_taskflow_api_etl.py took 0.343 seconds
[2022-10-27 22:46:53,820] {processor.py:153} INFO - Started process (PID=53581) to work on /home/nayara/Documentos/airflowalura/venv/lib/python3.9/site-packages/airflow/example_dags/tutorial_taskflow_api_etl.py
[2022-10-27 22:46:53,841] {processor.py:641} INFO - Processing file /home/nayara/Documentos/airflowalura/venv/lib/python3.9/site-packages/airflow/example_dags/tutorial_taskflow_api_etl.py for tasks to queue
[2022-10-27 22:46:53,843] {logging_mixin.py:115} INFO - [2022-10-27 22:46:53,843] {dagbag.py:507} INFO - Filling up the DagBag from /home/nayara/Documentos/airflowalura/venv/lib/python3.9/site-packages/airflow/example_dags/tutorial_taskflow_api_etl.py
[2022-10-27 22:46:53,891] {processor.py:651} INFO - DAG(s) dict_keys(['tutorial_taskflow_api_etl']) retrieved from /home/nayara/Documentos/airflowalura/venv/lib/python3.9/site-packages/airflow/example_dags/tutorial_taskflow_api_etl.py
[2022-10-27 22:46:53,917] {logging_mixin.py:115} INFO - [2022-10-27 22:46:53,917] {dag.py:2379} INFO - Sync 1 DAGs
[2022-10-27 22:46:53,938] {logging_mixin.py:115} INFO - [2022-10-27 22:46:53,938] {dag.py:2927} INFO - Setting next_dagrun for tutorial_taskflow_api_etl to None, run_after=None
[2022-10-27 22:46:54,342] {processor.py:161} INFO - Processing /home/nayara/Documentos/airflowalura/venv/lib/python3.9/site-packages/airflow/example_dags/tutorial_taskflow_api_etl.py took 0.526 seconds
[2022-10-27 22:47:44,227] {processor.py:153} INFO - Started process (PID=53692) to work on /home/nayara/Documentos/airflowalura/venv/lib/python3.9/site-packages/airflow/example_dags/tutorial_taskflow_api_etl.py
[2022-10-27 22:47:44,308] {processor.py:641} INFO - Processing file /home/nayara/Documentos/airflowalura/venv/lib/python3.9/site-packages/airflow/example_dags/tutorial_taskflow_api_etl.py for tasks to queue
[2022-10-27 22:47:44,311] {logging_mixin.py:115} INFO - [2022-10-27 22:47:44,311] {dagbag.py:507} INFO - Filling up the DagBag from /home/nayara/Documentos/airflowalura/venv/lib/python3.9/site-packages/airflow/example_dags/tutorial_taskflow_api_etl.py
[2022-10-27 22:47:44,407] {processor.py:651} INFO - DAG(s) dict_keys(['tutorial_taskflow_api_etl']) retrieved from /home/nayara/Documentos/airflowalura/venv/lib/python3.9/site-packages/airflow/example_dags/tutorial_taskflow_api_etl.py
[2022-10-27 22:47:44,436] {logging_mixin.py:115} INFO - [2022-10-27 22:47:44,435] {dag.py:2379} INFO - Sync 1 DAGs
[2022-10-27 22:47:44,462] {logging_mixin.py:115} INFO - [2022-10-27 22:47:44,462] {dag.py:2927} INFO - Setting next_dagrun for tutorial_taskflow_api_etl to None, run_after=None
[2022-10-27 22:47:44,821] {processor.py:161} INFO - Processing /home/nayara/Documentos/airflowalura/venv/lib/python3.9/site-packages/airflow/example_dags/tutorial_taskflow_api_etl.py took 0.604 seconds
[2022-10-27 22:48:30,845] {processor.py:153} INFO - Started process (PID=53777) to work on /home/nayara/Documentos/airflowalura/venv/lib/python3.9/site-packages/airflow/example_dags/tutorial_taskflow_api_etl.py
[2022-10-27 22:48:30,846] {processor.py:641} INFO - Processing file /home/nayara/Documentos/airflowalura/venv/lib/python3.9/site-packages/airflow/example_dags/tutorial_taskflow_api_etl.py for tasks to queue
[2022-10-27 22:48:30,847] {logging_mixin.py:115} INFO - [2022-10-27 22:48:30,847] {dagbag.py:507} INFO - Filling up the DagBag from /home/nayara/Documentos/airflowalura/venv/lib/python3.9/site-packages/airflow/example_dags/tutorial_taskflow_api_etl.py
[2022-10-27 22:48:30,892] {processor.py:651} INFO - DAG(s) dict_keys(['tutorial_taskflow_api_etl']) retrieved from /home/nayara/Documentos/airflowalura/venv/lib/python3.9/site-packages/airflow/example_dags/tutorial_taskflow_api_etl.py
[2022-10-27 22:48:30,916] {logging_mixin.py:115} INFO - [2022-10-27 22:48:30,916] {dag.py:2379} INFO - Sync 1 DAGs
[2022-10-27 22:48:30,942] {logging_mixin.py:115} INFO - [2022-10-27 22:48:30,942] {dag.py:2927} INFO - Setting next_dagrun for tutorial_taskflow_api_etl to None, run_after=None
[2022-10-27 22:48:31,199] {processor.py:161} INFO - Processing /home/nayara/Documentos/airflowalura/venv/lib/python3.9/site-packages/airflow/example_dags/tutorial_taskflow_api_etl.py took 0.359 seconds
[2022-10-27 22:49:13,231] {processor.py:153} INFO - Started process (PID=53867) to work on /home/nayara/Documentos/airflowalura/venv/lib/python3.9/site-packages/airflow/example_dags/tutorial_taskflow_api_etl.py
[2022-10-27 22:49:13,247] {processor.py:641} INFO - Processing file /home/nayara/Documentos/airflowalura/venv/lib/python3.9/site-packages/airflow/example_dags/tutorial_taskflow_api_etl.py for tasks to queue
[2022-10-27 22:49:13,248] {logging_mixin.py:115} INFO - [2022-10-27 22:49:13,248] {dagbag.py:507} INFO - Filling up the DagBag from /home/nayara/Documentos/airflowalura/venv/lib/python3.9/site-packages/airflow/example_dags/tutorial_taskflow_api_etl.py
[2022-10-27 22:49:13,287] {processor.py:651} INFO - DAG(s) dict_keys(['tutorial_taskflow_api_etl']) retrieved from /home/nayara/Documentos/airflowalura/venv/lib/python3.9/site-packages/airflow/example_dags/tutorial_taskflow_api_etl.py
[2022-10-27 22:49:13,365] {logging_mixin.py:115} INFO - [2022-10-27 22:49:13,365] {dag.py:2379} INFO - Sync 1 DAGs
[2022-10-27 22:49:13,390] {logging_mixin.py:115} INFO - [2022-10-27 22:49:13,390] {dag.py:2927} INFO - Setting next_dagrun for tutorial_taskflow_api_etl to None, run_after=None
[2022-10-27 22:49:13,805] {processor.py:161} INFO - Processing /home/nayara/Documentos/airflowalura/venv/lib/python3.9/site-packages/airflow/example_dags/tutorial_taskflow_api_etl.py took 0.582 seconds
[2022-10-27 22:49:56,417] {processor.py:153} INFO - Started process (PID=53951) to work on /home/nayara/Documentos/airflowalura/venv/lib/python3.9/site-packages/airflow/example_dags/tutorial_taskflow_api_etl.py
[2022-10-27 22:49:56,426] {processor.py:641} INFO - Processing file /home/nayara/Documentos/airflowalura/venv/lib/python3.9/site-packages/airflow/example_dags/tutorial_taskflow_api_etl.py for tasks to queue
[2022-10-27 22:49:56,428] {logging_mixin.py:115} INFO - [2022-10-27 22:49:56,428] {dagbag.py:507} INFO - Filling up the DagBag from /home/nayara/Documentos/airflowalura/venv/lib/python3.9/site-packages/airflow/example_dags/tutorial_taskflow_api_etl.py
[2022-10-27 22:49:56,487] {processor.py:651} INFO - DAG(s) dict_keys(['tutorial_taskflow_api_etl']) retrieved from /home/nayara/Documentos/airflowalura/venv/lib/python3.9/site-packages/airflow/example_dags/tutorial_taskflow_api_etl.py
[2022-10-27 22:49:56,558] {logging_mixin.py:115} INFO - [2022-10-27 22:49:56,558] {dag.py:2379} INFO - Sync 1 DAGs
[2022-10-27 22:49:56,586] {logging_mixin.py:115} INFO - [2022-10-27 22:49:56,586] {dag.py:2927} INFO - Setting next_dagrun for tutorial_taskflow_api_etl to None, run_after=None
[2022-10-27 22:49:56,963] {processor.py:161} INFO - Processing /home/nayara/Documentos/airflowalura/venv/lib/python3.9/site-packages/airflow/example_dags/tutorial_taskflow_api_etl.py took 0.565 seconds
[2022-10-27 22:50:42,210] {processor.py:153} INFO - Started process (PID=54039) to work on /home/nayara/Documentos/airflowalura/venv/lib/python3.9/site-packages/airflow/example_dags/tutorial_taskflow_api_etl.py
[2022-10-27 22:50:42,219] {processor.py:641} INFO - Processing file /home/nayara/Documentos/airflowalura/venv/lib/python3.9/site-packages/airflow/example_dags/tutorial_taskflow_api_etl.py for tasks to queue
[2022-10-27 22:50:42,222] {logging_mixin.py:115} INFO - [2022-10-27 22:50:42,221] {dagbag.py:507} INFO - Filling up the DagBag from /home/nayara/Documentos/airflowalura/venv/lib/python3.9/site-packages/airflow/example_dags/tutorial_taskflow_api_etl.py
[2022-10-27 22:50:42,290] {processor.py:651} INFO - DAG(s) dict_keys(['tutorial_taskflow_api_etl']) retrieved from /home/nayara/Documentos/airflowalura/venv/lib/python3.9/site-packages/airflow/example_dags/tutorial_taskflow_api_etl.py
[2022-10-27 22:50:42,315] {logging_mixin.py:115} INFO - [2022-10-27 22:50:42,314] {dag.py:2379} INFO - Sync 1 DAGs
[2022-10-27 22:50:42,343] {logging_mixin.py:115} INFO - [2022-10-27 22:50:42,343] {dag.py:2927} INFO - Setting next_dagrun for tutorial_taskflow_api_etl to None, run_after=None
[2022-10-27 22:50:42,630] {processor.py:161} INFO - Processing /home/nayara/Documentos/airflowalura/venv/lib/python3.9/site-packages/airflow/example_dags/tutorial_taskflow_api_etl.py took 0.438 seconds
[2022-10-27 22:51:28,355] {processor.py:153} INFO - Started process (PID=54115) to work on /home/nayara/Documentos/airflowalura/venv/lib/python3.9/site-packages/airflow/example_dags/tutorial_taskflow_api_etl.py
[2022-10-27 22:51:28,408] {processor.py:641} INFO - Processing file /home/nayara/Documentos/airflowalura/venv/lib/python3.9/site-packages/airflow/example_dags/tutorial_taskflow_api_etl.py for tasks to queue
[2022-10-27 22:51:28,409] {logging_mixin.py:115} INFO - [2022-10-27 22:51:28,409] {dagbag.py:507} INFO - Filling up the DagBag from /home/nayara/Documentos/airflowalura/venv/lib/python3.9/site-packages/airflow/example_dags/tutorial_taskflow_api_etl.py
[2022-10-27 22:51:28,693] {processor.py:651} INFO - DAG(s) dict_keys(['tutorial_taskflow_api_etl']) retrieved from /home/nayara/Documentos/airflowalura/venv/lib/python3.9/site-packages/airflow/example_dags/tutorial_taskflow_api_etl.py
[2022-10-27 22:51:28,719] {logging_mixin.py:115} INFO - [2022-10-27 22:51:28,718] {dag.py:2379} INFO - Sync 1 DAGs
[2022-10-27 22:51:28,745] {logging_mixin.py:115} INFO - [2022-10-27 22:51:28,745] {dag.py:2927} INFO - Setting next_dagrun for tutorial_taskflow_api_etl to None, run_after=None
[2022-10-27 22:51:28,995] {processor.py:161} INFO - Processing /home/nayara/Documentos/airflowalura/venv/lib/python3.9/site-packages/airflow/example_dags/tutorial_taskflow_api_etl.py took 0.658 seconds
[2022-10-27 22:52:22,959] {processor.py:153} INFO - Started process (PID=54230) to work on /home/nayara/Documentos/airflowalura/venv/lib/python3.9/site-packages/airflow/example_dags/tutorial_taskflow_api_etl.py
[2022-10-27 22:52:22,975] {processor.py:641} INFO - Processing file /home/nayara/Documentos/airflowalura/venv/lib/python3.9/site-packages/airflow/example_dags/tutorial_taskflow_api_etl.py for tasks to queue
[2022-10-27 22:52:22,977] {logging_mixin.py:115} INFO - [2022-10-27 22:52:22,977] {dagbag.py:507} INFO - Filling up the DagBag from /home/nayara/Documentos/airflowalura/venv/lib/python3.9/site-packages/airflow/example_dags/tutorial_taskflow_api_etl.py
[2022-10-27 22:52:23,018] {processor.py:651} INFO - DAG(s) dict_keys(['tutorial_taskflow_api_etl']) retrieved from /home/nayara/Documentos/airflowalura/venv/lib/python3.9/site-packages/airflow/example_dags/tutorial_taskflow_api_etl.py
[2022-10-27 22:52:23,043] {logging_mixin.py:115} INFO - [2022-10-27 22:52:23,043] {dag.py:2379} INFO - Sync 1 DAGs
[2022-10-27 22:52:23,067] {logging_mixin.py:115} INFO - [2022-10-27 22:52:23,067] {dag.py:2927} INFO - Setting next_dagrun for tutorial_taskflow_api_etl to None, run_after=None
[2022-10-27 22:52:23,308] {processor.py:161} INFO - Processing /home/nayara/Documentos/airflowalura/venv/lib/python3.9/site-packages/airflow/example_dags/tutorial_taskflow_api_etl.py took 0.364 seconds
[2022-10-27 22:53:12,241] {processor.py:153} INFO - Started process (PID=54316) to work on /home/nayara/Documentos/airflowalura/venv/lib/python3.9/site-packages/airflow/example_dags/tutorial_taskflow_api_etl.py
[2022-10-27 22:53:12,256] {processor.py:641} INFO - Processing file /home/nayara/Documentos/airflowalura/venv/lib/python3.9/site-packages/airflow/example_dags/tutorial_taskflow_api_etl.py for tasks to queue
[2022-10-27 22:53:12,257] {logging_mixin.py:115} INFO - [2022-10-27 22:53:12,257] {dagbag.py:507} INFO - Filling up the DagBag from /home/nayara/Documentos/airflowalura/venv/lib/python3.9/site-packages/airflow/example_dags/tutorial_taskflow_api_etl.py
[2022-10-27 22:53:12,292] {processor.py:651} INFO - DAG(s) dict_keys(['tutorial_taskflow_api_etl']) retrieved from /home/nayara/Documentos/airflowalura/venv/lib/python3.9/site-packages/airflow/example_dags/tutorial_taskflow_api_etl.py
[2022-10-27 22:53:12,318] {logging_mixin.py:115} INFO - [2022-10-27 22:53:12,318] {dag.py:2379} INFO - Sync 1 DAGs
[2022-10-27 22:53:12,345] {logging_mixin.py:115} INFO - [2022-10-27 22:53:12,345] {dag.py:2927} INFO - Setting next_dagrun for tutorial_taskflow_api_etl to None, run_after=None
[2022-10-27 22:53:12,753] {processor.py:161} INFO - Processing /home/nayara/Documentos/airflowalura/venv/lib/python3.9/site-packages/airflow/example_dags/tutorial_taskflow_api_etl.py took 0.517 seconds
[2022-10-27 22:53:57,275] {processor.py:153} INFO - Started process (PID=54409) to work on /home/nayara/Documentos/airflowalura/venv/lib/python3.9/site-packages/airflow/example_dags/tutorial_taskflow_api_etl.py
[2022-10-27 22:53:57,297] {processor.py:641} INFO - Processing file /home/nayara/Documentos/airflowalura/venv/lib/python3.9/site-packages/airflow/example_dags/tutorial_taskflow_api_etl.py for tasks to queue
[2022-10-27 22:53:57,299] {logging_mixin.py:115} INFO - [2022-10-27 22:53:57,299] {dagbag.py:507} INFO - Filling up the DagBag from /home/nayara/Documentos/airflowalura/venv/lib/python3.9/site-packages/airflow/example_dags/tutorial_taskflow_api_etl.py
[2022-10-27 22:53:57,334] {processor.py:651} INFO - DAG(s) dict_keys(['tutorial_taskflow_api_etl']) retrieved from /home/nayara/Documentos/airflowalura/venv/lib/python3.9/site-packages/airflow/example_dags/tutorial_taskflow_api_etl.py
[2022-10-27 22:53:57,408] {logging_mixin.py:115} INFO - [2022-10-27 22:53:57,408] {dag.py:2379} INFO - Sync 1 DAGs
[2022-10-27 22:53:57,433] {logging_mixin.py:115} INFO - [2022-10-27 22:53:57,433] {dag.py:2927} INFO - Setting next_dagrun for tutorial_taskflow_api_etl to None, run_after=None
[2022-10-27 22:53:57,697] {processor.py:161} INFO - Processing /home/nayara/Documentos/airflowalura/venv/lib/python3.9/site-packages/airflow/example_dags/tutorial_taskflow_api_etl.py took 0.444 seconds
[2022-10-27 22:54:47,790] {processor.py:153} INFO - Started process (PID=54509) to work on /home/nayara/Documentos/airflowalura/venv/lib/python3.9/site-packages/airflow/example_dags/tutorial_taskflow_api_etl.py
[2022-10-27 22:54:47,818] {processor.py:641} INFO - Processing file /home/nayara/Documentos/airflowalura/venv/lib/python3.9/site-packages/airflow/example_dags/tutorial_taskflow_api_etl.py for tasks to queue
[2022-10-27 22:54:47,820] {logging_mixin.py:115} INFO - [2022-10-27 22:54:47,820] {dagbag.py:507} INFO - Filling up the DagBag from /home/nayara/Documentos/airflowalura/venv/lib/python3.9/site-packages/airflow/example_dags/tutorial_taskflow_api_etl.py
[2022-10-27 22:54:47,853] {processor.py:651} INFO - DAG(s) dict_keys(['tutorial_taskflow_api_etl']) retrieved from /home/nayara/Documentos/airflowalura/venv/lib/python3.9/site-packages/airflow/example_dags/tutorial_taskflow_api_etl.py
[2022-10-27 22:54:47,873] {logging_mixin.py:115} INFO - [2022-10-27 22:54:47,873] {dag.py:2379} INFO - Sync 1 DAGs
[2022-10-27 22:54:47,894] {logging_mixin.py:115} INFO - [2022-10-27 22:54:47,894] {dag.py:2927} INFO - Setting next_dagrun for tutorial_taskflow_api_etl to None, run_after=None
[2022-10-27 22:54:48,101] {processor.py:161} INFO - Processing /home/nayara/Documentos/airflowalura/venv/lib/python3.9/site-packages/airflow/example_dags/tutorial_taskflow_api_etl.py took 0.324 seconds
[2022-10-27 22:55:41,161] {processor.py:153} INFO - Started process (PID=54615) to work on /home/nayara/Documentos/airflowalura/venv/lib/python3.9/site-packages/airflow/example_dags/tutorial_taskflow_api_etl.py
[2022-10-27 22:55:41,182] {processor.py:641} INFO - Processing file /home/nayara/Documentos/airflowalura/venv/lib/python3.9/site-packages/airflow/example_dags/tutorial_taskflow_api_etl.py for tasks to queue
[2022-10-27 22:55:41,184] {logging_mixin.py:115} INFO - [2022-10-27 22:55:41,183] {dagbag.py:507} INFO - Filling up the DagBag from /home/nayara/Documentos/airflowalura/venv/lib/python3.9/site-packages/airflow/example_dags/tutorial_taskflow_api_etl.py
[2022-10-27 22:55:41,234] {processor.py:651} INFO - DAG(s) dict_keys(['tutorial_taskflow_api_etl']) retrieved from /home/nayara/Documentos/airflowalura/venv/lib/python3.9/site-packages/airflow/example_dags/tutorial_taskflow_api_etl.py
[2022-10-27 22:55:41,269] {logging_mixin.py:115} INFO - [2022-10-27 22:55:41,268] {dag.py:2379} INFO - Sync 1 DAGs
[2022-10-27 22:55:41,300] {logging_mixin.py:115} INFO - [2022-10-27 22:55:41,300] {dag.py:2927} INFO - Setting next_dagrun for tutorial_taskflow_api_etl to None, run_after=None
[2022-10-27 22:55:42,152] {processor.py:161} INFO - Processing /home/nayara/Documentos/airflowalura/venv/lib/python3.9/site-packages/airflow/example_dags/tutorial_taskflow_api_etl.py took 1.013 seconds
[2022-10-27 22:56:31,336] {processor.py:153} INFO - Started process (PID=54724) to work on /home/nayara/Documentos/airflowalura/venv/lib/python3.9/site-packages/airflow/example_dags/tutorial_taskflow_api_etl.py
[2022-10-27 22:56:31,346] {processor.py:641} INFO - Processing file /home/nayara/Documentos/airflowalura/venv/lib/python3.9/site-packages/airflow/example_dags/tutorial_taskflow_api_etl.py for tasks to queue
[2022-10-27 22:56:31,347] {logging_mixin.py:115} INFO - [2022-10-27 22:56:31,347] {dagbag.py:507} INFO - Filling up the DagBag from /home/nayara/Documentos/airflowalura/venv/lib/python3.9/site-packages/airflow/example_dags/tutorial_taskflow_api_etl.py
[2022-10-27 22:56:31,375] {processor.py:651} INFO - DAG(s) dict_keys(['tutorial_taskflow_api_etl']) retrieved from /home/nayara/Documentos/airflowalura/venv/lib/python3.9/site-packages/airflow/example_dags/tutorial_taskflow_api_etl.py
[2022-10-27 22:56:31,394] {logging_mixin.py:115} INFO - [2022-10-27 22:56:31,394] {dag.py:2379} INFO - Sync 1 DAGs
[2022-10-27 22:56:31,415] {logging_mixin.py:115} INFO - [2022-10-27 22:56:31,415] {dag.py:2927} INFO - Setting next_dagrun for tutorial_taskflow_api_etl to None, run_after=None
[2022-10-27 22:56:31,639] {processor.py:161} INFO - Processing /home/nayara/Documentos/airflowalura/venv/lib/python3.9/site-packages/airflow/example_dags/tutorial_taskflow_api_etl.py took 0.317 seconds
