[2022-11-01 22:40:22,707] {processor.py:153} INFO - Started process (PID=17738) to work on /home/nayara/Documentos/airflowalura/venv/lib/python3.9/site-packages/airflow/example_dags/plugins/workday.py
[2022-11-01 22:40:22,708] {processor.py:641} INFO - Processing file /home/nayara/Documentos/airflowalura/venv/lib/python3.9/site-packages/airflow/example_dags/plugins/workday.py for tasks to queue
[2022-11-01 22:40:22,709] {logging_mixin.py:115} INFO - [2022-11-01 22:40:22,709] {dagbag.py:507} INFO - Filling up the DagBag from /home/nayara/Documentos/airflowalura/venv/lib/python3.9/site-packages/airflow/example_dags/plugins/workday.py
[2022-11-01 22:40:22,732] {processor.py:653} WARNING - No viable dags retrieved from /home/nayara/Documentos/airflowalura/venv/lib/python3.9/site-packages/airflow/example_dags/plugins/workday.py
[2022-11-01 22:40:22,750] {processor.py:161} INFO - Processing /home/nayara/Documentos/airflowalura/venv/lib/python3.9/site-packages/airflow/example_dags/plugins/workday.py took 0.049 seconds
[2022-11-01 22:42:47,355] {processor.py:153} INFO - Started process (PID=17963) to work on /home/nayara/Documentos/airflowalura/venv/lib/python3.9/site-packages/airflow/example_dags/plugins/workday.py
[2022-11-01 22:42:47,402] {processor.py:641} INFO - Processing file /home/nayara/Documentos/airflowalura/venv/lib/python3.9/site-packages/airflow/example_dags/plugins/workday.py for tasks to queue
[2022-11-01 22:42:47,405] {logging_mixin.py:115} INFO - [2022-11-01 22:42:47,404] {dagbag.py:507} INFO - Filling up the DagBag from /home/nayara/Documentos/airflowalura/venv/lib/python3.9/site-packages/airflow/example_dags/plugins/workday.py
[2022-11-01 22:42:47,413] {processor.py:653} WARNING - No viable dags retrieved from /home/nayara/Documentos/airflowalura/venv/lib/python3.9/site-packages/airflow/example_dags/plugins/workday.py
[2022-11-01 22:42:47,458] {processor.py:161} INFO - Processing /home/nayara/Documentos/airflowalura/venv/lib/python3.9/site-packages/airflow/example_dags/plugins/workday.py took 0.115 seconds
[2022-11-01 22:43:46,573] {processor.py:153} INFO - Started process (PID=18055) to work on /home/nayara/Documentos/airflowalura/venv/lib/python3.9/site-packages/airflow/example_dags/plugins/workday.py
[2022-11-01 22:43:46,655] {processor.py:641} INFO - Processing file /home/nayara/Documentos/airflowalura/venv/lib/python3.9/site-packages/airflow/example_dags/plugins/workday.py for tasks to queue
[2022-11-01 22:43:46,656] {logging_mixin.py:115} INFO - [2022-11-01 22:43:46,656] {dagbag.py:507} INFO - Filling up the DagBag from /home/nayara/Documentos/airflowalura/venv/lib/python3.9/site-packages/airflow/example_dags/plugins/workday.py
[2022-11-01 22:43:46,660] {processor.py:653} WARNING - No viable dags retrieved from /home/nayara/Documentos/airflowalura/venv/lib/python3.9/site-packages/airflow/example_dags/plugins/workday.py
[2022-11-01 22:43:46,693] {processor.py:161} INFO - Processing /home/nayara/Documentos/airflowalura/venv/lib/python3.9/site-packages/airflow/example_dags/plugins/workday.py took 0.129 seconds
[2022-11-01 22:45:07,954] {processor.py:153} INFO - Started process (PID=18189) to work on /home/nayara/Documentos/airflowalura/venv/lib/python3.9/site-packages/airflow/example_dags/plugins/workday.py
[2022-11-01 22:45:07,973] {processor.py:641} INFO - Processing file /home/nayara/Documentos/airflowalura/venv/lib/python3.9/site-packages/airflow/example_dags/plugins/workday.py for tasks to queue
[2022-11-01 22:45:07,975] {logging_mixin.py:115} INFO - [2022-11-01 22:45:07,974] {dagbag.py:507} INFO - Filling up the DagBag from /home/nayara/Documentos/airflowalura/venv/lib/python3.9/site-packages/airflow/example_dags/plugins/workday.py
[2022-11-01 22:45:07,979] {processor.py:653} WARNING - No viable dags retrieved from /home/nayara/Documentos/airflowalura/venv/lib/python3.9/site-packages/airflow/example_dags/plugins/workday.py
[2022-11-01 22:45:08,005] {processor.py:161} INFO - Processing /home/nayara/Documentos/airflowalura/venv/lib/python3.9/site-packages/airflow/example_dags/plugins/workday.py took 0.066 seconds
[2022-11-01 22:46:06,970] {processor.py:153} INFO - Started process (PID=18289) to work on /home/nayara/Documentos/airflowalura/venv/lib/python3.9/site-packages/airflow/example_dags/plugins/workday.py
[2022-11-01 22:46:07,015] {processor.py:641} INFO - Processing file /home/nayara/Documentos/airflowalura/venv/lib/python3.9/site-packages/airflow/example_dags/plugins/workday.py for tasks to queue
[2022-11-01 22:46:07,019] {logging_mixin.py:115} INFO - [2022-11-01 22:46:07,018] {dagbag.py:507} INFO - Filling up the DagBag from /home/nayara/Documentos/airflowalura/venv/lib/python3.9/site-packages/airflow/example_dags/plugins/workday.py
[2022-11-01 22:46:07,024] {processor.py:653} WARNING - No viable dags retrieved from /home/nayara/Documentos/airflowalura/venv/lib/python3.9/site-packages/airflow/example_dags/plugins/workday.py
[2022-11-01 22:46:07,045] {processor.py:161} INFO - Processing /home/nayara/Documentos/airflowalura/venv/lib/python3.9/site-packages/airflow/example_dags/plugins/workday.py took 0.085 seconds
[2022-11-01 22:47:15,955] {processor.py:153} INFO - Started process (PID=18457) to work on /home/nayara/Documentos/airflowalura/venv/lib/python3.9/site-packages/airflow/example_dags/plugins/workday.py
[2022-11-01 22:47:15,956] {processor.py:641} INFO - Processing file /home/nayara/Documentos/airflowalura/venv/lib/python3.9/site-packages/airflow/example_dags/plugins/workday.py for tasks to queue
[2022-11-01 22:47:15,957] {logging_mixin.py:115} INFO - [2022-11-01 22:47:15,957] {dagbag.py:507} INFO - Filling up the DagBag from /home/nayara/Documentos/airflowalura/venv/lib/python3.9/site-packages/airflow/example_dags/plugins/workday.py
[2022-11-01 22:47:15,963] {processor.py:653} WARNING - No viable dags retrieved from /home/nayara/Documentos/airflowalura/venv/lib/python3.9/site-packages/airflow/example_dags/plugins/workday.py
[2022-11-01 22:47:15,987] {processor.py:161} INFO - Processing /home/nayara/Documentos/airflowalura/venv/lib/python3.9/site-packages/airflow/example_dags/plugins/workday.py took 0.041 seconds
[2022-11-01 22:48:14,947] {processor.py:153} INFO - Started process (PID=18574) to work on /home/nayara/Documentos/airflowalura/venv/lib/python3.9/site-packages/airflow/example_dags/plugins/workday.py
[2022-11-01 22:48:14,968] {processor.py:641} INFO - Processing file /home/nayara/Documentos/airflowalura/venv/lib/python3.9/site-packages/airflow/example_dags/plugins/workday.py for tasks to queue
[2022-11-01 22:48:14,970] {logging_mixin.py:115} INFO - [2022-11-01 22:48:14,969] {dagbag.py:507} INFO - Filling up the DagBag from /home/nayara/Documentos/airflowalura/venv/lib/python3.9/site-packages/airflow/example_dags/plugins/workday.py
[2022-11-01 22:48:14,975] {processor.py:653} WARNING - No viable dags retrieved from /home/nayara/Documentos/airflowalura/venv/lib/python3.9/site-packages/airflow/example_dags/plugins/workday.py
[2022-11-01 22:48:14,996] {processor.py:161} INFO - Processing /home/nayara/Documentos/airflowalura/venv/lib/python3.9/site-packages/airflow/example_dags/plugins/workday.py took 0.054 seconds
[2022-11-01 22:49:11,351] {processor.py:153} INFO - Started process (PID=18683) to work on /home/nayara/Documentos/airflowalura/venv/lib/python3.9/site-packages/airflow/example_dags/plugins/workday.py
[2022-11-01 22:49:11,373] {processor.py:641} INFO - Processing file /home/nayara/Documentos/airflowalura/venv/lib/python3.9/site-packages/airflow/example_dags/plugins/workday.py for tasks to queue
[2022-11-01 22:49:11,374] {logging_mixin.py:115} INFO - [2022-11-01 22:49:11,374] {dagbag.py:507} INFO - Filling up the DagBag from /home/nayara/Documentos/airflowalura/venv/lib/python3.9/site-packages/airflow/example_dags/plugins/workday.py
[2022-11-01 22:49:11,380] {processor.py:653} WARNING - No viable dags retrieved from /home/nayara/Documentos/airflowalura/venv/lib/python3.9/site-packages/airflow/example_dags/plugins/workday.py
[2022-11-01 22:49:11,402] {processor.py:161} INFO - Processing /home/nayara/Documentos/airflowalura/venv/lib/python3.9/site-packages/airflow/example_dags/plugins/workday.py took 0.064 seconds
[2022-11-01 22:50:08,143] {processor.py:153} INFO - Started process (PID=18786) to work on /home/nayara/Documentos/airflowalura/venv/lib/python3.9/site-packages/airflow/example_dags/plugins/workday.py
[2022-11-01 22:50:08,145] {processor.py:641} INFO - Processing file /home/nayara/Documentos/airflowalura/venv/lib/python3.9/site-packages/airflow/example_dags/plugins/workday.py for tasks to queue
[2022-11-01 22:50:08,146] {logging_mixin.py:115} INFO - [2022-11-01 22:50:08,146] {dagbag.py:507} INFO - Filling up the DagBag from /home/nayara/Documentos/airflowalura/venv/lib/python3.9/site-packages/airflow/example_dags/plugins/workday.py
[2022-11-01 22:50:08,151] {processor.py:653} WARNING - No viable dags retrieved from /home/nayara/Documentos/airflowalura/venv/lib/python3.9/site-packages/airflow/example_dags/plugins/workday.py
[2022-11-01 22:50:08,178] {processor.py:161} INFO - Processing /home/nayara/Documentos/airflowalura/venv/lib/python3.9/site-packages/airflow/example_dags/plugins/workday.py took 0.042 seconds
[2022-11-01 22:51:00,518] {processor.py:153} INFO - Started process (PID=18886) to work on /home/nayara/Documentos/airflowalura/venv/lib/python3.9/site-packages/airflow/example_dags/plugins/workday.py
[2022-11-01 22:51:00,536] {processor.py:641} INFO - Processing file /home/nayara/Documentos/airflowalura/venv/lib/python3.9/site-packages/airflow/example_dags/plugins/workday.py for tasks to queue
[2022-11-01 22:51:00,537] {logging_mixin.py:115} INFO - [2022-11-01 22:51:00,537] {dagbag.py:507} INFO - Filling up the DagBag from /home/nayara/Documentos/airflowalura/venv/lib/python3.9/site-packages/airflow/example_dags/plugins/workday.py
[2022-11-01 22:51:00,545] {processor.py:653} WARNING - No viable dags retrieved from /home/nayara/Documentos/airflowalura/venv/lib/python3.9/site-packages/airflow/example_dags/plugins/workday.py
[2022-11-01 22:51:00,573] {processor.py:161} INFO - Processing /home/nayara/Documentos/airflowalura/venv/lib/python3.9/site-packages/airflow/example_dags/plugins/workday.py took 0.062 seconds
[2022-11-01 22:52:33,411] {processor.py:153} INFO - Started process (PID=19085) to work on /home/nayara/Documentos/airflowalura/venv/lib/python3.9/site-packages/airflow/example_dags/plugins/workday.py
[2022-11-01 22:52:33,515] {processor.py:641} INFO - Processing file /home/nayara/Documentos/airflowalura/venv/lib/python3.9/site-packages/airflow/example_dags/plugins/workday.py for tasks to queue
[2022-11-01 22:52:33,518] {logging_mixin.py:115} INFO - [2022-11-01 22:52:33,518] {dagbag.py:507} INFO - Filling up the DagBag from /home/nayara/Documentos/airflowalura/venv/lib/python3.9/site-packages/airflow/example_dags/plugins/workday.py
[2022-11-01 22:52:33,527] {processor.py:653} WARNING - No viable dags retrieved from /home/nayara/Documentos/airflowalura/venv/lib/python3.9/site-packages/airflow/example_dags/plugins/workday.py
[2022-11-01 22:52:33,555] {processor.py:161} INFO - Processing /home/nayara/Documentos/airflowalura/venv/lib/python3.9/site-packages/airflow/example_dags/plugins/workday.py took 0.161 seconds
[2022-11-01 22:53:34,503] {processor.py:153} INFO - Started process (PID=19204) to work on /home/nayara/Documentos/airflowalura/venv/lib/python3.9/site-packages/airflow/example_dags/plugins/workday.py
[2022-11-01 22:53:34,551] {processor.py:641} INFO - Processing file /home/nayara/Documentos/airflowalura/venv/lib/python3.9/site-packages/airflow/example_dags/plugins/workday.py for tasks to queue
[2022-11-01 22:53:34,557] {logging_mixin.py:115} INFO - [2022-11-01 22:53:34,554] {dagbag.py:507} INFO - Filling up the DagBag from /home/nayara/Documentos/airflowalura/venv/lib/python3.9/site-packages/airflow/example_dags/plugins/workday.py
[2022-11-01 22:53:34,577] {processor.py:653} WARNING - No viable dags retrieved from /home/nayara/Documentos/airflowalura/venv/lib/python3.9/site-packages/airflow/example_dags/plugins/workday.py
[2022-11-01 22:53:34,626] {processor.py:161} INFO - Processing /home/nayara/Documentos/airflowalura/venv/lib/python3.9/site-packages/airflow/example_dags/plugins/workday.py took 0.129 seconds
[2022-11-01 22:54:41,463] {processor.py:153} INFO - Started process (PID=19336) to work on /home/nayara/Documentos/airflowalura/venv/lib/python3.9/site-packages/airflow/example_dags/plugins/workday.py
[2022-11-01 22:54:41,558] {processor.py:641} INFO - Processing file /home/nayara/Documentos/airflowalura/venv/lib/python3.9/site-packages/airflow/example_dags/plugins/workday.py for tasks to queue
[2022-11-01 22:54:41,561] {logging_mixin.py:115} INFO - [2022-11-01 22:54:41,561] {dagbag.py:507} INFO - Filling up the DagBag from /home/nayara/Documentos/airflowalura/venv/lib/python3.9/site-packages/airflow/example_dags/plugins/workday.py
[2022-11-01 22:54:41,570] {processor.py:653} WARNING - No viable dags retrieved from /home/nayara/Documentos/airflowalura/venv/lib/python3.9/site-packages/airflow/example_dags/plugins/workday.py
[2022-11-01 22:54:41,600] {processor.py:161} INFO - Processing /home/nayara/Documentos/airflowalura/venv/lib/python3.9/site-packages/airflow/example_dags/plugins/workday.py took 0.149 seconds
[2022-11-01 22:55:25,217] {processor.py:153} INFO - Started process (PID=19462) to work on /home/nayara/Documentos/airflowalura/venv/lib/python3.9/site-packages/airflow/example_dags/plugins/workday.py
[2022-11-01 22:55:25,244] {processor.py:641} INFO - Processing file /home/nayara/Documentos/airflowalura/venv/lib/python3.9/site-packages/airflow/example_dags/plugins/workday.py for tasks to queue
[2022-11-01 22:55:25,245] {logging_mixin.py:115} INFO - [2022-11-01 22:55:25,245] {dagbag.py:507} INFO - Filling up the DagBag from /home/nayara/Documentos/airflowalura/venv/lib/python3.9/site-packages/airflow/example_dags/plugins/workday.py
[2022-11-01 22:55:25,250] {processor.py:653} WARNING - No viable dags retrieved from /home/nayara/Documentos/airflowalura/venv/lib/python3.9/site-packages/airflow/example_dags/plugins/workday.py
[2022-11-01 22:55:25,271] {processor.py:161} INFO - Processing /home/nayara/Documentos/airflowalura/venv/lib/python3.9/site-packages/airflow/example_dags/plugins/workday.py took 0.065 seconds
[2022-11-01 22:56:33,550] {processor.py:153} INFO - Started process (PID=19608) to work on /home/nayara/Documentos/airflowalura/venv/lib/python3.9/site-packages/airflow/example_dags/plugins/workday.py
[2022-11-01 22:56:33,577] {processor.py:641} INFO - Processing file /home/nayara/Documentos/airflowalura/venv/lib/python3.9/site-packages/airflow/example_dags/plugins/workday.py for tasks to queue
[2022-11-01 22:56:33,581] {logging_mixin.py:115} INFO - [2022-11-01 22:56:33,581] {dagbag.py:507} INFO - Filling up the DagBag from /home/nayara/Documentos/airflowalura/venv/lib/python3.9/site-packages/airflow/example_dags/plugins/workday.py
[2022-11-01 22:56:33,590] {processor.py:653} WARNING - No viable dags retrieved from /home/nayara/Documentos/airflowalura/venv/lib/python3.9/site-packages/airflow/example_dags/plugins/workday.py
[2022-11-01 22:56:33,630] {processor.py:161} INFO - Processing /home/nayara/Documentos/airflowalura/venv/lib/python3.9/site-packages/airflow/example_dags/plugins/workday.py took 0.093 seconds
[2022-11-01 22:57:59,497] {processor.py:153} INFO - Started process (PID=19832) to work on /home/nayara/Documentos/airflowalura/venv/lib/python3.9/site-packages/airflow/example_dags/plugins/workday.py
[2022-11-01 22:57:59,516] {processor.py:641} INFO - Processing file /home/nayara/Documentos/airflowalura/venv/lib/python3.9/site-packages/airflow/example_dags/plugins/workday.py for tasks to queue
[2022-11-01 22:57:59,520] {logging_mixin.py:115} INFO - [2022-11-01 22:57:59,519] {dagbag.py:507} INFO - Filling up the DagBag from /home/nayara/Documentos/airflowalura/venv/lib/python3.9/site-packages/airflow/example_dags/plugins/workday.py
[2022-11-01 22:57:59,532] {processor.py:653} WARNING - No viable dags retrieved from /home/nayara/Documentos/airflowalura/venv/lib/python3.9/site-packages/airflow/example_dags/plugins/workday.py
[2022-11-01 22:57:59,577] {processor.py:161} INFO - Processing /home/nayara/Documentos/airflowalura/venv/lib/python3.9/site-packages/airflow/example_dags/plugins/workday.py took 0.096 seconds
[2022-11-01 22:58:54,325] {processor.py:153} INFO - Started process (PID=19936) to work on /home/nayara/Documentos/airflowalura/venv/lib/python3.9/site-packages/airflow/example_dags/plugins/workday.py
[2022-11-01 22:58:54,329] {processor.py:641} INFO - Processing file /home/nayara/Documentos/airflowalura/venv/lib/python3.9/site-packages/airflow/example_dags/plugins/workday.py for tasks to queue
[2022-11-01 22:58:54,332] {logging_mixin.py:115} INFO - [2022-11-01 22:58:54,332] {dagbag.py:507} INFO - Filling up the DagBag from /home/nayara/Documentos/airflowalura/venv/lib/python3.9/site-packages/airflow/example_dags/plugins/workday.py
[2022-11-01 22:58:54,344] {processor.py:653} WARNING - No viable dags retrieved from /home/nayara/Documentos/airflowalura/venv/lib/python3.9/site-packages/airflow/example_dags/plugins/workday.py
[2022-11-01 22:58:54,375] {processor.py:161} INFO - Processing /home/nayara/Documentos/airflowalura/venv/lib/python3.9/site-packages/airflow/example_dags/plugins/workday.py took 0.067 seconds
[2022-11-01 22:59:44,179] {processor.py:153} INFO - Started process (PID=20055) to work on /home/nayara/Documentos/airflowalura/venv/lib/python3.9/site-packages/airflow/example_dags/plugins/workday.py
[2022-11-01 22:59:44,180] {processor.py:641} INFO - Processing file /home/nayara/Documentos/airflowalura/venv/lib/python3.9/site-packages/airflow/example_dags/plugins/workday.py for tasks to queue
[2022-11-01 22:59:44,181] {logging_mixin.py:115} INFO - [2022-11-01 22:59:44,181] {dagbag.py:507} INFO - Filling up the DagBag from /home/nayara/Documentos/airflowalura/venv/lib/python3.9/site-packages/airflow/example_dags/plugins/workday.py
[2022-11-01 22:59:44,184] {processor.py:653} WARNING - No viable dags retrieved from /home/nayara/Documentos/airflowalura/venv/lib/python3.9/site-packages/airflow/example_dags/plugins/workday.py
[2022-11-01 22:59:44,198] {processor.py:161} INFO - Processing /home/nayara/Documentos/airflowalura/venv/lib/python3.9/site-packages/airflow/example_dags/plugins/workday.py took 0.025 seconds
[2022-11-01 23:00:38,611] {processor.py:153} INFO - Started process (PID=20155) to work on /home/nayara/Documentos/airflowalura/venv/lib/python3.9/site-packages/airflow/example_dags/plugins/workday.py
[2022-11-01 23:00:38,612] {processor.py:641} INFO - Processing file /home/nayara/Documentos/airflowalura/venv/lib/python3.9/site-packages/airflow/example_dags/plugins/workday.py for tasks to queue
[2022-11-01 23:00:38,613] {logging_mixin.py:115} INFO - [2022-11-01 23:00:38,613] {dagbag.py:507} INFO - Filling up the DagBag from /home/nayara/Documentos/airflowalura/venv/lib/python3.9/site-packages/airflow/example_dags/plugins/workday.py
[2022-11-01 23:00:38,617] {processor.py:653} WARNING - No viable dags retrieved from /home/nayara/Documentos/airflowalura/venv/lib/python3.9/site-packages/airflow/example_dags/plugins/workday.py
[2022-11-01 23:00:38,630] {processor.py:161} INFO - Processing /home/nayara/Documentos/airflowalura/venv/lib/python3.9/site-packages/airflow/example_dags/plugins/workday.py took 0.033 seconds
[2022-11-01 23:01:29,321] {processor.py:153} INFO - Started process (PID=20249) to work on /home/nayara/Documentos/airflowalura/venv/lib/python3.9/site-packages/airflow/example_dags/plugins/workday.py
[2022-11-01 23:01:29,338] {processor.py:641} INFO - Processing file /home/nayara/Documentos/airflowalura/venv/lib/python3.9/site-packages/airflow/example_dags/plugins/workday.py for tasks to queue
[2022-11-01 23:01:29,356] {logging_mixin.py:115} INFO - [2022-11-01 23:01:29,355] {dagbag.py:507} INFO - Filling up the DagBag from /home/nayara/Documentos/airflowalura/venv/lib/python3.9/site-packages/airflow/example_dags/plugins/workday.py
[2022-11-01 23:01:29,359] {processor.py:653} WARNING - No viable dags retrieved from /home/nayara/Documentos/airflowalura/venv/lib/python3.9/site-packages/airflow/example_dags/plugins/workday.py
[2022-11-01 23:01:29,381] {processor.py:161} INFO - Processing /home/nayara/Documentos/airflowalura/venv/lib/python3.9/site-packages/airflow/example_dags/plugins/workday.py took 0.070 seconds
[2022-11-01 23:02:32,503] {processor.py:153} INFO - Started process (PID=20420) to work on /home/nayara/Documentos/airflowalura/venv/lib/python3.9/site-packages/airflow/example_dags/plugins/workday.py
[2022-11-01 23:02:32,513] {processor.py:641} INFO - Processing file /home/nayara/Documentos/airflowalura/venv/lib/python3.9/site-packages/airflow/example_dags/plugins/workday.py for tasks to queue
[2022-11-01 23:02:32,514] {logging_mixin.py:115} INFO - [2022-11-01 23:02:32,514] {dagbag.py:507} INFO - Filling up the DagBag from /home/nayara/Documentos/airflowalura/venv/lib/python3.9/site-packages/airflow/example_dags/plugins/workday.py
[2022-11-01 23:02:32,518] {processor.py:653} WARNING - No viable dags retrieved from /home/nayara/Documentos/airflowalura/venv/lib/python3.9/site-packages/airflow/example_dags/plugins/workday.py
[2022-11-01 23:02:32,773] {processor.py:161} INFO - Processing /home/nayara/Documentos/airflowalura/venv/lib/python3.9/site-packages/airflow/example_dags/plugins/workday.py took 0.279 seconds
[2022-11-01 23:03:29,967] {processor.py:153} INFO - Started process (PID=20525) to work on /home/nayara/Documentos/airflowalura/venv/lib/python3.9/site-packages/airflow/example_dags/plugins/workday.py
[2022-11-01 23:03:30,161] {processor.py:641} INFO - Processing file /home/nayara/Documentos/airflowalura/venv/lib/python3.9/site-packages/airflow/example_dags/plugins/workday.py for tasks to queue
[2022-11-01 23:03:30,163] {logging_mixin.py:115} INFO - [2022-11-01 23:03:30,162] {dagbag.py:507} INFO - Filling up the DagBag from /home/nayara/Documentos/airflowalura/venv/lib/python3.9/site-packages/airflow/example_dags/plugins/workday.py
[2022-11-01 23:03:30,170] {processor.py:653} WARNING - No viable dags retrieved from /home/nayara/Documentos/airflowalura/venv/lib/python3.9/site-packages/airflow/example_dags/plugins/workday.py
[2022-11-01 23:03:31,553] {processor.py:161} INFO - Processing /home/nayara/Documentos/airflowalura/venv/lib/python3.9/site-packages/airflow/example_dags/plugins/workday.py took 1.592 seconds
[2022-11-01 23:04:20,844] {processor.py:153} INFO - Started process (PID=20641) to work on /home/nayara/Documentos/airflowalura/venv/lib/python3.9/site-packages/airflow/example_dags/plugins/workday.py
[2022-11-01 23:04:20,861] {processor.py:641} INFO - Processing file /home/nayara/Documentos/airflowalura/venv/lib/python3.9/site-packages/airflow/example_dags/plugins/workday.py for tasks to queue
[2022-11-01 23:04:20,862] {logging_mixin.py:115} INFO - [2022-11-01 23:04:20,862] {dagbag.py:507} INFO - Filling up the DagBag from /home/nayara/Documentos/airflowalura/venv/lib/python3.9/site-packages/airflow/example_dags/plugins/workday.py
[2022-11-01 23:04:20,866] {processor.py:653} WARNING - No viable dags retrieved from /home/nayara/Documentos/airflowalura/venv/lib/python3.9/site-packages/airflow/example_dags/plugins/workday.py
[2022-11-01 23:04:20,890] {processor.py:161} INFO - Processing /home/nayara/Documentos/airflowalura/venv/lib/python3.9/site-packages/airflow/example_dags/plugins/workday.py took 0.052 seconds
[2022-11-01 23:05:16,383] {processor.py:153} INFO - Started process (PID=20748) to work on /home/nayara/Documentos/airflowalura/venv/lib/python3.9/site-packages/airflow/example_dags/plugins/workday.py
[2022-11-01 23:05:16,388] {processor.py:641} INFO - Processing file /home/nayara/Documentos/airflowalura/venv/lib/python3.9/site-packages/airflow/example_dags/plugins/workday.py for tasks to queue
[2022-11-01 23:05:16,390] {logging_mixin.py:115} INFO - [2022-11-01 23:05:16,389] {dagbag.py:507} INFO - Filling up the DagBag from /home/nayara/Documentos/airflowalura/venv/lib/python3.9/site-packages/airflow/example_dags/plugins/workday.py
[2022-11-01 23:05:16,395] {processor.py:653} WARNING - No viable dags retrieved from /home/nayara/Documentos/airflowalura/venv/lib/python3.9/site-packages/airflow/example_dags/plugins/workday.py
[2022-11-01 23:05:16,431] {processor.py:161} INFO - Processing /home/nayara/Documentos/airflowalura/venv/lib/python3.9/site-packages/airflow/example_dags/plugins/workday.py took 0.056 seconds
[2022-11-01 23:06:08,652] {processor.py:153} INFO - Started process (PID=20857) to work on /home/nayara/Documentos/airflowalura/venv/lib/python3.9/site-packages/airflow/example_dags/plugins/workday.py
[2022-11-01 23:06:08,675] {processor.py:641} INFO - Processing file /home/nayara/Documentos/airflowalura/venv/lib/python3.9/site-packages/airflow/example_dags/plugins/workday.py for tasks to queue
[2022-11-01 23:06:08,676] {logging_mixin.py:115} INFO - [2022-11-01 23:06:08,676] {dagbag.py:507} INFO - Filling up the DagBag from /home/nayara/Documentos/airflowalura/venv/lib/python3.9/site-packages/airflow/example_dags/plugins/workday.py
[2022-11-01 23:06:08,681] {processor.py:653} WARNING - No viable dags retrieved from /home/nayara/Documentos/airflowalura/venv/lib/python3.9/site-packages/airflow/example_dags/plugins/workday.py
[2022-11-01 23:06:08,704] {processor.py:161} INFO - Processing /home/nayara/Documentos/airflowalura/venv/lib/python3.9/site-packages/airflow/example_dags/plugins/workday.py took 0.062 seconds
[2022-11-01 23:07:09,070] {processor.py:153} INFO - Started process (PID=21032) to work on /home/nayara/Documentos/airflowalura/venv/lib/python3.9/site-packages/airflow/example_dags/plugins/workday.py
[2022-11-01 23:07:09,080] {processor.py:641} INFO - Processing file /home/nayara/Documentos/airflowalura/venv/lib/python3.9/site-packages/airflow/example_dags/plugins/workday.py for tasks to queue
[2022-11-01 23:07:09,080] {logging_mixin.py:115} INFO - [2022-11-01 23:07:09,080] {dagbag.py:507} INFO - Filling up the DagBag from /home/nayara/Documentos/airflowalura/venv/lib/python3.9/site-packages/airflow/example_dags/plugins/workday.py
[2022-11-01 23:07:09,083] {processor.py:653} WARNING - No viable dags retrieved from /home/nayara/Documentos/airflowalura/venv/lib/python3.9/site-packages/airflow/example_dags/plugins/workday.py
[2022-11-01 23:07:09,097] {processor.py:161} INFO - Processing /home/nayara/Documentos/airflowalura/venv/lib/python3.9/site-packages/airflow/example_dags/plugins/workday.py took 0.031 seconds
[2022-11-01 23:08:00,756] {processor.py:153} INFO - Started process (PID=21120) to work on /home/nayara/Documentos/airflowalura/venv/lib/python3.9/site-packages/airflow/example_dags/plugins/workday.py
[2022-11-01 23:08:00,771] {processor.py:641} INFO - Processing file /home/nayara/Documentos/airflowalura/venv/lib/python3.9/site-packages/airflow/example_dags/plugins/workday.py for tasks to queue
[2022-11-01 23:08:00,773] {logging_mixin.py:115} INFO - [2022-11-01 23:08:00,772] {dagbag.py:507} INFO - Filling up the DagBag from /home/nayara/Documentos/airflowalura/venv/lib/python3.9/site-packages/airflow/example_dags/plugins/workday.py
[2022-11-01 23:08:00,776] {processor.py:653} WARNING - No viable dags retrieved from /home/nayara/Documentos/airflowalura/venv/lib/python3.9/site-packages/airflow/example_dags/plugins/workday.py
[2022-11-01 23:08:00,793] {processor.py:161} INFO - Processing /home/nayara/Documentos/airflowalura/venv/lib/python3.9/site-packages/airflow/example_dags/plugins/workday.py took 0.046 seconds
[2022-11-01 23:08:41,553] {processor.py:153} INFO - Started process (PID=21198) to work on /home/nayara/Documentos/airflowalura/venv/lib/python3.9/site-packages/airflow/example_dags/plugins/workday.py
[2022-11-01 23:08:41,568] {processor.py:641} INFO - Processing file /home/nayara/Documentos/airflowalura/venv/lib/python3.9/site-packages/airflow/example_dags/plugins/workday.py for tasks to queue
[2022-11-01 23:08:41,569] {logging_mixin.py:115} INFO - [2022-11-01 23:08:41,569] {dagbag.py:507} INFO - Filling up the DagBag from /home/nayara/Documentos/airflowalura/venv/lib/python3.9/site-packages/airflow/example_dags/plugins/workday.py
[2022-11-01 23:08:41,574] {processor.py:653} WARNING - No viable dags retrieved from /home/nayara/Documentos/airflowalura/venv/lib/python3.9/site-packages/airflow/example_dags/plugins/workday.py
[2022-11-01 23:08:41,595] {processor.py:161} INFO - Processing /home/nayara/Documentos/airflowalura/venv/lib/python3.9/site-packages/airflow/example_dags/plugins/workday.py took 0.055 seconds
[2022-11-01 23:09:26,720] {processor.py:153} INFO - Started process (PID=21337) to work on /home/nayara/Documentos/airflowalura/venv/lib/python3.9/site-packages/airflow/example_dags/plugins/workday.py
[2022-11-01 23:09:26,792] {processor.py:641} INFO - Processing file /home/nayara/Documentos/airflowalura/venv/lib/python3.9/site-packages/airflow/example_dags/plugins/workday.py for tasks to queue
[2022-11-01 23:09:26,795] {logging_mixin.py:115} INFO - [2022-11-01 23:09:26,794] {dagbag.py:507} INFO - Filling up the DagBag from /home/nayara/Documentos/airflowalura/venv/lib/python3.9/site-packages/airflow/example_dags/plugins/workday.py
[2022-11-01 23:09:26,804] {processor.py:653} WARNING - No viable dags retrieved from /home/nayara/Documentos/airflowalura/venv/lib/python3.9/site-packages/airflow/example_dags/plugins/workday.py
[2022-11-01 23:09:26,856] {processor.py:161} INFO - Processing /home/nayara/Documentos/airflowalura/venv/lib/python3.9/site-packages/airflow/example_dags/plugins/workday.py took 0.147 seconds
[2022-11-01 23:10:50,519] {processor.py:153} INFO - Started process (PID=21535) to work on /home/nayara/Documentos/airflowalura/venv/lib/python3.9/site-packages/airflow/example_dags/plugins/workday.py
[2022-11-01 23:10:50,542] {processor.py:641} INFO - Processing file /home/nayara/Documentos/airflowalura/venv/lib/python3.9/site-packages/airflow/example_dags/plugins/workday.py for tasks to queue
[2022-11-01 23:10:50,545] {logging_mixin.py:115} INFO - [2022-11-01 23:10:50,544] {dagbag.py:507} INFO - Filling up the DagBag from /home/nayara/Documentos/airflowalura/venv/lib/python3.9/site-packages/airflow/example_dags/plugins/workday.py
[2022-11-01 23:10:50,558] {processor.py:653} WARNING - No viable dags retrieved from /home/nayara/Documentos/airflowalura/venv/lib/python3.9/site-packages/airflow/example_dags/plugins/workday.py
[2022-11-01 23:10:50,608] {processor.py:161} INFO - Processing /home/nayara/Documentos/airflowalura/venv/lib/python3.9/site-packages/airflow/example_dags/plugins/workday.py took 0.106 seconds
[2022-11-01 23:11:37,349] {processor.py:153} INFO - Started process (PID=21671) to work on /home/nayara/Documentos/airflowalura/venv/lib/python3.9/site-packages/airflow/example_dags/plugins/workday.py
[2022-11-01 23:11:37,355] {processor.py:641} INFO - Processing file /home/nayara/Documentos/airflowalura/venv/lib/python3.9/site-packages/airflow/example_dags/plugins/workday.py for tasks to queue
[2022-11-01 23:11:37,359] {logging_mixin.py:115} INFO - [2022-11-01 23:11:37,358] {dagbag.py:507} INFO - Filling up the DagBag from /home/nayara/Documentos/airflowalura/venv/lib/python3.9/site-packages/airflow/example_dags/plugins/workday.py
[2022-11-01 23:11:37,371] {processor.py:653} WARNING - No viable dags retrieved from /home/nayara/Documentos/airflowalura/venv/lib/python3.9/site-packages/airflow/example_dags/plugins/workday.py
[2022-11-01 23:11:37,435] {processor.py:161} INFO - Processing /home/nayara/Documentos/airflowalura/venv/lib/python3.9/site-packages/airflow/example_dags/plugins/workday.py took 0.102 seconds
[2022-11-01 23:12:20,550] {processor.py:153} INFO - Started process (PID=21795) to work on /home/nayara/Documentos/airflowalura/venv/lib/python3.9/site-packages/airflow/example_dags/plugins/workday.py
[2022-11-01 23:12:20,574] {processor.py:641} INFO - Processing file /home/nayara/Documentos/airflowalura/venv/lib/python3.9/site-packages/airflow/example_dags/plugins/workday.py for tasks to queue
[2022-11-01 23:12:20,575] {logging_mixin.py:115} INFO - [2022-11-01 23:12:20,575] {dagbag.py:507} INFO - Filling up the DagBag from /home/nayara/Documentos/airflowalura/venv/lib/python3.9/site-packages/airflow/example_dags/plugins/workday.py
[2022-11-01 23:12:20,578] {processor.py:653} WARNING - No viable dags retrieved from /home/nayara/Documentos/airflowalura/venv/lib/python3.9/site-packages/airflow/example_dags/plugins/workday.py
[2022-11-01 23:12:20,595] {processor.py:161} INFO - Processing /home/nayara/Documentos/airflowalura/venv/lib/python3.9/site-packages/airflow/example_dags/plugins/workday.py took 0.051 seconds
[2022-11-01 23:13:32,674] {processor.py:153} INFO - Started process (PID=21917) to work on /home/nayara/Documentos/airflowalura/venv/lib/python3.9/site-packages/airflow/example_dags/plugins/workday.py
[2022-11-01 23:13:32,679] {processor.py:641} INFO - Processing file /home/nayara/Documentos/airflowalura/venv/lib/python3.9/site-packages/airflow/example_dags/plugins/workday.py for tasks to queue
[2022-11-01 23:13:32,682] {logging_mixin.py:115} INFO - [2022-11-01 23:13:32,681] {dagbag.py:507} INFO - Filling up the DagBag from /home/nayara/Documentos/airflowalura/venv/lib/python3.9/site-packages/airflow/example_dags/plugins/workday.py
[2022-11-01 23:13:32,690] {processor.py:653} WARNING - No viable dags retrieved from /home/nayara/Documentos/airflowalura/venv/lib/python3.9/site-packages/airflow/example_dags/plugins/workday.py
[2022-11-01 23:13:32,713] {processor.py:161} INFO - Processing /home/nayara/Documentos/airflowalura/venv/lib/python3.9/site-packages/airflow/example_dags/plugins/workday.py took 0.060 seconds
[2022-11-01 23:14:40,258] {processor.py:153} INFO - Started process (PID=22115) to work on /home/nayara/Documentos/airflowalura/venv/lib/python3.9/site-packages/airflow/example_dags/plugins/workday.py
[2022-11-01 23:14:40,267] {processor.py:641} INFO - Processing file /home/nayara/Documentos/airflowalura/venv/lib/python3.9/site-packages/airflow/example_dags/plugins/workday.py for tasks to queue
[2022-11-01 23:14:40,268] {logging_mixin.py:115} INFO - [2022-11-01 23:14:40,268] {dagbag.py:507} INFO - Filling up the DagBag from /home/nayara/Documentos/airflowalura/venv/lib/python3.9/site-packages/airflow/example_dags/plugins/workday.py
[2022-11-01 23:14:40,272] {processor.py:653} WARNING - No viable dags retrieved from /home/nayara/Documentos/airflowalura/venv/lib/python3.9/site-packages/airflow/example_dags/plugins/workday.py
[2022-11-01 23:14:40,290] {processor.py:161} INFO - Processing /home/nayara/Documentos/airflowalura/venv/lib/python3.9/site-packages/airflow/example_dags/plugins/workday.py took 0.036 seconds
[2022-11-01 23:15:40,525] {processor.py:153} INFO - Started process (PID=22261) to work on /home/nayara/Documentos/airflowalura/venv/lib/python3.9/site-packages/airflow/example_dags/plugins/workday.py
[2022-11-01 23:15:40,556] {processor.py:641} INFO - Processing file /home/nayara/Documentos/airflowalura/venv/lib/python3.9/site-packages/airflow/example_dags/plugins/workday.py for tasks to queue
[2022-11-01 23:15:40,558] {logging_mixin.py:115} INFO - [2022-11-01 23:15:40,558] {dagbag.py:507} INFO - Filling up the DagBag from /home/nayara/Documentos/airflowalura/venv/lib/python3.9/site-packages/airflow/example_dags/plugins/workday.py
[2022-11-01 23:15:40,568] {processor.py:653} WARNING - No viable dags retrieved from /home/nayara/Documentos/airflowalura/venv/lib/python3.9/site-packages/airflow/example_dags/plugins/workday.py
[2022-11-01 23:15:40,593] {processor.py:161} INFO - Processing /home/nayara/Documentos/airflowalura/venv/lib/python3.9/site-packages/airflow/example_dags/plugins/workday.py took 0.084 seconds
[2022-11-01 23:16:41,248] {processor.py:153} INFO - Started process (PID=22389) to work on /home/nayara/Documentos/airflowalura/venv/lib/python3.9/site-packages/airflow/example_dags/plugins/workday.py
[2022-11-01 23:16:41,355] {processor.py:641} INFO - Processing file /home/nayara/Documentos/airflowalura/venv/lib/python3.9/site-packages/airflow/example_dags/plugins/workday.py for tasks to queue
[2022-11-01 23:16:41,358] {logging_mixin.py:115} INFO - [2022-11-01 23:16:41,357] {dagbag.py:507} INFO - Filling up the DagBag from /home/nayara/Documentos/airflowalura/venv/lib/python3.9/site-packages/airflow/example_dags/plugins/workday.py
[2022-11-01 23:16:41,362] {processor.py:653} WARNING - No viable dags retrieved from /home/nayara/Documentos/airflowalura/venv/lib/python3.9/site-packages/airflow/example_dags/plugins/workday.py
[2022-11-01 23:16:41,386] {processor.py:161} INFO - Processing /home/nayara/Documentos/airflowalura/venv/lib/python3.9/site-packages/airflow/example_dags/plugins/workday.py took 0.152 seconds
[2022-11-01 23:17:55,047] {processor.py:153} INFO - Started process (PID=22563) to work on /home/nayara/Documentos/airflowalura/venv/lib/python3.9/site-packages/airflow/example_dags/plugins/workday.py
[2022-11-01 23:17:55,066] {processor.py:641} INFO - Processing file /home/nayara/Documentos/airflowalura/venv/lib/python3.9/site-packages/airflow/example_dags/plugins/workday.py for tasks to queue
[2022-11-01 23:17:55,076] {logging_mixin.py:115} INFO - [2022-11-01 23:17:55,075] {dagbag.py:507} INFO - Filling up the DagBag from /home/nayara/Documentos/airflowalura/venv/lib/python3.9/site-packages/airflow/example_dags/plugins/workday.py
[2022-11-01 23:17:55,082] {processor.py:653} WARNING - No viable dags retrieved from /home/nayara/Documentos/airflowalura/venv/lib/python3.9/site-packages/airflow/example_dags/plugins/workday.py
[2022-11-01 23:17:55,111] {processor.py:161} INFO - Processing /home/nayara/Documentos/airflowalura/venv/lib/python3.9/site-packages/airflow/example_dags/plugins/workday.py took 0.083 seconds
[2022-11-01 23:18:42,594] {processor.py:153} INFO - Started process (PID=22641) to work on /home/nayara/Documentos/airflowalura/venv/lib/python3.9/site-packages/airflow/example_dags/plugins/workday.py
[2022-11-01 23:18:42,626] {processor.py:641} INFO - Processing file /home/nayara/Documentos/airflowalura/venv/lib/python3.9/site-packages/airflow/example_dags/plugins/workday.py for tasks to queue
[2022-11-01 23:18:42,628] {logging_mixin.py:115} INFO - [2022-11-01 23:18:42,628] {dagbag.py:507} INFO - Filling up the DagBag from /home/nayara/Documentos/airflowalura/venv/lib/python3.9/site-packages/airflow/example_dags/plugins/workday.py
[2022-11-01 23:18:42,638] {processor.py:653} WARNING - No viable dags retrieved from /home/nayara/Documentos/airflowalura/venv/lib/python3.9/site-packages/airflow/example_dags/plugins/workday.py
[2022-11-01 23:18:42,666] {processor.py:161} INFO - Processing /home/nayara/Documentos/airflowalura/venv/lib/python3.9/site-packages/airflow/example_dags/plugins/workday.py took 0.076 seconds
[2022-11-01 23:19:41,021] {processor.py:153} INFO - Started process (PID=22758) to work on /home/nayara/Documentos/airflowalura/venv/lib/python3.9/site-packages/airflow/example_dags/plugins/workday.py
[2022-11-01 23:19:41,096] {processor.py:641} INFO - Processing file /home/nayara/Documentos/airflowalura/venv/lib/python3.9/site-packages/airflow/example_dags/plugins/workday.py for tasks to queue
[2022-11-01 23:19:41,099] {logging_mixin.py:115} INFO - [2022-11-01 23:19:41,098] {dagbag.py:507} INFO - Filling up the DagBag from /home/nayara/Documentos/airflowalura/venv/lib/python3.9/site-packages/airflow/example_dags/plugins/workday.py
[2022-11-01 23:19:41,112] {processor.py:653} WARNING - No viable dags retrieved from /home/nayara/Documentos/airflowalura/venv/lib/python3.9/site-packages/airflow/example_dags/plugins/workday.py
[2022-11-01 23:19:41,160] {processor.py:161} INFO - Processing /home/nayara/Documentos/airflowalura/venv/lib/python3.9/site-packages/airflow/example_dags/plugins/workday.py took 0.155 seconds
[2022-11-01 23:20:52,882] {processor.py:153} INFO - Started process (PID=22952) to work on /home/nayara/Documentos/airflowalura/venv/lib/python3.9/site-packages/airflow/example_dags/plugins/workday.py
[2022-11-01 23:20:52,918] {processor.py:641} INFO - Processing file /home/nayara/Documentos/airflowalura/venv/lib/python3.9/site-packages/airflow/example_dags/plugins/workday.py for tasks to queue
[2022-11-01 23:20:52,919] {logging_mixin.py:115} INFO - [2022-11-01 23:20:52,919] {dagbag.py:507} INFO - Filling up the DagBag from /home/nayara/Documentos/airflowalura/venv/lib/python3.9/site-packages/airflow/example_dags/plugins/workday.py
[2022-11-01 23:20:52,923] {processor.py:653} WARNING - No viable dags retrieved from /home/nayara/Documentos/airflowalura/venv/lib/python3.9/site-packages/airflow/example_dags/plugins/workday.py
[2022-11-01 23:20:52,948] {processor.py:161} INFO - Processing /home/nayara/Documentos/airflowalura/venv/lib/python3.9/site-packages/airflow/example_dags/plugins/workday.py took 0.086 seconds
