[2022-11-01 22:41:01,072] {processor.py:153} INFO - Started process (PID=17822) to work on /home/nayara/Documentos/airflowalura/venv/lib/python3.9/site-packages/airflow/example_dags/example_branch_operator.py
[2022-11-01 22:41:01,074] {processor.py:641} INFO - Processing file /home/nayara/Documentos/airflowalura/venv/lib/python3.9/site-packages/airflow/example_dags/example_branch_operator.py for tasks to queue
[2022-11-01 22:41:01,075] {logging_mixin.py:115} INFO - [2022-11-01 22:41:01,075] {dagbag.py:507} INFO - Filling up the DagBag from /home/nayara/Documentos/airflowalura/venv/lib/python3.9/site-packages/airflow/example_dags/example_branch_operator.py
[2022-11-01 22:41:01,102] {processor.py:651} INFO - DAG(s) dict_keys(['example_branch_operator']) retrieved from /home/nayara/Documentos/airflowalura/venv/lib/python3.9/site-packages/airflow/example_dags/example_branch_operator.py
[2022-11-01 22:41:02,459] {logging_mixin.py:115} INFO - [2022-11-01 22:41:02,458] {dag.py:2379} INFO - Sync 1 DAGs
[2022-11-01 22:41:02,582] {logging_mixin.py:115} INFO - [2022-11-01 22:41:02,582] {dag.py:2927} INFO - Setting next_dagrun for example_branch_operator to 2022-11-02T00:00:00+00:00, run_after=2022-11-03T00:00:00+00:00
[2022-11-01 22:41:03,180] {processor.py:161} INFO - Processing /home/nayara/Documentos/airflowalura/venv/lib/python3.9/site-packages/airflow/example_dags/example_branch_operator.py took 2.115 seconds
[2022-11-01 22:43:55,921] {processor.py:153} INFO - Started process (PID=18070) to work on /home/nayara/Documentos/airflowalura/venv/lib/python3.9/site-packages/airflow/example_dags/example_branch_operator.py
[2022-11-01 22:43:55,988] {processor.py:641} INFO - Processing file /home/nayara/Documentos/airflowalura/venv/lib/python3.9/site-packages/airflow/example_dags/example_branch_operator.py for tasks to queue
[2022-11-01 22:43:55,992] {logging_mixin.py:115} INFO - [2022-11-01 22:43:55,991] {dagbag.py:507} INFO - Filling up the DagBag from /home/nayara/Documentos/airflowalura/venv/lib/python3.9/site-packages/airflow/example_dags/example_branch_operator.py
[2022-11-01 22:43:56,036] {processor.py:651} INFO - DAG(s) dict_keys(['example_branch_operator']) retrieved from /home/nayara/Documentos/airflowalura/venv/lib/python3.9/site-packages/airflow/example_dags/example_branch_operator.py
[2022-11-01 22:43:56,097] {logging_mixin.py:115} INFO - [2022-11-01 22:43:56,097] {dag.py:2379} INFO - Sync 1 DAGs
[2022-11-01 22:43:56,134] {logging_mixin.py:115} INFO - [2022-11-01 22:43:56,134] {dag.py:2927} INFO - Setting next_dagrun for example_branch_operator to 2022-11-02T00:00:00+00:00, run_after=2022-11-03T00:00:00+00:00
[2022-11-01 22:43:56,927] {processor.py:161} INFO - Processing /home/nayara/Documentos/airflowalura/venv/lib/python3.9/site-packages/airflow/example_dags/example_branch_operator.py took 1.010 seconds
[2022-11-01 22:45:15,406] {processor.py:153} INFO - Started process (PID=18198) to work on /home/nayara/Documentos/airflowalura/venv/lib/python3.9/site-packages/airflow/example_dags/example_branch_operator.py
[2022-11-01 22:45:15,426] {processor.py:641} INFO - Processing file /home/nayara/Documentos/airflowalura/venv/lib/python3.9/site-packages/airflow/example_dags/example_branch_operator.py for tasks to queue
[2022-11-01 22:45:15,427] {logging_mixin.py:115} INFO - [2022-11-01 22:45:15,427] {dagbag.py:507} INFO - Filling up the DagBag from /home/nayara/Documentos/airflowalura/venv/lib/python3.9/site-packages/airflow/example_dags/example_branch_operator.py
[2022-11-01 22:45:15,461] {processor.py:651} INFO - DAG(s) dict_keys(['example_branch_operator']) retrieved from /home/nayara/Documentos/airflowalura/venv/lib/python3.9/site-packages/airflow/example_dags/example_branch_operator.py
[2022-11-01 22:45:15,497] {logging_mixin.py:115} INFO - [2022-11-01 22:45:15,496] {dag.py:2379} INFO - Sync 1 DAGs
[2022-11-01 22:45:15,537] {logging_mixin.py:115} INFO - [2022-11-01 22:45:15,537] {dag.py:2927} INFO - Setting next_dagrun for example_branch_operator to 2022-11-02T00:00:00+00:00, run_after=2022-11-03T00:00:00+00:00
[2022-11-01 22:45:15,834] {processor.py:161} INFO - Processing /home/nayara/Documentos/airflowalura/venv/lib/python3.9/site-packages/airflow/example_dags/example_branch_operator.py took 0.436 seconds
[2022-11-01 22:46:14,945] {processor.py:153} INFO - Started process (PID=18306) to work on /home/nayara/Documentos/airflowalura/venv/lib/python3.9/site-packages/airflow/example_dags/example_branch_operator.py
[2022-11-01 22:46:14,946] {processor.py:641} INFO - Processing file /home/nayara/Documentos/airflowalura/venv/lib/python3.9/site-packages/airflow/example_dags/example_branch_operator.py for tasks to queue
[2022-11-01 22:46:14,947] {logging_mixin.py:115} INFO - [2022-11-01 22:46:14,947] {dagbag.py:507} INFO - Filling up the DagBag from /home/nayara/Documentos/airflowalura/venv/lib/python3.9/site-packages/airflow/example_dags/example_branch_operator.py
[2022-11-01 22:46:14,983] {processor.py:651} INFO - DAG(s) dict_keys(['example_branch_operator']) retrieved from /home/nayara/Documentos/airflowalura/venv/lib/python3.9/site-packages/airflow/example_dags/example_branch_operator.py
[2022-11-01 22:46:15,020] {logging_mixin.py:115} INFO - [2022-11-01 22:46:15,019] {dag.py:2379} INFO - Sync 1 DAGs
[2022-11-01 22:46:15,057] {logging_mixin.py:115} INFO - [2022-11-01 22:46:15,056] {dag.py:2927} INFO - Setting next_dagrun for example_branch_operator to 2022-11-02T00:00:00+00:00, run_after=2022-11-03T00:00:00+00:00
[2022-11-01 22:46:15,315] {processor.py:161} INFO - Processing /home/nayara/Documentos/airflowalura/venv/lib/python3.9/site-packages/airflow/example_dags/example_branch_operator.py took 0.374 seconds
[2022-11-01 22:47:23,343] {processor.py:153} INFO - Started process (PID=18471) to work on /home/nayara/Documentos/airflowalura/venv/lib/python3.9/site-packages/airflow/example_dags/example_branch_operator.py
[2022-11-01 22:47:23,344] {processor.py:641} INFO - Processing file /home/nayara/Documentos/airflowalura/venv/lib/python3.9/site-packages/airflow/example_dags/example_branch_operator.py for tasks to queue
[2022-11-01 22:47:23,345] {logging_mixin.py:115} INFO - [2022-11-01 22:47:23,345] {dagbag.py:507} INFO - Filling up the DagBag from /home/nayara/Documentos/airflowalura/venv/lib/python3.9/site-packages/airflow/example_dags/example_branch_operator.py
[2022-11-01 22:47:23,377] {processor.py:651} INFO - DAG(s) dict_keys(['example_branch_operator']) retrieved from /home/nayara/Documentos/airflowalura/venv/lib/python3.9/site-packages/airflow/example_dags/example_branch_operator.py
[2022-11-01 22:47:23,411] {logging_mixin.py:115} INFO - [2022-11-01 22:47:23,411] {dag.py:2379} INFO - Sync 1 DAGs
[2022-11-01 22:47:23,451] {logging_mixin.py:115} INFO - [2022-11-01 22:47:23,450] {dag.py:2927} INFO - Setting next_dagrun for example_branch_operator to 2022-11-02T00:00:00+00:00, run_after=2022-11-03T00:00:00+00:00
[2022-11-01 22:47:23,698] {processor.py:161} INFO - Processing /home/nayara/Documentos/airflowalura/venv/lib/python3.9/site-packages/airflow/example_dags/example_branch_operator.py took 0.361 seconds
[2022-11-01 22:48:20,982] {processor.py:153} INFO - Started process (PID=18587) to work on /home/nayara/Documentos/airflowalura/venv/lib/python3.9/site-packages/airflow/example_dags/example_branch_operator.py
[2022-11-01 22:48:20,998] {processor.py:641} INFO - Processing file /home/nayara/Documentos/airflowalura/venv/lib/python3.9/site-packages/airflow/example_dags/example_branch_operator.py for tasks to queue
[2022-11-01 22:48:21,000] {logging_mixin.py:115} INFO - [2022-11-01 22:48:21,000] {dagbag.py:507} INFO - Filling up the DagBag from /home/nayara/Documentos/airflowalura/venv/lib/python3.9/site-packages/airflow/example_dags/example_branch_operator.py
[2022-11-01 22:48:21,034] {processor.py:651} INFO - DAG(s) dict_keys(['example_branch_operator']) retrieved from /home/nayara/Documentos/airflowalura/venv/lib/python3.9/site-packages/airflow/example_dags/example_branch_operator.py
[2022-11-01 22:48:21,507] {logging_mixin.py:115} INFO - [2022-11-01 22:48:21,507] {dag.py:2379} INFO - Sync 1 DAGs
[2022-11-01 22:48:21,547] {logging_mixin.py:115} INFO - [2022-11-01 22:48:21,547] {dag.py:2927} INFO - Setting next_dagrun for example_branch_operator to 2022-11-02T00:00:00+00:00, run_after=2022-11-03T00:00:00+00:00
[2022-11-01 22:48:21,931] {processor.py:161} INFO - Processing /home/nayara/Documentos/airflowalura/venv/lib/python3.9/site-packages/airflow/example_dags/example_branch_operator.py took 0.953 seconds
[2022-11-01 22:49:19,521] {processor.py:153} INFO - Started process (PID=18698) to work on /home/nayara/Documentos/airflowalura/venv/lib/python3.9/site-packages/airflow/example_dags/example_branch_operator.py
[2022-11-01 22:49:19,584] {processor.py:641} INFO - Processing file /home/nayara/Documentos/airflowalura/venv/lib/python3.9/site-packages/airflow/example_dags/example_branch_operator.py for tasks to queue
[2022-11-01 22:49:19,585] {logging_mixin.py:115} INFO - [2022-11-01 22:49:19,584] {dagbag.py:507} INFO - Filling up the DagBag from /home/nayara/Documentos/airflowalura/venv/lib/python3.9/site-packages/airflow/example_dags/example_branch_operator.py
[2022-11-01 22:49:19,602] {processor.py:651} INFO - DAG(s) dict_keys(['example_branch_operator']) retrieved from /home/nayara/Documentos/airflowalura/venv/lib/python3.9/site-packages/airflow/example_dags/example_branch_operator.py
[2022-11-01 22:49:19,643] {logging_mixin.py:115} INFO - [2022-11-01 22:49:19,643] {dag.py:2379} INFO - Sync 1 DAGs
[2022-11-01 22:49:19,688] {logging_mixin.py:115} INFO - [2022-11-01 22:49:19,688] {dag.py:2927} INFO - Setting next_dagrun for example_branch_operator to 2022-11-02T00:00:00+00:00, run_after=2022-11-03T00:00:00+00:00
[2022-11-01 22:49:20,002] {processor.py:161} INFO - Processing /home/nayara/Documentos/airflowalura/venv/lib/python3.9/site-packages/airflow/example_dags/example_branch_operator.py took 0.485 seconds
[2022-11-01 22:50:15,732] {processor.py:153} INFO - Started process (PID=18799) to work on /home/nayara/Documentos/airflowalura/venv/lib/python3.9/site-packages/airflow/example_dags/example_branch_operator.py
[2022-11-01 22:50:15,733] {processor.py:641} INFO - Processing file /home/nayara/Documentos/airflowalura/venv/lib/python3.9/site-packages/airflow/example_dags/example_branch_operator.py for tasks to queue
[2022-11-01 22:50:15,735] {logging_mixin.py:115} INFO - [2022-11-01 22:50:15,734] {dagbag.py:507} INFO - Filling up the DagBag from /home/nayara/Documentos/airflowalura/venv/lib/python3.9/site-packages/airflow/example_dags/example_branch_operator.py
[2022-11-01 22:50:15,760] {processor.py:651} INFO - DAG(s) dict_keys(['example_branch_operator']) retrieved from /home/nayara/Documentos/airflowalura/venv/lib/python3.9/site-packages/airflow/example_dags/example_branch_operator.py
[2022-11-01 22:50:15,804] {logging_mixin.py:115} INFO - [2022-11-01 22:50:15,804] {dag.py:2379} INFO - Sync 1 DAGs
[2022-11-01 22:50:15,849] {logging_mixin.py:115} INFO - [2022-11-01 22:50:15,848] {dag.py:2927} INFO - Setting next_dagrun for example_branch_operator to 2022-11-02T00:00:00+00:00, run_after=2022-11-03T00:00:00+00:00
[2022-11-01 22:50:16,107] {processor.py:161} INFO - Processing /home/nayara/Documentos/airflowalura/venv/lib/python3.9/site-packages/airflow/example_dags/example_branch_operator.py took 0.380 seconds
[2022-11-01 22:51:18,062] {processor.py:153} INFO - Started process (PID=18920) to work on /home/nayara/Documentos/airflowalura/venv/lib/python3.9/site-packages/airflow/example_dags/example_branch_operator.py
[2022-11-01 22:51:18,102] {processor.py:641} INFO - Processing file /home/nayara/Documentos/airflowalura/venv/lib/python3.9/site-packages/airflow/example_dags/example_branch_operator.py for tasks to queue
[2022-11-01 22:51:18,104] {logging_mixin.py:115} INFO - [2022-11-01 22:51:18,103] {dagbag.py:507} INFO - Filling up the DagBag from /home/nayara/Documentos/airflowalura/venv/lib/python3.9/site-packages/airflow/example_dags/example_branch_operator.py
[2022-11-01 22:51:18,126] {processor.py:651} INFO - DAG(s) dict_keys(['example_branch_operator']) retrieved from /home/nayara/Documentos/airflowalura/venv/lib/python3.9/site-packages/airflow/example_dags/example_branch_operator.py
[2022-11-01 22:51:18,205] {logging_mixin.py:115} INFO - [2022-11-01 22:51:18,204] {dag.py:2379} INFO - Sync 1 DAGs
[2022-11-01 22:51:18,253] {logging_mixin.py:115} INFO - [2022-11-01 22:51:18,252] {dag.py:2927} INFO - Setting next_dagrun for example_branch_operator to 2022-11-02T00:00:00+00:00, run_after=2022-11-03T00:00:00+00:00
[2022-11-01 22:51:18,798] {processor.py:161} INFO - Processing /home/nayara/Documentos/airflowalura/venv/lib/python3.9/site-packages/airflow/example_dags/example_branch_operator.py took 0.742 seconds
[2022-11-01 22:52:51,810] {processor.py:153} INFO - Started process (PID=19122) to work on /home/nayara/Documentos/airflowalura/venv/lib/python3.9/site-packages/airflow/example_dags/example_branch_operator.py
[2022-11-01 22:52:51,824] {processor.py:641} INFO - Processing file /home/nayara/Documentos/airflowalura/venv/lib/python3.9/site-packages/airflow/example_dags/example_branch_operator.py for tasks to queue
[2022-11-01 22:52:51,825] {logging_mixin.py:115} INFO - [2022-11-01 22:52:51,825] {dagbag.py:507} INFO - Filling up the DagBag from /home/nayara/Documentos/airflowalura/venv/lib/python3.9/site-packages/airflow/example_dags/example_branch_operator.py
[2022-11-01 22:52:51,854] {processor.py:651} INFO - DAG(s) dict_keys(['example_branch_operator']) retrieved from /home/nayara/Documentos/airflowalura/venv/lib/python3.9/site-packages/airflow/example_dags/example_branch_operator.py
[2022-11-01 22:52:51,896] {logging_mixin.py:115} INFO - [2022-11-01 22:52:51,896] {dag.py:2379} INFO - Sync 1 DAGs
[2022-11-01 22:52:51,939] {logging_mixin.py:115} INFO - [2022-11-01 22:52:51,939] {dag.py:2927} INFO - Setting next_dagrun for example_branch_operator to 2022-11-02T00:00:00+00:00, run_after=2022-11-03T00:00:00+00:00
[2022-11-01 22:52:52,196] {processor.py:161} INFO - Processing /home/nayara/Documentos/airflowalura/venv/lib/python3.9/site-packages/airflow/example_dags/example_branch_operator.py took 0.391 seconds
[2022-11-01 22:53:53,878] {processor.py:153} INFO - Started process (PID=19246) to work on /home/nayara/Documentos/airflowalura/venv/lib/python3.9/site-packages/airflow/example_dags/example_branch_operator.py
[2022-11-01 22:53:53,982] {processor.py:641} INFO - Processing file /home/nayara/Documentos/airflowalura/venv/lib/python3.9/site-packages/airflow/example_dags/example_branch_operator.py for tasks to queue
[2022-11-01 22:53:53,982] {logging_mixin.py:115} INFO - [2022-11-01 22:53:53,982] {dagbag.py:507} INFO - Filling up the DagBag from /home/nayara/Documentos/airflowalura/venv/lib/python3.9/site-packages/airflow/example_dags/example_branch_operator.py
[2022-11-01 22:53:53,997] {processor.py:651} INFO - DAG(s) dict_keys(['example_branch_operator']) retrieved from /home/nayara/Documentos/airflowalura/venv/lib/python3.9/site-packages/airflow/example_dags/example_branch_operator.py
[2022-11-01 22:53:54,025] {logging_mixin.py:115} INFO - [2022-11-01 22:53:54,025] {dag.py:2379} INFO - Sync 1 DAGs
[2022-11-01 22:53:54,060] {logging_mixin.py:115} INFO - [2022-11-01 22:53:54,059] {dag.py:2927} INFO - Setting next_dagrun for example_branch_operator to 2022-11-02T00:00:00+00:00, run_after=2022-11-03T00:00:00+00:00
[2022-11-01 22:53:54,523] {processor.py:161} INFO - Processing /home/nayara/Documentos/airflowalura/venv/lib/python3.9/site-packages/airflow/example_dags/example_branch_operator.py took 0.653 seconds
[2022-11-01 22:55:02,886] {processor.py:153} INFO - Started process (PID=19408) to work on /home/nayara/Documentos/airflowalura/venv/lib/python3.9/site-packages/airflow/example_dags/example_branch_operator.py
[2022-11-01 22:55:02,998] {processor.py:641} INFO - Processing file /home/nayara/Documentos/airflowalura/venv/lib/python3.9/site-packages/airflow/example_dags/example_branch_operator.py for tasks to queue
[2022-11-01 22:55:03,000] {logging_mixin.py:115} INFO - [2022-11-01 22:55:03,000] {dagbag.py:507} INFO - Filling up the DagBag from /home/nayara/Documentos/airflowalura/venv/lib/python3.9/site-packages/airflow/example_dags/example_branch_operator.py
[2022-11-01 22:55:03,034] {processor.py:651} INFO - DAG(s) dict_keys(['example_branch_operator']) retrieved from /home/nayara/Documentos/airflowalura/venv/lib/python3.9/site-packages/airflow/example_dags/example_branch_operator.py
[2022-11-01 22:55:03,055] {logging_mixin.py:115} INFO - [2022-11-01 22:55:03,055] {dag.py:2379} INFO - Sync 1 DAGs
[2022-11-01 22:55:03,078] {logging_mixin.py:115} INFO - [2022-11-01 22:55:03,078] {dag.py:2927} INFO - Setting next_dagrun for example_branch_operator to 2022-11-02T00:00:00+00:00, run_after=2022-11-03T00:00:00+00:00
[2022-11-01 22:55:03,676] {processor.py:161} INFO - Processing /home/nayara/Documentos/airflowalura/venv/lib/python3.9/site-packages/airflow/example_dags/example_branch_operator.py took 0.795 seconds
[2022-11-01 22:56:11,433] {processor.py:153} INFO - Started process (PID=19554) to work on /home/nayara/Documentos/airflowalura/venv/lib/python3.9/site-packages/airflow/example_dags/example_branch_operator.py
[2022-11-01 22:56:11,447] {processor.py:641} INFO - Processing file /home/nayara/Documentos/airflowalura/venv/lib/python3.9/site-packages/airflow/example_dags/example_branch_operator.py for tasks to queue
[2022-11-01 22:56:11,448] {logging_mixin.py:115} INFO - [2022-11-01 22:56:11,448] {dagbag.py:507} INFO - Filling up the DagBag from /home/nayara/Documentos/airflowalura/venv/lib/python3.9/site-packages/airflow/example_dags/example_branch_operator.py
[2022-11-01 22:56:11,472] {processor.py:651} INFO - DAG(s) dict_keys(['example_branch_operator']) retrieved from /home/nayara/Documentos/airflowalura/venv/lib/python3.9/site-packages/airflow/example_dags/example_branch_operator.py
[2022-11-01 22:56:11,505] {logging_mixin.py:115} INFO - [2022-11-01 22:56:11,505] {dag.py:2379} INFO - Sync 1 DAGs
[2022-11-01 22:56:11,528] {logging_mixin.py:115} INFO - [2022-11-01 22:56:11,528] {dag.py:2927} INFO - Setting next_dagrun for example_branch_operator to 2022-11-02T00:00:00+00:00, run_after=2022-11-03T00:00:00+00:00
[2022-11-01 22:56:11,780] {processor.py:161} INFO - Processing /home/nayara/Documentos/airflowalura/venv/lib/python3.9/site-packages/airflow/example_dags/example_branch_operator.py took 0.353 seconds
[2022-11-01 22:57:34,714] {processor.py:153} INFO - Started process (PID=19773) to work on /home/nayara/Documentos/airflowalura/venv/lib/python3.9/site-packages/airflow/example_dags/example_branch_operator.py
[2022-11-01 22:57:34,726] {processor.py:641} INFO - Processing file /home/nayara/Documentos/airflowalura/venv/lib/python3.9/site-packages/airflow/example_dags/example_branch_operator.py for tasks to queue
[2022-11-01 22:57:34,727] {logging_mixin.py:115} INFO - [2022-11-01 22:57:34,727] {dagbag.py:507} INFO - Filling up the DagBag from /home/nayara/Documentos/airflowalura/venv/lib/python3.9/site-packages/airflow/example_dags/example_branch_operator.py
[2022-11-01 22:57:34,739] {processor.py:651} INFO - DAG(s) dict_keys(['example_branch_operator']) retrieved from /home/nayara/Documentos/airflowalura/venv/lib/python3.9/site-packages/airflow/example_dags/example_branch_operator.py
[2022-11-01 22:57:34,759] {logging_mixin.py:115} INFO - [2022-11-01 22:57:34,759] {dag.py:2379} INFO - Sync 1 DAGs
[2022-11-01 22:57:34,779] {logging_mixin.py:115} INFO - [2022-11-01 22:57:34,779] {dag.py:2927} INFO - Setting next_dagrun for example_branch_operator to 2022-11-02T00:00:00+00:00, run_after=2022-11-03T00:00:00+00:00
[2022-11-01 22:57:35,540] {processor.py:161} INFO - Processing /home/nayara/Documentos/airflowalura/venv/lib/python3.9/site-packages/airflow/example_dags/example_branch_operator.py took 0.831 seconds
[2022-11-01 22:58:34,149] {processor.py:153} INFO - Started process (PID=19899) to work on /home/nayara/Documentos/airflowalura/venv/lib/python3.9/site-packages/airflow/example_dags/example_branch_operator.py
[2022-11-01 22:58:34,169] {processor.py:641} INFO - Processing file /home/nayara/Documentos/airflowalura/venv/lib/python3.9/site-packages/airflow/example_dags/example_branch_operator.py for tasks to queue
[2022-11-01 22:58:34,171] {logging_mixin.py:115} INFO - [2022-11-01 22:58:34,170] {dagbag.py:507} INFO - Filling up the DagBag from /home/nayara/Documentos/airflowalura/venv/lib/python3.9/site-packages/airflow/example_dags/example_branch_operator.py
[2022-11-01 22:58:34,193] {processor.py:651} INFO - DAG(s) dict_keys(['example_branch_operator']) retrieved from /home/nayara/Documentos/airflowalura/venv/lib/python3.9/site-packages/airflow/example_dags/example_branch_operator.py
[2022-11-01 22:58:34,224] {logging_mixin.py:115} INFO - [2022-11-01 22:58:34,224] {dag.py:2379} INFO - Sync 1 DAGs
[2022-11-01 22:58:34,243] {logging_mixin.py:115} INFO - [2022-11-01 22:58:34,243] {dag.py:2927} INFO - Setting next_dagrun for example_branch_operator to 2022-11-02T00:00:00+00:00, run_after=2022-11-03T00:00:00+00:00
[2022-11-01 22:58:34,442] {processor.py:161} INFO - Processing /home/nayara/Documentos/airflowalura/venv/lib/python3.9/site-packages/airflow/example_dags/example_branch_operator.py took 0.307 seconds
[2022-11-01 22:59:23,692] {processor.py:153} INFO - Started process (PID=20010) to work on /home/nayara/Documentos/airflowalura/venv/lib/python3.9/site-packages/airflow/example_dags/example_branch_operator.py
[2022-11-01 22:59:23,768] {processor.py:641} INFO - Processing file /home/nayara/Documentos/airflowalura/venv/lib/python3.9/site-packages/airflow/example_dags/example_branch_operator.py for tasks to queue
[2022-11-01 22:59:23,769] {logging_mixin.py:115} INFO - [2022-11-01 22:59:23,769] {dagbag.py:507} INFO - Filling up the DagBag from /home/nayara/Documentos/airflowalura/venv/lib/python3.9/site-packages/airflow/example_dags/example_branch_operator.py
[2022-11-01 22:59:23,782] {processor.py:651} INFO - DAG(s) dict_keys(['example_branch_operator']) retrieved from /home/nayara/Documentos/airflowalura/venv/lib/python3.9/site-packages/airflow/example_dags/example_branch_operator.py
[2022-11-01 22:59:23,807] {logging_mixin.py:115} INFO - [2022-11-01 22:59:23,807] {dag.py:2379} INFO - Sync 1 DAGs
[2022-11-01 22:59:23,831] {logging_mixin.py:115} INFO - [2022-11-01 22:59:23,831] {dag.py:2927} INFO - Setting next_dagrun for example_branch_operator to 2022-11-02T00:00:00+00:00, run_after=2022-11-03T00:00:00+00:00
[2022-11-01 22:59:24,171] {processor.py:161} INFO - Processing /home/nayara/Documentos/airflowalura/venv/lib/python3.9/site-packages/airflow/example_dags/example_branch_operator.py took 0.484 seconds
[2022-11-01 23:00:23,412] {processor.py:153} INFO - Started process (PID=20124) to work on /home/nayara/Documentos/airflowalura/venv/lib/python3.9/site-packages/airflow/example_dags/example_branch_operator.py
[2022-11-01 23:00:23,455] {processor.py:641} INFO - Processing file /home/nayara/Documentos/airflowalura/venv/lib/python3.9/site-packages/airflow/example_dags/example_branch_operator.py for tasks to queue
[2022-11-01 23:00:23,458] {logging_mixin.py:115} INFO - [2022-11-01 23:00:23,458] {dagbag.py:507} INFO - Filling up the DagBag from /home/nayara/Documentos/airflowalura/venv/lib/python3.9/site-packages/airflow/example_dags/example_branch_operator.py
[2022-11-01 23:00:23,481] {processor.py:651} INFO - DAG(s) dict_keys(['example_branch_operator']) retrieved from /home/nayara/Documentos/airflowalura/venv/lib/python3.9/site-packages/airflow/example_dags/example_branch_operator.py
[2022-11-01 23:00:23,501] {logging_mixin.py:115} INFO - [2022-11-01 23:00:23,501] {dag.py:2379} INFO - Sync 1 DAGs
[2022-11-01 23:00:23,521] {logging_mixin.py:115} INFO - [2022-11-01 23:00:23,521] {dag.py:2927} INFO - Setting next_dagrun for example_branch_operator to 2022-11-02T00:00:00+00:00, run_after=2022-11-03T00:00:00+00:00
[2022-11-01 23:00:23,778] {processor.py:161} INFO - Processing /home/nayara/Documentos/airflowalura/venv/lib/python3.9/site-packages/airflow/example_dags/example_branch_operator.py took 0.380 seconds
[2022-11-01 23:01:35,690] {processor.py:153} INFO - Started process (PID=20266) to work on /home/nayara/Documentos/airflowalura/venv/lib/python3.9/site-packages/airflow/example_dags/example_branch_operator.py
[2022-11-01 23:01:35,722] {processor.py:641} INFO - Processing file /home/nayara/Documentos/airflowalura/venv/lib/python3.9/site-packages/airflow/example_dags/example_branch_operator.py for tasks to queue
[2022-11-01 23:01:35,726] {logging_mixin.py:115} INFO - [2022-11-01 23:01:35,725] {dagbag.py:507} INFO - Filling up the DagBag from /home/nayara/Documentos/airflowalura/venv/lib/python3.9/site-packages/airflow/example_dags/example_branch_operator.py
[2022-11-01 23:01:35,771] {processor.py:651} INFO - DAG(s) dict_keys(['example_branch_operator']) retrieved from /home/nayara/Documentos/airflowalura/venv/lib/python3.9/site-packages/airflow/example_dags/example_branch_operator.py
[2022-11-01 23:01:35,807] {logging_mixin.py:115} INFO - [2022-11-01 23:01:35,807] {dag.py:2379} INFO - Sync 1 DAGs
[2022-11-01 23:01:35,828] {logging_mixin.py:115} INFO - [2022-11-01 23:01:35,828] {dag.py:2927} INFO - Setting next_dagrun for example_branch_operator to 2022-11-02T00:00:00+00:00, run_after=2022-11-03T00:00:00+00:00
[2022-11-01 23:01:36,195] {processor.py:161} INFO - Processing /home/nayara/Documentos/airflowalura/venv/lib/python3.9/site-packages/airflow/example_dags/example_branch_operator.py took 0.511 seconds
[2022-11-01 23:02:56,976] {processor.py:153} INFO - Started process (PID=20458) to work on /home/nayara/Documentos/airflowalura/venv/lib/python3.9/site-packages/airflow/example_dags/example_branch_operator.py
[2022-11-01 23:02:57,022] {processor.py:641} INFO - Processing file /home/nayara/Documentos/airflowalura/venv/lib/python3.9/site-packages/airflow/example_dags/example_branch_operator.py for tasks to queue
[2022-11-01 23:02:57,026] {logging_mixin.py:115} INFO - [2022-11-01 23:02:57,025] {dagbag.py:507} INFO - Filling up the DagBag from /home/nayara/Documentos/airflowalura/venv/lib/python3.9/site-packages/airflow/example_dags/example_branch_operator.py
[2022-11-01 23:02:57,098] {processor.py:651} INFO - DAG(s) dict_keys(['example_branch_operator']) retrieved from /home/nayara/Documentos/airflowalura/venv/lib/python3.9/site-packages/airflow/example_dags/example_branch_operator.py
[2022-11-01 23:02:57,133] {logging_mixin.py:115} INFO - [2022-11-01 23:02:57,132] {dag.py:2379} INFO - Sync 1 DAGs
[2022-11-01 23:02:57,166] {logging_mixin.py:115} INFO - [2022-11-01 23:02:57,165] {dag.py:2927} INFO - Setting next_dagrun for example_branch_operator to 2022-11-02T00:00:00+00:00, run_after=2022-11-03T00:00:00+00:00
[2022-11-01 23:02:57,545] {processor.py:161} INFO - Processing /home/nayara/Documentos/airflowalura/venv/lib/python3.9/site-packages/airflow/example_dags/example_branch_operator.py took 0.573 seconds
[2022-11-01 23:04:33,392] {processor.py:153} INFO - Started process (PID=20669) to work on /home/nayara/Documentos/airflowalura/venv/lib/python3.9/site-packages/airflow/example_dags/example_branch_operator.py
[2022-11-01 23:04:33,409] {processor.py:641} INFO - Processing file /home/nayara/Documentos/airflowalura/venv/lib/python3.9/site-packages/airflow/example_dags/example_branch_operator.py for tasks to queue
[2022-11-01 23:04:33,411] {logging_mixin.py:115} INFO - [2022-11-01 23:04:33,411] {dagbag.py:507} INFO - Filling up the DagBag from /home/nayara/Documentos/airflowalura/venv/lib/python3.9/site-packages/airflow/example_dags/example_branch_operator.py
[2022-11-01 23:04:33,437] {processor.py:651} INFO - DAG(s) dict_keys(['example_branch_operator']) retrieved from /home/nayara/Documentos/airflowalura/venv/lib/python3.9/site-packages/airflow/example_dags/example_branch_operator.py
[2022-11-01 23:04:33,475] {logging_mixin.py:115} INFO - [2022-11-01 23:04:33,475] {dag.py:2379} INFO - Sync 1 DAGs
[2022-11-01 23:04:33,505] {logging_mixin.py:115} INFO - [2022-11-01 23:04:33,504] {dag.py:2927} INFO - Setting next_dagrun for example_branch_operator to 2022-11-02T00:00:00+00:00, run_after=2022-11-03T00:00:00+00:00
[2022-11-01 23:04:33,826] {processor.py:161} INFO - Processing /home/nayara/Documentos/airflowalura/venv/lib/python3.9/site-packages/airflow/example_dags/example_branch_operator.py took 0.440 seconds
[2022-11-01 23:05:28,279] {processor.py:153} INFO - Started process (PID=20768) to work on /home/nayara/Documentos/airflowalura/venv/lib/python3.9/site-packages/airflow/example_dags/example_branch_operator.py
[2022-11-01 23:05:28,315] {processor.py:641} INFO - Processing file /home/nayara/Documentos/airflowalura/venv/lib/python3.9/site-packages/airflow/example_dags/example_branch_operator.py for tasks to queue
[2022-11-01 23:05:28,317] {logging_mixin.py:115} INFO - [2022-11-01 23:05:28,316] {dagbag.py:507} INFO - Filling up the DagBag from /home/nayara/Documentos/airflowalura/venv/lib/python3.9/site-packages/airflow/example_dags/example_branch_operator.py
[2022-11-01 23:05:28,350] {processor.py:651} INFO - DAG(s) dict_keys(['example_branch_operator']) retrieved from /home/nayara/Documentos/airflowalura/venv/lib/python3.9/site-packages/airflow/example_dags/example_branch_operator.py
[2022-11-01 23:05:28,395] {logging_mixin.py:115} INFO - [2022-11-01 23:05:28,395] {dag.py:2379} INFO - Sync 1 DAGs
[2022-11-01 23:05:28,419] {logging_mixin.py:115} INFO - [2022-11-01 23:05:28,419] {dag.py:2927} INFO - Setting next_dagrun for example_branch_operator to 2022-11-02T00:00:00+00:00, run_after=2022-11-03T00:00:00+00:00
[2022-11-01 23:05:28,657] {processor.py:161} INFO - Processing /home/nayara/Documentos/airflowalura/venv/lib/python3.9/site-packages/airflow/example_dags/example_branch_operator.py took 0.387 seconds
[2022-11-01 23:06:21,323] {processor.py:153} INFO - Started process (PID=20874) to work on /home/nayara/Documentos/airflowalura/venv/lib/python3.9/site-packages/airflow/example_dags/example_branch_operator.py
[2022-11-01 23:06:21,347] {processor.py:641} INFO - Processing file /home/nayara/Documentos/airflowalura/venv/lib/python3.9/site-packages/airflow/example_dags/example_branch_operator.py for tasks to queue
[2022-11-01 23:06:21,348] {logging_mixin.py:115} INFO - [2022-11-01 23:06:21,348] {dagbag.py:507} INFO - Filling up the DagBag from /home/nayara/Documentos/airflowalura/venv/lib/python3.9/site-packages/airflow/example_dags/example_branch_operator.py
[2022-11-01 23:06:21,365] {processor.py:651} INFO - DAG(s) dict_keys(['example_branch_operator']) retrieved from /home/nayara/Documentos/airflowalura/venv/lib/python3.9/site-packages/airflow/example_dags/example_branch_operator.py
[2022-11-01 23:06:21,386] {logging_mixin.py:115} INFO - [2022-11-01 23:06:21,386] {dag.py:2379} INFO - Sync 1 DAGs
[2022-11-01 23:06:21,406] {logging_mixin.py:115} INFO - [2022-11-01 23:06:21,406] {dag.py:2927} INFO - Setting next_dagrun for example_branch_operator to 2022-11-02T00:00:00+00:00, run_after=2022-11-03T00:00:00+00:00
[2022-11-01 23:06:21,679] {processor.py:161} INFO - Processing /home/nayara/Documentos/airflowalura/venv/lib/python3.9/site-packages/airflow/example_dags/example_branch_operator.py took 0.367 seconds
[2022-11-01 23:07:20,254] {processor.py:153} INFO - Started process (PID=21053) to work on /home/nayara/Documentos/airflowalura/venv/lib/python3.9/site-packages/airflow/example_dags/example_branch_operator.py
[2022-11-01 23:07:20,278] {processor.py:641} INFO - Processing file /home/nayara/Documentos/airflowalura/venv/lib/python3.9/site-packages/airflow/example_dags/example_branch_operator.py for tasks to queue
[2022-11-01 23:07:20,279] {logging_mixin.py:115} INFO - [2022-11-01 23:07:20,279] {dagbag.py:507} INFO - Filling up the DagBag from /home/nayara/Documentos/airflowalura/venv/lib/python3.9/site-packages/airflow/example_dags/example_branch_operator.py
[2022-11-01 23:07:20,303] {processor.py:651} INFO - DAG(s) dict_keys(['example_branch_operator']) retrieved from /home/nayara/Documentos/airflowalura/venv/lib/python3.9/site-packages/airflow/example_dags/example_branch_operator.py
[2022-11-01 23:07:20,325] {logging_mixin.py:115} INFO - [2022-11-01 23:07:20,325] {dag.py:2379} INFO - Sync 1 DAGs
[2022-11-01 23:07:20,344] {logging_mixin.py:115} INFO - [2022-11-01 23:07:20,344] {dag.py:2927} INFO - Setting next_dagrun for example_branch_operator to 2022-11-02T00:00:00+00:00, run_after=2022-11-03T00:00:00+00:00
[2022-11-01 23:07:20,544] {processor.py:161} INFO - Processing /home/nayara/Documentos/airflowalura/venv/lib/python3.9/site-packages/airflow/example_dags/example_branch_operator.py took 0.302 seconds
[2022-11-01 23:08:10,595] {processor.py:153} INFO - Started process (PID=21141) to work on /home/nayara/Documentos/airflowalura/venv/lib/python3.9/site-packages/airflow/example_dags/example_branch_operator.py
[2022-11-01 23:08:10,609] {processor.py:641} INFO - Processing file /home/nayara/Documentos/airflowalura/venv/lib/python3.9/site-packages/airflow/example_dags/example_branch_operator.py for tasks to queue
[2022-11-01 23:08:10,610] {logging_mixin.py:115} INFO - [2022-11-01 23:08:10,610] {dagbag.py:507} INFO - Filling up the DagBag from /home/nayara/Documentos/airflowalura/venv/lib/python3.9/site-packages/airflow/example_dags/example_branch_operator.py
[2022-11-01 23:08:10,626] {processor.py:651} INFO - DAG(s) dict_keys(['example_branch_operator']) retrieved from /home/nayara/Documentos/airflowalura/venv/lib/python3.9/site-packages/airflow/example_dags/example_branch_operator.py
[2022-11-01 23:08:10,646] {logging_mixin.py:115} INFO - [2022-11-01 23:08:10,646] {dag.py:2379} INFO - Sync 1 DAGs
[2022-11-01 23:08:10,665] {logging_mixin.py:115} INFO - [2022-11-01 23:08:10,665] {dag.py:2927} INFO - Setting next_dagrun for example_branch_operator to 2022-11-02T00:00:00+00:00, run_after=2022-11-03T00:00:00+00:00
[2022-11-01 23:08:10,820] {processor.py:161} INFO - Processing /home/nayara/Documentos/airflowalura/venv/lib/python3.9/site-packages/airflow/example_dags/example_branch_operator.py took 0.235 seconds
[2022-11-01 23:09:14,343] {processor.py:153} INFO - Started process (PID=21302) to work on /home/nayara/Documentos/airflowalura/venv/lib/python3.9/site-packages/airflow/example_dags/example_branch_operator.py
[2022-11-01 23:09:14,392] {processor.py:641} INFO - Processing file /home/nayara/Documentos/airflowalura/venv/lib/python3.9/site-packages/airflow/example_dags/example_branch_operator.py for tasks to queue
[2022-11-01 23:09:14,395] {logging_mixin.py:115} INFO - [2022-11-01 23:09:14,394] {dagbag.py:507} INFO - Filling up the DagBag from /home/nayara/Documentos/airflowalura/venv/lib/python3.9/site-packages/airflow/example_dags/example_branch_operator.py
[2022-11-01 23:09:14,430] {processor.py:651} INFO - DAG(s) dict_keys(['example_branch_operator']) retrieved from /home/nayara/Documentos/airflowalura/venv/lib/python3.9/site-packages/airflow/example_dags/example_branch_operator.py
[2022-11-01 23:09:14,453] {logging_mixin.py:115} INFO - [2022-11-01 23:09:14,453] {dag.py:2379} INFO - Sync 1 DAGs
[2022-11-01 23:09:14,484] {logging_mixin.py:115} INFO - [2022-11-01 23:09:14,484] {dag.py:2927} INFO - Setting next_dagrun for example_branch_operator to 2022-11-02T00:00:00+00:00, run_after=2022-11-03T00:00:00+00:00
[2022-11-01 23:09:14,694] {processor.py:161} INFO - Processing /home/nayara/Documentos/airflowalura/venv/lib/python3.9/site-packages/airflow/example_dags/example_branch_operator.py took 0.356 seconds
[2022-11-01 23:10:16,579] {processor.py:153} INFO - Started process (PID=21476) to work on /home/nayara/Documentos/airflowalura/venv/lib/python3.9/site-packages/airflow/example_dags/example_branch_operator.py
[2022-11-01 23:10:16,615] {processor.py:641} INFO - Processing file /home/nayara/Documentos/airflowalura/venv/lib/python3.9/site-packages/airflow/example_dags/example_branch_operator.py for tasks to queue
[2022-11-01 23:10:16,616] {logging_mixin.py:115} INFO - [2022-11-01 23:10:16,616] {dagbag.py:507} INFO - Filling up the DagBag from /home/nayara/Documentos/airflowalura/venv/lib/python3.9/site-packages/airflow/example_dags/example_branch_operator.py
[2022-11-01 23:10:16,628] {processor.py:651} INFO - DAG(s) dict_keys(['example_branch_operator']) retrieved from /home/nayara/Documentos/airflowalura/venv/lib/python3.9/site-packages/airflow/example_dags/example_branch_operator.py
[2022-11-01 23:10:16,656] {logging_mixin.py:115} INFO - [2022-11-01 23:10:16,656] {dag.py:2379} INFO - Sync 1 DAGs
[2022-11-01 23:10:16,681] {logging_mixin.py:115} INFO - [2022-11-01 23:10:16,681] {dag.py:2927} INFO - Setting next_dagrun for example_branch_operator to 2022-11-02T00:00:00+00:00, run_after=2022-11-03T00:00:00+00:00
[2022-11-01 23:10:17,675] {processor.py:161} INFO - Processing /home/nayara/Documentos/airflowalura/venv/lib/python3.9/site-packages/airflow/example_dags/example_branch_operator.py took 1.107 seconds
[2022-11-01 23:11:48,664] {processor.py:153} INFO - Started process (PID=21720) to work on /home/nayara/Documentos/airflowalura/venv/lib/python3.9/site-packages/airflow/example_dags/example_branch_operator.py
[2022-11-01 23:11:48,683] {processor.py:641} INFO - Processing file /home/nayara/Documentos/airflowalura/venv/lib/python3.9/site-packages/airflow/example_dags/example_branch_operator.py for tasks to queue
[2022-11-01 23:11:48,684] {logging_mixin.py:115} INFO - [2022-11-01 23:11:48,684] {dagbag.py:507} INFO - Filling up the DagBag from /home/nayara/Documentos/airflowalura/venv/lib/python3.9/site-packages/airflow/example_dags/example_branch_operator.py
[2022-11-01 23:11:48,700] {processor.py:651} INFO - DAG(s) dict_keys(['example_branch_operator']) retrieved from /home/nayara/Documentos/airflowalura/venv/lib/python3.9/site-packages/airflow/example_dags/example_branch_operator.py
[2022-11-01 23:11:48,734] {logging_mixin.py:115} INFO - [2022-11-01 23:11:48,734] {dag.py:2379} INFO - Sync 1 DAGs
[2022-11-01 23:11:48,758] {logging_mixin.py:115} INFO - [2022-11-01 23:11:48,758] {dag.py:2927} INFO - Setting next_dagrun for example_branch_operator to 2022-11-02T00:00:00+00:00, run_after=2022-11-03T00:00:00+00:00
[2022-11-01 23:11:49,570] {processor.py:161} INFO - Processing /home/nayara/Documentos/airflowalura/venv/lib/python3.9/site-packages/airflow/example_dags/example_branch_operator.py took 0.911 seconds
[2022-11-01 23:13:10,508] {processor.py:153} INFO - Started process (PID=21875) to work on /home/nayara/Documentos/airflowalura/venv/lib/python3.9/site-packages/airflow/example_dags/example_branch_operator.py
[2022-11-01 23:13:10,521] {processor.py:641} INFO - Processing file /home/nayara/Documentos/airflowalura/venv/lib/python3.9/site-packages/airflow/example_dags/example_branch_operator.py for tasks to queue
[2022-11-01 23:13:10,522] {logging_mixin.py:115} INFO - [2022-11-01 23:13:10,522] {dagbag.py:507} INFO - Filling up the DagBag from /home/nayara/Documentos/airflowalura/venv/lib/python3.9/site-packages/airflow/example_dags/example_branch_operator.py
[2022-11-01 23:13:10,552] {processor.py:651} INFO - DAG(s) dict_keys(['example_branch_operator']) retrieved from /home/nayara/Documentos/airflowalura/venv/lib/python3.9/site-packages/airflow/example_dags/example_branch_operator.py
[2022-11-01 23:13:10,582] {logging_mixin.py:115} INFO - [2022-11-01 23:13:10,582] {dag.py:2379} INFO - Sync 1 DAGs
[2022-11-01 23:13:10,603] {logging_mixin.py:115} INFO - [2022-11-01 23:13:10,603] {dag.py:2927} INFO - Setting next_dagrun for example_branch_operator to 2022-11-02T00:00:00+00:00, run_after=2022-11-03T00:00:00+00:00
[2022-11-01 23:13:11,109] {processor.py:161} INFO - Processing /home/nayara/Documentos/airflowalura/venv/lib/python3.9/site-packages/airflow/example_dags/example_branch_operator.py took 0.611 seconds
[2022-11-01 23:14:22,512] {processor.py:153} INFO - Started process (PID=22085) to work on /home/nayara/Documentos/airflowalura/venv/lib/python3.9/site-packages/airflow/example_dags/example_branch_operator.py
[2022-11-01 23:14:22,564] {processor.py:641} INFO - Processing file /home/nayara/Documentos/airflowalura/venv/lib/python3.9/site-packages/airflow/example_dags/example_branch_operator.py for tasks to queue
[2022-11-01 23:14:22,567] {logging_mixin.py:115} INFO - [2022-11-01 23:14:22,566] {dagbag.py:507} INFO - Filling up the DagBag from /home/nayara/Documentos/airflowalura/venv/lib/python3.9/site-packages/airflow/example_dags/example_branch_operator.py
[2022-11-01 23:14:22,597] {processor.py:651} INFO - DAG(s) dict_keys(['example_branch_operator']) retrieved from /home/nayara/Documentos/airflowalura/venv/lib/python3.9/site-packages/airflow/example_dags/example_branch_operator.py
[2022-11-01 23:14:22,617] {logging_mixin.py:115} INFO - [2022-11-01 23:14:22,617] {dag.py:2379} INFO - Sync 1 DAGs
[2022-11-01 23:14:22,635] {logging_mixin.py:115} INFO - [2022-11-01 23:14:22,635] {dag.py:2927} INFO - Setting next_dagrun for example_branch_operator to 2022-11-02T00:00:00+00:00, run_after=2022-11-03T00:00:00+00:00
[2022-11-01 23:14:23,693] {processor.py:161} INFO - Processing /home/nayara/Documentos/airflowalura/venv/lib/python3.9/site-packages/airflow/example_dags/example_branch_operator.py took 1.184 seconds
[2022-11-01 23:15:24,631] {processor.py:153} INFO - Started process (PID=22225) to work on /home/nayara/Documentos/airflowalura/venv/lib/python3.9/site-packages/airflow/example_dags/example_branch_operator.py
[2022-11-01 23:15:24,681] {processor.py:641} INFO - Processing file /home/nayara/Documentos/airflowalura/venv/lib/python3.9/site-packages/airflow/example_dags/example_branch_operator.py for tasks to queue
[2022-11-01 23:15:24,683] {logging_mixin.py:115} INFO - [2022-11-01 23:15:24,682] {dagbag.py:507} INFO - Filling up the DagBag from /home/nayara/Documentos/airflowalura/venv/lib/python3.9/site-packages/airflow/example_dags/example_branch_operator.py
[2022-11-01 23:15:24,720] {processor.py:651} INFO - DAG(s) dict_keys(['example_branch_operator']) retrieved from /home/nayara/Documentos/airflowalura/venv/lib/python3.9/site-packages/airflow/example_dags/example_branch_operator.py
[2022-11-01 23:15:24,741] {logging_mixin.py:115} INFO - [2022-11-01 23:15:24,740] {dag.py:2379} INFO - Sync 1 DAGs
[2022-11-01 23:15:24,760] {logging_mixin.py:115} INFO - [2022-11-01 23:15:24,759] {dag.py:2927} INFO - Setting next_dagrun for example_branch_operator to 2022-11-02T00:00:00+00:00, run_after=2022-11-03T00:00:00+00:00
[2022-11-01 23:15:25,422] {processor.py:161} INFO - Processing /home/nayara/Documentos/airflowalura/venv/lib/python3.9/site-packages/airflow/example_dags/example_branch_operator.py took 0.803 seconds
[2022-11-01 23:16:24,290] {processor.py:153} INFO - Started process (PID=22355) to work on /home/nayara/Documentos/airflowalura/venv/lib/python3.9/site-packages/airflow/example_dags/example_branch_operator.py
[2022-11-01 23:16:24,308] {processor.py:641} INFO - Processing file /home/nayara/Documentos/airflowalura/venv/lib/python3.9/site-packages/airflow/example_dags/example_branch_operator.py for tasks to queue
[2022-11-01 23:16:24,309] {logging_mixin.py:115} INFO - [2022-11-01 23:16:24,309] {dagbag.py:507} INFO - Filling up the DagBag from /home/nayara/Documentos/airflowalura/venv/lib/python3.9/site-packages/airflow/example_dags/example_branch_operator.py
[2022-11-01 23:16:24,329] {processor.py:651} INFO - DAG(s) dict_keys(['example_branch_operator']) retrieved from /home/nayara/Documentos/airflowalura/venv/lib/python3.9/site-packages/airflow/example_dags/example_branch_operator.py
[2022-11-01 23:16:24,354] {logging_mixin.py:115} INFO - [2022-11-01 23:16:24,354] {dag.py:2379} INFO - Sync 1 DAGs
[2022-11-01 23:16:24,386] {logging_mixin.py:115} INFO - [2022-11-01 23:16:24,386] {dag.py:2927} INFO - Setting next_dagrun for example_branch_operator to 2022-11-02T00:00:00+00:00, run_after=2022-11-03T00:00:00+00:00
[2022-11-01 23:16:24,800] {processor.py:161} INFO - Processing /home/nayara/Documentos/airflowalura/venv/lib/python3.9/site-packages/airflow/example_dags/example_branch_operator.py took 0.515 seconds
[2022-11-01 23:17:29,722] {processor.py:153} INFO - Started process (PID=22508) to work on /home/nayara/Documentos/airflowalura/venv/lib/python3.9/site-packages/airflow/example_dags/example_branch_operator.py
[2022-11-01 23:17:29,742] {processor.py:641} INFO - Processing file /home/nayara/Documentos/airflowalura/venv/lib/python3.9/site-packages/airflow/example_dags/example_branch_operator.py for tasks to queue
[2022-11-01 23:17:29,744] {logging_mixin.py:115} INFO - [2022-11-01 23:17:29,744] {dagbag.py:507} INFO - Filling up the DagBag from /home/nayara/Documentos/airflowalura/venv/lib/python3.9/site-packages/airflow/example_dags/example_branch_operator.py
[2022-11-01 23:17:29,791] {processor.py:651} INFO - DAG(s) dict_keys(['example_branch_operator']) retrieved from /home/nayara/Documentos/airflowalura/venv/lib/python3.9/site-packages/airflow/example_dags/example_branch_operator.py
[2022-11-01 23:17:29,863] {logging_mixin.py:115} INFO - [2022-11-01 23:17:29,862] {dag.py:2379} INFO - Sync 1 DAGs
[2022-11-01 23:17:29,887] {logging_mixin.py:115} INFO - [2022-11-01 23:17:29,887] {dag.py:2927} INFO - Setting next_dagrun for example_branch_operator to 2022-11-02T00:00:00+00:00, run_after=2022-11-03T00:00:00+00:00
[2022-11-01 23:17:30,175] {processor.py:161} INFO - Processing /home/nayara/Documentos/airflowalura/venv/lib/python3.9/site-packages/airflow/example_dags/example_branch_operator.py took 0.460 seconds
[2022-11-01 23:18:54,297] {processor.py:153} INFO - Started process (PID=22660) to work on /home/nayara/Documentos/airflowalura/venv/lib/python3.9/site-packages/airflow/example_dags/example_branch_operator.py
[2022-11-01 23:18:54,309] {processor.py:641} INFO - Processing file /home/nayara/Documentos/airflowalura/venv/lib/python3.9/site-packages/airflow/example_dags/example_branch_operator.py for tasks to queue
[2022-11-01 23:18:54,310] {logging_mixin.py:115} INFO - [2022-11-01 23:18:54,310] {dagbag.py:507} INFO - Filling up the DagBag from /home/nayara/Documentos/airflowalura/venv/lib/python3.9/site-packages/airflow/example_dags/example_branch_operator.py
[2022-11-01 23:18:54,330] {processor.py:651} INFO - DAG(s) dict_keys(['example_branch_operator']) retrieved from /home/nayara/Documentos/airflowalura/venv/lib/python3.9/site-packages/airflow/example_dags/example_branch_operator.py
[2022-11-01 23:18:54,350] {logging_mixin.py:115} INFO - [2022-11-01 23:18:54,349] {dag.py:2379} INFO - Sync 1 DAGs
[2022-11-01 23:18:54,369] {logging_mixin.py:115} INFO - [2022-11-01 23:18:54,369] {dag.py:2927} INFO - Setting next_dagrun for example_branch_operator to 2022-11-02T00:00:00+00:00, run_after=2022-11-03T00:00:00+00:00
[2022-11-01 23:18:54,588] {processor.py:161} INFO - Processing /home/nayara/Documentos/airflowalura/venv/lib/python3.9/site-packages/airflow/example_dags/example_branch_operator.py took 0.304 seconds
[2022-11-01 23:19:53,299] {processor.py:153} INFO - Started process (PID=22781) to work on /home/nayara/Documentos/airflowalura/venv/lib/python3.9/site-packages/airflow/example_dags/example_branch_operator.py
[2022-11-01 23:19:53,320] {processor.py:641} INFO - Processing file /home/nayara/Documentos/airflowalura/venv/lib/python3.9/site-packages/airflow/example_dags/example_branch_operator.py for tasks to queue
[2022-11-01 23:19:53,321] {logging_mixin.py:115} INFO - [2022-11-01 23:19:53,321] {dagbag.py:507} INFO - Filling up the DagBag from /home/nayara/Documentos/airflowalura/venv/lib/python3.9/site-packages/airflow/example_dags/example_branch_operator.py
[2022-11-01 23:19:53,332] {processor.py:651} INFO - DAG(s) dict_keys(['example_branch_operator']) retrieved from /home/nayara/Documentos/airflowalura/venv/lib/python3.9/site-packages/airflow/example_dags/example_branch_operator.py
[2022-11-01 23:19:53,353] {logging_mixin.py:115} INFO - [2022-11-01 23:19:53,353] {dag.py:2379} INFO - Sync 1 DAGs
[2022-11-01 23:19:53,373] {logging_mixin.py:115} INFO - [2022-11-01 23:19:53,373] {dag.py:2927} INFO - Setting next_dagrun for example_branch_operator to 2022-11-02T00:00:00+00:00, run_after=2022-11-03T00:00:00+00:00
[2022-11-01 23:19:53,587] {processor.py:161} INFO - Processing /home/nayara/Documentos/airflowalura/venv/lib/python3.9/site-packages/airflow/example_dags/example_branch_operator.py took 0.292 seconds
[2022-11-01 23:21:06,831] {processor.py:153} INFO - Started process (PID=22978) to work on /home/nayara/Documentos/airflowalura/venv/lib/python3.9/site-packages/airflow/example_dags/example_branch_operator.py
[2022-11-01 23:21:06,844] {processor.py:641} INFO - Processing file /home/nayara/Documentos/airflowalura/venv/lib/python3.9/site-packages/airflow/example_dags/example_branch_operator.py for tasks to queue
[2022-11-01 23:21:06,846] {logging_mixin.py:115} INFO - [2022-11-01 23:21:06,846] {dagbag.py:507} INFO - Filling up the DagBag from /home/nayara/Documentos/airflowalura/venv/lib/python3.9/site-packages/airflow/example_dags/example_branch_operator.py
[2022-11-01 23:21:06,871] {processor.py:651} INFO - DAG(s) dict_keys(['example_branch_operator']) retrieved from /home/nayara/Documentos/airflowalura/venv/lib/python3.9/site-packages/airflow/example_dags/example_branch_operator.py
[2022-11-01 23:21:06,897] {logging_mixin.py:115} INFO - [2022-11-01 23:21:06,896] {dag.py:2379} INFO - Sync 1 DAGs
[2022-11-01 23:21:06,928] {logging_mixin.py:115} INFO - [2022-11-01 23:21:06,928] {dag.py:2927} INFO - Setting next_dagrun for example_branch_operator to 2022-11-02T00:00:00+00:00, run_after=2022-11-03T00:00:00+00:00
[2022-11-01 23:21:07,224] {processor.py:161} INFO - Processing /home/nayara/Documentos/airflowalura/venv/lib/python3.9/site-packages/airflow/example_dags/example_branch_operator.py took 0.409 seconds
