[2022-11-01 22:40:38,865] {processor.py:153} INFO - Started process (PID=17780) to work on /home/nayara/Documentos/airflowalura/venv/lib/python3.9/site-packages/airflow/example_dags/example_sla_dag.py
[2022-11-01 22:40:38,868] {processor.py:641} INFO - Processing file /home/nayara/Documentos/airflowalura/venv/lib/python3.9/site-packages/airflow/example_dags/example_sla_dag.py for tasks to queue
[2022-11-01 22:40:38,871] {logging_mixin.py:115} INFO - [2022-11-01 22:40:38,870] {dagbag.py:507} INFO - Filling up the DagBag from /home/nayara/Documentos/airflowalura/venv/lib/python3.9/site-packages/airflow/example_dags/example_sla_dag.py
[2022-11-01 22:40:38,919] {processor.py:651} INFO - DAG(s) dict_keys(['example_sla_dag']) retrieved from /home/nayara/Documentos/airflowalura/venv/lib/python3.9/site-packages/airflow/example_dags/example_sla_dag.py
[2022-11-01 22:40:38,939] {logging_mixin.py:115} INFO - [2022-11-01 22:40:38,938] {dag.py:2379} INFO - Sync 1 DAGs
[2022-11-01 22:40:38,972] {logging_mixin.py:115} INFO - [2022-11-01 22:40:38,972] {dag.py:2927} INFO - Setting next_dagrun for example_sla_dag to 2022-11-02T01:38:00+00:00, run_after=2022-11-02T01:40:00+00:00
[2022-11-01 22:40:39,633] {processor.py:161} INFO - Processing /home/nayara/Documentos/airflowalura/venv/lib/python3.9/site-packages/airflow/example_dags/example_sla_dag.py took 0.784 seconds
[2022-11-01 22:43:06,489] {processor.py:153} INFO - Started process (PID=17986) to work on /home/nayara/Documentos/airflowalura/venv/lib/python3.9/site-packages/airflow/example_dags/example_sla_dag.py
[2022-11-01 22:43:06,560] {processor.py:641} INFO - Processing file /home/nayara/Documentos/airflowalura/venv/lib/python3.9/site-packages/airflow/example_dags/example_sla_dag.py for tasks to queue
[2022-11-01 22:43:06,562] {logging_mixin.py:115} INFO - [2022-11-01 22:43:06,562] {dagbag.py:507} INFO - Filling up the DagBag from /home/nayara/Documentos/airflowalura/venv/lib/python3.9/site-packages/airflow/example_dags/example_sla_dag.py
[2022-11-01 22:43:06,618] {processor.py:651} INFO - DAG(s) dict_keys(['example_sla_dag']) retrieved from /home/nayara/Documentos/airflowalura/venv/lib/python3.9/site-packages/airflow/example_dags/example_sla_dag.py
[2022-11-01 22:43:06,646] {logging_mixin.py:115} INFO - [2022-11-01 22:43:06,646] {dag.py:2379} INFO - Sync 1 DAGs
[2022-11-01 22:43:06,688] {logging_mixin.py:115} INFO - [2022-11-01 22:43:06,688] {dag.py:2927} INFO - Setting next_dagrun for example_sla_dag to 2022-11-02T01:40:00+00:00, run_after=2022-11-02T01:42:00+00:00
[2022-11-01 22:43:07,335] {processor.py:161} INFO - Processing /home/nayara/Documentos/airflowalura/venv/lib/python3.9/site-packages/airflow/example_dags/example_sla_dag.py took 0.857 seconds
[2022-11-01 22:44:37,236] {processor.py:153} INFO - Started process (PID=18133) to work on /home/nayara/Documentos/airflowalura/venv/lib/python3.9/site-packages/airflow/example_dags/example_sla_dag.py
[2022-11-01 22:44:37,243] {processor.py:641} INFO - Processing file /home/nayara/Documentos/airflowalura/venv/lib/python3.9/site-packages/airflow/example_dags/example_sla_dag.py for tasks to queue
[2022-11-01 22:44:37,244] {logging_mixin.py:115} INFO - [2022-11-01 22:44:37,244] {dagbag.py:507} INFO - Filling up the DagBag from /home/nayara/Documentos/airflowalura/venv/lib/python3.9/site-packages/airflow/example_dags/example_sla_dag.py
[2022-11-01 22:44:37,307] {processor.py:651} INFO - DAG(s) dict_keys(['example_sla_dag']) retrieved from /home/nayara/Documentos/airflowalura/venv/lib/python3.9/site-packages/airflow/example_dags/example_sla_dag.py
[2022-11-01 22:44:37,352] {logging_mixin.py:115} INFO - [2022-11-01 22:44:37,351] {dag.py:2379} INFO - Sync 1 DAGs
[2022-11-01 22:44:37,396] {logging_mixin.py:115} INFO - [2022-11-01 22:44:37,396] {dag.py:2927} INFO - Setting next_dagrun for example_sla_dag to 2022-11-02T01:42:00+00:00, run_after=2022-11-02T01:44:00+00:00
[2022-11-01 22:44:37,916] {processor.py:161} INFO - Processing /home/nayara/Documentos/airflowalura/venv/lib/python3.9/site-packages/airflow/example_dags/example_sla_dag.py took 0.689 seconds
[2022-11-01 22:45:41,491] {processor.py:153} INFO - Started process (PID=18240) to work on /home/nayara/Documentos/airflowalura/venv/lib/python3.9/site-packages/airflow/example_dags/example_sla_dag.py
[2022-11-01 22:45:41,510] {processor.py:641} INFO - Processing file /home/nayara/Documentos/airflowalura/venv/lib/python3.9/site-packages/airflow/example_dags/example_sla_dag.py for tasks to queue
[2022-11-01 22:45:41,511] {logging_mixin.py:115} INFO - [2022-11-01 22:45:41,511] {dagbag.py:507} INFO - Filling up the DagBag from /home/nayara/Documentos/airflowalura/venv/lib/python3.9/site-packages/airflow/example_dags/example_sla_dag.py
[2022-11-01 22:45:41,559] {processor.py:651} INFO - DAG(s) dict_keys(['example_sla_dag']) retrieved from /home/nayara/Documentos/airflowalura/venv/lib/python3.9/site-packages/airflow/example_dags/example_sla_dag.py
[2022-11-01 22:45:41,594] {logging_mixin.py:115} INFO - [2022-11-01 22:45:41,594] {dag.py:2379} INFO - Sync 1 DAGs
[2022-11-01 22:45:41,633] {logging_mixin.py:115} INFO - [2022-11-01 22:45:41,633] {dag.py:2927} INFO - Setting next_dagrun for example_sla_dag to 2022-11-02T01:42:00+00:00, run_after=2022-11-02T01:44:00+00:00
[2022-11-01 22:45:41,836] {processor.py:161} INFO - Processing /home/nayara/Documentos/airflowalura/venv/lib/python3.9/site-packages/airflow/example_dags/example_sla_dag.py took 0.352 seconds
[2022-11-01 22:46:42,065] {processor.py:153} INFO - Started process (PID=18369) to work on /home/nayara/Documentos/airflowalura/venv/lib/python3.9/site-packages/airflow/example_dags/example_sla_dag.py
[2022-11-01 22:46:42,066] {processor.py:641} INFO - Processing file /home/nayara/Documentos/airflowalura/venv/lib/python3.9/site-packages/airflow/example_dags/example_sla_dag.py for tasks to queue
[2022-11-01 22:46:42,068] {logging_mixin.py:115} INFO - [2022-11-01 22:46:42,067] {dagbag.py:507} INFO - Filling up the DagBag from /home/nayara/Documentos/airflowalura/venv/lib/python3.9/site-packages/airflow/example_dags/example_sla_dag.py
[2022-11-01 22:46:42,124] {processor.py:651} INFO - DAG(s) dict_keys(['example_sla_dag']) retrieved from /home/nayara/Documentos/airflowalura/venv/lib/python3.9/site-packages/airflow/example_dags/example_sla_dag.py
[2022-11-01 22:46:42,161] {logging_mixin.py:115} INFO - [2022-11-01 22:46:42,161] {dag.py:2379} INFO - Sync 1 DAGs
[2022-11-01 22:46:42,206] {logging_mixin.py:115} INFO - [2022-11-01 22:46:42,206] {dag.py:2927} INFO - Setting next_dagrun for example_sla_dag to 2022-11-02T01:44:00+00:00, run_after=2022-11-02T01:46:00+00:00
[2022-11-01 22:46:42,489] {processor.py:161} INFO - Processing /home/nayara/Documentos/airflowalura/venv/lib/python3.9/site-packages/airflow/example_dags/example_sla_dag.py took 0.434 seconds
[2022-11-01 22:47:45,356] {processor.py:153} INFO - Started process (PID=18516) to work on /home/nayara/Documentos/airflowalura/venv/lib/python3.9/site-packages/airflow/example_dags/example_sla_dag.py
[2022-11-01 22:47:45,379] {processor.py:641} INFO - Processing file /home/nayara/Documentos/airflowalura/venv/lib/python3.9/site-packages/airflow/example_dags/example_sla_dag.py for tasks to queue
[2022-11-01 22:47:45,381] {logging_mixin.py:115} INFO - [2022-11-01 22:47:45,380] {dagbag.py:507} INFO - Filling up the DagBag from /home/nayara/Documentos/airflowalura/venv/lib/python3.9/site-packages/airflow/example_dags/example_sla_dag.py
[2022-11-01 22:47:45,457] {processor.py:651} INFO - DAG(s) dict_keys(['example_sla_dag']) retrieved from /home/nayara/Documentos/airflowalura/venv/lib/python3.9/site-packages/airflow/example_dags/example_sla_dag.py
[2022-11-01 22:47:45,566] {logging_mixin.py:115} INFO - [2022-11-01 22:47:45,566] {dag.py:2379} INFO - Sync 1 DAGs
[2022-11-01 22:47:45,747] {logging_mixin.py:115} INFO - [2022-11-01 22:47:45,747] {dag.py:2927} INFO - Setting next_dagrun for example_sla_dag to 2022-11-02T01:44:00+00:00, run_after=2022-11-02T01:46:00+00:00
[2022-11-01 22:47:46,384] {processor.py:161} INFO - Processing /home/nayara/Documentos/airflowalura/venv/lib/python3.9/site-packages/airflow/example_dags/example_sla_dag.py took 1.038 seconds
[2022-11-01 22:48:42,400] {processor.py:153} INFO - Started process (PID=18619) to work on /home/nayara/Documentos/airflowalura/venv/lib/python3.9/site-packages/airflow/example_dags/example_sla_dag.py
[2022-11-01 22:48:42,403] {processor.py:641} INFO - Processing file /home/nayara/Documentos/airflowalura/venv/lib/python3.9/site-packages/airflow/example_dags/example_sla_dag.py for tasks to queue
[2022-11-01 22:48:42,406] {logging_mixin.py:115} INFO - [2022-11-01 22:48:42,405] {dagbag.py:507} INFO - Filling up the DagBag from /home/nayara/Documentos/airflowalura/venv/lib/python3.9/site-packages/airflow/example_dags/example_sla_dag.py
[2022-11-01 22:48:42,455] {processor.py:651} INFO - DAG(s) dict_keys(['example_sla_dag']) retrieved from /home/nayara/Documentos/airflowalura/venv/lib/python3.9/site-packages/airflow/example_dags/example_sla_dag.py
[2022-11-01 22:48:42,488] {logging_mixin.py:115} INFO - [2022-11-01 22:48:42,488] {dag.py:2379} INFO - Sync 1 DAGs
[2022-11-01 22:48:42,529] {logging_mixin.py:115} INFO - [2022-11-01 22:48:42,529] {dag.py:2927} INFO - Setting next_dagrun for example_sla_dag to 2022-11-02T01:46:00+00:00, run_after=2022-11-02T01:48:00+00:00
[2022-11-01 22:48:42,878] {processor.py:161} INFO - Processing /home/nayara/Documentos/airflowalura/venv/lib/python3.9/site-packages/airflow/example_dags/example_sla_dag.py took 0.487 seconds
[2022-11-01 22:49:40,248] {processor.py:153} INFO - Started process (PID=18733) to work on /home/nayara/Documentos/airflowalura/venv/lib/python3.9/site-packages/airflow/example_dags/example_sla_dag.py
[2022-11-01 22:49:40,272] {processor.py:641} INFO - Processing file /home/nayara/Documentos/airflowalura/venv/lib/python3.9/site-packages/airflow/example_dags/example_sla_dag.py for tasks to queue
[2022-11-01 22:49:40,274] {logging_mixin.py:115} INFO - [2022-11-01 22:49:40,274] {dagbag.py:507} INFO - Filling up the DagBag from /home/nayara/Documentos/airflowalura/venv/lib/python3.9/site-packages/airflow/example_dags/example_sla_dag.py
[2022-11-01 22:49:40,311] {processor.py:651} INFO - DAG(s) dict_keys(['example_sla_dag']) retrieved from /home/nayara/Documentos/airflowalura/venv/lib/python3.9/site-packages/airflow/example_dags/example_sla_dag.py
[2022-11-01 22:49:40,347] {logging_mixin.py:115} INFO - [2022-11-01 22:49:40,347] {dag.py:2379} INFO - Sync 1 DAGs
[2022-11-01 22:49:40,395] {logging_mixin.py:115} INFO - [2022-11-01 22:49:40,394] {dag.py:2927} INFO - Setting next_dagrun for example_sla_dag to 2022-11-02T01:46:00+00:00, run_after=2022-11-02T01:48:00+00:00
[2022-11-01 22:49:40,622] {processor.py:161} INFO - Processing /home/nayara/Documentos/airflowalura/venv/lib/python3.9/site-packages/airflow/example_dags/example_sla_dag.py took 0.382 seconds
[2022-11-01 22:50:34,023] {processor.py:153} INFO - Started process (PID=18838) to work on /home/nayara/Documentos/airflowalura/venv/lib/python3.9/site-packages/airflow/example_dags/example_sla_dag.py
[2022-11-01 22:50:34,038] {processor.py:641} INFO - Processing file /home/nayara/Documentos/airflowalura/venv/lib/python3.9/site-packages/airflow/example_dags/example_sla_dag.py for tasks to queue
[2022-11-01 22:50:34,039] {logging_mixin.py:115} INFO - [2022-11-01 22:50:34,039] {dagbag.py:507} INFO - Filling up the DagBag from /home/nayara/Documentos/airflowalura/venv/lib/python3.9/site-packages/airflow/example_dags/example_sla_dag.py
[2022-11-01 22:50:34,079] {processor.py:651} INFO - DAG(s) dict_keys(['example_sla_dag']) retrieved from /home/nayara/Documentos/airflowalura/venv/lib/python3.9/site-packages/airflow/example_dags/example_sla_dag.py
[2022-11-01 22:50:34,141] {logging_mixin.py:115} INFO - [2022-11-01 22:50:34,141] {dag.py:2379} INFO - Sync 1 DAGs
[2022-11-01 22:50:34,192] {logging_mixin.py:115} INFO - [2022-11-01 22:50:34,192] {dag.py:2927} INFO - Setting next_dagrun for example_sla_dag to 2022-11-02T01:48:00+00:00, run_after=2022-11-02T01:50:00+00:00
[2022-11-01 22:50:34,718] {processor.py:161} INFO - Processing /home/nayara/Documentos/airflowalura/venv/lib/python3.9/site-packages/airflow/example_dags/example_sla_dag.py took 0.702 seconds
[2022-11-01 22:51:47,857] {processor.py:153} INFO - Started process (PID=19001) to work on /home/nayara/Documentos/airflowalura/venv/lib/python3.9/site-packages/airflow/example_dags/example_sla_dag.py
[2022-11-01 22:51:47,871] {processor.py:641} INFO - Processing file /home/nayara/Documentos/airflowalura/venv/lib/python3.9/site-packages/airflow/example_dags/example_sla_dag.py for tasks to queue
[2022-11-01 22:51:47,873] {logging_mixin.py:115} INFO - [2022-11-01 22:51:47,873] {dagbag.py:507} INFO - Filling up the DagBag from /home/nayara/Documentos/airflowalura/venv/lib/python3.9/site-packages/airflow/example_dags/example_sla_dag.py
[2022-11-01 22:51:47,950] {processor.py:651} INFO - DAG(s) dict_keys(['example_sla_dag']) retrieved from /home/nayara/Documentos/airflowalura/venv/lib/python3.9/site-packages/airflow/example_dags/example_sla_dag.py
[2022-11-01 22:51:48,003] {logging_mixin.py:115} INFO - [2022-11-01 22:51:48,003] {dag.py:2379} INFO - Sync 1 DAGs
[2022-11-01 22:51:48,083] {logging_mixin.py:115} INFO - [2022-11-01 22:51:48,083] {dag.py:2927} INFO - Setting next_dagrun for example_sla_dag to 2022-11-02T01:48:00+00:00, run_after=2022-11-02T01:50:00+00:00
[2022-11-01 22:51:48,351] {processor.py:161} INFO - Processing /home/nayara/Documentos/airflowalura/venv/lib/python3.9/site-packages/airflow/example_dags/example_sla_dag.py took 0.541 seconds
[2022-11-01 22:52:47,803] {processor.py:153} INFO - Started process (PID=19115) to work on /home/nayara/Documentos/airflowalura/venv/lib/python3.9/site-packages/airflow/example_dags/example_sla_dag.py
[2022-11-01 22:52:47,804] {processor.py:641} INFO - Processing file /home/nayara/Documentos/airflowalura/venv/lib/python3.9/site-packages/airflow/example_dags/example_sla_dag.py for tasks to queue
[2022-11-01 22:52:47,805] {logging_mixin.py:115} INFO - [2022-11-01 22:52:47,805] {dagbag.py:507} INFO - Filling up the DagBag from /home/nayara/Documentos/airflowalura/venv/lib/python3.9/site-packages/airflow/example_dags/example_sla_dag.py
[2022-11-01 22:52:47,851] {processor.py:651} INFO - DAG(s) dict_keys(['example_sla_dag']) retrieved from /home/nayara/Documentos/airflowalura/venv/lib/python3.9/site-packages/airflow/example_dags/example_sla_dag.py
[2022-11-01 22:52:47,894] {logging_mixin.py:115} INFO - [2022-11-01 22:52:47,894] {dag.py:2379} INFO - Sync 1 DAGs
[2022-11-01 22:52:47,948] {logging_mixin.py:115} INFO - [2022-11-01 22:52:47,948] {dag.py:2927} INFO - Setting next_dagrun for example_sla_dag to 2022-11-02T01:50:00+00:00, run_after=2022-11-02T01:52:00+00:00
[2022-11-01 22:52:48,391] {processor.py:161} INFO - Processing /home/nayara/Documentos/airflowalura/venv/lib/python3.9/site-packages/airflow/example_dags/example_sla_dag.py took 0.593 seconds
[2022-11-01 22:53:48,463] {processor.py:153} INFO - Started process (PID=19233) to work on /home/nayara/Documentos/airflowalura/venv/lib/python3.9/site-packages/airflow/example_dags/example_sla_dag.py
[2022-11-01 22:53:48,518] {processor.py:641} INFO - Processing file /home/nayara/Documentos/airflowalura/venv/lib/python3.9/site-packages/airflow/example_dags/example_sla_dag.py for tasks to queue
[2022-11-01 22:53:48,522] {logging_mixin.py:115} INFO - [2022-11-01 22:53:48,521] {dagbag.py:507} INFO - Filling up the DagBag from /home/nayara/Documentos/airflowalura/venv/lib/python3.9/site-packages/airflow/example_dags/example_sla_dag.py
[2022-11-01 22:53:48,576] {processor.py:651} INFO - DAG(s) dict_keys(['example_sla_dag']) retrieved from /home/nayara/Documentos/airflowalura/venv/lib/python3.9/site-packages/airflow/example_dags/example_sla_dag.py
[2022-11-01 22:53:48,602] {logging_mixin.py:115} INFO - [2022-11-01 22:53:48,601] {dag.py:2379} INFO - Sync 1 DAGs
[2022-11-01 22:53:48,630] {logging_mixin.py:115} INFO - [2022-11-01 22:53:48,630] {dag.py:2927} INFO - Setting next_dagrun for example_sla_dag to 2022-11-02T01:50:00+00:00, run_after=2022-11-02T01:52:00+00:00
[2022-11-01 22:53:49,052] {processor.py:161} INFO - Processing /home/nayara/Documentos/airflowalura/venv/lib/python3.9/site-packages/airflow/example_dags/example_sla_dag.py took 0.594 seconds
[2022-11-01 22:54:54,586] {processor.py:153} INFO - Started process (PID=19360) to work on /home/nayara/Documentos/airflowalura/venv/lib/python3.9/site-packages/airflow/example_dags/example_sla_dag.py
[2022-11-01 22:54:54,621] {processor.py:641} INFO - Processing file /home/nayara/Documentos/airflowalura/venv/lib/python3.9/site-packages/airflow/example_dags/example_sla_dag.py for tasks to queue
[2022-11-01 22:54:54,622] {logging_mixin.py:115} INFO - [2022-11-01 22:54:54,622] {dagbag.py:507} INFO - Filling up the DagBag from /home/nayara/Documentos/airflowalura/venv/lib/python3.9/site-packages/airflow/example_dags/example_sla_dag.py
[2022-11-01 22:54:54,651] {processor.py:651} INFO - DAG(s) dict_keys(['example_sla_dag']) retrieved from /home/nayara/Documentos/airflowalura/venv/lib/python3.9/site-packages/airflow/example_dags/example_sla_dag.py
[2022-11-01 22:54:54,671] {logging_mixin.py:115} INFO - [2022-11-01 22:54:54,671] {dag.py:2379} INFO - Sync 1 DAGs
[2022-11-01 22:54:54,696] {logging_mixin.py:115} INFO - [2022-11-01 22:54:54,695] {dag.py:2927} INFO - Setting next_dagrun for example_sla_dag to 2022-11-02T01:52:00+00:00, run_after=2022-11-02T01:54:00+00:00
[2022-11-01 22:54:55,424] {processor.py:161} INFO - Processing /home/nayara/Documentos/airflowalura/venv/lib/python3.9/site-packages/airflow/example_dags/example_sla_dag.py took 0.851 seconds
[2022-11-01 22:56:06,180] {processor.py:153} INFO - Started process (PID=19550) to work on /home/nayara/Documentos/airflowalura/venv/lib/python3.9/site-packages/airflow/example_dags/example_sla_dag.py
[2022-11-01 22:56:06,200] {processor.py:641} INFO - Processing file /home/nayara/Documentos/airflowalura/venv/lib/python3.9/site-packages/airflow/example_dags/example_sla_dag.py for tasks to queue
[2022-11-01 22:56:06,201] {logging_mixin.py:115} INFO - [2022-11-01 22:56:06,201] {dagbag.py:507} INFO - Filling up the DagBag from /home/nayara/Documentos/airflowalura/venv/lib/python3.9/site-packages/airflow/example_dags/example_sla_dag.py
[2022-11-01 22:56:06,225] {processor.py:651} INFO - DAG(s) dict_keys(['example_sla_dag']) retrieved from /home/nayara/Documentos/airflowalura/venv/lib/python3.9/site-packages/airflow/example_dags/example_sla_dag.py
[2022-11-01 22:56:06,242] {logging_mixin.py:115} INFO - [2022-11-01 22:56:06,242] {dag.py:2379} INFO - Sync 1 DAGs
[2022-11-01 22:56:06,264] {logging_mixin.py:115} INFO - [2022-11-01 22:56:06,264] {dag.py:2927} INFO - Setting next_dagrun for example_sla_dag to 2022-11-02T01:54:00+00:00, run_after=2022-11-02T01:56:00+00:00
[2022-11-01 22:56:06,604] {processor.py:161} INFO - Processing /home/nayara/Documentos/airflowalura/venv/lib/python3.9/site-packages/airflow/example_dags/example_sla_dag.py took 0.436 seconds
[2022-11-01 22:57:30,732] {processor.py:153} INFO - Started process (PID=19770) to work on /home/nayara/Documentos/airflowalura/venv/lib/python3.9/site-packages/airflow/example_dags/example_sla_dag.py
[2022-11-01 22:57:30,765] {processor.py:641} INFO - Processing file /home/nayara/Documentos/airflowalura/venv/lib/python3.9/site-packages/airflow/example_dags/example_sla_dag.py for tasks to queue
[2022-11-01 22:57:30,768] {logging_mixin.py:115} INFO - [2022-11-01 22:57:30,768] {dagbag.py:507} INFO - Filling up the DagBag from /home/nayara/Documentos/airflowalura/venv/lib/python3.9/site-packages/airflow/example_dags/example_sla_dag.py
[2022-11-01 22:57:30,814] {processor.py:651} INFO - DAG(s) dict_keys(['example_sla_dag']) retrieved from /home/nayara/Documentos/airflowalura/venv/lib/python3.9/site-packages/airflow/example_dags/example_sla_dag.py
[2022-11-01 22:57:30,836] {logging_mixin.py:115} INFO - [2022-11-01 22:57:30,836] {dag.py:2379} INFO - Sync 1 DAGs
[2022-11-01 22:57:30,857] {logging_mixin.py:115} INFO - [2022-11-01 22:57:30,857] {dag.py:2927} INFO - Setting next_dagrun for example_sla_dag to 2022-11-02T01:54:00+00:00, run_after=2022-11-02T01:56:00+00:00
[2022-11-01 22:57:31,086] {processor.py:161} INFO - Processing /home/nayara/Documentos/airflowalura/venv/lib/python3.9/site-packages/airflow/example_dags/example_sla_dag.py took 0.366 seconds
[2022-11-01 22:58:29,258] {processor.py:153} INFO - Started process (PID=19894) to work on /home/nayara/Documentos/airflowalura/venv/lib/python3.9/site-packages/airflow/example_dags/example_sla_dag.py
[2022-11-01 22:58:29,283] {processor.py:641} INFO - Processing file /home/nayara/Documentos/airflowalura/venv/lib/python3.9/site-packages/airflow/example_dags/example_sla_dag.py for tasks to queue
[2022-11-01 22:58:29,285] {logging_mixin.py:115} INFO - [2022-11-01 22:58:29,284] {dagbag.py:507} INFO - Filling up the DagBag from /home/nayara/Documentos/airflowalura/venv/lib/python3.9/site-packages/airflow/example_dags/example_sla_dag.py
[2022-11-01 22:58:29,307] {processor.py:651} INFO - DAG(s) dict_keys(['example_sla_dag']) retrieved from /home/nayara/Documentos/airflowalura/venv/lib/python3.9/site-packages/airflow/example_dags/example_sla_dag.py
[2022-11-01 22:58:29,325] {logging_mixin.py:115} INFO - [2022-11-01 22:58:29,325] {dag.py:2379} INFO - Sync 1 DAGs
[2022-11-01 22:58:29,347] {logging_mixin.py:115} INFO - [2022-11-01 22:58:29,347] {dag.py:2927} INFO - Setting next_dagrun for example_sla_dag to 2022-11-02T01:56:00+00:00, run_after=2022-11-02T01:58:00+00:00
[2022-11-01 22:58:29,610] {processor.py:161} INFO - Processing /home/nayara/Documentos/airflowalura/venv/lib/python3.9/site-packages/airflow/example_dags/example_sla_dag.py took 0.358 seconds
[2022-11-01 22:59:17,590] {processor.py:153} INFO - Started process (PID=20000) to work on /home/nayara/Documentos/airflowalura/venv/lib/python3.9/site-packages/airflow/example_dags/example_sla_dag.py
[2022-11-01 22:59:17,610] {processor.py:641} INFO - Processing file /home/nayara/Documentos/airflowalura/venv/lib/python3.9/site-packages/airflow/example_dags/example_sla_dag.py for tasks to queue
[2022-11-01 22:59:17,613] {logging_mixin.py:115} INFO - [2022-11-01 22:59:17,612] {dagbag.py:507} INFO - Filling up the DagBag from /home/nayara/Documentos/airflowalura/venv/lib/python3.9/site-packages/airflow/example_dags/example_sla_dag.py
[2022-11-01 22:59:17,690] {processor.py:651} INFO - DAG(s) dict_keys(['example_sla_dag']) retrieved from /home/nayara/Documentos/airflowalura/venv/lib/python3.9/site-packages/airflow/example_dags/example_sla_dag.py
[2022-11-01 22:59:17,710] {logging_mixin.py:115} INFO - [2022-11-01 22:59:17,710] {dag.py:2379} INFO - Sync 1 DAGs
[2022-11-01 22:59:17,731] {logging_mixin.py:115} INFO - [2022-11-01 22:59:17,731] {dag.py:2927} INFO - Setting next_dagrun for example_sla_dag to 2022-11-02T01:56:00+00:00, run_after=2022-11-02T01:58:00+00:00
[2022-11-01 22:59:17,918] {processor.py:161} INFO - Processing /home/nayara/Documentos/airflowalura/venv/lib/python3.9/site-packages/airflow/example_dags/example_sla_dag.py took 0.343 seconds
[2022-11-01 23:00:10,249] {processor.py:153} INFO - Started process (PID=20106) to work on /home/nayara/Documentos/airflowalura/venv/lib/python3.9/site-packages/airflow/example_dags/example_sla_dag.py
[2022-11-01 23:00:10,269] {processor.py:641} INFO - Processing file /home/nayara/Documentos/airflowalura/venv/lib/python3.9/site-packages/airflow/example_dags/example_sla_dag.py for tasks to queue
[2022-11-01 23:00:10,270] {logging_mixin.py:115} INFO - [2022-11-01 23:00:10,270] {dagbag.py:507} INFO - Filling up the DagBag from /home/nayara/Documentos/airflowalura/venv/lib/python3.9/site-packages/airflow/example_dags/example_sla_dag.py
[2022-11-01 23:00:10,294] {processor.py:651} INFO - DAG(s) dict_keys(['example_sla_dag']) retrieved from /home/nayara/Documentos/airflowalura/venv/lib/python3.9/site-packages/airflow/example_dags/example_sla_dag.py
[2022-11-01 23:00:10,312] {logging_mixin.py:115} INFO - [2022-11-01 23:00:10,312] {dag.py:2379} INFO - Sync 1 DAGs
[2022-11-01 23:00:10,333] {logging_mixin.py:115} INFO - [2022-11-01 23:00:10,333] {dag.py:2927} INFO - Setting next_dagrun for example_sla_dag to 2022-11-02T01:58:00+00:00, run_after=2022-11-02T02:00:00+00:00
[2022-11-01 23:00:10,601] {processor.py:161} INFO - Processing /home/nayara/Documentos/airflowalura/venv/lib/python3.9/site-packages/airflow/example_dags/example_sla_dag.py took 0.356 seconds
[2022-11-01 23:01:04,138] {processor.py:153} INFO - Started process (PID=20197) to work on /home/nayara/Documentos/airflowalura/venv/lib/python3.9/site-packages/airflow/example_dags/example_sla_dag.py
[2022-11-01 23:01:04,139] {processor.py:641} INFO - Processing file /home/nayara/Documentos/airflowalura/venv/lib/python3.9/site-packages/airflow/example_dags/example_sla_dag.py for tasks to queue
[2022-11-01 23:01:04,141] {logging_mixin.py:115} INFO - [2022-11-01 23:01:04,140] {dagbag.py:507} INFO - Filling up the DagBag from /home/nayara/Documentos/airflowalura/venv/lib/python3.9/site-packages/airflow/example_dags/example_sla_dag.py
[2022-11-01 23:01:04,165] {processor.py:651} INFO - DAG(s) dict_keys(['example_sla_dag']) retrieved from /home/nayara/Documentos/airflowalura/venv/lib/python3.9/site-packages/airflow/example_dags/example_sla_dag.py
[2022-11-01 23:01:04,184] {logging_mixin.py:115} INFO - [2022-11-01 23:01:04,184] {dag.py:2379} INFO - Sync 1 DAGs
[2022-11-01 23:01:04,206] {logging_mixin.py:115} INFO - [2022-11-01 23:01:04,205] {dag.py:2927} INFO - Setting next_dagrun for example_sla_dag to 2022-11-02T01:58:00+00:00, run_after=2022-11-02T02:00:00+00:00
[2022-11-01 23:01:04,402] {processor.py:161} INFO - Processing /home/nayara/Documentos/airflowalura/venv/lib/python3.9/site-packages/airflow/example_dags/example_sla_dag.py took 0.276 seconds
[2022-11-01 23:01:55,190] {processor.py:153} INFO - Started process (PID=20351) to work on /home/nayara/Documentos/airflowalura/venv/lib/python3.9/site-packages/airflow/example_dags/example_sla_dag.py
[2022-11-01 23:01:55,205] {processor.py:641} INFO - Processing file /home/nayara/Documentos/airflowalura/venv/lib/python3.9/site-packages/airflow/example_dags/example_sla_dag.py for tasks to queue
[2022-11-01 23:01:55,208] {logging_mixin.py:115} INFO - [2022-11-01 23:01:55,207] {dagbag.py:507} INFO - Filling up the DagBag from /home/nayara/Documentos/airflowalura/venv/lib/python3.9/site-packages/airflow/example_dags/example_sla_dag.py
[2022-11-01 23:01:55,278] {processor.py:651} INFO - DAG(s) dict_keys(['example_sla_dag']) retrieved from /home/nayara/Documentos/airflowalura/venv/lib/python3.9/site-packages/airflow/example_dags/example_sla_dag.py
[2022-11-01 23:01:55,300] {logging_mixin.py:115} INFO - [2022-11-01 23:01:55,300] {dag.py:2379} INFO - Sync 1 DAGs
[2022-11-01 23:01:55,322] {logging_mixin.py:115} INFO - [2022-11-01 23:01:55,322] {dag.py:2927} INFO - Setting next_dagrun for example_sla_dag to 2022-11-02T01:58:00+00:00, run_after=2022-11-02T02:00:00+00:00
[2022-11-01 23:01:55,698] {processor.py:161} INFO - Processing /home/nayara/Documentos/airflowalura/venv/lib/python3.9/site-packages/airflow/example_dags/example_sla_dag.py took 0.515 seconds
[2022-11-01 23:03:46,008] {processor.py:153} INFO - Started process (PID=20554) to work on /home/nayara/Documentos/airflowalura/venv/lib/python3.9/site-packages/airflow/example_dags/example_sla_dag.py
[2022-11-01 23:03:46,032] {processor.py:641} INFO - Processing file /home/nayara/Documentos/airflowalura/venv/lib/python3.9/site-packages/airflow/example_dags/example_sla_dag.py for tasks to queue
[2022-11-01 23:03:46,035] {logging_mixin.py:115} INFO - [2022-11-01 23:03:46,035] {dagbag.py:507} INFO - Filling up the DagBag from /home/nayara/Documentos/airflowalura/venv/lib/python3.9/site-packages/airflow/example_dags/example_sla_dag.py
[2022-11-01 23:03:46,083] {processor.py:651} INFO - DAG(s) dict_keys(['example_sla_dag']) retrieved from /home/nayara/Documentos/airflowalura/venv/lib/python3.9/site-packages/airflow/example_dags/example_sla_dag.py
[2022-11-01 23:03:46,109] {logging_mixin.py:115} INFO - [2022-11-01 23:03:46,108] {dag.py:2379} INFO - Sync 1 DAGs
[2022-11-01 23:03:46,135] {logging_mixin.py:115} INFO - [2022-11-01 23:03:46,134] {dag.py:2927} INFO - Setting next_dagrun for example_sla_dag to 2022-11-02T02:00:00+00:00, run_after=2022-11-02T02:02:00+00:00
[2022-11-01 23:03:46,453] {processor.py:161} INFO - Processing /home/nayara/Documentos/airflowalura/venv/lib/python3.9/site-packages/airflow/example_dags/example_sla_dag.py took 0.466 seconds
[2022-11-01 23:04:52,709] {processor.py:153} INFO - Started process (PID=20701) to work on /home/nayara/Documentos/airflowalura/venv/lib/python3.9/site-packages/airflow/example_dags/example_sla_dag.py
[2022-11-01 23:04:52,723] {processor.py:641} INFO - Processing file /home/nayara/Documentos/airflowalura/venv/lib/python3.9/site-packages/airflow/example_dags/example_sla_dag.py for tasks to queue
[2022-11-01 23:04:52,725] {logging_mixin.py:115} INFO - [2022-11-01 23:04:52,724] {dagbag.py:507} INFO - Filling up the DagBag from /home/nayara/Documentos/airflowalura/venv/lib/python3.9/site-packages/airflow/example_dags/example_sla_dag.py
[2022-11-01 23:04:52,756] {processor.py:651} INFO - DAG(s) dict_keys(['example_sla_dag']) retrieved from /home/nayara/Documentos/airflowalura/venv/lib/python3.9/site-packages/airflow/example_dags/example_sla_dag.py
[2022-11-01 23:04:52,777] {logging_mixin.py:115} INFO - [2022-11-01 23:04:52,777] {dag.py:2379} INFO - Sync 1 DAGs
[2022-11-01 23:04:52,802] {logging_mixin.py:115} INFO - [2022-11-01 23:04:52,802] {dag.py:2927} INFO - Setting next_dagrun for example_sla_dag to 2022-11-02T02:02:00+00:00, run_after=2022-11-02T02:04:00+00:00
[2022-11-01 23:04:53,050] {processor.py:161} INFO - Processing /home/nayara/Documentos/airflowalura/venv/lib/python3.9/site-packages/airflow/example_dags/example_sla_dag.py took 0.350 seconds
[2022-11-01 23:05:47,868] {processor.py:153} INFO - Started process (PID=20821) to work on /home/nayara/Documentos/airflowalura/venv/lib/python3.9/site-packages/airflow/example_dags/example_sla_dag.py
[2022-11-01 23:05:47,895] {processor.py:641} INFO - Processing file /home/nayara/Documentos/airflowalura/venv/lib/python3.9/site-packages/airflow/example_dags/example_sla_dag.py for tasks to queue
[2022-11-01 23:05:47,896] {logging_mixin.py:115} INFO - [2022-11-01 23:05:47,896] {dagbag.py:507} INFO - Filling up the DagBag from /home/nayara/Documentos/airflowalura/venv/lib/python3.9/site-packages/airflow/example_dags/example_sla_dag.py
[2022-11-01 23:05:47,925] {processor.py:651} INFO - DAG(s) dict_keys(['example_sla_dag']) retrieved from /home/nayara/Documentos/airflowalura/venv/lib/python3.9/site-packages/airflow/example_dags/example_sla_dag.py
[2022-11-01 23:05:47,944] {logging_mixin.py:115} INFO - [2022-11-01 23:05:47,943] {dag.py:2379} INFO - Sync 1 DAGs
[2022-11-01 23:05:47,965] {logging_mixin.py:115} INFO - [2022-11-01 23:05:47,965] {dag.py:2927} INFO - Setting next_dagrun for example_sla_dag to 2022-11-02T02:02:00+00:00, run_after=2022-11-02T02:04:00+00:00
[2022-11-01 23:05:48,211] {processor.py:161} INFO - Processing /home/nayara/Documentos/airflowalura/venv/lib/python3.9/site-packages/airflow/example_dags/example_sla_dag.py took 0.355 seconds
[2022-11-01 23:06:39,880] {processor.py:153} INFO - Started process (PID=20908) to work on /home/nayara/Documentos/airflowalura/venv/lib/python3.9/site-packages/airflow/example_dags/example_sla_dag.py
[2022-11-01 23:06:39,908] {processor.py:641} INFO - Processing file /home/nayara/Documentos/airflowalura/venv/lib/python3.9/site-packages/airflow/example_dags/example_sla_dag.py for tasks to queue
[2022-11-01 23:06:39,909] {logging_mixin.py:115} INFO - [2022-11-01 23:06:39,909] {dagbag.py:507} INFO - Filling up the DagBag from /home/nayara/Documentos/airflowalura/venv/lib/python3.9/site-packages/airflow/example_dags/example_sla_dag.py
[2022-11-01 23:06:39,931] {processor.py:651} INFO - DAG(s) dict_keys(['example_sla_dag']) retrieved from /home/nayara/Documentos/airflowalura/venv/lib/python3.9/site-packages/airflow/example_dags/example_sla_dag.py
[2022-11-01 23:06:39,950] {logging_mixin.py:115} INFO - [2022-11-01 23:06:39,950] {dag.py:2379} INFO - Sync 1 DAGs
[2022-11-01 23:06:39,972] {logging_mixin.py:115} INFO - [2022-11-01 23:06:39,972] {dag.py:2927} INFO - Setting next_dagrun for example_sla_dag to 2022-11-02T02:04:00+00:00, run_after=2022-11-02T02:06:00+00:00
[2022-11-01 23:06:40,288] {processor.py:161} INFO - Processing /home/nayara/Documentos/airflowalura/venv/lib/python3.9/site-packages/airflow/example_dags/example_sla_dag.py took 0.419 seconds
[2022-11-01 23:07:38,174] {processor.py:153} INFO - Started process (PID=21081) to work on /home/nayara/Documentos/airflowalura/venv/lib/python3.9/site-packages/airflow/example_dags/example_sla_dag.py
[2022-11-01 23:07:38,181] {processor.py:641} INFO - Processing file /home/nayara/Documentos/airflowalura/venv/lib/python3.9/site-packages/airflow/example_dags/example_sla_dag.py for tasks to queue
[2022-11-01 23:07:38,182] {logging_mixin.py:115} INFO - [2022-11-01 23:07:38,182] {dagbag.py:507} INFO - Filling up the DagBag from /home/nayara/Documentos/airflowalura/venv/lib/python3.9/site-packages/airflow/example_dags/example_sla_dag.py
[2022-11-01 23:07:38,209] {processor.py:651} INFO - DAG(s) dict_keys(['example_sla_dag']) retrieved from /home/nayara/Documentos/airflowalura/venv/lib/python3.9/site-packages/airflow/example_dags/example_sla_dag.py
[2022-11-01 23:07:38,227] {logging_mixin.py:115} INFO - [2022-11-01 23:07:38,227] {dag.py:2379} INFO - Sync 1 DAGs
[2022-11-01 23:07:38,247] {logging_mixin.py:115} INFO - [2022-11-01 23:07:38,247] {dag.py:2927} INFO - Setting next_dagrun for example_sla_dag to 2022-11-02T02:04:00+00:00, run_after=2022-11-02T02:06:00+00:00
[2022-11-01 23:07:38,458] {processor.py:161} INFO - Processing /home/nayara/Documentos/airflowalura/venv/lib/python3.9/site-packages/airflow/example_dags/example_sla_dag.py took 0.296 seconds
[2022-11-01 23:08:26,194] {processor.py:153} INFO - Started process (PID=21172) to work on /home/nayara/Documentos/airflowalura/venv/lib/python3.9/site-packages/airflow/example_dags/example_sla_dag.py
[2022-11-01 23:08:26,196] {processor.py:641} INFO - Processing file /home/nayara/Documentos/airflowalura/venv/lib/python3.9/site-packages/airflow/example_dags/example_sla_dag.py for tasks to queue
[2022-11-01 23:08:26,197] {logging_mixin.py:115} INFO - [2022-11-01 23:08:26,197] {dagbag.py:507} INFO - Filling up the DagBag from /home/nayara/Documentos/airflowalura/venv/lib/python3.9/site-packages/airflow/example_dags/example_sla_dag.py
[2022-11-01 23:08:26,221] {processor.py:651} INFO - DAG(s) dict_keys(['example_sla_dag']) retrieved from /home/nayara/Documentos/airflowalura/venv/lib/python3.9/site-packages/airflow/example_dags/example_sla_dag.py
[2022-11-01 23:08:26,239] {logging_mixin.py:115} INFO - [2022-11-01 23:08:26,238] {dag.py:2379} INFO - Sync 1 DAGs
[2022-11-01 23:08:26,259] {logging_mixin.py:115} INFO - [2022-11-01 23:08:26,259] {dag.py:2927} INFO - Setting next_dagrun for example_sla_dag to 2022-11-02T02:06:00+00:00, run_after=2022-11-02T02:08:00+00:00
[2022-11-01 23:08:26,556] {processor.py:161} INFO - Processing /home/nayara/Documentos/airflowalura/venv/lib/python3.9/site-packages/airflow/example_dags/example_sla_dag.py took 0.374 seconds
[2022-11-01 23:09:33,654] {processor.py:153} INFO - Started process (PID=21361) to work on /home/nayara/Documentos/airflowalura/venv/lib/python3.9/site-packages/airflow/example_dags/example_sla_dag.py
[2022-11-01 23:09:33,681] {processor.py:641} INFO - Processing file /home/nayara/Documentos/airflowalura/venv/lib/python3.9/site-packages/airflow/example_dags/example_sla_dag.py for tasks to queue
[2022-11-01 23:09:33,694] {logging_mixin.py:115} INFO - [2022-11-01 23:09:33,694] {dagbag.py:507} INFO - Filling up the DagBag from /home/nayara/Documentos/airflowalura/venv/lib/python3.9/site-packages/airflow/example_dags/example_sla_dag.py
[2022-11-01 23:09:33,736] {processor.py:651} INFO - DAG(s) dict_keys(['example_sla_dag']) retrieved from /home/nayara/Documentos/airflowalura/venv/lib/python3.9/site-packages/airflow/example_dags/example_sla_dag.py
[2022-11-01 23:09:33,756] {logging_mixin.py:115} INFO - [2022-11-01 23:09:33,756] {dag.py:2379} INFO - Sync 1 DAGs
[2022-11-01 23:09:33,778] {logging_mixin.py:115} INFO - [2022-11-01 23:09:33,778] {dag.py:2927} INFO - Setting next_dagrun for example_sla_dag to 2022-11-02T02:06:00+00:00, run_after=2022-11-02T02:08:00+00:00
[2022-11-01 23:09:34,159] {processor.py:161} INFO - Processing /home/nayara/Documentos/airflowalura/venv/lib/python3.9/site-packages/airflow/example_dags/example_sla_dag.py took 0.509 seconds
[2022-11-01 23:11:03,114] {processor.py:153} INFO - Started process (PID=21585) to work on /home/nayara/Documentos/airflowalura/venv/lib/python3.9/site-packages/airflow/example_dags/example_sla_dag.py
[2022-11-01 23:11:03,142] {processor.py:641} INFO - Processing file /home/nayara/Documentos/airflowalura/venv/lib/python3.9/site-packages/airflow/example_dags/example_sla_dag.py for tasks to queue
[2022-11-01 23:11:03,144] {logging_mixin.py:115} INFO - [2022-11-01 23:11:03,144] {dagbag.py:507} INFO - Filling up the DagBag from /home/nayara/Documentos/airflowalura/venv/lib/python3.9/site-packages/airflow/example_dags/example_sla_dag.py
[2022-11-01 23:11:03,193] {processor.py:651} INFO - DAG(s) dict_keys(['example_sla_dag']) retrieved from /home/nayara/Documentos/airflowalura/venv/lib/python3.9/site-packages/airflow/example_dags/example_sla_dag.py
[2022-11-01 23:11:03,213] {logging_mixin.py:115} INFO - [2022-11-01 23:11:03,213] {dag.py:2379} INFO - Sync 1 DAGs
[2022-11-01 23:11:03,235] {logging_mixin.py:115} INFO - [2022-11-01 23:11:03,235] {dag.py:2927} INFO - Setting next_dagrun for example_sla_dag to 2022-11-02T02:08:00+00:00, run_after=2022-11-02T02:10:00+00:00
[2022-11-01 23:11:03,747] {processor.py:161} INFO - Processing /home/nayara/Documentos/airflowalura/venv/lib/python3.9/site-packages/airflow/example_dags/example_sla_dag.py took 0.641 seconds
[2022-11-01 23:12:31,594] {processor.py:153} INFO - Started process (PID=21812) to work on /home/nayara/Documentos/airflowalura/venv/lib/python3.9/site-packages/airflow/example_dags/example_sla_dag.py
[2022-11-01 23:12:31,618] {processor.py:641} INFO - Processing file /home/nayara/Documentos/airflowalura/venv/lib/python3.9/site-packages/airflow/example_dags/example_sla_dag.py for tasks to queue
[2022-11-01 23:12:31,621] {logging_mixin.py:115} INFO - [2022-11-01 23:12:31,621] {dagbag.py:507} INFO - Filling up the DagBag from /home/nayara/Documentos/airflowalura/venv/lib/python3.9/site-packages/airflow/example_dags/example_sla_dag.py
[2022-11-01 23:12:31,702] {processor.py:651} INFO - DAG(s) dict_keys(['example_sla_dag']) retrieved from /home/nayara/Documentos/airflowalura/venv/lib/python3.9/site-packages/airflow/example_dags/example_sla_dag.py
[2022-11-01 23:12:31,726] {logging_mixin.py:115} INFO - [2022-11-01 23:12:31,726] {dag.py:2379} INFO - Sync 1 DAGs
[2022-11-01 23:12:31,754] {logging_mixin.py:115} INFO - [2022-11-01 23:12:31,754] {dag.py:2927} INFO - Setting next_dagrun for example_sla_dag to 2022-11-02T02:10:00+00:00, run_after=2022-11-02T02:12:00+00:00
[2022-11-01 23:12:32,089] {processor.py:161} INFO - Processing /home/nayara/Documentos/airflowalura/venv/lib/python3.9/site-packages/airflow/example_dags/example_sla_dag.py took 0.512 seconds
[2022-11-01 23:13:42,977] {processor.py:153} INFO - Started process (PID=21935) to work on /home/nayara/Documentos/airflowalura/venv/lib/python3.9/site-packages/airflow/example_dags/example_sla_dag.py
[2022-11-01 23:13:42,999] {processor.py:641} INFO - Processing file /home/nayara/Documentos/airflowalura/venv/lib/python3.9/site-packages/airflow/example_dags/example_sla_dag.py for tasks to queue
[2022-11-01 23:13:43,003] {logging_mixin.py:115} INFO - [2022-11-01 23:13:43,003] {dagbag.py:507} INFO - Filling up the DagBag from /home/nayara/Documentos/airflowalura/venv/lib/python3.9/site-packages/airflow/example_dags/example_sla_dag.py
[2022-11-01 23:13:43,067] {processor.py:651} INFO - DAG(s) dict_keys(['example_sla_dag']) retrieved from /home/nayara/Documentos/airflowalura/venv/lib/python3.9/site-packages/airflow/example_dags/example_sla_dag.py
[2022-11-01 23:13:43,097] {logging_mixin.py:115} INFO - [2022-11-01 23:13:43,096] {dag.py:2379} INFO - Sync 1 DAGs
[2022-11-01 23:13:43,127] {logging_mixin.py:115} INFO - [2022-11-01 23:13:43,127] {dag.py:2927} INFO - Setting next_dagrun for example_sla_dag to 2022-11-02T02:10:00+00:00, run_after=2022-11-02T02:12:00+00:00
[2022-11-01 23:13:43,485] {processor.py:161} INFO - Processing /home/nayara/Documentos/airflowalura/venv/lib/python3.9/site-packages/airflow/example_dags/example_sla_dag.py took 0.512 seconds
[2022-11-01 23:14:50,303] {processor.py:153} INFO - Started process (PID=22127) to work on /home/nayara/Documentos/airflowalura/venv/lib/python3.9/site-packages/airflow/example_dags/example_sla_dag.py
[2022-11-01 23:14:50,321] {processor.py:641} INFO - Processing file /home/nayara/Documentos/airflowalura/venv/lib/python3.9/site-packages/airflow/example_dags/example_sla_dag.py for tasks to queue
[2022-11-01 23:14:50,322] {logging_mixin.py:115} INFO - [2022-11-01 23:14:50,322] {dagbag.py:507} INFO - Filling up the DagBag from /home/nayara/Documentos/airflowalura/venv/lib/python3.9/site-packages/airflow/example_dags/example_sla_dag.py
[2022-11-01 23:14:50,350] {processor.py:651} INFO - DAG(s) dict_keys(['example_sla_dag']) retrieved from /home/nayara/Documentos/airflowalura/venv/lib/python3.9/site-packages/airflow/example_dags/example_sla_dag.py
[2022-11-01 23:14:50,468] {logging_mixin.py:115} INFO - [2022-11-01 23:14:50,468] {dag.py:2379} INFO - Sync 1 DAGs
[2022-11-01 23:14:50,492] {logging_mixin.py:115} INFO - [2022-11-01 23:14:50,491] {dag.py:2927} INFO - Setting next_dagrun for example_sla_dag to 2022-11-02T02:12:00+00:00, run_after=2022-11-02T02:14:00+00:00
[2022-11-01 23:14:50,879] {processor.py:161} INFO - Processing /home/nayara/Documentos/airflowalura/venv/lib/python3.9/site-packages/airflow/example_dags/example_sla_dag.py took 0.583 seconds
[2022-11-01 23:15:51,242] {processor.py:153} INFO - Started process (PID=22282) to work on /home/nayara/Documentos/airflowalura/venv/lib/python3.9/site-packages/airflow/example_dags/example_sla_dag.py
[2022-11-01 23:15:51,256] {processor.py:641} INFO - Processing file /home/nayara/Documentos/airflowalura/venv/lib/python3.9/site-packages/airflow/example_dags/example_sla_dag.py for tasks to queue
[2022-11-01 23:15:51,259] {logging_mixin.py:115} INFO - [2022-11-01 23:15:51,258] {dagbag.py:507} INFO - Filling up the DagBag from /home/nayara/Documentos/airflowalura/venv/lib/python3.9/site-packages/airflow/example_dags/example_sla_dag.py
[2022-11-01 23:15:51,293] {processor.py:651} INFO - DAG(s) dict_keys(['example_sla_dag']) retrieved from /home/nayara/Documentos/airflowalura/venv/lib/python3.9/site-packages/airflow/example_dags/example_sla_dag.py
[2022-11-01 23:15:51,311] {logging_mixin.py:115} INFO - [2022-11-01 23:15:51,311] {dag.py:2379} INFO - Sync 1 DAGs
[2022-11-01 23:15:51,332] {logging_mixin.py:115} INFO - [2022-11-01 23:15:51,331] {dag.py:2927} INFO - Setting next_dagrun for example_sla_dag to 2022-11-02T02:12:00+00:00, run_after=2022-11-02T02:14:00+00:00
[2022-11-01 23:15:51,532] {processor.py:161} INFO - Processing /home/nayara/Documentos/airflowalura/venv/lib/python3.9/site-packages/airflow/example_dags/example_sla_dag.py took 0.304 seconds
[2022-11-01 23:16:51,401] {processor.py:153} INFO - Started process (PID=22436) to work on /home/nayara/Documentos/airflowalura/venv/lib/python3.9/site-packages/airflow/example_dags/example_sla_dag.py
[2022-11-01 23:16:51,413] {processor.py:641} INFO - Processing file /home/nayara/Documentos/airflowalura/venv/lib/python3.9/site-packages/airflow/example_dags/example_sla_dag.py for tasks to queue
[2022-11-01 23:16:51,415] {logging_mixin.py:115} INFO - [2022-11-01 23:16:51,414] {dagbag.py:507} INFO - Filling up the DagBag from /home/nayara/Documentos/airflowalura/venv/lib/python3.9/site-packages/airflow/example_dags/example_sla_dag.py
[2022-11-01 23:16:51,444] {processor.py:651} INFO - DAG(s) dict_keys(['example_sla_dag']) retrieved from /home/nayara/Documentos/airflowalura/venv/lib/python3.9/site-packages/airflow/example_dags/example_sla_dag.py
[2022-11-01 23:16:51,464] {logging_mixin.py:115} INFO - [2022-11-01 23:16:51,464] {dag.py:2379} INFO - Sync 1 DAGs
[2022-11-01 23:16:51,494] {logging_mixin.py:115} INFO - [2022-11-01 23:16:51,494] {dag.py:2927} INFO - Setting next_dagrun for example_sla_dag to 2022-11-02T02:14:00+00:00, run_after=2022-11-02T02:16:00+00:00
[2022-11-01 23:16:51,782] {processor.py:161} INFO - Processing /home/nayara/Documentos/airflowalura/venv/lib/python3.9/site-packages/airflow/example_dags/example_sla_dag.py took 0.399 seconds
[2022-11-01 23:18:09,038] {processor.py:153} INFO - Started process (PID=22585) to work on /home/nayara/Documentos/airflowalura/venv/lib/python3.9/site-packages/airflow/example_dags/example_sla_dag.py
[2022-11-01 23:18:09,124] {processor.py:641} INFO - Processing file /home/nayara/Documentos/airflowalura/venv/lib/python3.9/site-packages/airflow/example_dags/example_sla_dag.py for tasks to queue
[2022-11-01 23:18:09,127] {logging_mixin.py:115} INFO - [2022-11-01 23:18:09,127] {dagbag.py:507} INFO - Filling up the DagBag from /home/nayara/Documentos/airflowalura/venv/lib/python3.9/site-packages/airflow/example_dags/example_sla_dag.py
[2022-11-01 23:18:09,170] {processor.py:651} INFO - DAG(s) dict_keys(['example_sla_dag']) retrieved from /home/nayara/Documentos/airflowalura/venv/lib/python3.9/site-packages/airflow/example_dags/example_sla_dag.py
[2022-11-01 23:18:09,188] {logging_mixin.py:115} INFO - [2022-11-01 23:18:09,187] {dag.py:2379} INFO - Sync 1 DAGs
[2022-11-01 23:18:09,209] {logging_mixin.py:115} INFO - [2022-11-01 23:18:09,208] {dag.py:2927} INFO - Setting next_dagrun for example_sla_dag to 2022-11-02T02:16:00+00:00, run_after=2022-11-02T02:18:00+00:00
[2022-11-01 23:18:09,846] {processor.py:161} INFO - Processing /home/nayara/Documentos/airflowalura/venv/lib/python3.9/site-packages/airflow/example_dags/example_sla_dag.py took 0.813 seconds
[2022-11-01 23:19:16,677] {processor.py:153} INFO - Started process (PID=22695) to work on /home/nayara/Documentos/airflowalura/venv/lib/python3.9/site-packages/airflow/example_dags/example_sla_dag.py
[2022-11-01 23:19:16,696] {processor.py:641} INFO - Processing file /home/nayara/Documentos/airflowalura/venv/lib/python3.9/site-packages/airflow/example_dags/example_sla_dag.py for tasks to queue
[2022-11-01 23:19:16,697] {logging_mixin.py:115} INFO - [2022-11-01 23:19:16,697] {dagbag.py:507} INFO - Filling up the DagBag from /home/nayara/Documentos/airflowalura/venv/lib/python3.9/site-packages/airflow/example_dags/example_sla_dag.py
[2022-11-01 23:19:16,738] {processor.py:651} INFO - DAG(s) dict_keys(['example_sla_dag']) retrieved from /home/nayara/Documentos/airflowalura/venv/lib/python3.9/site-packages/airflow/example_dags/example_sla_dag.py
[2022-11-01 23:19:16,756] {logging_mixin.py:115} INFO - [2022-11-01 23:19:16,756] {dag.py:2379} INFO - Sync 1 DAGs
[2022-11-01 23:19:16,777] {logging_mixin.py:115} INFO - [2022-11-01 23:19:16,777] {dag.py:2927} INFO - Setting next_dagrun for example_sla_dag to 2022-11-02T02:16:00+00:00, run_after=2022-11-02T02:18:00+00:00
[2022-11-01 23:19:17,119] {processor.py:161} INFO - Processing /home/nayara/Documentos/airflowalura/venv/lib/python3.9/site-packages/airflow/example_dags/example_sla_dag.py took 0.445 seconds
[2022-11-01 23:20:20,164] {processor.py:153} INFO - Started process (PID=22879) to work on /home/nayara/Documentos/airflowalura/venv/lib/python3.9/site-packages/airflow/example_dags/example_sla_dag.py
[2022-11-01 23:20:20,229] {processor.py:641} INFO - Processing file /home/nayara/Documentos/airflowalura/venv/lib/python3.9/site-packages/airflow/example_dags/example_sla_dag.py for tasks to queue
[2022-11-01 23:20:20,233] {logging_mixin.py:115} INFO - [2022-11-01 23:20:20,232] {dagbag.py:507} INFO - Filling up the DagBag from /home/nayara/Documentos/airflowalura/venv/lib/python3.9/site-packages/airflow/example_dags/example_sla_dag.py
[2022-11-01 23:20:20,304] {processor.py:651} INFO - DAG(s) dict_keys(['example_sla_dag']) retrieved from /home/nayara/Documentos/airflowalura/venv/lib/python3.9/site-packages/airflow/example_dags/example_sla_dag.py
[2022-11-01 23:20:20,327] {logging_mixin.py:115} INFO - [2022-11-01 23:20:20,326] {dag.py:2379} INFO - Sync 1 DAGs
[2022-11-01 23:20:20,349] {logging_mixin.py:115} INFO - [2022-11-01 23:20:20,349] {dag.py:2927} INFO - Setting next_dagrun for example_sla_dag to 2022-11-02T02:18:00+00:00, run_after=2022-11-02T02:20:00+00:00
[2022-11-01 23:20:20,999] {processor.py:161} INFO - Processing /home/nayara/Documentos/airflowalura/venv/lib/python3.9/site-packages/airflow/example_dags/example_sla_dag.py took 0.849 seconds
