[2022-11-01 22:41:04,431] {processor.py:153} INFO - Started process (PID=17827) to work on /home/nayara/Documentos/airflowalura/venv/lib/python3.9/site-packages/airflow/example_dags/example_branch_day_of_week_operator.py
[2022-11-01 22:41:04,432] {processor.py:641} INFO - Processing file /home/nayara/Documentos/airflowalura/venv/lib/python3.9/site-packages/airflow/example_dags/example_branch_day_of_week_operator.py for tasks to queue
[2022-11-01 22:41:04,434] {logging_mixin.py:115} INFO - [2022-11-01 22:41:04,434] {dagbag.py:507} INFO - Filling up the DagBag from /home/nayara/Documentos/airflowalura/venv/lib/python3.9/site-packages/airflow/example_dags/example_branch_day_of_week_operator.py
[2022-11-01 22:41:04,455] {processor.py:651} INFO - DAG(s) dict_keys(['example_weekday_branch_operator']) retrieved from /home/nayara/Documentos/airflowalura/venv/lib/python3.9/site-packages/airflow/example_dags/example_branch_day_of_week_operator.py
[2022-11-01 22:41:04,503] {logging_mixin.py:115} INFO - [2022-11-01 22:41:04,503] {dag.py:2379} INFO - Sync 1 DAGs
[2022-11-01 22:41:04,547] {logging_mixin.py:115} INFO - [2022-11-01 22:41:04,547] {dag.py:2927} INFO - Setting next_dagrun for example_weekday_branch_operator to 2022-11-01T00:00:00+00:00, run_after=2022-11-02T00:00:00+00:00
[2022-11-01 22:41:05,724] {processor.py:161} INFO - Processing /home/nayara/Documentos/airflowalura/venv/lib/python3.9/site-packages/airflow/example_dags/example_branch_day_of_week_operator.py took 1.298 seconds
[2022-11-01 22:43:58,965] {processor.py:153} INFO - Started process (PID=18073) to work on /home/nayara/Documentos/airflowalura/venv/lib/python3.9/site-packages/airflow/example_dags/example_branch_day_of_week_operator.py
[2022-11-01 22:43:59,010] {processor.py:641} INFO - Processing file /home/nayara/Documentos/airflowalura/venv/lib/python3.9/site-packages/airflow/example_dags/example_branch_day_of_week_operator.py for tasks to queue
[2022-11-01 22:43:59,017] {logging_mixin.py:115} INFO - [2022-11-01 22:43:59,017] {dagbag.py:507} INFO - Filling up the DagBag from /home/nayara/Documentos/airflowalura/venv/lib/python3.9/site-packages/airflow/example_dags/example_branch_day_of_week_operator.py
[2022-11-01 22:43:59,068] {processor.py:651} INFO - DAG(s) dict_keys(['example_weekday_branch_operator']) retrieved from /home/nayara/Documentos/airflowalura/venv/lib/python3.9/site-packages/airflow/example_dags/example_branch_day_of_week_operator.py
[2022-11-01 22:43:59,107] {logging_mixin.py:115} INFO - [2022-11-01 22:43:59,107] {dag.py:2379} INFO - Sync 1 DAGs
[2022-11-01 22:43:59,150] {logging_mixin.py:115} INFO - [2022-11-01 22:43:59,149] {dag.py:2927} INFO - Setting next_dagrun for example_weekday_branch_operator to 2022-11-01T00:00:00+00:00, run_after=2022-11-02T00:00:00+00:00
[2022-11-01 22:44:00,351] {processor.py:161} INFO - Processing /home/nayara/Documentos/airflowalura/venv/lib/python3.9/site-packages/airflow/example_dags/example_branch_day_of_week_operator.py took 1.396 seconds
[2022-11-01 22:45:16,960] {processor.py:153} INFO - Started process (PID=18199) to work on /home/nayara/Documentos/airflowalura/venv/lib/python3.9/site-packages/airflow/example_dags/example_branch_day_of_week_operator.py
[2022-11-01 22:45:16,997] {processor.py:641} INFO - Processing file /home/nayara/Documentos/airflowalura/venv/lib/python3.9/site-packages/airflow/example_dags/example_branch_day_of_week_operator.py for tasks to queue
[2022-11-01 22:45:16,998] {logging_mixin.py:115} INFO - [2022-11-01 22:45:16,998] {dagbag.py:507} INFO - Filling up the DagBag from /home/nayara/Documentos/airflowalura/venv/lib/python3.9/site-packages/airflow/example_dags/example_branch_day_of_week_operator.py
[2022-11-01 22:45:17,021] {processor.py:651} INFO - DAG(s) dict_keys(['example_weekday_branch_operator']) retrieved from /home/nayara/Documentos/airflowalura/venv/lib/python3.9/site-packages/airflow/example_dags/example_branch_day_of_week_operator.py
[2022-11-01 22:45:17,071] {logging_mixin.py:115} INFO - [2022-11-01 22:45:17,071] {dag.py:2379} INFO - Sync 1 DAGs
[2022-11-01 22:45:17,116] {logging_mixin.py:115} INFO - [2022-11-01 22:45:17,115] {dag.py:2927} INFO - Setting next_dagrun for example_weekday_branch_operator to 2022-11-01T00:00:00+00:00, run_after=2022-11-02T00:00:00+00:00
[2022-11-01 22:45:17,462] {processor.py:161} INFO - Processing /home/nayara/Documentos/airflowalura/venv/lib/python3.9/site-packages/airflow/example_dags/example_branch_day_of_week_operator.py took 0.507 seconds
[2022-11-01 22:46:16,414] {processor.py:153} INFO - Started process (PID=18309) to work on /home/nayara/Documentos/airflowalura/venv/lib/python3.9/site-packages/airflow/example_dags/example_branch_day_of_week_operator.py
[2022-11-01 22:46:16,415] {processor.py:641} INFO - Processing file /home/nayara/Documentos/airflowalura/venv/lib/python3.9/site-packages/airflow/example_dags/example_branch_day_of_week_operator.py for tasks to queue
[2022-11-01 22:46:16,417] {logging_mixin.py:115} INFO - [2022-11-01 22:46:16,416] {dagbag.py:507} INFO - Filling up the DagBag from /home/nayara/Documentos/airflowalura/venv/lib/python3.9/site-packages/airflow/example_dags/example_branch_day_of_week_operator.py
[2022-11-01 22:46:16,444] {processor.py:651} INFO - DAG(s) dict_keys(['example_weekday_branch_operator']) retrieved from /home/nayara/Documentos/airflowalura/venv/lib/python3.9/site-packages/airflow/example_dags/example_branch_day_of_week_operator.py
[2022-11-01 22:46:16,493] {logging_mixin.py:115} INFO - [2022-11-01 22:46:16,493] {dag.py:2379} INFO - Sync 1 DAGs
[2022-11-01 22:46:16,536] {logging_mixin.py:115} INFO - [2022-11-01 22:46:16,536] {dag.py:2927} INFO - Setting next_dagrun for example_weekday_branch_operator to 2022-11-01T00:00:00+00:00, run_after=2022-11-02T00:00:00+00:00
[2022-11-01 22:46:16,750] {processor.py:161} INFO - Processing /home/nayara/Documentos/airflowalura/venv/lib/python3.9/site-packages/airflow/example_dags/example_branch_day_of_week_operator.py took 0.342 seconds
[2022-11-01 22:47:24,467] {processor.py:153} INFO - Started process (PID=18473) to work on /home/nayara/Documentos/airflowalura/venv/lib/python3.9/site-packages/airflow/example_dags/example_branch_day_of_week_operator.py
[2022-11-01 22:47:24,470] {processor.py:641} INFO - Processing file /home/nayara/Documentos/airflowalura/venv/lib/python3.9/site-packages/airflow/example_dags/example_branch_day_of_week_operator.py for tasks to queue
[2022-11-01 22:47:24,471] {logging_mixin.py:115} INFO - [2022-11-01 22:47:24,471] {dagbag.py:507} INFO - Filling up the DagBag from /home/nayara/Documentos/airflowalura/venv/lib/python3.9/site-packages/airflow/example_dags/example_branch_day_of_week_operator.py
[2022-11-01 22:47:24,485] {processor.py:651} INFO - DAG(s) dict_keys(['example_weekday_branch_operator']) retrieved from /home/nayara/Documentos/airflowalura/venv/lib/python3.9/site-packages/airflow/example_dags/example_branch_day_of_week_operator.py
[2022-11-01 22:47:24,528] {logging_mixin.py:115} INFO - [2022-11-01 22:47:24,528] {dag.py:2379} INFO - Sync 1 DAGs
[2022-11-01 22:47:24,569] {logging_mixin.py:115} INFO - [2022-11-01 22:47:24,569] {dag.py:2927} INFO - Setting next_dagrun for example_weekday_branch_operator to 2022-11-01T00:00:00+00:00, run_after=2022-11-02T00:00:00+00:00
[2022-11-01 22:47:24,859] {processor.py:161} INFO - Processing /home/nayara/Documentos/airflowalura/venv/lib/python3.9/site-packages/airflow/example_dags/example_branch_day_of_week_operator.py took 0.398 seconds
[2022-11-01 22:48:23,077] {processor.py:153} INFO - Started process (PID=18589) to work on /home/nayara/Documentos/airflowalura/venv/lib/python3.9/site-packages/airflow/example_dags/example_branch_day_of_week_operator.py
[2022-11-01 22:48:23,078] {processor.py:641} INFO - Processing file /home/nayara/Documentos/airflowalura/venv/lib/python3.9/site-packages/airflow/example_dags/example_branch_day_of_week_operator.py for tasks to queue
[2022-11-01 22:48:23,079] {logging_mixin.py:115} INFO - [2022-11-01 22:48:23,079] {dagbag.py:507} INFO - Filling up the DagBag from /home/nayara/Documentos/airflowalura/venv/lib/python3.9/site-packages/airflow/example_dags/example_branch_day_of_week_operator.py
[2022-11-01 22:48:23,097] {processor.py:651} INFO - DAG(s) dict_keys(['example_weekday_branch_operator']) retrieved from /home/nayara/Documentos/airflowalura/venv/lib/python3.9/site-packages/airflow/example_dags/example_branch_day_of_week_operator.py
[2022-11-01 22:48:23,144] {logging_mixin.py:115} INFO - [2022-11-01 22:48:23,144] {dag.py:2379} INFO - Sync 1 DAGs
[2022-11-01 22:48:23,179] {logging_mixin.py:115} INFO - [2022-11-01 22:48:23,179] {dag.py:2927} INFO - Setting next_dagrun for example_weekday_branch_operator to 2022-11-01T00:00:00+00:00, run_after=2022-11-02T00:00:00+00:00
[2022-11-01 22:48:23,382] {processor.py:161} INFO - Processing /home/nayara/Documentos/airflowalura/venv/lib/python3.9/site-packages/airflow/example_dags/example_branch_day_of_week_operator.py took 0.313 seconds
[2022-11-01 22:49:20,340] {processor.py:153} INFO - Started process (PID=18700) to work on /home/nayara/Documentos/airflowalura/venv/lib/python3.9/site-packages/airflow/example_dags/example_branch_day_of_week_operator.py
[2022-11-01 22:49:20,367] {processor.py:641} INFO - Processing file /home/nayara/Documentos/airflowalura/venv/lib/python3.9/site-packages/airflow/example_dags/example_branch_day_of_week_operator.py for tasks to queue
[2022-11-01 22:49:20,368] {logging_mixin.py:115} INFO - [2022-11-01 22:49:20,368] {dagbag.py:507} INFO - Filling up the DagBag from /home/nayara/Documentos/airflowalura/venv/lib/python3.9/site-packages/airflow/example_dags/example_branch_day_of_week_operator.py
[2022-11-01 22:49:20,389] {processor.py:651} INFO - DAG(s) dict_keys(['example_weekday_branch_operator']) retrieved from /home/nayara/Documentos/airflowalura/venv/lib/python3.9/site-packages/airflow/example_dags/example_branch_day_of_week_operator.py
[2022-11-01 22:49:20,423] {logging_mixin.py:115} INFO - [2022-11-01 22:49:20,423] {dag.py:2379} INFO - Sync 1 DAGs
[2022-11-01 22:49:20,477] {logging_mixin.py:115} INFO - [2022-11-01 22:49:20,477] {dag.py:2927} INFO - Setting next_dagrun for example_weekday_branch_operator to 2022-11-01T00:00:00+00:00, run_after=2022-11-02T00:00:00+00:00
[2022-11-01 22:49:20,843] {processor.py:161} INFO - Processing /home/nayara/Documentos/airflowalura/venv/lib/python3.9/site-packages/airflow/example_dags/example_branch_day_of_week_operator.py took 0.512 seconds
[2022-11-01 22:50:16,624] {processor.py:153} INFO - Started process (PID=18801) to work on /home/nayara/Documentos/airflowalura/venv/lib/python3.9/site-packages/airflow/example_dags/example_branch_day_of_week_operator.py
[2022-11-01 22:50:16,625] {processor.py:641} INFO - Processing file /home/nayara/Documentos/airflowalura/venv/lib/python3.9/site-packages/airflow/example_dags/example_branch_day_of_week_operator.py for tasks to queue
[2022-11-01 22:50:16,626] {logging_mixin.py:115} INFO - [2022-11-01 22:50:16,626] {dagbag.py:507} INFO - Filling up the DagBag from /home/nayara/Documentos/airflowalura/venv/lib/python3.9/site-packages/airflow/example_dags/example_branch_day_of_week_operator.py
[2022-11-01 22:50:16,647] {processor.py:651} INFO - DAG(s) dict_keys(['example_weekday_branch_operator']) retrieved from /home/nayara/Documentos/airflowalura/venv/lib/python3.9/site-packages/airflow/example_dags/example_branch_day_of_week_operator.py
[2022-11-01 22:50:16,685] {logging_mixin.py:115} INFO - [2022-11-01 22:50:16,685] {dag.py:2379} INFO - Sync 1 DAGs
[2022-11-01 22:50:16,727] {logging_mixin.py:115} INFO - [2022-11-01 22:50:16,726] {dag.py:2927} INFO - Setting next_dagrun for example_weekday_branch_operator to 2022-11-01T00:00:00+00:00, run_after=2022-11-02T00:00:00+00:00
[2022-11-01 22:50:16,929] {processor.py:161} INFO - Processing /home/nayara/Documentos/airflowalura/venv/lib/python3.9/site-packages/airflow/example_dags/example_branch_day_of_week_operator.py took 0.313 seconds
[2022-11-01 22:51:19,185] {processor.py:153} INFO - Started process (PID=18925) to work on /home/nayara/Documentos/airflowalura/venv/lib/python3.9/site-packages/airflow/example_dags/example_branch_day_of_week_operator.py
[2022-11-01 22:51:19,213] {processor.py:641} INFO - Processing file /home/nayara/Documentos/airflowalura/venv/lib/python3.9/site-packages/airflow/example_dags/example_branch_day_of_week_operator.py for tasks to queue
[2022-11-01 22:51:19,216] {logging_mixin.py:115} INFO - [2022-11-01 22:51:19,216] {dagbag.py:507} INFO - Filling up the DagBag from /home/nayara/Documentos/airflowalura/venv/lib/python3.9/site-packages/airflow/example_dags/example_branch_day_of_week_operator.py
[2022-11-01 22:51:19,634] {processor.py:651} INFO - DAG(s) dict_keys(['example_weekday_branch_operator']) retrieved from /home/nayara/Documentos/airflowalura/venv/lib/python3.9/site-packages/airflow/example_dags/example_branch_day_of_week_operator.py
[2022-11-01 22:51:19,679] {logging_mixin.py:115} INFO - [2022-11-01 22:51:19,678] {dag.py:2379} INFO - Sync 1 DAGs
[2022-11-01 22:51:19,738] {logging_mixin.py:115} INFO - [2022-11-01 22:51:19,738] {dag.py:2927} INFO - Setting next_dagrun for example_weekday_branch_operator to 2022-11-01T00:00:00+00:00, run_after=2022-11-02T00:00:00+00:00
[2022-11-01 22:51:20,686] {processor.py:161} INFO - Processing /home/nayara/Documentos/airflowalura/venv/lib/python3.9/site-packages/airflow/example_dags/example_branch_day_of_week_operator.py took 1.508 seconds
[2022-11-01 22:52:53,640] {processor.py:153} INFO - Started process (PID=19126) to work on /home/nayara/Documentos/airflowalura/venv/lib/python3.9/site-packages/airflow/example_dags/example_branch_day_of_week_operator.py
[2022-11-01 22:52:53,654] {processor.py:641} INFO - Processing file /home/nayara/Documentos/airflowalura/venv/lib/python3.9/site-packages/airflow/example_dags/example_branch_day_of_week_operator.py for tasks to queue
[2022-11-01 22:52:53,655] {logging_mixin.py:115} INFO - [2022-11-01 22:52:53,655] {dagbag.py:507} INFO - Filling up the DagBag from /home/nayara/Documentos/airflowalura/venv/lib/python3.9/site-packages/airflow/example_dags/example_branch_day_of_week_operator.py
[2022-11-01 22:52:53,674] {processor.py:651} INFO - DAG(s) dict_keys(['example_weekday_branch_operator']) retrieved from /home/nayara/Documentos/airflowalura/venv/lib/python3.9/site-packages/airflow/example_dags/example_branch_day_of_week_operator.py
[2022-11-01 22:52:53,712] {logging_mixin.py:115} INFO - [2022-11-01 22:52:53,712] {dag.py:2379} INFO - Sync 1 DAGs
[2022-11-01 22:52:53,748] {logging_mixin.py:115} INFO - [2022-11-01 22:52:53,747] {dag.py:2927} INFO - Setting next_dagrun for example_weekday_branch_operator to 2022-11-01T00:00:00+00:00, run_after=2022-11-02T00:00:00+00:00
[2022-11-01 22:52:53,987] {processor.py:161} INFO - Processing /home/nayara/Documentos/airflowalura/venv/lib/python3.9/site-packages/airflow/example_dags/example_branch_day_of_week_operator.py took 0.351 seconds
[2022-11-01 22:53:55,632] {processor.py:153} INFO - Started process (PID=19248) to work on /home/nayara/Documentos/airflowalura/venv/lib/python3.9/site-packages/airflow/example_dags/example_branch_day_of_week_operator.py
[2022-11-01 22:53:55,634] {processor.py:641} INFO - Processing file /home/nayara/Documentos/airflowalura/venv/lib/python3.9/site-packages/airflow/example_dags/example_branch_day_of_week_operator.py for tasks to queue
[2022-11-01 22:53:55,635] {logging_mixin.py:115} INFO - [2022-11-01 22:53:55,634] {dagbag.py:507} INFO - Filling up the DagBag from /home/nayara/Documentos/airflowalura/venv/lib/python3.9/site-packages/airflow/example_dags/example_branch_day_of_week_operator.py
[2022-11-01 22:53:55,645] {processor.py:651} INFO - DAG(s) dict_keys(['example_weekday_branch_operator']) retrieved from /home/nayara/Documentos/airflowalura/venv/lib/python3.9/site-packages/airflow/example_dags/example_branch_day_of_week_operator.py
[2022-11-01 22:53:55,672] {logging_mixin.py:115} INFO - [2022-11-01 22:53:55,672] {dag.py:2379} INFO - Sync 1 DAGs
[2022-11-01 22:53:55,696] {logging_mixin.py:115} INFO - [2022-11-01 22:53:55,695] {dag.py:2927} INFO - Setting next_dagrun for example_weekday_branch_operator to 2022-11-01T00:00:00+00:00, run_after=2022-11-02T00:00:00+00:00
[2022-11-01 22:53:55,904] {processor.py:161} INFO - Processing /home/nayara/Documentos/airflowalura/venv/lib/python3.9/site-packages/airflow/example_dags/example_branch_day_of_week_operator.py took 0.276 seconds
[2022-11-01 22:55:04,869] {processor.py:153} INFO - Started process (PID=19424) to work on /home/nayara/Documentos/airflowalura/venv/lib/python3.9/site-packages/airflow/example_dags/example_branch_day_of_week_operator.py
[2022-11-01 22:55:04,885] {processor.py:641} INFO - Processing file /home/nayara/Documentos/airflowalura/venv/lib/python3.9/site-packages/airflow/example_dags/example_branch_day_of_week_operator.py for tasks to queue
[2022-11-01 22:55:04,886] {logging_mixin.py:115} INFO - [2022-11-01 22:55:04,886] {dagbag.py:507} INFO - Filling up the DagBag from /home/nayara/Documentos/airflowalura/venv/lib/python3.9/site-packages/airflow/example_dags/example_branch_day_of_week_operator.py
[2022-11-01 22:55:04,896] {processor.py:651} INFO - DAG(s) dict_keys(['example_weekday_branch_operator']) retrieved from /home/nayara/Documentos/airflowalura/venv/lib/python3.9/site-packages/airflow/example_dags/example_branch_day_of_week_operator.py
[2022-11-01 22:55:04,915] {logging_mixin.py:115} INFO - [2022-11-01 22:55:04,915] {dag.py:2379} INFO - Sync 1 DAGs
[2022-11-01 22:55:04,935] {logging_mixin.py:115} INFO - [2022-11-01 22:55:04,935] {dag.py:2927} INFO - Setting next_dagrun for example_weekday_branch_operator to 2022-11-01T00:00:00+00:00, run_after=2022-11-02T00:00:00+00:00
[2022-11-01 22:55:05,268] {processor.py:161} INFO - Processing /home/nayara/Documentos/airflowalura/venv/lib/python3.9/site-packages/airflow/example_dags/example_branch_day_of_week_operator.py took 0.404 seconds
[2022-11-01 22:56:12,914] {processor.py:153} INFO - Started process (PID=19558) to work on /home/nayara/Documentos/airflowalura/venv/lib/python3.9/site-packages/airflow/example_dags/example_branch_day_of_week_operator.py
[2022-11-01 22:56:13,035] {processor.py:641} INFO - Processing file /home/nayara/Documentos/airflowalura/venv/lib/python3.9/site-packages/airflow/example_dags/example_branch_day_of_week_operator.py for tasks to queue
[2022-11-01 22:56:13,037] {logging_mixin.py:115} INFO - [2022-11-01 22:56:13,037] {dagbag.py:507} INFO - Filling up the DagBag from /home/nayara/Documentos/airflowalura/venv/lib/python3.9/site-packages/airflow/example_dags/example_branch_day_of_week_operator.py
[2022-11-01 22:56:13,068] {processor.py:651} INFO - DAG(s) dict_keys(['example_weekday_branch_operator']) retrieved from /home/nayara/Documentos/airflowalura/venv/lib/python3.9/site-packages/airflow/example_dags/example_branch_day_of_week_operator.py
[2022-11-01 22:56:13,100] {logging_mixin.py:115} INFO - [2022-11-01 22:56:13,100] {dag.py:2379} INFO - Sync 1 DAGs
[2022-11-01 22:56:13,125] {logging_mixin.py:115} INFO - [2022-11-01 22:56:13,125] {dag.py:2927} INFO - Setting next_dagrun for example_weekday_branch_operator to 2022-11-01T00:00:00+00:00, run_after=2022-11-02T00:00:00+00:00
[2022-11-01 22:56:13,613] {processor.py:161} INFO - Processing /home/nayara/Documentos/airflowalura/venv/lib/python3.9/site-packages/airflow/example_dags/example_branch_day_of_week_operator.py took 0.703 seconds
[2022-11-01 22:57:37,368] {processor.py:153} INFO - Started process (PID=19775) to work on /home/nayara/Documentos/airflowalura/venv/lib/python3.9/site-packages/airflow/example_dags/example_branch_day_of_week_operator.py
[2022-11-01 22:57:37,382] {processor.py:641} INFO - Processing file /home/nayara/Documentos/airflowalura/venv/lib/python3.9/site-packages/airflow/example_dags/example_branch_day_of_week_operator.py for tasks to queue
[2022-11-01 22:57:37,383] {logging_mixin.py:115} INFO - [2022-11-01 22:57:37,383] {dagbag.py:507} INFO - Filling up the DagBag from /home/nayara/Documentos/airflowalura/venv/lib/python3.9/site-packages/airflow/example_dags/example_branch_day_of_week_operator.py
[2022-11-01 22:57:37,392] {processor.py:651} INFO - DAG(s) dict_keys(['example_weekday_branch_operator']) retrieved from /home/nayara/Documentos/airflowalura/venv/lib/python3.9/site-packages/airflow/example_dags/example_branch_day_of_week_operator.py
[2022-11-01 22:57:37,412] {logging_mixin.py:115} INFO - [2022-11-01 22:57:37,412] {dag.py:2379} INFO - Sync 1 DAGs
[2022-11-01 22:57:37,433] {logging_mixin.py:115} INFO - [2022-11-01 22:57:37,432] {dag.py:2927} INFO - Setting next_dagrun for example_weekday_branch_operator to 2022-11-01T00:00:00+00:00, run_after=2022-11-02T00:00:00+00:00
[2022-11-01 22:57:37,715] {processor.py:161} INFO - Processing /home/nayara/Documentos/airflowalura/venv/lib/python3.9/site-packages/airflow/example_dags/example_branch_day_of_week_operator.py took 0.352 seconds
[2022-11-01 22:58:35,588] {processor.py:153} INFO - Started process (PID=19900) to work on /home/nayara/Documentos/airflowalura/venv/lib/python3.9/site-packages/airflow/example_dags/example_branch_day_of_week_operator.py
[2022-11-01 22:58:35,589] {processor.py:641} INFO - Processing file /home/nayara/Documentos/airflowalura/venv/lib/python3.9/site-packages/airflow/example_dags/example_branch_day_of_week_operator.py for tasks to queue
[2022-11-01 22:58:35,590] {logging_mixin.py:115} INFO - [2022-11-01 22:58:35,590] {dagbag.py:507} INFO - Filling up the DagBag from /home/nayara/Documentos/airflowalura/venv/lib/python3.9/site-packages/airflow/example_dags/example_branch_day_of_week_operator.py
[2022-11-01 22:58:35,599] {processor.py:651} INFO - DAG(s) dict_keys(['example_weekday_branch_operator']) retrieved from /home/nayara/Documentos/airflowalura/venv/lib/python3.9/site-packages/airflow/example_dags/example_branch_day_of_week_operator.py
[2022-11-01 22:58:35,618] {logging_mixin.py:115} INFO - [2022-11-01 22:58:35,618] {dag.py:2379} INFO - Sync 1 DAGs
[2022-11-01 22:58:35,637] {logging_mixin.py:115} INFO - [2022-11-01 22:58:35,637] {dag.py:2927} INFO - Setting next_dagrun for example_weekday_branch_operator to 2022-11-01T00:00:00+00:00, run_after=2022-11-02T00:00:00+00:00
[2022-11-01 22:58:35,846] {processor.py:161} INFO - Processing /home/nayara/Documentos/airflowalura/venv/lib/python3.9/site-packages/airflow/example_dags/example_branch_day_of_week_operator.py took 0.261 seconds
[2022-11-01 22:59:49,931] {processor.py:153} INFO - Started process (PID=20064) to work on /home/nayara/Documentos/airflowalura/venv/lib/python3.9/site-packages/airflow/example_dags/example_branch_day_of_week_operator.py
[2022-11-01 22:59:49,945] {processor.py:641} INFO - Processing file /home/nayara/Documentos/airflowalura/venv/lib/python3.9/site-packages/airflow/example_dags/example_branch_day_of_week_operator.py for tasks to queue
[2022-11-01 22:59:49,946] {logging_mixin.py:115} INFO - [2022-11-01 22:59:49,946] {dagbag.py:507} INFO - Filling up the DagBag from /home/nayara/Documentos/airflowalura/venv/lib/python3.9/site-packages/airflow/example_dags/example_branch_day_of_week_operator.py
[2022-11-01 22:59:49,961] {processor.py:651} INFO - DAG(s) dict_keys(['example_weekday_branch_operator']) retrieved from /home/nayara/Documentos/airflowalura/venv/lib/python3.9/site-packages/airflow/example_dags/example_branch_day_of_week_operator.py
[2022-11-01 22:59:49,983] {logging_mixin.py:115} INFO - [2022-11-01 22:59:49,983] {dag.py:2379} INFO - Sync 1 DAGs
[2022-11-01 22:59:50,003] {logging_mixin.py:115} INFO - [2022-11-01 22:59:50,003] {dag.py:2927} INFO - Setting next_dagrun for example_weekday_branch_operator to 2022-11-01T00:00:00+00:00, run_after=2022-11-02T00:00:00+00:00
[2022-11-01 22:59:50,248] {processor.py:161} INFO - Processing /home/nayara/Documentos/airflowalura/venv/lib/python3.9/site-packages/airflow/example_dags/example_branch_day_of_week_operator.py took 0.323 seconds
[2022-11-01 23:00:44,230] {processor.py:153} INFO - Started process (PID=20161) to work on /home/nayara/Documentos/airflowalura/venv/lib/python3.9/site-packages/airflow/example_dags/example_branch_day_of_week_operator.py
[2022-11-01 23:00:44,245] {processor.py:641} INFO - Processing file /home/nayara/Documentos/airflowalura/venv/lib/python3.9/site-packages/airflow/example_dags/example_branch_day_of_week_operator.py for tasks to queue
[2022-11-01 23:00:44,246] {logging_mixin.py:115} INFO - [2022-11-01 23:00:44,246] {dagbag.py:507} INFO - Filling up the DagBag from /home/nayara/Documentos/airflowalura/venv/lib/python3.9/site-packages/airflow/example_dags/example_branch_day_of_week_operator.py
[2022-11-01 23:00:44,263] {processor.py:651} INFO - DAG(s) dict_keys(['example_weekday_branch_operator']) retrieved from /home/nayara/Documentos/airflowalura/venv/lib/python3.9/site-packages/airflow/example_dags/example_branch_day_of_week_operator.py
[2022-11-01 23:00:44,283] {logging_mixin.py:115} INFO - [2022-11-01 23:00:44,283] {dag.py:2379} INFO - Sync 1 DAGs
[2022-11-01 23:00:44,304] {logging_mixin.py:115} INFO - [2022-11-01 23:00:44,304] {dag.py:2927} INFO - Setting next_dagrun for example_weekday_branch_operator to 2022-11-01T00:00:00+00:00, run_after=2022-11-02T00:00:00+00:00
[2022-11-01 23:00:44,534] {processor.py:161} INFO - Processing /home/nayara/Documentos/airflowalura/venv/lib/python3.9/site-packages/airflow/example_dags/example_branch_day_of_week_operator.py took 0.316 seconds
[2022-11-01 23:01:37,381] {processor.py:153} INFO - Started process (PID=20270) to work on /home/nayara/Documentos/airflowalura/venv/lib/python3.9/site-packages/airflow/example_dags/example_branch_day_of_week_operator.py
[2022-11-01 23:01:37,473] {processor.py:641} INFO - Processing file /home/nayara/Documentos/airflowalura/venv/lib/python3.9/site-packages/airflow/example_dags/example_branch_day_of_week_operator.py for tasks to queue
[2022-11-01 23:01:37,475] {logging_mixin.py:115} INFO - [2022-11-01 23:01:37,474] {dagbag.py:507} INFO - Filling up the DagBag from /home/nayara/Documentos/airflowalura/venv/lib/python3.9/site-packages/airflow/example_dags/example_branch_day_of_week_operator.py
[2022-11-01 23:01:37,505] {processor.py:651} INFO - DAG(s) dict_keys(['example_weekday_branch_operator']) retrieved from /home/nayara/Documentos/airflowalura/venv/lib/python3.9/site-packages/airflow/example_dags/example_branch_day_of_week_operator.py
[2022-11-01 23:01:37,550] {logging_mixin.py:115} INFO - [2022-11-01 23:01:37,550] {dag.py:2379} INFO - Sync 1 DAGs
[2022-11-01 23:01:37,571] {logging_mixin.py:115} INFO - [2022-11-01 23:01:37,570] {dag.py:2927} INFO - Setting next_dagrun for example_weekday_branch_operator to 2022-11-01T00:00:00+00:00, run_after=2022-11-02T00:00:00+00:00
[2022-11-01 23:01:38,036] {processor.py:161} INFO - Processing /home/nayara/Documentos/airflowalura/venv/lib/python3.9/site-packages/airflow/example_dags/example_branch_day_of_week_operator.py took 0.660 seconds
[2022-11-01 23:02:58,673] {processor.py:153} INFO - Started process (PID=20467) to work on /home/nayara/Documentos/airflowalura/venv/lib/python3.9/site-packages/airflow/example_dags/example_branch_day_of_week_operator.py
[2022-11-01 23:02:58,720] {processor.py:641} INFO - Processing file /home/nayara/Documentos/airflowalura/venv/lib/python3.9/site-packages/airflow/example_dags/example_branch_day_of_week_operator.py for tasks to queue
[2022-11-01 23:02:58,721] {logging_mixin.py:115} INFO - [2022-11-01 23:02:58,721] {dagbag.py:507} INFO - Filling up the DagBag from /home/nayara/Documentos/airflowalura/venv/lib/python3.9/site-packages/airflow/example_dags/example_branch_day_of_week_operator.py
[2022-11-01 23:02:58,744] {processor.py:651} INFO - DAG(s) dict_keys(['example_weekday_branch_operator']) retrieved from /home/nayara/Documentos/airflowalura/venv/lib/python3.9/site-packages/airflow/example_dags/example_branch_day_of_week_operator.py
[2022-11-01 23:02:59,214] {logging_mixin.py:115} INFO - [2022-11-01 23:02:59,214] {dag.py:2379} INFO - Sync 1 DAGs
[2022-11-01 23:03:00,092] {logging_mixin.py:115} INFO - [2022-11-01 23:03:00,092] {dag.py:2927} INFO - Setting next_dagrun for example_weekday_branch_operator to 2022-11-01T00:00:00+00:00, run_after=2022-11-02T00:00:00+00:00
[2022-11-01 23:03:00,719] {processor.py:161} INFO - Processing /home/nayara/Documentos/airflowalura/venv/lib/python3.9/site-packages/airflow/example_dags/example_branch_day_of_week_operator.py took 2.054 seconds
[2022-11-01 23:04:34,975] {processor.py:153} INFO - Started process (PID=20670) to work on /home/nayara/Documentos/airflowalura/venv/lib/python3.9/site-packages/airflow/example_dags/example_branch_day_of_week_operator.py
[2022-11-01 23:04:35,009] {processor.py:641} INFO - Processing file /home/nayara/Documentos/airflowalura/venv/lib/python3.9/site-packages/airflow/example_dags/example_branch_day_of_week_operator.py for tasks to queue
[2022-11-01 23:04:35,010] {logging_mixin.py:115} INFO - [2022-11-01 23:04:35,010] {dagbag.py:507} INFO - Filling up the DagBag from /home/nayara/Documentos/airflowalura/venv/lib/python3.9/site-packages/airflow/example_dags/example_branch_day_of_week_operator.py
[2022-11-01 23:04:35,026] {processor.py:651} INFO - DAG(s) dict_keys(['example_weekday_branch_operator']) retrieved from /home/nayara/Documentos/airflowalura/venv/lib/python3.9/site-packages/airflow/example_dags/example_branch_day_of_week_operator.py
[2022-11-01 23:04:35,059] {logging_mixin.py:115} INFO - [2022-11-01 23:04:35,059] {dag.py:2379} INFO - Sync 1 DAGs
[2022-11-01 23:04:35,084] {logging_mixin.py:115} INFO - [2022-11-01 23:04:35,084] {dag.py:2927} INFO - Setting next_dagrun for example_weekday_branch_operator to 2022-11-01T00:00:00+00:00, run_after=2022-11-02T00:00:00+00:00
[2022-11-01 23:04:35,367] {processor.py:161} INFO - Processing /home/nayara/Documentos/airflowalura/venv/lib/python3.9/site-packages/airflow/example_dags/example_branch_day_of_week_operator.py took 0.409 seconds
[2022-11-01 23:05:29,836] {processor.py:153} INFO - Started process (PID=20771) to work on /home/nayara/Documentos/airflowalura/venv/lib/python3.9/site-packages/airflow/example_dags/example_branch_day_of_week_operator.py
[2022-11-01 23:05:29,839] {processor.py:641} INFO - Processing file /home/nayara/Documentos/airflowalura/venv/lib/python3.9/site-packages/airflow/example_dags/example_branch_day_of_week_operator.py for tasks to queue
[2022-11-01 23:05:29,841] {logging_mixin.py:115} INFO - [2022-11-01 23:05:29,841] {dagbag.py:507} INFO - Filling up the DagBag from /home/nayara/Documentos/airflowalura/venv/lib/python3.9/site-packages/airflow/example_dags/example_branch_day_of_week_operator.py
[2022-11-01 23:05:29,856] {processor.py:651} INFO - DAG(s) dict_keys(['example_weekday_branch_operator']) retrieved from /home/nayara/Documentos/airflowalura/venv/lib/python3.9/site-packages/airflow/example_dags/example_branch_day_of_week_operator.py
[2022-11-01 23:05:29,879] {logging_mixin.py:115} INFO - [2022-11-01 23:05:29,879] {dag.py:2379} INFO - Sync 1 DAGs
[2022-11-01 23:05:29,903] {logging_mixin.py:115} INFO - [2022-11-01 23:05:29,903] {dag.py:2927} INFO - Setting next_dagrun for example_weekday_branch_operator to 2022-11-01T00:00:00+00:00, run_after=2022-11-02T00:00:00+00:00
[2022-11-01 23:05:30,163] {processor.py:161} INFO - Processing /home/nayara/Documentos/airflowalura/venv/lib/python3.9/site-packages/airflow/example_dags/example_branch_day_of_week_operator.py took 0.345 seconds
[2022-11-01 23:06:22,769] {processor.py:153} INFO - Started process (PID=20877) to work on /home/nayara/Documentos/airflowalura/venv/lib/python3.9/site-packages/airflow/example_dags/example_branch_day_of_week_operator.py
[2022-11-01 23:06:22,802] {processor.py:641} INFO - Processing file /home/nayara/Documentos/airflowalura/venv/lib/python3.9/site-packages/airflow/example_dags/example_branch_day_of_week_operator.py for tasks to queue
[2022-11-01 23:06:22,803] {logging_mixin.py:115} INFO - [2022-11-01 23:06:22,803] {dagbag.py:507} INFO - Filling up the DagBag from /home/nayara/Documentos/airflowalura/venv/lib/python3.9/site-packages/airflow/example_dags/example_branch_day_of_week_operator.py
[2022-11-01 23:06:22,812] {processor.py:651} INFO - DAG(s) dict_keys(['example_weekday_branch_operator']) retrieved from /home/nayara/Documentos/airflowalura/venv/lib/python3.9/site-packages/airflow/example_dags/example_branch_day_of_week_operator.py
[2022-11-01 23:06:22,831] {logging_mixin.py:115} INFO - [2022-11-01 23:06:22,831] {dag.py:2379} INFO - Sync 1 DAGs
[2022-11-01 23:06:22,852] {logging_mixin.py:115} INFO - [2022-11-01 23:06:22,852] {dag.py:2927} INFO - Setting next_dagrun for example_weekday_branch_operator to 2022-11-01T00:00:00+00:00, run_after=2022-11-02T00:00:00+00:00
[2022-11-01 23:06:23,090] {processor.py:161} INFO - Processing /home/nayara/Documentos/airflowalura/venv/lib/python3.9/site-packages/airflow/example_dags/example_branch_day_of_week_operator.py took 0.324 seconds
[2022-11-01 23:07:21,737] {processor.py:153} INFO - Started process (PID=21054) to work on /home/nayara/Documentos/airflowalura/venv/lib/python3.9/site-packages/airflow/example_dags/example_branch_day_of_week_operator.py
[2022-11-01 23:07:21,755] {processor.py:641} INFO - Processing file /home/nayara/Documentos/airflowalura/venv/lib/python3.9/site-packages/airflow/example_dags/example_branch_day_of_week_operator.py for tasks to queue
[2022-11-01 23:07:21,756] {logging_mixin.py:115} INFO - [2022-11-01 23:07:21,756] {dagbag.py:507} INFO - Filling up the DagBag from /home/nayara/Documentos/airflowalura/venv/lib/python3.9/site-packages/airflow/example_dags/example_branch_day_of_week_operator.py
[2022-11-01 23:07:21,769] {processor.py:651} INFO - DAG(s) dict_keys(['example_weekday_branch_operator']) retrieved from /home/nayara/Documentos/airflowalura/venv/lib/python3.9/site-packages/airflow/example_dags/example_branch_day_of_week_operator.py
[2022-11-01 23:07:21,790] {logging_mixin.py:115} INFO - [2022-11-01 23:07:21,790] {dag.py:2379} INFO - Sync 1 DAGs
[2022-11-01 23:07:21,812] {logging_mixin.py:115} INFO - [2022-11-01 23:07:21,812] {dag.py:2927} INFO - Setting next_dagrun for example_weekday_branch_operator to 2022-11-01T00:00:00+00:00, run_after=2022-11-02T00:00:00+00:00
[2022-11-01 23:07:22,000] {processor.py:161} INFO - Processing /home/nayara/Documentos/airflowalura/venv/lib/python3.9/site-packages/airflow/example_dags/example_branch_day_of_week_operator.py took 0.274 seconds
[2022-11-01 23:08:11,752] {processor.py:153} INFO - Started process (PID=21144) to work on /home/nayara/Documentos/airflowalura/venv/lib/python3.9/site-packages/airflow/example_dags/example_branch_day_of_week_operator.py
[2022-11-01 23:08:11,764] {processor.py:641} INFO - Processing file /home/nayara/Documentos/airflowalura/venv/lib/python3.9/site-packages/airflow/example_dags/example_branch_day_of_week_operator.py for tasks to queue
[2022-11-01 23:08:11,765] {logging_mixin.py:115} INFO - [2022-11-01 23:08:11,765] {dagbag.py:507} INFO - Filling up the DagBag from /home/nayara/Documentos/airflowalura/venv/lib/python3.9/site-packages/airflow/example_dags/example_branch_day_of_week_operator.py
[2022-11-01 23:08:11,774] {processor.py:651} INFO - DAG(s) dict_keys(['example_weekday_branch_operator']) retrieved from /home/nayara/Documentos/airflowalura/venv/lib/python3.9/site-packages/airflow/example_dags/example_branch_day_of_week_operator.py
[2022-11-01 23:08:11,793] {logging_mixin.py:115} INFO - [2022-11-01 23:08:11,793] {dag.py:2379} INFO - Sync 1 DAGs
[2022-11-01 23:08:11,812] {logging_mixin.py:115} INFO - [2022-11-01 23:08:11,812] {dag.py:2927} INFO - Setting next_dagrun for example_weekday_branch_operator to 2022-11-01T00:00:00+00:00, run_after=2022-11-02T00:00:00+00:00
[2022-11-01 23:08:11,973] {processor.py:161} INFO - Processing /home/nayara/Documentos/airflowalura/venv/lib/python3.9/site-packages/airflow/example_dags/example_branch_day_of_week_operator.py took 0.225 seconds
[2022-11-01 23:09:15,811] {processor.py:153} INFO - Started process (PID=21304) to work on /home/nayara/Documentos/airflowalura/venv/lib/python3.9/site-packages/airflow/example_dags/example_branch_day_of_week_operator.py
[2022-11-01 23:09:15,813] {processor.py:641} INFO - Processing file /home/nayara/Documentos/airflowalura/venv/lib/python3.9/site-packages/airflow/example_dags/example_branch_day_of_week_operator.py for tasks to queue
[2022-11-01 23:09:15,814] {logging_mixin.py:115} INFO - [2022-11-01 23:09:15,814] {dagbag.py:507} INFO - Filling up the DagBag from /home/nayara/Documentos/airflowalura/venv/lib/python3.9/site-packages/airflow/example_dags/example_branch_day_of_week_operator.py
[2022-11-01 23:09:15,833] {processor.py:651} INFO - DAG(s) dict_keys(['example_weekday_branch_operator']) retrieved from /home/nayara/Documentos/airflowalura/venv/lib/python3.9/site-packages/airflow/example_dags/example_branch_day_of_week_operator.py
[2022-11-01 23:09:15,865] {logging_mixin.py:115} INFO - [2022-11-01 23:09:15,865] {dag.py:2379} INFO - Sync 1 DAGs
[2022-11-01 23:09:15,889] {logging_mixin.py:115} INFO - [2022-11-01 23:09:15,889] {dag.py:2927} INFO - Setting next_dagrun for example_weekday_branch_operator to 2022-11-01T00:00:00+00:00, run_after=2022-11-02T00:00:00+00:00
[2022-11-01 23:09:16,173] {processor.py:161} INFO - Processing /home/nayara/Documentos/airflowalura/venv/lib/python3.9/site-packages/airflow/example_dags/example_branch_day_of_week_operator.py took 0.369 seconds
[2022-11-01 23:10:18,816] {processor.py:153} INFO - Started process (PID=21478) to work on /home/nayara/Documentos/airflowalura/venv/lib/python3.9/site-packages/airflow/example_dags/example_branch_day_of_week_operator.py
[2022-11-01 23:10:18,843] {processor.py:641} INFO - Processing file /home/nayara/Documentos/airflowalura/venv/lib/python3.9/site-packages/airflow/example_dags/example_branch_day_of_week_operator.py for tasks to queue
[2022-11-01 23:10:18,846] {logging_mixin.py:115} INFO - [2022-11-01 23:10:18,845] {dagbag.py:507} INFO - Filling up the DagBag from /home/nayara/Documentos/airflowalura/venv/lib/python3.9/site-packages/airflow/example_dags/example_branch_day_of_week_operator.py
[2022-11-01 23:10:18,866] {processor.py:651} INFO - DAG(s) dict_keys(['example_weekday_branch_operator']) retrieved from /home/nayara/Documentos/airflowalura/venv/lib/python3.9/site-packages/airflow/example_dags/example_branch_day_of_week_operator.py
[2022-11-01 23:10:18,893] {logging_mixin.py:115} INFO - [2022-11-01 23:10:18,892] {dag.py:2379} INFO - Sync 1 DAGs
[2022-11-01 23:10:18,924] {logging_mixin.py:115} INFO - [2022-11-01 23:10:18,924] {dag.py:2927} INFO - Setting next_dagrun for example_weekday_branch_operator to 2022-11-01T00:00:00+00:00, run_after=2022-11-02T00:00:00+00:00
[2022-11-01 23:10:19,546] {processor.py:161} INFO - Processing /home/nayara/Documentos/airflowalura/venv/lib/python3.9/site-packages/airflow/example_dags/example_branch_day_of_week_operator.py took 0.735 seconds
[2022-11-01 23:11:51,831] {processor.py:153} INFO - Started process (PID=21732) to work on /home/nayara/Documentos/airflowalura/venv/lib/python3.9/site-packages/airflow/example_dags/example_branch_day_of_week_operator.py
[2022-11-01 23:11:51,861] {processor.py:641} INFO - Processing file /home/nayara/Documentos/airflowalura/venv/lib/python3.9/site-packages/airflow/example_dags/example_branch_day_of_week_operator.py for tasks to queue
[2022-11-01 23:11:51,862] {logging_mixin.py:115} INFO - [2022-11-01 23:11:51,862] {dagbag.py:507} INFO - Filling up the DagBag from /home/nayara/Documentos/airflowalura/venv/lib/python3.9/site-packages/airflow/example_dags/example_branch_day_of_week_operator.py
[2022-11-01 23:11:51,878] {processor.py:651} INFO - DAG(s) dict_keys(['example_weekday_branch_operator']) retrieved from /home/nayara/Documentos/airflowalura/venv/lib/python3.9/site-packages/airflow/example_dags/example_branch_day_of_week_operator.py
[2022-11-01 23:11:52,375] {logging_mixin.py:115} INFO - [2022-11-01 23:11:52,375] {dag.py:2379} INFO - Sync 1 DAGs
[2022-11-01 23:11:52,402] {logging_mixin.py:115} INFO - [2022-11-01 23:11:52,402] {dag.py:2927} INFO - Setting next_dagrun for example_weekday_branch_operator to 2022-11-01T00:00:00+00:00, run_after=2022-11-02T00:00:00+00:00
[2022-11-01 23:11:53,080] {processor.py:161} INFO - Processing /home/nayara/Documentos/airflowalura/venv/lib/python3.9/site-packages/airflow/example_dags/example_branch_day_of_week_operator.py took 1.265 seconds
[2022-11-01 23:13:12,371] {processor.py:153} INFO - Started process (PID=21885) to work on /home/nayara/Documentos/airflowalura/venv/lib/python3.9/site-packages/airflow/example_dags/example_branch_day_of_week_operator.py
[2022-11-01 23:13:12,375] {processor.py:641} INFO - Processing file /home/nayara/Documentos/airflowalura/venv/lib/python3.9/site-packages/airflow/example_dags/example_branch_day_of_week_operator.py for tasks to queue
[2022-11-01 23:13:12,377] {logging_mixin.py:115} INFO - [2022-11-01 23:13:12,377] {dagbag.py:507} INFO - Filling up the DagBag from /home/nayara/Documentos/airflowalura/venv/lib/python3.9/site-packages/airflow/example_dags/example_branch_day_of_week_operator.py
[2022-11-01 23:13:12,401] {processor.py:651} INFO - DAG(s) dict_keys(['example_weekday_branch_operator']) retrieved from /home/nayara/Documentos/airflowalura/venv/lib/python3.9/site-packages/airflow/example_dags/example_branch_day_of_week_operator.py
[2022-11-01 23:13:12,426] {logging_mixin.py:115} INFO - [2022-11-01 23:13:12,426] {dag.py:2379} INFO - Sync 1 DAGs
[2022-11-01 23:13:12,456] {logging_mixin.py:115} INFO - [2022-11-01 23:13:12,456] {dag.py:2927} INFO - Setting next_dagrun for example_weekday_branch_operator to 2022-11-01T00:00:00+00:00, run_after=2022-11-02T00:00:00+00:00
[2022-11-01 23:13:13,414] {processor.py:161} INFO - Processing /home/nayara/Documentos/airflowalura/venv/lib/python3.9/site-packages/airflow/example_dags/example_branch_day_of_week_operator.py took 1.063 seconds
[2022-11-01 23:14:25,431] {processor.py:153} INFO - Started process (PID=22088) to work on /home/nayara/Documentos/airflowalura/venv/lib/python3.9/site-packages/airflow/example_dags/example_branch_day_of_week_operator.py
[2022-11-01 23:14:25,438] {processor.py:641} INFO - Processing file /home/nayara/Documentos/airflowalura/venv/lib/python3.9/site-packages/airflow/example_dags/example_branch_day_of_week_operator.py for tasks to queue
[2022-11-01 23:14:25,439] {logging_mixin.py:115} INFO - [2022-11-01 23:14:25,439] {dagbag.py:507} INFO - Filling up the DagBag from /home/nayara/Documentos/airflowalura/venv/lib/python3.9/site-packages/airflow/example_dags/example_branch_day_of_week_operator.py
[2022-11-01 23:14:25,448] {processor.py:651} INFO - DAG(s) dict_keys(['example_weekday_branch_operator']) retrieved from /home/nayara/Documentos/airflowalura/venv/lib/python3.9/site-packages/airflow/example_dags/example_branch_day_of_week_operator.py
[2022-11-01 23:14:25,470] {logging_mixin.py:115} INFO - [2022-11-01 23:14:25,470] {dag.py:2379} INFO - Sync 1 DAGs
[2022-11-01 23:14:25,491] {logging_mixin.py:115} INFO - [2022-11-01 23:14:25,491] {dag.py:2927} INFO - Setting next_dagrun for example_weekday_branch_operator to 2022-11-01T00:00:00+00:00, run_after=2022-11-02T00:00:00+00:00
[2022-11-01 23:14:25,810] {processor.py:161} INFO - Processing /home/nayara/Documentos/airflowalura/venv/lib/python3.9/site-packages/airflow/example_dags/example_branch_day_of_week_operator.py took 0.382 seconds
[2022-11-01 23:15:26,657] {processor.py:153} INFO - Started process (PID=22232) to work on /home/nayara/Documentos/airflowalura/venv/lib/python3.9/site-packages/airflow/example_dags/example_branch_day_of_week_operator.py
[2022-11-01 23:15:26,748] {processor.py:641} INFO - Processing file /home/nayara/Documentos/airflowalura/venv/lib/python3.9/site-packages/airflow/example_dags/example_branch_day_of_week_operator.py for tasks to queue
[2022-11-01 23:15:26,751] {logging_mixin.py:115} INFO - [2022-11-01 23:15:26,751] {dagbag.py:507} INFO - Filling up the DagBag from /home/nayara/Documentos/airflowalura/venv/lib/python3.9/site-packages/airflow/example_dags/example_branch_day_of_week_operator.py
[2022-11-01 23:15:26,791] {processor.py:651} INFO - DAG(s) dict_keys(['example_weekday_branch_operator']) retrieved from /home/nayara/Documentos/airflowalura/venv/lib/python3.9/site-packages/airflow/example_dags/example_branch_day_of_week_operator.py
[2022-11-01 23:15:27,100] {logging_mixin.py:115} INFO - [2022-11-01 23:15:27,099] {dag.py:2379} INFO - Sync 1 DAGs
[2022-11-01 23:15:27,150] {logging_mixin.py:115} INFO - [2022-11-01 23:15:27,150] {dag.py:2927} INFO - Setting next_dagrun for example_weekday_branch_operator to 2022-11-01T00:00:00+00:00, run_after=2022-11-02T00:00:00+00:00
[2022-11-01 23:15:27,595] {processor.py:161} INFO - Processing /home/nayara/Documentos/airflowalura/venv/lib/python3.9/site-packages/airflow/example_dags/example_branch_day_of_week_operator.py took 0.956 seconds
[2022-11-01 23:16:25,400] {processor.py:153} INFO - Started process (PID=22361) to work on /home/nayara/Documentos/airflowalura/venv/lib/python3.9/site-packages/airflow/example_dags/example_branch_day_of_week_operator.py
[2022-11-01 23:16:25,451] {processor.py:641} INFO - Processing file /home/nayara/Documentos/airflowalura/venv/lib/python3.9/site-packages/airflow/example_dags/example_branch_day_of_week_operator.py for tasks to queue
[2022-11-01 23:16:25,452] {logging_mixin.py:115} INFO - [2022-11-01 23:16:25,452] {dagbag.py:507} INFO - Filling up the DagBag from /home/nayara/Documentos/airflowalura/venv/lib/python3.9/site-packages/airflow/example_dags/example_branch_day_of_week_operator.py
[2022-11-01 23:16:25,473] {processor.py:651} INFO - DAG(s) dict_keys(['example_weekday_branch_operator']) retrieved from /home/nayara/Documentos/airflowalura/venv/lib/python3.9/site-packages/airflow/example_dags/example_branch_day_of_week_operator.py
[2022-11-01 23:16:25,521] {logging_mixin.py:115} INFO - [2022-11-01 23:16:25,521] {dag.py:2379} INFO - Sync 1 DAGs
[2022-11-01 23:16:25,566] {logging_mixin.py:115} INFO - [2022-11-01 23:16:25,566] {dag.py:2927} INFO - Setting next_dagrun for example_weekday_branch_operator to 2022-11-01T00:00:00+00:00, run_after=2022-11-02T00:00:00+00:00
[2022-11-01 23:16:26,007] {processor.py:161} INFO - Processing /home/nayara/Documentos/airflowalura/venv/lib/python3.9/site-packages/airflow/example_dags/example_branch_day_of_week_operator.py took 0.612 seconds
[2022-11-01 23:17:31,319] {processor.py:153} INFO - Started process (PID=22509) to work on /home/nayara/Documentos/airflowalura/venv/lib/python3.9/site-packages/airflow/example_dags/example_branch_day_of_week_operator.py
[2022-11-01 23:17:31,342] {processor.py:641} INFO - Processing file /home/nayara/Documentos/airflowalura/venv/lib/python3.9/site-packages/airflow/example_dags/example_branch_day_of_week_operator.py for tasks to queue
[2022-11-01 23:17:31,343] {logging_mixin.py:115} INFO - [2022-11-01 23:17:31,343] {dagbag.py:507} INFO - Filling up the DagBag from /home/nayara/Documentos/airflowalura/venv/lib/python3.9/site-packages/airflow/example_dags/example_branch_day_of_week_operator.py
[2022-11-01 23:17:31,358] {processor.py:651} INFO - DAG(s) dict_keys(['example_weekday_branch_operator']) retrieved from /home/nayara/Documentos/airflowalura/venv/lib/python3.9/site-packages/airflow/example_dags/example_branch_day_of_week_operator.py
[2022-11-01 23:17:31,390] {logging_mixin.py:115} INFO - [2022-11-01 23:17:31,390] {dag.py:2379} INFO - Sync 1 DAGs
[2022-11-01 23:17:31,426] {logging_mixin.py:115} INFO - [2022-11-01 23:17:31,426] {dag.py:2927} INFO - Setting next_dagrun for example_weekday_branch_operator to 2022-11-01T00:00:00+00:00, run_after=2022-11-02T00:00:00+00:00
[2022-11-01 23:17:31,669] {processor.py:161} INFO - Processing /home/nayara/Documentos/airflowalura/venv/lib/python3.9/site-packages/airflow/example_dags/example_branch_day_of_week_operator.py took 0.355 seconds
[2022-11-01 23:18:55,759] {processor.py:153} INFO - Started process (PID=22661) to work on /home/nayara/Documentos/airflowalura/venv/lib/python3.9/site-packages/airflow/example_dags/example_branch_day_of_week_operator.py
[2022-11-01 23:18:55,775] {processor.py:641} INFO - Processing file /home/nayara/Documentos/airflowalura/venv/lib/python3.9/site-packages/airflow/example_dags/example_branch_day_of_week_operator.py for tasks to queue
[2022-11-01 23:18:55,776] {logging_mixin.py:115} INFO - [2022-11-01 23:18:55,776] {dagbag.py:507} INFO - Filling up the DagBag from /home/nayara/Documentos/airflowalura/venv/lib/python3.9/site-packages/airflow/example_dags/example_branch_day_of_week_operator.py
[2022-11-01 23:18:55,786] {processor.py:651} INFO - DAG(s) dict_keys(['example_weekday_branch_operator']) retrieved from /home/nayara/Documentos/airflowalura/venv/lib/python3.9/site-packages/airflow/example_dags/example_branch_day_of_week_operator.py
[2022-11-01 23:18:55,807] {logging_mixin.py:115} INFO - [2022-11-01 23:18:55,806] {dag.py:2379} INFO - Sync 1 DAGs
[2022-11-01 23:18:55,826] {logging_mixin.py:115} INFO - [2022-11-01 23:18:55,826] {dag.py:2927} INFO - Setting next_dagrun for example_weekday_branch_operator to 2022-11-01T00:00:00+00:00, run_after=2022-11-02T00:00:00+00:00
[2022-11-01 23:18:56,164] {processor.py:161} INFO - Processing /home/nayara/Documentos/airflowalura/venv/lib/python3.9/site-packages/airflow/example_dags/example_branch_day_of_week_operator.py took 0.409 seconds
[2022-11-01 23:19:54,670] {processor.py:153} INFO - Started process (PID=22784) to work on /home/nayara/Documentos/airflowalura/venv/lib/python3.9/site-packages/airflow/example_dags/example_branch_day_of_week_operator.py
[2022-11-01 23:19:54,672] {processor.py:641} INFO - Processing file /home/nayara/Documentos/airflowalura/venv/lib/python3.9/site-packages/airflow/example_dags/example_branch_day_of_week_operator.py for tasks to queue
[2022-11-01 23:19:54,673] {logging_mixin.py:115} INFO - [2022-11-01 23:19:54,673] {dagbag.py:507} INFO - Filling up the DagBag from /home/nayara/Documentos/airflowalura/venv/lib/python3.9/site-packages/airflow/example_dags/example_branch_day_of_week_operator.py
[2022-11-01 23:19:54,689] {processor.py:651} INFO - DAG(s) dict_keys(['example_weekday_branch_operator']) retrieved from /home/nayara/Documentos/airflowalura/venv/lib/python3.9/site-packages/airflow/example_dags/example_branch_day_of_week_operator.py
[2022-11-01 23:19:54,708] {logging_mixin.py:115} INFO - [2022-11-01 23:19:54,708] {dag.py:2379} INFO - Sync 1 DAGs
[2022-11-01 23:19:54,730] {logging_mixin.py:115} INFO - [2022-11-01 23:19:54,730] {dag.py:2927} INFO - Setting next_dagrun for example_weekday_branch_operator to 2022-11-01T00:00:00+00:00, run_after=2022-11-02T00:00:00+00:00
[2022-11-01 23:19:54,987] {processor.py:161} INFO - Processing /home/nayara/Documentos/airflowalura/venv/lib/python3.9/site-packages/airflow/example_dags/example_branch_day_of_week_operator.py took 0.326 seconds
[2022-11-01 23:21:08,377] {processor.py:153} INFO - Started process (PID=22980) to work on /home/nayara/Documentos/airflowalura/venv/lib/python3.9/site-packages/airflow/example_dags/example_branch_day_of_week_operator.py
[2022-11-01 23:21:08,396] {processor.py:641} INFO - Processing file /home/nayara/Documentos/airflowalura/venv/lib/python3.9/site-packages/airflow/example_dags/example_branch_day_of_week_operator.py for tasks to queue
[2022-11-01 23:21:08,398] {logging_mixin.py:115} INFO - [2022-11-01 23:21:08,397] {dagbag.py:507} INFO - Filling up the DagBag from /home/nayara/Documentos/airflowalura/venv/lib/python3.9/site-packages/airflow/example_dags/example_branch_day_of_week_operator.py
[2022-11-01 23:21:08,415] {processor.py:651} INFO - DAG(s) dict_keys(['example_weekday_branch_operator']) retrieved from /home/nayara/Documentos/airflowalura/venv/lib/python3.9/site-packages/airflow/example_dags/example_branch_day_of_week_operator.py
[2022-11-01 23:21:08,447] {logging_mixin.py:115} INFO - [2022-11-01 23:21:08,447] {dag.py:2379} INFO - Sync 1 DAGs
[2022-11-01 23:21:08,478] {logging_mixin.py:115} INFO - [2022-11-01 23:21:08,478] {dag.py:2927} INFO - Setting next_dagrun for example_weekday_branch_operator to 2022-11-01T00:00:00+00:00, run_after=2022-11-02T00:00:00+00:00
[2022-11-01 23:21:08,801] {processor.py:161} INFO - Processing /home/nayara/Documentos/airflowalura/venv/lib/python3.9/site-packages/airflow/example_dags/example_branch_day_of_week_operator.py took 0.433 seconds
