[2022-11-01 22:40:54,007] {processor.py:153} INFO - Started process (PID=17814) to work on /home/nayara/Documentos/airflowalura/venv/lib/python3.9/site-packages/airflow/example_dags/example_latest_only_with_trigger.py
[2022-11-01 22:40:54,009] {processor.py:641} INFO - Processing file /home/nayara/Documentos/airflowalura/venv/lib/python3.9/site-packages/airflow/example_dags/example_latest_only_with_trigger.py for tasks to queue
[2022-11-01 22:40:54,012] {logging_mixin.py:115} INFO - [2022-11-01 22:40:54,011] {dagbag.py:507} INFO - Filling up the DagBag from /home/nayara/Documentos/airflowalura/venv/lib/python3.9/site-packages/airflow/example_dags/example_latest_only_with_trigger.py
[2022-11-01 22:40:54,040] {processor.py:651} INFO - DAG(s) dict_keys(['latest_only_with_trigger']) retrieved from /home/nayara/Documentos/airflowalura/venv/lib/python3.9/site-packages/airflow/example_dags/example_latest_only_with_trigger.py
[2022-11-01 22:40:54,074] {logging_mixin.py:115} INFO - [2022-11-01 22:40:54,074] {dag.py:2379} INFO - Sync 1 DAGs
[2022-11-01 22:40:54,096] {logging_mixin.py:115} INFO - [2022-11-01 22:40:54,096] {dag.py:2927} INFO - Setting next_dagrun for latest_only_with_trigger to 2022-11-01T21:40:54.095844+00:00, run_after=2022-11-02T01:40:54.095844+00:00
[2022-11-01 22:40:54,461] {processor.py:161} INFO - Processing /home/nayara/Documentos/airflowalura/venv/lib/python3.9/site-packages/airflow/example_dags/example_latest_only_with_trigger.py took 0.469 seconds
[2022-11-01 22:43:24,760] {processor.py:153} INFO - Started process (PID=18015) to work on /home/nayara/Documentos/airflowalura/venv/lib/python3.9/site-packages/airflow/example_dags/example_latest_only_with_trigger.py
[2022-11-01 22:43:24,766] {processor.py:641} INFO - Processing file /home/nayara/Documentos/airflowalura/venv/lib/python3.9/site-packages/airflow/example_dags/example_latest_only_with_trigger.py for tasks to queue
[2022-11-01 22:43:24,768] {logging_mixin.py:115} INFO - [2022-11-01 22:43:24,768] {dagbag.py:507} INFO - Filling up the DagBag from /home/nayara/Documentos/airflowalura/venv/lib/python3.9/site-packages/airflow/example_dags/example_latest_only_with_trigger.py
[2022-11-01 22:43:24,797] {processor.py:651} INFO - DAG(s) dict_keys(['latest_only_with_trigger']) retrieved from /home/nayara/Documentos/airflowalura/venv/lib/python3.9/site-packages/airflow/example_dags/example_latest_only_with_trigger.py
[2022-11-01 22:43:24,860] {logging_mixin.py:115} INFO - [2022-11-01 22:43:24,860] {dag.py:2379} INFO - Sync 1 DAGs
[2022-11-01 22:43:24,898] {logging_mixin.py:115} INFO - [2022-11-01 22:43:24,898] {dag.py:2927} INFO - Setting next_dagrun for latest_only_with_trigger to 2022-11-01T21:43:24.897871+00:00, run_after=2022-11-02T01:43:24.897871+00:00
[2022-11-01 22:43:25,250] {processor.py:161} INFO - Processing /home/nayara/Documentos/airflowalura/venv/lib/python3.9/site-packages/airflow/example_dags/example_latest_only_with_trigger.py took 0.498 seconds
[2022-11-01 22:44:51,879] {processor.py:153} INFO - Started process (PID=18167) to work on /home/nayara/Documentos/airflowalura/venv/lib/python3.9/site-packages/airflow/example_dags/example_latest_only_with_trigger.py
[2022-11-01 22:44:51,926] {processor.py:641} INFO - Processing file /home/nayara/Documentos/airflowalura/venv/lib/python3.9/site-packages/airflow/example_dags/example_latest_only_with_trigger.py for tasks to queue
[2022-11-01 22:44:51,928] {logging_mixin.py:115} INFO - [2022-11-01 22:44:51,927] {dagbag.py:507} INFO - Filling up the DagBag from /home/nayara/Documentos/airflowalura/venv/lib/python3.9/site-packages/airflow/example_dags/example_latest_only_with_trigger.py
[2022-11-01 22:44:51,939] {processor.py:651} INFO - DAG(s) dict_keys(['latest_only_with_trigger']) retrieved from /home/nayara/Documentos/airflowalura/venv/lib/python3.9/site-packages/airflow/example_dags/example_latest_only_with_trigger.py
[2022-11-01 22:44:51,988] {logging_mixin.py:115} INFO - [2022-11-01 22:44:51,987] {dag.py:2379} INFO - Sync 1 DAGs
[2022-11-01 22:44:52,026] {logging_mixin.py:115} INFO - [2022-11-01 22:44:52,026] {dag.py:2927} INFO - Setting next_dagrun for latest_only_with_trigger to 2022-11-01T21:44:52.025219+00:00, run_after=2022-11-02T01:44:52.025219+00:00
[2022-11-01 22:44:52,624] {processor.py:161} INFO - Processing /home/nayara/Documentos/airflowalura/venv/lib/python3.9/site-packages/airflow/example_dags/example_latest_only_with_trigger.py took 0.753 seconds
[2022-11-01 22:45:55,243] {processor.py:153} INFO - Started process (PID=18270) to work on /home/nayara/Documentos/airflowalura/venv/lib/python3.9/site-packages/airflow/example_dags/example_latest_only_with_trigger.py
[2022-11-01 22:45:55,298] {processor.py:641} INFO - Processing file /home/nayara/Documentos/airflowalura/venv/lib/python3.9/site-packages/airflow/example_dags/example_latest_only_with_trigger.py for tasks to queue
[2022-11-01 22:45:55,306] {logging_mixin.py:115} INFO - [2022-11-01 22:45:55,299] {dagbag.py:507} INFO - Filling up the DagBag from /home/nayara/Documentos/airflowalura/venv/lib/python3.9/site-packages/airflow/example_dags/example_latest_only_with_trigger.py
[2022-11-01 22:45:55,322] {processor.py:651} INFO - DAG(s) dict_keys(['latest_only_with_trigger']) retrieved from /home/nayara/Documentos/airflowalura/venv/lib/python3.9/site-packages/airflow/example_dags/example_latest_only_with_trigger.py
[2022-11-01 22:45:55,364] {logging_mixin.py:115} INFO - [2022-11-01 22:45:55,364] {dag.py:2379} INFO - Sync 1 DAGs
[2022-11-01 22:45:55,402] {logging_mixin.py:115} INFO - [2022-11-01 22:45:55,402] {dag.py:2927} INFO - Setting next_dagrun for latest_only_with_trigger to 2022-11-01T21:45:55.401392+00:00, run_after=2022-11-02T01:45:55.401392+00:00
[2022-11-01 22:45:55,681] {processor.py:161} INFO - Processing /home/nayara/Documentos/airflowalura/venv/lib/python3.9/site-packages/airflow/example_dags/example_latest_only_with_trigger.py took 0.447 seconds
[2022-11-01 22:46:58,068] {processor.py:153} INFO - Started process (PID=18427) to work on /home/nayara/Documentos/airflowalura/venv/lib/python3.9/site-packages/airflow/example_dags/example_latest_only_with_trigger.py
[2022-11-01 22:46:58,083] {processor.py:641} INFO - Processing file /home/nayara/Documentos/airflowalura/venv/lib/python3.9/site-packages/airflow/example_dags/example_latest_only_with_trigger.py for tasks to queue
[2022-11-01 22:46:58,084] {logging_mixin.py:115} INFO - [2022-11-01 22:46:58,084] {dagbag.py:507} INFO - Filling up the DagBag from /home/nayara/Documentos/airflowalura/venv/lib/python3.9/site-packages/airflow/example_dags/example_latest_only_with_trigger.py
[2022-11-01 22:46:58,096] {processor.py:651} INFO - DAG(s) dict_keys(['latest_only_with_trigger']) retrieved from /home/nayara/Documentos/airflowalura/venv/lib/python3.9/site-packages/airflow/example_dags/example_latest_only_with_trigger.py
[2022-11-01 22:46:58,141] {logging_mixin.py:115} INFO - [2022-11-01 22:46:58,141] {dag.py:2379} INFO - Sync 1 DAGs
[2022-11-01 22:46:58,173] {logging_mixin.py:115} INFO - [2022-11-01 22:46:58,172] {dag.py:2927} INFO - Setting next_dagrun for latest_only_with_trigger to 2022-11-01T21:46:58.171735+00:00, run_after=2022-11-02T01:46:58.171735+00:00
[2022-11-01 22:46:58,484] {processor.py:161} INFO - Processing /home/nayara/Documentos/airflowalura/venv/lib/python3.9/site-packages/airflow/example_dags/example_latest_only_with_trigger.py took 0.420 seconds
[2022-11-01 22:48:00,199] {processor.py:153} INFO - Started process (PID=18546) to work on /home/nayara/Documentos/airflowalura/venv/lib/python3.9/site-packages/airflow/example_dags/example_latest_only_with_trigger.py
[2022-11-01 22:48:00,200] {processor.py:641} INFO - Processing file /home/nayara/Documentos/airflowalura/venv/lib/python3.9/site-packages/airflow/example_dags/example_latest_only_with_trigger.py for tasks to queue
[2022-11-01 22:48:00,201] {logging_mixin.py:115} INFO - [2022-11-01 22:48:00,201] {dagbag.py:507} INFO - Filling up the DagBag from /home/nayara/Documentos/airflowalura/venv/lib/python3.9/site-packages/airflow/example_dags/example_latest_only_with_trigger.py
[2022-11-01 22:48:00,215] {processor.py:651} INFO - DAG(s) dict_keys(['latest_only_with_trigger']) retrieved from /home/nayara/Documentos/airflowalura/venv/lib/python3.9/site-packages/airflow/example_dags/example_latest_only_with_trigger.py
[2022-11-01 22:48:00,263] {logging_mixin.py:115} INFO - [2022-11-01 22:48:00,263] {dag.py:2379} INFO - Sync 1 DAGs
[2022-11-01 22:48:00,296] {logging_mixin.py:115} INFO - [2022-11-01 22:48:00,296] {dag.py:2927} INFO - Setting next_dagrun for latest_only_with_trigger to 2022-11-01T21:48:00.295776+00:00, run_after=2022-11-02T01:48:00.295776+00:00
[2022-11-01 22:48:00,924] {processor.py:161} INFO - Processing /home/nayara/Documentos/airflowalura/venv/lib/python3.9/site-packages/airflow/example_dags/example_latest_only_with_trigger.py took 0.730 seconds
[2022-11-01 22:48:58,040] {processor.py:153} INFO - Started process (PID=18651) to work on /home/nayara/Documentos/airflowalura/venv/lib/python3.9/site-packages/airflow/example_dags/example_latest_only_with_trigger.py
[2022-11-01 22:48:58,042] {processor.py:641} INFO - Processing file /home/nayara/Documentos/airflowalura/venv/lib/python3.9/site-packages/airflow/example_dags/example_latest_only_with_trigger.py for tasks to queue
[2022-11-01 22:48:58,044] {logging_mixin.py:115} INFO - [2022-11-01 22:48:58,044] {dagbag.py:507} INFO - Filling up the DagBag from /home/nayara/Documentos/airflowalura/venv/lib/python3.9/site-packages/airflow/example_dags/example_latest_only_with_trigger.py
[2022-11-01 22:48:58,063] {processor.py:651} INFO - DAG(s) dict_keys(['latest_only_with_trigger']) retrieved from /home/nayara/Documentos/airflowalura/venv/lib/python3.9/site-packages/airflow/example_dags/example_latest_only_with_trigger.py
[2022-11-01 22:48:58,104] {logging_mixin.py:115} INFO - [2022-11-01 22:48:58,104] {dag.py:2379} INFO - Sync 1 DAGs
[2022-11-01 22:48:58,139] {logging_mixin.py:115} INFO - [2022-11-01 22:48:58,139] {dag.py:2927} INFO - Setting next_dagrun for latest_only_with_trigger to 2022-11-01T21:48:58.138774+00:00, run_after=2022-11-02T01:48:58.138774+00:00
[2022-11-01 22:48:58,450] {processor.py:161} INFO - Processing /home/nayara/Documentos/airflowalura/venv/lib/python3.9/site-packages/airflow/example_dags/example_latest_only_with_trigger.py took 0.414 seconds
[2022-11-01 22:49:52,449] {processor.py:153} INFO - Started process (PID=18755) to work on /home/nayara/Documentos/airflowalura/venv/lib/python3.9/site-packages/airflow/example_dags/example_latest_only_with_trigger.py
[2022-11-01 22:49:52,451] {processor.py:641} INFO - Processing file /home/nayara/Documentos/airflowalura/venv/lib/python3.9/site-packages/airflow/example_dags/example_latest_only_with_trigger.py for tasks to queue
[2022-11-01 22:49:52,451] {logging_mixin.py:115} INFO - [2022-11-01 22:49:52,451] {dagbag.py:507} INFO - Filling up the DagBag from /home/nayara/Documentos/airflowalura/venv/lib/python3.9/site-packages/airflow/example_dags/example_latest_only_with_trigger.py
[2022-11-01 22:49:52,471] {processor.py:651} INFO - DAG(s) dict_keys(['latest_only_with_trigger']) retrieved from /home/nayara/Documentos/airflowalura/venv/lib/python3.9/site-packages/airflow/example_dags/example_latest_only_with_trigger.py
[2022-11-01 22:49:52,513] {logging_mixin.py:115} INFO - [2022-11-01 22:49:52,513] {dag.py:2379} INFO - Sync 1 DAGs
[2022-11-01 22:49:52,544] {logging_mixin.py:115} INFO - [2022-11-01 22:49:52,544] {dag.py:2927} INFO - Setting next_dagrun for latest_only_with_trigger to 2022-11-01T21:49:52.544217+00:00, run_after=2022-11-02T01:49:52.544217+00:00
[2022-11-01 22:49:52,974] {processor.py:161} INFO - Processing /home/nayara/Documentos/airflowalura/venv/lib/python3.9/site-packages/airflow/example_dags/example_latest_only_with_trigger.py took 0.530 seconds
[2022-11-01 22:50:48,523] {processor.py:153} INFO - Started process (PID=18862) to work on /home/nayara/Documentos/airflowalura/venv/lib/python3.9/site-packages/airflow/example_dags/example_latest_only_with_trigger.py
[2022-11-01 22:50:48,524] {processor.py:641} INFO - Processing file /home/nayara/Documentos/airflowalura/venv/lib/python3.9/site-packages/airflow/example_dags/example_latest_only_with_trigger.py for tasks to queue
[2022-11-01 22:50:48,525] {logging_mixin.py:115} INFO - [2022-11-01 22:50:48,525] {dagbag.py:507} INFO - Filling up the DagBag from /home/nayara/Documentos/airflowalura/venv/lib/python3.9/site-packages/airflow/example_dags/example_latest_only_with_trigger.py
[2022-11-01 22:50:48,541] {processor.py:651} INFO - DAG(s) dict_keys(['latest_only_with_trigger']) retrieved from /home/nayara/Documentos/airflowalura/venv/lib/python3.9/site-packages/airflow/example_dags/example_latest_only_with_trigger.py
[2022-11-01 22:50:48,579] {logging_mixin.py:115} INFO - [2022-11-01 22:50:48,579] {dag.py:2379} INFO - Sync 1 DAGs
[2022-11-01 22:50:48,620] {logging_mixin.py:115} INFO - [2022-11-01 22:50:48,620] {dag.py:2927} INFO - Setting next_dagrun for latest_only_with_trigger to 2022-11-01T21:50:48.620025+00:00, run_after=2022-11-02T01:50:48.620025+00:00
[2022-11-01 22:50:48,850] {processor.py:161} INFO - Processing /home/nayara/Documentos/airflowalura/venv/lib/python3.9/site-packages/airflow/example_dags/example_latest_only_with_trigger.py took 0.339 seconds
[2022-11-01 22:52:08,813] {processor.py:153} INFO - Started process (PID=19047) to work on /home/nayara/Documentos/airflowalura/venv/lib/python3.9/site-packages/airflow/example_dags/example_latest_only_with_trigger.py
[2022-11-01 22:52:08,830] {processor.py:641} INFO - Processing file /home/nayara/Documentos/airflowalura/venv/lib/python3.9/site-packages/airflow/example_dags/example_latest_only_with_trigger.py for tasks to queue
[2022-11-01 22:52:08,831] {logging_mixin.py:115} INFO - [2022-11-01 22:52:08,831] {dagbag.py:507} INFO - Filling up the DagBag from /home/nayara/Documentos/airflowalura/venv/lib/python3.9/site-packages/airflow/example_dags/example_latest_only_with_trigger.py
[2022-11-01 22:52:08,840] {processor.py:651} INFO - DAG(s) dict_keys(['latest_only_with_trigger']) retrieved from /home/nayara/Documentos/airflowalura/venv/lib/python3.9/site-packages/airflow/example_dags/example_latest_only_with_trigger.py
[2022-11-01 22:52:08,870] {logging_mixin.py:115} INFO - [2022-11-01 22:52:08,870] {dag.py:2379} INFO - Sync 1 DAGs
[2022-11-01 22:52:08,898] {logging_mixin.py:115} INFO - [2022-11-01 22:52:08,897] {dag.py:2927} INFO - Setting next_dagrun for latest_only_with_trigger to 2022-11-01T21:52:08.897231+00:00, run_after=2022-11-02T01:52:08.897231+00:00
[2022-11-01 22:52:10,041] {processor.py:161} INFO - Processing /home/nayara/Documentos/airflowalura/venv/lib/python3.9/site-packages/airflow/example_dags/example_latest_only_with_trigger.py took 1.232 seconds
[2022-11-01 22:53:25,922] {processor.py:153} INFO - Started process (PID=19192) to work on /home/nayara/Documentos/airflowalura/venv/lib/python3.9/site-packages/airflow/example_dags/example_latest_only_with_trigger.py
[2022-11-01 22:53:25,951] {processor.py:641} INFO - Processing file /home/nayara/Documentos/airflowalura/venv/lib/python3.9/site-packages/airflow/example_dags/example_latest_only_with_trigger.py for tasks to queue
[2022-11-01 22:53:25,952] {logging_mixin.py:115} INFO - [2022-11-01 22:53:25,951] {dagbag.py:507} INFO - Filling up the DagBag from /home/nayara/Documentos/airflowalura/venv/lib/python3.9/site-packages/airflow/example_dags/example_latest_only_with_trigger.py
[2022-11-01 22:53:25,966] {processor.py:651} INFO - DAG(s) dict_keys(['latest_only_with_trigger']) retrieved from /home/nayara/Documentos/airflowalura/venv/lib/python3.9/site-packages/airflow/example_dags/example_latest_only_with_trigger.py
[2022-11-01 22:53:26,000] {logging_mixin.py:115} INFO - [2022-11-01 22:53:26,000] {dag.py:2379} INFO - Sync 1 DAGs
[2022-11-01 22:53:26,028] {logging_mixin.py:115} INFO - [2022-11-01 22:53:26,028] {dag.py:2927} INFO - Setting next_dagrun for latest_only_with_trigger to 2022-11-01T21:53:26.027896+00:00, run_after=2022-11-02T01:53:26.027896+00:00
[2022-11-01 22:53:26,343] {processor.py:161} INFO - Processing /home/nayara/Documentos/airflowalura/venv/lib/python3.9/site-packages/airflow/example_dags/example_latest_only_with_trigger.py took 0.427 seconds
[2022-11-01 22:54:24,616] {processor.py:153} INFO - Started process (PID=19311) to work on /home/nayara/Documentos/airflowalura/venv/lib/python3.9/site-packages/airflow/example_dags/example_latest_only_with_trigger.py
[2022-11-01 22:54:24,645] {processor.py:641} INFO - Processing file /home/nayara/Documentos/airflowalura/venv/lib/python3.9/site-packages/airflow/example_dags/example_latest_only_with_trigger.py for tasks to queue
[2022-11-01 22:54:24,647] {logging_mixin.py:115} INFO - [2022-11-01 22:54:24,647] {dagbag.py:507} INFO - Filling up the DagBag from /home/nayara/Documentos/airflowalura/venv/lib/python3.9/site-packages/airflow/example_dags/example_latest_only_with_trigger.py
[2022-11-01 22:54:24,667] {processor.py:651} INFO - DAG(s) dict_keys(['latest_only_with_trigger']) retrieved from /home/nayara/Documentos/airflowalura/venv/lib/python3.9/site-packages/airflow/example_dags/example_latest_only_with_trigger.py
[2022-11-01 22:54:24,711] {logging_mixin.py:115} INFO - [2022-11-01 22:54:24,711] {dag.py:2379} INFO - Sync 1 DAGs
[2022-11-01 22:54:24,738] {logging_mixin.py:115} INFO - [2022-11-01 22:54:24,738] {dag.py:2927} INFO - Setting next_dagrun for latest_only_with_trigger to 2022-11-01T21:54:24.737845+00:00, run_after=2022-11-02T01:54:24.737845+00:00
[2022-11-01 22:54:25,803] {processor.py:161} INFO - Processing /home/nayara/Documentos/airflowalura/venv/lib/python3.9/site-packages/airflow/example_dags/example_latest_only_with_trigger.py took 1.198 seconds
[2022-11-01 22:55:39,973] {processor.py:153} INFO - Started process (PID=19486) to work on /home/nayara/Documentos/airflowalura/venv/lib/python3.9/site-packages/airflow/example_dags/example_latest_only_with_trigger.py
[2022-11-01 22:55:40,003] {processor.py:641} INFO - Processing file /home/nayara/Documentos/airflowalura/venv/lib/python3.9/site-packages/airflow/example_dags/example_latest_only_with_trigger.py for tasks to queue
[2022-11-01 22:55:40,005] {logging_mixin.py:115} INFO - [2022-11-01 22:55:40,005] {dagbag.py:507} INFO - Filling up the DagBag from /home/nayara/Documentos/airflowalura/venv/lib/python3.9/site-packages/airflow/example_dags/example_latest_only_with_trigger.py
[2022-11-01 22:55:40,026] {processor.py:651} INFO - DAG(s) dict_keys(['latest_only_with_trigger']) retrieved from /home/nayara/Documentos/airflowalura/venv/lib/python3.9/site-packages/airflow/example_dags/example_latest_only_with_trigger.py
[2022-11-01 22:55:40,049] {logging_mixin.py:115} INFO - [2022-11-01 22:55:40,048] {dag.py:2379} INFO - Sync 1 DAGs
[2022-11-01 22:55:40,067] {logging_mixin.py:115} INFO - [2022-11-01 22:55:40,067] {dag.py:2927} INFO - Setting next_dagrun for latest_only_with_trigger to 2022-11-01T21:55:40.067456+00:00, run_after=2022-11-02T01:55:40.067456+00:00
[2022-11-01 22:55:40,568] {processor.py:161} INFO - Processing /home/nayara/Documentos/airflowalura/venv/lib/python3.9/site-packages/airflow/example_dags/example_latest_only_with_trigger.py took 0.609 seconds
[2022-11-01 22:56:53,694] {processor.py:153} INFO - Started process (PID=19670) to work on /home/nayara/Documentos/airflowalura/venv/lib/python3.9/site-packages/airflow/example_dags/example_latest_only_with_trigger.py
[2022-11-01 22:56:53,770] {processor.py:641} INFO - Processing file /home/nayara/Documentos/airflowalura/venv/lib/python3.9/site-packages/airflow/example_dags/example_latest_only_with_trigger.py for tasks to queue
[2022-11-01 22:56:53,771] {logging_mixin.py:115} INFO - [2022-11-01 22:56:53,771] {dagbag.py:507} INFO - Filling up the DagBag from /home/nayara/Documentos/airflowalura/venv/lib/python3.9/site-packages/airflow/example_dags/example_latest_only_with_trigger.py
[2022-11-01 22:56:53,781] {processor.py:651} INFO - DAG(s) dict_keys(['latest_only_with_trigger']) retrieved from /home/nayara/Documentos/airflowalura/venv/lib/python3.9/site-packages/airflow/example_dags/example_latest_only_with_trigger.py
[2022-11-01 22:56:53,806] {logging_mixin.py:115} INFO - [2022-11-01 22:56:53,805] {dag.py:2379} INFO - Sync 1 DAGs
[2022-11-01 22:56:53,832] {logging_mixin.py:115} INFO - [2022-11-01 22:56:53,832] {dag.py:2927} INFO - Setting next_dagrun for latest_only_with_trigger to 2022-11-01T21:56:53.831898+00:00, run_after=2022-11-02T01:56:53.831898+00:00
[2022-11-01 22:56:54,871] {processor.py:161} INFO - Processing /home/nayara/Documentos/airflowalura/venv/lib/python3.9/site-packages/airflow/example_dags/example_latest_only_with_trigger.py took 1.191 seconds
[2022-11-01 22:58:12,093] {processor.py:153} INFO - Started process (PID=19854) to work on /home/nayara/Documentos/airflowalura/venv/lib/python3.9/site-packages/airflow/example_dags/example_latest_only_with_trigger.py
[2022-11-01 22:58:12,094] {processor.py:641} INFO - Processing file /home/nayara/Documentos/airflowalura/venv/lib/python3.9/site-packages/airflow/example_dags/example_latest_only_with_trigger.py for tasks to queue
[2022-11-01 22:58:12,095] {logging_mixin.py:115} INFO - [2022-11-01 22:58:12,095] {dagbag.py:507} INFO - Filling up the DagBag from /home/nayara/Documentos/airflowalura/venv/lib/python3.9/site-packages/airflow/example_dags/example_latest_only_with_trigger.py
[2022-11-01 22:58:12,104] {processor.py:651} INFO - DAG(s) dict_keys(['latest_only_with_trigger']) retrieved from /home/nayara/Documentos/airflowalura/venv/lib/python3.9/site-packages/airflow/example_dags/example_latest_only_with_trigger.py
[2022-11-01 22:58:12,127] {logging_mixin.py:115} INFO - [2022-11-01 22:58:12,127] {dag.py:2379} INFO - Sync 1 DAGs
[2022-11-01 22:58:12,152] {logging_mixin.py:115} INFO - [2022-11-01 22:58:12,152] {dag.py:2927} INFO - Setting next_dagrun for latest_only_with_trigger to 2022-11-01T21:58:12.151842+00:00, run_after=2022-11-02T01:58:12.151842+00:00
[2022-11-01 22:58:12,553] {processor.py:161} INFO - Processing /home/nayara/Documentos/airflowalura/venv/lib/python3.9/site-packages/airflow/example_dags/example_latest_only_with_trigger.py took 0.466 seconds
[2022-11-01 22:59:19,786] {processor.py:153} INFO - Started process (PID=20004) to work on /home/nayara/Documentos/airflowalura/venv/lib/python3.9/site-packages/airflow/example_dags/example_latest_only_with_trigger.py
[2022-11-01 22:59:19,800] {processor.py:641} INFO - Processing file /home/nayara/Documentos/airflowalura/venv/lib/python3.9/site-packages/airflow/example_dags/example_latest_only_with_trigger.py for tasks to queue
[2022-11-01 22:59:19,801] {logging_mixin.py:115} INFO - [2022-11-01 22:59:19,800] {dagbag.py:507} INFO - Filling up the DagBag from /home/nayara/Documentos/airflowalura/venv/lib/python3.9/site-packages/airflow/example_dags/example_latest_only_with_trigger.py
[2022-11-01 22:59:19,810] {processor.py:651} INFO - DAG(s) dict_keys(['latest_only_with_trigger']) retrieved from /home/nayara/Documentos/airflowalura/venv/lib/python3.9/site-packages/airflow/example_dags/example_latest_only_with_trigger.py
[2022-11-01 22:59:19,835] {logging_mixin.py:115} INFO - [2022-11-01 22:59:19,835] {dag.py:2379} INFO - Sync 1 DAGs
[2022-11-01 22:59:19,859] {logging_mixin.py:115} INFO - [2022-11-01 22:59:19,859] {dag.py:2927} INFO - Setting next_dagrun for latest_only_with_trigger to 2022-11-01T21:59:19.858936+00:00, run_after=2022-11-02T01:59:19.858936+00:00
[2022-11-01 22:59:20,329] {processor.py:161} INFO - Processing /home/nayara/Documentos/airflowalura/venv/lib/python3.9/site-packages/airflow/example_dags/example_latest_only_with_trigger.py took 0.547 seconds
[2022-11-01 23:00:19,414] {processor.py:153} INFO - Started process (PID=20119) to work on /home/nayara/Documentos/airflowalura/venv/lib/python3.9/site-packages/airflow/example_dags/example_latest_only_with_trigger.py
[2022-11-01 23:00:19,436] {processor.py:641} INFO - Processing file /home/nayara/Documentos/airflowalura/venv/lib/python3.9/site-packages/airflow/example_dags/example_latest_only_with_trigger.py for tasks to queue
[2022-11-01 23:00:19,437] {logging_mixin.py:115} INFO - [2022-11-01 23:00:19,437] {dagbag.py:507} INFO - Filling up the DagBag from /home/nayara/Documentos/airflowalura/venv/lib/python3.9/site-packages/airflow/example_dags/example_latest_only_with_trigger.py
[2022-11-01 23:00:19,444] {processor.py:651} INFO - DAG(s) dict_keys(['latest_only_with_trigger']) retrieved from /home/nayara/Documentos/airflowalura/venv/lib/python3.9/site-packages/airflow/example_dags/example_latest_only_with_trigger.py
[2022-11-01 23:00:19,464] {logging_mixin.py:115} INFO - [2022-11-01 23:00:19,464] {dag.py:2379} INFO - Sync 1 DAGs
[2022-11-01 23:00:19,481] {logging_mixin.py:115} INFO - [2022-11-01 23:00:19,481] {dag.py:2927} INFO - Setting next_dagrun for latest_only_with_trigger to 2022-11-01T22:00:19.481291+00:00, run_after=2022-11-02T02:00:19.481291+00:00
[2022-11-01 23:00:19,768] {processor.py:161} INFO - Processing /home/nayara/Documentos/airflowalura/venv/lib/python3.9/site-packages/airflow/example_dags/example_latest_only_with_trigger.py took 0.366 seconds
[2022-11-01 23:01:12,104] {processor.py:153} INFO - Started process (PID=20215) to work on /home/nayara/Documentos/airflowalura/venv/lib/python3.9/site-packages/airflow/example_dags/example_latest_only_with_trigger.py
[2022-11-01 23:01:12,129] {processor.py:641} INFO - Processing file /home/nayara/Documentos/airflowalura/venv/lib/python3.9/site-packages/airflow/example_dags/example_latest_only_with_trigger.py for tasks to queue
[2022-11-01 23:01:12,131] {logging_mixin.py:115} INFO - [2022-11-01 23:01:12,131] {dagbag.py:507} INFO - Filling up the DagBag from /home/nayara/Documentos/airflowalura/venv/lib/python3.9/site-packages/airflow/example_dags/example_latest_only_with_trigger.py
[2022-11-01 23:01:12,160] {processor.py:651} INFO - DAG(s) dict_keys(['latest_only_with_trigger']) retrieved from /home/nayara/Documentos/airflowalura/venv/lib/python3.9/site-packages/airflow/example_dags/example_latest_only_with_trigger.py
[2022-11-01 23:01:12,193] {logging_mixin.py:115} INFO - [2022-11-01 23:01:12,193] {dag.py:2379} INFO - Sync 1 DAGs
[2022-11-01 23:01:12,215] {logging_mixin.py:115} INFO - [2022-11-01 23:01:12,215] {dag.py:2927} INFO - Setting next_dagrun for latest_only_with_trigger to 2022-11-01T22:01:12.214940+00:00, run_after=2022-11-02T02:01:12.214940+00:00
[2022-11-01 23:01:12,498] {processor.py:161} INFO - Processing /home/nayara/Documentos/airflowalura/venv/lib/python3.9/site-packages/airflow/example_dags/example_latest_only_with_trigger.py took 0.408 seconds
[2022-11-01 23:02:06,983] {processor.py:153} INFO - Started process (PID=20373) to work on /home/nayara/Documentos/airflowalura/venv/lib/python3.9/site-packages/airflow/example_dags/example_latest_only_with_trigger.py
[2022-11-01 23:02:07,051] {processor.py:641} INFO - Processing file /home/nayara/Documentos/airflowalura/venv/lib/python3.9/site-packages/airflow/example_dags/example_latest_only_with_trigger.py for tasks to queue
[2022-11-01 23:02:07,054] {logging_mixin.py:115} INFO - [2022-11-01 23:02:07,053] {dagbag.py:507} INFO - Filling up the DagBag from /home/nayara/Documentos/airflowalura/venv/lib/python3.9/site-packages/airflow/example_dags/example_latest_only_with_trigger.py
[2022-11-01 23:02:07,085] {processor.py:651} INFO - DAG(s) dict_keys(['latest_only_with_trigger']) retrieved from /home/nayara/Documentos/airflowalura/venv/lib/python3.9/site-packages/airflow/example_dags/example_latest_only_with_trigger.py
[2022-11-01 23:02:07,786] {logging_mixin.py:115} INFO - [2022-11-01 23:02:07,785] {dag.py:2379} INFO - Sync 1 DAGs
[2022-11-01 23:02:07,814] {logging_mixin.py:115} INFO - [2022-11-01 23:02:07,814] {dag.py:2927} INFO - Setting next_dagrun for latest_only_with_trigger to 2022-11-01T22:02:07.813901+00:00, run_after=2022-11-02T02:02:07.813901+00:00
[2022-11-01 23:02:08,762] {processor.py:161} INFO - Processing /home/nayara/Documentos/airflowalura/venv/lib/python3.9/site-packages/airflow/example_dags/example_latest_only_with_trigger.py took 1.788 seconds
[2022-11-01 23:03:57,663] {processor.py:153} INFO - Started process (PID=20583) to work on /home/nayara/Documentos/airflowalura/venv/lib/python3.9/site-packages/airflow/example_dags/example_latest_only_with_trigger.py
[2022-11-01 23:03:57,732] {processor.py:641} INFO - Processing file /home/nayara/Documentos/airflowalura/venv/lib/python3.9/site-packages/airflow/example_dags/example_latest_only_with_trigger.py for tasks to queue
[2022-11-01 23:03:57,733] {logging_mixin.py:115} INFO - [2022-11-01 23:03:57,733] {dagbag.py:507} INFO - Filling up the DagBag from /home/nayara/Documentos/airflowalura/venv/lib/python3.9/site-packages/airflow/example_dags/example_latest_only_with_trigger.py
[2022-11-01 23:03:57,743] {processor.py:651} INFO - DAG(s) dict_keys(['latest_only_with_trigger']) retrieved from /home/nayara/Documentos/airflowalura/venv/lib/python3.9/site-packages/airflow/example_dags/example_latest_only_with_trigger.py
[2022-11-01 23:03:57,766] {logging_mixin.py:115} INFO - [2022-11-01 23:03:57,765] {dag.py:2379} INFO - Sync 1 DAGs
[2022-11-01 23:03:57,786] {logging_mixin.py:115} INFO - [2022-11-01 23:03:57,785] {dag.py:2927} INFO - Setting next_dagrun for latest_only_with_trigger to 2022-11-01T22:03:57.785460+00:00, run_after=2022-11-02T02:03:57.785460+00:00
[2022-11-01 23:03:58,460] {processor.py:161} INFO - Processing /home/nayara/Documentos/airflowalura/venv/lib/python3.9/site-packages/airflow/example_dags/example_latest_only_with_trigger.py took 0.815 seconds
[2022-11-01 23:05:01,064] {processor.py:153} INFO - Started process (PID=20715) to work on /home/nayara/Documentos/airflowalura/venv/lib/python3.9/site-packages/airflow/example_dags/example_latest_only_with_trigger.py
[2022-11-01 23:05:01,086] {processor.py:641} INFO - Processing file /home/nayara/Documentos/airflowalura/venv/lib/python3.9/site-packages/airflow/example_dags/example_latest_only_with_trigger.py for tasks to queue
[2022-11-01 23:05:01,088] {logging_mixin.py:115} INFO - [2022-11-01 23:05:01,088] {dagbag.py:507} INFO - Filling up the DagBag from /home/nayara/Documentos/airflowalura/venv/lib/python3.9/site-packages/airflow/example_dags/example_latest_only_with_trigger.py
[2022-11-01 23:05:01,112] {processor.py:651} INFO - DAG(s) dict_keys(['latest_only_with_trigger']) retrieved from /home/nayara/Documentos/airflowalura/venv/lib/python3.9/site-packages/airflow/example_dags/example_latest_only_with_trigger.py
[2022-11-01 23:05:01,145] {logging_mixin.py:115} INFO - [2022-11-01 23:05:01,145] {dag.py:2379} INFO - Sync 1 DAGs
[2022-11-01 23:05:01,165] {logging_mixin.py:115} INFO - [2022-11-01 23:05:01,165] {dag.py:2927} INFO - Setting next_dagrun for latest_only_with_trigger to 2022-11-01T22:05:01.165148+00:00, run_after=2022-11-02T02:05:01.165148+00:00
[2022-11-01 23:05:01,461] {processor.py:161} INFO - Processing /home/nayara/Documentos/airflowalura/venv/lib/python3.9/site-packages/airflow/example_dags/example_latest_only_with_trigger.py took 0.406 seconds
[2022-11-01 23:05:56,676] {processor.py:153} INFO - Started process (PID=20837) to work on /home/nayara/Documentos/airflowalura/venv/lib/python3.9/site-packages/airflow/example_dags/example_latest_only_with_trigger.py
[2022-11-01 23:05:56,677] {processor.py:641} INFO - Processing file /home/nayara/Documentos/airflowalura/venv/lib/python3.9/site-packages/airflow/example_dags/example_latest_only_with_trigger.py for tasks to queue
[2022-11-01 23:05:56,678] {logging_mixin.py:115} INFO - [2022-11-01 23:05:56,678] {dagbag.py:507} INFO - Filling up the DagBag from /home/nayara/Documentos/airflowalura/venv/lib/python3.9/site-packages/airflow/example_dags/example_latest_only_with_trigger.py
[2022-11-01 23:05:56,687] {processor.py:651} INFO - DAG(s) dict_keys(['latest_only_with_trigger']) retrieved from /home/nayara/Documentos/airflowalura/venv/lib/python3.9/site-packages/airflow/example_dags/example_latest_only_with_trigger.py
[2022-11-01 23:05:56,706] {logging_mixin.py:115} INFO - [2022-11-01 23:05:56,706] {dag.py:2379} INFO - Sync 1 DAGs
[2022-11-01 23:05:56,728] {logging_mixin.py:115} INFO - [2022-11-01 23:05:56,728] {dag.py:2927} INFO - Setting next_dagrun for latest_only_with_trigger to 2022-11-01T22:05:56.728057+00:00, run_after=2022-11-02T02:05:56.728057+00:00
[2022-11-01 23:05:56,966] {processor.py:161} INFO - Processing /home/nayara/Documentos/airflowalura/venv/lib/python3.9/site-packages/airflow/example_dags/example_latest_only_with_trigger.py took 0.297 seconds
[2022-11-01 23:06:48,089] {processor.py:153} INFO - Started process (PID=20962) to work on /home/nayara/Documentos/airflowalura/venv/lib/python3.9/site-packages/airflow/example_dags/example_latest_only_with_trigger.py
[2022-11-01 23:06:48,096] {processor.py:641} INFO - Processing file /home/nayara/Documentos/airflowalura/venv/lib/python3.9/site-packages/airflow/example_dags/example_latest_only_with_trigger.py for tasks to queue
[2022-11-01 23:06:48,097] {logging_mixin.py:115} INFO - [2022-11-01 23:06:48,097] {dagbag.py:507} INFO - Filling up the DagBag from /home/nayara/Documentos/airflowalura/venv/lib/python3.9/site-packages/airflow/example_dags/example_latest_only_with_trigger.py
[2022-11-01 23:06:48,106] {processor.py:651} INFO - DAG(s) dict_keys(['latest_only_with_trigger']) retrieved from /home/nayara/Documentos/airflowalura/venv/lib/python3.9/site-packages/airflow/example_dags/example_latest_only_with_trigger.py
[2022-11-01 23:06:48,137] {logging_mixin.py:115} INFO - [2022-11-01 23:06:48,137] {dag.py:2379} INFO - Sync 1 DAGs
[2022-11-01 23:06:48,160] {logging_mixin.py:115} INFO - [2022-11-01 23:06:48,160] {dag.py:2927} INFO - Setting next_dagrun for latest_only_with_trigger to 2022-11-01T22:06:48.160093+00:00, run_after=2022-11-02T02:06:48.160093+00:00
[2022-11-01 23:06:48,491] {processor.py:161} INFO - Processing /home/nayara/Documentos/airflowalura/venv/lib/python3.9/site-packages/airflow/example_dags/example_latest_only_with_trigger.py took 0.404 seconds
[2022-11-01 23:07:46,845] {processor.py:153} INFO - Started process (PID=21097) to work on /home/nayara/Documentos/airflowalura/venv/lib/python3.9/site-packages/airflow/example_dags/example_latest_only_with_trigger.py
[2022-11-01 23:07:46,852] {processor.py:641} INFO - Processing file /home/nayara/Documentos/airflowalura/venv/lib/python3.9/site-packages/airflow/example_dags/example_latest_only_with_trigger.py for tasks to queue
[2022-11-01 23:07:46,853] {logging_mixin.py:115} INFO - [2022-11-01 23:07:46,853] {dagbag.py:507} INFO - Filling up the DagBag from /home/nayara/Documentos/airflowalura/venv/lib/python3.9/site-packages/airflow/example_dags/example_latest_only_with_trigger.py
[2022-11-01 23:07:46,860] {processor.py:651} INFO - DAG(s) dict_keys(['latest_only_with_trigger']) retrieved from /home/nayara/Documentos/airflowalura/venv/lib/python3.9/site-packages/airflow/example_dags/example_latest_only_with_trigger.py
[2022-11-01 23:07:46,880] {logging_mixin.py:115} INFO - [2022-11-01 23:07:46,880] {dag.py:2379} INFO - Sync 1 DAGs
[2022-11-01 23:07:46,898] {logging_mixin.py:115} INFO - [2022-11-01 23:07:46,898] {dag.py:2927} INFO - Setting next_dagrun for latest_only_with_trigger to 2022-11-01T22:07:46.897690+00:00, run_after=2022-11-02T02:07:46.897690+00:00
[2022-11-01 23:07:47,232] {processor.py:161} INFO - Processing /home/nayara/Documentos/airflowalura/venv/lib/python3.9/site-packages/airflow/example_dags/example_latest_only_with_trigger.py took 0.392 seconds
[2022-11-01 23:08:48,591] {processor.py:153} INFO - Started process (PID=21206) to work on /home/nayara/Documentos/airflowalura/venv/lib/python3.9/site-packages/airflow/example_dags/example_latest_only_with_trigger.py
[2022-11-01 23:08:48,612] {processor.py:641} INFO - Processing file /home/nayara/Documentos/airflowalura/venv/lib/python3.9/site-packages/airflow/example_dags/example_latest_only_with_trigger.py for tasks to queue
[2022-11-01 23:08:48,614] {logging_mixin.py:115} INFO - [2022-11-01 23:08:48,614] {dagbag.py:507} INFO - Filling up the DagBag from /home/nayara/Documentos/airflowalura/venv/lib/python3.9/site-packages/airflow/example_dags/example_latest_only_with_trigger.py
[2022-11-01 23:08:48,624] {processor.py:651} INFO - DAG(s) dict_keys(['latest_only_with_trigger']) retrieved from /home/nayara/Documentos/airflowalura/venv/lib/python3.9/site-packages/airflow/example_dags/example_latest_only_with_trigger.py
[2022-11-01 23:08:48,650] {logging_mixin.py:115} INFO - [2022-11-01 23:08:48,649] {dag.py:2379} INFO - Sync 1 DAGs
[2022-11-01 23:08:48,672] {logging_mixin.py:115} INFO - [2022-11-01 23:08:48,672] {dag.py:2927} INFO - Setting next_dagrun for latest_only_with_trigger to 2022-11-01T22:08:48.672316+00:00, run_after=2022-11-02T02:08:48.672316+00:00
[2022-11-01 23:08:48,989] {processor.py:161} INFO - Processing /home/nayara/Documentos/airflowalura/venv/lib/python3.9/site-packages/airflow/example_dags/example_latest_only_with_trigger.py took 0.406 seconds
[2022-11-01 23:09:44,910] {processor.py:153} INFO - Started process (PID=21390) to work on /home/nayara/Documentos/airflowalura/venv/lib/python3.9/site-packages/airflow/example_dags/example_latest_only_with_trigger.py
[2022-11-01 23:09:44,976] {processor.py:641} INFO - Processing file /home/nayara/Documentos/airflowalura/venv/lib/python3.9/site-packages/airflow/example_dags/example_latest_only_with_trigger.py for tasks to queue
[2022-11-01 23:09:44,979] {logging_mixin.py:115} INFO - [2022-11-01 23:09:44,978] {dagbag.py:507} INFO - Filling up the DagBag from /home/nayara/Documentos/airflowalura/venv/lib/python3.9/site-packages/airflow/example_dags/example_latest_only_with_trigger.py
[2022-11-01 23:09:45,002] {processor.py:651} INFO - DAG(s) dict_keys(['latest_only_with_trigger']) retrieved from /home/nayara/Documentos/airflowalura/venv/lib/python3.9/site-packages/airflow/example_dags/example_latest_only_with_trigger.py
[2022-11-01 23:09:45,028] {logging_mixin.py:115} INFO - [2022-11-01 23:09:45,028] {dag.py:2379} INFO - Sync 1 DAGs
[2022-11-01 23:09:45,046] {logging_mixin.py:115} INFO - [2022-11-01 23:09:45,046] {dag.py:2927} INFO - Setting next_dagrun for latest_only_with_trigger to 2022-11-01T22:09:45.045676+00:00, run_after=2022-11-02T02:09:45.045676+00:00
[2022-11-01 23:09:45,422] {processor.py:161} INFO - Processing /home/nayara/Documentos/airflowalura/venv/lib/python3.9/site-packages/airflow/example_dags/example_latest_only_with_trigger.py took 0.515 seconds
[2022-11-01 23:11:16,856] {processor.py:153} INFO - Started process (PID=21624) to work on /home/nayara/Documentos/airflowalura/venv/lib/python3.9/site-packages/airflow/example_dags/example_latest_only_with_trigger.py
[2022-11-01 23:11:16,872] {processor.py:641} INFO - Processing file /home/nayara/Documentos/airflowalura/venv/lib/python3.9/site-packages/airflow/example_dags/example_latest_only_with_trigger.py for tasks to queue
[2022-11-01 23:11:16,873] {logging_mixin.py:115} INFO - [2022-11-01 23:11:16,873] {dagbag.py:507} INFO - Filling up the DagBag from /home/nayara/Documentos/airflowalura/venv/lib/python3.9/site-packages/airflow/example_dags/example_latest_only_with_trigger.py
[2022-11-01 23:11:16,899] {processor.py:651} INFO - DAG(s) dict_keys(['latest_only_with_trigger']) retrieved from /home/nayara/Documentos/airflowalura/venv/lib/python3.9/site-packages/airflow/example_dags/example_latest_only_with_trigger.py
[2022-11-01 23:11:16,930] {logging_mixin.py:115} INFO - [2022-11-01 23:11:16,930] {dag.py:2379} INFO - Sync 1 DAGs
[2022-11-01 23:11:16,954] {logging_mixin.py:115} INFO - [2022-11-01 23:11:16,954] {dag.py:2927} INFO - Setting next_dagrun for latest_only_with_trigger to 2022-11-01T22:11:16.954167+00:00, run_after=2022-11-02T02:11:16.954167+00:00
[2022-11-01 23:11:17,261] {processor.py:161} INFO - Processing /home/nayara/Documentos/airflowalura/venv/lib/python3.9/site-packages/airflow/example_dags/example_latest_only_with_trigger.py took 0.413 seconds
[2022-11-01 23:12:42,991] {processor.py:153} INFO - Started process (PID=21829) to work on /home/nayara/Documentos/airflowalura/venv/lib/python3.9/site-packages/airflow/example_dags/example_latest_only_with_trigger.py
[2022-11-01 23:12:43,019] {processor.py:641} INFO - Processing file /home/nayara/Documentos/airflowalura/venv/lib/python3.9/site-packages/airflow/example_dags/example_latest_only_with_trigger.py for tasks to queue
[2022-11-01 23:12:43,024] {logging_mixin.py:115} INFO - [2022-11-01 23:12:43,022] {dagbag.py:507} INFO - Filling up the DagBag from /home/nayara/Documentos/airflowalura/venv/lib/python3.9/site-packages/airflow/example_dags/example_latest_only_with_trigger.py
[2022-11-01 23:12:43,067] {processor.py:651} INFO - DAG(s) dict_keys(['latest_only_with_trigger']) retrieved from /home/nayara/Documentos/airflowalura/venv/lib/python3.9/site-packages/airflow/example_dags/example_latest_only_with_trigger.py
[2022-11-01 23:12:43,102] {logging_mixin.py:115} INFO - [2022-11-01 23:12:43,101] {dag.py:2379} INFO - Sync 1 DAGs
[2022-11-01 23:12:43,133] {logging_mixin.py:115} INFO - [2022-11-01 23:12:43,133] {dag.py:2927} INFO - Setting next_dagrun for latest_only_with_trigger to 2022-11-01T22:12:43.133179+00:00, run_after=2022-11-02T02:12:43.133179+00:00
[2022-11-01 23:12:43,563] {processor.py:161} INFO - Processing /home/nayara/Documentos/airflowalura/venv/lib/python3.9/site-packages/airflow/example_dags/example_latest_only_with_trigger.py took 0.587 seconds
[2022-11-01 23:13:54,255] {processor.py:153} INFO - Started process (PID=21971) to work on /home/nayara/Documentos/airflowalura/venv/lib/python3.9/site-packages/airflow/example_dags/example_latest_only_with_trigger.py
[2022-11-01 23:13:54,293] {processor.py:641} INFO - Processing file /home/nayara/Documentos/airflowalura/venv/lib/python3.9/site-packages/airflow/example_dags/example_latest_only_with_trigger.py for tasks to queue
[2022-11-01 23:13:54,297] {logging_mixin.py:115} INFO - [2022-11-01 23:13:54,296] {dagbag.py:507} INFO - Filling up the DagBag from /home/nayara/Documentos/airflowalura/venv/lib/python3.9/site-packages/airflow/example_dags/example_latest_only_with_trigger.py
[2022-11-01 23:13:54,336] {processor.py:651} INFO - DAG(s) dict_keys(['latest_only_with_trigger']) retrieved from /home/nayara/Documentos/airflowalura/venv/lib/python3.9/site-packages/airflow/example_dags/example_latest_only_with_trigger.py
[2022-11-01 23:13:54,398] {logging_mixin.py:115} INFO - [2022-11-01 23:13:54,398] {dag.py:2379} INFO - Sync 1 DAGs
[2022-11-01 23:13:54,423] {logging_mixin.py:115} INFO - [2022-11-01 23:13:54,423] {dag.py:2927} INFO - Setting next_dagrun for latest_only_with_trigger to 2022-11-01T22:13:54.422712+00:00, run_after=2022-11-02T02:13:54.422712+00:00
[2022-11-01 23:13:55,104] {processor.py:161} INFO - Processing /home/nayara/Documentos/airflowalura/venv/lib/python3.9/site-packages/airflow/example_dags/example_latest_only_with_trigger.py took 0.867 seconds
[2022-11-01 23:15:00,828] {processor.py:153} INFO - Started process (PID=22146) to work on /home/nayara/Documentos/airflowalura/venv/lib/python3.9/site-packages/airflow/example_dags/example_latest_only_with_trigger.py
[2022-11-01 23:15:00,832] {processor.py:641} INFO - Processing file /home/nayara/Documentos/airflowalura/venv/lib/python3.9/site-packages/airflow/example_dags/example_latest_only_with_trigger.py for tasks to queue
[2022-11-01 23:15:00,833] {logging_mixin.py:115} INFO - [2022-11-01 23:15:00,833] {dagbag.py:507} INFO - Filling up the DagBag from /home/nayara/Documentos/airflowalura/venv/lib/python3.9/site-packages/airflow/example_dags/example_latest_only_with_trigger.py
[2022-11-01 23:15:00,840] {processor.py:651} INFO - DAG(s) dict_keys(['latest_only_with_trigger']) retrieved from /home/nayara/Documentos/airflowalura/venv/lib/python3.9/site-packages/airflow/example_dags/example_latest_only_with_trigger.py
[2022-11-01 23:15:00,864] {logging_mixin.py:115} INFO - [2022-11-01 23:15:00,864] {dag.py:2379} INFO - Sync 1 DAGs
[2022-11-01 23:15:00,881] {logging_mixin.py:115} INFO - [2022-11-01 23:15:00,881] {dag.py:2927} INFO - Setting next_dagrun for latest_only_with_trigger to 2022-11-01T22:15:00.881313+00:00, run_after=2022-11-02T02:15:00.881313+00:00
[2022-11-01 23:15:01,179] {processor.py:161} INFO - Processing /home/nayara/Documentos/airflowalura/venv/lib/python3.9/site-packages/airflow/example_dags/example_latest_only_with_trigger.py took 0.354 seconds
[2022-11-01 23:16:02,143] {processor.py:153} INFO - Started process (PID=22300) to work on /home/nayara/Documentos/airflowalura/venv/lib/python3.9/site-packages/airflow/example_dags/example_latest_only_with_trigger.py
[2022-11-01 23:16:02,145] {processor.py:641} INFO - Processing file /home/nayara/Documentos/airflowalura/venv/lib/python3.9/site-packages/airflow/example_dags/example_latest_only_with_trigger.py for tasks to queue
[2022-11-01 23:16:02,147] {logging_mixin.py:115} INFO - [2022-11-01 23:16:02,147] {dagbag.py:507} INFO - Filling up the DagBag from /home/nayara/Documentos/airflowalura/venv/lib/python3.9/site-packages/airflow/example_dags/example_latest_only_with_trigger.py
[2022-11-01 23:16:02,163] {processor.py:651} INFO - DAG(s) dict_keys(['latest_only_with_trigger']) retrieved from /home/nayara/Documentos/airflowalura/venv/lib/python3.9/site-packages/airflow/example_dags/example_latest_only_with_trigger.py
[2022-11-01 23:16:02,190] {logging_mixin.py:115} INFO - [2022-11-01 23:16:02,189] {dag.py:2379} INFO - Sync 1 DAGs
[2022-11-01 23:16:02,215] {logging_mixin.py:115} INFO - [2022-11-01 23:16:02,215] {dag.py:2927} INFO - Setting next_dagrun for latest_only_with_trigger to 2022-11-01T22:16:02.214511+00:00, run_after=2022-11-02T02:16:02.214511+00:00
[2022-11-01 23:16:02,584] {processor.py:161} INFO - Processing /home/nayara/Documentos/airflowalura/venv/lib/python3.9/site-packages/airflow/example_dags/example_latest_only_with_trigger.py took 0.457 seconds
[2022-11-01 23:17:03,315] {processor.py:153} INFO - Started process (PID=22458) to work on /home/nayara/Documentos/airflowalura/venv/lib/python3.9/site-packages/airflow/example_dags/example_latest_only_with_trigger.py
[2022-11-01 23:17:03,344] {processor.py:641} INFO - Processing file /home/nayara/Documentos/airflowalura/venv/lib/python3.9/site-packages/airflow/example_dags/example_latest_only_with_trigger.py for tasks to queue
[2022-11-01 23:17:03,345] {logging_mixin.py:115} INFO - [2022-11-01 23:17:03,345] {dagbag.py:507} INFO - Filling up the DagBag from /home/nayara/Documentos/airflowalura/venv/lib/python3.9/site-packages/airflow/example_dags/example_latest_only_with_trigger.py
[2022-11-01 23:17:03,360] {processor.py:651} INFO - DAG(s) dict_keys(['latest_only_with_trigger']) retrieved from /home/nayara/Documentos/airflowalura/venv/lib/python3.9/site-packages/airflow/example_dags/example_latest_only_with_trigger.py
[2022-11-01 23:17:03,396] {logging_mixin.py:115} INFO - [2022-11-01 23:17:03,396] {dag.py:2379} INFO - Sync 1 DAGs
[2022-11-01 23:17:03,423] {logging_mixin.py:115} INFO - [2022-11-01 23:17:03,423] {dag.py:2927} INFO - Setting next_dagrun for latest_only_with_trigger to 2022-11-01T22:17:03.423188+00:00, run_after=2022-11-02T02:17:03.423188+00:00
[2022-11-01 23:17:04,350] {processor.py:161} INFO - Processing /home/nayara/Documentos/airflowalura/venv/lib/python3.9/site-packages/airflow/example_dags/example_latest_only_with_trigger.py took 1.043 seconds
[2022-11-01 23:18:23,081] {processor.py:153} INFO - Started process (PID=22606) to work on /home/nayara/Documentos/airflowalura/venv/lib/python3.9/site-packages/airflow/example_dags/example_latest_only_with_trigger.py
[2022-11-01 23:18:23,255] {processor.py:641} INFO - Processing file /home/nayara/Documentos/airflowalura/venv/lib/python3.9/site-packages/airflow/example_dags/example_latest_only_with_trigger.py for tasks to queue
[2022-11-01 23:18:23,256] {logging_mixin.py:115} INFO - [2022-11-01 23:18:23,256] {dagbag.py:507} INFO - Filling up the DagBag from /home/nayara/Documentos/airflowalura/venv/lib/python3.9/site-packages/airflow/example_dags/example_latest_only_with_trigger.py
[2022-11-01 23:18:23,268] {processor.py:651} INFO - DAG(s) dict_keys(['latest_only_with_trigger']) retrieved from /home/nayara/Documentos/airflowalura/venv/lib/python3.9/site-packages/airflow/example_dags/example_latest_only_with_trigger.py
[2022-11-01 23:18:23,302] {logging_mixin.py:115} INFO - [2022-11-01 23:18:23,302] {dag.py:2379} INFO - Sync 1 DAGs
[2022-11-01 23:18:23,331] {logging_mixin.py:115} INFO - [2022-11-01 23:18:23,331] {dag.py:2927} INFO - Setting next_dagrun for latest_only_with_trigger to 2022-11-01T22:18:23.331193+00:00, run_after=2022-11-02T02:18:23.331193+00:00
[2022-11-01 23:18:23,971] {processor.py:161} INFO - Processing /home/nayara/Documentos/airflowalura/venv/lib/python3.9/site-packages/airflow/example_dags/example_latest_only_with_trigger.py took 0.896 seconds
[2022-11-01 23:19:26,767] {processor.py:153} INFO - Started process (PID=22732) to work on /home/nayara/Documentos/airflowalura/venv/lib/python3.9/site-packages/airflow/example_dags/example_latest_only_with_trigger.py
[2022-11-01 23:19:26,793] {processor.py:641} INFO - Processing file /home/nayara/Documentos/airflowalura/venv/lib/python3.9/site-packages/airflow/example_dags/example_latest_only_with_trigger.py for tasks to queue
[2022-11-01 23:19:26,795] {logging_mixin.py:115} INFO - [2022-11-01 23:19:26,794] {dagbag.py:507} INFO - Filling up the DagBag from /home/nayara/Documentos/airflowalura/venv/lib/python3.9/site-packages/airflow/example_dags/example_latest_only_with_trigger.py
[2022-11-01 23:19:26,810] {processor.py:651} INFO - DAG(s) dict_keys(['latest_only_with_trigger']) retrieved from /home/nayara/Documentos/airflowalura/venv/lib/python3.9/site-packages/airflow/example_dags/example_latest_only_with_trigger.py
[2022-11-01 23:19:26,857] {logging_mixin.py:115} INFO - [2022-11-01 23:19:26,857] {dag.py:2379} INFO - Sync 1 DAGs
[2022-11-01 23:19:26,877] {logging_mixin.py:115} INFO - [2022-11-01 23:19:26,877] {dag.py:2927} INFO - Setting next_dagrun for latest_only_with_trigger to 2022-11-01T22:19:26.877164+00:00, run_after=2022-11-02T02:19:26.877164+00:00
[2022-11-01 23:19:27,544] {processor.py:161} INFO - Processing /home/nayara/Documentos/airflowalura/venv/lib/python3.9/site-packages/airflow/example_dags/example_latest_only_with_trigger.py took 0.793 seconds
[2022-11-01 23:20:32,757] {processor.py:153} INFO - Started process (PID=22903) to work on /home/nayara/Documentos/airflowalura/venv/lib/python3.9/site-packages/airflow/example_dags/example_latest_only_with_trigger.py
[2022-11-01 23:20:32,769] {processor.py:641} INFO - Processing file /home/nayara/Documentos/airflowalura/venv/lib/python3.9/site-packages/airflow/example_dags/example_latest_only_with_trigger.py for tasks to queue
[2022-11-01 23:20:32,771] {logging_mixin.py:115} INFO - [2022-11-01 23:20:32,770] {dagbag.py:507} INFO - Filling up the DagBag from /home/nayara/Documentos/airflowalura/venv/lib/python3.9/site-packages/airflow/example_dags/example_latest_only_with_trigger.py
[2022-11-01 23:20:32,782] {processor.py:651} INFO - DAG(s) dict_keys(['latest_only_with_trigger']) retrieved from /home/nayara/Documentos/airflowalura/venv/lib/python3.9/site-packages/airflow/example_dags/example_latest_only_with_trigger.py
[2022-11-01 23:20:32,804] {logging_mixin.py:115} INFO - [2022-11-01 23:20:32,804] {dag.py:2379} INFO - Sync 1 DAGs
[2022-11-01 23:20:32,823] {logging_mixin.py:115} INFO - [2022-11-01 23:20:32,823] {dag.py:2927} INFO - Setting next_dagrun for latest_only_with_trigger to 2022-11-01T22:20:32.822930+00:00, run_after=2022-11-02T02:20:32.822930+00:00
[2022-11-01 23:20:33,306] {processor.py:161} INFO - Processing /home/nayara/Documentos/airflowalura/venv/lib/python3.9/site-packages/airflow/example_dags/example_latest_only_with_trigger.py took 0.556 seconds
