[2022-11-01 22:40:48,370] {processor.py:153} INFO - Started process (PID=17796) to work on /home/nayara/Documentos/airflowalura/venv/lib/python3.9/site-packages/airflow/example_dags/example_python_operator.py
[2022-11-01 22:40:48,372] {processor.py:641} INFO - Processing file /home/nayara/Documentos/airflowalura/venv/lib/python3.9/site-packages/airflow/example_dags/example_python_operator.py for tasks to queue
[2022-11-01 22:40:48,374] {logging_mixin.py:115} INFO - [2022-11-01 22:40:48,374] {dagbag.py:507} INFO - Filling up the DagBag from /home/nayara/Documentos/airflowalura/venv/lib/python3.9/site-packages/airflow/example_dags/example_python_operator.py
[2022-11-01 22:40:48,471] {logging_mixin.py:115} INFO - [2022-11-01 22:40:48,471] {example_python_operator.py:68} WARNING - The virtalenv_python example task requires virtualenv, please install it.
[2022-11-01 22:40:48,472] {processor.py:651} INFO - DAG(s) dict_keys(['example_python_operator']) retrieved from /home/nayara/Documentos/airflowalura/venv/lib/python3.9/site-packages/airflow/example_dags/example_python_operator.py
[2022-11-01 22:40:48,501] {logging_mixin.py:115} INFO - [2022-11-01 22:40:48,501] {dag.py:2379} INFO - Sync 1 DAGs
[2022-11-01 22:40:48,523] {logging_mixin.py:115} INFO - [2022-11-01 22:40:48,523] {dag.py:2927} INFO - Setting next_dagrun for example_python_operator to None, run_after=None
[2022-11-01 22:40:48,911] {processor.py:161} INFO - Processing /home/nayara/Documentos/airflowalura/venv/lib/python3.9/site-packages/airflow/example_dags/example_python_operator.py took 0.556 seconds
[2022-11-01 22:43:17,393] {processor.py:153} INFO - Started process (PID=17998) to work on /home/nayara/Documentos/airflowalura/venv/lib/python3.9/site-packages/airflow/example_dags/example_python_operator.py
[2022-11-01 22:43:17,409] {processor.py:641} INFO - Processing file /home/nayara/Documentos/airflowalura/venv/lib/python3.9/site-packages/airflow/example_dags/example_python_operator.py for tasks to queue
[2022-11-01 22:43:17,411] {logging_mixin.py:115} INFO - [2022-11-01 22:43:17,410] {dagbag.py:507} INFO - Filling up the DagBag from /home/nayara/Documentos/airflowalura/venv/lib/python3.9/site-packages/airflow/example_dags/example_python_operator.py
[2022-11-01 22:43:17,465] {logging_mixin.py:115} INFO - [2022-11-01 22:43:17,465] {example_python_operator.py:68} WARNING - The virtalenv_python example task requires virtualenv, please install it.
[2022-11-01 22:43:17,466] {processor.py:651} INFO - DAG(s) dict_keys(['example_python_operator']) retrieved from /home/nayara/Documentos/airflowalura/venv/lib/python3.9/site-packages/airflow/example_dags/example_python_operator.py
[2022-11-01 22:43:17,502] {logging_mixin.py:115} INFO - [2022-11-01 22:43:17,501] {dag.py:2379} INFO - Sync 1 DAGs
[2022-11-01 22:43:17,533] {logging_mixin.py:115} INFO - [2022-11-01 22:43:17,532] {dag.py:2927} INFO - Setting next_dagrun for example_python_operator to None, run_after=None
[2022-11-01 22:43:18,276] {processor.py:161} INFO - Processing /home/nayara/Documentos/airflowalura/venv/lib/python3.9/site-packages/airflow/example_dags/example_python_operator.py took 0.888 seconds
[2022-11-01 22:44:44,912] {processor.py:153} INFO - Started process (PID=18146) to work on /home/nayara/Documentos/airflowalura/venv/lib/python3.9/site-packages/airflow/example_dags/example_python_operator.py
[2022-11-01 22:44:44,979] {processor.py:641} INFO - Processing file /home/nayara/Documentos/airflowalura/venv/lib/python3.9/site-packages/airflow/example_dags/example_python_operator.py for tasks to queue
[2022-11-01 22:44:44,992] {logging_mixin.py:115} INFO - [2022-11-01 22:44:44,992] {dagbag.py:507} INFO - Filling up the DagBag from /home/nayara/Documentos/airflowalura/venv/lib/python3.9/site-packages/airflow/example_dags/example_python_operator.py
[2022-11-01 22:44:45,193] {logging_mixin.py:115} INFO - [2022-11-01 22:44:45,193] {example_python_operator.py:68} WARNING - The virtalenv_python example task requires virtualenv, please install it.
[2022-11-01 22:44:45,197] {processor.py:651} INFO - DAG(s) dict_keys(['example_python_operator']) retrieved from /home/nayara/Documentos/airflowalura/venv/lib/python3.9/site-packages/airflow/example_dags/example_python_operator.py
[2022-11-01 22:44:45,272] {logging_mixin.py:115} INFO - [2022-11-01 22:44:45,271] {dag.py:2379} INFO - Sync 1 DAGs
[2022-11-01 22:44:45,324] {logging_mixin.py:115} INFO - [2022-11-01 22:44:45,324] {dag.py:2927} INFO - Setting next_dagrun for example_python_operator to None, run_after=None
[2022-11-01 22:44:46,446] {processor.py:161} INFO - Processing /home/nayara/Documentos/airflowalura/venv/lib/python3.9/site-packages/airflow/example_dags/example_python_operator.py took 1.557 seconds
[2022-11-01 22:45:49,511] {processor.py:153} INFO - Started process (PID=18252) to work on /home/nayara/Documentos/airflowalura/venv/lib/python3.9/site-packages/airflow/example_dags/example_python_operator.py
[2022-11-01 22:45:49,530] {processor.py:641} INFO - Processing file /home/nayara/Documentos/airflowalura/venv/lib/python3.9/site-packages/airflow/example_dags/example_python_operator.py for tasks to queue
[2022-11-01 22:45:49,532] {logging_mixin.py:115} INFO - [2022-11-01 22:45:49,532] {dagbag.py:507} INFO - Filling up the DagBag from /home/nayara/Documentos/airflowalura/venv/lib/python3.9/site-packages/airflow/example_dags/example_python_operator.py
[2022-11-01 22:45:49,599] {logging_mixin.py:115} INFO - [2022-11-01 22:45:49,599] {example_python_operator.py:68} WARNING - The virtalenv_python example task requires virtualenv, please install it.
[2022-11-01 22:45:49,600] {processor.py:651} INFO - DAG(s) dict_keys(['example_python_operator']) retrieved from /home/nayara/Documentos/airflowalura/venv/lib/python3.9/site-packages/airflow/example_dags/example_python_operator.py
[2022-11-01 22:45:49,632] {logging_mixin.py:115} INFO - [2022-11-01 22:45:49,632] {dag.py:2379} INFO - Sync 1 DAGs
[2022-11-01 22:45:49,662] {logging_mixin.py:115} INFO - [2022-11-01 22:45:49,662] {dag.py:2927} INFO - Setting next_dagrun for example_python_operator to None, run_after=None
[2022-11-01 22:45:49,919] {processor.py:161} INFO - Processing /home/nayara/Documentos/airflowalura/venv/lib/python3.9/site-packages/airflow/example_dags/example_python_operator.py took 0.414 seconds
[2022-11-01 22:46:51,064] {processor.py:153} INFO - Started process (PID=18419) to work on /home/nayara/Documentos/airflowalura/venv/lib/python3.9/site-packages/airflow/example_dags/example_python_operator.py
[2022-11-01 22:46:51,084] {processor.py:641} INFO - Processing file /home/nayara/Documentos/airflowalura/venv/lib/python3.9/site-packages/airflow/example_dags/example_python_operator.py for tasks to queue
[2022-11-01 22:46:51,088] {logging_mixin.py:115} INFO - [2022-11-01 22:46:51,088] {dagbag.py:507} INFO - Filling up the DagBag from /home/nayara/Documentos/airflowalura/venv/lib/python3.9/site-packages/airflow/example_dags/example_python_operator.py
[2022-11-01 22:46:51,135] {logging_mixin.py:115} INFO - [2022-11-01 22:46:51,135] {example_python_operator.py:68} WARNING - The virtalenv_python example task requires virtualenv, please install it.
[2022-11-01 22:46:51,136] {processor.py:651} INFO - DAG(s) dict_keys(['example_python_operator']) retrieved from /home/nayara/Documentos/airflowalura/venv/lib/python3.9/site-packages/airflow/example_dags/example_python_operator.py
[2022-11-01 22:46:51,170] {logging_mixin.py:115} INFO - [2022-11-01 22:46:51,169] {dag.py:2379} INFO - Sync 1 DAGs
[2022-11-01 22:46:51,197] {logging_mixin.py:115} INFO - [2022-11-01 22:46:51,197] {dag.py:2927} INFO - Setting next_dagrun for example_python_operator to None, run_after=None
[2022-11-01 22:46:51,465] {processor.py:161} INFO - Processing /home/nayara/Documentos/airflowalura/venv/lib/python3.9/site-packages/airflow/example_dags/example_python_operator.py took 0.406 seconds
[2022-11-01 22:47:53,939] {processor.py:153} INFO - Started process (PID=18532) to work on /home/nayara/Documentos/airflowalura/venv/lib/python3.9/site-packages/airflow/example_dags/example_python_operator.py
[2022-11-01 22:47:53,989] {processor.py:641} INFO - Processing file /home/nayara/Documentos/airflowalura/venv/lib/python3.9/site-packages/airflow/example_dags/example_python_operator.py for tasks to queue
[2022-11-01 22:47:53,993] {logging_mixin.py:115} INFO - [2022-11-01 22:47:53,992] {dagbag.py:507} INFO - Filling up the DagBag from /home/nayara/Documentos/airflowalura/venv/lib/python3.9/site-packages/airflow/example_dags/example_python_operator.py
[2022-11-01 22:47:54,081] {logging_mixin.py:115} INFO - [2022-11-01 22:47:54,081] {example_python_operator.py:68} WARNING - The virtalenv_python example task requires virtualenv, please install it.
[2022-11-01 22:47:54,082] {processor.py:651} INFO - DAG(s) dict_keys(['example_python_operator']) retrieved from /home/nayara/Documentos/airflowalura/venv/lib/python3.9/site-packages/airflow/example_dags/example_python_operator.py
[2022-11-01 22:47:54,108] {logging_mixin.py:115} INFO - [2022-11-01 22:47:54,108] {dag.py:2379} INFO - Sync 1 DAGs
[2022-11-01 22:47:54,138] {logging_mixin.py:115} INFO - [2022-11-01 22:47:54,138] {dag.py:2927} INFO - Setting next_dagrun for example_python_operator to None, run_after=None
[2022-11-01 22:47:54,392] {processor.py:161} INFO - Processing /home/nayara/Documentos/airflowalura/venv/lib/python3.9/site-packages/airflow/example_dags/example_python_operator.py took 0.460 seconds
[2022-11-01 22:48:50,399] {processor.py:153} INFO - Started process (PID=18637) to work on /home/nayara/Documentos/airflowalura/venv/lib/python3.9/site-packages/airflow/example_dags/example_python_operator.py
[2022-11-01 22:48:50,421] {processor.py:641} INFO - Processing file /home/nayara/Documentos/airflowalura/venv/lib/python3.9/site-packages/airflow/example_dags/example_python_operator.py for tasks to queue
[2022-11-01 22:48:50,422] {logging_mixin.py:115} INFO - [2022-11-01 22:48:50,422] {dagbag.py:507} INFO - Filling up the DagBag from /home/nayara/Documentos/airflowalura/venv/lib/python3.9/site-packages/airflow/example_dags/example_python_operator.py
[2022-11-01 22:48:50,472] {logging_mixin.py:115} INFO - [2022-11-01 22:48:50,472] {example_python_operator.py:68} WARNING - The virtalenv_python example task requires virtualenv, please install it.
[2022-11-01 22:48:50,473] {processor.py:651} INFO - DAG(s) dict_keys(['example_python_operator']) retrieved from /home/nayara/Documentos/airflowalura/venv/lib/python3.9/site-packages/airflow/example_dags/example_python_operator.py
[2022-11-01 22:48:50,737] {logging_mixin.py:115} INFO - [2022-11-01 22:48:50,737] {dag.py:2379} INFO - Sync 1 DAGs
[2022-11-01 22:48:50,779] {logging_mixin.py:115} INFO - [2022-11-01 22:48:50,779] {dag.py:2927} INFO - Setting next_dagrun for example_python_operator to None, run_after=None
[2022-11-01 22:48:51,494] {processor.py:161} INFO - Processing /home/nayara/Documentos/airflowalura/venv/lib/python3.9/site-packages/airflow/example_dags/example_python_operator.py took 1.102 seconds
[2022-11-01 22:49:47,130] {processor.py:153} INFO - Started process (PID=18747) to work on /home/nayara/Documentos/airflowalura/venv/lib/python3.9/site-packages/airflow/example_dags/example_python_operator.py
[2022-11-01 22:49:47,140] {processor.py:641} INFO - Processing file /home/nayara/Documentos/airflowalura/venv/lib/python3.9/site-packages/airflow/example_dags/example_python_operator.py for tasks to queue
[2022-11-01 22:49:47,143] {logging_mixin.py:115} INFO - [2022-11-01 22:49:47,142] {dagbag.py:507} INFO - Filling up the DagBag from /home/nayara/Documentos/airflowalura/venv/lib/python3.9/site-packages/airflow/example_dags/example_python_operator.py
[2022-11-01 22:49:47,198] {logging_mixin.py:115} INFO - [2022-11-01 22:49:47,198] {example_python_operator.py:68} WARNING - The virtalenv_python example task requires virtualenv, please install it.
[2022-11-01 22:49:47,198] {processor.py:651} INFO - DAG(s) dict_keys(['example_python_operator']) retrieved from /home/nayara/Documentos/airflowalura/venv/lib/python3.9/site-packages/airflow/example_dags/example_python_operator.py
[2022-11-01 22:49:47,236] {logging_mixin.py:115} INFO - [2022-11-01 22:49:47,236] {dag.py:2379} INFO - Sync 1 DAGs
[2022-11-01 22:49:47,273] {logging_mixin.py:115} INFO - [2022-11-01 22:49:47,272] {dag.py:2927} INFO - Setting next_dagrun for example_python_operator to None, run_after=None
[2022-11-01 22:49:47,501] {processor.py:161} INFO - Processing /home/nayara/Documentos/airflowalura/venv/lib/python3.9/site-packages/airflow/example_dags/example_python_operator.py took 0.379 seconds
[2022-11-01 22:50:42,965] {processor.py:153} INFO - Started process (PID=18853) to work on /home/nayara/Documentos/airflowalura/venv/lib/python3.9/site-packages/airflow/example_dags/example_python_operator.py
[2022-11-01 22:50:42,986] {processor.py:641} INFO - Processing file /home/nayara/Documentos/airflowalura/venv/lib/python3.9/site-packages/airflow/example_dags/example_python_operator.py for tasks to queue
[2022-11-01 22:50:42,987] {logging_mixin.py:115} INFO - [2022-11-01 22:50:42,987] {dagbag.py:507} INFO - Filling up the DagBag from /home/nayara/Documentos/airflowalura/venv/lib/python3.9/site-packages/airflow/example_dags/example_python_operator.py
[2022-11-01 22:50:43,037] {logging_mixin.py:115} INFO - [2022-11-01 22:50:43,037] {example_python_operator.py:68} WARNING - The virtalenv_python example task requires virtualenv, please install it.
[2022-11-01 22:50:43,037] {processor.py:651} INFO - DAG(s) dict_keys(['example_python_operator']) retrieved from /home/nayara/Documentos/airflowalura/venv/lib/python3.9/site-packages/airflow/example_dags/example_python_operator.py
[2022-11-01 22:50:43,074] {logging_mixin.py:115} INFO - [2022-11-01 22:50:43,073] {dag.py:2379} INFO - Sync 1 DAGs
[2022-11-01 22:50:43,106] {logging_mixin.py:115} INFO - [2022-11-01 22:50:43,106] {dag.py:2927} INFO - Setting next_dagrun for example_python_operator to None, run_after=None
[2022-11-01 22:50:43,367] {processor.py:161} INFO - Processing /home/nayara/Documentos/airflowalura/venv/lib/python3.9/site-packages/airflow/example_dags/example_python_operator.py took 0.426 seconds
[2022-11-01 22:51:59,355] {processor.py:153} INFO - Started process (PID=19039) to work on /home/nayara/Documentos/airflowalura/venv/lib/python3.9/site-packages/airflow/example_dags/example_python_operator.py
[2022-11-01 22:51:59,388] {processor.py:641} INFO - Processing file /home/nayara/Documentos/airflowalura/venv/lib/python3.9/site-packages/airflow/example_dags/example_python_operator.py for tasks to queue
[2022-11-01 22:51:59,391] {logging_mixin.py:115} INFO - [2022-11-01 22:51:59,390] {dagbag.py:507} INFO - Filling up the DagBag from /home/nayara/Documentos/airflowalura/venv/lib/python3.9/site-packages/airflow/example_dags/example_python_operator.py
[2022-11-01 22:51:59,455] {logging_mixin.py:115} INFO - [2022-11-01 22:51:59,455] {example_python_operator.py:68} WARNING - The virtalenv_python example task requires virtualenv, please install it.
[2022-11-01 22:51:59,456] {processor.py:651} INFO - DAG(s) dict_keys(['example_python_operator']) retrieved from /home/nayara/Documentos/airflowalura/venv/lib/python3.9/site-packages/airflow/example_dags/example_python_operator.py
[2022-11-01 22:52:00,149] {logging_mixin.py:115} INFO - [2022-11-01 22:52:00,149] {dag.py:2379} INFO - Sync 1 DAGs
[2022-11-01 22:52:00,188] {logging_mixin.py:115} INFO - [2022-11-01 22:52:00,188] {dag.py:2927} INFO - Setting next_dagrun for example_python_operator to None, run_after=None
[2022-11-01 22:52:00,989] {processor.py:161} INFO - Processing /home/nayara/Documentos/airflowalura/venv/lib/python3.9/site-packages/airflow/example_dags/example_python_operator.py took 1.645 seconds
[2022-11-01 22:53:18,497] {processor.py:153} INFO - Started process (PID=19177) to work on /home/nayara/Documentos/airflowalura/venv/lib/python3.9/site-packages/airflow/example_dags/example_python_operator.py
[2022-11-01 22:53:18,516] {processor.py:641} INFO - Processing file /home/nayara/Documentos/airflowalura/venv/lib/python3.9/site-packages/airflow/example_dags/example_python_operator.py for tasks to queue
[2022-11-01 22:53:18,517] {logging_mixin.py:115} INFO - [2022-11-01 22:53:18,517] {dagbag.py:507} INFO - Filling up the DagBag from /home/nayara/Documentos/airflowalura/venv/lib/python3.9/site-packages/airflow/example_dags/example_python_operator.py
[2022-11-01 22:53:18,554] {logging_mixin.py:115} INFO - [2022-11-01 22:53:18,554] {example_python_operator.py:68} WARNING - The virtalenv_python example task requires virtualenv, please install it.
[2022-11-01 22:53:18,555] {processor.py:651} INFO - DAG(s) dict_keys(['example_python_operator']) retrieved from /home/nayara/Documentos/airflowalura/venv/lib/python3.9/site-packages/airflow/example_dags/example_python_operator.py
[2022-11-01 22:53:18,829] {logging_mixin.py:115} INFO - [2022-11-01 22:53:18,829] {dag.py:2379} INFO - Sync 1 DAGs
[2022-11-01 22:53:18,872] {logging_mixin.py:115} INFO - [2022-11-01 22:53:18,871] {dag.py:2927} INFO - Setting next_dagrun for example_python_operator to None, run_after=None
[2022-11-01 22:53:19,596] {processor.py:161} INFO - Processing /home/nayara/Documentos/airflowalura/venv/lib/python3.9/site-packages/airflow/example_dags/example_python_operator.py took 1.105 seconds
[2022-11-01 22:54:15,298] {processor.py:153} INFO - Started process (PID=19292) to work on /home/nayara/Documentos/airflowalura/venv/lib/python3.9/site-packages/airflow/example_dags/example_python_operator.py
[2022-11-01 22:54:15,320] {processor.py:641} INFO - Processing file /home/nayara/Documentos/airflowalura/venv/lib/python3.9/site-packages/airflow/example_dags/example_python_operator.py for tasks to queue
[2022-11-01 22:54:15,321] {logging_mixin.py:115} INFO - [2022-11-01 22:54:15,321] {dagbag.py:507} INFO - Filling up the DagBag from /home/nayara/Documentos/airflowalura/venv/lib/python3.9/site-packages/airflow/example_dags/example_python_operator.py
[2022-11-01 22:54:15,350] {logging_mixin.py:115} INFO - [2022-11-01 22:54:15,350] {example_python_operator.py:68} WARNING - The virtalenv_python example task requires virtualenv, please install it.
[2022-11-01 22:54:15,351] {processor.py:651} INFO - DAG(s) dict_keys(['example_python_operator']) retrieved from /home/nayara/Documentos/airflowalura/venv/lib/python3.9/site-packages/airflow/example_dags/example_python_operator.py
[2022-11-01 22:54:15,374] {logging_mixin.py:115} INFO - [2022-11-01 22:54:15,374] {dag.py:2379} INFO - Sync 1 DAGs
[2022-11-01 22:54:15,396] {logging_mixin.py:115} INFO - [2022-11-01 22:54:15,396] {dag.py:2927} INFO - Setting next_dagrun for example_python_operator to None, run_after=None
[2022-11-01 22:54:15,863] {processor.py:161} INFO - Processing /home/nayara/Documentos/airflowalura/venv/lib/python3.9/site-packages/airflow/example_dags/example_python_operator.py took 0.571 seconds
[2022-11-01 22:55:33,786] {processor.py:153} INFO - Started process (PID=19477) to work on /home/nayara/Documentos/airflowalura/venv/lib/python3.9/site-packages/airflow/example_dags/example_python_operator.py
[2022-11-01 22:55:33,828] {processor.py:641} INFO - Processing file /home/nayara/Documentos/airflowalura/venv/lib/python3.9/site-packages/airflow/example_dags/example_python_operator.py for tasks to queue
[2022-11-01 22:55:33,830] {logging_mixin.py:115} INFO - [2022-11-01 22:55:33,829] {dagbag.py:507} INFO - Filling up the DagBag from /home/nayara/Documentos/airflowalura/venv/lib/python3.9/site-packages/airflow/example_dags/example_python_operator.py
[2022-11-01 22:55:33,852] {logging_mixin.py:115} INFO - [2022-11-01 22:55:33,851] {example_python_operator.py:68} WARNING - The virtalenv_python example task requires virtualenv, please install it.
[2022-11-01 22:55:33,852] {processor.py:651} INFO - DAG(s) dict_keys(['example_python_operator']) retrieved from /home/nayara/Documentos/airflowalura/venv/lib/python3.9/site-packages/airflow/example_dags/example_python_operator.py
[2022-11-01 22:55:33,872] {logging_mixin.py:115} INFO - [2022-11-01 22:55:33,872] {dag.py:2379} INFO - Sync 1 DAGs
[2022-11-01 22:55:33,889] {logging_mixin.py:115} INFO - [2022-11-01 22:55:33,889] {dag.py:2927} INFO - Setting next_dagrun for example_python_operator to None, run_after=None
[2022-11-01 22:55:34,345] {processor.py:161} INFO - Processing /home/nayara/Documentos/airflowalura/venv/lib/python3.9/site-packages/airflow/example_dags/example_python_operator.py took 0.572 seconds
[2022-11-01 22:56:42,529] {processor.py:153} INFO - Started process (PID=19633) to work on /home/nayara/Documentos/airflowalura/venv/lib/python3.9/site-packages/airflow/example_dags/example_python_operator.py
[2022-11-01 22:56:42,620] {processor.py:641} INFO - Processing file /home/nayara/Documentos/airflowalura/venv/lib/python3.9/site-packages/airflow/example_dags/example_python_operator.py for tasks to queue
[2022-11-01 22:56:42,624] {logging_mixin.py:115} INFO - [2022-11-01 22:56:42,623] {dagbag.py:507} INFO - Filling up the DagBag from /home/nayara/Documentos/airflowalura/venv/lib/python3.9/site-packages/airflow/example_dags/example_python_operator.py
[2022-11-01 22:56:42,733] {logging_mixin.py:115} INFO - [2022-11-01 22:56:42,733] {example_python_operator.py:68} WARNING - The virtalenv_python example task requires virtualenv, please install it.
[2022-11-01 22:56:42,734] {processor.py:651} INFO - DAG(s) dict_keys(['example_python_operator']) retrieved from /home/nayara/Documentos/airflowalura/venv/lib/python3.9/site-packages/airflow/example_dags/example_python_operator.py
[2022-11-01 22:56:44,224] {logging_mixin.py:115} INFO - [2022-11-01 22:56:44,224] {dag.py:2379} INFO - Sync 1 DAGs
[2022-11-01 22:56:44,251] {logging_mixin.py:115} INFO - [2022-11-01 22:56:44,251] {dag.py:2927} INFO - Setting next_dagrun for example_python_operator to None, run_after=None
[2022-11-01 22:56:45,342] {processor.py:161} INFO - Processing /home/nayara/Documentos/airflowalura/venv/lib/python3.9/site-packages/airflow/example_dags/example_python_operator.py took 2.825 seconds
[2022-11-01 22:58:06,081] {processor.py:153} INFO - Started process (PID=19846) to work on /home/nayara/Documentos/airflowalura/venv/lib/python3.9/site-packages/airflow/example_dags/example_python_operator.py
[2022-11-01 22:58:06,152] {processor.py:641} INFO - Processing file /home/nayara/Documentos/airflowalura/venv/lib/python3.9/site-packages/airflow/example_dags/example_python_operator.py for tasks to queue
[2022-11-01 22:58:06,155] {logging_mixin.py:115} INFO - [2022-11-01 22:58:06,154] {dagbag.py:507} INFO - Filling up the DagBag from /home/nayara/Documentos/airflowalura/venv/lib/python3.9/site-packages/airflow/example_dags/example_python_operator.py
[2022-11-01 22:58:06,201] {logging_mixin.py:115} INFO - [2022-11-01 22:58:06,200] {example_python_operator.py:68} WARNING - The virtalenv_python example task requires virtualenv, please install it.
[2022-11-01 22:58:06,201] {processor.py:651} INFO - DAG(s) dict_keys(['example_python_operator']) retrieved from /home/nayara/Documentos/airflowalura/venv/lib/python3.9/site-packages/airflow/example_dags/example_python_operator.py
[2022-11-01 22:58:06,219] {logging_mixin.py:115} INFO - [2022-11-01 22:58:06,219] {dag.py:2379} INFO - Sync 1 DAGs
[2022-11-01 22:58:06,236] {logging_mixin.py:115} INFO - [2022-11-01 22:58:06,236] {dag.py:2927} INFO - Setting next_dagrun for example_python_operator to None, run_after=None
[2022-11-01 22:58:06,651] {processor.py:161} INFO - Processing /home/nayara/Documentos/airflowalura/venv/lib/python3.9/site-packages/airflow/example_dags/example_python_operator.py took 0.573 seconds
[2022-11-01 22:59:01,825] {processor.py:153} INFO - Started process (PID=19946) to work on /home/nayara/Documentos/airflowalura/venv/lib/python3.9/site-packages/airflow/example_dags/example_python_operator.py
[2022-11-01 22:59:01,836] {processor.py:641} INFO - Processing file /home/nayara/Documentos/airflowalura/venv/lib/python3.9/site-packages/airflow/example_dags/example_python_operator.py for tasks to queue
[2022-11-01 22:59:01,840] {logging_mixin.py:115} INFO - [2022-11-01 22:59:01,839] {dagbag.py:507} INFO - Filling up the DagBag from /home/nayara/Documentos/airflowalura/venv/lib/python3.9/site-packages/airflow/example_dags/example_python_operator.py
[2022-11-01 22:59:01,906] {logging_mixin.py:115} INFO - [2022-11-01 22:59:01,905] {example_python_operator.py:68} WARNING - The virtalenv_python example task requires virtualenv, please install it.
[2022-11-01 22:59:01,906] {processor.py:651} INFO - DAG(s) dict_keys(['example_python_operator']) retrieved from /home/nayara/Documentos/airflowalura/venv/lib/python3.9/site-packages/airflow/example_dags/example_python_operator.py
[2022-11-01 22:59:01,927] {logging_mixin.py:115} INFO - [2022-11-01 22:59:01,927] {dag.py:2379} INFO - Sync 1 DAGs
[2022-11-01 22:59:01,946] {logging_mixin.py:115} INFO - [2022-11-01 22:59:01,946] {dag.py:2927} INFO - Setting next_dagrun for example_python_operator to None, run_after=None
[2022-11-01 22:59:02,161] {processor.py:161} INFO - Processing /home/nayara/Documentos/airflowalura/venv/lib/python3.9/site-packages/airflow/example_dags/example_python_operator.py took 0.350 seconds
[2022-11-01 23:00:13,813] {processor.py:153} INFO - Started process (PID=20108) to work on /home/nayara/Documentos/airflowalura/venv/lib/python3.9/site-packages/airflow/example_dags/example_python_operator.py
[2022-11-01 23:00:13,838] {processor.py:641} INFO - Processing file /home/nayara/Documentos/airflowalura/venv/lib/python3.9/site-packages/airflow/example_dags/example_python_operator.py for tasks to queue
[2022-11-01 23:00:13,839] {logging_mixin.py:115} INFO - [2022-11-01 23:00:13,839] {dagbag.py:507} INFO - Filling up the DagBag from /home/nayara/Documentos/airflowalura/venv/lib/python3.9/site-packages/airflow/example_dags/example_python_operator.py
[2022-11-01 23:00:13,881] {logging_mixin.py:115} INFO - [2022-11-01 23:00:13,881] {example_python_operator.py:68} WARNING - The virtalenv_python example task requires virtualenv, please install it.
[2022-11-01 23:00:13,881] {processor.py:651} INFO - DAG(s) dict_keys(['example_python_operator']) retrieved from /home/nayara/Documentos/airflowalura/venv/lib/python3.9/site-packages/airflow/example_dags/example_python_operator.py
[2022-11-01 23:00:13,900] {logging_mixin.py:115} INFO - [2022-11-01 23:00:13,900] {dag.py:2379} INFO - Sync 1 DAGs
[2022-11-01 23:00:13,917] {logging_mixin.py:115} INFO - [2022-11-01 23:00:13,917] {dag.py:2927} INFO - Setting next_dagrun for example_python_operator to None, run_after=None
[2022-11-01 23:00:14,096] {processor.py:161} INFO - Processing /home/nayara/Documentos/airflowalura/venv/lib/python3.9/site-packages/airflow/example_dags/example_python_operator.py took 0.294 seconds
[2022-11-01 23:01:06,748] {processor.py:153} INFO - Started process (PID=20202) to work on /home/nayara/Documentos/airflowalura/venv/lib/python3.9/site-packages/airflow/example_dags/example_python_operator.py
[2022-11-01 23:01:06,762] {processor.py:641} INFO - Processing file /home/nayara/Documentos/airflowalura/venv/lib/python3.9/site-packages/airflow/example_dags/example_python_operator.py for tasks to queue
[2022-11-01 23:01:06,764] {logging_mixin.py:115} INFO - [2022-11-01 23:01:06,764] {dagbag.py:507} INFO - Filling up the DagBag from /home/nayara/Documentos/airflowalura/venv/lib/python3.9/site-packages/airflow/example_dags/example_python_operator.py
[2022-11-01 23:01:06,846] {logging_mixin.py:115} INFO - [2022-11-01 23:01:06,845] {example_python_operator.py:68} WARNING - The virtalenv_python example task requires virtualenv, please install it.
[2022-11-01 23:01:06,846] {processor.py:651} INFO - DAG(s) dict_keys(['example_python_operator']) retrieved from /home/nayara/Documentos/airflowalura/venv/lib/python3.9/site-packages/airflow/example_dags/example_python_operator.py
[2022-11-01 23:01:06,870] {logging_mixin.py:115} INFO - [2022-11-01 23:01:06,869] {dag.py:2379} INFO - Sync 1 DAGs
[2022-11-01 23:01:06,886] {logging_mixin.py:115} INFO - [2022-11-01 23:01:06,886] {dag.py:2927} INFO - Setting next_dagrun for example_python_operator to None, run_after=None
[2022-11-01 23:01:07,100] {processor.py:161} INFO - Processing /home/nayara/Documentos/airflowalura/venv/lib/python3.9/site-packages/airflow/example_dags/example_python_operator.py took 0.368 seconds
[2022-11-01 23:01:59,371] {processor.py:153} INFO - Started process (PID=20360) to work on /home/nayara/Documentos/airflowalura/venv/lib/python3.9/site-packages/airflow/example_dags/example_python_operator.py
[2022-11-01 23:01:59,393] {processor.py:641} INFO - Processing file /home/nayara/Documentos/airflowalura/venv/lib/python3.9/site-packages/airflow/example_dags/example_python_operator.py for tasks to queue
[2022-11-01 23:01:59,395] {logging_mixin.py:115} INFO - [2022-11-01 23:01:59,394] {dagbag.py:507} INFO - Filling up the DagBag from /home/nayara/Documentos/airflowalura/venv/lib/python3.9/site-packages/airflow/example_dags/example_python_operator.py
[2022-11-01 23:01:59,474] {logging_mixin.py:115} INFO - [2022-11-01 23:01:59,474] {example_python_operator.py:68} WARNING - The virtalenv_python example task requires virtualenv, please install it.
[2022-11-01 23:01:59,475] {processor.py:651} INFO - DAG(s) dict_keys(['example_python_operator']) retrieved from /home/nayara/Documentos/airflowalura/venv/lib/python3.9/site-packages/airflow/example_dags/example_python_operator.py
[2022-11-01 23:01:59,518] {logging_mixin.py:115} INFO - [2022-11-01 23:01:59,518] {dag.py:2379} INFO - Sync 1 DAGs
[2022-11-01 23:01:59,541] {logging_mixin.py:115} INFO - [2022-11-01 23:01:59,541] {dag.py:2927} INFO - Setting next_dagrun for example_python_operator to None, run_after=None
[2022-11-01 23:02:00,279] {processor.py:161} INFO - Processing /home/nayara/Documentos/airflowalura/venv/lib/python3.9/site-packages/airflow/example_dags/example_python_operator.py took 0.922 seconds
[2022-11-01 23:03:49,171] {processor.py:153} INFO - Started process (PID=20556) to work on /home/nayara/Documentos/airflowalura/venv/lib/python3.9/site-packages/airflow/example_dags/example_python_operator.py
[2022-11-01 23:03:49,193] {processor.py:641} INFO - Processing file /home/nayara/Documentos/airflowalura/venv/lib/python3.9/site-packages/airflow/example_dags/example_python_operator.py for tasks to queue
[2022-11-01 23:03:49,195] {logging_mixin.py:115} INFO - [2022-11-01 23:03:49,195] {dagbag.py:507} INFO - Filling up the DagBag from /home/nayara/Documentos/airflowalura/venv/lib/python3.9/site-packages/airflow/example_dags/example_python_operator.py
[2022-11-01 23:03:49,223] {logging_mixin.py:115} INFO - [2022-11-01 23:03:49,223] {example_python_operator.py:68} WARNING - The virtalenv_python example task requires virtualenv, please install it.
[2022-11-01 23:03:49,224] {processor.py:651} INFO - DAG(s) dict_keys(['example_python_operator']) retrieved from /home/nayara/Documentos/airflowalura/venv/lib/python3.9/site-packages/airflow/example_dags/example_python_operator.py
[2022-11-01 23:03:49,541] {logging_mixin.py:115} INFO - [2022-11-01 23:03:49,540] {dag.py:2379} INFO - Sync 1 DAGs
[2022-11-01 23:03:49,566] {logging_mixin.py:115} INFO - [2022-11-01 23:03:49,565] {dag.py:2927} INFO - Setting next_dagrun for example_python_operator to None, run_after=None
[2022-11-01 23:03:50,010] {processor.py:161} INFO - Processing /home/nayara/Documentos/airflowalura/venv/lib/python3.9/site-packages/airflow/example_dags/example_python_operator.py took 0.852 seconds
[2022-11-01 23:04:55,126] {processor.py:153} INFO - Started process (PID=20703) to work on /home/nayara/Documentos/airflowalura/venv/lib/python3.9/site-packages/airflow/example_dags/example_python_operator.py
[2022-11-01 23:04:55,140] {processor.py:641} INFO - Processing file /home/nayara/Documentos/airflowalura/venv/lib/python3.9/site-packages/airflow/example_dags/example_python_operator.py for tasks to queue
[2022-11-01 23:04:55,143] {logging_mixin.py:115} INFO - [2022-11-01 23:04:55,143] {dagbag.py:507} INFO - Filling up the DagBag from /home/nayara/Documentos/airflowalura/venv/lib/python3.9/site-packages/airflow/example_dags/example_python_operator.py
[2022-11-01 23:04:55,193] {logging_mixin.py:115} INFO - [2022-11-01 23:04:55,193] {example_python_operator.py:68} WARNING - The virtalenv_python example task requires virtualenv, please install it.
[2022-11-01 23:04:55,194] {processor.py:651} INFO - DAG(s) dict_keys(['example_python_operator']) retrieved from /home/nayara/Documentos/airflowalura/venv/lib/python3.9/site-packages/airflow/example_dags/example_python_operator.py
[2022-11-01 23:04:55,217] {logging_mixin.py:115} INFO - [2022-11-01 23:04:55,217] {dag.py:2379} INFO - Sync 1 DAGs
[2022-11-01 23:04:55,238] {logging_mixin.py:115} INFO - [2022-11-01 23:04:55,238] {dag.py:2927} INFO - Setting next_dagrun for example_python_operator to None, run_after=None
[2022-11-01 23:04:55,458] {processor.py:161} INFO - Processing /home/nayara/Documentos/airflowalura/venv/lib/python3.9/site-packages/airflow/example_dags/example_python_operator.py took 0.350 seconds
[2022-11-01 23:05:49,875] {processor.py:153} INFO - Started process (PID=20828) to work on /home/nayara/Documentos/airflowalura/venv/lib/python3.9/site-packages/airflow/example_dags/example_python_operator.py
[2022-11-01 23:05:49,930] {processor.py:641} INFO - Processing file /home/nayara/Documentos/airflowalura/venv/lib/python3.9/site-packages/airflow/example_dags/example_python_operator.py for tasks to queue
[2022-11-01 23:05:49,932] {logging_mixin.py:115} INFO - [2022-11-01 23:05:49,932] {dagbag.py:507} INFO - Filling up the DagBag from /home/nayara/Documentos/airflowalura/venv/lib/python3.9/site-packages/airflow/example_dags/example_python_operator.py
[2022-11-01 23:05:49,976] {logging_mixin.py:115} INFO - [2022-11-01 23:05:49,976] {example_python_operator.py:68} WARNING - The virtalenv_python example task requires virtualenv, please install it.
[2022-11-01 23:05:49,976] {processor.py:651} INFO - DAG(s) dict_keys(['example_python_operator']) retrieved from /home/nayara/Documentos/airflowalura/venv/lib/python3.9/site-packages/airflow/example_dags/example_python_operator.py
[2022-11-01 23:05:50,332] {logging_mixin.py:115} INFO - [2022-11-01 23:05:50,331] {dag.py:2379} INFO - Sync 1 DAGs
[2022-11-01 23:05:50,350] {logging_mixin.py:115} INFO - [2022-11-01 23:05:50,350] {dag.py:2927} INFO - Setting next_dagrun for example_python_operator to None, run_after=None
[2022-11-01 23:05:50,837] {processor.py:161} INFO - Processing /home/nayara/Documentos/airflowalura/venv/lib/python3.9/site-packages/airflow/example_dags/example_python_operator.py took 0.965 seconds
[2022-11-01 23:06:43,217] {processor.py:153} INFO - Started process (PID=20928) to work on /home/nayara/Documentos/airflowalura/venv/lib/python3.9/site-packages/airflow/example_dags/example_python_operator.py
[2022-11-01 23:06:43,253] {processor.py:641} INFO - Processing file /home/nayara/Documentos/airflowalura/venv/lib/python3.9/site-packages/airflow/example_dags/example_python_operator.py for tasks to queue
[2022-11-01 23:06:43,255] {logging_mixin.py:115} INFO - [2022-11-01 23:06:43,254] {dagbag.py:507} INFO - Filling up the DagBag from /home/nayara/Documentos/airflowalura/venv/lib/python3.9/site-packages/airflow/example_dags/example_python_operator.py
[2022-11-01 23:06:43,305] {logging_mixin.py:115} INFO - [2022-11-01 23:06:43,305] {example_python_operator.py:68} WARNING - The virtalenv_python example task requires virtualenv, please install it.
[2022-11-01 23:06:43,306] {processor.py:651} INFO - DAG(s) dict_keys(['example_python_operator']) retrieved from /home/nayara/Documentos/airflowalura/venv/lib/python3.9/site-packages/airflow/example_dags/example_python_operator.py
[2022-11-01 23:06:43,332] {logging_mixin.py:115} INFO - [2022-11-01 23:06:43,332] {dag.py:2379} INFO - Sync 1 DAGs
[2022-11-01 23:06:43,355] {logging_mixin.py:115} INFO - [2022-11-01 23:06:43,355] {dag.py:2927} INFO - Setting next_dagrun for example_python_operator to None, run_after=None
[2022-11-01 23:06:43,658] {processor.py:161} INFO - Processing /home/nayara/Documentos/airflowalura/venv/lib/python3.9/site-packages/airflow/example_dags/example_python_operator.py took 0.458 seconds
[2022-11-01 23:07:41,404] {processor.py:153} INFO - Started process (PID=21090) to work on /home/nayara/Documentos/airflowalura/venv/lib/python3.9/site-packages/airflow/example_dags/example_python_operator.py
[2022-11-01 23:07:41,425] {processor.py:641} INFO - Processing file /home/nayara/Documentos/airflowalura/venv/lib/python3.9/site-packages/airflow/example_dags/example_python_operator.py for tasks to queue
[2022-11-01 23:07:41,426] {logging_mixin.py:115} INFO - [2022-11-01 23:07:41,426] {dagbag.py:507} INFO - Filling up the DagBag from /home/nayara/Documentos/airflowalura/venv/lib/python3.9/site-packages/airflow/example_dags/example_python_operator.py
[2022-11-01 23:07:41,459] {logging_mixin.py:115} INFO - [2022-11-01 23:07:41,459] {example_python_operator.py:68} WARNING - The virtalenv_python example task requires virtualenv, please install it.
[2022-11-01 23:07:41,459] {processor.py:651} INFO - DAG(s) dict_keys(['example_python_operator']) retrieved from /home/nayara/Documentos/airflowalura/venv/lib/python3.9/site-packages/airflow/example_dags/example_python_operator.py
[2022-11-01 23:07:41,478] {logging_mixin.py:115} INFO - [2022-11-01 23:07:41,477] {dag.py:2379} INFO - Sync 1 DAGs
[2022-11-01 23:07:41,494] {logging_mixin.py:115} INFO - [2022-11-01 23:07:41,494] {dag.py:2927} INFO - Setting next_dagrun for example_python_operator to None, run_after=None
[2022-11-01 23:07:41,757] {processor.py:161} INFO - Processing /home/nayara/Documentos/airflowalura/venv/lib/python3.9/site-packages/airflow/example_dags/example_python_operator.py took 0.366 seconds
[2022-11-01 23:08:29,108] {processor.py:153} INFO - Started process (PID=21177) to work on /home/nayara/Documentos/airflowalura/venv/lib/python3.9/site-packages/airflow/example_dags/example_python_operator.py
[2022-11-01 23:08:29,140] {processor.py:641} INFO - Processing file /home/nayara/Documentos/airflowalura/venv/lib/python3.9/site-packages/airflow/example_dags/example_python_operator.py for tasks to queue
[2022-11-01 23:08:29,141] {logging_mixin.py:115} INFO - [2022-11-01 23:08:29,141] {dagbag.py:507} INFO - Filling up the DagBag from /home/nayara/Documentos/airflowalura/venv/lib/python3.9/site-packages/airflow/example_dags/example_python_operator.py
[2022-11-01 23:08:29,177] {logging_mixin.py:115} INFO - [2022-11-01 23:08:29,176] {example_python_operator.py:68} WARNING - The virtalenv_python example task requires virtualenv, please install it.
[2022-11-01 23:08:29,177] {processor.py:651} INFO - DAG(s) dict_keys(['example_python_operator']) retrieved from /home/nayara/Documentos/airflowalura/venv/lib/python3.9/site-packages/airflow/example_dags/example_python_operator.py
[2022-11-01 23:08:29,195] {logging_mixin.py:115} INFO - [2022-11-01 23:08:29,195] {dag.py:2379} INFO - Sync 1 DAGs
[2022-11-01 23:08:29,212] {logging_mixin.py:115} INFO - [2022-11-01 23:08:29,212] {dag.py:2927} INFO - Setting next_dagrun for example_python_operator to None, run_after=None
[2022-11-01 23:08:29,415] {processor.py:161} INFO - Processing /home/nayara/Documentos/airflowalura/venv/lib/python3.9/site-packages/airflow/example_dags/example_python_operator.py took 0.318 seconds
[2022-11-01 23:09:39,167] {processor.py:153} INFO - Started process (PID=21367) to work on /home/nayara/Documentos/airflowalura/venv/lib/python3.9/site-packages/airflow/example_dags/example_python_operator.py
[2022-11-01 23:09:39,249] {processor.py:641} INFO - Processing file /home/nayara/Documentos/airflowalura/venv/lib/python3.9/site-packages/airflow/example_dags/example_python_operator.py for tasks to queue
[2022-11-01 23:09:39,252] {logging_mixin.py:115} INFO - [2022-11-01 23:09:39,251] {dagbag.py:507} INFO - Filling up the DagBag from /home/nayara/Documentos/airflowalura/venv/lib/python3.9/site-packages/airflow/example_dags/example_python_operator.py
[2022-11-01 23:09:39,367] {logging_mixin.py:115} INFO - [2022-11-01 23:09:39,367] {example_python_operator.py:68} WARNING - The virtalenv_python example task requires virtualenv, please install it.
[2022-11-01 23:09:39,368] {processor.py:651} INFO - DAG(s) dict_keys(['example_python_operator']) retrieved from /home/nayara/Documentos/airflowalura/venv/lib/python3.9/site-packages/airflow/example_dags/example_python_operator.py
[2022-11-01 23:09:39,400] {logging_mixin.py:115} INFO - [2022-11-01 23:09:39,400] {dag.py:2379} INFO - Sync 1 DAGs
[2022-11-01 23:09:39,419] {logging_mixin.py:115} INFO - [2022-11-01 23:09:39,419] {dag.py:2927} INFO - Setting next_dagrun for example_python_operator to None, run_after=None
[2022-11-01 23:09:39,935] {processor.py:161} INFO - Processing /home/nayara/Documentos/airflowalura/venv/lib/python3.9/site-packages/airflow/example_dags/example_python_operator.py took 0.777 seconds
[2022-11-01 23:11:09,382] {processor.py:153} INFO - Started process (PID=21599) to work on /home/nayara/Documentos/airflowalura/venv/lib/python3.9/site-packages/airflow/example_dags/example_python_operator.py
[2022-11-01 23:11:09,464] {processor.py:641} INFO - Processing file /home/nayara/Documentos/airflowalura/venv/lib/python3.9/site-packages/airflow/example_dags/example_python_operator.py for tasks to queue
[2022-11-01 23:11:09,468] {logging_mixin.py:115} INFO - [2022-11-01 23:11:09,467] {dagbag.py:507} INFO - Filling up the DagBag from /home/nayara/Documentos/airflowalura/venv/lib/python3.9/site-packages/airflow/example_dags/example_python_operator.py
[2022-11-01 23:11:09,549] {logging_mixin.py:115} INFO - [2022-11-01 23:11:09,548] {example_python_operator.py:68} WARNING - The virtalenv_python example task requires virtualenv, please install it.
[2022-11-01 23:11:09,549] {processor.py:651} INFO - DAG(s) dict_keys(['example_python_operator']) retrieved from /home/nayara/Documentos/airflowalura/venv/lib/python3.9/site-packages/airflow/example_dags/example_python_operator.py
[2022-11-01 23:11:09,572] {logging_mixin.py:115} INFO - [2022-11-01 23:11:09,572] {dag.py:2379} INFO - Sync 1 DAGs
[2022-11-01 23:11:09,599] {logging_mixin.py:115} INFO - [2022-11-01 23:11:09,599] {dag.py:2927} INFO - Setting next_dagrun for example_python_operator to None, run_after=None
[2022-11-01 23:11:10,286] {processor.py:161} INFO - Processing /home/nayara/Documentos/airflowalura/venv/lib/python3.9/site-packages/airflow/example_dags/example_python_operator.py took 0.910 seconds
[2022-11-01 23:12:36,933] {processor.py:153} INFO - Started process (PID=21819) to work on /home/nayara/Documentos/airflowalura/venv/lib/python3.9/site-packages/airflow/example_dags/example_python_operator.py
[2022-11-01 23:12:36,966] {processor.py:641} INFO - Processing file /home/nayara/Documentos/airflowalura/venv/lib/python3.9/site-packages/airflow/example_dags/example_python_operator.py for tasks to queue
[2022-11-01 23:12:36,970] {logging_mixin.py:115} INFO - [2022-11-01 23:12:36,969] {dagbag.py:507} INFO - Filling up the DagBag from /home/nayara/Documentos/airflowalura/venv/lib/python3.9/site-packages/airflow/example_dags/example_python_operator.py
[2022-11-01 23:12:37,054] {logging_mixin.py:115} INFO - [2022-11-01 23:12:37,054] {example_python_operator.py:68} WARNING - The virtalenv_python example task requires virtualenv, please install it.
[2022-11-01 23:12:37,055] {processor.py:651} INFO - DAG(s) dict_keys(['example_python_operator']) retrieved from /home/nayara/Documentos/airflowalura/venv/lib/python3.9/site-packages/airflow/example_dags/example_python_operator.py
[2022-11-01 23:12:37,076] {logging_mixin.py:115} INFO - [2022-11-01 23:12:37,076] {dag.py:2379} INFO - Sync 1 DAGs
[2022-11-01 23:12:37,098] {logging_mixin.py:115} INFO - [2022-11-01 23:12:37,098] {dag.py:2927} INFO - Setting next_dagrun for example_python_operator to None, run_after=None
[2022-11-01 23:12:37,320] {processor.py:161} INFO - Processing /home/nayara/Documentos/airflowalura/venv/lib/python3.9/site-packages/airflow/example_dags/example_python_operator.py took 0.393 seconds
[2022-11-01 23:13:48,140] {processor.py:153} INFO - Started process (PID=21941) to work on /home/nayara/Documentos/airflowalura/venv/lib/python3.9/site-packages/airflow/example_dags/example_python_operator.py
[2022-11-01 23:13:48,163] {processor.py:641} INFO - Processing file /home/nayara/Documentos/airflowalura/venv/lib/python3.9/site-packages/airflow/example_dags/example_python_operator.py for tasks to queue
[2022-11-01 23:13:48,164] {logging_mixin.py:115} INFO - [2022-11-01 23:13:48,164] {dagbag.py:507} INFO - Filling up the DagBag from /home/nayara/Documentos/airflowalura/venv/lib/python3.9/site-packages/airflow/example_dags/example_python_operator.py
[2022-11-01 23:13:48,213] {logging_mixin.py:115} INFO - [2022-11-01 23:13:48,212] {example_python_operator.py:68} WARNING - The virtalenv_python example task requires virtualenv, please install it.
[2022-11-01 23:13:48,214] {processor.py:651} INFO - DAG(s) dict_keys(['example_python_operator']) retrieved from /home/nayara/Documentos/airflowalura/venv/lib/python3.9/site-packages/airflow/example_dags/example_python_operator.py
[2022-11-01 23:13:48,248] {logging_mixin.py:115} INFO - [2022-11-01 23:13:48,247] {dag.py:2379} INFO - Sync 1 DAGs
[2022-11-01 23:13:48,286] {logging_mixin.py:115} INFO - [2022-11-01 23:13:48,286] {dag.py:2927} INFO - Setting next_dagrun for example_python_operator to None, run_after=None
[2022-11-01 23:13:48,589] {processor.py:161} INFO - Processing /home/nayara/Documentos/airflowalura/venv/lib/python3.9/site-packages/airflow/example_dags/example_python_operator.py took 0.465 seconds
[2022-11-01 23:14:55,156] {processor.py:153} INFO - Started process (PID=22137) to work on /home/nayara/Documentos/airflowalura/venv/lib/python3.9/site-packages/airflow/example_dags/example_python_operator.py
[2022-11-01 23:14:55,158] {processor.py:641} INFO - Processing file /home/nayara/Documentos/airflowalura/venv/lib/python3.9/site-packages/airflow/example_dags/example_python_operator.py for tasks to queue
[2022-11-01 23:14:55,160] {logging_mixin.py:115} INFO - [2022-11-01 23:14:55,159] {dagbag.py:507} INFO - Filling up the DagBag from /home/nayara/Documentos/airflowalura/venv/lib/python3.9/site-packages/airflow/example_dags/example_python_operator.py
[2022-11-01 23:14:55,185] {logging_mixin.py:115} INFO - [2022-11-01 23:14:55,185] {example_python_operator.py:68} WARNING - The virtalenv_python example task requires virtualenv, please install it.
[2022-11-01 23:14:55,186] {processor.py:651} INFO - DAG(s) dict_keys(['example_python_operator']) retrieved from /home/nayara/Documentos/airflowalura/venv/lib/python3.9/site-packages/airflow/example_dags/example_python_operator.py
[2022-11-01 23:14:55,204] {logging_mixin.py:115} INFO - [2022-11-01 23:14:55,204] {dag.py:2379} INFO - Sync 1 DAGs
[2022-11-01 23:14:55,221] {logging_mixin.py:115} INFO - [2022-11-01 23:14:55,221] {dag.py:2927} INFO - Setting next_dagrun for example_python_operator to None, run_after=None
[2022-11-01 23:14:55,493] {processor.py:161} INFO - Processing /home/nayara/Documentos/airflowalura/venv/lib/python3.9/site-packages/airflow/example_dags/example_python_operator.py took 0.344 seconds
[2022-11-01 23:15:56,306] {processor.py:153} INFO - Started process (PID=22288) to work on /home/nayara/Documentos/airflowalura/venv/lib/python3.9/site-packages/airflow/example_dags/example_python_operator.py
[2022-11-01 23:15:56,307] {processor.py:641} INFO - Processing file /home/nayara/Documentos/airflowalura/venv/lib/python3.9/site-packages/airflow/example_dags/example_python_operator.py for tasks to queue
[2022-11-01 23:15:56,308] {logging_mixin.py:115} INFO - [2022-11-01 23:15:56,308] {dagbag.py:507} INFO - Filling up the DagBag from /home/nayara/Documentos/airflowalura/venv/lib/python3.9/site-packages/airflow/example_dags/example_python_operator.py
[2022-11-01 23:15:56,339] {logging_mixin.py:115} INFO - [2022-11-01 23:15:56,339] {example_python_operator.py:68} WARNING - The virtalenv_python example task requires virtualenv, please install it.
[2022-11-01 23:15:56,340] {processor.py:651} INFO - DAG(s) dict_keys(['example_python_operator']) retrieved from /home/nayara/Documentos/airflowalura/venv/lib/python3.9/site-packages/airflow/example_dags/example_python_operator.py
[2022-11-01 23:15:56,367] {logging_mixin.py:115} INFO - [2022-11-01 23:15:56,367] {dag.py:2379} INFO - Sync 1 DAGs
[2022-11-01 23:15:56,390] {logging_mixin.py:115} INFO - [2022-11-01 23:15:56,390] {dag.py:2927} INFO - Setting next_dagrun for example_python_operator to None, run_after=None
[2022-11-01 23:15:56,596] {processor.py:161} INFO - Processing /home/nayara/Documentos/airflowalura/venv/lib/python3.9/site-packages/airflow/example_dags/example_python_operator.py took 0.293 seconds
[2022-11-01 23:16:56,534] {processor.py:153} INFO - Started process (PID=22444) to work on /home/nayara/Documentos/airflowalura/venv/lib/python3.9/site-packages/airflow/example_dags/example_python_operator.py
[2022-11-01 23:16:56,580] {processor.py:641} INFO - Processing file /home/nayara/Documentos/airflowalura/venv/lib/python3.9/site-packages/airflow/example_dags/example_python_operator.py for tasks to queue
[2022-11-01 23:16:56,581] {logging_mixin.py:115} INFO - [2022-11-01 23:16:56,581] {dagbag.py:507} INFO - Filling up the DagBag from /home/nayara/Documentos/airflowalura/venv/lib/python3.9/site-packages/airflow/example_dags/example_python_operator.py
[2022-11-01 23:16:56,609] {logging_mixin.py:115} INFO - [2022-11-01 23:16:56,609] {example_python_operator.py:68} WARNING - The virtalenv_python example task requires virtualenv, please install it.
[2022-11-01 23:16:56,610] {processor.py:651} INFO - DAG(s) dict_keys(['example_python_operator']) retrieved from /home/nayara/Documentos/airflowalura/venv/lib/python3.9/site-packages/airflow/example_dags/example_python_operator.py
[2022-11-01 23:16:56,635] {logging_mixin.py:115} INFO - [2022-11-01 23:16:56,635] {dag.py:2379} INFO - Sync 1 DAGs
[2022-11-01 23:16:56,660] {logging_mixin.py:115} INFO - [2022-11-01 23:16:56,660] {dag.py:2927} INFO - Setting next_dagrun for example_python_operator to None, run_after=None
[2022-11-01 23:16:57,012] {processor.py:161} INFO - Processing /home/nayara/Documentos/airflowalura/venv/lib/python3.9/site-packages/airflow/example_dags/example_python_operator.py took 0.489 seconds
[2022-11-01 23:18:15,989] {processor.py:153} INFO - Started process (PID=22600) to work on /home/nayara/Documentos/airflowalura/venv/lib/python3.9/site-packages/airflow/example_dags/example_python_operator.py
[2022-11-01 23:18:16,000] {processor.py:641} INFO - Processing file /home/nayara/Documentos/airflowalura/venv/lib/python3.9/site-packages/airflow/example_dags/example_python_operator.py for tasks to queue
[2022-11-01 23:18:16,000] {logging_mixin.py:115} INFO - [2022-11-01 23:18:16,000] {dagbag.py:507} INFO - Filling up the DagBag from /home/nayara/Documentos/airflowalura/venv/lib/python3.9/site-packages/airflow/example_dags/example_python_operator.py
[2022-11-01 23:18:16,022] {logging_mixin.py:115} INFO - [2022-11-01 23:18:16,022] {example_python_operator.py:68} WARNING - The virtalenv_python example task requires virtualenv, please install it.
[2022-11-01 23:18:16,022] {processor.py:651} INFO - DAG(s) dict_keys(['example_python_operator']) retrieved from /home/nayara/Documentos/airflowalura/venv/lib/python3.9/site-packages/airflow/example_dags/example_python_operator.py
[2022-11-01 23:18:16,041] {logging_mixin.py:115} INFO - [2022-11-01 23:18:16,041] {dag.py:2379} INFO - Sync 1 DAGs
[2022-11-01 23:18:16,058] {logging_mixin.py:115} INFO - [2022-11-01 23:18:16,058] {dag.py:2927} INFO - Setting next_dagrun for example_python_operator to None, run_after=None
[2022-11-01 23:18:16,691] {processor.py:161} INFO - Processing /home/nayara/Documentos/airflowalura/venv/lib/python3.9/site-packages/airflow/example_dags/example_python_operator.py took 0.708 seconds
[2022-11-01 23:19:20,711] {processor.py:153} INFO - Started process (PID=22703) to work on /home/nayara/Documentos/airflowalura/venv/lib/python3.9/site-packages/airflow/example_dags/example_python_operator.py
[2022-11-01 23:19:20,775] {processor.py:641} INFO - Processing file /home/nayara/Documentos/airflowalura/venv/lib/python3.9/site-packages/airflow/example_dags/example_python_operator.py for tasks to queue
[2022-11-01 23:19:20,780] {logging_mixin.py:115} INFO - [2022-11-01 23:19:20,778] {dagbag.py:507} INFO - Filling up the DagBag from /home/nayara/Documentos/airflowalura/venv/lib/python3.9/site-packages/airflow/example_dags/example_python_operator.py
[2022-11-01 23:19:20,842] {logging_mixin.py:115} INFO - [2022-11-01 23:19:20,842] {example_python_operator.py:68} WARNING - The virtalenv_python example task requires virtualenv, please install it.
[2022-11-01 23:19:20,843] {processor.py:651} INFO - DAG(s) dict_keys(['example_python_operator']) retrieved from /home/nayara/Documentos/airflowalura/venv/lib/python3.9/site-packages/airflow/example_dags/example_python_operator.py
[2022-11-01 23:19:20,862] {logging_mixin.py:115} INFO - [2022-11-01 23:19:20,862] {dag.py:2379} INFO - Sync 1 DAGs
[2022-11-01 23:19:20,882] {logging_mixin.py:115} INFO - [2022-11-01 23:19:20,882] {dag.py:2927} INFO - Setting next_dagrun for example_python_operator to None, run_after=None
[2022-11-01 23:19:21,143] {processor.py:161} INFO - Processing /home/nayara/Documentos/airflowalura/venv/lib/python3.9/site-packages/airflow/example_dags/example_python_operator.py took 0.451 seconds
[2022-11-01 23:20:26,312] {processor.py:153} INFO - Started process (PID=22888) to work on /home/nayara/Documentos/airflowalura/venv/lib/python3.9/site-packages/airflow/example_dags/example_python_operator.py
[2022-11-01 23:20:26,340] {processor.py:641} INFO - Processing file /home/nayara/Documentos/airflowalura/venv/lib/python3.9/site-packages/airflow/example_dags/example_python_operator.py for tasks to queue
[2022-11-01 23:20:26,343] {logging_mixin.py:115} INFO - [2022-11-01 23:20:26,343] {dagbag.py:507} INFO - Filling up the DagBag from /home/nayara/Documentos/airflowalura/venv/lib/python3.9/site-packages/airflow/example_dags/example_python_operator.py
[2022-11-01 23:20:26,384] {logging_mixin.py:115} INFO - [2022-11-01 23:20:26,384] {example_python_operator.py:68} WARNING - The virtalenv_python example task requires virtualenv, please install it.
[2022-11-01 23:20:26,384] {processor.py:651} INFO - DAG(s) dict_keys(['example_python_operator']) retrieved from /home/nayara/Documentos/airflowalura/venv/lib/python3.9/site-packages/airflow/example_dags/example_python_operator.py
[2022-11-01 23:20:26,412] {logging_mixin.py:115} INFO - [2022-11-01 23:20:26,412] {dag.py:2379} INFO - Sync 1 DAGs
[2022-11-01 23:20:26,433] {logging_mixin.py:115} INFO - [2022-11-01 23:20:26,433] {dag.py:2927} INFO - Setting next_dagrun for example_python_operator to None, run_after=None
[2022-11-01 23:20:26,826] {processor.py:161} INFO - Processing /home/nayara/Documentos/airflowalura/venv/lib/python3.9/site-packages/airflow/example_dags/example_python_operator.py took 0.523 seconds
