[2022-11-01 22:40:29,344] {processor.py:153} INFO - Started process (PID=17757) to work on /home/nayara/Documentos/airflowalura/venv/lib/python3.9/site-packages/airflow/example_dags/example_task_group_decorator.py
[2022-11-01 22:40:29,345] {processor.py:641} INFO - Processing file /home/nayara/Documentos/airflowalura/venv/lib/python3.9/site-packages/airflow/example_dags/example_task_group_decorator.py for tasks to queue
[2022-11-01 22:40:29,347] {logging_mixin.py:115} INFO - [2022-11-01 22:40:29,346] {dagbag.py:507} INFO - Filling up the DagBag from /home/nayara/Documentos/airflowalura/venv/lib/python3.9/site-packages/airflow/example_dags/example_task_group_decorator.py
[2022-11-01 22:40:29,624] {processor.py:651} INFO - DAG(s) dict_keys(['example_task_group_decorator']) retrieved from /home/nayara/Documentos/airflowalura/venv/lib/python3.9/site-packages/airflow/example_dags/example_task_group_decorator.py
[2022-11-01 22:40:29,695] {logging_mixin.py:115} INFO - [2022-11-01 22:40:29,695] {dag.py:2379} INFO - Sync 1 DAGs
[2022-11-01 22:40:29,712] {logging_mixin.py:115} INFO - [2022-11-01 22:40:29,712] {dag.py:2927} INFO - Setting next_dagrun for example_task_group_decorator to 2022-11-01T01:40:29.711899+00:00, run_after=2022-11-02T01:40:29.711899+00:00
[2022-11-01 22:40:30,338] {processor.py:161} INFO - Processing /home/nayara/Documentos/airflowalura/venv/lib/python3.9/site-packages/airflow/example_dags/example_task_group_decorator.py took 1.003 seconds
[2022-11-01 22:42:57,564] {processor.py:153} INFO - Started process (PID=17975) to work on /home/nayara/Documentos/airflowalura/venv/lib/python3.9/site-packages/airflow/example_dags/example_task_group_decorator.py
[2022-11-01 22:42:57,606] {processor.py:641} INFO - Processing file /home/nayara/Documentos/airflowalura/venv/lib/python3.9/site-packages/airflow/example_dags/example_task_group_decorator.py for tasks to queue
[2022-11-01 22:42:57,607] {logging_mixin.py:115} INFO - [2022-11-01 22:42:57,607] {dagbag.py:507} INFO - Filling up the DagBag from /home/nayara/Documentos/airflowalura/venv/lib/python3.9/site-packages/airflow/example_dags/example_task_group_decorator.py
[2022-11-01 22:42:57,749] {processor.py:651} INFO - DAG(s) dict_keys(['example_task_group_decorator']) retrieved from /home/nayara/Documentos/airflowalura/venv/lib/python3.9/site-packages/airflow/example_dags/example_task_group_decorator.py
[2022-11-01 22:42:58,229] {logging_mixin.py:115} INFO - [2022-11-01 22:42:58,229] {dag.py:2379} INFO - Sync 1 DAGs
[2022-11-01 22:42:58,271] {logging_mixin.py:115} INFO - [2022-11-01 22:42:58,271] {dag.py:2927} INFO - Setting next_dagrun for example_task_group_decorator to 2022-11-01T01:42:58.271131+00:00, run_after=2022-11-02T01:42:58.271131+00:00
[2022-11-01 22:42:59,184] {processor.py:161} INFO - Processing /home/nayara/Documentos/airflowalura/venv/lib/python3.9/site-packages/airflow/example_dags/example_task_group_decorator.py took 1.633 seconds
[2022-11-01 22:43:53,762] {processor.py:153} INFO - Started process (PID=18065) to work on /home/nayara/Documentos/airflowalura/venv/lib/python3.9/site-packages/airflow/example_dags/example_task_group_decorator.py
[2022-11-01 22:43:53,766] {processor.py:641} INFO - Processing file /home/nayara/Documentos/airflowalura/venv/lib/python3.9/site-packages/airflow/example_dags/example_task_group_decorator.py for tasks to queue
[2022-11-01 22:43:53,767] {logging_mixin.py:115} INFO - [2022-11-01 22:43:53,767] {dagbag.py:507} INFO - Filling up the DagBag from /home/nayara/Documentos/airflowalura/venv/lib/python3.9/site-packages/airflow/example_dags/example_task_group_decorator.py
[2022-11-01 22:43:53,873] {processor.py:651} INFO - DAG(s) dict_keys(['example_task_group_decorator']) retrieved from /home/nayara/Documentos/airflowalura/venv/lib/python3.9/site-packages/airflow/example_dags/example_task_group_decorator.py
[2022-11-01 22:43:54,515] {logging_mixin.py:115} INFO - [2022-11-01 22:43:54,515] {dag.py:2379} INFO - Sync 1 DAGs
[2022-11-01 22:43:54,548] {logging_mixin.py:115} INFO - [2022-11-01 22:43:54,548] {dag.py:2927} INFO - Setting next_dagrun for example_task_group_decorator to 2022-11-01T01:43:54.548079+00:00, run_after=2022-11-02T01:43:54.548079+00:00
[2022-11-01 22:43:55,304] {processor.py:161} INFO - Processing /home/nayara/Documentos/airflowalura/venv/lib/python3.9/site-packages/airflow/example_dags/example_task_group_decorator.py took 1.556 seconds
[2022-11-01 22:45:13,618] {processor.py:153} INFO - Started process (PID=18197) to work on /home/nayara/Documentos/airflowalura/venv/lib/python3.9/site-packages/airflow/example_dags/example_task_group_decorator.py
[2022-11-01 22:45:13,630] {processor.py:641} INFO - Processing file /home/nayara/Documentos/airflowalura/venv/lib/python3.9/site-packages/airflow/example_dags/example_task_group_decorator.py for tasks to queue
[2022-11-01 22:45:13,632] {logging_mixin.py:115} INFO - [2022-11-01 22:45:13,631] {dagbag.py:507} INFO - Filling up the DagBag from /home/nayara/Documentos/airflowalura/venv/lib/python3.9/site-packages/airflow/example_dags/example_task_group_decorator.py
[2022-11-01 22:45:13,718] {processor.py:651} INFO - DAG(s) dict_keys(['example_task_group_decorator']) retrieved from /home/nayara/Documentos/airflowalura/venv/lib/python3.9/site-packages/airflow/example_dags/example_task_group_decorator.py
[2022-11-01 22:45:13,835] {logging_mixin.py:115} INFO - [2022-11-01 22:45:13,835] {dag.py:2379} INFO - Sync 1 DAGs
[2022-11-01 22:45:13,866] {logging_mixin.py:115} INFO - [2022-11-01 22:45:13,866] {dag.py:2927} INFO - Setting next_dagrun for example_task_group_decorator to 2022-11-01T01:45:13.866132+00:00, run_after=2022-11-02T01:45:13.866132+00:00
[2022-11-01 22:45:14,265] {processor.py:161} INFO - Processing /home/nayara/Documentos/airflowalura/venv/lib/python3.9/site-packages/airflow/example_dags/example_task_group_decorator.py took 0.652 seconds
[2022-11-01 22:46:13,167] {processor.py:153} INFO - Started process (PID=18299) to work on /home/nayara/Documentos/airflowalura/venv/lib/python3.9/site-packages/airflow/example_dags/example_task_group_decorator.py
[2022-11-01 22:46:13,209] {processor.py:641} INFO - Processing file /home/nayara/Documentos/airflowalura/venv/lib/python3.9/site-packages/airflow/example_dags/example_task_group_decorator.py for tasks to queue
[2022-11-01 22:46:13,210] {logging_mixin.py:115} INFO - [2022-11-01 22:46:13,210] {dagbag.py:507} INFO - Filling up the DagBag from /home/nayara/Documentos/airflowalura/venv/lib/python3.9/site-packages/airflow/example_dags/example_task_group_decorator.py
[2022-11-01 22:46:13,296] {processor.py:651} INFO - DAG(s) dict_keys(['example_task_group_decorator']) retrieved from /home/nayara/Documentos/airflowalura/venv/lib/python3.9/site-packages/airflow/example_dags/example_task_group_decorator.py
[2022-11-01 22:46:13,405] {logging_mixin.py:115} INFO - [2022-11-01 22:46:13,405] {dag.py:2379} INFO - Sync 1 DAGs
[2022-11-01 22:46:13,440] {logging_mixin.py:115} INFO - [2022-11-01 22:46:13,440] {dag.py:2927} INFO - Setting next_dagrun for example_task_group_decorator to 2022-11-01T01:46:13.439928+00:00, run_after=2022-11-02T01:46:13.439928+00:00
[2022-11-01 22:46:13,791] {processor.py:161} INFO - Processing /home/nayara/Documentos/airflowalura/venv/lib/python3.9/site-packages/airflow/example_dags/example_task_group_decorator.py took 0.631 seconds
[2022-11-01 22:47:21,942] {processor.py:153} INFO - Started process (PID=18470) to work on /home/nayara/Documentos/airflowalura/venv/lib/python3.9/site-packages/airflow/example_dags/example_task_group_decorator.py
[2022-11-01 22:47:21,977] {processor.py:641} INFO - Processing file /home/nayara/Documentos/airflowalura/venv/lib/python3.9/site-packages/airflow/example_dags/example_task_group_decorator.py for tasks to queue
[2022-11-01 22:47:21,979] {logging_mixin.py:115} INFO - [2022-11-01 22:47:21,978] {dagbag.py:507} INFO - Filling up the DagBag from /home/nayara/Documentos/airflowalura/venv/lib/python3.9/site-packages/airflow/example_dags/example_task_group_decorator.py
[2022-11-01 22:47:22,050] {processor.py:651} INFO - DAG(s) dict_keys(['example_task_group_decorator']) retrieved from /home/nayara/Documentos/airflowalura/venv/lib/python3.9/site-packages/airflow/example_dags/example_task_group_decorator.py
[2022-11-01 22:47:22,174] {logging_mixin.py:115} INFO - [2022-11-01 22:47:22,173] {dag.py:2379} INFO - Sync 1 DAGs
[2022-11-01 22:47:22,205] {logging_mixin.py:115} INFO - [2022-11-01 22:47:22,205] {dag.py:2927} INFO - Setting next_dagrun for example_task_group_decorator to 2022-11-01T01:47:22.205284+00:00, run_after=2022-11-02T01:47:22.205284+00:00
[2022-11-01 22:47:22,493] {processor.py:161} INFO - Processing /home/nayara/Documentos/airflowalura/venv/lib/python3.9/site-packages/airflow/example_dags/example_task_group_decorator.py took 0.557 seconds
[2022-11-01 22:48:18,953] {processor.py:153} INFO - Started process (PID=18580) to work on /home/nayara/Documentos/airflowalura/venv/lib/python3.9/site-packages/airflow/example_dags/example_task_group_decorator.py
[2022-11-01 22:48:18,988] {processor.py:641} INFO - Processing file /home/nayara/Documentos/airflowalura/venv/lib/python3.9/site-packages/airflow/example_dags/example_task_group_decorator.py for tasks to queue
[2022-11-01 22:48:18,990] {logging_mixin.py:115} INFO - [2022-11-01 22:48:18,990] {dagbag.py:507} INFO - Filling up the DagBag from /home/nayara/Documentos/airflowalura/venv/lib/python3.9/site-packages/airflow/example_dags/example_task_group_decorator.py
[2022-11-01 22:48:19,062] {processor.py:651} INFO - DAG(s) dict_keys(['example_task_group_decorator']) retrieved from /home/nayara/Documentos/airflowalura/venv/lib/python3.9/site-packages/airflow/example_dags/example_task_group_decorator.py
[2022-11-01 22:48:19,100] {logging_mixin.py:115} INFO - [2022-11-01 22:48:19,100] {dag.py:2379} INFO - Sync 1 DAGs
[2022-11-01 22:48:19,145] {logging_mixin.py:115} INFO - [2022-11-01 22:48:19,145] {dag.py:2927} INFO - Setting next_dagrun for example_task_group_decorator to 2022-11-01T01:48:19.144907+00:00, run_after=2022-11-02T01:48:19.144907+00:00
[2022-11-01 22:48:19,528] {processor.py:161} INFO - Processing /home/nayara/Documentos/airflowalura/venv/lib/python3.9/site-packages/airflow/example_dags/example_task_group_decorator.py took 0.586 seconds
[2022-11-01 22:49:17,520] {processor.py:153} INFO - Started process (PID=18690) to work on /home/nayara/Documentos/airflowalura/venv/lib/python3.9/site-packages/airflow/example_dags/example_task_group_decorator.py
[2022-11-01 22:49:17,550] {processor.py:641} INFO - Processing file /home/nayara/Documentos/airflowalura/venv/lib/python3.9/site-packages/airflow/example_dags/example_task_group_decorator.py for tasks to queue
[2022-11-01 22:49:17,551] {logging_mixin.py:115} INFO - [2022-11-01 22:49:17,551] {dagbag.py:507} INFO - Filling up the DagBag from /home/nayara/Documentos/airflowalura/venv/lib/python3.9/site-packages/airflow/example_dags/example_task_group_decorator.py
[2022-11-01 22:49:17,618] {processor.py:651} INFO - DAG(s) dict_keys(['example_task_group_decorator']) retrieved from /home/nayara/Documentos/airflowalura/venv/lib/python3.9/site-packages/airflow/example_dags/example_task_group_decorator.py
[2022-11-01 22:49:17,736] {logging_mixin.py:115} INFO - [2022-11-01 22:49:17,736] {dag.py:2379} INFO - Sync 1 DAGs
[2022-11-01 22:49:17,768] {logging_mixin.py:115} INFO - [2022-11-01 22:49:17,768] {dag.py:2927} INFO - Setting next_dagrun for example_task_group_decorator to 2022-11-01T01:49:17.767649+00:00, run_after=2022-11-02T01:49:17.767649+00:00
[2022-11-01 22:49:18,064] {processor.py:161} INFO - Processing /home/nayara/Documentos/airflowalura/venv/lib/python3.9/site-packages/airflow/example_dags/example_task_group_decorator.py took 0.549 seconds
[2022-11-01 22:50:13,919] {processor.py:153} INFO - Started process (PID=18793) to work on /home/nayara/Documentos/airflowalura/venv/lib/python3.9/site-packages/airflow/example_dags/example_task_group_decorator.py
[2022-11-01 22:50:14,006] {processor.py:641} INFO - Processing file /home/nayara/Documentos/airflowalura/venv/lib/python3.9/site-packages/airflow/example_dags/example_task_group_decorator.py for tasks to queue
[2022-11-01 22:50:14,008] {logging_mixin.py:115} INFO - [2022-11-01 22:50:14,007] {dagbag.py:507} INFO - Filling up the DagBag from /home/nayara/Documentos/airflowalura/venv/lib/python3.9/site-packages/airflow/example_dags/example_task_group_decorator.py
[2022-11-01 22:50:14,093] {processor.py:651} INFO - DAG(s) dict_keys(['example_task_group_decorator']) retrieved from /home/nayara/Documentos/airflowalura/venv/lib/python3.9/site-packages/airflow/example_dags/example_task_group_decorator.py
[2022-11-01 22:50:14,139] {logging_mixin.py:115} INFO - [2022-11-01 22:50:14,139] {dag.py:2379} INFO - Sync 1 DAGs
[2022-11-01 22:50:14,178] {logging_mixin.py:115} INFO - [2022-11-01 22:50:14,178] {dag.py:2927} INFO - Setting next_dagrun for example_task_group_decorator to 2022-11-01T01:50:14.177769+00:00, run_after=2022-11-02T01:50:14.177769+00:00
[2022-11-01 22:50:14,518] {processor.py:161} INFO - Processing /home/nayara/Documentos/airflowalura/venv/lib/python3.9/site-packages/airflow/example_dags/example_task_group_decorator.py took 0.606 seconds
[2022-11-01 22:51:09,416] {processor.py:153} INFO - Started process (PID=18913) to work on /home/nayara/Documentos/airflowalura/venv/lib/python3.9/site-packages/airflow/example_dags/example_task_group_decorator.py
[2022-11-01 22:51:09,426] {processor.py:641} INFO - Processing file /home/nayara/Documentos/airflowalura/venv/lib/python3.9/site-packages/airflow/example_dags/example_task_group_decorator.py for tasks to queue
[2022-11-01 22:51:09,428] {logging_mixin.py:115} INFO - [2022-11-01 22:51:09,428] {dagbag.py:507} INFO - Filling up the DagBag from /home/nayara/Documentos/airflowalura/venv/lib/python3.9/site-packages/airflow/example_dags/example_task_group_decorator.py
[2022-11-01 22:51:09,627] {processor.py:651} INFO - DAG(s) dict_keys(['example_task_group_decorator']) retrieved from /home/nayara/Documentos/airflowalura/venv/lib/python3.9/site-packages/airflow/example_dags/example_task_group_decorator.py
[2022-11-01 22:51:09,678] {logging_mixin.py:115} INFO - [2022-11-01 22:51:09,677] {dag.py:2379} INFO - Sync 1 DAGs
[2022-11-01 22:51:09,719] {logging_mixin.py:115} INFO - [2022-11-01 22:51:09,718] {dag.py:2927} INFO - Setting next_dagrun for example_task_group_decorator to 2022-11-01T01:51:09.717570+00:00, run_after=2022-11-02T01:51:09.717570+00:00
[2022-11-01 22:51:10,207] {processor.py:161} INFO - Processing /home/nayara/Documentos/airflowalura/venv/lib/python3.9/site-packages/airflow/example_dags/example_task_group_decorator.py took 0.810 seconds
[2022-11-01 22:52:41,612] {processor.py:153} INFO - Started process (PID=19100) to work on /home/nayara/Documentos/airflowalura/venv/lib/python3.9/site-packages/airflow/example_dags/example_task_group_decorator.py
[2022-11-01 22:52:41,677] {processor.py:641} INFO - Processing file /home/nayara/Documentos/airflowalura/venv/lib/python3.9/site-packages/airflow/example_dags/example_task_group_decorator.py for tasks to queue
[2022-11-01 22:52:41,689] {logging_mixin.py:115} INFO - [2022-11-01 22:52:41,689] {dagbag.py:507} INFO - Filling up the DagBag from /home/nayara/Documentos/airflowalura/venv/lib/python3.9/site-packages/airflow/example_dags/example_task_group_decorator.py
[2022-11-01 22:52:41,783] {processor.py:651} INFO - DAG(s) dict_keys(['example_task_group_decorator']) retrieved from /home/nayara/Documentos/airflowalura/venv/lib/python3.9/site-packages/airflow/example_dags/example_task_group_decorator.py
[2022-11-01 22:52:41,838] {logging_mixin.py:115} INFO - [2022-11-01 22:52:41,838] {dag.py:2379} INFO - Sync 1 DAGs
[2022-11-01 22:52:41,877] {logging_mixin.py:115} INFO - [2022-11-01 22:52:41,877] {dag.py:2927} INFO - Setting next_dagrun for example_task_group_decorator to 2022-11-01T01:52:41.876643+00:00, run_after=2022-11-02T01:52:41.876643+00:00
[2022-11-01 22:52:42,231] {processor.py:161} INFO - Processing /home/nayara/Documentos/airflowalura/venv/lib/python3.9/site-packages/airflow/example_dags/example_task_group_decorator.py took 0.624 seconds
[2022-11-01 22:53:41,389] {processor.py:153} INFO - Started process (PID=19216) to work on /home/nayara/Documentos/airflowalura/venv/lib/python3.9/site-packages/airflow/example_dags/example_task_group_decorator.py
[2022-11-01 22:53:41,391] {processor.py:641} INFO - Processing file /home/nayara/Documentos/airflowalura/venv/lib/python3.9/site-packages/airflow/example_dags/example_task_group_decorator.py for tasks to queue
[2022-11-01 22:53:41,393] {logging_mixin.py:115} INFO - [2022-11-01 22:53:41,392] {dagbag.py:507} INFO - Filling up the DagBag from /home/nayara/Documentos/airflowalura/venv/lib/python3.9/site-packages/airflow/example_dags/example_task_group_decorator.py
[2022-11-01 22:53:41,469] {processor.py:651} INFO - DAG(s) dict_keys(['example_task_group_decorator']) retrieved from /home/nayara/Documentos/airflowalura/venv/lib/python3.9/site-packages/airflow/example_dags/example_task_group_decorator.py
[2022-11-01 22:53:41,518] {logging_mixin.py:115} INFO - [2022-11-01 22:53:41,518] {dag.py:2379} INFO - Sync 1 DAGs
[2022-11-01 22:53:41,550] {logging_mixin.py:115} INFO - [2022-11-01 22:53:41,550] {dag.py:2927} INFO - Setting next_dagrun for example_task_group_decorator to 2022-11-01T01:53:41.549812+00:00, run_after=2022-11-02T01:53:41.549812+00:00
[2022-11-01 22:53:41,863] {processor.py:161} INFO - Processing /home/nayara/Documentos/airflowalura/venv/lib/python3.9/site-packages/airflow/example_dags/example_task_group_decorator.py took 0.480 seconds
[2022-11-01 22:54:47,510] {processor.py:153} INFO - Started process (PID=19350) to work on /home/nayara/Documentos/airflowalura/venv/lib/python3.9/site-packages/airflow/example_dags/example_task_group_decorator.py
[2022-11-01 22:54:47,535] {processor.py:641} INFO - Processing file /home/nayara/Documentos/airflowalura/venv/lib/python3.9/site-packages/airflow/example_dags/example_task_group_decorator.py for tasks to queue
[2022-11-01 22:54:47,537] {logging_mixin.py:115} INFO - [2022-11-01 22:54:47,536] {dagbag.py:507} INFO - Filling up the DagBag from /home/nayara/Documentos/airflowalura/venv/lib/python3.9/site-packages/airflow/example_dags/example_task_group_decorator.py
[2022-11-01 22:54:47,591] {processor.py:651} INFO - DAG(s) dict_keys(['example_task_group_decorator']) retrieved from /home/nayara/Documentos/airflowalura/venv/lib/python3.9/site-packages/airflow/example_dags/example_task_group_decorator.py
[2022-11-01 22:54:47,645] {logging_mixin.py:115} INFO - [2022-11-01 22:54:47,645] {dag.py:2379} INFO - Sync 1 DAGs
[2022-11-01 22:54:47,659] {logging_mixin.py:115} INFO - [2022-11-01 22:54:47,659] {dag.py:2927} INFO - Setting next_dagrun for example_task_group_decorator to 2022-11-01T01:54:47.659378+00:00, run_after=2022-11-02T01:54:47.659378+00:00
[2022-11-01 22:54:48,001] {processor.py:161} INFO - Processing /home/nayara/Documentos/airflowalura/venv/lib/python3.9/site-packages/airflow/example_dags/example_task_group_decorator.py took 0.495 seconds
[2022-11-01 22:55:58,250] {processor.py:153} INFO - Started process (PID=19530) to work on /home/nayara/Documentos/airflowalura/venv/lib/python3.9/site-packages/airflow/example_dags/example_task_group_decorator.py
[2022-11-01 22:55:58,300] {processor.py:641} INFO - Processing file /home/nayara/Documentos/airflowalura/venv/lib/python3.9/site-packages/airflow/example_dags/example_task_group_decorator.py for tasks to queue
[2022-11-01 22:55:58,302] {logging_mixin.py:115} INFO - [2022-11-01 22:55:58,301] {dagbag.py:507} INFO - Filling up the DagBag from /home/nayara/Documentos/airflowalura/venv/lib/python3.9/site-packages/airflow/example_dags/example_task_group_decorator.py
[2022-11-01 22:55:58,372] {processor.py:651} INFO - DAG(s) dict_keys(['example_task_group_decorator']) retrieved from /home/nayara/Documentos/airflowalura/venv/lib/python3.9/site-packages/airflow/example_dags/example_task_group_decorator.py
[2022-11-01 22:55:58,397] {logging_mixin.py:115} INFO - [2022-11-01 22:55:58,397] {dag.py:2379} INFO - Sync 1 DAGs
[2022-11-01 22:55:58,414] {logging_mixin.py:115} INFO - [2022-11-01 22:55:58,414] {dag.py:2927} INFO - Setting next_dagrun for example_task_group_decorator to 2022-11-01T01:55:58.414300+00:00, run_after=2022-11-02T01:55:58.414300+00:00
[2022-11-01 22:55:58,926] {processor.py:161} INFO - Processing /home/nayara/Documentos/airflowalura/venv/lib/python3.9/site-packages/airflow/example_dags/example_task_group_decorator.py took 0.691 seconds
[2022-11-01 22:57:23,932] {processor.py:153} INFO - Started process (PID=19756) to work on /home/nayara/Documentos/airflowalura/venv/lib/python3.9/site-packages/airflow/example_dags/example_task_group_decorator.py
[2022-11-01 22:57:23,947] {processor.py:641} INFO - Processing file /home/nayara/Documentos/airflowalura/venv/lib/python3.9/site-packages/airflow/example_dags/example_task_group_decorator.py for tasks to queue
[2022-11-01 22:57:23,947] {logging_mixin.py:115} INFO - [2022-11-01 22:57:23,947] {dagbag.py:507} INFO - Filling up the DagBag from /home/nayara/Documentos/airflowalura/venv/lib/python3.9/site-packages/airflow/example_dags/example_task_group_decorator.py
[2022-11-01 22:57:23,979] {processor.py:651} INFO - DAG(s) dict_keys(['example_task_group_decorator']) retrieved from /home/nayara/Documentos/airflowalura/venv/lib/python3.9/site-packages/airflow/example_dags/example_task_group_decorator.py
[2022-11-01 22:57:24,033] {logging_mixin.py:115} INFO - [2022-11-01 22:57:24,033] {dag.py:2379} INFO - Sync 1 DAGs
[2022-11-01 22:57:24,048] {logging_mixin.py:115} INFO - [2022-11-01 22:57:24,048] {dag.py:2927} INFO - Setting next_dagrun for example_task_group_decorator to 2022-11-01T01:57:24.048227+00:00, run_after=2022-11-02T01:57:24.048227+00:00
[2022-11-01 22:57:24,572] {processor.py:161} INFO - Processing /home/nayara/Documentos/airflowalura/venv/lib/python3.9/site-packages/airflow/example_dags/example_task_group_decorator.py took 0.645 seconds
[2022-11-01 22:58:23,351] {processor.py:153} INFO - Started process (PID=19882) to work on /home/nayara/Documentos/airflowalura/venv/lib/python3.9/site-packages/airflow/example_dags/example_task_group_decorator.py
[2022-11-01 22:58:23,368] {processor.py:641} INFO - Processing file /home/nayara/Documentos/airflowalura/venv/lib/python3.9/site-packages/airflow/example_dags/example_task_group_decorator.py for tasks to queue
[2022-11-01 22:58:23,369] {logging_mixin.py:115} INFO - [2022-11-01 22:58:23,369] {dagbag.py:507} INFO - Filling up the DagBag from /home/nayara/Documentos/airflowalura/venv/lib/python3.9/site-packages/airflow/example_dags/example_task_group_decorator.py
[2022-11-01 22:58:23,401] {processor.py:651} INFO - DAG(s) dict_keys(['example_task_group_decorator']) retrieved from /home/nayara/Documentos/airflowalura/venv/lib/python3.9/site-packages/airflow/example_dags/example_task_group_decorator.py
[2022-11-01 22:58:23,424] {logging_mixin.py:115} INFO - [2022-11-01 22:58:23,424] {dag.py:2379} INFO - Sync 1 DAGs
[2022-11-01 22:58:23,443] {logging_mixin.py:115} INFO - [2022-11-01 22:58:23,443] {dag.py:2927} INFO - Setting next_dagrun for example_task_group_decorator to 2022-11-01T01:58:23.442868+00:00, run_after=2022-11-02T01:58:23.442868+00:00
[2022-11-01 22:58:23,724] {processor.py:161} INFO - Processing /home/nayara/Documentos/airflowalura/venv/lib/python3.9/site-packages/airflow/example_dags/example_task_group_decorator.py took 0.377 seconds
[2022-11-01 22:59:11,803] {processor.py:153} INFO - Started process (PID=19986) to work on /home/nayara/Documentos/airflowalura/venv/lib/python3.9/site-packages/airflow/example_dags/example_task_group_decorator.py
[2022-11-01 22:59:11,816] {processor.py:641} INFO - Processing file /home/nayara/Documentos/airflowalura/venv/lib/python3.9/site-packages/airflow/example_dags/example_task_group_decorator.py for tasks to queue
[2022-11-01 22:59:11,817] {logging_mixin.py:115} INFO - [2022-11-01 22:59:11,817] {dagbag.py:507} INFO - Filling up the DagBag from /home/nayara/Documentos/airflowalura/venv/lib/python3.9/site-packages/airflow/example_dags/example_task_group_decorator.py
[2022-11-01 22:59:11,860] {processor.py:651} INFO - DAG(s) dict_keys(['example_task_group_decorator']) retrieved from /home/nayara/Documentos/airflowalura/venv/lib/python3.9/site-packages/airflow/example_dags/example_task_group_decorator.py
[2022-11-01 22:59:11,884] {logging_mixin.py:115} INFO - [2022-11-01 22:59:11,884] {dag.py:2379} INFO - Sync 1 DAGs
[2022-11-01 22:59:11,905] {logging_mixin.py:115} INFO - [2022-11-01 22:59:11,904] {dag.py:2927} INFO - Setting next_dagrun for example_task_group_decorator to 2022-11-01T01:59:11.904423+00:00, run_after=2022-11-02T01:59:11.904423+00:00
[2022-11-01 22:59:12,228] {processor.py:161} INFO - Processing /home/nayara/Documentos/airflowalura/venv/lib/python3.9/site-packages/airflow/example_dags/example_task_group_decorator.py took 0.441 seconds
[2022-11-01 23:00:04,032] {processor.py:153} INFO - Started process (PID=20099) to work on /home/nayara/Documentos/airflowalura/venv/lib/python3.9/site-packages/airflow/example_dags/example_task_group_decorator.py
[2022-11-01 23:00:04,047] {processor.py:641} INFO - Processing file /home/nayara/Documentos/airflowalura/venv/lib/python3.9/site-packages/airflow/example_dags/example_task_group_decorator.py for tasks to queue
[2022-11-01 23:00:04,050] {logging_mixin.py:115} INFO - [2022-11-01 23:00:04,049] {dagbag.py:507} INFO - Filling up the DagBag from /home/nayara/Documentos/airflowalura/venv/lib/python3.9/site-packages/airflow/example_dags/example_task_group_decorator.py
[2022-11-01 23:00:04,108] {processor.py:651} INFO - DAG(s) dict_keys(['example_task_group_decorator']) retrieved from /home/nayara/Documentos/airflowalura/venv/lib/python3.9/site-packages/airflow/example_dags/example_task_group_decorator.py
[2022-11-01 23:00:04,173] {logging_mixin.py:115} INFO - [2022-11-01 23:00:04,173] {dag.py:2379} INFO - Sync 1 DAGs
[2022-11-01 23:00:04,191] {logging_mixin.py:115} INFO - [2022-11-01 23:00:04,191] {dag.py:2927} INFO - Setting next_dagrun for example_task_group_decorator to 2022-11-01T02:00:04.190823+00:00, run_after=2022-11-02T02:00:04.190823+00:00
[2022-11-01 23:00:04,502] {processor.py:161} INFO - Processing /home/nayara/Documentos/airflowalura/venv/lib/python3.9/site-packages/airflow/example_dags/example_task_group_decorator.py took 0.482 seconds
[2022-11-01 23:00:57,966] {processor.py:153} INFO - Started process (PID=20183) to work on /home/nayara/Documentos/airflowalura/venv/lib/python3.9/site-packages/airflow/example_dags/example_task_group_decorator.py
[2022-11-01 23:00:57,967] {processor.py:641} INFO - Processing file /home/nayara/Documentos/airflowalura/venv/lib/python3.9/site-packages/airflow/example_dags/example_task_group_decorator.py for tasks to queue
[2022-11-01 23:00:57,968] {logging_mixin.py:115} INFO - [2022-11-01 23:00:57,968] {dagbag.py:507} INFO - Filling up the DagBag from /home/nayara/Documentos/airflowalura/venv/lib/python3.9/site-packages/airflow/example_dags/example_task_group_decorator.py
[2022-11-01 23:00:58,002] {processor.py:651} INFO - DAG(s) dict_keys(['example_task_group_decorator']) retrieved from /home/nayara/Documentos/airflowalura/venv/lib/python3.9/site-packages/airflow/example_dags/example_task_group_decorator.py
[2022-11-01 23:00:58,057] {logging_mixin.py:115} INFO - [2022-11-01 23:00:58,057] {dag.py:2379} INFO - Sync 1 DAGs
[2022-11-01 23:00:58,074] {logging_mixin.py:115} INFO - [2022-11-01 23:00:58,073] {dag.py:2927} INFO - Setting next_dagrun for example_task_group_decorator to 2022-11-01T02:00:58.073624+00:00, run_after=2022-11-02T02:00:58.073624+00:00
[2022-11-01 23:00:58,390] {processor.py:161} INFO - Processing /home/nayara/Documentos/airflowalura/venv/lib/python3.9/site-packages/airflow/example_dags/example_task_group_decorator.py took 0.434 seconds
[2022-11-01 23:01:47,513] {processor.py:153} INFO - Started process (PID=20305) to work on /home/nayara/Documentos/airflowalura/venv/lib/python3.9/site-packages/airflow/example_dags/example_task_group_decorator.py
[2022-11-01 23:01:47,515] {processor.py:641} INFO - Processing file /home/nayara/Documentos/airflowalura/venv/lib/python3.9/site-packages/airflow/example_dags/example_task_group_decorator.py for tasks to queue
[2022-11-01 23:01:47,516] {logging_mixin.py:115} INFO - [2022-11-01 23:01:47,516] {dagbag.py:507} INFO - Filling up the DagBag from /home/nayara/Documentos/airflowalura/venv/lib/python3.9/site-packages/airflow/example_dags/example_task_group_decorator.py
[2022-11-01 23:01:47,576] {processor.py:651} INFO - DAG(s) dict_keys(['example_task_group_decorator']) retrieved from /home/nayara/Documentos/airflowalura/venv/lib/python3.9/site-packages/airflow/example_dags/example_task_group_decorator.py
[2022-11-01 23:01:47,609] {logging_mixin.py:115} INFO - [2022-11-01 23:01:47,609] {dag.py:2379} INFO - Sync 1 DAGs
[2022-11-01 23:01:47,632] {logging_mixin.py:115} INFO - [2022-11-01 23:01:47,632] {dag.py:2927} INFO - Setting next_dagrun for example_task_group_decorator to 2022-11-01T02:01:47.632084+00:00, run_after=2022-11-02T02:01:47.632084+00:00
[2022-11-01 23:01:48,097] {processor.py:161} INFO - Processing /home/nayara/Documentos/airflowalura/venv/lib/python3.9/site-packages/airflow/example_dags/example_task_group_decorator.py took 0.589 seconds
[2022-11-01 23:03:38,011] {processor.py:153} INFO - Started process (PID=20534) to work on /home/nayara/Documentos/airflowalura/venv/lib/python3.9/site-packages/airflow/example_dags/example_task_group_decorator.py
[2022-11-01 23:03:38,023] {processor.py:641} INFO - Processing file /home/nayara/Documentos/airflowalura/venv/lib/python3.9/site-packages/airflow/example_dags/example_task_group_decorator.py for tasks to queue
[2022-11-01 23:03:38,025] {logging_mixin.py:115} INFO - [2022-11-01 23:03:38,025] {dagbag.py:507} INFO - Filling up the DagBag from /home/nayara/Documentos/airflowalura/venv/lib/python3.9/site-packages/airflow/example_dags/example_task_group_decorator.py
[2022-11-01 23:03:38,073] {processor.py:651} INFO - DAG(s) dict_keys(['example_task_group_decorator']) retrieved from /home/nayara/Documentos/airflowalura/venv/lib/python3.9/site-packages/airflow/example_dags/example_task_group_decorator.py
[2022-11-01 23:03:38,101] {logging_mixin.py:115} INFO - [2022-11-01 23:03:38,101] {dag.py:2379} INFO - Sync 1 DAGs
[2022-11-01 23:03:38,121] {logging_mixin.py:115} INFO - [2022-11-01 23:03:38,121] {dag.py:2927} INFO - Setting next_dagrun for example_task_group_decorator to 2022-11-01T02:03:38.121397+00:00, run_after=2022-11-02T02:03:38.121397+00:00
[2022-11-01 23:03:38,606] {processor.py:161} INFO - Processing /home/nayara/Documentos/airflowalura/venv/lib/python3.9/site-packages/airflow/example_dags/example_task_group_decorator.py took 0.613 seconds
[2022-11-01 23:04:46,147] {processor.py:153} INFO - Started process (PID=20685) to work on /home/nayara/Documentos/airflowalura/venv/lib/python3.9/site-packages/airflow/example_dags/example_task_group_decorator.py
[2022-11-01 23:04:46,172] {processor.py:641} INFO - Processing file /home/nayara/Documentos/airflowalura/venv/lib/python3.9/site-packages/airflow/example_dags/example_task_group_decorator.py for tasks to queue
[2022-11-01 23:04:46,173] {logging_mixin.py:115} INFO - [2022-11-01 23:04:46,173] {dagbag.py:507} INFO - Filling up the DagBag from /home/nayara/Documentos/airflowalura/venv/lib/python3.9/site-packages/airflow/example_dags/example_task_group_decorator.py
[2022-11-01 23:04:46,313] {processor.py:651} INFO - DAG(s) dict_keys(['example_task_group_decorator']) retrieved from /home/nayara/Documentos/airflowalura/venv/lib/python3.9/site-packages/airflow/example_dags/example_task_group_decorator.py
[2022-11-01 23:04:46,378] {logging_mixin.py:115} INFO - [2022-11-01 23:04:46,378] {dag.py:2379} INFO - Sync 1 DAGs
[2022-11-01 23:04:46,403] {logging_mixin.py:115} INFO - [2022-11-01 23:04:46,403] {dag.py:2927} INFO - Setting next_dagrun for example_task_group_decorator to 2022-11-01T02:04:46.397360+00:00, run_after=2022-11-02T02:04:46.397360+00:00
[2022-11-01 23:04:46,699] {processor.py:161} INFO - Processing /home/nayara/Documentos/airflowalura/venv/lib/python3.9/site-packages/airflow/example_dags/example_task_group_decorator.py took 0.570 seconds
[2022-11-01 23:05:41,389] {processor.py:153} INFO - Started process (PID=20807) to work on /home/nayara/Documentos/airflowalura/venv/lib/python3.9/site-packages/airflow/example_dags/example_task_group_decorator.py
[2022-11-01 23:05:41,406] {processor.py:641} INFO - Processing file /home/nayara/Documentos/airflowalura/venv/lib/python3.9/site-packages/airflow/example_dags/example_task_group_decorator.py for tasks to queue
[2022-11-01 23:05:41,409] {logging_mixin.py:115} INFO - [2022-11-01 23:05:41,408] {dagbag.py:507} INFO - Filling up the DagBag from /home/nayara/Documentos/airflowalura/venv/lib/python3.9/site-packages/airflow/example_dags/example_task_group_decorator.py
[2022-11-01 23:05:41,460] {processor.py:651} INFO - DAG(s) dict_keys(['example_task_group_decorator']) retrieved from /home/nayara/Documentos/airflowalura/venv/lib/python3.9/site-packages/airflow/example_dags/example_task_group_decorator.py
[2022-11-01 23:05:41,516] {logging_mixin.py:115} INFO - [2022-11-01 23:05:41,516] {dag.py:2379} INFO - Sync 1 DAGs
[2022-11-01 23:05:41,534] {logging_mixin.py:115} INFO - [2022-11-01 23:05:41,534] {dag.py:2927} INFO - Setting next_dagrun for example_task_group_decorator to 2022-11-01T02:05:41.533679+00:00, run_after=2022-11-02T02:05:41.533679+00:00
[2022-11-01 23:05:41,823] {processor.py:161} INFO - Processing /home/nayara/Documentos/airflowalura/venv/lib/python3.9/site-packages/airflow/example_dags/example_task_group_decorator.py took 0.437 seconds
[2022-11-01 23:06:33,683] {processor.py:153} INFO - Started process (PID=20891) to work on /home/nayara/Documentos/airflowalura/venv/lib/python3.9/site-packages/airflow/example_dags/example_task_group_decorator.py
[2022-11-01 23:06:33,696] {processor.py:641} INFO - Processing file /home/nayara/Documentos/airflowalura/venv/lib/python3.9/site-packages/airflow/example_dags/example_task_group_decorator.py for tasks to queue
[2022-11-01 23:06:33,698] {logging_mixin.py:115} INFO - [2022-11-01 23:06:33,697] {dagbag.py:507} INFO - Filling up the DagBag from /home/nayara/Documentos/airflowalura/venv/lib/python3.9/site-packages/airflow/example_dags/example_task_group_decorator.py
[2022-11-01 23:06:33,736] {processor.py:651} INFO - DAG(s) dict_keys(['example_task_group_decorator']) retrieved from /home/nayara/Documentos/airflowalura/venv/lib/python3.9/site-packages/airflow/example_dags/example_task_group_decorator.py
[2022-11-01 23:06:33,759] {logging_mixin.py:115} INFO - [2022-11-01 23:06:33,759] {dag.py:2379} INFO - Sync 1 DAGs
[2022-11-01 23:06:33,779] {logging_mixin.py:115} INFO - [2022-11-01 23:06:33,779] {dag.py:2927} INFO - Setting next_dagrun for example_task_group_decorator to 2022-11-01T02:06:33.779192+00:00, run_after=2022-11-02T02:06:33.779192+00:00
[2022-11-01 23:06:34,066] {processor.py:161} INFO - Processing /home/nayara/Documentos/airflowalura/venv/lib/python3.9/site-packages/airflow/example_dags/example_task_group_decorator.py took 0.395 seconds
[2022-11-01 23:07:32,652] {processor.py:153} INFO - Started process (PID=21074) to work on /home/nayara/Documentos/airflowalura/venv/lib/python3.9/site-packages/airflow/example_dags/example_task_group_decorator.py
[2022-11-01 23:07:32,653] {processor.py:641} INFO - Processing file /home/nayara/Documentos/airflowalura/venv/lib/python3.9/site-packages/airflow/example_dags/example_task_group_decorator.py for tasks to queue
[2022-11-01 23:07:32,655] {logging_mixin.py:115} INFO - [2022-11-01 23:07:32,654] {dagbag.py:507} INFO - Filling up the DagBag from /home/nayara/Documentos/airflowalura/venv/lib/python3.9/site-packages/airflow/example_dags/example_task_group_decorator.py
[2022-11-01 23:07:32,687] {processor.py:651} INFO - DAG(s) dict_keys(['example_task_group_decorator']) retrieved from /home/nayara/Documentos/airflowalura/venv/lib/python3.9/site-packages/airflow/example_dags/example_task_group_decorator.py
[2022-11-01 23:07:32,709] {logging_mixin.py:115} INFO - [2022-11-01 23:07:32,708] {dag.py:2379} INFO - Sync 1 DAGs
[2022-11-01 23:07:32,729] {logging_mixin.py:115} INFO - [2022-11-01 23:07:32,729] {dag.py:2927} INFO - Setting next_dagrun for example_task_group_decorator to 2022-11-01T02:07:32.729225+00:00, run_after=2022-11-02T02:07:32.729225+00:00
[2022-11-01 23:07:32,922] {processor.py:161} INFO - Processing /home/nayara/Documentos/airflowalura/venv/lib/python3.9/site-packages/airflow/example_dags/example_task_group_decorator.py took 0.276 seconds
[2022-11-01 23:08:20,617] {processor.py:153} INFO - Started process (PID=21160) to work on /home/nayara/Documentos/airflowalura/venv/lib/python3.9/site-packages/airflow/example_dags/example_task_group_decorator.py
[2022-11-01 23:08:20,629] {processor.py:641} INFO - Processing file /home/nayara/Documentos/airflowalura/venv/lib/python3.9/site-packages/airflow/example_dags/example_task_group_decorator.py for tasks to queue
[2022-11-01 23:08:20,630] {logging_mixin.py:115} INFO - [2022-11-01 23:08:20,630] {dagbag.py:507} INFO - Filling up the DagBag from /home/nayara/Documentos/airflowalura/venv/lib/python3.9/site-packages/airflow/example_dags/example_task_group_decorator.py
[2022-11-01 23:08:20,667] {processor.py:651} INFO - DAG(s) dict_keys(['example_task_group_decorator']) retrieved from /home/nayara/Documentos/airflowalura/venv/lib/python3.9/site-packages/airflow/example_dags/example_task_group_decorator.py
[2022-11-01 23:08:20,689] {logging_mixin.py:115} INFO - [2022-11-01 23:08:20,688] {dag.py:2379} INFO - Sync 1 DAGs
[2022-11-01 23:08:20,706] {logging_mixin.py:115} INFO - [2022-11-01 23:08:20,706] {dag.py:2927} INFO - Setting next_dagrun for example_task_group_decorator to 2022-11-01T02:08:20.705773+00:00, run_after=2022-11-02T02:08:20.705773+00:00
[2022-11-01 23:08:20,995] {processor.py:161} INFO - Processing /home/nayara/Documentos/airflowalura/venv/lib/python3.9/site-packages/airflow/example_dags/example_task_group_decorator.py took 0.389 seconds
[2022-11-01 23:09:03,651] {processor.py:153} INFO - Started process (PID=21280) to work on /home/nayara/Documentos/airflowalura/venv/lib/python3.9/site-packages/airflow/example_dags/example_task_group_decorator.py
[2022-11-01 23:09:03,702] {processor.py:641} INFO - Processing file /home/nayara/Documentos/airflowalura/venv/lib/python3.9/site-packages/airflow/example_dags/example_task_group_decorator.py for tasks to queue
[2022-11-01 23:09:03,702] {logging_mixin.py:115} INFO - [2022-11-01 23:09:03,702] {dagbag.py:507} INFO - Filling up the DagBag from /home/nayara/Documentos/airflowalura/venv/lib/python3.9/site-packages/airflow/example_dags/example_task_group_decorator.py
[2022-11-01 23:09:03,753] {processor.py:651} INFO - DAG(s) dict_keys(['example_task_group_decorator']) retrieved from /home/nayara/Documentos/airflowalura/venv/lib/python3.9/site-packages/airflow/example_dags/example_task_group_decorator.py
[2022-11-01 23:09:03,810] {logging_mixin.py:115} INFO - [2022-11-01 23:09:03,810] {dag.py:2379} INFO - Sync 1 DAGs
[2022-11-01 23:09:03,828] {logging_mixin.py:115} INFO - [2022-11-01 23:09:03,828] {dag.py:2927} INFO - Setting next_dagrun for example_task_group_decorator to 2022-11-01T02:09:03.828156+00:00, run_after=2022-11-02T02:09:03.828156+00:00
[2022-11-01 23:09:04,189] {processor.py:161} INFO - Processing /home/nayara/Documentos/airflowalura/venv/lib/python3.9/site-packages/airflow/example_dags/example_task_group_decorator.py took 0.541 seconds
[2022-11-01 23:09:56,773] {processor.py:153} INFO - Started process (PID=21431) to work on /home/nayara/Documentos/airflowalura/venv/lib/python3.9/site-packages/airflow/example_dags/example_task_group_decorator.py
[2022-11-01 23:09:56,810] {processor.py:641} INFO - Processing file /home/nayara/Documentos/airflowalura/venv/lib/python3.9/site-packages/airflow/example_dags/example_task_group_decorator.py for tasks to queue
[2022-11-01 23:09:56,810] {logging_mixin.py:115} INFO - [2022-11-01 23:09:56,810] {dagbag.py:507} INFO - Filling up the DagBag from /home/nayara/Documentos/airflowalura/venv/lib/python3.9/site-packages/airflow/example_dags/example_task_group_decorator.py
[2022-11-01 23:09:56,857] {processor.py:651} INFO - DAG(s) dict_keys(['example_task_group_decorator']) retrieved from /home/nayara/Documentos/airflowalura/venv/lib/python3.9/site-packages/airflow/example_dags/example_task_group_decorator.py
[2022-11-01 23:09:57,011] {logging_mixin.py:115} INFO - [2022-11-01 23:09:57,011] {dag.py:2379} INFO - Sync 1 DAGs
[2022-11-01 23:09:57,043] {logging_mixin.py:115} INFO - [2022-11-01 23:09:57,043] {dag.py:2927} INFO - Setting next_dagrun for example_task_group_decorator to 2022-11-01T02:09:57.042985+00:00, run_after=2022-11-02T02:09:57.042985+00:00
[2022-11-01 23:09:57,724] {processor.py:161} INFO - Processing /home/nayara/Documentos/airflowalura/venv/lib/python3.9/site-packages/airflow/example_dags/example_task_group_decorator.py took 0.957 seconds
[2022-11-01 23:10:59,006] {processor.py:153} INFO - Started process (PID=21569) to work on /home/nayara/Documentos/airflowalura/venv/lib/python3.9/site-packages/airflow/example_dags/example_task_group_decorator.py
[2022-11-01 23:10:59,101] {processor.py:641} INFO - Processing file /home/nayara/Documentos/airflowalura/venv/lib/python3.9/site-packages/airflow/example_dags/example_task_group_decorator.py for tasks to queue
[2022-11-01 23:10:59,105] {logging_mixin.py:115} INFO - [2022-11-01 23:10:59,104] {dagbag.py:507} INFO - Filling up the DagBag from /home/nayara/Documentos/airflowalura/venv/lib/python3.9/site-packages/airflow/example_dags/example_task_group_decorator.py
[2022-11-01 23:10:59,223] {processor.py:651} INFO - DAG(s) dict_keys(['example_task_group_decorator']) retrieved from /home/nayara/Documentos/airflowalura/venv/lib/python3.9/site-packages/airflow/example_dags/example_task_group_decorator.py
[2022-11-01 23:10:59,304] {logging_mixin.py:115} INFO - [2022-11-01 23:10:59,304] {dag.py:2379} INFO - Sync 1 DAGs
[2022-11-01 23:10:59,323] {logging_mixin.py:115} INFO - [2022-11-01 23:10:59,323] {dag.py:2927} INFO - Setting next_dagrun for example_task_group_decorator to 2022-11-01T02:10:59.322970+00:00, run_after=2022-11-02T02:10:59.322970+00:00
[2022-11-01 23:10:59,962] {processor.py:161} INFO - Processing /home/nayara/Documentos/airflowalura/venv/lib/python3.9/site-packages/airflow/example_dags/example_task_group_decorator.py took 0.972 seconds
[2022-11-01 23:12:27,944] {processor.py:153} INFO - Started process (PID=21804) to work on /home/nayara/Documentos/airflowalura/venv/lib/python3.9/site-packages/airflow/example_dags/example_task_group_decorator.py
[2022-11-01 23:12:27,948] {processor.py:641} INFO - Processing file /home/nayara/Documentos/airflowalura/venv/lib/python3.9/site-packages/airflow/example_dags/example_task_group_decorator.py for tasks to queue
[2022-11-01 23:12:27,952] {logging_mixin.py:115} INFO - [2022-11-01 23:12:27,952] {dagbag.py:507} INFO - Filling up the DagBag from /home/nayara/Documentos/airflowalura/venv/lib/python3.9/site-packages/airflow/example_dags/example_task_group_decorator.py
[2022-11-01 23:12:28,027] {processor.py:651} INFO - DAG(s) dict_keys(['example_task_group_decorator']) retrieved from /home/nayara/Documentos/airflowalura/venv/lib/python3.9/site-packages/airflow/example_dags/example_task_group_decorator.py
[2022-11-01 23:12:28,056] {logging_mixin.py:115} INFO - [2022-11-01 23:12:28,056] {dag.py:2379} INFO - Sync 1 DAGs
[2022-11-01 23:12:28,084] {logging_mixin.py:115} INFO - [2022-11-01 23:12:28,083] {dag.py:2927} INFO - Setting next_dagrun for example_task_group_decorator to 2022-11-01T02:12:28.083589+00:00, run_after=2022-11-02T02:12:28.083589+00:00
[2022-11-01 23:12:28,367] {processor.py:161} INFO - Processing /home/nayara/Documentos/airflowalura/venv/lib/python3.9/site-packages/airflow/example_dags/example_task_group_decorator.py took 0.443 seconds
[2022-11-01 23:13:39,024] {processor.py:153} INFO - Started process (PID=21927) to work on /home/nayara/Documentos/airflowalura/venv/lib/python3.9/site-packages/airflow/example_dags/example_task_group_decorator.py
[2022-11-01 23:13:39,053] {processor.py:641} INFO - Processing file /home/nayara/Documentos/airflowalura/venv/lib/python3.9/site-packages/airflow/example_dags/example_task_group_decorator.py for tasks to queue
[2022-11-01 23:13:39,055] {logging_mixin.py:115} INFO - [2022-11-01 23:13:39,055] {dagbag.py:507} INFO - Filling up the DagBag from /home/nayara/Documentos/airflowalura/venv/lib/python3.9/site-packages/airflow/example_dags/example_task_group_decorator.py
[2022-11-01 23:13:39,107] {processor.py:651} INFO - DAG(s) dict_keys(['example_task_group_decorator']) retrieved from /home/nayara/Documentos/airflowalura/venv/lib/python3.9/site-packages/airflow/example_dags/example_task_group_decorator.py
[2022-11-01 23:13:39,609] {logging_mixin.py:115} INFO - [2022-11-01 23:13:39,609] {dag.py:2379} INFO - Sync 1 DAGs
[2022-11-01 23:13:39,640] {logging_mixin.py:115} INFO - [2022-11-01 23:13:39,640] {dag.py:2927} INFO - Setting next_dagrun for example_task_group_decorator to 2022-11-01T02:13:39.640101+00:00, run_after=2022-11-02T02:13:39.640101+00:00
[2022-11-01 23:13:40,281] {processor.py:161} INFO - Processing /home/nayara/Documentos/airflowalura/venv/lib/python3.9/site-packages/airflow/example_dags/example_task_group_decorator.py took 1.276 seconds
[2022-11-01 23:14:46,935] {processor.py:153} INFO - Started process (PID=22124) to work on /home/nayara/Documentos/airflowalura/venv/lib/python3.9/site-packages/airflow/example_dags/example_task_group_decorator.py
[2022-11-01 23:14:46,936] {processor.py:641} INFO - Processing file /home/nayara/Documentos/airflowalura/venv/lib/python3.9/site-packages/airflow/example_dags/example_task_group_decorator.py for tasks to queue
[2022-11-01 23:14:46,938] {logging_mixin.py:115} INFO - [2022-11-01 23:14:46,937] {dagbag.py:507} INFO - Filling up the DagBag from /home/nayara/Documentos/airflowalura/venv/lib/python3.9/site-packages/airflow/example_dags/example_task_group_decorator.py
[2022-11-01 23:14:46,970] {processor.py:651} INFO - DAG(s) dict_keys(['example_task_group_decorator']) retrieved from /home/nayara/Documentos/airflowalura/venv/lib/python3.9/site-packages/airflow/example_dags/example_task_group_decorator.py
[2022-11-01 23:14:47,023] {logging_mixin.py:115} INFO - [2022-11-01 23:14:47,023] {dag.py:2379} INFO - Sync 1 DAGs
[2022-11-01 23:14:47,040] {logging_mixin.py:115} INFO - [2022-11-01 23:14:47,040] {dag.py:2927} INFO - Setting next_dagrun for example_task_group_decorator to 2022-11-01T02:14:47.039782+00:00, run_after=2022-11-02T02:14:47.039782+00:00
[2022-11-01 23:14:47,335] {processor.py:161} INFO - Processing /home/nayara/Documentos/airflowalura/venv/lib/python3.9/site-packages/airflow/example_dags/example_task_group_decorator.py took 0.406 seconds
[2022-11-01 23:15:47,790] {processor.py:153} INFO - Started process (PID=22270) to work on /home/nayara/Documentos/airflowalura/venv/lib/python3.9/site-packages/airflow/example_dags/example_task_group_decorator.py
[2022-11-01 23:15:47,793] {processor.py:641} INFO - Processing file /home/nayara/Documentos/airflowalura/venv/lib/python3.9/site-packages/airflow/example_dags/example_task_group_decorator.py for tasks to queue
[2022-11-01 23:15:47,797] {logging_mixin.py:115} INFO - [2022-11-01 23:15:47,796] {dagbag.py:507} INFO - Filling up the DagBag from /home/nayara/Documentos/airflowalura/venv/lib/python3.9/site-packages/airflow/example_dags/example_task_group_decorator.py
[2022-11-01 23:15:47,861] {processor.py:651} INFO - DAG(s) dict_keys(['example_task_group_decorator']) retrieved from /home/nayara/Documentos/airflowalura/venv/lib/python3.9/site-packages/airflow/example_dags/example_task_group_decorator.py
[2022-11-01 23:15:47,882] {logging_mixin.py:115} INFO - [2022-11-01 23:15:47,882] {dag.py:2379} INFO - Sync 1 DAGs
[2022-11-01 23:15:47,899] {logging_mixin.py:115} INFO - [2022-11-01 23:15:47,899] {dag.py:2927} INFO - Setting next_dagrun for example_task_group_decorator to 2022-11-01T02:15:47.898905+00:00, run_after=2022-11-02T02:15:47.898905+00:00
[2022-11-01 23:15:48,201] {processor.py:161} INFO - Processing /home/nayara/Documentos/airflowalura/venv/lib/python3.9/site-packages/airflow/example_dags/example_task_group_decorator.py took 0.430 seconds
[2022-11-01 23:16:47,438] {processor.py:153} INFO - Started process (PID=22404) to work on /home/nayara/Documentos/airflowalura/venv/lib/python3.9/site-packages/airflow/example_dags/example_task_group_decorator.py
[2022-11-01 23:16:47,443] {processor.py:641} INFO - Processing file /home/nayara/Documentos/airflowalura/venv/lib/python3.9/site-packages/airflow/example_dags/example_task_group_decorator.py for tasks to queue
[2022-11-01 23:16:47,446] {logging_mixin.py:115} INFO - [2022-11-01 23:16:47,445] {dagbag.py:507} INFO - Filling up the DagBag from /home/nayara/Documentos/airflowalura/venv/lib/python3.9/site-packages/airflow/example_dags/example_task_group_decorator.py
[2022-11-01 23:16:47,523] {processor.py:651} INFO - DAG(s) dict_keys(['example_task_group_decorator']) retrieved from /home/nayara/Documentos/airflowalura/venv/lib/python3.9/site-packages/airflow/example_dags/example_task_group_decorator.py
[2022-11-01 23:16:47,562] {logging_mixin.py:115} INFO - [2022-11-01 23:16:47,562] {dag.py:2379} INFO - Sync 1 DAGs
[2022-11-01 23:16:47,598] {logging_mixin.py:115} INFO - [2022-11-01 23:16:47,597] {dag.py:2927} INFO - Setting next_dagrun for example_task_group_decorator to 2022-11-01T02:16:47.597211+00:00, run_after=2022-11-02T02:16:47.597211+00:00
[2022-11-01 23:16:47,998] {processor.py:161} INFO - Processing /home/nayara/Documentos/airflowalura/venv/lib/python3.9/site-packages/airflow/example_dags/example_task_group_decorator.py took 0.580 seconds
[2022-11-01 23:18:05,112] {processor.py:153} INFO - Started process (PID=22579) to work on /home/nayara/Documentos/airflowalura/venv/lib/python3.9/site-packages/airflow/example_dags/example_task_group_decorator.py
[2022-11-01 23:18:05,131] {processor.py:641} INFO - Processing file /home/nayara/Documentos/airflowalura/venv/lib/python3.9/site-packages/airflow/example_dags/example_task_group_decorator.py for tasks to queue
[2022-11-01 23:18:05,133] {logging_mixin.py:115} INFO - [2022-11-01 23:18:05,132] {dagbag.py:507} INFO - Filling up the DagBag from /home/nayara/Documentos/airflowalura/venv/lib/python3.9/site-packages/airflow/example_dags/example_task_group_decorator.py
[2022-11-01 23:18:05,185] {processor.py:651} INFO - DAG(s) dict_keys(['example_task_group_decorator']) retrieved from /home/nayara/Documentos/airflowalura/venv/lib/python3.9/site-packages/airflow/example_dags/example_task_group_decorator.py
[2022-11-01 23:18:05,208] {logging_mixin.py:115} INFO - [2022-11-01 23:18:05,208] {dag.py:2379} INFO - Sync 1 DAGs
[2022-11-01 23:18:05,226] {logging_mixin.py:115} INFO - [2022-11-01 23:18:05,225] {dag.py:2927} INFO - Setting next_dagrun for example_task_group_decorator to 2022-11-01T02:18:05.225501+00:00, run_after=2022-11-02T02:18:05.225501+00:00
[2022-11-01 23:18:05,899] {processor.py:161} INFO - Processing /home/nayara/Documentos/airflowalura/venv/lib/python3.9/site-packages/airflow/example_dags/example_task_group_decorator.py took 0.796 seconds
[2022-11-01 23:19:13,350] {processor.py:153} INFO - Started process (PID=22693) to work on /home/nayara/Documentos/airflowalura/venv/lib/python3.9/site-packages/airflow/example_dags/example_task_group_decorator.py
[2022-11-01 23:19:13,352] {processor.py:641} INFO - Processing file /home/nayara/Documentos/airflowalura/venv/lib/python3.9/site-packages/airflow/example_dags/example_task_group_decorator.py for tasks to queue
[2022-11-01 23:19:13,353] {logging_mixin.py:115} INFO - [2022-11-01 23:19:13,353] {dagbag.py:507} INFO - Filling up the DagBag from /home/nayara/Documentos/airflowalura/venv/lib/python3.9/site-packages/airflow/example_dags/example_task_group_decorator.py
[2022-11-01 23:19:13,394] {processor.py:651} INFO - DAG(s) dict_keys(['example_task_group_decorator']) retrieved from /home/nayara/Documentos/airflowalura/venv/lib/python3.9/site-packages/airflow/example_dags/example_task_group_decorator.py
[2022-11-01 23:19:13,415] {logging_mixin.py:115} INFO - [2022-11-01 23:19:13,415] {dag.py:2379} INFO - Sync 1 DAGs
[2022-11-01 23:19:13,432] {logging_mixin.py:115} INFO - [2022-11-01 23:19:13,432] {dag.py:2927} INFO - Setting next_dagrun for example_task_group_decorator to 2022-11-01T02:19:13.431888+00:00, run_after=2022-11-02T02:19:13.431888+00:00
[2022-11-01 23:19:13,751] {processor.py:161} INFO - Processing /home/nayara/Documentos/airflowalura/venv/lib/python3.9/site-packages/airflow/example_dags/example_task_group_decorator.py took 0.414 seconds
[2022-11-01 23:20:15,336] {processor.py:153} INFO - Started process (PID=22870) to work on /home/nayara/Documentos/airflowalura/venv/lib/python3.9/site-packages/airflow/example_dags/example_task_group_decorator.py
[2022-11-01 23:20:15,518] {processor.py:641} INFO - Processing file /home/nayara/Documentos/airflowalura/venv/lib/python3.9/site-packages/airflow/example_dags/example_task_group_decorator.py for tasks to queue
[2022-11-01 23:20:15,521] {logging_mixin.py:115} INFO - [2022-11-01 23:20:15,521] {dagbag.py:507} INFO - Filling up the DagBag from /home/nayara/Documentos/airflowalura/venv/lib/python3.9/site-packages/airflow/example_dags/example_task_group_decorator.py
[2022-11-01 23:20:15,584] {processor.py:651} INFO - DAG(s) dict_keys(['example_task_group_decorator']) retrieved from /home/nayara/Documentos/airflowalura/venv/lib/python3.9/site-packages/airflow/example_dags/example_task_group_decorator.py
[2022-11-01 23:20:16,107] {logging_mixin.py:115} INFO - [2022-11-01 23:20:16,107] {dag.py:2379} INFO - Sync 1 DAGs
[2022-11-01 23:20:16,123] {logging_mixin.py:115} INFO - [2022-11-01 23:20:16,123] {dag.py:2927} INFO - Setting next_dagrun for example_task_group_decorator to 2022-11-01T02:20:16.122862+00:00, run_after=2022-11-02T02:20:16.122862+00:00
[2022-11-01 23:20:17,284] {processor.py:161} INFO - Processing /home/nayara/Documentos/airflowalura/venv/lib/python3.9/site-packages/airflow/example_dags/example_task_group_decorator.py took 1.962 seconds
[2022-11-01 23:21:47,282] {processor.py:153} INFO - Started process (PID=23081) to work on /home/nayara/Documentos/airflowalura/venv/lib/python3.9/site-packages/airflow/example_dags/example_task_group_decorator.py
[2022-11-01 23:21:47,318] {processor.py:641} INFO - Processing file /home/nayara/Documentos/airflowalura/venv/lib/python3.9/site-packages/airflow/example_dags/example_task_group_decorator.py for tasks to queue
[2022-11-01 23:21:47,319] {logging_mixin.py:115} INFO - [2022-11-01 23:21:47,319] {dagbag.py:507} INFO - Filling up the DagBag from /home/nayara/Documentos/airflowalura/venv/lib/python3.9/site-packages/airflow/example_dags/example_task_group_decorator.py
[2022-11-01 23:21:47,989] {processor.py:651} INFO - DAG(s) dict_keys(['example_task_group_decorator']) retrieved from /home/nayara/Documentos/airflowalura/venv/lib/python3.9/site-packages/airflow/example_dags/example_task_group_decorator.py
