[2022-11-01 22:40:26,699] {processor.py:153} INFO - Started process (PID=17748) to work on /home/nayara/Documentos/airflowalura/venv/lib/python3.9/site-packages/airflow/example_dags/example_time_delta_sensor_async.py
[2022-11-01 22:40:26,700] {processor.py:641} INFO - Processing file /home/nayara/Documentos/airflowalura/venv/lib/python3.9/site-packages/airflow/example_dags/example_time_delta_sensor_async.py for tasks to queue
[2022-11-01 22:40:26,700] {logging_mixin.py:115} INFO - [2022-11-01 22:40:26,700] {dagbag.py:507} INFO - Filling up the DagBag from /home/nayara/Documentos/airflowalura/venv/lib/python3.9/site-packages/airflow/example_dags/example_time_delta_sensor_async.py
[2022-11-01 22:40:26,797] {processor.py:651} INFO - DAG(s) dict_keys(['example_time_delta_sensor_async']) retrieved from /home/nayara/Documentos/airflowalura/venv/lib/python3.9/site-packages/airflow/example_dags/example_time_delta_sensor_async.py
[2022-11-01 22:40:27,629] {logging_mixin.py:115} INFO - [2022-11-01 22:40:27,629] {dag.py:2379} INFO - Sync 1 DAGs
[2022-11-01 22:40:27,667] {logging_mixin.py:115} INFO - [2022-11-01 22:40:27,667] {dag.py:2927} INFO - Setting next_dagrun for example_time_delta_sensor_async to None, run_after=None
[2022-11-01 22:40:28,320] {processor.py:161} INFO - Processing /home/nayara/Documentos/airflowalura/venv/lib/python3.9/site-packages/airflow/example_dags/example_time_delta_sensor_async.py took 1.626 seconds
[2022-11-01 22:42:54,000] {processor.py:153} INFO - Started process (PID=17973) to work on /home/nayara/Documentos/airflowalura/venv/lib/python3.9/site-packages/airflow/example_dags/example_time_delta_sensor_async.py
[2022-11-01 22:42:54,174] {processor.py:641} INFO - Processing file /home/nayara/Documentos/airflowalura/venv/lib/python3.9/site-packages/airflow/example_dags/example_time_delta_sensor_async.py for tasks to queue
[2022-11-01 22:42:54,177] {logging_mixin.py:115} INFO - [2022-11-01 22:42:54,176] {dagbag.py:507} INFO - Filling up the DagBag from /home/nayara/Documentos/airflowalura/venv/lib/python3.9/site-packages/airflow/example_dags/example_time_delta_sensor_async.py
[2022-11-01 22:42:54,215] {processor.py:651} INFO - DAG(s) dict_keys(['example_time_delta_sensor_async']) retrieved from /home/nayara/Documentos/airflowalura/venv/lib/python3.9/site-packages/airflow/example_dags/example_time_delta_sensor_async.py
[2022-11-01 22:42:54,542] {logging_mixin.py:115} INFO - [2022-11-01 22:42:54,542] {dag.py:2379} INFO - Sync 1 DAGs
[2022-11-01 22:42:54,584] {logging_mixin.py:115} INFO - [2022-11-01 22:42:54,583] {dag.py:2927} INFO - Setting next_dagrun for example_time_delta_sensor_async to None, run_after=None
[2022-11-01 22:42:55,737] {processor.py:161} INFO - Processing /home/nayara/Documentos/airflowalura/venv/lib/python3.9/site-packages/airflow/example_dags/example_time_delta_sensor_async.py took 1.746 seconds
[2022-11-01 22:43:51,831] {processor.py:153} INFO - Started process (PID=18062) to work on /home/nayara/Documentos/airflowalura/venv/lib/python3.9/site-packages/airflow/example_dags/example_time_delta_sensor_async.py
[2022-11-01 22:43:51,855] {processor.py:641} INFO - Processing file /home/nayara/Documentos/airflowalura/venv/lib/python3.9/site-packages/airflow/example_dags/example_time_delta_sensor_async.py for tasks to queue
[2022-11-01 22:43:51,859] {logging_mixin.py:115} INFO - [2022-11-01 22:43:51,856] {dagbag.py:507} INFO - Filling up the DagBag from /home/nayara/Documentos/airflowalura/venv/lib/python3.9/site-packages/airflow/example_dags/example_time_delta_sensor_async.py
[2022-11-01 22:43:51,874] {processor.py:651} INFO - DAG(s) dict_keys(['example_time_delta_sensor_async']) retrieved from /home/nayara/Documentos/airflowalura/venv/lib/python3.9/site-packages/airflow/example_dags/example_time_delta_sensor_async.py
[2022-11-01 22:43:51,929] {logging_mixin.py:115} INFO - [2022-11-01 22:43:51,929] {dag.py:2379} INFO - Sync 1 DAGs
[2022-11-01 22:43:51,959] {logging_mixin.py:115} INFO - [2022-11-01 22:43:51,958] {dag.py:2927} INFO - Setting next_dagrun for example_time_delta_sensor_async to None, run_after=None
[2022-11-01 22:43:52,562] {processor.py:161} INFO - Processing /home/nayara/Documentos/airflowalura/venv/lib/python3.9/site-packages/airflow/example_dags/example_time_delta_sensor_async.py took 0.738 seconds
[2022-11-01 22:45:11,955] {processor.py:153} INFO - Started process (PID=18194) to work on /home/nayara/Documentos/airflowalura/venv/lib/python3.9/site-packages/airflow/example_dags/example_time_delta_sensor_async.py
[2022-11-01 22:45:11,973] {processor.py:641} INFO - Processing file /home/nayara/Documentos/airflowalura/venv/lib/python3.9/site-packages/airflow/example_dags/example_time_delta_sensor_async.py for tasks to queue
[2022-11-01 22:45:11,976] {logging_mixin.py:115} INFO - [2022-11-01 22:45:11,974] {dagbag.py:507} INFO - Filling up the DagBag from /home/nayara/Documentos/airflowalura/venv/lib/python3.9/site-packages/airflow/example_dags/example_time_delta_sensor_async.py
[2022-11-01 22:45:11,988] {processor.py:651} INFO - DAG(s) dict_keys(['example_time_delta_sensor_async']) retrieved from /home/nayara/Documentos/airflowalura/venv/lib/python3.9/site-packages/airflow/example_dags/example_time_delta_sensor_async.py
[2022-11-01 22:45:12,052] {logging_mixin.py:115} INFO - [2022-11-01 22:45:12,052] {dag.py:2379} INFO - Sync 1 DAGs
[2022-11-01 22:45:12,096] {logging_mixin.py:115} INFO - [2022-11-01 22:45:12,096] {dag.py:2927} INFO - Setting next_dagrun for example_time_delta_sensor_async to None, run_after=None
[2022-11-01 22:45:12,408] {processor.py:161} INFO - Processing /home/nayara/Documentos/airflowalura/venv/lib/python3.9/site-packages/airflow/example_dags/example_time_delta_sensor_async.py took 0.460 seconds
[2022-11-01 22:46:11,243] {processor.py:153} INFO - Started process (PID=18297) to work on /home/nayara/Documentos/airflowalura/venv/lib/python3.9/site-packages/airflow/example_dags/example_time_delta_sensor_async.py
[2022-11-01 22:46:11,264] {processor.py:641} INFO - Processing file /home/nayara/Documentos/airflowalura/venv/lib/python3.9/site-packages/airflow/example_dags/example_time_delta_sensor_async.py for tasks to queue
[2022-11-01 22:46:11,266] {logging_mixin.py:115} INFO - [2022-11-01 22:46:11,265] {dagbag.py:507} INFO - Filling up the DagBag from /home/nayara/Documentos/airflowalura/venv/lib/python3.9/site-packages/airflow/example_dags/example_time_delta_sensor_async.py
[2022-11-01 22:46:11,280] {processor.py:651} INFO - DAG(s) dict_keys(['example_time_delta_sensor_async']) retrieved from /home/nayara/Documentos/airflowalura/venv/lib/python3.9/site-packages/airflow/example_dags/example_time_delta_sensor_async.py
[2022-11-01 22:46:11,337] {logging_mixin.py:115} INFO - [2022-11-01 22:46:11,336] {dag.py:2379} INFO - Sync 1 DAGs
[2022-11-01 22:46:11,374] {logging_mixin.py:115} INFO - [2022-11-01 22:46:11,374] {dag.py:2927} INFO - Setting next_dagrun for example_time_delta_sensor_async to None, run_after=None
[2022-11-01 22:46:11,672] {processor.py:161} INFO - Processing /home/nayara/Documentos/airflowalura/venv/lib/python3.9/site-packages/airflow/example_dags/example_time_delta_sensor_async.py took 0.437 seconds
[2022-11-01 22:47:20,432] {processor.py:153} INFO - Started process (PID=18467) to work on /home/nayara/Documentos/airflowalura/venv/lib/python3.9/site-packages/airflow/example_dags/example_time_delta_sensor_async.py
[2022-11-01 22:47:20,455] {processor.py:641} INFO - Processing file /home/nayara/Documentos/airflowalura/venv/lib/python3.9/site-packages/airflow/example_dags/example_time_delta_sensor_async.py for tasks to queue
[2022-11-01 22:47:20,458] {logging_mixin.py:115} INFO - [2022-11-01 22:47:20,458] {dagbag.py:507} INFO - Filling up the DagBag from /home/nayara/Documentos/airflowalura/venv/lib/python3.9/site-packages/airflow/example_dags/example_time_delta_sensor_async.py
[2022-11-01 22:47:20,475] {processor.py:651} INFO - DAG(s) dict_keys(['example_time_delta_sensor_async']) retrieved from /home/nayara/Documentos/airflowalura/venv/lib/python3.9/site-packages/airflow/example_dags/example_time_delta_sensor_async.py
[2022-11-01 22:47:20,533] {logging_mixin.py:115} INFO - [2022-11-01 22:47:20,533] {dag.py:2379} INFO - Sync 1 DAGs
[2022-11-01 22:47:20,569] {logging_mixin.py:115} INFO - [2022-11-01 22:47:20,568] {dag.py:2927} INFO - Setting next_dagrun for example_time_delta_sensor_async to None, run_after=None
[2022-11-01 22:47:20,771] {processor.py:161} INFO - Processing /home/nayara/Documentos/airflowalura/venv/lib/python3.9/site-packages/airflow/example_dags/example_time_delta_sensor_async.py took 0.345 seconds
[2022-11-01 22:48:18,392] {processor.py:153} INFO - Started process (PID=18579) to work on /home/nayara/Documentos/airflowalura/venv/lib/python3.9/site-packages/airflow/example_dags/example_time_delta_sensor_async.py
[2022-11-01 22:48:18,431] {processor.py:641} INFO - Processing file /home/nayara/Documentos/airflowalura/venv/lib/python3.9/site-packages/airflow/example_dags/example_time_delta_sensor_async.py for tasks to queue
[2022-11-01 22:48:18,433] {logging_mixin.py:115} INFO - [2022-11-01 22:48:18,432] {dagbag.py:507} INFO - Filling up the DagBag from /home/nayara/Documentos/airflowalura/venv/lib/python3.9/site-packages/airflow/example_dags/example_time_delta_sensor_async.py
[2022-11-01 22:48:18,447] {processor.py:651} INFO - DAG(s) dict_keys(['example_time_delta_sensor_async']) retrieved from /home/nayara/Documentos/airflowalura/venv/lib/python3.9/site-packages/airflow/example_dags/example_time_delta_sensor_async.py
[2022-11-01 22:48:18,500] {logging_mixin.py:115} INFO - [2022-11-01 22:48:18,500] {dag.py:2379} INFO - Sync 1 DAGs
[2022-11-01 22:48:18,537] {logging_mixin.py:115} INFO - [2022-11-01 22:48:18,537] {dag.py:2927} INFO - Setting next_dagrun for example_time_delta_sensor_async to None, run_after=None
[2022-11-01 22:48:18,750] {processor.py:161} INFO - Processing /home/nayara/Documentos/airflowalura/venv/lib/python3.9/site-packages/airflow/example_dags/example_time_delta_sensor_async.py took 0.366 seconds
[2022-11-01 22:49:16,071] {processor.py:153} INFO - Started process (PID=18689) to work on /home/nayara/Documentos/airflowalura/venv/lib/python3.9/site-packages/airflow/example_dags/example_time_delta_sensor_async.py
[2022-11-01 22:49:16,094] {processor.py:641} INFO - Processing file /home/nayara/Documentos/airflowalura/venv/lib/python3.9/site-packages/airflow/example_dags/example_time_delta_sensor_async.py for tasks to queue
[2022-11-01 22:49:16,095] {logging_mixin.py:115} INFO - [2022-11-01 22:49:16,095] {dagbag.py:507} INFO - Filling up the DagBag from /home/nayara/Documentos/airflowalura/venv/lib/python3.9/site-packages/airflow/example_dags/example_time_delta_sensor_async.py
[2022-11-01 22:49:16,107] {processor.py:651} INFO - DAG(s) dict_keys(['example_time_delta_sensor_async']) retrieved from /home/nayara/Documentos/airflowalura/venv/lib/python3.9/site-packages/airflow/example_dags/example_time_delta_sensor_async.py
[2022-11-01 22:49:16,159] {logging_mixin.py:115} INFO - [2022-11-01 22:49:16,159] {dag.py:2379} INFO - Sync 1 DAGs
[2022-11-01 22:49:16,194] {logging_mixin.py:115} INFO - [2022-11-01 22:49:16,194] {dag.py:2927} INFO - Setting next_dagrun for example_time_delta_sensor_async to None, run_after=None
[2022-11-01 22:49:16,382] {processor.py:161} INFO - Processing /home/nayara/Documentos/airflowalura/venv/lib/python3.9/site-packages/airflow/example_dags/example_time_delta_sensor_async.py took 0.331 seconds
[2022-11-01 22:50:12,622] {processor.py:153} INFO - Started process (PID=18792) to work on /home/nayara/Documentos/airflowalura/venv/lib/python3.9/site-packages/airflow/example_dags/example_time_delta_sensor_async.py
[2022-11-01 22:50:12,642] {processor.py:641} INFO - Processing file /home/nayara/Documentos/airflowalura/venv/lib/python3.9/site-packages/airflow/example_dags/example_time_delta_sensor_async.py for tasks to queue
[2022-11-01 22:50:12,643] {logging_mixin.py:115} INFO - [2022-11-01 22:50:12,643] {dagbag.py:507} INFO - Filling up the DagBag from /home/nayara/Documentos/airflowalura/venv/lib/python3.9/site-packages/airflow/example_dags/example_time_delta_sensor_async.py
[2022-11-01 22:50:12,654] {processor.py:651} INFO - DAG(s) dict_keys(['example_time_delta_sensor_async']) retrieved from /home/nayara/Documentos/airflowalura/venv/lib/python3.9/site-packages/airflow/example_dags/example_time_delta_sensor_async.py
[2022-11-01 22:50:12,702] {logging_mixin.py:115} INFO - [2022-11-01 22:50:12,702] {dag.py:2379} INFO - Sync 1 DAGs
[2022-11-01 22:50:12,737] {logging_mixin.py:115} INFO - [2022-11-01 22:50:12,736] {dag.py:2927} INFO - Setting next_dagrun for example_time_delta_sensor_async to None, run_after=None
[2022-11-01 22:50:12,951] {processor.py:161} INFO - Processing /home/nayara/Documentos/airflowalura/venv/lib/python3.9/site-packages/airflow/example_dags/example_time_delta_sensor_async.py took 0.336 seconds
[2022-11-01 22:51:07,531] {processor.py:153} INFO - Started process (PID=18908) to work on /home/nayara/Documentos/airflowalura/venv/lib/python3.9/site-packages/airflow/example_dags/example_time_delta_sensor_async.py
[2022-11-01 22:51:07,567] {processor.py:641} INFO - Processing file /home/nayara/Documentos/airflowalura/venv/lib/python3.9/site-packages/airflow/example_dags/example_time_delta_sensor_async.py for tasks to queue
[2022-11-01 22:51:07,567] {logging_mixin.py:115} INFO - [2022-11-01 22:51:07,567] {dagbag.py:507} INFO - Filling up the DagBag from /home/nayara/Documentos/airflowalura/venv/lib/python3.9/site-packages/airflow/example_dags/example_time_delta_sensor_async.py
[2022-11-01 22:51:07,574] {processor.py:651} INFO - DAG(s) dict_keys(['example_time_delta_sensor_async']) retrieved from /home/nayara/Documentos/airflowalura/venv/lib/python3.9/site-packages/airflow/example_dags/example_time_delta_sensor_async.py
[2022-11-01 22:51:07,637] {logging_mixin.py:115} INFO - [2022-11-01 22:51:07,637] {dag.py:2379} INFO - Sync 1 DAGs
[2022-11-01 22:51:07,684] {logging_mixin.py:115} INFO - [2022-11-01 22:51:07,684] {dag.py:2927} INFO - Setting next_dagrun for example_time_delta_sensor_async to None, run_after=None
[2022-11-01 22:51:08,121] {processor.py:161} INFO - Processing /home/nayara/Documentos/airflowalura/venv/lib/python3.9/site-packages/airflow/example_dags/example_time_delta_sensor_async.py took 0.598 seconds
[2022-11-01 22:52:39,539] {processor.py:153} INFO - Started process (PID=19097) to work on /home/nayara/Documentos/airflowalura/venv/lib/python3.9/site-packages/airflow/example_dags/example_time_delta_sensor_async.py
[2022-11-01 22:52:39,556] {processor.py:641} INFO - Processing file /home/nayara/Documentos/airflowalura/venv/lib/python3.9/site-packages/airflow/example_dags/example_time_delta_sensor_async.py for tasks to queue
[2022-11-01 22:52:39,557] {logging_mixin.py:115} INFO - [2022-11-01 22:52:39,557] {dagbag.py:507} INFO - Filling up the DagBag from /home/nayara/Documentos/airflowalura/venv/lib/python3.9/site-packages/airflow/example_dags/example_time_delta_sensor_async.py
[2022-11-01 22:52:39,572] {processor.py:651} INFO - DAG(s) dict_keys(['example_time_delta_sensor_async']) retrieved from /home/nayara/Documentos/airflowalura/venv/lib/python3.9/site-packages/airflow/example_dags/example_time_delta_sensor_async.py
[2022-11-01 22:52:39,694] {logging_mixin.py:115} INFO - [2022-11-01 22:52:39,694] {dag.py:2379} INFO - Sync 1 DAGs
[2022-11-01 22:52:39,778] {logging_mixin.py:115} INFO - [2022-11-01 22:52:39,777] {dag.py:2927} INFO - Setting next_dagrun for example_time_delta_sensor_async to None, run_after=None
[2022-11-01 22:52:40,008] {processor.py:161} INFO - Processing /home/nayara/Documentos/airflowalura/venv/lib/python3.9/site-packages/airflow/example_dags/example_time_delta_sensor_async.py took 0.501 seconds
[2022-11-01 22:53:39,976] {processor.py:153} INFO - Started process (PID=19214) to work on /home/nayara/Documentos/airflowalura/venv/lib/python3.9/site-packages/airflow/example_dags/example_time_delta_sensor_async.py
[2022-11-01 22:53:40,002] {processor.py:641} INFO - Processing file /home/nayara/Documentos/airflowalura/venv/lib/python3.9/site-packages/airflow/example_dags/example_time_delta_sensor_async.py for tasks to queue
[2022-11-01 22:53:40,007] {logging_mixin.py:115} INFO - [2022-11-01 22:53:40,006] {dagbag.py:507} INFO - Filling up the DagBag from /home/nayara/Documentos/airflowalura/venv/lib/python3.9/site-packages/airflow/example_dags/example_time_delta_sensor_async.py
[2022-11-01 22:53:40,038] {processor.py:651} INFO - DAG(s) dict_keys(['example_time_delta_sensor_async']) retrieved from /home/nayara/Documentos/airflowalura/venv/lib/python3.9/site-packages/airflow/example_dags/example_time_delta_sensor_async.py
[2022-11-01 22:53:40,079] {logging_mixin.py:115} INFO - [2022-11-01 22:53:40,079] {dag.py:2379} INFO - Sync 1 DAGs
[2022-11-01 22:53:40,112] {logging_mixin.py:115} INFO - [2022-11-01 22:53:40,112] {dag.py:2927} INFO - Setting next_dagrun for example_time_delta_sensor_async to None, run_after=None
[2022-11-01 22:53:40,361] {processor.py:161} INFO - Processing /home/nayara/Documentos/airflowalura/venv/lib/python3.9/site-packages/airflow/example_dags/example_time_delta_sensor_async.py took 0.393 seconds
[2022-11-01 22:54:45,949] {processor.py:153} INFO - Started process (PID=19348) to work on /home/nayara/Documentos/airflowalura/venv/lib/python3.9/site-packages/airflow/example_dags/example_time_delta_sensor_async.py
[2022-11-01 22:54:45,967] {processor.py:641} INFO - Processing file /home/nayara/Documentos/airflowalura/venv/lib/python3.9/site-packages/airflow/example_dags/example_time_delta_sensor_async.py for tasks to queue
[2022-11-01 22:54:45,969] {logging_mixin.py:115} INFO - [2022-11-01 22:54:45,968] {dagbag.py:507} INFO - Filling up the DagBag from /home/nayara/Documentos/airflowalura/venv/lib/python3.9/site-packages/airflow/example_dags/example_time_delta_sensor_async.py
[2022-11-01 22:54:45,984] {processor.py:651} INFO - DAG(s) dict_keys(['example_time_delta_sensor_async']) retrieved from /home/nayara/Documentos/airflowalura/venv/lib/python3.9/site-packages/airflow/example_dags/example_time_delta_sensor_async.py
[2022-11-01 22:54:46,016] {logging_mixin.py:115} INFO - [2022-11-01 22:54:46,016] {dag.py:2379} INFO - Sync 1 DAGs
[2022-11-01 22:54:46,033] {logging_mixin.py:115} INFO - [2022-11-01 22:54:46,033] {dag.py:2927} INFO - Setting next_dagrun for example_time_delta_sensor_async to None, run_after=None
[2022-11-01 22:54:46,340] {processor.py:161} INFO - Processing /home/nayara/Documentos/airflowalura/venv/lib/python3.9/site-packages/airflow/example_dags/example_time_delta_sensor_async.py took 0.399 seconds
[2022-11-01 22:55:55,142] {processor.py:153} INFO - Started process (PID=19529) to work on /home/nayara/Documentos/airflowalura/venv/lib/python3.9/site-packages/airflow/example_dags/example_time_delta_sensor_async.py
[2022-11-01 22:55:55,233] {processor.py:641} INFO - Processing file /home/nayara/Documentos/airflowalura/venv/lib/python3.9/site-packages/airflow/example_dags/example_time_delta_sensor_async.py for tasks to queue
[2022-11-01 22:55:55,235] {logging_mixin.py:115} INFO - [2022-11-01 22:55:55,235] {dagbag.py:507} INFO - Filling up the DagBag from /home/nayara/Documentos/airflowalura/venv/lib/python3.9/site-packages/airflow/example_dags/example_time_delta_sensor_async.py
[2022-11-01 22:55:55,257] {processor.py:651} INFO - DAG(s) dict_keys(['example_time_delta_sensor_async']) retrieved from /home/nayara/Documentos/airflowalura/venv/lib/python3.9/site-packages/airflow/example_dags/example_time_delta_sensor_async.py
[2022-11-01 22:55:55,638] {logging_mixin.py:115} INFO - [2022-11-01 22:55:55,638] {dag.py:2379} INFO - Sync 1 DAGs
[2022-11-01 22:55:55,663] {logging_mixin.py:115} INFO - [2022-11-01 22:55:55,663] {dag.py:2927} INFO - Setting next_dagrun for example_time_delta_sensor_async to None, run_after=None
[2022-11-01 22:55:56,201] {processor.py:161} INFO - Processing /home/nayara/Documentos/airflowalura/venv/lib/python3.9/site-packages/airflow/example_dags/example_time_delta_sensor_async.py took 1.063 seconds
[2022-11-01 22:57:20,935] {processor.py:153} INFO - Started process (PID=19752) to work on /home/nayara/Documentos/airflowalura/venv/lib/python3.9/site-packages/airflow/example_dags/example_time_delta_sensor_async.py
[2022-11-01 22:57:20,989] {processor.py:641} INFO - Processing file /home/nayara/Documentos/airflowalura/venv/lib/python3.9/site-packages/airflow/example_dags/example_time_delta_sensor_async.py for tasks to queue
[2022-11-01 22:57:20,990] {logging_mixin.py:115} INFO - [2022-11-01 22:57:20,989] {dagbag.py:507} INFO - Filling up the DagBag from /home/nayara/Documentos/airflowalura/venv/lib/python3.9/site-packages/airflow/example_dags/example_time_delta_sensor_async.py
[2022-11-01 22:57:20,999] {processor.py:651} INFO - DAG(s) dict_keys(['example_time_delta_sensor_async']) retrieved from /home/nayara/Documentos/airflowalura/venv/lib/python3.9/site-packages/airflow/example_dags/example_time_delta_sensor_async.py
[2022-11-01 22:57:21,028] {logging_mixin.py:115} INFO - [2022-11-01 22:57:21,028] {dag.py:2379} INFO - Sync 1 DAGs
[2022-11-01 22:57:21,046] {logging_mixin.py:115} INFO - [2022-11-01 22:57:21,046] {dag.py:2927} INFO - Setting next_dagrun for example_time_delta_sensor_async to None, run_after=None
[2022-11-01 22:57:22,017] {processor.py:161} INFO - Processing /home/nayara/Documentos/airflowalura/venv/lib/python3.9/site-packages/airflow/example_dags/example_time_delta_sensor_async.py took 1.088 seconds
[2022-11-01 22:58:21,751] {processor.py:153} INFO - Started process (PID=19881) to work on /home/nayara/Documentos/airflowalura/venv/lib/python3.9/site-packages/airflow/example_dags/example_time_delta_sensor_async.py
[2022-11-01 22:58:21,759] {processor.py:641} INFO - Processing file /home/nayara/Documentos/airflowalura/venv/lib/python3.9/site-packages/airflow/example_dags/example_time_delta_sensor_async.py for tasks to queue
[2022-11-01 22:58:21,760] {logging_mixin.py:115} INFO - [2022-11-01 22:58:21,760] {dagbag.py:507} INFO - Filling up the DagBag from /home/nayara/Documentos/airflowalura/venv/lib/python3.9/site-packages/airflow/example_dags/example_time_delta_sensor_async.py
[2022-11-01 22:58:21,766] {processor.py:651} INFO - DAG(s) dict_keys(['example_time_delta_sensor_async']) retrieved from /home/nayara/Documentos/airflowalura/venv/lib/python3.9/site-packages/airflow/example_dags/example_time_delta_sensor_async.py
[2022-11-01 22:58:21,793] {logging_mixin.py:115} INFO - [2022-11-01 22:58:21,793] {dag.py:2379} INFO - Sync 1 DAGs
[2022-11-01 22:58:21,815] {logging_mixin.py:115} INFO - [2022-11-01 22:58:21,814] {dag.py:2927} INFO - Setting next_dagrun for example_time_delta_sensor_async to None, run_after=None
[2022-11-01 22:58:22,149] {processor.py:161} INFO - Processing /home/nayara/Documentos/airflowalura/venv/lib/python3.9/site-packages/airflow/example_dags/example_time_delta_sensor_async.py took 0.402 seconds
[2022-11-01 22:59:09,716] {processor.py:153} INFO - Started process (PID=19981) to work on /home/nayara/Documentos/airflowalura/venv/lib/python3.9/site-packages/airflow/example_dags/example_time_delta_sensor_async.py
[2022-11-01 22:59:09,828] {processor.py:641} INFO - Processing file /home/nayara/Documentos/airflowalura/venv/lib/python3.9/site-packages/airflow/example_dags/example_time_delta_sensor_async.py for tasks to queue
[2022-11-01 22:59:09,831] {logging_mixin.py:115} INFO - [2022-11-01 22:59:09,830] {dagbag.py:507} INFO - Filling up the DagBag from /home/nayara/Documentos/airflowalura/venv/lib/python3.9/site-packages/airflow/example_dags/example_time_delta_sensor_async.py
[2022-11-01 22:59:09,869] {processor.py:651} INFO - DAG(s) dict_keys(['example_time_delta_sensor_async']) retrieved from /home/nayara/Documentos/airflowalura/venv/lib/python3.9/site-packages/airflow/example_dags/example_time_delta_sensor_async.py
[2022-11-01 22:59:09,914] {logging_mixin.py:115} INFO - [2022-11-01 22:59:09,913] {dag.py:2379} INFO - Sync 1 DAGs
[2022-11-01 22:59:09,934] {logging_mixin.py:115} INFO - [2022-11-01 22:59:09,934] {dag.py:2927} INFO - Setting next_dagrun for example_time_delta_sensor_async to None, run_after=None
[2022-11-01 22:59:10,685] {processor.py:161} INFO - Processing /home/nayara/Documentos/airflowalura/venv/lib/python3.9/site-packages/airflow/example_dags/example_time_delta_sensor_async.py took 0.974 seconds
[2022-11-01 23:00:01,994] {processor.py:153} INFO - Started process (PID=20090) to work on /home/nayara/Documentos/airflowalura/venv/lib/python3.9/site-packages/airflow/example_dags/example_time_delta_sensor_async.py
[2022-11-01 23:00:02,045] {processor.py:641} INFO - Processing file /home/nayara/Documentos/airflowalura/venv/lib/python3.9/site-packages/airflow/example_dags/example_time_delta_sensor_async.py for tasks to queue
[2022-11-01 23:00:02,048] {logging_mixin.py:115} INFO - [2022-11-01 23:00:02,047] {dagbag.py:507} INFO - Filling up the DagBag from /home/nayara/Documentos/airflowalura/venv/lib/python3.9/site-packages/airflow/example_dags/example_time_delta_sensor_async.py
[2022-11-01 23:00:02,071] {processor.py:651} INFO - DAG(s) dict_keys(['example_time_delta_sensor_async']) retrieved from /home/nayara/Documentos/airflowalura/venv/lib/python3.9/site-packages/airflow/example_dags/example_time_delta_sensor_async.py
[2022-11-01 23:00:02,112] {logging_mixin.py:115} INFO - [2022-11-01 23:00:02,112] {dag.py:2379} INFO - Sync 1 DAGs
[2022-11-01 23:00:02,138] {logging_mixin.py:115} INFO - [2022-11-01 23:00:02,138] {dag.py:2927} INFO - Setting next_dagrun for example_time_delta_sensor_async to None, run_after=None
[2022-11-01 23:00:02,885] {processor.py:161} INFO - Processing /home/nayara/Documentos/airflowalura/venv/lib/python3.9/site-packages/airflow/example_dags/example_time_delta_sensor_async.py took 0.895 seconds
[2022-11-01 23:00:56,097] {processor.py:153} INFO - Started process (PID=20181) to work on /home/nayara/Documentos/airflowalura/venv/lib/python3.9/site-packages/airflow/example_dags/example_time_delta_sensor_async.py
[2022-11-01 23:00:56,114] {processor.py:641} INFO - Processing file /home/nayara/Documentos/airflowalura/venv/lib/python3.9/site-packages/airflow/example_dags/example_time_delta_sensor_async.py for tasks to queue
[2022-11-01 23:00:56,116] {logging_mixin.py:115} INFO - [2022-11-01 23:00:56,116] {dagbag.py:507} INFO - Filling up the DagBag from /home/nayara/Documentos/airflowalura/venv/lib/python3.9/site-packages/airflow/example_dags/example_time_delta_sensor_async.py
[2022-11-01 23:00:56,125] {processor.py:651} INFO - DAG(s) dict_keys(['example_time_delta_sensor_async']) retrieved from /home/nayara/Documentos/airflowalura/venv/lib/python3.9/site-packages/airflow/example_dags/example_time_delta_sensor_async.py
[2022-11-01 23:00:56,404] {logging_mixin.py:115} INFO - [2022-11-01 23:00:56,404] {dag.py:2379} INFO - Sync 1 DAGs
[2022-11-01 23:00:56,421] {logging_mixin.py:115} INFO - [2022-11-01 23:00:56,421] {dag.py:2927} INFO - Setting next_dagrun for example_time_delta_sensor_async to None, run_after=None
[2022-11-01 23:00:56,826] {processor.py:161} INFO - Processing /home/nayara/Documentos/airflowalura/venv/lib/python3.9/site-packages/airflow/example_dags/example_time_delta_sensor_async.py took 0.740 seconds
[2022-11-01 23:01:45,563] {processor.py:153} INFO - Started process (PID=20283) to work on /home/nayara/Documentos/airflowalura/venv/lib/python3.9/site-packages/airflow/example_dags/example_time_delta_sensor_async.py
[2022-11-01 23:01:45,594] {processor.py:641} INFO - Processing file /home/nayara/Documentos/airflowalura/venv/lib/python3.9/site-packages/airflow/example_dags/example_time_delta_sensor_async.py for tasks to queue
[2022-11-01 23:01:45,595] {logging_mixin.py:115} INFO - [2022-11-01 23:01:45,595] {dagbag.py:507} INFO - Filling up the DagBag from /home/nayara/Documentos/airflowalura/venv/lib/python3.9/site-packages/airflow/example_dags/example_time_delta_sensor_async.py
[2022-11-01 23:01:45,610] {processor.py:651} INFO - DAG(s) dict_keys(['example_time_delta_sensor_async']) retrieved from /home/nayara/Documentos/airflowalura/venv/lib/python3.9/site-packages/airflow/example_dags/example_time_delta_sensor_async.py
[2022-11-01 23:01:45,647] {logging_mixin.py:115} INFO - [2022-11-01 23:01:45,647] {dag.py:2379} INFO - Sync 1 DAGs
[2022-11-01 23:01:45,665] {logging_mixin.py:115} INFO - [2022-11-01 23:01:45,665] {dag.py:2927} INFO - Setting next_dagrun for example_time_delta_sensor_async to None, run_after=None
[2022-11-01 23:01:45,973] {processor.py:161} INFO - Processing /home/nayara/Documentos/airflowalura/venv/lib/python3.9/site-packages/airflow/example_dags/example_time_delta_sensor_async.py took 0.413 seconds
[2022-11-01 23:02:36,475] {processor.py:153} INFO - Started process (PID=20432) to work on /home/nayara/Documentos/airflowalura/venv/lib/python3.9/site-packages/airflow/example_dags/example_time_delta_sensor_async.py
[2022-11-01 23:02:36,532] {processor.py:641} INFO - Processing file /home/nayara/Documentos/airflowalura/venv/lib/python3.9/site-packages/airflow/example_dags/example_time_delta_sensor_async.py for tasks to queue
[2022-11-01 23:02:36,536] {logging_mixin.py:115} INFO - [2022-11-01 23:02:36,536] {dagbag.py:507} INFO - Filling up the DagBag from /home/nayara/Documentos/airflowalura/venv/lib/python3.9/site-packages/airflow/example_dags/example_time_delta_sensor_async.py
[2022-11-01 23:02:36,571] {processor.py:651} INFO - DAG(s) dict_keys(['example_time_delta_sensor_async']) retrieved from /home/nayara/Documentos/airflowalura/venv/lib/python3.9/site-packages/airflow/example_dags/example_time_delta_sensor_async.py
[2022-11-01 23:02:36,617] {logging_mixin.py:115} INFO - [2022-11-01 23:02:36,616] {dag.py:2379} INFO - Sync 1 DAGs
[2022-11-01 23:02:36,645] {logging_mixin.py:115} INFO - [2022-11-01 23:02:36,645] {dag.py:2927} INFO - Setting next_dagrun for example_time_delta_sensor_async to None, run_after=None
[2022-11-01 23:02:37,722] {processor.py:161} INFO - Processing /home/nayara/Documentos/airflowalura/venv/lib/python3.9/site-packages/airflow/example_dags/example_time_delta_sensor_async.py took 1.255 seconds
[2022-11-01 23:03:37,034] {processor.py:153} INFO - Started process (PID=20532) to work on /home/nayara/Documentos/airflowalura/venv/lib/python3.9/site-packages/airflow/example_dags/example_time_delta_sensor_async.py
[2022-11-01 23:03:37,050] {processor.py:641} INFO - Processing file /home/nayara/Documentos/airflowalura/venv/lib/python3.9/site-packages/airflow/example_dags/example_time_delta_sensor_async.py for tasks to queue
[2022-11-01 23:03:37,054] {logging_mixin.py:115} INFO - [2022-11-01 23:03:37,053] {dagbag.py:507} INFO - Filling up the DagBag from /home/nayara/Documentos/airflowalura/venv/lib/python3.9/site-packages/airflow/example_dags/example_time_delta_sensor_async.py
[2022-11-01 23:03:37,084] {processor.py:651} INFO - DAG(s) dict_keys(['example_time_delta_sensor_async']) retrieved from /home/nayara/Documentos/airflowalura/venv/lib/python3.9/site-packages/airflow/example_dags/example_time_delta_sensor_async.py
[2022-11-01 23:03:37,125] {logging_mixin.py:115} INFO - [2022-11-01 23:03:37,125] {dag.py:2379} INFO - Sync 1 DAGs
[2022-11-01 23:03:37,151] {logging_mixin.py:115} INFO - [2022-11-01 23:03:37,151] {dag.py:2927} INFO - Setting next_dagrun for example_time_delta_sensor_async to None, run_after=None
[2022-11-01 23:03:37,392] {processor.py:161} INFO - Processing /home/nayara/Documentos/airflowalura/venv/lib/python3.9/site-packages/airflow/example_dags/example_time_delta_sensor_async.py took 0.376 seconds
[2022-11-01 23:04:44,384] {processor.py:153} INFO - Started process (PID=20683) to work on /home/nayara/Documentos/airflowalura/venv/lib/python3.9/site-packages/airflow/example_dags/example_time_delta_sensor_async.py
[2022-11-01 23:04:44,394] {processor.py:641} INFO - Processing file /home/nayara/Documentos/airflowalura/venv/lib/python3.9/site-packages/airflow/example_dags/example_time_delta_sensor_async.py for tasks to queue
[2022-11-01 23:04:44,396] {logging_mixin.py:115} INFO - [2022-11-01 23:04:44,395] {dagbag.py:507} INFO - Filling up the DagBag from /home/nayara/Documentos/airflowalura/venv/lib/python3.9/site-packages/airflow/example_dags/example_time_delta_sensor_async.py
[2022-11-01 23:04:44,407] {processor.py:651} INFO - DAG(s) dict_keys(['example_time_delta_sensor_async']) retrieved from /home/nayara/Documentos/airflowalura/venv/lib/python3.9/site-packages/airflow/example_dags/example_time_delta_sensor_async.py
[2022-11-01 23:04:44,452] {logging_mixin.py:115} INFO - [2022-11-01 23:04:44,451] {dag.py:2379} INFO - Sync 1 DAGs
[2022-11-01 23:04:44,475] {logging_mixin.py:115} INFO - [2022-11-01 23:04:44,475] {dag.py:2927} INFO - Setting next_dagrun for example_time_delta_sensor_async to None, run_after=None
[2022-11-01 23:04:44,675] {processor.py:161} INFO - Processing /home/nayara/Documentos/airflowalura/venv/lib/python3.9/site-packages/airflow/example_dags/example_time_delta_sensor_async.py took 0.309 seconds
[2022-11-01 23:05:39,961] {processor.py:153} INFO - Started process (PID=20805) to work on /home/nayara/Documentos/airflowalura/venv/lib/python3.9/site-packages/airflow/example_dags/example_time_delta_sensor_async.py
[2022-11-01 23:05:39,984] {processor.py:641} INFO - Processing file /home/nayara/Documentos/airflowalura/venv/lib/python3.9/site-packages/airflow/example_dags/example_time_delta_sensor_async.py for tasks to queue
[2022-11-01 23:05:39,985] {logging_mixin.py:115} INFO - [2022-11-01 23:05:39,985] {dagbag.py:507} INFO - Filling up the DagBag from /home/nayara/Documentos/airflowalura/venv/lib/python3.9/site-packages/airflow/example_dags/example_time_delta_sensor_async.py
[2022-11-01 23:05:39,999] {processor.py:651} INFO - DAG(s) dict_keys(['example_time_delta_sensor_async']) retrieved from /home/nayara/Documentos/airflowalura/venv/lib/python3.9/site-packages/airflow/example_dags/example_time_delta_sensor_async.py
[2022-11-01 23:05:40,030] {logging_mixin.py:115} INFO - [2022-11-01 23:05:40,030] {dag.py:2379} INFO - Sync 1 DAGs
[2022-11-01 23:05:40,047] {logging_mixin.py:115} INFO - [2022-11-01 23:05:40,047] {dag.py:2927} INFO - Setting next_dagrun for example_time_delta_sensor_async to None, run_after=None
[2022-11-01 23:05:40,306] {processor.py:161} INFO - Processing /home/nayara/Documentos/airflowalura/venv/lib/python3.9/site-packages/airflow/example_dags/example_time_delta_sensor_async.py took 0.353 seconds
[2022-11-01 23:06:30,837] {processor.py:153} INFO - Started process (PID=20889) to work on /home/nayara/Documentos/airflowalura/venv/lib/python3.9/site-packages/airflow/example_dags/example_time_delta_sensor_async.py
[2022-11-01 23:06:30,860] {processor.py:641} INFO - Processing file /home/nayara/Documentos/airflowalura/venv/lib/python3.9/site-packages/airflow/example_dags/example_time_delta_sensor_async.py for tasks to queue
[2022-11-01 23:06:30,861] {logging_mixin.py:115} INFO - [2022-11-01 23:06:30,860] {dagbag.py:507} INFO - Filling up the DagBag from /home/nayara/Documentos/airflowalura/venv/lib/python3.9/site-packages/airflow/example_dags/example_time_delta_sensor_async.py
[2022-11-01 23:06:30,868] {processor.py:651} INFO - DAG(s) dict_keys(['example_time_delta_sensor_async']) retrieved from /home/nayara/Documentos/airflowalura/venv/lib/python3.9/site-packages/airflow/example_dags/example_time_delta_sensor_async.py
[2022-11-01 23:06:31,128] {logging_mixin.py:115} INFO - [2022-11-01 23:06:31,128] {dag.py:2379} INFO - Sync 1 DAGs
[2022-11-01 23:06:31,146] {logging_mixin.py:115} INFO - [2022-11-01 23:06:31,146] {dag.py:2927} INFO - Setting next_dagrun for example_time_delta_sensor_async to None, run_after=None
[2022-11-01 23:06:31,937] {processor.py:161} INFO - Processing /home/nayara/Documentos/airflowalura/venv/lib/python3.9/site-packages/airflow/example_dags/example_time_delta_sensor_async.py took 1.107 seconds
[2022-11-01 23:07:31,174] {processor.py:153} INFO - Started process (PID=21072) to work on /home/nayara/Documentos/airflowalura/venv/lib/python3.9/site-packages/airflow/example_dags/example_time_delta_sensor_async.py
[2022-11-01 23:07:31,195] {processor.py:641} INFO - Processing file /home/nayara/Documentos/airflowalura/venv/lib/python3.9/site-packages/airflow/example_dags/example_time_delta_sensor_async.py for tasks to queue
[2022-11-01 23:07:31,196] {logging_mixin.py:115} INFO - [2022-11-01 23:07:31,196] {dagbag.py:507} INFO - Filling up the DagBag from /home/nayara/Documentos/airflowalura/venv/lib/python3.9/site-packages/airflow/example_dags/example_time_delta_sensor_async.py
[2022-11-01 23:07:31,202] {processor.py:651} INFO - DAG(s) dict_keys(['example_time_delta_sensor_async']) retrieved from /home/nayara/Documentos/airflowalura/venv/lib/python3.9/site-packages/airflow/example_dags/example_time_delta_sensor_async.py
[2022-11-01 23:07:31,228] {logging_mixin.py:115} INFO - [2022-11-01 23:07:31,228] {dag.py:2379} INFO - Sync 1 DAGs
[2022-11-01 23:07:31,245] {logging_mixin.py:115} INFO - [2022-11-01 23:07:31,244] {dag.py:2927} INFO - Setting next_dagrun for example_time_delta_sensor_async to None, run_after=None
[2022-11-01 23:07:31,471] {processor.py:161} INFO - Processing /home/nayara/Documentos/airflowalura/venv/lib/python3.9/site-packages/airflow/example_dags/example_time_delta_sensor_async.py took 0.300 seconds
[2022-11-01 23:08:18,857] {processor.py:153} INFO - Started process (PID=21157) to work on /home/nayara/Documentos/airflowalura/venv/lib/python3.9/site-packages/airflow/example_dags/example_time_delta_sensor_async.py
[2022-11-01 23:08:18,873] {processor.py:641} INFO - Processing file /home/nayara/Documentos/airflowalura/venv/lib/python3.9/site-packages/airflow/example_dags/example_time_delta_sensor_async.py for tasks to queue
[2022-11-01 23:08:18,874] {logging_mixin.py:115} INFO - [2022-11-01 23:08:18,874] {dagbag.py:507} INFO - Filling up the DagBag from /home/nayara/Documentos/airflowalura/venv/lib/python3.9/site-packages/airflow/example_dags/example_time_delta_sensor_async.py
[2022-11-01 23:08:18,886] {processor.py:651} INFO - DAG(s) dict_keys(['example_time_delta_sensor_async']) retrieved from /home/nayara/Documentos/airflowalura/venv/lib/python3.9/site-packages/airflow/example_dags/example_time_delta_sensor_async.py
[2022-11-01 23:08:18,915] {logging_mixin.py:115} INFO - [2022-11-01 23:08:18,915] {dag.py:2379} INFO - Sync 1 DAGs
[2022-11-01 23:08:18,932] {logging_mixin.py:115} INFO - [2022-11-01 23:08:18,932] {dag.py:2927} INFO - Setting next_dagrun for example_time_delta_sensor_async to None, run_after=None
[2022-11-01 23:08:19,134] {processor.py:161} INFO - Processing /home/nayara/Documentos/airflowalura/venv/lib/python3.9/site-packages/airflow/example_dags/example_time_delta_sensor_async.py took 0.282 seconds
[2022-11-01 23:09:02,390] {processor.py:153} INFO - Started process (PID=21278) to work on /home/nayara/Documentos/airflowalura/venv/lib/python3.9/site-packages/airflow/example_dags/example_time_delta_sensor_async.py
[2022-11-01 23:09:02,481] {processor.py:641} INFO - Processing file /home/nayara/Documentos/airflowalura/venv/lib/python3.9/site-packages/airflow/example_dags/example_time_delta_sensor_async.py for tasks to queue
[2022-11-01 23:09:02,483] {logging_mixin.py:115} INFO - [2022-11-01 23:09:02,482] {dagbag.py:507} INFO - Filling up the DagBag from /home/nayara/Documentos/airflowalura/venv/lib/python3.9/site-packages/airflow/example_dags/example_time_delta_sensor_async.py
[2022-11-01 23:09:02,492] {processor.py:651} INFO - DAG(s) dict_keys(['example_time_delta_sensor_async']) retrieved from /home/nayara/Documentos/airflowalura/venv/lib/python3.9/site-packages/airflow/example_dags/example_time_delta_sensor_async.py
[2022-11-01 23:09:02,531] {logging_mixin.py:115} INFO - [2022-11-01 23:09:02,531] {dag.py:2379} INFO - Sync 1 DAGs
[2022-11-01 23:09:02,549] {logging_mixin.py:115} INFO - [2022-11-01 23:09:02,549] {dag.py:2927} INFO - Setting next_dagrun for example_time_delta_sensor_async to None, run_after=None
[2022-11-01 23:09:03,424] {processor.py:161} INFO - Processing /home/nayara/Documentos/airflowalura/venv/lib/python3.9/site-packages/airflow/example_dags/example_time_delta_sensor_async.py took 1.039 seconds
[2022-11-01 23:09:54,829] {processor.py:153} INFO - Started process (PID=21426) to work on /home/nayara/Documentos/airflowalura/venv/lib/python3.9/site-packages/airflow/example_dags/example_time_delta_sensor_async.py
[2022-11-01 23:09:54,856] {processor.py:641} INFO - Processing file /home/nayara/Documentos/airflowalura/venv/lib/python3.9/site-packages/airflow/example_dags/example_time_delta_sensor_async.py for tasks to queue
[2022-11-01 23:09:54,858] {logging_mixin.py:115} INFO - [2022-11-01 23:09:54,857] {dagbag.py:507} INFO - Filling up the DagBag from /home/nayara/Documentos/airflowalura/venv/lib/python3.9/site-packages/airflow/example_dags/example_time_delta_sensor_async.py
[2022-11-01 23:09:54,884] {processor.py:651} INFO - DAG(s) dict_keys(['example_time_delta_sensor_async']) retrieved from /home/nayara/Documentos/airflowalura/venv/lib/python3.9/site-packages/airflow/example_dags/example_time_delta_sensor_async.py
[2022-11-01 23:09:54,941] {logging_mixin.py:115} INFO - [2022-11-01 23:09:54,941] {dag.py:2379} INFO - Sync 1 DAGs
[2022-11-01 23:09:54,971] {logging_mixin.py:115} INFO - [2022-11-01 23:09:54,971] {dag.py:2927} INFO - Setting next_dagrun for example_time_delta_sensor_async to None, run_after=None
[2022-11-01 23:09:55,721] {processor.py:161} INFO - Processing /home/nayara/Documentos/airflowalura/venv/lib/python3.9/site-packages/airflow/example_dags/example_time_delta_sensor_async.py took 0.903 seconds
[2022-11-01 23:10:57,117] {processor.py:153} INFO - Started process (PID=21547) to work on /home/nayara/Documentos/airflowalura/venv/lib/python3.9/site-packages/airflow/example_dags/example_time_delta_sensor_async.py
[2022-11-01 23:10:57,145] {processor.py:641} INFO - Processing file /home/nayara/Documentos/airflowalura/venv/lib/python3.9/site-packages/airflow/example_dags/example_time_delta_sensor_async.py for tasks to queue
[2022-11-01 23:10:57,146] {logging_mixin.py:115} INFO - [2022-11-01 23:10:57,146] {dagbag.py:507} INFO - Filling up the DagBag from /home/nayara/Documentos/airflowalura/venv/lib/python3.9/site-packages/airflow/example_dags/example_time_delta_sensor_async.py
[2022-11-01 23:10:57,155] {processor.py:651} INFO - DAG(s) dict_keys(['example_time_delta_sensor_async']) retrieved from /home/nayara/Documentos/airflowalura/venv/lib/python3.9/site-packages/airflow/example_dags/example_time_delta_sensor_async.py
[2022-11-01 23:10:57,188] {logging_mixin.py:115} INFO - [2022-11-01 23:10:57,188] {dag.py:2379} INFO - Sync 1 DAGs
[2022-11-01 23:10:57,210] {logging_mixin.py:115} INFO - [2022-11-01 23:10:57,210] {dag.py:2927} INFO - Setting next_dagrun for example_time_delta_sensor_async to None, run_after=None
[2022-11-01 23:10:57,841] {processor.py:161} INFO - Processing /home/nayara/Documentos/airflowalura/venv/lib/python3.9/site-packages/airflow/example_dags/example_time_delta_sensor_async.py took 0.731 seconds
[2022-11-01 23:12:26,157] {processor.py:153} INFO - Started process (PID=21801) to work on /home/nayara/Documentos/airflowalura/venv/lib/python3.9/site-packages/airflow/example_dags/example_time_delta_sensor_async.py
[2022-11-01 23:12:26,171] {processor.py:641} INFO - Processing file /home/nayara/Documentos/airflowalura/venv/lib/python3.9/site-packages/airflow/example_dags/example_time_delta_sensor_async.py for tasks to queue
[2022-11-01 23:12:26,172] {logging_mixin.py:115} INFO - [2022-11-01 23:12:26,172] {dagbag.py:507} INFO - Filling up the DagBag from /home/nayara/Documentos/airflowalura/venv/lib/python3.9/site-packages/airflow/example_dags/example_time_delta_sensor_async.py
[2022-11-01 23:12:26,181] {processor.py:651} INFO - DAG(s) dict_keys(['example_time_delta_sensor_async']) retrieved from /home/nayara/Documentos/airflowalura/venv/lib/python3.9/site-packages/airflow/example_dags/example_time_delta_sensor_async.py
[2022-11-01 23:12:26,214] {logging_mixin.py:115} INFO - [2022-11-01 23:12:26,214] {dag.py:2379} INFO - Sync 1 DAGs
[2022-11-01 23:12:26,234] {logging_mixin.py:115} INFO - [2022-11-01 23:12:26,234] {dag.py:2927} INFO - Setting next_dagrun for example_time_delta_sensor_async to None, run_after=None
[2022-11-01 23:12:26,459] {processor.py:161} INFO - Processing /home/nayara/Documentos/airflowalura/venv/lib/python3.9/site-packages/airflow/example_dags/example_time_delta_sensor_async.py took 0.307 seconds
[2022-11-01 23:13:36,666] {processor.py:153} INFO - Started process (PID=21921) to work on /home/nayara/Documentos/airflowalura/venv/lib/python3.9/site-packages/airflow/example_dags/example_time_delta_sensor_async.py
[2022-11-01 23:13:36,715] {processor.py:641} INFO - Processing file /home/nayara/Documentos/airflowalura/venv/lib/python3.9/site-packages/airflow/example_dags/example_time_delta_sensor_async.py for tasks to queue
[2022-11-01 23:13:36,717] {logging_mixin.py:115} INFO - [2022-11-01 23:13:36,717] {dagbag.py:507} INFO - Filling up the DagBag from /home/nayara/Documentos/airflowalura/venv/lib/python3.9/site-packages/airflow/example_dags/example_time_delta_sensor_async.py
[2022-11-01 23:13:36,729] {processor.py:651} INFO - DAG(s) dict_keys(['example_time_delta_sensor_async']) retrieved from /home/nayara/Documentos/airflowalura/venv/lib/python3.9/site-packages/airflow/example_dags/example_time_delta_sensor_async.py
[2022-11-01 23:13:36,760] {logging_mixin.py:115} INFO - [2022-11-01 23:13:36,760] {dag.py:2379} INFO - Sync 1 DAGs
[2022-11-01 23:13:36,779] {logging_mixin.py:115} INFO - [2022-11-01 23:13:36,779] {dag.py:2927} INFO - Setting next_dagrun for example_time_delta_sensor_async to None, run_after=None
[2022-11-01 23:13:37,075] {processor.py:161} INFO - Processing /home/nayara/Documentos/airflowalura/venv/lib/python3.9/site-packages/airflow/example_dags/example_time_delta_sensor_async.py took 0.428 seconds
[2022-11-01 23:14:45,601] {processor.py:153} INFO - Started process (PID=22123) to work on /home/nayara/Documentos/airflowalura/venv/lib/python3.9/site-packages/airflow/example_dags/example_time_delta_sensor_async.py
[2022-11-01 23:14:45,602] {processor.py:641} INFO - Processing file /home/nayara/Documentos/airflowalura/venv/lib/python3.9/site-packages/airflow/example_dags/example_time_delta_sensor_async.py for tasks to queue
[2022-11-01 23:14:45,604] {logging_mixin.py:115} INFO - [2022-11-01 23:14:45,603] {dagbag.py:507} INFO - Filling up the DagBag from /home/nayara/Documentos/airflowalura/venv/lib/python3.9/site-packages/airflow/example_dags/example_time_delta_sensor_async.py
[2022-11-01 23:14:45,613] {processor.py:651} INFO - DAG(s) dict_keys(['example_time_delta_sensor_async']) retrieved from /home/nayara/Documentos/airflowalura/venv/lib/python3.9/site-packages/airflow/example_dags/example_time_delta_sensor_async.py
[2022-11-01 23:14:45,639] {logging_mixin.py:115} INFO - [2022-11-01 23:14:45,638] {dag.py:2379} INFO - Sync 1 DAGs
[2022-11-01 23:14:45,655] {logging_mixin.py:115} INFO - [2022-11-01 23:14:45,655] {dag.py:2927} INFO - Setting next_dagrun for example_time_delta_sensor_async to None, run_after=None
[2022-11-01 23:14:45,872] {processor.py:161} INFO - Processing /home/nayara/Documentos/airflowalura/venv/lib/python3.9/site-packages/airflow/example_dags/example_time_delta_sensor_async.py took 0.284 seconds
[2022-11-01 23:15:45,657] {processor.py:153} INFO - Started process (PID=22267) to work on /home/nayara/Documentos/airflowalura/venv/lib/python3.9/site-packages/airflow/example_dags/example_time_delta_sensor_async.py
[2022-11-01 23:15:45,678] {processor.py:641} INFO - Processing file /home/nayara/Documentos/airflowalura/venv/lib/python3.9/site-packages/airflow/example_dags/example_time_delta_sensor_async.py for tasks to queue
[2022-11-01 23:15:45,681] {logging_mixin.py:115} INFO - [2022-11-01 23:15:45,680] {dagbag.py:507} INFO - Filling up the DagBag from /home/nayara/Documentos/airflowalura/venv/lib/python3.9/site-packages/airflow/example_dags/example_time_delta_sensor_async.py
[2022-11-01 23:15:45,705] {processor.py:651} INFO - DAG(s) dict_keys(['example_time_delta_sensor_async']) retrieved from /home/nayara/Documentos/airflowalura/venv/lib/python3.9/site-packages/airflow/example_dags/example_time_delta_sensor_async.py
[2022-11-01 23:15:45,765] {logging_mixin.py:115} INFO - [2022-11-01 23:15:45,765] {dag.py:2379} INFO - Sync 1 DAGs
[2022-11-01 23:15:45,782] {logging_mixin.py:115} INFO - [2022-11-01 23:15:45,782] {dag.py:2927} INFO - Setting next_dagrun for example_time_delta_sensor_async to None, run_after=None
[2022-11-01 23:15:46,025] {processor.py:161} INFO - Processing /home/nayara/Documentos/airflowalura/venv/lib/python3.9/site-packages/airflow/example_dags/example_time_delta_sensor_async.py took 0.386 seconds
[2022-11-01 23:16:45,650] {processor.py:153} INFO - Started process (PID=22396) to work on /home/nayara/Documentos/airflowalura/venv/lib/python3.9/site-packages/airflow/example_dags/example_time_delta_sensor_async.py
[2022-11-01 23:16:45,686] {processor.py:641} INFO - Processing file /home/nayara/Documentos/airflowalura/venv/lib/python3.9/site-packages/airflow/example_dags/example_time_delta_sensor_async.py for tasks to queue
[2022-11-01 23:16:45,690] {logging_mixin.py:115} INFO - [2022-11-01 23:16:45,689] {dagbag.py:507} INFO - Filling up the DagBag from /home/nayara/Documentos/airflowalura/venv/lib/python3.9/site-packages/airflow/example_dags/example_time_delta_sensor_async.py
[2022-11-01 23:16:45,742] {processor.py:651} INFO - DAG(s) dict_keys(['example_time_delta_sensor_async']) retrieved from /home/nayara/Documentos/airflowalura/venv/lib/python3.9/site-packages/airflow/example_dags/example_time_delta_sensor_async.py
[2022-11-01 23:16:45,845] {logging_mixin.py:115} INFO - [2022-11-01 23:16:45,845] {dag.py:2379} INFO - Sync 1 DAGs
[2022-11-01 23:16:45,892] {logging_mixin.py:115} INFO - [2022-11-01 23:16:45,892] {dag.py:2927} INFO - Setting next_dagrun for example_time_delta_sensor_async to None, run_after=None
[2022-11-01 23:16:46,162] {processor.py:161} INFO - Processing /home/nayara/Documentos/airflowalura/venv/lib/python3.9/site-packages/airflow/example_dags/example_time_delta_sensor_async.py took 0.518 seconds
[2022-11-01 23:18:02,437] {processor.py:153} INFO - Started process (PID=22577) to work on /home/nayara/Documentos/airflowalura/venv/lib/python3.9/site-packages/airflow/example_dags/example_time_delta_sensor_async.py
[2022-11-01 23:18:02,511] {processor.py:641} INFO - Processing file /home/nayara/Documentos/airflowalura/venv/lib/python3.9/site-packages/airflow/example_dags/example_time_delta_sensor_async.py for tasks to queue
[2022-11-01 23:18:02,513] {logging_mixin.py:115} INFO - [2022-11-01 23:18:02,512] {dagbag.py:507} INFO - Filling up the DagBag from /home/nayara/Documentos/airflowalura/venv/lib/python3.9/site-packages/airflow/example_dags/example_time_delta_sensor_async.py
[2022-11-01 23:18:02,527] {processor.py:651} INFO - DAG(s) dict_keys(['example_time_delta_sensor_async']) retrieved from /home/nayara/Documentos/airflowalura/venv/lib/python3.9/site-packages/airflow/example_dags/example_time_delta_sensor_async.py
[2022-11-01 23:18:03,195] {logging_mixin.py:115} INFO - [2022-11-01 23:18:03,195] {dag.py:2379} INFO - Sync 1 DAGs
[2022-11-01 23:18:03,212] {logging_mixin.py:115} INFO - [2022-11-01 23:18:03,212] {dag.py:2927} INFO - Setting next_dagrun for example_time_delta_sensor_async to None, run_after=None
[2022-11-01 23:18:03,937] {processor.py:161} INFO - Processing /home/nayara/Documentos/airflowalura/venv/lib/python3.9/site-packages/airflow/example_dags/example_time_delta_sensor_async.py took 1.509 seconds
[2022-11-01 23:19:11,962] {processor.py:153} INFO - Started process (PID=22692) to work on /home/nayara/Documentos/airflowalura/venv/lib/python3.9/site-packages/airflow/example_dags/example_time_delta_sensor_async.py
[2022-11-01 23:19:11,973] {processor.py:641} INFO - Processing file /home/nayara/Documentos/airflowalura/venv/lib/python3.9/site-packages/airflow/example_dags/example_time_delta_sensor_async.py for tasks to queue
[2022-11-01 23:19:11,974] {logging_mixin.py:115} INFO - [2022-11-01 23:19:11,973] {dagbag.py:507} INFO - Filling up the DagBag from /home/nayara/Documentos/airflowalura/venv/lib/python3.9/site-packages/airflow/example_dags/example_time_delta_sensor_async.py
[2022-11-01 23:19:11,981] {processor.py:651} INFO - DAG(s) dict_keys(['example_time_delta_sensor_async']) retrieved from /home/nayara/Documentos/airflowalura/venv/lib/python3.9/site-packages/airflow/example_dags/example_time_delta_sensor_async.py
[2022-11-01 23:19:12,009] {logging_mixin.py:115} INFO - [2022-11-01 23:19:12,008] {dag.py:2379} INFO - Sync 1 DAGs
[2022-11-01 23:19:12,025] {logging_mixin.py:115} INFO - [2022-11-01 23:19:12,025] {dag.py:2927} INFO - Setting next_dagrun for example_time_delta_sensor_async to None, run_after=None
[2022-11-01 23:19:12,255] {processor.py:161} INFO - Processing /home/nayara/Documentos/airflowalura/venv/lib/python3.9/site-packages/airflow/example_dags/example_time_delta_sensor_async.py took 0.297 seconds
[2022-11-01 23:20:12,623] {processor.py:153} INFO - Started process (PID=22856) to work on /home/nayara/Documentos/airflowalura/venv/lib/python3.9/site-packages/airflow/example_dags/example_time_delta_sensor_async.py
[2022-11-01 23:20:12,745] {processor.py:641} INFO - Processing file /home/nayara/Documentos/airflowalura/venv/lib/python3.9/site-packages/airflow/example_dags/example_time_delta_sensor_async.py for tasks to queue
[2022-11-01 23:20:12,748] {logging_mixin.py:115} INFO - [2022-11-01 23:20:12,747] {dagbag.py:507} INFO - Filling up the DagBag from /home/nayara/Documentos/airflowalura/venv/lib/python3.9/site-packages/airflow/example_dags/example_time_delta_sensor_async.py
[2022-11-01 23:20:12,787] {processor.py:651} INFO - DAG(s) dict_keys(['example_time_delta_sensor_async']) retrieved from /home/nayara/Documentos/airflowalura/venv/lib/python3.9/site-packages/airflow/example_dags/example_time_delta_sensor_async.py
[2022-11-01 23:20:12,880] {logging_mixin.py:115} INFO - [2022-11-01 23:20:12,880] {dag.py:2379} INFO - Sync 1 DAGs
[2022-11-01 23:20:12,916] {logging_mixin.py:115} INFO - [2022-11-01 23:20:12,916] {dag.py:2927} INFO - Setting next_dagrun for example_time_delta_sensor_async to None, run_after=None
[2022-11-01 23:20:14,026] {processor.py:161} INFO - Processing /home/nayara/Documentos/airflowalura/venv/lib/python3.9/site-packages/airflow/example_dags/example_time_delta_sensor_async.py took 1.407 seconds
[2022-11-01 23:21:39,570] {processor.py:153} INFO - Started process (PID=23076) to work on /home/nayara/Documentos/airflowalura/venv/lib/python3.9/site-packages/airflow/example_dags/example_time_delta_sensor_async.py
[2022-11-01 23:21:39,709] {processor.py:641} INFO - Processing file /home/nayara/Documentos/airflowalura/venv/lib/python3.9/site-packages/airflow/example_dags/example_time_delta_sensor_async.py for tasks to queue
[2022-11-01 23:21:39,710] {logging_mixin.py:115} INFO - [2022-11-01 23:21:39,710] {dagbag.py:507} INFO - Filling up the DagBag from /home/nayara/Documentos/airflowalura/venv/lib/python3.9/site-packages/airflow/example_dags/example_time_delta_sensor_async.py
[2022-11-01 23:21:40,685] {processor.py:651} INFO - DAG(s) dict_keys(['example_time_delta_sensor_async']) retrieved from /home/nayara/Documentos/airflowalura/venv/lib/python3.9/site-packages/airflow/example_dags/example_time_delta_sensor_async.py
[2022-11-01 23:21:44,144] {logging_mixin.py:115} INFO - [2022-11-01 23:21:44,144] {dag.py:2379} INFO - Sync 1 DAGs
[2022-11-01 23:21:44,234] {logging_mixin.py:115} INFO - [2022-11-01 23:21:44,234] {dag.py:2927} INFO - Setting next_dagrun for example_time_delta_sensor_async to None, run_after=None
[2022-11-01 23:21:44,741] {processor.py:161} INFO - Processing /home/nayara/Documentos/airflowalura/venv/lib/python3.9/site-packages/airflow/example_dags/example_time_delta_sensor_async.py took 5.177 seconds
