[2022-11-01 22:41:15,485] {processor.py:153} INFO - Started process (PID=17845) to work on /home/nayara/Documentos/airflowalura/venv/lib/python3.9/site-packages/airflow/example_dags/example_branch_labels.py
[2022-11-01 22:41:15,486] {processor.py:641} INFO - Processing file /home/nayara/Documentos/airflowalura/venv/lib/python3.9/site-packages/airflow/example_dags/example_branch_labels.py for tasks to queue
[2022-11-01 22:41:15,487] {logging_mixin.py:115} INFO - [2022-11-01 22:41:15,487] {dagbag.py:507} INFO - Filling up the DagBag from /home/nayara/Documentos/airflowalura/venv/lib/python3.9/site-packages/airflow/example_dags/example_branch_labels.py
[2022-11-01 22:41:15,503] {processor.py:651} INFO - DAG(s) dict_keys(['example_branch_labels']) retrieved from /home/nayara/Documentos/airflowalura/venv/lib/python3.9/site-packages/airflow/example_dags/example_branch_labels.py
[2022-11-01 22:41:16,096] {logging_mixin.py:115} INFO - [2022-11-01 22:41:16,096] {dag.py:2379} INFO - Sync 1 DAGs
[2022-11-01 22:41:16,149] {logging_mixin.py:115} INFO - [2022-11-01 22:41:16,148] {dag.py:2927} INFO - Setting next_dagrun for example_branch_labels to 2022-11-01T00:00:00+00:00, run_after=2022-11-02T00:00:00+00:00
[2022-11-01 22:41:16,746] {processor.py:161} INFO - Processing /home/nayara/Documentos/airflowalura/venv/lib/python3.9/site-packages/airflow/example_dags/example_branch_labels.py took 1.270 seconds
[2022-11-01 22:44:05,070] {processor.py:153} INFO - Started process (PID=18082) to work on /home/nayara/Documentos/airflowalura/venv/lib/python3.9/site-packages/airflow/example_dags/example_branch_labels.py
[2022-11-01 22:44:05,118] {processor.py:641} INFO - Processing file /home/nayara/Documentos/airflowalura/venv/lib/python3.9/site-packages/airflow/example_dags/example_branch_labels.py for tasks to queue
[2022-11-01 22:44:05,120] {logging_mixin.py:115} INFO - [2022-11-01 22:44:05,120] {dagbag.py:507} INFO - Filling up the DagBag from /home/nayara/Documentos/airflowalura/venv/lib/python3.9/site-packages/airflow/example_dags/example_branch_labels.py
[2022-11-01 22:44:05,139] {processor.py:651} INFO - DAG(s) dict_keys(['example_branch_labels']) retrieved from /home/nayara/Documentos/airflowalura/venv/lib/python3.9/site-packages/airflow/example_dags/example_branch_labels.py
[2022-11-01 22:44:05,194] {logging_mixin.py:115} INFO - [2022-11-01 22:44:05,194] {dag.py:2379} INFO - Sync 1 DAGs
[2022-11-01 22:44:05,255] {logging_mixin.py:115} INFO - [2022-11-01 22:44:05,255] {dag.py:2927} INFO - Setting next_dagrun for example_branch_labels to 2022-11-01T00:00:00+00:00, run_after=2022-11-02T00:00:00+00:00
[2022-11-01 22:44:05,482] {processor.py:161} INFO - Processing /home/nayara/Documentos/airflowalura/venv/lib/python3.9/site-packages/airflow/example_dags/example_branch_labels.py took 0.446 seconds
[2022-11-01 22:45:22,834] {processor.py:153} INFO - Started process (PID=18215) to work on /home/nayara/Documentos/airflowalura/venv/lib/python3.9/site-packages/airflow/example_dags/example_branch_labels.py
[2022-11-01 22:45:22,835] {processor.py:641} INFO - Processing file /home/nayara/Documentos/airflowalura/venv/lib/python3.9/site-packages/airflow/example_dags/example_branch_labels.py for tasks to queue
[2022-11-01 22:45:22,837] {logging_mixin.py:115} INFO - [2022-11-01 22:45:22,836] {dagbag.py:507} INFO - Filling up the DagBag from /home/nayara/Documentos/airflowalura/venv/lib/python3.9/site-packages/airflow/example_dags/example_branch_labels.py
[2022-11-01 22:45:22,852] {processor.py:651} INFO - DAG(s) dict_keys(['example_branch_labels']) retrieved from /home/nayara/Documentos/airflowalura/venv/lib/python3.9/site-packages/airflow/example_dags/example_branch_labels.py
[2022-11-01 22:45:22,895] {logging_mixin.py:115} INFO - [2022-11-01 22:45:22,894] {dag.py:2379} INFO - Sync 1 DAGs
[2022-11-01 22:45:22,935] {logging_mixin.py:115} INFO - [2022-11-01 22:45:22,935] {dag.py:2927} INFO - Setting next_dagrun for example_branch_labels to 2022-11-01T00:00:00+00:00, run_after=2022-11-02T00:00:00+00:00
[2022-11-01 22:45:23,155] {processor.py:161} INFO - Processing /home/nayara/Documentos/airflowalura/venv/lib/python3.9/site-packages/airflow/example_dags/example_branch_labels.py took 0.328 seconds
[2022-11-01 22:46:21,566] {processor.py:153} INFO - Started process (PID=18322) to work on /home/nayara/Documentos/airflowalura/venv/lib/python3.9/site-packages/airflow/example_dags/example_branch_labels.py
[2022-11-01 22:46:21,602] {processor.py:641} INFO - Processing file /home/nayara/Documentos/airflowalura/venv/lib/python3.9/site-packages/airflow/example_dags/example_branch_labels.py for tasks to queue
[2022-11-01 22:46:21,603] {logging_mixin.py:115} INFO - [2022-11-01 22:46:21,603] {dagbag.py:507} INFO - Filling up the DagBag from /home/nayara/Documentos/airflowalura/venv/lib/python3.9/site-packages/airflow/example_dags/example_branch_labels.py
[2022-11-01 22:46:21,611] {processor.py:651} INFO - DAG(s) dict_keys(['example_branch_labels']) retrieved from /home/nayara/Documentos/airflowalura/venv/lib/python3.9/site-packages/airflow/example_dags/example_branch_labels.py
[2022-11-01 22:46:21,664] {logging_mixin.py:115} INFO - [2022-11-01 22:46:21,664] {dag.py:2379} INFO - Sync 1 DAGs
[2022-11-01 22:46:21,700] {logging_mixin.py:115} INFO - [2022-11-01 22:46:21,700] {dag.py:2927} INFO - Setting next_dagrun for example_branch_labels to 2022-11-01T00:00:00+00:00, run_after=2022-11-02T00:00:00+00:00
[2022-11-01 22:46:21,923] {processor.py:161} INFO - Processing /home/nayara/Documentos/airflowalura/venv/lib/python3.9/site-packages/airflow/example_dags/example_branch_labels.py took 0.365 seconds
[2022-11-01 22:47:29,458] {processor.py:153} INFO - Started process (PID=18486) to work on /home/nayara/Documentos/airflowalura/venv/lib/python3.9/site-packages/airflow/example_dags/example_branch_labels.py
[2022-11-01 22:47:29,462] {processor.py:641} INFO - Processing file /home/nayara/Documentos/airflowalura/venv/lib/python3.9/site-packages/airflow/example_dags/example_branch_labels.py for tasks to queue
[2022-11-01 22:47:29,463] {logging_mixin.py:115} INFO - [2022-11-01 22:47:29,463] {dagbag.py:507} INFO - Filling up the DagBag from /home/nayara/Documentos/airflowalura/venv/lib/python3.9/site-packages/airflow/example_dags/example_branch_labels.py
[2022-11-01 22:47:29,486] {processor.py:651} INFO - DAG(s) dict_keys(['example_branch_labels']) retrieved from /home/nayara/Documentos/airflowalura/venv/lib/python3.9/site-packages/airflow/example_dags/example_branch_labels.py
[2022-11-01 22:47:29,530] {logging_mixin.py:115} INFO - [2022-11-01 22:47:29,530] {dag.py:2379} INFO - Sync 1 DAGs
[2022-11-01 22:47:29,573] {logging_mixin.py:115} INFO - [2022-11-01 22:47:29,573] {dag.py:2927} INFO - Setting next_dagrun for example_branch_labels to 2022-11-01T00:00:00+00:00, run_after=2022-11-02T00:00:00+00:00
[2022-11-01 22:47:30,195] {processor.py:161} INFO - Processing /home/nayara/Documentos/airflowalura/venv/lib/python3.9/site-packages/airflow/example_dags/example_branch_labels.py took 0.742 seconds
[2022-11-01 22:48:27,391] {processor.py:153} INFO - Started process (PID=18595) to work on /home/nayara/Documentos/airflowalura/venv/lib/python3.9/site-packages/airflow/example_dags/example_branch_labels.py
[2022-11-01 22:48:27,392] {processor.py:641} INFO - Processing file /home/nayara/Documentos/airflowalura/venv/lib/python3.9/site-packages/airflow/example_dags/example_branch_labels.py for tasks to queue
[2022-11-01 22:48:27,392] {logging_mixin.py:115} INFO - [2022-11-01 22:48:27,392] {dagbag.py:507} INFO - Filling up the DagBag from /home/nayara/Documentos/airflowalura/venv/lib/python3.9/site-packages/airflow/example_dags/example_branch_labels.py
[2022-11-01 22:48:27,409] {processor.py:651} INFO - DAG(s) dict_keys(['example_branch_labels']) retrieved from /home/nayara/Documentos/airflowalura/venv/lib/python3.9/site-packages/airflow/example_dags/example_branch_labels.py
[2022-11-01 22:48:27,449] {logging_mixin.py:115} INFO - [2022-11-01 22:48:27,449] {dag.py:2379} INFO - Sync 1 DAGs
[2022-11-01 22:48:27,493] {logging_mixin.py:115} INFO - [2022-11-01 22:48:27,492] {dag.py:2927} INFO - Setting next_dagrun for example_branch_labels to 2022-11-01T00:00:00+00:00, run_after=2022-11-02T00:00:00+00:00
[2022-11-01 22:48:27,739] {processor.py:161} INFO - Processing /home/nayara/Documentos/airflowalura/venv/lib/python3.9/site-packages/airflow/example_dags/example_branch_labels.py took 0.353 seconds
[2022-11-01 22:49:25,507] {processor.py:153} INFO - Started process (PID=18710) to work on /home/nayara/Documentos/airflowalura/venv/lib/python3.9/site-packages/airflow/example_dags/example_branch_labels.py
[2022-11-01 22:49:25,533] {processor.py:641} INFO - Processing file /home/nayara/Documentos/airflowalura/venv/lib/python3.9/site-packages/airflow/example_dags/example_branch_labels.py for tasks to queue
[2022-11-01 22:49:25,534] {logging_mixin.py:115} INFO - [2022-11-01 22:49:25,534] {dagbag.py:507} INFO - Filling up the DagBag from /home/nayara/Documentos/airflowalura/venv/lib/python3.9/site-packages/airflow/example_dags/example_branch_labels.py
[2022-11-01 22:49:25,551] {processor.py:651} INFO - DAG(s) dict_keys(['example_branch_labels']) retrieved from /home/nayara/Documentos/airflowalura/venv/lib/python3.9/site-packages/airflow/example_dags/example_branch_labels.py
[2022-11-01 22:49:25,602] {logging_mixin.py:115} INFO - [2022-11-01 22:49:25,601] {dag.py:2379} INFO - Sync 1 DAGs
[2022-11-01 22:49:25,652] {logging_mixin.py:115} INFO - [2022-11-01 22:49:25,652] {dag.py:2927} INFO - Setting next_dagrun for example_branch_labels to 2022-11-01T00:00:00+00:00, run_after=2022-11-02T00:00:00+00:00
[2022-11-01 22:49:25,870] {processor.py:161} INFO - Processing /home/nayara/Documentos/airflowalura/venv/lib/python3.9/site-packages/airflow/example_dags/example_branch_labels.py took 0.374 seconds
[2022-11-01 22:50:21,454] {processor.py:153} INFO - Started process (PID=18814) to work on /home/nayara/Documentos/airflowalura/venv/lib/python3.9/site-packages/airflow/example_dags/example_branch_labels.py
[2022-11-01 22:50:21,456] {processor.py:641} INFO - Processing file /home/nayara/Documentos/airflowalura/venv/lib/python3.9/site-packages/airflow/example_dags/example_branch_labels.py for tasks to queue
[2022-11-01 22:50:21,457] {logging_mixin.py:115} INFO - [2022-11-01 22:50:21,457] {dagbag.py:507} INFO - Filling up the DagBag from /home/nayara/Documentos/airflowalura/venv/lib/python3.9/site-packages/airflow/example_dags/example_branch_labels.py
[2022-11-01 22:50:21,465] {processor.py:651} INFO - DAG(s) dict_keys(['example_branch_labels']) retrieved from /home/nayara/Documentos/airflowalura/venv/lib/python3.9/site-packages/airflow/example_dags/example_branch_labels.py
[2022-11-01 22:50:21,506] {logging_mixin.py:115} INFO - [2022-11-01 22:50:21,506] {dag.py:2379} INFO - Sync 1 DAGs
[2022-11-01 22:50:21,544] {logging_mixin.py:115} INFO - [2022-11-01 22:50:21,544] {dag.py:2927} INFO - Setting next_dagrun for example_branch_labels to 2022-11-01T00:00:00+00:00, run_after=2022-11-02T00:00:00+00:00
[2022-11-01 22:50:21,748] {processor.py:161} INFO - Processing /home/nayara/Documentos/airflowalura/venv/lib/python3.9/site-packages/airflow/example_dags/example_branch_labels.py took 0.301 seconds
[2022-11-01 22:51:26,009] {processor.py:153} INFO - Started process (PID=18932) to work on /home/nayara/Documentos/airflowalura/venv/lib/python3.9/site-packages/airflow/example_dags/example_branch_labels.py
[2022-11-01 22:51:26,016] {processor.py:641} INFO - Processing file /home/nayara/Documentos/airflowalura/venv/lib/python3.9/site-packages/airflow/example_dags/example_branch_labels.py for tasks to queue
[2022-11-01 22:51:26,018] {logging_mixin.py:115} INFO - [2022-11-01 22:51:26,017] {dagbag.py:507} INFO - Filling up the DagBag from /home/nayara/Documentos/airflowalura/venv/lib/python3.9/site-packages/airflow/example_dags/example_branch_labels.py
[2022-11-01 22:51:26,036] {processor.py:651} INFO - DAG(s) dict_keys(['example_branch_labels']) retrieved from /home/nayara/Documentos/airflowalura/venv/lib/python3.9/site-packages/airflow/example_dags/example_branch_labels.py
[2022-11-01 22:51:26,085] {logging_mixin.py:115} INFO - [2022-11-01 22:51:26,085] {dag.py:2379} INFO - Sync 1 DAGs
[2022-11-01 22:51:26,130] {logging_mixin.py:115} INFO - [2022-11-01 22:51:26,130] {dag.py:2927} INFO - Setting next_dagrun for example_branch_labels to 2022-11-01T00:00:00+00:00, run_after=2022-11-02T00:00:00+00:00
[2022-11-01 22:51:26,363] {processor.py:161} INFO - Processing /home/nayara/Documentos/airflowalura/venv/lib/python3.9/site-packages/airflow/example_dags/example_branch_labels.py took 0.359 seconds
[2022-11-01 22:52:57,678] {processor.py:153} INFO - Started process (PID=19137) to work on /home/nayara/Documentos/airflowalura/venv/lib/python3.9/site-packages/airflow/example_dags/example_branch_labels.py
[2022-11-01 22:52:57,697] {processor.py:641} INFO - Processing file /home/nayara/Documentos/airflowalura/venv/lib/python3.9/site-packages/airflow/example_dags/example_branch_labels.py for tasks to queue
[2022-11-01 22:52:57,699] {logging_mixin.py:115} INFO - [2022-11-01 22:52:57,699] {dagbag.py:507} INFO - Filling up the DagBag from /home/nayara/Documentos/airflowalura/venv/lib/python3.9/site-packages/airflow/example_dags/example_branch_labels.py
[2022-11-01 22:52:57,706] {processor.py:651} INFO - DAG(s) dict_keys(['example_branch_labels']) retrieved from /home/nayara/Documentos/airflowalura/venv/lib/python3.9/site-packages/airflow/example_dags/example_branch_labels.py
[2022-11-01 22:52:57,735] {logging_mixin.py:115} INFO - [2022-11-01 22:52:57,735] {dag.py:2379} INFO - Sync 1 DAGs
[2022-11-01 22:52:57,774] {logging_mixin.py:115} INFO - [2022-11-01 22:52:57,773] {dag.py:2927} INFO - Setting next_dagrun for example_branch_labels to 2022-11-01T00:00:00+00:00, run_after=2022-11-02T00:00:00+00:00
[2022-11-01 22:52:58,166] {processor.py:161} INFO - Processing /home/nayara/Documentos/airflowalura/venv/lib/python3.9/site-packages/airflow/example_dags/example_branch_labels.py took 0.494 seconds
[2022-11-01 22:53:59,798] {processor.py:153} INFO - Started process (PID=19256) to work on /home/nayara/Documentos/airflowalura/venv/lib/python3.9/site-packages/airflow/example_dags/example_branch_labels.py
[2022-11-01 22:53:59,875] {processor.py:641} INFO - Processing file /home/nayara/Documentos/airflowalura/venv/lib/python3.9/site-packages/airflow/example_dags/example_branch_labels.py for tasks to queue
[2022-11-01 22:53:59,876] {logging_mixin.py:115} INFO - [2022-11-01 22:53:59,875] {dagbag.py:507} INFO - Filling up the DagBag from /home/nayara/Documentos/airflowalura/venv/lib/python3.9/site-packages/airflow/example_dags/example_branch_labels.py
[2022-11-01 22:53:59,885] {processor.py:651} INFO - DAG(s) dict_keys(['example_branch_labels']) retrieved from /home/nayara/Documentos/airflowalura/venv/lib/python3.9/site-packages/airflow/example_dags/example_branch_labels.py
[2022-11-01 22:53:59,916] {logging_mixin.py:115} INFO - [2022-11-01 22:53:59,916] {dag.py:2379} INFO - Sync 1 DAGs
[2022-11-01 22:53:59,946] {logging_mixin.py:115} INFO - [2022-11-01 22:53:59,946] {dag.py:2927} INFO - Setting next_dagrun for example_branch_labels to 2022-11-01T00:00:00+00:00, run_after=2022-11-02T00:00:00+00:00
[2022-11-01 22:54:00,337] {processor.py:161} INFO - Processing /home/nayara/Documentos/airflowalura/venv/lib/python3.9/site-packages/airflow/example_dags/example_branch_labels.py took 0.545 seconds
[2022-11-01 22:55:09,987] {processor.py:153} INFO - Started process (PID=19430) to work on /home/nayara/Documentos/airflowalura/venv/lib/python3.9/site-packages/airflow/example_dags/example_branch_labels.py
[2022-11-01 22:55:10,029] {processor.py:641} INFO - Processing file /home/nayara/Documentos/airflowalura/venv/lib/python3.9/site-packages/airflow/example_dags/example_branch_labels.py for tasks to queue
[2022-11-01 22:55:10,031] {logging_mixin.py:115} INFO - [2022-11-01 22:55:10,031] {dagbag.py:507} INFO - Filling up the DagBag from /home/nayara/Documentos/airflowalura/venv/lib/python3.9/site-packages/airflow/example_dags/example_branch_labels.py
[2022-11-01 22:55:10,054] {processor.py:651} INFO - DAG(s) dict_keys(['example_branch_labels']) retrieved from /home/nayara/Documentos/airflowalura/venv/lib/python3.9/site-packages/airflow/example_dags/example_branch_labels.py
[2022-11-01 22:55:10,081] {logging_mixin.py:115} INFO - [2022-11-01 22:55:10,081] {dag.py:2379} INFO - Sync 1 DAGs
[2022-11-01 22:55:10,100] {logging_mixin.py:115} INFO - [2022-11-01 22:55:10,100] {dag.py:2927} INFO - Setting next_dagrun for example_branch_labels to 2022-11-01T00:00:00+00:00, run_after=2022-11-02T00:00:00+00:00
[2022-11-01 22:55:10,620] {processor.py:161} INFO - Processing /home/nayara/Documentos/airflowalura/venv/lib/python3.9/site-packages/airflow/example_dags/example_branch_labels.py took 0.637 seconds
[2022-11-01 22:56:17,705] {processor.py:153} INFO - Started process (PID=19570) to work on /home/nayara/Documentos/airflowalura/venv/lib/python3.9/site-packages/airflow/example_dags/example_branch_labels.py
[2022-11-01 22:56:17,717] {processor.py:641} INFO - Processing file /home/nayara/Documentos/airflowalura/venv/lib/python3.9/site-packages/airflow/example_dags/example_branch_labels.py for tasks to queue
[2022-11-01 22:56:17,718] {logging_mixin.py:115} INFO - [2022-11-01 22:56:17,718] {dagbag.py:507} INFO - Filling up the DagBag from /home/nayara/Documentos/airflowalura/venv/lib/python3.9/site-packages/airflow/example_dags/example_branch_labels.py
[2022-11-01 22:56:17,725] {processor.py:651} INFO - DAG(s) dict_keys(['example_branch_labels']) retrieved from /home/nayara/Documentos/airflowalura/venv/lib/python3.9/site-packages/airflow/example_dags/example_branch_labels.py
[2022-11-01 22:56:17,746] {logging_mixin.py:115} INFO - [2022-11-01 22:56:17,746] {dag.py:2379} INFO - Sync 1 DAGs
[2022-11-01 22:56:17,766] {logging_mixin.py:115} INFO - [2022-11-01 22:56:17,766] {dag.py:2927} INFO - Setting next_dagrun for example_branch_labels to 2022-11-01T00:00:00+00:00, run_after=2022-11-02T00:00:00+00:00
[2022-11-01 22:56:17,972] {processor.py:161} INFO - Processing /home/nayara/Documentos/airflowalura/venv/lib/python3.9/site-packages/airflow/example_dags/example_branch_labels.py took 0.271 seconds
[2022-11-01 22:57:42,732] {processor.py:153} INFO - Started process (PID=19799) to work on /home/nayara/Documentos/airflowalura/venv/lib/python3.9/site-packages/airflow/example_dags/example_branch_labels.py
[2022-11-01 22:57:42,849] {processor.py:641} INFO - Processing file /home/nayara/Documentos/airflowalura/venv/lib/python3.9/site-packages/airflow/example_dags/example_branch_labels.py for tasks to queue
[2022-11-01 22:57:42,852] {logging_mixin.py:115} INFO - [2022-11-01 22:57:42,852] {dagbag.py:507} INFO - Filling up the DagBag from /home/nayara/Documentos/airflowalura/venv/lib/python3.9/site-packages/airflow/example_dags/example_branch_labels.py
[2022-11-01 22:57:42,891] {processor.py:651} INFO - DAG(s) dict_keys(['example_branch_labels']) retrieved from /home/nayara/Documentos/airflowalura/venv/lib/python3.9/site-packages/airflow/example_dags/example_branch_labels.py
[2022-11-01 22:57:42,971] {logging_mixin.py:115} INFO - [2022-11-01 22:57:42,971] {dag.py:2379} INFO - Sync 1 DAGs
[2022-11-01 22:57:43,004] {logging_mixin.py:115} INFO - [2022-11-01 22:57:43,004] {dag.py:2927} INFO - Setting next_dagrun for example_branch_labels to 2022-11-01T00:00:00+00:00, run_after=2022-11-02T00:00:00+00:00
[2022-11-01 22:57:43,418] {processor.py:161} INFO - Processing /home/nayara/Documentos/airflowalura/venv/lib/python3.9/site-packages/airflow/example_dags/example_branch_labels.py took 0.690 seconds
[2022-11-01 22:58:40,107] {processor.py:153} INFO - Started process (PID=19912) to work on /home/nayara/Documentos/airflowalura/venv/lib/python3.9/site-packages/airflow/example_dags/example_branch_labels.py
[2022-11-01 22:58:40,130] {processor.py:641} INFO - Processing file /home/nayara/Documentos/airflowalura/venv/lib/python3.9/site-packages/airflow/example_dags/example_branch_labels.py for tasks to queue
[2022-11-01 22:58:40,131] {logging_mixin.py:115} INFO - [2022-11-01 22:58:40,130] {dagbag.py:507} INFO - Filling up the DagBag from /home/nayara/Documentos/airflowalura/venv/lib/python3.9/site-packages/airflow/example_dags/example_branch_labels.py
[2022-11-01 22:58:40,140] {processor.py:651} INFO - DAG(s) dict_keys(['example_branch_labels']) retrieved from /home/nayara/Documentos/airflowalura/venv/lib/python3.9/site-packages/airflow/example_dags/example_branch_labels.py
[2022-11-01 22:58:40,164] {logging_mixin.py:115} INFO - [2022-11-01 22:58:40,164] {dag.py:2379} INFO - Sync 1 DAGs
[2022-11-01 22:58:40,183] {logging_mixin.py:115} INFO - [2022-11-01 22:58:40,183] {dag.py:2927} INFO - Setting next_dagrun for example_branch_labels to 2022-11-01T00:00:00+00:00, run_after=2022-11-02T00:00:00+00:00
[2022-11-01 22:58:40,384] {processor.py:161} INFO - Processing /home/nayara/Documentos/airflowalura/venv/lib/python3.9/site-packages/airflow/example_dags/example_branch_labels.py took 0.288 seconds
[2022-11-01 22:59:53,928] {processor.py:153} INFO - Started process (PID=20076) to work on /home/nayara/Documentos/airflowalura/venv/lib/python3.9/site-packages/airflow/example_dags/example_branch_labels.py
[2022-11-01 22:59:54,046] {processor.py:641} INFO - Processing file /home/nayara/Documentos/airflowalura/venv/lib/python3.9/site-packages/airflow/example_dags/example_branch_labels.py for tasks to queue
[2022-11-01 22:59:54,048] {logging_mixin.py:115} INFO - [2022-11-01 22:59:54,048] {dagbag.py:507} INFO - Filling up the DagBag from /home/nayara/Documentos/airflowalura/venv/lib/python3.9/site-packages/airflow/example_dags/example_branch_labels.py
[2022-11-01 22:59:54,071] {processor.py:651} INFO - DAG(s) dict_keys(['example_branch_labels']) retrieved from /home/nayara/Documentos/airflowalura/venv/lib/python3.9/site-packages/airflow/example_dags/example_branch_labels.py
[2022-11-01 22:59:54,096] {logging_mixin.py:115} INFO - [2022-11-01 22:59:54,096] {dag.py:2379} INFO - Sync 1 DAGs
[2022-11-01 22:59:54,122] {logging_mixin.py:115} INFO - [2022-11-01 22:59:54,122] {dag.py:2927} INFO - Setting next_dagrun for example_branch_labels to 2022-11-01T00:00:00+00:00, run_after=2022-11-02T00:00:00+00:00
[2022-11-01 22:59:54,657] {processor.py:161} INFO - Processing /home/nayara/Documentos/airflowalura/venv/lib/python3.9/site-packages/airflow/example_dags/example_branch_labels.py took 0.734 seconds
[2022-11-01 23:00:48,578] {processor.py:153} INFO - Started process (PID=20167) to work on /home/nayara/Documentos/airflowalura/venv/lib/python3.9/site-packages/airflow/example_dags/example_branch_labels.py
[2022-11-01 23:00:48,641] {processor.py:641} INFO - Processing file /home/nayara/Documentos/airflowalura/venv/lib/python3.9/site-packages/airflow/example_dags/example_branch_labels.py for tasks to queue
[2022-11-01 23:00:48,643] {logging_mixin.py:115} INFO - [2022-11-01 23:00:48,643] {dagbag.py:507} INFO - Filling up the DagBag from /home/nayara/Documentos/airflowalura/venv/lib/python3.9/site-packages/airflow/example_dags/example_branch_labels.py
[2022-11-01 23:00:48,665] {processor.py:651} INFO - DAG(s) dict_keys(['example_branch_labels']) retrieved from /home/nayara/Documentos/airflowalura/venv/lib/python3.9/site-packages/airflow/example_dags/example_branch_labels.py
[2022-11-01 23:00:48,686] {logging_mixin.py:115} INFO - [2022-11-01 23:00:48,686] {dag.py:2379} INFO - Sync 1 DAGs
[2022-11-01 23:00:48,707] {logging_mixin.py:115} INFO - [2022-11-01 23:00:48,707] {dag.py:2927} INFO - Setting next_dagrun for example_branch_labels to 2022-11-01T00:00:00+00:00, run_after=2022-11-02T00:00:00+00:00
[2022-11-01 23:00:48,993] {processor.py:161} INFO - Processing /home/nayara/Documentos/airflowalura/venv/lib/python3.9/site-packages/airflow/example_dags/example_branch_labels.py took 0.419 seconds
[2022-11-01 23:02:12,029] {processor.py:153} INFO - Started process (PID=20388) to work on /home/nayara/Documentos/airflowalura/venv/lib/python3.9/site-packages/airflow/example_dags/example_branch_labels.py
[2022-11-01 23:02:12,064] {processor.py:641} INFO - Processing file /home/nayara/Documentos/airflowalura/venv/lib/python3.9/site-packages/airflow/example_dags/example_branch_labels.py for tasks to queue
[2022-11-01 23:02:12,065] {logging_mixin.py:115} INFO - [2022-11-01 23:02:12,065] {dagbag.py:507} INFO - Filling up the DagBag from /home/nayara/Documentos/airflowalura/venv/lib/python3.9/site-packages/airflow/example_dags/example_branch_labels.py
[2022-11-01 23:02:12,080] {processor.py:651} INFO - DAG(s) dict_keys(['example_branch_labels']) retrieved from /home/nayara/Documentos/airflowalura/venv/lib/python3.9/site-packages/airflow/example_dags/example_branch_labels.py
[2022-11-01 23:02:12,139] {logging_mixin.py:115} INFO - [2022-11-01 23:02:12,138] {dag.py:2379} INFO - Sync 1 DAGs
[2022-11-01 23:02:12,196] {logging_mixin.py:115} INFO - [2022-11-01 23:02:12,196] {dag.py:2927} INFO - Setting next_dagrun for example_branch_labels to 2022-11-01T00:00:00+00:00, run_after=2022-11-02T00:00:00+00:00
[2022-11-01 23:02:12,619] {processor.py:161} INFO - Processing /home/nayara/Documentos/airflowalura/venv/lib/python3.9/site-packages/airflow/example_dags/example_branch_labels.py took 0.594 seconds
[2022-11-01 23:04:01,296] {processor.py:153} INFO - Started process (PID=20586) to work on /home/nayara/Documentos/airflowalura/venv/lib/python3.9/site-packages/airflow/example_dags/example_branch_labels.py
[2022-11-01 23:04:01,310] {processor.py:641} INFO - Processing file /home/nayara/Documentos/airflowalura/venv/lib/python3.9/site-packages/airflow/example_dags/example_branch_labels.py for tasks to queue
[2022-11-01 23:04:01,313] {logging_mixin.py:115} INFO - [2022-11-01 23:04:01,313] {dagbag.py:507} INFO - Filling up the DagBag from /home/nayara/Documentos/airflowalura/venv/lib/python3.9/site-packages/airflow/example_dags/example_branch_labels.py
[2022-11-01 23:04:01,345] {processor.py:651} INFO - DAG(s) dict_keys(['example_branch_labels']) retrieved from /home/nayara/Documentos/airflowalura/venv/lib/python3.9/site-packages/airflow/example_dags/example_branch_labels.py
[2022-11-01 23:04:01,378] {logging_mixin.py:115} INFO - [2022-11-01 23:04:01,378] {dag.py:2379} INFO - Sync 1 DAGs
[2022-11-01 23:04:01,402] {logging_mixin.py:115} INFO - [2022-11-01 23:04:01,402] {dag.py:2927} INFO - Setting next_dagrun for example_branch_labels to 2022-11-01T00:00:00+00:00, run_after=2022-11-02T00:00:00+00:00
[2022-11-01 23:04:01,627] {processor.py:161} INFO - Processing /home/nayara/Documentos/airflowalura/venv/lib/python3.9/site-packages/airflow/example_dags/example_branch_labels.py took 0.349 seconds
[2022-11-01 23:05:04,567] {processor.py:153} INFO - Started process (PID=20723) to work on /home/nayara/Documentos/airflowalura/venv/lib/python3.9/site-packages/airflow/example_dags/example_branch_labels.py
[2022-11-01 23:05:04,569] {processor.py:641} INFO - Processing file /home/nayara/Documentos/airflowalura/venv/lib/python3.9/site-packages/airflow/example_dags/example_branch_labels.py for tasks to queue
[2022-11-01 23:05:04,570] {logging_mixin.py:115} INFO - [2022-11-01 23:05:04,570] {dagbag.py:507} INFO - Filling up the DagBag from /home/nayara/Documentos/airflowalura/venv/lib/python3.9/site-packages/airflow/example_dags/example_branch_labels.py
[2022-11-01 23:05:04,580] {processor.py:651} INFO - DAG(s) dict_keys(['example_branch_labels']) retrieved from /home/nayara/Documentos/airflowalura/venv/lib/python3.9/site-packages/airflow/example_dags/example_branch_labels.py
[2022-11-01 23:05:04,607] {logging_mixin.py:115} INFO - [2022-11-01 23:05:04,607] {dag.py:2379} INFO - Sync 1 DAGs
[2022-11-01 23:05:04,629] {logging_mixin.py:115} INFO - [2022-11-01 23:05:04,629] {dag.py:2927} INFO - Setting next_dagrun for example_branch_labels to 2022-11-01T00:00:00+00:00, run_after=2022-11-02T00:00:00+00:00
[2022-11-01 23:05:04,863] {processor.py:161} INFO - Processing /home/nayara/Documentos/airflowalura/venv/lib/python3.9/site-packages/airflow/example_dags/example_branch_labels.py took 0.308 seconds
[2022-11-01 23:05:59,510] {processor.py:153} INFO - Started process (PID=20841) to work on /home/nayara/Documentos/airflowalura/venv/lib/python3.9/site-packages/airflow/example_dags/example_branch_labels.py
[2022-11-01 23:05:59,529] {processor.py:641} INFO - Processing file /home/nayara/Documentos/airflowalura/venv/lib/python3.9/site-packages/airflow/example_dags/example_branch_labels.py for tasks to queue
[2022-11-01 23:05:59,530] {logging_mixin.py:115} INFO - [2022-11-01 23:05:59,530] {dagbag.py:507} INFO - Filling up the DagBag from /home/nayara/Documentos/airflowalura/venv/lib/python3.9/site-packages/airflow/example_dags/example_branch_labels.py
[2022-11-01 23:05:59,537] {processor.py:651} INFO - DAG(s) dict_keys(['example_branch_labels']) retrieved from /home/nayara/Documentos/airflowalura/venv/lib/python3.9/site-packages/airflow/example_dags/example_branch_labels.py
[2022-11-01 23:05:59,558] {logging_mixin.py:115} INFO - [2022-11-01 23:05:59,558] {dag.py:2379} INFO - Sync 1 DAGs
[2022-11-01 23:05:59,577] {logging_mixin.py:115} INFO - [2022-11-01 23:05:59,577] {dag.py:2927} INFO - Setting next_dagrun for example_branch_labels to 2022-11-01T00:00:00+00:00, run_after=2022-11-02T00:00:00+00:00
[2022-11-01 23:05:59,801] {processor.py:161} INFO - Processing /home/nayara/Documentos/airflowalura/venv/lib/python3.9/site-packages/airflow/example_dags/example_branch_labels.py took 0.298 seconds
[2022-11-01 23:07:24,171] {processor.py:153} INFO - Started process (PID=21059) to work on /home/nayara/Documentos/airflowalura/venv/lib/python3.9/site-packages/airflow/example_dags/example_branch_labels.py
[2022-11-01 23:07:24,192] {processor.py:641} INFO - Processing file /home/nayara/Documentos/airflowalura/venv/lib/python3.9/site-packages/airflow/example_dags/example_branch_labels.py for tasks to queue
[2022-11-01 23:07:24,194] {logging_mixin.py:115} INFO - [2022-11-01 23:07:24,194] {dagbag.py:507} INFO - Filling up the DagBag from /home/nayara/Documentos/airflowalura/venv/lib/python3.9/site-packages/airflow/example_dags/example_branch_labels.py
[2022-11-01 23:07:24,204] {processor.py:651} INFO - DAG(s) dict_keys(['example_branch_labels']) retrieved from /home/nayara/Documentos/airflowalura/venv/lib/python3.9/site-packages/airflow/example_dags/example_branch_labels.py
[2022-11-01 23:07:24,227] {logging_mixin.py:115} INFO - [2022-11-01 23:07:24,226] {dag.py:2379} INFO - Sync 1 DAGs
[2022-11-01 23:07:24,246] {logging_mixin.py:115} INFO - [2022-11-01 23:07:24,246] {dag.py:2927} INFO - Setting next_dagrun for example_branch_labels to 2022-11-01T00:00:00+00:00, run_after=2022-11-02T00:00:00+00:00
[2022-11-01 23:07:24,588] {processor.py:161} INFO - Processing /home/nayara/Documentos/airflowalura/venv/lib/python3.9/site-packages/airflow/example_dags/example_branch_labels.py took 0.426 seconds
[2022-11-01 23:08:32,464] {processor.py:153} INFO - Started process (PID=21181) to work on /home/nayara/Documentos/airflowalura/venv/lib/python3.9/site-packages/airflow/example_dags/example_branch_labels.py
[2022-11-01 23:08:32,479] {processor.py:641} INFO - Processing file /home/nayara/Documentos/airflowalura/venv/lib/python3.9/site-packages/airflow/example_dags/example_branch_labels.py for tasks to queue
[2022-11-01 23:08:32,480] {logging_mixin.py:115} INFO - [2022-11-01 23:08:32,480] {dagbag.py:507} INFO - Filling up the DagBag from /home/nayara/Documentos/airflowalura/venv/lib/python3.9/site-packages/airflow/example_dags/example_branch_labels.py
[2022-11-01 23:08:32,492] {processor.py:651} INFO - DAG(s) dict_keys(['example_branch_labels']) retrieved from /home/nayara/Documentos/airflowalura/venv/lib/python3.9/site-packages/airflow/example_dags/example_branch_labels.py
[2022-11-01 23:08:32,513] {logging_mixin.py:115} INFO - [2022-11-01 23:08:32,513] {dag.py:2379} INFO - Sync 1 DAGs
[2022-11-01 23:08:32,532] {logging_mixin.py:115} INFO - [2022-11-01 23:08:32,532] {dag.py:2927} INFO - Setting next_dagrun for example_branch_labels to 2022-11-01T00:00:00+00:00, run_after=2022-11-02T00:00:00+00:00
[2022-11-01 23:08:32,947] {processor.py:161} INFO - Processing /home/nayara/Documentos/airflowalura/venv/lib/python3.9/site-packages/airflow/example_dags/example_branch_labels.py took 0.495 seconds
[2022-11-01 23:09:46,303] {processor.py:153} INFO - Started process (PID=21397) to work on /home/nayara/Documentos/airflowalura/venv/lib/python3.9/site-packages/airflow/example_dags/example_branch_labels.py
[2022-11-01 23:09:46,314] {processor.py:641} INFO - Processing file /home/nayara/Documentos/airflowalura/venv/lib/python3.9/site-packages/airflow/example_dags/example_branch_labels.py for tasks to queue
[2022-11-01 23:09:46,315] {logging_mixin.py:115} INFO - [2022-11-01 23:09:46,315] {dagbag.py:507} INFO - Filling up the DagBag from /home/nayara/Documentos/airflowalura/venv/lib/python3.9/site-packages/airflow/example_dags/example_branch_labels.py
[2022-11-01 23:09:46,323] {processor.py:651} INFO - DAG(s) dict_keys(['example_branch_labels']) retrieved from /home/nayara/Documentos/airflowalura/venv/lib/python3.9/site-packages/airflow/example_dags/example_branch_labels.py
[2022-11-01 23:09:46,342] {logging_mixin.py:115} INFO - [2022-11-01 23:09:46,342] {dag.py:2379} INFO - Sync 1 DAGs
[2022-11-01 23:09:46,361] {logging_mixin.py:115} INFO - [2022-11-01 23:09:46,361] {dag.py:2927} INFO - Setting next_dagrun for example_branch_labels to 2022-11-01T00:00:00+00:00, run_after=2022-11-02T00:00:00+00:00
[2022-11-01 23:09:46,654] {processor.py:161} INFO - Processing /home/nayara/Documentos/airflowalura/venv/lib/python3.9/site-packages/airflow/example_dags/example_branch_labels.py took 0.357 seconds
[2022-11-01 23:11:18,469] {processor.py:153} INFO - Started process (PID=21631) to work on /home/nayara/Documentos/airflowalura/venv/lib/python3.9/site-packages/airflow/example_dags/example_branch_labels.py
[2022-11-01 23:11:18,511] {processor.py:641} INFO - Processing file /home/nayara/Documentos/airflowalura/venv/lib/python3.9/site-packages/airflow/example_dags/example_branch_labels.py for tasks to queue
[2022-11-01 23:11:18,515] {logging_mixin.py:115} INFO - [2022-11-01 23:11:18,514] {dagbag.py:507} INFO - Filling up the DagBag from /home/nayara/Documentos/airflowalura/venv/lib/python3.9/site-packages/airflow/example_dags/example_branch_labels.py
[2022-11-01 23:11:18,536] {processor.py:651} INFO - DAG(s) dict_keys(['example_branch_labels']) retrieved from /home/nayara/Documentos/airflowalura/venv/lib/python3.9/site-packages/airflow/example_dags/example_branch_labels.py
[2022-11-01 23:11:18,564] {logging_mixin.py:115} INFO - [2022-11-01 23:11:18,564] {dag.py:2379} INFO - Sync 1 DAGs
[2022-11-01 23:11:18,585] {logging_mixin.py:115} INFO - [2022-11-01 23:11:18,584] {dag.py:2927} INFO - Setting next_dagrun for example_branch_labels to 2022-11-01T00:00:00+00:00, run_after=2022-11-02T00:00:00+00:00
[2022-11-01 23:11:18,843] {processor.py:161} INFO - Processing /home/nayara/Documentos/airflowalura/venv/lib/python3.9/site-packages/airflow/example_dags/example_branch_labels.py took 0.391 seconds
[2022-11-01 23:12:43,746] {processor.py:153} INFO - Started process (PID=21831) to work on /home/nayara/Documentos/airflowalura/venv/lib/python3.9/site-packages/airflow/example_dags/example_branch_labels.py
[2022-11-01 23:12:43,786] {processor.py:641} INFO - Processing file /home/nayara/Documentos/airflowalura/venv/lib/python3.9/site-packages/airflow/example_dags/example_branch_labels.py for tasks to queue
[2022-11-01 23:12:43,790] {logging_mixin.py:115} INFO - [2022-11-01 23:12:43,789] {dagbag.py:507} INFO - Filling up the DagBag from /home/nayara/Documentos/airflowalura/venv/lib/python3.9/site-packages/airflow/example_dags/example_branch_labels.py
[2022-11-01 23:12:43,834] {processor.py:651} INFO - DAG(s) dict_keys(['example_branch_labels']) retrieved from /home/nayara/Documentos/airflowalura/venv/lib/python3.9/site-packages/airflow/example_dags/example_branch_labels.py
[2022-11-01 23:12:43,881] {logging_mixin.py:115} INFO - [2022-11-01 23:12:43,881] {dag.py:2379} INFO - Sync 1 DAGs
[2022-11-01 23:12:43,908] {logging_mixin.py:115} INFO - [2022-11-01 23:12:43,908] {dag.py:2927} INFO - Setting next_dagrun for example_branch_labels to 2022-11-01T00:00:00+00:00, run_after=2022-11-02T00:00:00+00:00
[2022-11-01 23:12:44,330] {processor.py:161} INFO - Processing /home/nayara/Documentos/airflowalura/venv/lib/python3.9/site-packages/airflow/example_dags/example_branch_labels.py took 0.589 seconds
[2022-11-01 23:13:55,352] {processor.py:153} INFO - Started process (PID=21977) to work on /home/nayara/Documentos/airflowalura/venv/lib/python3.9/site-packages/airflow/example_dags/example_branch_labels.py
[2022-11-01 23:13:55,457] {processor.py:641} INFO - Processing file /home/nayara/Documentos/airflowalura/venv/lib/python3.9/site-packages/airflow/example_dags/example_branch_labels.py for tasks to queue
[2022-11-01 23:13:55,459] {logging_mixin.py:115} INFO - [2022-11-01 23:13:55,458] {dagbag.py:507} INFO - Filling up the DagBag from /home/nayara/Documentos/airflowalura/venv/lib/python3.9/site-packages/airflow/example_dags/example_branch_labels.py
[2022-11-01 23:13:55,470] {processor.py:651} INFO - DAG(s) dict_keys(['example_branch_labels']) retrieved from /home/nayara/Documentos/airflowalura/venv/lib/python3.9/site-packages/airflow/example_dags/example_branch_labels.py
[2022-11-01 23:13:55,501] {logging_mixin.py:115} INFO - [2022-11-01 23:13:55,501] {dag.py:2379} INFO - Sync 1 DAGs
[2022-11-01 23:13:55,535] {logging_mixin.py:115} INFO - [2022-11-01 23:13:55,534] {dag.py:2927} INFO - Setting next_dagrun for example_branch_labels to 2022-11-01T00:00:00+00:00, run_after=2022-11-02T00:00:00+00:00
[2022-11-01 23:13:56,062] {processor.py:161} INFO - Processing /home/nayara/Documentos/airflowalura/venv/lib/python3.9/site-packages/airflow/example_dags/example_branch_labels.py took 0.719 seconds
[2022-11-01 23:15:03,023] {processor.py:153} INFO - Started process (PID=22155) to work on /home/nayara/Documentos/airflowalura/venv/lib/python3.9/site-packages/airflow/example_dags/example_branch_labels.py
[2022-11-01 23:15:03,025] {processor.py:641} INFO - Processing file /home/nayara/Documentos/airflowalura/venv/lib/python3.9/site-packages/airflow/example_dags/example_branch_labels.py for tasks to queue
[2022-11-01 23:15:03,026] {logging_mixin.py:115} INFO - [2022-11-01 23:15:03,026] {dagbag.py:507} INFO - Filling up the DagBag from /home/nayara/Documentos/airflowalura/venv/lib/python3.9/site-packages/airflow/example_dags/example_branch_labels.py
[2022-11-01 23:15:03,035] {processor.py:651} INFO - DAG(s) dict_keys(['example_branch_labels']) retrieved from /home/nayara/Documentos/airflowalura/venv/lib/python3.9/site-packages/airflow/example_dags/example_branch_labels.py
[2022-11-01 23:15:03,057] {logging_mixin.py:115} INFO - [2022-11-01 23:15:03,057] {dag.py:2379} INFO - Sync 1 DAGs
[2022-11-01 23:15:03,076] {logging_mixin.py:115} INFO - [2022-11-01 23:15:03,076] {dag.py:2927} INFO - Setting next_dagrun for example_branch_labels to 2022-11-01T00:00:00+00:00, run_after=2022-11-02T00:00:00+00:00
[2022-11-01 23:15:03,313] {processor.py:161} INFO - Processing /home/nayara/Documentos/airflowalura/venv/lib/python3.9/site-packages/airflow/example_dags/example_branch_labels.py took 0.302 seconds
[2022-11-01 23:16:03,782] {processor.py:153} INFO - Started process (PID=22316) to work on /home/nayara/Documentos/airflowalura/venv/lib/python3.9/site-packages/airflow/example_dags/example_branch_labels.py
[2022-11-01 23:16:03,806] {processor.py:641} INFO - Processing file /home/nayara/Documentos/airflowalura/venv/lib/python3.9/site-packages/airflow/example_dags/example_branch_labels.py for tasks to queue
[2022-11-01 23:16:03,807] {logging_mixin.py:115} INFO - [2022-11-01 23:16:03,807] {dagbag.py:507} INFO - Filling up the DagBag from /home/nayara/Documentos/airflowalura/venv/lib/python3.9/site-packages/airflow/example_dags/example_branch_labels.py
[2022-11-01 23:16:03,825] {processor.py:651} INFO - DAG(s) dict_keys(['example_branch_labels']) retrieved from /home/nayara/Documentos/airflowalura/venv/lib/python3.9/site-packages/airflow/example_dags/example_branch_labels.py
[2022-11-01 23:16:03,862] {logging_mixin.py:115} INFO - [2022-11-01 23:16:03,862] {dag.py:2379} INFO - Sync 1 DAGs
[2022-11-01 23:16:03,898] {logging_mixin.py:115} INFO - [2022-11-01 23:16:03,898] {dag.py:2927} INFO - Setting next_dagrun for example_branch_labels to 2022-11-01T00:00:00+00:00, run_after=2022-11-02T00:00:00+00:00
[2022-11-01 23:16:04,389] {processor.py:161} INFO - Processing /home/nayara/Documentos/airflowalura/venv/lib/python3.9/site-packages/airflow/example_dags/example_branch_labels.py took 0.625 seconds
[2022-11-01 23:17:06,236] {processor.py:153} INFO - Started process (PID=22462) to work on /home/nayara/Documentos/airflowalura/venv/lib/python3.9/site-packages/airflow/example_dags/example_branch_labels.py
[2022-11-01 23:17:06,239] {processor.py:641} INFO - Processing file /home/nayara/Documentos/airflowalura/venv/lib/python3.9/site-packages/airflow/example_dags/example_branch_labels.py for tasks to queue
[2022-11-01 23:17:06,243] {logging_mixin.py:115} INFO - [2022-11-01 23:17:06,242] {dagbag.py:507} INFO - Filling up the DagBag from /home/nayara/Documentos/airflowalura/venv/lib/python3.9/site-packages/airflow/example_dags/example_branch_labels.py
[2022-11-01 23:17:06,265] {processor.py:651} INFO - DAG(s) dict_keys(['example_branch_labels']) retrieved from /home/nayara/Documentos/airflowalura/venv/lib/python3.9/site-packages/airflow/example_dags/example_branch_labels.py
[2022-11-01 23:17:06,294] {logging_mixin.py:115} INFO - [2022-11-01 23:17:06,294] {dag.py:2379} INFO - Sync 1 DAGs
[2022-11-01 23:17:06,315] {logging_mixin.py:115} INFO - [2022-11-01 23:17:06,315] {dag.py:2927} INFO - Setting next_dagrun for example_branch_labels to 2022-11-01T00:00:00+00:00, run_after=2022-11-02T00:00:00+00:00
[2022-11-01 23:17:06,586] {processor.py:161} INFO - Processing /home/nayara/Documentos/airflowalura/venv/lib/python3.9/site-packages/airflow/example_dags/example_branch_labels.py took 0.370 seconds
[2022-11-01 23:18:25,140] {processor.py:153} INFO - Started process (PID=22613) to work on /home/nayara/Documentos/airflowalura/venv/lib/python3.9/site-packages/airflow/example_dags/example_branch_labels.py
[2022-11-01 23:18:25,169] {processor.py:641} INFO - Processing file /home/nayara/Documentos/airflowalura/venv/lib/python3.9/site-packages/airflow/example_dags/example_branch_labels.py for tasks to queue
[2022-11-01 23:18:25,170] {logging_mixin.py:115} INFO - [2022-11-01 23:18:25,170] {dagbag.py:507} INFO - Filling up the DagBag from /home/nayara/Documentos/airflowalura/venv/lib/python3.9/site-packages/airflow/example_dags/example_branch_labels.py
[2022-11-01 23:18:25,182] {processor.py:651} INFO - DAG(s) dict_keys(['example_branch_labels']) retrieved from /home/nayara/Documentos/airflowalura/venv/lib/python3.9/site-packages/airflow/example_dags/example_branch_labels.py
[2022-11-01 23:18:25,208] {logging_mixin.py:115} INFO - [2022-11-01 23:18:25,208] {dag.py:2379} INFO - Sync 1 DAGs
[2022-11-01 23:18:25,229] {logging_mixin.py:115} INFO - [2022-11-01 23:18:25,229] {dag.py:2927} INFO - Setting next_dagrun for example_branch_labels to 2022-11-01T00:00:00+00:00, run_after=2022-11-02T00:00:00+00:00
[2022-11-01 23:18:25,680] {processor.py:161} INFO - Processing /home/nayara/Documentos/airflowalura/venv/lib/python3.9/site-packages/airflow/example_dags/example_branch_labels.py took 0.551 seconds
[2022-11-01 23:19:29,238] {processor.py:153} INFO - Started process (PID=22738) to work on /home/nayara/Documentos/airflowalura/venv/lib/python3.9/site-packages/airflow/example_dags/example_branch_labels.py
[2022-11-01 23:19:29,268] {processor.py:641} INFO - Processing file /home/nayara/Documentos/airflowalura/venv/lib/python3.9/site-packages/airflow/example_dags/example_branch_labels.py for tasks to queue
[2022-11-01 23:19:29,271] {logging_mixin.py:115} INFO - [2022-11-01 23:19:29,271] {dagbag.py:507} INFO - Filling up the DagBag from /home/nayara/Documentos/airflowalura/venv/lib/python3.9/site-packages/airflow/example_dags/example_branch_labels.py
[2022-11-01 23:19:29,303] {processor.py:651} INFO - DAG(s) dict_keys(['example_branch_labels']) retrieved from /home/nayara/Documentos/airflowalura/venv/lib/python3.9/site-packages/airflow/example_dags/example_branch_labels.py
[2022-11-01 23:19:29,328] {logging_mixin.py:115} INFO - [2022-11-01 23:19:29,328] {dag.py:2379} INFO - Sync 1 DAGs
[2022-11-01 23:19:29,352] {logging_mixin.py:115} INFO - [2022-11-01 23:19:29,352] {dag.py:2927} INFO - Setting next_dagrun for example_branch_labels to 2022-11-01T00:00:00+00:00, run_after=2022-11-02T00:00:00+00:00
[2022-11-01 23:19:29,663] {processor.py:161} INFO - Processing /home/nayara/Documentos/airflowalura/venv/lib/python3.9/site-packages/airflow/example_dags/example_branch_labels.py took 0.443 seconds
[2022-11-01 23:20:35,188] {processor.py:153} INFO - Started process (PID=22904) to work on /home/nayara/Documentos/airflowalura/venv/lib/python3.9/site-packages/airflow/example_dags/example_branch_labels.py
[2022-11-01 23:20:35,192] {processor.py:641} INFO - Processing file /home/nayara/Documentos/airflowalura/venv/lib/python3.9/site-packages/airflow/example_dags/example_branch_labels.py for tasks to queue
[2022-11-01 23:20:35,195] {logging_mixin.py:115} INFO - [2022-11-01 23:20:35,195] {dagbag.py:507} INFO - Filling up the DagBag from /home/nayara/Documentos/airflowalura/venv/lib/python3.9/site-packages/airflow/example_dags/example_branch_labels.py
[2022-11-01 23:20:35,210] {processor.py:651} INFO - DAG(s) dict_keys(['example_branch_labels']) retrieved from /home/nayara/Documentos/airflowalura/venv/lib/python3.9/site-packages/airflow/example_dags/example_branch_labels.py
[2022-11-01 23:20:35,254] {logging_mixin.py:115} INFO - [2022-11-01 23:20:35,254] {dag.py:2379} INFO - Sync 1 DAGs
[2022-11-01 23:20:35,294] {logging_mixin.py:115} INFO - [2022-11-01 23:20:35,293] {dag.py:2927} INFO - Setting next_dagrun for example_branch_labels to 2022-11-01T00:00:00+00:00, run_after=2022-11-02T00:00:00+00:00
[2022-11-01 23:20:35,707] {processor.py:161} INFO - Processing /home/nayara/Documentos/airflowalura/venv/lib/python3.9/site-packages/airflow/example_dags/example_branch_labels.py took 0.524 seconds
