[2022-11-01 22:40:26,120] {processor.py:153} INFO - Started process (PID=17743) to work on /home/nayara/Documentos/airflowalura/venv/lib/python3.9/site-packages/airflow/example_dags/example_trigger_target_dag.py
[2022-11-01 22:40:26,123] {processor.py:641} INFO - Processing file /home/nayara/Documentos/airflowalura/venv/lib/python3.9/site-packages/airflow/example_dags/example_trigger_target_dag.py for tasks to queue
[2022-11-01 22:40:26,127] {logging_mixin.py:115} INFO - [2022-11-01 22:40:26,126] {dagbag.py:507} INFO - Filling up the DagBag from /home/nayara/Documentos/airflowalura/venv/lib/python3.9/site-packages/airflow/example_dags/example_trigger_target_dag.py
[2022-11-01 22:40:26,206] {processor.py:651} INFO - DAG(s) dict_keys(['example_trigger_target_dag']) retrieved from /home/nayara/Documentos/airflowalura/venv/lib/python3.9/site-packages/airflow/example_dags/example_trigger_target_dag.py
[2022-11-01 22:40:26,225] {logging_mixin.py:115} INFO - [2022-11-01 22:40:26,225] {dag.py:2379} INFO - Sync 1 DAGs
[2022-11-01 22:40:26,243] {logging_mixin.py:115} INFO - [2022-11-01 22:40:26,243] {dag.py:2927} INFO - Setting next_dagrun for example_trigger_target_dag to None, run_after=None
[2022-11-01 22:40:26,550] {processor.py:161} INFO - Processing /home/nayara/Documentos/airflowalura/venv/lib/python3.9/site-packages/airflow/example_dags/example_trigger_target_dag.py took 0.446 seconds
[2022-11-01 22:42:51,440] {processor.py:153} INFO - Started process (PID=17971) to work on /home/nayara/Documentos/airflowalura/venv/lib/python3.9/site-packages/airflow/example_dags/example_trigger_target_dag.py
[2022-11-01 22:42:51,479] {processor.py:641} INFO - Processing file /home/nayara/Documentos/airflowalura/venv/lib/python3.9/site-packages/airflow/example_dags/example_trigger_target_dag.py for tasks to queue
[2022-11-01 22:42:51,481] {logging_mixin.py:115} INFO - [2022-11-01 22:42:51,481] {dagbag.py:507} INFO - Filling up the DagBag from /home/nayara/Documentos/airflowalura/venv/lib/python3.9/site-packages/airflow/example_dags/example_trigger_target_dag.py
[2022-11-01 22:42:51,545] {processor.py:651} INFO - DAG(s) dict_keys(['example_trigger_target_dag']) retrieved from /home/nayara/Documentos/airflowalura/venv/lib/python3.9/site-packages/airflow/example_dags/example_trigger_target_dag.py
[2022-11-01 22:42:52,016] {logging_mixin.py:115} INFO - [2022-11-01 22:42:52,015] {dag.py:2379} INFO - Sync 1 DAGs
[2022-11-01 22:42:52,068] {logging_mixin.py:115} INFO - [2022-11-01 22:42:52,068] {dag.py:2927} INFO - Setting next_dagrun for example_trigger_target_dag to None, run_after=None
[2022-11-01 22:42:52,753] {processor.py:161} INFO - Processing /home/nayara/Documentos/airflowalura/venv/lib/python3.9/site-packages/airflow/example_dags/example_trigger_target_dag.py took 1.322 seconds
[2022-11-01 22:43:50,014] {processor.py:153} INFO - Started process (PID=18058) to work on /home/nayara/Documentos/airflowalura/venv/lib/python3.9/site-packages/airflow/example_dags/example_trigger_target_dag.py
[2022-11-01 22:43:50,076] {processor.py:641} INFO - Processing file /home/nayara/Documentos/airflowalura/venv/lib/python3.9/site-packages/airflow/example_dags/example_trigger_target_dag.py for tasks to queue
[2022-11-01 22:43:50,078] {logging_mixin.py:115} INFO - [2022-11-01 22:43:50,077] {dagbag.py:507} INFO - Filling up the DagBag from /home/nayara/Documentos/airflowalura/venv/lib/python3.9/site-packages/airflow/example_dags/example_trigger_target_dag.py
[2022-11-01 22:43:50,145] {processor.py:651} INFO - DAG(s) dict_keys(['example_trigger_target_dag']) retrieved from /home/nayara/Documentos/airflowalura/venv/lib/python3.9/site-packages/airflow/example_dags/example_trigger_target_dag.py
[2022-11-01 22:43:50,178] {logging_mixin.py:115} INFO - [2022-11-01 22:43:50,178] {dag.py:2379} INFO - Sync 1 DAGs
[2022-11-01 22:43:50,212] {logging_mixin.py:115} INFO - [2022-11-01 22:43:50,212] {dag.py:2927} INFO - Setting next_dagrun for example_trigger_target_dag to None, run_after=None
[2022-11-01 22:43:50,662] {processor.py:161} INFO - Processing /home/nayara/Documentos/airflowalura/venv/lib/python3.9/site-packages/airflow/example_dags/example_trigger_target_dag.py took 0.660 seconds
[2022-11-01 22:45:10,591] {processor.py:153} INFO - Started process (PID=18193) to work on /home/nayara/Documentos/airflowalura/venv/lib/python3.9/site-packages/airflow/example_dags/example_trigger_target_dag.py
[2022-11-01 22:45:10,629] {processor.py:641} INFO - Processing file /home/nayara/Documentos/airflowalura/venv/lib/python3.9/site-packages/airflow/example_dags/example_trigger_target_dag.py for tasks to queue
[2022-11-01 22:45:10,630] {logging_mixin.py:115} INFO - [2022-11-01 22:45:10,629] {dagbag.py:507} INFO - Filling up the DagBag from /home/nayara/Documentos/airflowalura/venv/lib/python3.9/site-packages/airflow/example_dags/example_trigger_target_dag.py
[2022-11-01 22:45:10,685] {processor.py:651} INFO - DAG(s) dict_keys(['example_trigger_target_dag']) retrieved from /home/nayara/Documentos/airflowalura/venv/lib/python3.9/site-packages/airflow/example_dags/example_trigger_target_dag.py
[2022-11-01 22:45:10,723] {logging_mixin.py:115} INFO - [2022-11-01 22:45:10,722] {dag.py:2379} INFO - Sync 1 DAGs
[2022-11-01 22:45:10,759] {logging_mixin.py:115} INFO - [2022-11-01 22:45:10,759] {dag.py:2927} INFO - Setting next_dagrun for example_trigger_target_dag to None, run_after=None
[2022-11-01 22:45:10,999] {processor.py:161} INFO - Processing /home/nayara/Documentos/airflowalura/venv/lib/python3.9/site-packages/airflow/example_dags/example_trigger_target_dag.py took 0.412 seconds
[2022-11-01 22:46:09,938] {processor.py:153} INFO - Started process (PID=18294) to work on /home/nayara/Documentos/airflowalura/venv/lib/python3.9/site-packages/airflow/example_dags/example_trigger_target_dag.py
[2022-11-01 22:46:09,941] {processor.py:641} INFO - Processing file /home/nayara/Documentos/airflowalura/venv/lib/python3.9/site-packages/airflow/example_dags/example_trigger_target_dag.py for tasks to queue
[2022-11-01 22:46:09,944] {logging_mixin.py:115} INFO - [2022-11-01 22:46:09,943] {dagbag.py:507} INFO - Filling up the DagBag from /home/nayara/Documentos/airflowalura/venv/lib/python3.9/site-packages/airflow/example_dags/example_trigger_target_dag.py
[2022-11-01 22:46:09,994] {processor.py:651} INFO - DAG(s) dict_keys(['example_trigger_target_dag']) retrieved from /home/nayara/Documentos/airflowalura/venv/lib/python3.9/site-packages/airflow/example_dags/example_trigger_target_dag.py
[2022-11-01 22:46:10,030] {logging_mixin.py:115} INFO - [2022-11-01 22:46:10,030] {dag.py:2379} INFO - Sync 1 DAGs
[2022-11-01 22:46:10,067] {logging_mixin.py:115} INFO - [2022-11-01 22:46:10,067] {dag.py:2927} INFO - Setting next_dagrun for example_trigger_target_dag to None, run_after=None
[2022-11-01 22:46:10,323] {processor.py:161} INFO - Processing /home/nayara/Documentos/airflowalura/venv/lib/python3.9/site-packages/airflow/example_dags/example_trigger_target_dag.py took 0.392 seconds
[2022-11-01 22:47:18,376] {processor.py:153} INFO - Started process (PID=18464) to work on /home/nayara/Documentos/airflowalura/venv/lib/python3.9/site-packages/airflow/example_dags/example_trigger_target_dag.py
[2022-11-01 22:47:18,379] {processor.py:641} INFO - Processing file /home/nayara/Documentos/airflowalura/venv/lib/python3.9/site-packages/airflow/example_dags/example_trigger_target_dag.py for tasks to queue
[2022-11-01 22:47:18,380] {logging_mixin.py:115} INFO - [2022-11-01 22:47:18,380] {dagbag.py:507} INFO - Filling up the DagBag from /home/nayara/Documentos/airflowalura/venv/lib/python3.9/site-packages/airflow/example_dags/example_trigger_target_dag.py
[2022-11-01 22:47:18,418] {processor.py:651} INFO - DAG(s) dict_keys(['example_trigger_target_dag']) retrieved from /home/nayara/Documentos/airflowalura/venv/lib/python3.9/site-packages/airflow/example_dags/example_trigger_target_dag.py
[2022-11-01 22:47:18,456] {logging_mixin.py:115} INFO - [2022-11-01 22:47:18,456] {dag.py:2379} INFO - Sync 1 DAGs
[2022-11-01 22:47:18,496] {logging_mixin.py:115} INFO - [2022-11-01 22:47:18,496] {dag.py:2927} INFO - Setting next_dagrun for example_trigger_target_dag to None, run_after=None
[2022-11-01 22:47:18,742] {processor.py:161} INFO - Processing /home/nayara/Documentos/airflowalura/venv/lib/python3.9/site-packages/airflow/example_dags/example_trigger_target_dag.py took 0.374 seconds
[2022-11-01 22:48:16,689] {processor.py:153} INFO - Started process (PID=18578) to work on /home/nayara/Documentos/airflowalura/venv/lib/python3.9/site-packages/airflow/example_dags/example_trigger_target_dag.py
[2022-11-01 22:48:16,727] {processor.py:641} INFO - Processing file /home/nayara/Documentos/airflowalura/venv/lib/python3.9/site-packages/airflow/example_dags/example_trigger_target_dag.py for tasks to queue
[2022-11-01 22:48:16,728] {logging_mixin.py:115} INFO - [2022-11-01 22:48:16,728] {dagbag.py:507} INFO - Filling up the DagBag from /home/nayara/Documentos/airflowalura/venv/lib/python3.9/site-packages/airflow/example_dags/example_trigger_target_dag.py
[2022-11-01 22:48:16,773] {processor.py:651} INFO - DAG(s) dict_keys(['example_trigger_target_dag']) retrieved from /home/nayara/Documentos/airflowalura/venv/lib/python3.9/site-packages/airflow/example_dags/example_trigger_target_dag.py
[2022-11-01 22:48:16,806] {logging_mixin.py:115} INFO - [2022-11-01 22:48:16,806] {dag.py:2379} INFO - Sync 1 DAGs
[2022-11-01 22:48:16,852] {logging_mixin.py:115} INFO - [2022-11-01 22:48:16,852] {dag.py:2927} INFO - Setting next_dagrun for example_trigger_target_dag to None, run_after=None
[2022-11-01 22:48:17,227] {processor.py:161} INFO - Processing /home/nayara/Documentos/airflowalura/venv/lib/python3.9/site-packages/airflow/example_dags/example_trigger_target_dag.py took 0.545 seconds
[2022-11-01 22:49:13,608] {processor.py:153} INFO - Started process (PID=18688) to work on /home/nayara/Documentos/airflowalura/venv/lib/python3.9/site-packages/airflow/example_dags/example_trigger_target_dag.py
[2022-11-01 22:49:13,627] {processor.py:641} INFO - Processing file /home/nayara/Documentos/airflowalura/venv/lib/python3.9/site-packages/airflow/example_dags/example_trigger_target_dag.py for tasks to queue
[2022-11-01 22:49:13,630] {logging_mixin.py:115} INFO - [2022-11-01 22:49:13,629] {dagbag.py:507} INFO - Filling up the DagBag from /home/nayara/Documentos/airflowalura/venv/lib/python3.9/site-packages/airflow/example_dags/example_trigger_target_dag.py
[2022-11-01 22:49:13,682] {processor.py:651} INFO - DAG(s) dict_keys(['example_trigger_target_dag']) retrieved from /home/nayara/Documentos/airflowalura/venv/lib/python3.9/site-packages/airflow/example_dags/example_trigger_target_dag.py
[2022-11-01 22:49:14,050] {logging_mixin.py:115} INFO - [2022-11-01 22:49:14,050] {dag.py:2379} INFO - Sync 1 DAGs
[2022-11-01 22:49:14,089] {logging_mixin.py:115} INFO - [2022-11-01 22:49:14,088] {dag.py:2927} INFO - Setting next_dagrun for example_trigger_target_dag to None, run_after=None
[2022-11-01 22:49:14,819] {processor.py:161} INFO - Processing /home/nayara/Documentos/airflowalura/venv/lib/python3.9/site-packages/airflow/example_dags/example_trigger_target_dag.py took 1.220 seconds
[2022-11-01 22:50:10,759] {processor.py:153} INFO - Started process (PID=18789) to work on /home/nayara/Documentos/airflowalura/venv/lib/python3.9/site-packages/airflow/example_dags/example_trigger_target_dag.py
[2022-11-01 22:50:10,761] {processor.py:641} INFO - Processing file /home/nayara/Documentos/airflowalura/venv/lib/python3.9/site-packages/airflow/example_dags/example_trigger_target_dag.py for tasks to queue
[2022-11-01 22:50:10,763] {logging_mixin.py:115} INFO - [2022-11-01 22:50:10,763] {dagbag.py:507} INFO - Filling up the DagBag from /home/nayara/Documentos/airflowalura/venv/lib/python3.9/site-packages/airflow/example_dags/example_trigger_target_dag.py
[2022-11-01 22:50:10,809] {processor.py:651} INFO - DAG(s) dict_keys(['example_trigger_target_dag']) retrieved from /home/nayara/Documentos/airflowalura/venv/lib/python3.9/site-packages/airflow/example_dags/example_trigger_target_dag.py
[2022-11-01 22:50:10,840] {logging_mixin.py:115} INFO - [2022-11-01 22:50:10,840] {dag.py:2379} INFO - Sync 1 DAGs
[2022-11-01 22:50:10,875] {logging_mixin.py:115} INFO - [2022-11-01 22:50:10,875] {dag.py:2927} INFO - Setting next_dagrun for example_trigger_target_dag to None, run_after=None
[2022-11-01 22:50:11,124] {processor.py:161} INFO - Processing /home/nayara/Documentos/airflowalura/venv/lib/python3.9/site-packages/airflow/example_dags/example_trigger_target_dag.py took 0.375 seconds
[2022-11-01 22:51:03,571] {processor.py:153} INFO - Started process (PID=18905) to work on /home/nayara/Documentos/airflowalura/venv/lib/python3.9/site-packages/airflow/example_dags/example_trigger_target_dag.py
[2022-11-01 22:51:03,645] {processor.py:641} INFO - Processing file /home/nayara/Documentos/airflowalura/venv/lib/python3.9/site-packages/airflow/example_dags/example_trigger_target_dag.py for tasks to queue
[2022-11-01 22:51:03,647] {logging_mixin.py:115} INFO - [2022-11-01 22:51:03,646] {dagbag.py:507} INFO - Filling up the DagBag from /home/nayara/Documentos/airflowalura/venv/lib/python3.9/site-packages/airflow/example_dags/example_trigger_target_dag.py
[2022-11-01 22:51:03,675] {processor.py:651} INFO - DAG(s) dict_keys(['example_trigger_target_dag']) retrieved from /home/nayara/Documentos/airflowalura/venv/lib/python3.9/site-packages/airflow/example_dags/example_trigger_target_dag.py
[2022-11-01 22:51:04,337] {logging_mixin.py:115} INFO - [2022-11-01 22:51:04,337] {dag.py:2379} INFO - Sync 1 DAGs
[2022-11-01 22:51:04,369] {logging_mixin.py:115} INFO - [2022-11-01 22:51:04,369] {dag.py:2927} INFO - Setting next_dagrun for example_trigger_target_dag to None, run_after=None
[2022-11-01 22:51:05,722] {processor.py:161} INFO - Processing /home/nayara/Documentos/airflowalura/venv/lib/python3.9/site-packages/airflow/example_dags/example_trigger_target_dag.py took 2.157 seconds
[2022-11-01 22:52:37,083] {processor.py:153} INFO - Started process (PID=19094) to work on /home/nayara/Documentos/airflowalura/venv/lib/python3.9/site-packages/airflow/example_dags/example_trigger_target_dag.py
[2022-11-01 22:52:37,202] {processor.py:641} INFO - Processing file /home/nayara/Documentos/airflowalura/venv/lib/python3.9/site-packages/airflow/example_dags/example_trigger_target_dag.py for tasks to queue
[2022-11-01 22:52:37,207] {logging_mixin.py:115} INFO - [2022-11-01 22:52:37,206] {dagbag.py:507} INFO - Filling up the DagBag from /home/nayara/Documentos/airflowalura/venv/lib/python3.9/site-packages/airflow/example_dags/example_trigger_target_dag.py
[2022-11-01 22:52:37,273] {processor.py:651} INFO - DAG(s) dict_keys(['example_trigger_target_dag']) retrieved from /home/nayara/Documentos/airflowalura/venv/lib/python3.9/site-packages/airflow/example_dags/example_trigger_target_dag.py
[2022-11-01 22:52:37,310] {logging_mixin.py:115} INFO - [2022-11-01 22:52:37,310] {dag.py:2379} INFO - Sync 1 DAGs
[2022-11-01 22:52:37,345] {logging_mixin.py:115} INFO - [2022-11-01 22:52:37,344] {dag.py:2927} INFO - Setting next_dagrun for example_trigger_target_dag to None, run_after=None
[2022-11-01 22:52:38,383] {processor.py:161} INFO - Processing /home/nayara/Documentos/airflowalura/venv/lib/python3.9/site-packages/airflow/example_dags/example_trigger_target_dag.py took 1.308 seconds
[2022-11-01 22:53:38,505] {processor.py:153} INFO - Started process (PID=19213) to work on /home/nayara/Documentos/airflowalura/venv/lib/python3.9/site-packages/airflow/example_dags/example_trigger_target_dag.py
[2022-11-01 22:53:38,523] {processor.py:641} INFO - Processing file /home/nayara/Documentos/airflowalura/venv/lib/python3.9/site-packages/airflow/example_dags/example_trigger_target_dag.py for tasks to queue
[2022-11-01 22:53:38,526] {logging_mixin.py:115} INFO - [2022-11-01 22:53:38,526] {dagbag.py:507} INFO - Filling up the DagBag from /home/nayara/Documentos/airflowalura/venv/lib/python3.9/site-packages/airflow/example_dags/example_trigger_target_dag.py
[2022-11-01 22:53:38,568] {processor.py:651} INFO - DAG(s) dict_keys(['example_trigger_target_dag']) retrieved from /home/nayara/Documentos/airflowalura/venv/lib/python3.9/site-packages/airflow/example_dags/example_trigger_target_dag.py
[2022-11-01 22:53:38,601] {logging_mixin.py:115} INFO - [2022-11-01 22:53:38,601] {dag.py:2379} INFO - Sync 1 DAGs
[2022-11-01 22:53:38,633] {logging_mixin.py:115} INFO - [2022-11-01 22:53:38,632] {dag.py:2927} INFO - Setting next_dagrun for example_trigger_target_dag to None, run_after=None
[2022-11-01 22:53:38,859] {processor.py:161} INFO - Processing /home/nayara/Documentos/airflowalura/venv/lib/python3.9/site-packages/airflow/example_dags/example_trigger_target_dag.py took 0.361 seconds
[2022-11-01 22:54:43,610] {processor.py:153} INFO - Started process (PID=19342) to work on /home/nayara/Documentos/airflowalura/venv/lib/python3.9/site-packages/airflow/example_dags/example_trigger_target_dag.py
[2022-11-01 22:54:43,698] {processor.py:641} INFO - Processing file /home/nayara/Documentos/airflowalura/venv/lib/python3.9/site-packages/airflow/example_dags/example_trigger_target_dag.py for tasks to queue
[2022-11-01 22:54:43,700] {logging_mixin.py:115} INFO - [2022-11-01 22:54:43,700] {dagbag.py:507} INFO - Filling up the DagBag from /home/nayara/Documentos/airflowalura/venv/lib/python3.9/site-packages/airflow/example_dags/example_trigger_target_dag.py
[2022-11-01 22:54:43,744] {processor.py:651} INFO - DAG(s) dict_keys(['example_trigger_target_dag']) retrieved from /home/nayara/Documentos/airflowalura/venv/lib/python3.9/site-packages/airflow/example_dags/example_trigger_target_dag.py
[2022-11-01 22:54:43,761] {logging_mixin.py:115} INFO - [2022-11-01 22:54:43,761] {dag.py:2379} INFO - Sync 1 DAGs
[2022-11-01 22:54:43,782] {logging_mixin.py:115} INFO - [2022-11-01 22:54:43,782] {dag.py:2927} INFO - Setting next_dagrun for example_trigger_target_dag to None, run_after=None
[2022-11-01 22:54:44,345] {processor.py:161} INFO - Processing /home/nayara/Documentos/airflowalura/venv/lib/python3.9/site-packages/airflow/example_dags/example_trigger_target_dag.py took 0.740 seconds
[2022-11-01 22:55:53,604] {processor.py:153} INFO - Started process (PID=19512) to work on /home/nayara/Documentos/airflowalura/venv/lib/python3.9/site-packages/airflow/example_dags/example_trigger_target_dag.py
[2022-11-01 22:55:53,644] {processor.py:641} INFO - Processing file /home/nayara/Documentos/airflowalura/venv/lib/python3.9/site-packages/airflow/example_dags/example_trigger_target_dag.py for tasks to queue
[2022-11-01 22:55:53,647] {logging_mixin.py:115} INFO - [2022-11-01 22:55:53,646] {dagbag.py:507} INFO - Filling up the DagBag from /home/nayara/Documentos/airflowalura/venv/lib/python3.9/site-packages/airflow/example_dags/example_trigger_target_dag.py
[2022-11-01 22:55:53,687] {processor.py:651} INFO - DAG(s) dict_keys(['example_trigger_target_dag']) retrieved from /home/nayara/Documentos/airflowalura/venv/lib/python3.9/site-packages/airflow/example_dags/example_trigger_target_dag.py
[2022-11-01 22:55:53,705] {logging_mixin.py:115} INFO - [2022-11-01 22:55:53,704] {dag.py:2379} INFO - Sync 1 DAGs
[2022-11-01 22:55:53,721] {logging_mixin.py:115} INFO - [2022-11-01 22:55:53,721] {dag.py:2927} INFO - Setting next_dagrun for example_trigger_target_dag to None, run_after=None
[2022-11-01 22:55:54,023] {processor.py:161} INFO - Processing /home/nayara/Documentos/airflowalura/venv/lib/python3.9/site-packages/airflow/example_dags/example_trigger_target_dag.py took 0.428 seconds
[2022-11-01 22:57:19,358] {processor.py:153} INFO - Started process (PID=19748) to work on /home/nayara/Documentos/airflowalura/venv/lib/python3.9/site-packages/airflow/example_dags/example_trigger_target_dag.py
[2022-11-01 22:57:19,377] {processor.py:641} INFO - Processing file /home/nayara/Documentos/airflowalura/venv/lib/python3.9/site-packages/airflow/example_dags/example_trigger_target_dag.py for tasks to queue
[2022-11-01 22:57:19,378] {logging_mixin.py:115} INFO - [2022-11-01 22:57:19,378] {dagbag.py:507} INFO - Filling up the DagBag from /home/nayara/Documentos/airflowalura/venv/lib/python3.9/site-packages/airflow/example_dags/example_trigger_target_dag.py
[2022-11-01 22:57:19,400] {processor.py:651} INFO - DAG(s) dict_keys(['example_trigger_target_dag']) retrieved from /home/nayara/Documentos/airflowalura/venv/lib/python3.9/site-packages/airflow/example_dags/example_trigger_target_dag.py
[2022-11-01 22:57:19,419] {logging_mixin.py:115} INFO - [2022-11-01 22:57:19,419] {dag.py:2379} INFO - Sync 1 DAGs
[2022-11-01 22:57:19,436] {logging_mixin.py:115} INFO - [2022-11-01 22:57:19,436] {dag.py:2927} INFO - Setting next_dagrun for example_trigger_target_dag to None, run_after=None
[2022-11-01 22:57:19,738] {processor.py:161} INFO - Processing /home/nayara/Documentos/airflowalura/venv/lib/python3.9/site-packages/airflow/example_dags/example_trigger_target_dag.py took 0.390 seconds
[2022-11-01 22:58:20,425] {processor.py:153} INFO - Started process (PID=19878) to work on /home/nayara/Documentos/airflowalura/venv/lib/python3.9/site-packages/airflow/example_dags/example_trigger_target_dag.py
[2022-11-01 22:58:20,446] {processor.py:641} INFO - Processing file /home/nayara/Documentos/airflowalura/venv/lib/python3.9/site-packages/airflow/example_dags/example_trigger_target_dag.py for tasks to queue
[2022-11-01 22:58:20,447] {logging_mixin.py:115} INFO - [2022-11-01 22:58:20,446] {dagbag.py:507} INFO - Filling up the DagBag from /home/nayara/Documentos/airflowalura/venv/lib/python3.9/site-packages/airflow/example_dags/example_trigger_target_dag.py
[2022-11-01 22:58:20,473] {processor.py:651} INFO - DAG(s) dict_keys(['example_trigger_target_dag']) retrieved from /home/nayara/Documentos/airflowalura/venv/lib/python3.9/site-packages/airflow/example_dags/example_trigger_target_dag.py
[2022-11-01 22:58:20,491] {logging_mixin.py:115} INFO - [2022-11-01 22:58:20,491] {dag.py:2379} INFO - Sync 1 DAGs
[2022-11-01 22:58:20,509] {logging_mixin.py:115} INFO - [2022-11-01 22:58:20,509] {dag.py:2927} INFO - Setting next_dagrun for example_trigger_target_dag to None, run_after=None
[2022-11-01 22:58:20,686] {processor.py:161} INFO - Processing /home/nayara/Documentos/airflowalura/venv/lib/python3.9/site-packages/airflow/example_dags/example_trigger_target_dag.py took 0.274 seconds
[2022-11-01 22:59:07,773] {processor.py:153} INFO - Started process (PID=19961) to work on /home/nayara/Documentos/airflowalura/venv/lib/python3.9/site-packages/airflow/example_dags/example_trigger_target_dag.py
[2022-11-01 22:59:07,804] {processor.py:641} INFO - Processing file /home/nayara/Documentos/airflowalura/venv/lib/python3.9/site-packages/airflow/example_dags/example_trigger_target_dag.py for tasks to queue
[2022-11-01 22:59:07,805] {logging_mixin.py:115} INFO - [2022-11-01 22:59:07,805] {dagbag.py:507} INFO - Filling up the DagBag from /home/nayara/Documentos/airflowalura/venv/lib/python3.9/site-packages/airflow/example_dags/example_trigger_target_dag.py
[2022-11-01 22:59:07,831] {processor.py:651} INFO - DAG(s) dict_keys(['example_trigger_target_dag']) retrieved from /home/nayara/Documentos/airflowalura/venv/lib/python3.9/site-packages/airflow/example_dags/example_trigger_target_dag.py
[2022-11-01 22:59:07,850] {logging_mixin.py:115} INFO - [2022-11-01 22:59:07,850] {dag.py:2379} INFO - Sync 1 DAGs
[2022-11-01 22:59:07,867] {logging_mixin.py:115} INFO - [2022-11-01 22:59:07,867] {dag.py:2927} INFO - Setting next_dagrun for example_trigger_target_dag to None, run_after=None
[2022-11-01 22:59:08,463] {processor.py:161} INFO - Processing /home/nayara/Documentos/airflowalura/venv/lib/python3.9/site-packages/airflow/example_dags/example_trigger_target_dag.py took 0.696 seconds
[2022-11-01 22:59:59,629] {processor.py:153} INFO - Started process (PID=20085) to work on /home/nayara/Documentos/airflowalura/venv/lib/python3.9/site-packages/airflow/example_dags/example_trigger_target_dag.py
[2022-11-01 22:59:59,644] {processor.py:641} INFO - Processing file /home/nayara/Documentos/airflowalura/venv/lib/python3.9/site-packages/airflow/example_dags/example_trigger_target_dag.py for tasks to queue
[2022-11-01 22:59:59,645] {logging_mixin.py:115} INFO - [2022-11-01 22:59:59,645] {dagbag.py:507} INFO - Filling up the DagBag from /home/nayara/Documentos/airflowalura/venv/lib/python3.9/site-packages/airflow/example_dags/example_trigger_target_dag.py
[2022-11-01 22:59:59,671] {processor.py:651} INFO - DAG(s) dict_keys(['example_trigger_target_dag']) retrieved from /home/nayara/Documentos/airflowalura/venv/lib/python3.9/site-packages/airflow/example_dags/example_trigger_target_dag.py
[2022-11-01 22:59:59,928] {logging_mixin.py:115} INFO - [2022-11-01 22:59:59,928] {dag.py:2379} INFO - Sync 1 DAGs
[2022-11-01 22:59:59,952] {logging_mixin.py:115} INFO - [2022-11-01 22:59:59,952] {dag.py:2927} INFO - Setting next_dagrun for example_trigger_target_dag to None, run_after=None
[2022-11-01 23:00:00,876] {processor.py:161} INFO - Processing /home/nayara/Documentos/airflowalura/venv/lib/python3.9/site-packages/airflow/example_dags/example_trigger_target_dag.py took 1.252 seconds
[2022-11-01 23:00:54,744] {processor.py:153} INFO - Started process (PID=20179) to work on /home/nayara/Documentos/airflowalura/venv/lib/python3.9/site-packages/airflow/example_dags/example_trigger_target_dag.py
[2022-11-01 23:00:54,746] {processor.py:641} INFO - Processing file /home/nayara/Documentos/airflowalura/venv/lib/python3.9/site-packages/airflow/example_dags/example_trigger_target_dag.py for tasks to queue
[2022-11-01 23:00:54,747] {logging_mixin.py:115} INFO - [2022-11-01 23:00:54,747] {dagbag.py:507} INFO - Filling up the DagBag from /home/nayara/Documentos/airflowalura/venv/lib/python3.9/site-packages/airflow/example_dags/example_trigger_target_dag.py
[2022-11-01 23:00:54,769] {processor.py:651} INFO - DAG(s) dict_keys(['example_trigger_target_dag']) retrieved from /home/nayara/Documentos/airflowalura/venv/lib/python3.9/site-packages/airflow/example_dags/example_trigger_target_dag.py
[2022-11-01 23:00:54,787] {logging_mixin.py:115} INFO - [2022-11-01 23:00:54,787] {dag.py:2379} INFO - Sync 1 DAGs
[2022-11-01 23:00:54,804] {logging_mixin.py:115} INFO - [2022-11-01 23:00:54,804] {dag.py:2927} INFO - Setting next_dagrun for example_trigger_target_dag to None, run_after=None
[2022-11-01 23:00:55,000] {processor.py:161} INFO - Processing /home/nayara/Documentos/airflowalura/venv/lib/python3.9/site-packages/airflow/example_dags/example_trigger_target_dag.py took 0.268 seconds
[2022-11-01 23:01:44,818] {processor.py:153} INFO - Started process (PID=20280) to work on /home/nayara/Documentos/airflowalura/venv/lib/python3.9/site-packages/airflow/example_dags/example_trigger_target_dag.py
[2022-11-01 23:01:44,862] {processor.py:641} INFO - Processing file /home/nayara/Documentos/airflowalura/venv/lib/python3.9/site-packages/airflow/example_dags/example_trigger_target_dag.py for tasks to queue
[2022-11-01 23:01:44,865] {logging_mixin.py:115} INFO - [2022-11-01 23:01:44,864] {dagbag.py:507} INFO - Filling up the DagBag from /home/nayara/Documentos/airflowalura/venv/lib/python3.9/site-packages/airflow/example_dags/example_trigger_target_dag.py
[2022-11-01 23:01:44,909] {processor.py:651} INFO - DAG(s) dict_keys(['example_trigger_target_dag']) retrieved from /home/nayara/Documentos/airflowalura/venv/lib/python3.9/site-packages/airflow/example_dags/example_trigger_target_dag.py
[2022-11-01 23:01:44,934] {logging_mixin.py:115} INFO - [2022-11-01 23:01:44,934] {dag.py:2379} INFO - Sync 1 DAGs
[2022-11-01 23:01:44,953] {logging_mixin.py:115} INFO - [2022-11-01 23:01:44,953] {dag.py:2927} INFO - Setting next_dagrun for example_trigger_target_dag to None, run_after=None
[2022-11-01 23:01:45,422] {processor.py:161} INFO - Processing /home/nayara/Documentos/airflowalura/venv/lib/python3.9/site-packages/airflow/example_dags/example_trigger_target_dag.py took 0.613 seconds
[2022-11-01 23:02:34,935] {processor.py:153} INFO - Started process (PID=20423) to work on /home/nayara/Documentos/airflowalura/venv/lib/python3.9/site-packages/airflow/example_dags/example_trigger_target_dag.py
[2022-11-01 23:02:34,977] {processor.py:641} INFO - Processing file /home/nayara/Documentos/airflowalura/venv/lib/python3.9/site-packages/airflow/example_dags/example_trigger_target_dag.py for tasks to queue
[2022-11-01 23:02:34,978] {logging_mixin.py:115} INFO - [2022-11-01 23:02:34,978] {dagbag.py:507} INFO - Filling up the DagBag from /home/nayara/Documentos/airflowalura/venv/lib/python3.9/site-packages/airflow/example_dags/example_trigger_target_dag.py
[2022-11-01 23:02:35,008] {processor.py:651} INFO - DAG(s) dict_keys(['example_trigger_target_dag']) retrieved from /home/nayara/Documentos/airflowalura/venv/lib/python3.9/site-packages/airflow/example_dags/example_trigger_target_dag.py
[2022-11-01 23:02:35,045] {logging_mixin.py:115} INFO - [2022-11-01 23:02:35,045] {dag.py:2379} INFO - Sync 1 DAGs
[2022-11-01 23:02:35,075] {logging_mixin.py:115} INFO - [2022-11-01 23:02:35,075] {dag.py:2927} INFO - Setting next_dagrun for example_trigger_target_dag to None, run_after=None
[2022-11-01 23:02:36,165] {processor.py:161} INFO - Processing /home/nayara/Documentos/airflowalura/venv/lib/python3.9/site-packages/airflow/example_dags/example_trigger_target_dag.py took 1.238 seconds
[2022-11-01 23:03:35,535] {processor.py:153} INFO - Started process (PID=20531) to work on /home/nayara/Documentos/airflowalura/venv/lib/python3.9/site-packages/airflow/example_dags/example_trigger_target_dag.py
[2022-11-01 23:03:35,560] {processor.py:641} INFO - Processing file /home/nayara/Documentos/airflowalura/venv/lib/python3.9/site-packages/airflow/example_dags/example_trigger_target_dag.py for tasks to queue
[2022-11-01 23:03:35,563] {logging_mixin.py:115} INFO - [2022-11-01 23:03:35,562] {dagbag.py:507} INFO - Filling up the DagBag from /home/nayara/Documentos/airflowalura/venv/lib/python3.9/site-packages/airflow/example_dags/example_trigger_target_dag.py
[2022-11-01 23:03:35,586] {processor.py:651} INFO - DAG(s) dict_keys(['example_trigger_target_dag']) retrieved from /home/nayara/Documentos/airflowalura/venv/lib/python3.9/site-packages/airflow/example_dags/example_trigger_target_dag.py
[2022-11-01 23:03:35,618] {logging_mixin.py:115} INFO - [2022-11-01 23:03:35,617] {dag.py:2379} INFO - Sync 1 DAGs
[2022-11-01 23:03:35,641] {logging_mixin.py:115} INFO - [2022-11-01 23:03:35,641] {dag.py:2927} INFO - Setting next_dagrun for example_trigger_target_dag to None, run_after=None
[2022-11-01 23:03:35,883] {processor.py:161} INFO - Processing /home/nayara/Documentos/airflowalura/venv/lib/python3.9/site-packages/airflow/example_dags/example_trigger_target_dag.py took 0.353 seconds
[2022-11-01 23:04:23,677] {processor.py:153} INFO - Started process (PID=20645) to work on /home/nayara/Documentos/airflowalura/venv/lib/python3.9/site-packages/airflow/example_dags/example_trigger_target_dag.py
[2022-11-01 23:04:23,698] {processor.py:641} INFO - Processing file /home/nayara/Documentos/airflowalura/venv/lib/python3.9/site-packages/airflow/example_dags/example_trigger_target_dag.py for tasks to queue
[2022-11-01 23:04:23,699] {logging_mixin.py:115} INFO - [2022-11-01 23:04:23,699] {dagbag.py:507} INFO - Filling up the DagBag from /home/nayara/Documentos/airflowalura/venv/lib/python3.9/site-packages/airflow/example_dags/example_trigger_target_dag.py
[2022-11-01 23:04:23,732] {processor.py:651} INFO - DAG(s) dict_keys(['example_trigger_target_dag']) retrieved from /home/nayara/Documentos/airflowalura/venv/lib/python3.9/site-packages/airflow/example_dags/example_trigger_target_dag.py
[2022-11-01 23:04:23,755] {logging_mixin.py:115} INFO - [2022-11-01 23:04:23,755] {dag.py:2379} INFO - Sync 1 DAGs
[2022-11-01 23:04:23,778] {logging_mixin.py:115} INFO - [2022-11-01 23:04:23,777] {dag.py:2927} INFO - Setting next_dagrun for example_trigger_target_dag to None, run_after=None
[2022-11-01 23:04:24,100] {processor.py:161} INFO - Processing /home/nayara/Documentos/airflowalura/venv/lib/python3.9/site-packages/airflow/example_dags/example_trigger_target_dag.py took 0.429 seconds
[2022-11-01 23:05:18,568] {processor.py:153} INFO - Started process (PID=20750) to work on /home/nayara/Documentos/airflowalura/venv/lib/python3.9/site-packages/airflow/example_dags/example_trigger_target_dag.py
[2022-11-01 23:05:18,631] {processor.py:641} INFO - Processing file /home/nayara/Documentos/airflowalura/venv/lib/python3.9/site-packages/airflow/example_dags/example_trigger_target_dag.py for tasks to queue
[2022-11-01 23:05:18,635] {logging_mixin.py:115} INFO - [2022-11-01 23:05:18,634] {dagbag.py:507} INFO - Filling up the DagBag from /home/nayara/Documentos/airflowalura/venv/lib/python3.9/site-packages/airflow/example_dags/example_trigger_target_dag.py
[2022-11-01 23:05:18,728] {processor.py:651} INFO - DAG(s) dict_keys(['example_trigger_target_dag']) retrieved from /home/nayara/Documentos/airflowalura/venv/lib/python3.9/site-packages/airflow/example_dags/example_trigger_target_dag.py
[2022-11-01 23:05:18,753] {logging_mixin.py:115} INFO - [2022-11-01 23:05:18,753] {dag.py:2379} INFO - Sync 1 DAGs
[2022-11-01 23:05:18,776] {logging_mixin.py:115} INFO - [2022-11-01 23:05:18,776] {dag.py:2927} INFO - Setting next_dagrun for example_trigger_target_dag to None, run_after=None
[2022-11-01 23:05:19,045] {processor.py:161} INFO - Processing /home/nayara/Documentos/airflowalura/venv/lib/python3.9/site-packages/airflow/example_dags/example_trigger_target_dag.py took 0.493 seconds
[2022-11-01 23:06:11,234] {processor.py:153} INFO - Started process (PID=20859) to work on /home/nayara/Documentos/airflowalura/venv/lib/python3.9/site-packages/airflow/example_dags/example_trigger_target_dag.py
[2022-11-01 23:06:11,235] {processor.py:641} INFO - Processing file /home/nayara/Documentos/airflowalura/venv/lib/python3.9/site-packages/airflow/example_dags/example_trigger_target_dag.py for tasks to queue
[2022-11-01 23:06:11,236] {logging_mixin.py:115} INFO - [2022-11-01 23:06:11,236] {dagbag.py:507} INFO - Filling up the DagBag from /home/nayara/Documentos/airflowalura/venv/lib/python3.9/site-packages/airflow/example_dags/example_trigger_target_dag.py
[2022-11-01 23:06:11,256] {processor.py:651} INFO - DAG(s) dict_keys(['example_trigger_target_dag']) retrieved from /home/nayara/Documentos/airflowalura/venv/lib/python3.9/site-packages/airflow/example_dags/example_trigger_target_dag.py
[2022-11-01 23:06:11,275] {logging_mixin.py:115} INFO - [2022-11-01 23:06:11,275] {dag.py:2379} INFO - Sync 1 DAGs
[2022-11-01 23:06:11,292] {logging_mixin.py:115} INFO - [2022-11-01 23:06:11,292] {dag.py:2927} INFO - Setting next_dagrun for example_trigger_target_dag to None, run_after=None
[2022-11-01 23:06:11,488] {processor.py:161} INFO - Processing /home/nayara/Documentos/airflowalura/venv/lib/python3.9/site-packages/airflow/example_dags/example_trigger_target_dag.py took 0.257 seconds
[2022-11-01 23:07:10,918] {processor.py:153} INFO - Started process (PID=21035) to work on /home/nayara/Documentos/airflowalura/venv/lib/python3.9/site-packages/airflow/example_dags/example_trigger_target_dag.py
[2022-11-01 23:07:10,970] {processor.py:641} INFO - Processing file /home/nayara/Documentos/airflowalura/venv/lib/python3.9/site-packages/airflow/example_dags/example_trigger_target_dag.py for tasks to queue
[2022-11-01 23:07:10,973] {logging_mixin.py:115} INFO - [2022-11-01 23:07:10,973] {dagbag.py:507} INFO - Filling up the DagBag from /home/nayara/Documentos/airflowalura/venv/lib/python3.9/site-packages/airflow/example_dags/example_trigger_target_dag.py
[2022-11-01 23:07:11,005] {processor.py:651} INFO - DAG(s) dict_keys(['example_trigger_target_dag']) retrieved from /home/nayara/Documentos/airflowalura/venv/lib/python3.9/site-packages/airflow/example_dags/example_trigger_target_dag.py
[2022-11-01 23:07:11,024] {logging_mixin.py:115} INFO - [2022-11-01 23:07:11,024] {dag.py:2379} INFO - Sync 1 DAGs
[2022-11-01 23:07:11,043] {logging_mixin.py:115} INFO - [2022-11-01 23:07:11,043] {dag.py:2927} INFO - Setting next_dagrun for example_trigger_target_dag to None, run_after=None
[2022-11-01 23:07:11,396] {processor.py:161} INFO - Processing /home/nayara/Documentos/airflowalura/venv/lib/python3.9/site-packages/airflow/example_dags/example_trigger_target_dag.py took 0.481 seconds
[2022-11-01 23:08:01,862] {processor.py:153} INFO - Started process (PID=21122) to work on /home/nayara/Documentos/airflowalura/venv/lib/python3.9/site-packages/airflow/example_dags/example_trigger_target_dag.py
[2022-11-01 23:08:01,934] {processor.py:641} INFO - Processing file /home/nayara/Documentos/airflowalura/venv/lib/python3.9/site-packages/airflow/example_dags/example_trigger_target_dag.py for tasks to queue
[2022-11-01 23:08:01,937] {logging_mixin.py:115} INFO - [2022-11-01 23:08:01,937] {dagbag.py:507} INFO - Filling up the DagBag from /home/nayara/Documentos/airflowalura/venv/lib/python3.9/site-packages/airflow/example_dags/example_trigger_target_dag.py
[2022-11-01 23:08:01,979] {processor.py:651} INFO - DAG(s) dict_keys(['example_trigger_target_dag']) retrieved from /home/nayara/Documentos/airflowalura/venv/lib/python3.9/site-packages/airflow/example_dags/example_trigger_target_dag.py
[2022-11-01 23:08:01,997] {logging_mixin.py:115} INFO - [2022-11-01 23:08:01,997] {dag.py:2379} INFO - Sync 1 DAGs
[2022-11-01 23:08:02,014] {logging_mixin.py:115} INFO - [2022-11-01 23:08:02,014] {dag.py:2927} INFO - Setting next_dagrun for example_trigger_target_dag to None, run_after=None
[2022-11-01 23:08:02,300] {processor.py:161} INFO - Processing /home/nayara/Documentos/airflowalura/venv/lib/python3.9/site-packages/airflow/example_dags/example_trigger_target_dag.py took 0.441 seconds
[2022-11-01 23:08:44,539] {processor.py:153} INFO - Started process (PID=21201) to work on /home/nayara/Documentos/airflowalura/venv/lib/python3.9/site-packages/airflow/example_dags/example_trigger_target_dag.py
[2022-11-01 23:08:44,557] {processor.py:641} INFO - Processing file /home/nayara/Documentos/airflowalura/venv/lib/python3.9/site-packages/airflow/example_dags/example_trigger_target_dag.py for tasks to queue
[2022-11-01 23:08:44,558] {logging_mixin.py:115} INFO - [2022-11-01 23:08:44,557] {dagbag.py:507} INFO - Filling up the DagBag from /home/nayara/Documentos/airflowalura/venv/lib/python3.9/site-packages/airflow/example_dags/example_trigger_target_dag.py
[2022-11-01 23:08:44,578] {processor.py:651} INFO - DAG(s) dict_keys(['example_trigger_target_dag']) retrieved from /home/nayara/Documentos/airflowalura/venv/lib/python3.9/site-packages/airflow/example_dags/example_trigger_target_dag.py
[2022-11-01 23:08:44,596] {logging_mixin.py:115} INFO - [2022-11-01 23:08:44,596] {dag.py:2379} INFO - Sync 1 DAGs
[2022-11-01 23:08:44,613] {logging_mixin.py:115} INFO - [2022-11-01 23:08:44,613] {dag.py:2927} INFO - Setting next_dagrun for example_trigger_target_dag to None, run_after=None
[2022-11-01 23:08:44,879] {processor.py:161} INFO - Processing /home/nayara/Documentos/airflowalura/venv/lib/python3.9/site-packages/airflow/example_dags/example_trigger_target_dag.py took 0.345 seconds
[2022-11-01 23:09:30,906] {processor.py:153} INFO - Started process (PID=21355) to work on /home/nayara/Documentos/airflowalura/venv/lib/python3.9/site-packages/airflow/example_dags/example_trigger_target_dag.py
[2022-11-01 23:09:31,039] {processor.py:641} INFO - Processing file /home/nayara/Documentos/airflowalura/venv/lib/python3.9/site-packages/airflow/example_dags/example_trigger_target_dag.py for tasks to queue
[2022-11-01 23:09:31,042] {logging_mixin.py:115} INFO - [2022-11-01 23:09:31,041] {dagbag.py:507} INFO - Filling up the DagBag from /home/nayara/Documentos/airflowalura/venv/lib/python3.9/site-packages/airflow/example_dags/example_trigger_target_dag.py
[2022-11-01 23:09:31,091] {processor.py:651} INFO - DAG(s) dict_keys(['example_trigger_target_dag']) retrieved from /home/nayara/Documentos/airflowalura/venv/lib/python3.9/site-packages/airflow/example_dags/example_trigger_target_dag.py
[2022-11-01 23:09:31,117] {logging_mixin.py:115} INFO - [2022-11-01 23:09:31,116] {dag.py:2379} INFO - Sync 1 DAGs
[2022-11-01 23:09:31,134] {logging_mixin.py:115} INFO - [2022-11-01 23:09:31,134] {dag.py:2927} INFO - Setting next_dagrun for example_trigger_target_dag to None, run_after=None
[2022-11-01 23:09:32,563] {processor.py:161} INFO - Processing /home/nayara/Documentos/airflowalura/venv/lib/python3.9/site-packages/airflow/example_dags/example_trigger_target_dag.py took 1.662 seconds
[2022-11-01 23:10:54,132] {processor.py:153} INFO - Started process (PID=21538) to work on /home/nayara/Documentos/airflowalura/venv/lib/python3.9/site-packages/airflow/example_dags/example_trigger_target_dag.py
[2022-11-01 23:10:54,175] {processor.py:641} INFO - Processing file /home/nayara/Documentos/airflowalura/venv/lib/python3.9/site-packages/airflow/example_dags/example_trigger_target_dag.py for tasks to queue
[2022-11-01 23:10:54,179] {logging_mixin.py:115} INFO - [2022-11-01 23:10:54,178] {dagbag.py:507} INFO - Filling up the DagBag from /home/nayara/Documentos/airflowalura/venv/lib/python3.9/site-packages/airflow/example_dags/example_trigger_target_dag.py
[2022-11-01 23:10:54,252] {processor.py:651} INFO - DAG(s) dict_keys(['example_trigger_target_dag']) retrieved from /home/nayara/Documentos/airflowalura/venv/lib/python3.9/site-packages/airflow/example_dags/example_trigger_target_dag.py
[2022-11-01 23:10:54,276] {logging_mixin.py:115} INFO - [2022-11-01 23:10:54,276] {dag.py:2379} INFO - Sync 1 DAGs
[2022-11-01 23:10:54,298] {logging_mixin.py:115} INFO - [2022-11-01 23:10:54,298] {dag.py:2927} INFO - Setting next_dagrun for example_trigger_target_dag to None, run_after=None
[2022-11-01 23:10:54,751] {processor.py:161} INFO - Processing /home/nayara/Documentos/airflowalura/venv/lib/python3.9/site-packages/airflow/example_dags/example_trigger_target_dag.py took 0.636 seconds
[2022-11-01 23:12:24,646] {processor.py:153} INFO - Started process (PID=21798) to work on /home/nayara/Documentos/airflowalura/venv/lib/python3.9/site-packages/airflow/example_dags/example_trigger_target_dag.py
[2022-11-01 23:12:24,667] {processor.py:641} INFO - Processing file /home/nayara/Documentos/airflowalura/venv/lib/python3.9/site-packages/airflow/example_dags/example_trigger_target_dag.py for tasks to queue
[2022-11-01 23:12:24,670] {logging_mixin.py:115} INFO - [2022-11-01 23:12:24,670] {dagbag.py:507} INFO - Filling up the DagBag from /home/nayara/Documentos/airflowalura/venv/lib/python3.9/site-packages/airflow/example_dags/example_trigger_target_dag.py
[2022-11-01 23:12:24,761] {processor.py:651} INFO - DAG(s) dict_keys(['example_trigger_target_dag']) retrieved from /home/nayara/Documentos/airflowalura/venv/lib/python3.9/site-packages/airflow/example_dags/example_trigger_target_dag.py
[2022-11-01 23:12:24,786] {logging_mixin.py:115} INFO - [2022-11-01 23:12:24,786] {dag.py:2379} INFO - Sync 1 DAGs
[2022-11-01 23:12:24,807] {logging_mixin.py:115} INFO - [2022-11-01 23:12:24,807] {dag.py:2927} INFO - Setting next_dagrun for example_trigger_target_dag to None, run_after=None
[2022-11-01 23:12:25,057] {processor.py:161} INFO - Processing /home/nayara/Documentos/airflowalura/venv/lib/python3.9/site-packages/airflow/example_dags/example_trigger_target_dag.py took 0.425 seconds
[2022-11-01 23:13:35,541] {processor.py:153} INFO - Started process (PID=21920) to work on /home/nayara/Documentos/airflowalura/venv/lib/python3.9/site-packages/airflow/example_dags/example_trigger_target_dag.py
[2022-11-01 23:13:35,560] {processor.py:641} INFO - Processing file /home/nayara/Documentos/airflowalura/venv/lib/python3.9/site-packages/airflow/example_dags/example_trigger_target_dag.py for tasks to queue
[2022-11-01 23:13:35,563] {logging_mixin.py:115} INFO - [2022-11-01 23:13:35,563] {dagbag.py:507} INFO - Filling up the DagBag from /home/nayara/Documentos/airflowalura/venv/lib/python3.9/site-packages/airflow/example_dags/example_trigger_target_dag.py
[2022-11-01 23:13:35,630] {processor.py:651} INFO - DAG(s) dict_keys(['example_trigger_target_dag']) retrieved from /home/nayara/Documentos/airflowalura/venv/lib/python3.9/site-packages/airflow/example_dags/example_trigger_target_dag.py
[2022-11-01 23:13:35,652] {logging_mixin.py:115} INFO - [2022-11-01 23:13:35,652] {dag.py:2379} INFO - Sync 1 DAGs
[2022-11-01 23:13:35,675] {logging_mixin.py:115} INFO - [2022-11-01 23:13:35,674] {dag.py:2927} INFO - Setting next_dagrun for example_trigger_target_dag to None, run_after=None
[2022-11-01 23:13:35,904] {processor.py:161} INFO - Processing /home/nayara/Documentos/airflowalura/venv/lib/python3.9/site-packages/airflow/example_dags/example_trigger_target_dag.py took 0.380 seconds
[2022-11-01 23:14:43,304] {processor.py:153} INFO - Started process (PID=22122) to work on /home/nayara/Documentos/airflowalura/venv/lib/python3.9/site-packages/airflow/example_dags/example_trigger_target_dag.py
[2022-11-01 23:14:43,305] {processor.py:641} INFO - Processing file /home/nayara/Documentos/airflowalura/venv/lib/python3.9/site-packages/airflow/example_dags/example_trigger_target_dag.py for tasks to queue
[2022-11-01 23:14:43,306] {logging_mixin.py:115} INFO - [2022-11-01 23:14:43,306] {dagbag.py:507} INFO - Filling up the DagBag from /home/nayara/Documentos/airflowalura/venv/lib/python3.9/site-packages/airflow/example_dags/example_trigger_target_dag.py
[2022-11-01 23:14:43,328] {processor.py:651} INFO - DAG(s) dict_keys(['example_trigger_target_dag']) retrieved from /home/nayara/Documentos/airflowalura/venv/lib/python3.9/site-packages/airflow/example_dags/example_trigger_target_dag.py
[2022-11-01 23:14:43,346] {logging_mixin.py:115} INFO - [2022-11-01 23:14:43,346] {dag.py:2379} INFO - Sync 1 DAGs
[2022-11-01 23:14:43,362] {logging_mixin.py:115} INFO - [2022-11-01 23:14:43,362] {dag.py:2927} INFO - Setting next_dagrun for example_trigger_target_dag to None, run_after=None
[2022-11-01 23:14:43,925] {processor.py:161} INFO - Processing /home/nayara/Documentos/airflowalura/venv/lib/python3.9/site-packages/airflow/example_dags/example_trigger_target_dag.py took 0.631 seconds
[2022-11-01 23:15:43,620] {processor.py:153} INFO - Started process (PID=22264) to work on /home/nayara/Documentos/airflowalura/venv/lib/python3.9/site-packages/airflow/example_dags/example_trigger_target_dag.py
[2022-11-01 23:15:43,679] {processor.py:641} INFO - Processing file /home/nayara/Documentos/airflowalura/venv/lib/python3.9/site-packages/airflow/example_dags/example_trigger_target_dag.py for tasks to queue
[2022-11-01 23:15:43,682] {logging_mixin.py:115} INFO - [2022-11-01 23:15:43,681] {dagbag.py:507} INFO - Filling up the DagBag from /home/nayara/Documentos/airflowalura/venv/lib/python3.9/site-packages/airflow/example_dags/example_trigger_target_dag.py
[2022-11-01 23:15:43,770] {processor.py:651} INFO - DAG(s) dict_keys(['example_trigger_target_dag']) retrieved from /home/nayara/Documentos/airflowalura/venv/lib/python3.9/site-packages/airflow/example_dags/example_trigger_target_dag.py
[2022-11-01 23:15:44,024] {logging_mixin.py:115} INFO - [2022-11-01 23:15:44,024] {dag.py:2379} INFO - Sync 1 DAGs
[2022-11-01 23:15:44,074] {logging_mixin.py:115} INFO - [2022-11-01 23:15:44,074] {dag.py:2927} INFO - Setting next_dagrun for example_trigger_target_dag to None, run_after=None
[2022-11-01 23:15:44,490] {processor.py:161} INFO - Processing /home/nayara/Documentos/airflowalura/venv/lib/python3.9/site-packages/airflow/example_dags/example_trigger_target_dag.py took 0.879 seconds
[2022-11-01 23:16:44,335] {processor.py:153} INFO - Started process (PID=22394) to work on /home/nayara/Documentos/airflowalura/venv/lib/python3.9/site-packages/airflow/example_dags/example_trigger_target_dag.py
[2022-11-01 23:16:44,367] {processor.py:641} INFO - Processing file /home/nayara/Documentos/airflowalura/venv/lib/python3.9/site-packages/airflow/example_dags/example_trigger_target_dag.py for tasks to queue
[2022-11-01 23:16:44,369] {logging_mixin.py:115} INFO - [2022-11-01 23:16:44,369] {dagbag.py:507} INFO - Filling up the DagBag from /home/nayara/Documentos/airflowalura/venv/lib/python3.9/site-packages/airflow/example_dags/example_trigger_target_dag.py
[2022-11-01 23:16:44,406] {processor.py:651} INFO - DAG(s) dict_keys(['example_trigger_target_dag']) retrieved from /home/nayara/Documentos/airflowalura/venv/lib/python3.9/site-packages/airflow/example_dags/example_trigger_target_dag.py
[2022-11-01 23:16:44,435] {logging_mixin.py:115} INFO - [2022-11-01 23:16:44,435] {dag.py:2379} INFO - Sync 1 DAGs
[2022-11-01 23:16:44,462] {logging_mixin.py:115} INFO - [2022-11-01 23:16:44,462] {dag.py:2927} INFO - Setting next_dagrun for example_trigger_target_dag to None, run_after=None
[2022-11-01 23:16:44,759] {processor.py:161} INFO - Processing /home/nayara/Documentos/airflowalura/venv/lib/python3.9/site-packages/airflow/example_dags/example_trigger_target_dag.py took 0.431 seconds
[2022-11-01 23:17:58,800] {processor.py:153} INFO - Started process (PID=22575) to work on /home/nayara/Documentos/airflowalura/venv/lib/python3.9/site-packages/airflow/example_dags/example_trigger_target_dag.py
[2022-11-01 23:17:58,891] {processor.py:641} INFO - Processing file /home/nayara/Documentos/airflowalura/venv/lib/python3.9/site-packages/airflow/example_dags/example_trigger_target_dag.py for tasks to queue
[2022-11-01 23:17:58,896] {logging_mixin.py:115} INFO - [2022-11-01 23:17:58,895] {dagbag.py:507} INFO - Filling up the DagBag from /home/nayara/Documentos/airflowalura/venv/lib/python3.9/site-packages/airflow/example_dags/example_trigger_target_dag.py
[2022-11-01 23:17:58,981] {processor.py:651} INFO - DAG(s) dict_keys(['example_trigger_target_dag']) retrieved from /home/nayara/Documentos/airflowalura/venv/lib/python3.9/site-packages/airflow/example_dags/example_trigger_target_dag.py
[2022-11-01 23:17:59,006] {logging_mixin.py:115} INFO - [2022-11-01 23:17:59,006] {dag.py:2379} INFO - Sync 1 DAGs
[2022-11-01 23:17:59,030] {logging_mixin.py:115} INFO - [2022-11-01 23:17:59,030] {dag.py:2927} INFO - Setting next_dagrun for example_trigger_target_dag to None, run_after=None
[2022-11-01 23:17:59,908] {processor.py:161} INFO - Processing /home/nayara/Documentos/airflowalura/venv/lib/python3.9/site-packages/airflow/example_dags/example_trigger_target_dag.py took 1.129 seconds
[2022-11-01 23:19:10,525] {processor.py:153} INFO - Started process (PID=22691) to work on /home/nayara/Documentos/airflowalura/venv/lib/python3.9/site-packages/airflow/example_dags/example_trigger_target_dag.py
[2022-11-01 23:19:10,552] {processor.py:641} INFO - Processing file /home/nayara/Documentos/airflowalura/venv/lib/python3.9/site-packages/airflow/example_dags/example_trigger_target_dag.py for tasks to queue
[2022-11-01 23:19:10,554] {logging_mixin.py:115} INFO - [2022-11-01 23:19:10,554] {dagbag.py:507} INFO - Filling up the DagBag from /home/nayara/Documentos/airflowalura/venv/lib/python3.9/site-packages/airflow/example_dags/example_trigger_target_dag.py
[2022-11-01 23:19:10,587] {processor.py:651} INFO - DAG(s) dict_keys(['example_trigger_target_dag']) retrieved from /home/nayara/Documentos/airflowalura/venv/lib/python3.9/site-packages/airflow/example_dags/example_trigger_target_dag.py
[2022-11-01 23:19:10,605] {logging_mixin.py:115} INFO - [2022-11-01 23:19:10,604] {dag.py:2379} INFO - Sync 1 DAGs
[2022-11-01 23:19:10,621] {logging_mixin.py:115} INFO - [2022-11-01 23:19:10,621] {dag.py:2927} INFO - Setting next_dagrun for example_trigger_target_dag to None, run_after=None
[2022-11-01 23:19:10,864] {processor.py:161} INFO - Processing /home/nayara/Documentos/airflowalura/venv/lib/python3.9/site-packages/airflow/example_dags/example_trigger_target_dag.py took 0.342 seconds
[2022-11-01 23:20:11,885] {processor.py:153} INFO - Started process (PID=22839) to work on /home/nayara/Documentos/airflowalura/venv/lib/python3.9/site-packages/airflow/example_dags/example_trigger_target_dag.py
[2022-11-01 23:20:11,899] {processor.py:641} INFO - Processing file /home/nayara/Documentos/airflowalura/venv/lib/python3.9/site-packages/airflow/example_dags/example_trigger_target_dag.py for tasks to queue
[2022-11-01 23:20:11,900] {logging_mixin.py:115} INFO - [2022-11-01 23:20:11,900] {dagbag.py:507} INFO - Filling up the DagBag from /home/nayara/Documentos/airflowalura/venv/lib/python3.9/site-packages/airflow/example_dags/example_trigger_target_dag.py
[2022-11-01 23:20:11,939] {processor.py:651} INFO - DAG(s) dict_keys(['example_trigger_target_dag']) retrieved from /home/nayara/Documentos/airflowalura/venv/lib/python3.9/site-packages/airflow/example_dags/example_trigger_target_dag.py
[2022-11-01 23:20:11,977] {logging_mixin.py:115} INFO - [2022-11-01 23:20:11,977] {dag.py:2379} INFO - Sync 1 DAGs
[2022-11-01 23:20:12,006] {logging_mixin.py:115} INFO - [2022-11-01 23:20:12,006] {dag.py:2927} INFO - Setting next_dagrun for example_trigger_target_dag to None, run_after=None
[2022-11-01 23:20:12,527] {processor.py:161} INFO - Processing /home/nayara/Documentos/airflowalura/venv/lib/python3.9/site-packages/airflow/example_dags/example_trigger_target_dag.py took 0.660 seconds
[2022-11-01 23:21:36,588] {processor.py:153} INFO - Started process (PID=23073) to work on /home/nayara/Documentos/airflowalura/venv/lib/python3.9/site-packages/airflow/example_dags/example_trigger_target_dag.py
[2022-11-01 23:21:36,624] {processor.py:641} INFO - Processing file /home/nayara/Documentos/airflowalura/venv/lib/python3.9/site-packages/airflow/example_dags/example_trigger_target_dag.py for tasks to queue
[2022-11-01 23:21:36,628] {logging_mixin.py:115} INFO - [2022-11-01 23:21:36,626] {dagbag.py:507} INFO - Filling up the DagBag from /home/nayara/Documentos/airflowalura/venv/lib/python3.9/site-packages/airflow/example_dags/example_trigger_target_dag.py
[2022-11-01 23:21:36,936] {processor.py:651} INFO - DAG(s) dict_keys(['example_trigger_target_dag']) retrieved from /home/nayara/Documentos/airflowalura/venv/lib/python3.9/site-packages/airflow/example_dags/example_trigger_target_dag.py
[2022-11-01 23:21:36,989] {logging_mixin.py:115} INFO - [2022-11-01 23:21:36,989] {dag.py:2379} INFO - Sync 1 DAGs
[2022-11-01 23:21:37,075] {logging_mixin.py:115} INFO - [2022-11-01 23:21:37,074] {dag.py:2927} INFO - Setting next_dagrun for example_trigger_target_dag to None, run_after=None
[2022-11-01 23:21:37,427] {processor.py:161} INFO - Processing /home/nayara/Documentos/airflowalura/venv/lib/python3.9/site-packages/airflow/example_dags/example_trigger_target_dag.py took 0.925 seconds
