[2022-11-01 22:41:07,883] {processor.py:153} INFO - Started process (PID=17830) to work on /home/nayara/Documentos/airflowalura/venv/lib/python3.9/site-packages/airflow/example_dags/example_external_task_marker_dag.py
[2022-11-01 22:41:07,886] {processor.py:641} INFO - Processing file /home/nayara/Documentos/airflowalura/venv/lib/python3.9/site-packages/airflow/example_dags/example_external_task_marker_dag.py for tasks to queue
[2022-11-01 22:41:07,896] {logging_mixin.py:115} INFO - [2022-11-01 22:41:07,890] {dagbag.py:507} INFO - Filling up the DagBag from /home/nayara/Documentos/airflowalura/venv/lib/python3.9/site-packages/airflow/example_dags/example_external_task_marker_dag.py
[2022-11-01 22:41:07,928] {processor.py:651} INFO - DAG(s) dict_keys(['example_external_task_marker_parent', 'example_external_task_marker_child']) retrieved from /home/nayara/Documentos/airflowalura/venv/lib/python3.9/site-packages/airflow/example_dags/example_external_task_marker_dag.py
[2022-11-01 22:41:09,658] {logging_mixin.py:115} INFO - [2022-11-01 22:41:09,658] {dag.py:2379} INFO - Sync 2 DAGs
[2022-11-01 22:41:09,697] {logging_mixin.py:115} INFO - [2022-11-01 22:41:09,697] {dag.py:2927} INFO - Setting next_dagrun for example_external_task_marker_child to None, run_after=None
[2022-11-01 22:41:09,698] {logging_mixin.py:115} INFO - [2022-11-01 22:41:09,697] {dag.py:2927} INFO - Setting next_dagrun for example_external_task_marker_parent to None, run_after=None
[2022-11-01 22:41:11,710] {processor.py:161} INFO - Processing /home/nayara/Documentos/airflowalura/venv/lib/python3.9/site-packages/airflow/example_dags/example_external_task_marker_dag.py took 3.852 seconds
[2022-11-01 22:44:01,566] {processor.py:153} INFO - Started process (PID=18076) to work on /home/nayara/Documentos/airflowalura/venv/lib/python3.9/site-packages/airflow/example_dags/example_external_task_marker_dag.py
[2022-11-01 22:44:01,601] {processor.py:641} INFO - Processing file /home/nayara/Documentos/airflowalura/venv/lib/python3.9/site-packages/airflow/example_dags/example_external_task_marker_dag.py for tasks to queue
[2022-11-01 22:44:01,602] {logging_mixin.py:115} INFO - [2022-11-01 22:44:01,602] {dagbag.py:507} INFO - Filling up the DagBag from /home/nayara/Documentos/airflowalura/venv/lib/python3.9/site-packages/airflow/example_dags/example_external_task_marker_dag.py
[2022-11-01 22:44:01,610] {processor.py:651} INFO - DAG(s) dict_keys(['example_external_task_marker_parent', 'example_external_task_marker_child']) retrieved from /home/nayara/Documentos/airflowalura/venv/lib/python3.9/site-packages/airflow/example_dags/example_external_task_marker_dag.py
[2022-11-01 22:44:01,671] {logging_mixin.py:115} INFO - [2022-11-01 22:44:01,671] {dag.py:2379} INFO - Sync 2 DAGs
[2022-11-01 22:44:01,703] {logging_mixin.py:115} INFO - [2022-11-01 22:44:01,703] {dag.py:2927} INFO - Setting next_dagrun for example_external_task_marker_child to None, run_after=None
[2022-11-01 22:44:01,703] {logging_mixin.py:115} INFO - [2022-11-01 22:44:01,703] {dag.py:2927} INFO - Setting next_dagrun for example_external_task_marker_parent to None, run_after=None
[2022-11-01 22:44:02,018] {processor.py:161} INFO - Processing /home/nayara/Documentos/airflowalura/venv/lib/python3.9/site-packages/airflow/example_dags/example_external_task_marker_dag.py took 0.459 seconds
[2022-11-01 22:45:19,287] {processor.py:153} INFO - Started process (PID=18203) to work on /home/nayara/Documentos/airflowalura/venv/lib/python3.9/site-packages/airflow/example_dags/example_external_task_marker_dag.py
[2022-11-01 22:45:19,320] {processor.py:641} INFO - Processing file /home/nayara/Documentos/airflowalura/venv/lib/python3.9/site-packages/airflow/example_dags/example_external_task_marker_dag.py for tasks to queue
[2022-11-01 22:45:19,321] {logging_mixin.py:115} INFO - [2022-11-01 22:45:19,320] {dagbag.py:507} INFO - Filling up the DagBag from /home/nayara/Documentos/airflowalura/venv/lib/python3.9/site-packages/airflow/example_dags/example_external_task_marker_dag.py
[2022-11-01 22:45:19,330] {processor.py:651} INFO - DAG(s) dict_keys(['example_external_task_marker_parent', 'example_external_task_marker_child']) retrieved from /home/nayara/Documentos/airflowalura/venv/lib/python3.9/site-packages/airflow/example_dags/example_external_task_marker_dag.py
[2022-11-01 22:45:19,398] {logging_mixin.py:115} INFO - [2022-11-01 22:45:19,397] {dag.py:2379} INFO - Sync 2 DAGs
[2022-11-01 22:45:19,429] {logging_mixin.py:115} INFO - [2022-11-01 22:45:19,429] {dag.py:2927} INFO - Setting next_dagrun for example_external_task_marker_child to None, run_after=None
[2022-11-01 22:45:19,430] {logging_mixin.py:115} INFO - [2022-11-01 22:45:19,429] {dag.py:2927} INFO - Setting next_dagrun for example_external_task_marker_parent to None, run_after=None
[2022-11-01 22:45:19,724] {processor.py:161} INFO - Processing /home/nayara/Documentos/airflowalura/venv/lib/python3.9/site-packages/airflow/example_dags/example_external_task_marker_dag.py took 0.441 seconds
[2022-11-01 22:46:17,144] {processor.py:153} INFO - Started process (PID=18312) to work on /home/nayara/Documentos/airflowalura/venv/lib/python3.9/site-packages/airflow/example_dags/example_external_task_marker_dag.py
[2022-11-01 22:46:17,146] {processor.py:641} INFO - Processing file /home/nayara/Documentos/airflowalura/venv/lib/python3.9/site-packages/airflow/example_dags/example_external_task_marker_dag.py for tasks to queue
[2022-11-01 22:46:17,147] {logging_mixin.py:115} INFO - [2022-11-01 22:46:17,147] {dagbag.py:507} INFO - Filling up the DagBag from /home/nayara/Documentos/airflowalura/venv/lib/python3.9/site-packages/airflow/example_dags/example_external_task_marker_dag.py
[2022-11-01 22:46:17,162] {processor.py:651} INFO - DAG(s) dict_keys(['example_external_task_marker_parent', 'example_external_task_marker_child']) retrieved from /home/nayara/Documentos/airflowalura/venv/lib/python3.9/site-packages/airflow/example_dags/example_external_task_marker_dag.py
[2022-11-01 22:46:17,245] {logging_mixin.py:115} INFO - [2022-11-01 22:46:17,245] {dag.py:2379} INFO - Sync 2 DAGs
[2022-11-01 22:46:17,287] {logging_mixin.py:115} INFO - [2022-11-01 22:46:17,287] {dag.py:2927} INFO - Setting next_dagrun for example_external_task_marker_child to None, run_after=None
[2022-11-01 22:46:17,288] {logging_mixin.py:115} INFO - [2022-11-01 22:46:17,287] {dag.py:2927} INFO - Setting next_dagrun for example_external_task_marker_parent to None, run_after=None
[2022-11-01 22:46:17,734] {processor.py:161} INFO - Processing /home/nayara/Documentos/airflowalura/venv/lib/python3.9/site-packages/airflow/example_dags/example_external_task_marker_dag.py took 0.598 seconds
[2022-11-01 22:47:26,403] {processor.py:153} INFO - Started process (PID=18478) to work on /home/nayara/Documentos/airflowalura/venv/lib/python3.9/site-packages/airflow/example_dags/example_external_task_marker_dag.py
[2022-11-01 22:47:26,405] {processor.py:641} INFO - Processing file /home/nayara/Documentos/airflowalura/venv/lib/python3.9/site-packages/airflow/example_dags/example_external_task_marker_dag.py for tasks to queue
[2022-11-01 22:47:26,418] {logging_mixin.py:115} INFO - [2022-11-01 22:47:26,418] {dagbag.py:507} INFO - Filling up the DagBag from /home/nayara/Documentos/airflowalura/venv/lib/python3.9/site-packages/airflow/example_dags/example_external_task_marker_dag.py
[2022-11-01 22:47:26,427] {processor.py:651} INFO - DAG(s) dict_keys(['example_external_task_marker_parent', 'example_external_task_marker_child']) retrieved from /home/nayara/Documentos/airflowalura/venv/lib/python3.9/site-packages/airflow/example_dags/example_external_task_marker_dag.py
[2022-11-01 22:47:26,489] {logging_mixin.py:115} INFO - [2022-11-01 22:47:26,489] {dag.py:2379} INFO - Sync 2 DAGs
[2022-11-01 22:47:26,524] {logging_mixin.py:115} INFO - [2022-11-01 22:47:26,524] {dag.py:2927} INFO - Setting next_dagrun for example_external_task_marker_child to None, run_after=None
[2022-11-01 22:47:26,524] {logging_mixin.py:115} INFO - [2022-11-01 22:47:26,524] {dag.py:2927} INFO - Setting next_dagrun for example_external_task_marker_parent to None, run_after=None
[2022-11-01 22:47:26,796] {processor.py:161} INFO - Processing /home/nayara/Documentos/airflowalura/venv/lib/python3.9/site-packages/airflow/example_dags/example_external_task_marker_dag.py took 0.400 seconds
[2022-11-01 22:48:24,555] {processor.py:153} INFO - Started process (PID=18590) to work on /home/nayara/Documentos/airflowalura/venv/lib/python3.9/site-packages/airflow/example_dags/example_external_task_marker_dag.py
[2022-11-01 22:48:24,581] {processor.py:641} INFO - Processing file /home/nayara/Documentos/airflowalura/venv/lib/python3.9/site-packages/airflow/example_dags/example_external_task_marker_dag.py for tasks to queue
[2022-11-01 22:48:24,583] {logging_mixin.py:115} INFO - [2022-11-01 22:48:24,582] {dagbag.py:507} INFO - Filling up the DagBag from /home/nayara/Documentos/airflowalura/venv/lib/python3.9/site-packages/airflow/example_dags/example_external_task_marker_dag.py
[2022-11-01 22:48:24,593] {processor.py:651} INFO - DAG(s) dict_keys(['example_external_task_marker_parent', 'example_external_task_marker_child']) retrieved from /home/nayara/Documentos/airflowalura/venv/lib/python3.9/site-packages/airflow/example_dags/example_external_task_marker_dag.py
[2022-11-01 22:48:24,655] {logging_mixin.py:115} INFO - [2022-11-01 22:48:24,655] {dag.py:2379} INFO - Sync 2 DAGs
[2022-11-01 22:48:24,690] {logging_mixin.py:115} INFO - [2022-11-01 22:48:24,690] {dag.py:2927} INFO - Setting next_dagrun for example_external_task_marker_child to None, run_after=None
[2022-11-01 22:48:24,691] {logging_mixin.py:115} INFO - [2022-11-01 22:48:24,691] {dag.py:2927} INFO - Setting next_dagrun for example_external_task_marker_parent to None, run_after=None
[2022-11-01 22:48:24,889] {processor.py:161} INFO - Processing /home/nayara/Documentos/airflowalura/venv/lib/python3.9/site-packages/airflow/example_dags/example_external_task_marker_dag.py took 0.342 seconds
[2022-11-01 22:49:22,013] {processor.py:153} INFO - Started process (PID=18703) to work on /home/nayara/Documentos/airflowalura/venv/lib/python3.9/site-packages/airflow/example_dags/example_external_task_marker_dag.py
[2022-11-01 22:49:22,045] {processor.py:641} INFO - Processing file /home/nayara/Documentos/airflowalura/venv/lib/python3.9/site-packages/airflow/example_dags/example_external_task_marker_dag.py for tasks to queue
[2022-11-01 22:49:22,048] {logging_mixin.py:115} INFO - [2022-11-01 22:49:22,047] {dagbag.py:507} INFO - Filling up the DagBag from /home/nayara/Documentos/airflowalura/venv/lib/python3.9/site-packages/airflow/example_dags/example_external_task_marker_dag.py
[2022-11-01 22:49:22,057] {processor.py:651} INFO - DAG(s) dict_keys(['example_external_task_marker_parent', 'example_external_task_marker_child']) retrieved from /home/nayara/Documentos/airflowalura/venv/lib/python3.9/site-packages/airflow/example_dags/example_external_task_marker_dag.py
[2022-11-01 22:49:22,117] {logging_mixin.py:115} INFO - [2022-11-01 22:49:22,116] {dag.py:2379} INFO - Sync 2 DAGs
[2022-11-01 22:49:22,155] {logging_mixin.py:115} INFO - [2022-11-01 22:49:22,155] {dag.py:2927} INFO - Setting next_dagrun for example_external_task_marker_child to None, run_after=None
[2022-11-01 22:49:22,159] {logging_mixin.py:115} INFO - [2022-11-01 22:49:22,158] {dag.py:2927} INFO - Setting next_dagrun for example_external_task_marker_parent to None, run_after=None
[2022-11-01 22:49:22,331] {processor.py:161} INFO - Processing /home/nayara/Documentos/airflowalura/venv/lib/python3.9/site-packages/airflow/example_dags/example_external_task_marker_dag.py took 0.326 seconds
[2022-11-01 22:50:18,378] {processor.py:153} INFO - Started process (PID=18805) to work on /home/nayara/Documentos/airflowalura/venv/lib/python3.9/site-packages/airflow/example_dags/example_external_task_marker_dag.py
[2022-11-01 22:50:18,407] {processor.py:641} INFO - Processing file /home/nayara/Documentos/airflowalura/venv/lib/python3.9/site-packages/airflow/example_dags/example_external_task_marker_dag.py for tasks to queue
[2022-11-01 22:50:18,410] {logging_mixin.py:115} INFO - [2022-11-01 22:50:18,410] {dagbag.py:507} INFO - Filling up the DagBag from /home/nayara/Documentos/airflowalura/venv/lib/python3.9/site-packages/airflow/example_dags/example_external_task_marker_dag.py
[2022-11-01 22:50:18,418] {processor.py:651} INFO - DAG(s) dict_keys(['example_external_task_marker_parent', 'example_external_task_marker_child']) retrieved from /home/nayara/Documentos/airflowalura/venv/lib/python3.9/site-packages/airflow/example_dags/example_external_task_marker_dag.py
[2022-11-01 22:50:18,511] {logging_mixin.py:115} INFO - [2022-11-01 22:50:18,511] {dag.py:2379} INFO - Sync 2 DAGs
[2022-11-01 22:50:18,550] {logging_mixin.py:115} INFO - [2022-11-01 22:50:18,550] {dag.py:2927} INFO - Setting next_dagrun for example_external_task_marker_child to None, run_after=None
[2022-11-01 22:50:18,551] {logging_mixin.py:115} INFO - [2022-11-01 22:50:18,551] {dag.py:2927} INFO - Setting next_dagrun for example_external_task_marker_parent to None, run_after=None
[2022-11-01 22:50:18,815] {processor.py:161} INFO - Processing /home/nayara/Documentos/airflowalura/venv/lib/python3.9/site-packages/airflow/example_dags/example_external_task_marker_dag.py took 0.443 seconds
[2022-11-01 22:51:22,465] {processor.py:153} INFO - Started process (PID=18928) to work on /home/nayara/Documentos/airflowalura/venv/lib/python3.9/site-packages/airflow/example_dags/example_external_task_marker_dag.py
[2022-11-01 22:51:22,481] {processor.py:641} INFO - Processing file /home/nayara/Documentos/airflowalura/venv/lib/python3.9/site-packages/airflow/example_dags/example_external_task_marker_dag.py for tasks to queue
[2022-11-01 22:51:22,483] {logging_mixin.py:115} INFO - [2022-11-01 22:51:22,483] {dagbag.py:507} INFO - Filling up the DagBag from /home/nayara/Documentos/airflowalura/venv/lib/python3.9/site-packages/airflow/example_dags/example_external_task_marker_dag.py
[2022-11-01 22:51:22,490] {processor.py:651} INFO - DAG(s) dict_keys(['example_external_task_marker_parent', 'example_external_task_marker_child']) retrieved from /home/nayara/Documentos/airflowalura/venv/lib/python3.9/site-packages/airflow/example_dags/example_external_task_marker_dag.py
[2022-11-01 22:51:22,547] {logging_mixin.py:115} INFO - [2022-11-01 22:51:22,547] {dag.py:2379} INFO - Sync 2 DAGs
[2022-11-01 22:51:22,587] {logging_mixin.py:115} INFO - [2022-11-01 22:51:22,587] {dag.py:2927} INFO - Setting next_dagrun for example_external_task_marker_child to None, run_after=None
[2022-11-01 22:51:22,588] {logging_mixin.py:115} INFO - [2022-11-01 22:51:22,588] {dag.py:2927} INFO - Setting next_dagrun for example_external_task_marker_parent to None, run_after=None
[2022-11-01 22:51:22,873] {processor.py:161} INFO - Processing /home/nayara/Documentos/airflowalura/venv/lib/python3.9/site-packages/airflow/example_dags/example_external_task_marker_dag.py took 0.414 seconds
[2022-11-01 22:52:55,120] {processor.py:153} INFO - Started process (PID=19133) to work on /home/nayara/Documentos/airflowalura/venv/lib/python3.9/site-packages/airflow/example_dags/example_external_task_marker_dag.py
[2022-11-01 22:52:55,210] {processor.py:641} INFO - Processing file /home/nayara/Documentos/airflowalura/venv/lib/python3.9/site-packages/airflow/example_dags/example_external_task_marker_dag.py for tasks to queue
[2022-11-01 22:52:55,211] {logging_mixin.py:115} INFO - [2022-11-01 22:52:55,211] {dagbag.py:507} INFO - Filling up the DagBag from /home/nayara/Documentos/airflowalura/venv/lib/python3.9/site-packages/airflow/example_dags/example_external_task_marker_dag.py
[2022-11-01 22:52:55,219] {processor.py:651} INFO - DAG(s) dict_keys(['example_external_task_marker_parent', 'example_external_task_marker_child']) retrieved from /home/nayara/Documentos/airflowalura/venv/lib/python3.9/site-packages/airflow/example_dags/example_external_task_marker_dag.py
[2022-11-01 22:52:55,452] {logging_mixin.py:115} INFO - [2022-11-01 22:52:55,452] {dag.py:2379} INFO - Sync 2 DAGs
[2022-11-01 22:52:55,478] {logging_mixin.py:115} INFO - [2022-11-01 22:52:55,478] {dag.py:2927} INFO - Setting next_dagrun for example_external_task_marker_child to None, run_after=None
[2022-11-01 22:52:55,478] {logging_mixin.py:115} INFO - [2022-11-01 22:52:55,478] {dag.py:2927} INFO - Setting next_dagrun for example_external_task_marker_parent to None, run_after=None
[2022-11-01 22:52:55,919] {processor.py:161} INFO - Processing /home/nayara/Documentos/airflowalura/venv/lib/python3.9/site-packages/airflow/example_dags/example_external_task_marker_dag.py took 0.805 seconds
[2022-11-01 22:53:56,983] {processor.py:153} INFO - Started process (PID=19249) to work on /home/nayara/Documentos/airflowalura/venv/lib/python3.9/site-packages/airflow/example_dags/example_external_task_marker_dag.py
[2022-11-01 22:53:57,005] {processor.py:641} INFO - Processing file /home/nayara/Documentos/airflowalura/venv/lib/python3.9/site-packages/airflow/example_dags/example_external_task_marker_dag.py for tasks to queue
[2022-11-01 22:53:57,007] {logging_mixin.py:115} INFO - [2022-11-01 22:53:57,006] {dagbag.py:507} INFO - Filling up the DagBag from /home/nayara/Documentos/airflowalura/venv/lib/python3.9/site-packages/airflow/example_dags/example_external_task_marker_dag.py
[2022-11-01 22:53:57,016] {processor.py:651} INFO - DAG(s) dict_keys(['example_external_task_marker_parent', 'example_external_task_marker_child']) retrieved from /home/nayara/Documentos/airflowalura/venv/lib/python3.9/site-packages/airflow/example_dags/example_external_task_marker_dag.py
[2022-11-01 22:53:57,058] {logging_mixin.py:115} INFO - [2022-11-01 22:53:57,058] {dag.py:2379} INFO - Sync 2 DAGs
[2022-11-01 22:53:57,079] {logging_mixin.py:115} INFO - [2022-11-01 22:53:57,078] {dag.py:2927} INFO - Setting next_dagrun for example_external_task_marker_child to None, run_after=None
[2022-11-01 22:53:57,079] {logging_mixin.py:115} INFO - [2022-11-01 22:53:57,079] {dag.py:2927} INFO - Setting next_dagrun for example_external_task_marker_parent to None, run_after=None
[2022-11-01 22:53:57,333] {processor.py:161} INFO - Processing /home/nayara/Documentos/airflowalura/venv/lib/python3.9/site-packages/airflow/example_dags/example_external_task_marker_dag.py took 0.355 seconds
[2022-11-01 22:55:05,537] {processor.py:153} INFO - Started process (PID=19425) to work on /home/nayara/Documentos/airflowalura/venv/lib/python3.9/site-packages/airflow/example_dags/example_external_task_marker_dag.py
[2022-11-01 22:55:05,569] {processor.py:641} INFO - Processing file /home/nayara/Documentos/airflowalura/venv/lib/python3.9/site-packages/airflow/example_dags/example_external_task_marker_dag.py for tasks to queue
[2022-11-01 22:55:05,571] {logging_mixin.py:115} INFO - [2022-11-01 22:55:05,571] {dagbag.py:507} INFO - Filling up the DagBag from /home/nayara/Documentos/airflowalura/venv/lib/python3.9/site-packages/airflow/example_dags/example_external_task_marker_dag.py
[2022-11-01 22:55:05,590] {processor.py:651} INFO - DAG(s) dict_keys(['example_external_task_marker_parent', 'example_external_task_marker_child']) retrieved from /home/nayara/Documentos/airflowalura/venv/lib/python3.9/site-packages/airflow/example_dags/example_external_task_marker_dag.py
[2022-11-01 22:55:05,636] {logging_mixin.py:115} INFO - [2022-11-01 22:55:05,636] {dag.py:2379} INFO - Sync 2 DAGs
[2022-11-01 22:55:05,656] {logging_mixin.py:115} INFO - [2022-11-01 22:55:05,656] {dag.py:2927} INFO - Setting next_dagrun for example_external_task_marker_child to None, run_after=None
[2022-11-01 22:55:05,656] {logging_mixin.py:115} INFO - [2022-11-01 22:55:05,656] {dag.py:2927} INFO - Setting next_dagrun for example_external_task_marker_parent to None, run_after=None
[2022-11-01 22:55:06,253] {processor.py:161} INFO - Processing /home/nayara/Documentos/airflowalura/venv/lib/python3.9/site-packages/airflow/example_dags/example_external_task_marker_dag.py took 0.730 seconds
[2022-11-01 22:56:14,470] {processor.py:153} INFO - Started process (PID=19561) to work on /home/nayara/Documentos/airflowalura/venv/lib/python3.9/site-packages/airflow/example_dags/example_external_task_marker_dag.py
[2022-11-01 22:56:14,478] {processor.py:641} INFO - Processing file /home/nayara/Documentos/airflowalura/venv/lib/python3.9/site-packages/airflow/example_dags/example_external_task_marker_dag.py for tasks to queue
[2022-11-01 22:56:14,479] {logging_mixin.py:115} INFO - [2022-11-01 22:56:14,479] {dagbag.py:507} INFO - Filling up the DagBag from /home/nayara/Documentos/airflowalura/venv/lib/python3.9/site-packages/airflow/example_dags/example_external_task_marker_dag.py
[2022-11-01 22:56:14,487] {processor.py:651} INFO - DAG(s) dict_keys(['example_external_task_marker_parent', 'example_external_task_marker_child']) retrieved from /home/nayara/Documentos/airflowalura/venv/lib/python3.9/site-packages/airflow/example_dags/example_external_task_marker_dag.py
[2022-11-01 22:56:14,517] {logging_mixin.py:115} INFO - [2022-11-01 22:56:14,517] {dag.py:2379} INFO - Sync 2 DAGs
[2022-11-01 22:56:14,534] {logging_mixin.py:115} INFO - [2022-11-01 22:56:14,534] {dag.py:2927} INFO - Setting next_dagrun for example_external_task_marker_child to None, run_after=None
[2022-11-01 22:56:14,535] {logging_mixin.py:115} INFO - [2022-11-01 22:56:14,535] {dag.py:2927} INFO - Setting next_dagrun for example_external_task_marker_parent to None, run_after=None
[2022-11-01 22:56:14,806] {processor.py:161} INFO - Processing /home/nayara/Documentos/airflowalura/venv/lib/python3.9/site-packages/airflow/example_dags/example_external_task_marker_dag.py took 0.347 seconds
[2022-11-01 22:57:38,808] {processor.py:153} INFO - Started process (PID=19776) to work on /home/nayara/Documentos/airflowalura/venv/lib/python3.9/site-packages/airflow/example_dags/example_external_task_marker_dag.py
[2022-11-01 22:57:38,983] {processor.py:641} INFO - Processing file /home/nayara/Documentos/airflowalura/venv/lib/python3.9/site-packages/airflow/example_dags/example_external_task_marker_dag.py for tasks to queue
[2022-11-01 22:57:38,986] {logging_mixin.py:115} INFO - [2022-11-01 22:57:38,985] {dagbag.py:507} INFO - Filling up the DagBag from /home/nayara/Documentos/airflowalura/venv/lib/python3.9/site-packages/airflow/example_dags/example_external_task_marker_dag.py
[2022-11-01 22:57:39,006] {processor.py:651} INFO - DAG(s) dict_keys(['example_external_task_marker_parent', 'example_external_task_marker_child']) retrieved from /home/nayara/Documentos/airflowalura/venv/lib/python3.9/site-packages/airflow/example_dags/example_external_task_marker_dag.py
[2022-11-01 22:57:39,289] {logging_mixin.py:115} INFO - [2022-11-01 22:57:39,289] {dag.py:2379} INFO - Sync 2 DAGs
[2022-11-01 22:57:39,314] {logging_mixin.py:115} INFO - [2022-11-01 22:57:39,314] {dag.py:2927} INFO - Setting next_dagrun for example_external_task_marker_child to None, run_after=None
[2022-11-01 22:57:39,315] {logging_mixin.py:115} INFO - [2022-11-01 22:57:39,314] {dag.py:2927} INFO - Setting next_dagrun for example_external_task_marker_parent to None, run_after=None
[2022-11-01 22:57:40,595] {processor.py:161} INFO - Processing /home/nayara/Documentos/airflowalura/venv/lib/python3.9/site-packages/airflow/example_dags/example_external_task_marker_dag.py took 1.790 seconds
[2022-11-01 22:58:36,047] {processor.py:153} INFO - Started process (PID=19901) to work on /home/nayara/Documentos/airflowalura/venv/lib/python3.9/site-packages/airflow/example_dags/example_external_task_marker_dag.py
[2022-11-01 22:58:36,131] {processor.py:641} INFO - Processing file /home/nayara/Documentos/airflowalura/venv/lib/python3.9/site-packages/airflow/example_dags/example_external_task_marker_dag.py for tasks to queue
[2022-11-01 22:58:36,133] {logging_mixin.py:115} INFO - [2022-11-01 22:58:36,133] {dagbag.py:507} INFO - Filling up the DagBag from /home/nayara/Documentos/airflowalura/venv/lib/python3.9/site-packages/airflow/example_dags/example_external_task_marker_dag.py
[2022-11-01 22:58:36,151] {processor.py:651} INFO - DAG(s) dict_keys(['example_external_task_marker_parent', 'example_external_task_marker_child']) retrieved from /home/nayara/Documentos/airflowalura/venv/lib/python3.9/site-packages/airflow/example_dags/example_external_task_marker_dag.py
[2022-11-01 22:58:36,184] {logging_mixin.py:115} INFO - [2022-11-01 22:58:36,184] {dag.py:2379} INFO - Sync 2 DAGs
[2022-11-01 22:58:36,204] {logging_mixin.py:115} INFO - [2022-11-01 22:58:36,204] {dag.py:2927} INFO - Setting next_dagrun for example_external_task_marker_child to None, run_after=None
[2022-11-01 22:58:36,205] {logging_mixin.py:115} INFO - [2022-11-01 22:58:36,204] {dag.py:2927} INFO - Setting next_dagrun for example_external_task_marker_parent to None, run_after=None
[2022-11-01 22:58:36,458] {processor.py:161} INFO - Processing /home/nayara/Documentos/airflowalura/venv/lib/python3.9/site-packages/airflow/example_dags/example_external_task_marker_dag.py took 0.421 seconds
[2022-11-01 22:59:51,413] {processor.py:153} INFO - Started process (PID=20068) to work on /home/nayara/Documentos/airflowalura/venv/lib/python3.9/site-packages/airflow/example_dags/example_external_task_marker_dag.py
[2022-11-01 22:59:51,435] {processor.py:641} INFO - Processing file /home/nayara/Documentos/airflowalura/venv/lib/python3.9/site-packages/airflow/example_dags/example_external_task_marker_dag.py for tasks to queue
[2022-11-01 22:59:51,436] {logging_mixin.py:115} INFO - [2022-11-01 22:59:51,436] {dagbag.py:507} INFO - Filling up the DagBag from /home/nayara/Documentos/airflowalura/venv/lib/python3.9/site-packages/airflow/example_dags/example_external_task_marker_dag.py
[2022-11-01 22:59:51,445] {processor.py:651} INFO - DAG(s) dict_keys(['example_external_task_marker_parent', 'example_external_task_marker_child']) retrieved from /home/nayara/Documentos/airflowalura/venv/lib/python3.9/site-packages/airflow/example_dags/example_external_task_marker_dag.py
[2022-11-01 22:59:51,506] {logging_mixin.py:115} INFO - [2022-11-01 22:59:51,506] {dag.py:2379} INFO - Sync 2 DAGs
[2022-11-01 22:59:51,534] {logging_mixin.py:115} INFO - [2022-11-01 22:59:51,534] {dag.py:2927} INFO - Setting next_dagrun for example_external_task_marker_child to None, run_after=None
[2022-11-01 22:59:51,535] {logging_mixin.py:115} INFO - [2022-11-01 22:59:51,535] {dag.py:2927} INFO - Setting next_dagrun for example_external_task_marker_parent to None, run_after=None
[2022-11-01 22:59:51,921] {processor.py:161} INFO - Processing /home/nayara/Documentos/airflowalura/venv/lib/python3.9/site-packages/airflow/example_dags/example_external_task_marker_dag.py took 0.517 seconds
[2022-11-01 23:00:46,115] {processor.py:153} INFO - Started process (PID=20162) to work on /home/nayara/Documentos/airflowalura/venv/lib/python3.9/site-packages/airflow/example_dags/example_external_task_marker_dag.py
[2022-11-01 23:00:46,126] {processor.py:641} INFO - Processing file /home/nayara/Documentos/airflowalura/venv/lib/python3.9/site-packages/airflow/example_dags/example_external_task_marker_dag.py for tasks to queue
[2022-11-01 23:00:46,129] {logging_mixin.py:115} INFO - [2022-11-01 23:00:46,128] {dagbag.py:507} INFO - Filling up the DagBag from /home/nayara/Documentos/airflowalura/venv/lib/python3.9/site-packages/airflow/example_dags/example_external_task_marker_dag.py
[2022-11-01 23:00:46,143] {processor.py:651} INFO - DAG(s) dict_keys(['example_external_task_marker_parent', 'example_external_task_marker_child']) retrieved from /home/nayara/Documentos/airflowalura/venv/lib/python3.9/site-packages/airflow/example_dags/example_external_task_marker_dag.py
[2022-11-01 23:00:46,175] {logging_mixin.py:115} INFO - [2022-11-01 23:00:46,175] {dag.py:2379} INFO - Sync 2 DAGs
[2022-11-01 23:00:46,192] {logging_mixin.py:115} INFO - [2022-11-01 23:00:46,192] {dag.py:2927} INFO - Setting next_dagrun for example_external_task_marker_child to None, run_after=None
[2022-11-01 23:00:46,192] {logging_mixin.py:115} INFO - [2022-11-01 23:00:46,192] {dag.py:2927} INFO - Setting next_dagrun for example_external_task_marker_parent to None, run_after=None
[2022-11-01 23:00:46,442] {processor.py:161} INFO - Processing /home/nayara/Documentos/airflowalura/venv/lib/python3.9/site-packages/airflow/example_dags/example_external_task_marker_dag.py took 0.338 seconds
[2022-11-01 23:01:39,144] {processor.py:153} INFO - Started process (PID=20272) to work on /home/nayara/Documentos/airflowalura/venv/lib/python3.9/site-packages/airflow/example_dags/example_external_task_marker_dag.py
[2022-11-01 23:01:39,161] {processor.py:641} INFO - Processing file /home/nayara/Documentos/airflowalura/venv/lib/python3.9/site-packages/airflow/example_dags/example_external_task_marker_dag.py for tasks to queue
[2022-11-01 23:01:39,162] {logging_mixin.py:115} INFO - [2022-11-01 23:01:39,162] {dagbag.py:507} INFO - Filling up the DagBag from /home/nayara/Documentos/airflowalura/venv/lib/python3.9/site-packages/airflow/example_dags/example_external_task_marker_dag.py
[2022-11-01 23:01:39,168] {processor.py:651} INFO - DAG(s) dict_keys(['example_external_task_marker_parent', 'example_external_task_marker_child']) retrieved from /home/nayara/Documentos/airflowalura/venv/lib/python3.9/site-packages/airflow/example_dags/example_external_task_marker_dag.py
[2022-11-01 23:01:39,198] {logging_mixin.py:115} INFO - [2022-11-01 23:01:39,198] {dag.py:2379} INFO - Sync 2 DAGs
[2022-11-01 23:01:39,215] {logging_mixin.py:115} INFO - [2022-11-01 23:01:39,215] {dag.py:2927} INFO - Setting next_dagrun for example_external_task_marker_child to None, run_after=None
[2022-11-01 23:01:39,216] {logging_mixin.py:115} INFO - [2022-11-01 23:01:39,216] {dag.py:2927} INFO - Setting next_dagrun for example_external_task_marker_parent to None, run_after=None
[2022-11-01 23:01:39,455] {processor.py:161} INFO - Processing /home/nayara/Documentos/airflowalura/venv/lib/python3.9/site-packages/airflow/example_dags/example_external_task_marker_dag.py took 0.318 seconds
[2022-11-01 23:03:00,964] {processor.py:153} INFO - Started process (PID=20474) to work on /home/nayara/Documentos/airflowalura/venv/lib/python3.9/site-packages/airflow/example_dags/example_external_task_marker_dag.py
[2022-11-01 23:03:01,064] {processor.py:641} INFO - Processing file /home/nayara/Documentos/airflowalura/venv/lib/python3.9/site-packages/airflow/example_dags/example_external_task_marker_dag.py for tasks to queue
[2022-11-01 23:03:01,065] {logging_mixin.py:115} INFO - [2022-11-01 23:03:01,065] {dagbag.py:507} INFO - Filling up the DagBag from /home/nayara/Documentos/airflowalura/venv/lib/python3.9/site-packages/airflow/example_dags/example_external_task_marker_dag.py
[2022-11-01 23:03:01,078] {processor.py:651} INFO - DAG(s) dict_keys(['example_external_task_marker_parent', 'example_external_task_marker_child']) retrieved from /home/nayara/Documentos/airflowalura/venv/lib/python3.9/site-packages/airflow/example_dags/example_external_task_marker_dag.py
[2022-11-01 23:03:01,595] {logging_mixin.py:115} INFO - [2022-11-01 23:03:01,595] {dag.py:2379} INFO - Sync 2 DAGs
[2022-11-01 23:03:01,631] {logging_mixin.py:115} INFO - [2022-11-01 23:03:01,631] {dag.py:2927} INFO - Setting next_dagrun for example_external_task_marker_child to None, run_after=None
[2022-11-01 23:03:01,631] {logging_mixin.py:115} INFO - [2022-11-01 23:03:01,631] {dag.py:2927} INFO - Setting next_dagrun for example_external_task_marker_parent to None, run_after=None
[2022-11-01 23:03:02,869] {processor.py:161} INFO - Processing /home/nayara/Documentos/airflowalura/venv/lib/python3.9/site-packages/airflow/example_dags/example_external_task_marker_dag.py took 1.917 seconds
[2022-11-01 23:04:36,544] {processor.py:153} INFO - Started process (PID=20672) to work on /home/nayara/Documentos/airflowalura/venv/lib/python3.9/site-packages/airflow/example_dags/example_external_task_marker_dag.py
[2022-11-01 23:04:36,554] {processor.py:641} INFO - Processing file /home/nayara/Documentos/airflowalura/venv/lib/python3.9/site-packages/airflow/example_dags/example_external_task_marker_dag.py for tasks to queue
[2022-11-01 23:04:36,555] {logging_mixin.py:115} INFO - [2022-11-01 23:04:36,555] {dagbag.py:507} INFO - Filling up the DagBag from /home/nayara/Documentos/airflowalura/venv/lib/python3.9/site-packages/airflow/example_dags/example_external_task_marker_dag.py
[2022-11-01 23:04:36,566] {processor.py:651} INFO - DAG(s) dict_keys(['example_external_task_marker_parent', 'example_external_task_marker_child']) retrieved from /home/nayara/Documentos/airflowalura/venv/lib/python3.9/site-packages/airflow/example_dags/example_external_task_marker_dag.py
[2022-11-01 23:04:36,611] {logging_mixin.py:115} INFO - [2022-11-01 23:04:36,611] {dag.py:2379} INFO - Sync 2 DAGs
[2022-11-01 23:04:36,634] {logging_mixin.py:115} INFO - [2022-11-01 23:04:36,633] {dag.py:2927} INFO - Setting next_dagrun for example_external_task_marker_child to None, run_after=None
[2022-11-01 23:04:36,634] {logging_mixin.py:115} INFO - [2022-11-01 23:04:36,634] {dag.py:2927} INFO - Setting next_dagrun for example_external_task_marker_parent to None, run_after=None
[2022-11-01 23:04:36,877] {processor.py:161} INFO - Processing /home/nayara/Documentos/airflowalura/venv/lib/python3.9/site-packages/airflow/example_dags/example_external_task_marker_dag.py took 0.341 seconds
[2022-11-01 23:05:30,836] {processor.py:153} INFO - Started process (PID=20773) to work on /home/nayara/Documentos/airflowalura/venv/lib/python3.9/site-packages/airflow/example_dags/example_external_task_marker_dag.py
[2022-11-01 23:05:30,839] {processor.py:641} INFO - Processing file /home/nayara/Documentos/airflowalura/venv/lib/python3.9/site-packages/airflow/example_dags/example_external_task_marker_dag.py for tasks to queue
[2022-11-01 23:05:30,840] {logging_mixin.py:115} INFO - [2022-11-01 23:05:30,840] {dagbag.py:507} INFO - Filling up the DagBag from /home/nayara/Documentos/airflowalura/venv/lib/python3.9/site-packages/airflow/example_dags/example_external_task_marker_dag.py
[2022-11-01 23:05:30,854] {processor.py:651} INFO - DAG(s) dict_keys(['example_external_task_marker_parent', 'example_external_task_marker_child']) retrieved from /home/nayara/Documentos/airflowalura/venv/lib/python3.9/site-packages/airflow/example_dags/example_external_task_marker_dag.py
[2022-11-01 23:05:30,892] {logging_mixin.py:115} INFO - [2022-11-01 23:05:30,891] {dag.py:2379} INFO - Sync 2 DAGs
[2022-11-01 23:05:30,918] {logging_mixin.py:115} INFO - [2022-11-01 23:05:30,918] {dag.py:2927} INFO - Setting next_dagrun for example_external_task_marker_child to None, run_after=None
[2022-11-01 23:05:30,919] {logging_mixin.py:115} INFO - [2022-11-01 23:05:30,919] {dag.py:2927} INFO - Setting next_dagrun for example_external_task_marker_parent to None, run_after=None
[2022-11-01 23:05:31,153] {processor.py:161} INFO - Processing /home/nayara/Documentos/airflowalura/venv/lib/python3.9/site-packages/airflow/example_dags/example_external_task_marker_dag.py took 0.334 seconds
[2022-11-01 23:06:49,712] {processor.py:153} INFO - Started process (PID=20975) to work on /home/nayara/Documentos/airflowalura/venv/lib/python3.9/site-packages/airflow/example_dags/example_external_task_marker_dag.py
[2022-11-01 23:06:49,728] {processor.py:641} INFO - Processing file /home/nayara/Documentos/airflowalura/venv/lib/python3.9/site-packages/airflow/example_dags/example_external_task_marker_dag.py for tasks to queue
[2022-11-01 23:06:49,732] {logging_mixin.py:115} INFO - [2022-11-01 23:06:49,731] {dagbag.py:507} INFO - Filling up the DagBag from /home/nayara/Documentos/airflowalura/venv/lib/python3.9/site-packages/airflow/example_dags/example_external_task_marker_dag.py
[2022-11-01 23:06:49,751] {processor.py:651} INFO - DAG(s) dict_keys(['example_external_task_marker_parent', 'example_external_task_marker_child']) retrieved from /home/nayara/Documentos/airflowalura/venv/lib/python3.9/site-packages/airflow/example_dags/example_external_task_marker_dag.py
[2022-11-01 23:06:49,804] {logging_mixin.py:115} INFO - [2022-11-01 23:06:49,804] {dag.py:2379} INFO - Sync 2 DAGs
[2022-11-01 23:06:49,831] {logging_mixin.py:115} INFO - [2022-11-01 23:06:49,831] {dag.py:2927} INFO - Setting next_dagrun for example_external_task_marker_child to None, run_after=None
[2022-11-01 23:06:49,832] {logging_mixin.py:115} INFO - [2022-11-01 23:06:49,832] {dag.py:2927} INFO - Setting next_dagrun for example_external_task_marker_parent to None, run_after=None
[2022-11-01 23:06:50,148] {processor.py:161} INFO - Processing /home/nayara/Documentos/airflowalura/venv/lib/python3.9/site-packages/airflow/example_dags/example_external_task_marker_dag.py took 0.455 seconds
[2022-11-01 23:07:48,318] {processor.py:153} INFO - Started process (PID=21098) to work on /home/nayara/Documentos/airflowalura/venv/lib/python3.9/site-packages/airflow/example_dags/example_external_task_marker_dag.py
[2022-11-01 23:07:48,337] {processor.py:641} INFO - Processing file /home/nayara/Documentos/airflowalura/venv/lib/python3.9/site-packages/airflow/example_dags/example_external_task_marker_dag.py for tasks to queue
[2022-11-01 23:07:48,338] {logging_mixin.py:115} INFO - [2022-11-01 23:07:48,338] {dagbag.py:507} INFO - Filling up the DagBag from /home/nayara/Documentos/airflowalura/venv/lib/python3.9/site-packages/airflow/example_dags/example_external_task_marker_dag.py
[2022-11-01 23:07:48,349] {processor.py:651} INFO - DAG(s) dict_keys(['example_external_task_marker_parent', 'example_external_task_marker_child']) retrieved from /home/nayara/Documentos/airflowalura/venv/lib/python3.9/site-packages/airflow/example_dags/example_external_task_marker_dag.py
[2022-11-01 23:07:48,383] {logging_mixin.py:115} INFO - [2022-11-01 23:07:48,383] {dag.py:2379} INFO - Sync 2 DAGs
[2022-11-01 23:07:48,400] {logging_mixin.py:115} INFO - [2022-11-01 23:07:48,400] {dag.py:2927} INFO - Setting next_dagrun for example_external_task_marker_child to None, run_after=None
[2022-11-01 23:07:48,401] {logging_mixin.py:115} INFO - [2022-11-01 23:07:48,400] {dag.py:2927} INFO - Setting next_dagrun for example_external_task_marker_parent to None, run_after=None
[2022-11-01 23:07:48,737] {processor.py:161} INFO - Processing /home/nayara/Documentos/airflowalura/venv/lib/python3.9/site-packages/airflow/example_dags/example_external_task_marker_dag.py took 0.432 seconds
[2022-11-01 23:08:50,241] {processor.py:153} INFO - Started process (PID=21214) to work on /home/nayara/Documentos/airflowalura/venv/lib/python3.9/site-packages/airflow/example_dags/example_external_task_marker_dag.py
[2022-11-01 23:08:50,246] {processor.py:641} INFO - Processing file /home/nayara/Documentos/airflowalura/venv/lib/python3.9/site-packages/airflow/example_dags/example_external_task_marker_dag.py for tasks to queue
[2022-11-01 23:08:50,251] {logging_mixin.py:115} INFO - [2022-11-01 23:08:50,250] {dagbag.py:507} INFO - Filling up the DagBag from /home/nayara/Documentos/airflowalura/venv/lib/python3.9/site-packages/airflow/example_dags/example_external_task_marker_dag.py
[2022-11-01 23:08:50,267] {processor.py:651} INFO - DAG(s) dict_keys(['example_external_task_marker_parent', 'example_external_task_marker_child']) retrieved from /home/nayara/Documentos/airflowalura/venv/lib/python3.9/site-packages/airflow/example_dags/example_external_task_marker_dag.py
[2022-11-01 23:08:50,312] {logging_mixin.py:115} INFO - [2022-11-01 23:08:50,312] {dag.py:2379} INFO - Sync 2 DAGs
[2022-11-01 23:08:50,334] {logging_mixin.py:115} INFO - [2022-11-01 23:08:50,334] {dag.py:2927} INFO - Setting next_dagrun for example_external_task_marker_child to None, run_after=None
[2022-11-01 23:08:50,335] {logging_mixin.py:115} INFO - [2022-11-01 23:08:50,335] {dag.py:2927} INFO - Setting next_dagrun for example_external_task_marker_parent to None, run_after=None
[2022-11-01 23:08:50,756] {processor.py:161} INFO - Processing /home/nayara/Documentos/airflowalura/venv/lib/python3.9/site-packages/airflow/example_dags/example_external_task_marker_dag.py took 0.534 seconds
[2022-11-01 23:10:20,589] {processor.py:153} INFO - Started process (PID=21483) to work on /home/nayara/Documentos/airflowalura/venv/lib/python3.9/site-packages/airflow/example_dags/example_external_task_marker_dag.py
[2022-11-01 23:10:20,675] {processor.py:641} INFO - Processing file /home/nayara/Documentos/airflowalura/venv/lib/python3.9/site-packages/airflow/example_dags/example_external_task_marker_dag.py for tasks to queue
[2022-11-01 23:10:20,677] {logging_mixin.py:115} INFO - [2022-11-01 23:10:20,677] {dagbag.py:507} INFO - Filling up the DagBag from /home/nayara/Documentos/airflowalura/venv/lib/python3.9/site-packages/airflow/example_dags/example_external_task_marker_dag.py
[2022-11-01 23:10:20,705] {processor.py:651} INFO - DAG(s) dict_keys(['example_external_task_marker_parent', 'example_external_task_marker_child']) retrieved from /home/nayara/Documentos/airflowalura/venv/lib/python3.9/site-packages/airflow/example_dags/example_external_task_marker_dag.py
[2022-11-01 23:10:20,803] {logging_mixin.py:115} INFO - [2022-11-01 23:10:20,803] {dag.py:2379} INFO - Sync 2 DAGs
[2022-11-01 23:10:20,828] {logging_mixin.py:115} INFO - [2022-11-01 23:10:20,828] {dag.py:2927} INFO - Setting next_dagrun for example_external_task_marker_child to None, run_after=None
[2022-11-01 23:10:20,829] {logging_mixin.py:115} INFO - [2022-11-01 23:10:20,829] {dag.py:2927} INFO - Setting next_dagrun for example_external_task_marker_parent to None, run_after=None
[2022-11-01 23:10:21,749] {processor.py:161} INFO - Processing /home/nayara/Documentos/airflowalura/venv/lib/python3.9/site-packages/airflow/example_dags/example_external_task_marker_dag.py took 1.180 seconds
[2022-11-01 23:11:54,213] {processor.py:153} INFO - Started process (PID=21734) to work on /home/nayara/Documentos/airflowalura/venv/lib/python3.9/site-packages/airflow/example_dags/example_external_task_marker_dag.py
[2022-11-01 23:11:54,231] {processor.py:641} INFO - Processing file /home/nayara/Documentos/airflowalura/venv/lib/python3.9/site-packages/airflow/example_dags/example_external_task_marker_dag.py for tasks to queue
[2022-11-01 23:11:54,233] {logging_mixin.py:115} INFO - [2022-11-01 23:11:54,233] {dagbag.py:507} INFO - Filling up the DagBag from /home/nayara/Documentos/airflowalura/venv/lib/python3.9/site-packages/airflow/example_dags/example_external_task_marker_dag.py
[2022-11-01 23:11:54,248] {processor.py:651} INFO - DAG(s) dict_keys(['example_external_task_marker_parent', 'example_external_task_marker_child']) retrieved from /home/nayara/Documentos/airflowalura/venv/lib/python3.9/site-packages/airflow/example_dags/example_external_task_marker_dag.py
[2022-11-01 23:11:56,340] {logging_mixin.py:115} INFO - [2022-11-01 23:11:56,340] {dag.py:2379} INFO - Sync 2 DAGs
[2022-11-01 23:11:56,373] {logging_mixin.py:115} INFO - [2022-11-01 23:11:56,373] {dag.py:2927} INFO - Setting next_dagrun for example_external_task_marker_child to None, run_after=None
[2022-11-01 23:11:56,373] {logging_mixin.py:115} INFO - [2022-11-01 23:11:56,373] {dag.py:2927} INFO - Setting next_dagrun for example_external_task_marker_parent to None, run_after=None
[2022-11-01 23:11:56,778] {processor.py:161} INFO - Processing /home/nayara/Documentos/airflowalura/venv/lib/python3.9/site-packages/airflow/example_dags/example_external_task_marker_dag.py took 2.585 seconds
[2022-11-01 23:13:14,888] {processor.py:153} INFO - Started process (PID=21889) to work on /home/nayara/Documentos/airflowalura/venv/lib/python3.9/site-packages/airflow/example_dags/example_external_task_marker_dag.py
[2022-11-01 23:13:14,893] {processor.py:641} INFO - Processing file /home/nayara/Documentos/airflowalura/venv/lib/python3.9/site-packages/airflow/example_dags/example_external_task_marker_dag.py for tasks to queue
[2022-11-01 23:13:14,896] {logging_mixin.py:115} INFO - [2022-11-01 23:13:14,896] {dagbag.py:507} INFO - Filling up the DagBag from /home/nayara/Documentos/airflowalura/venv/lib/python3.9/site-packages/airflow/example_dags/example_external_task_marker_dag.py
[2022-11-01 23:13:14,915] {processor.py:651} INFO - DAG(s) dict_keys(['example_external_task_marker_parent', 'example_external_task_marker_child']) retrieved from /home/nayara/Documentos/airflowalura/venv/lib/python3.9/site-packages/airflow/example_dags/example_external_task_marker_dag.py
[2022-11-01 23:13:14,953] {logging_mixin.py:115} INFO - [2022-11-01 23:13:14,953] {dag.py:2379} INFO - Sync 2 DAGs
[2022-11-01 23:13:14,977] {logging_mixin.py:115} INFO - [2022-11-01 23:13:14,977] {dag.py:2927} INFO - Setting next_dagrun for example_external_task_marker_child to None, run_after=None
[2022-11-01 23:13:14,977] {logging_mixin.py:115} INFO - [2022-11-01 23:13:14,977] {dag.py:2927} INFO - Setting next_dagrun for example_external_task_marker_parent to None, run_after=None
[2022-11-01 23:13:15,357] {processor.py:161} INFO - Processing /home/nayara/Documentos/airflowalura/venv/lib/python3.9/site-packages/airflow/example_dags/example_external_task_marker_dag.py took 0.486 seconds
[2022-11-01 23:14:26,872] {processor.py:153} INFO - Started process (PID=22090) to work on /home/nayara/Documentos/airflowalura/venv/lib/python3.9/site-packages/airflow/example_dags/example_external_task_marker_dag.py
[2022-11-01 23:14:26,986] {processor.py:641} INFO - Processing file /home/nayara/Documentos/airflowalura/venv/lib/python3.9/site-packages/airflow/example_dags/example_external_task_marker_dag.py for tasks to queue
[2022-11-01 23:14:26,990] {logging_mixin.py:115} INFO - [2022-11-01 23:14:26,989] {dagbag.py:507} INFO - Filling up the DagBag from /home/nayara/Documentos/airflowalura/venv/lib/python3.9/site-packages/airflow/example_dags/example_external_task_marker_dag.py
[2022-11-01 23:14:27,008] {processor.py:651} INFO - DAG(s) dict_keys(['example_external_task_marker_parent', 'example_external_task_marker_child']) retrieved from /home/nayara/Documentos/airflowalura/venv/lib/python3.9/site-packages/airflow/example_dags/example_external_task_marker_dag.py
[2022-11-01 23:14:27,193] {logging_mixin.py:115} INFO - [2022-11-01 23:14:27,193] {dag.py:2379} INFO - Sync 2 DAGs
[2022-11-01 23:14:27,214] {logging_mixin.py:115} INFO - [2022-11-01 23:14:27,214] {dag.py:2927} INFO - Setting next_dagrun for example_external_task_marker_child to None, run_after=None
[2022-11-01 23:14:27,214] {logging_mixin.py:115} INFO - [2022-11-01 23:14:27,214] {dag.py:2927} INFO - Setting next_dagrun for example_external_task_marker_parent to None, run_after=None
[2022-11-01 23:14:27,540] {processor.py:161} INFO - Processing /home/nayara/Documentos/airflowalura/venv/lib/python3.9/site-packages/airflow/example_dags/example_external_task_marker_dag.py took 0.671 seconds
[2022-11-01 23:15:28,658] {processor.py:153} INFO - Started process (PID=22233) to work on /home/nayara/Documentos/airflowalura/venv/lib/python3.9/site-packages/airflow/example_dags/example_external_task_marker_dag.py
[2022-11-01 23:15:28,742] {processor.py:641} INFO - Processing file /home/nayara/Documentos/airflowalura/venv/lib/python3.9/site-packages/airflow/example_dags/example_external_task_marker_dag.py for tasks to queue
[2022-11-01 23:15:28,745] {logging_mixin.py:115} INFO - [2022-11-01 23:15:28,744] {dagbag.py:507} INFO - Filling up the DagBag from /home/nayara/Documentos/airflowalura/venv/lib/python3.9/site-packages/airflow/example_dags/example_external_task_marker_dag.py
[2022-11-01 23:15:28,768] {processor.py:651} INFO - DAG(s) dict_keys(['example_external_task_marker_parent', 'example_external_task_marker_child']) retrieved from /home/nayara/Documentos/airflowalura/venv/lib/python3.9/site-packages/airflow/example_dags/example_external_task_marker_dag.py
[2022-11-01 23:15:28,817] {logging_mixin.py:115} INFO - [2022-11-01 23:15:28,817] {dag.py:2379} INFO - Sync 2 DAGs
[2022-11-01 23:15:28,839] {logging_mixin.py:115} INFO - [2022-11-01 23:15:28,839] {dag.py:2927} INFO - Setting next_dagrun for example_external_task_marker_child to None, run_after=None
[2022-11-01 23:15:28,840] {logging_mixin.py:115} INFO - [2022-11-01 23:15:28,839] {dag.py:2927} INFO - Setting next_dagrun for example_external_task_marker_parent to None, run_after=None
[2022-11-01 23:15:29,137] {processor.py:161} INFO - Processing /home/nayara/Documentos/airflowalura/venv/lib/python3.9/site-packages/airflow/example_dags/example_external_task_marker_dag.py took 0.498 seconds
[2022-11-01 23:16:27,243] {processor.py:153} INFO - Started process (PID=22363) to work on /home/nayara/Documentos/airflowalura/venv/lib/python3.9/site-packages/airflow/example_dags/example_external_task_marker_dag.py
[2022-11-01 23:16:27,263] {processor.py:641} INFO - Processing file /home/nayara/Documentos/airflowalura/venv/lib/python3.9/site-packages/airflow/example_dags/example_external_task_marker_dag.py for tasks to queue
[2022-11-01 23:16:27,266] {logging_mixin.py:115} INFO - [2022-11-01 23:16:27,266] {dagbag.py:507} INFO - Filling up the DagBag from /home/nayara/Documentos/airflowalura/venv/lib/python3.9/site-packages/airflow/example_dags/example_external_task_marker_dag.py
[2022-11-01 23:16:27,295] {processor.py:651} INFO - DAG(s) dict_keys(['example_external_task_marker_parent', 'example_external_task_marker_child']) retrieved from /home/nayara/Documentos/airflowalura/venv/lib/python3.9/site-packages/airflow/example_dags/example_external_task_marker_dag.py
[2022-11-01 23:16:27,346] {logging_mixin.py:115} INFO - [2022-11-01 23:16:27,346] {dag.py:2379} INFO - Sync 2 DAGs
[2022-11-01 23:16:27,372] {logging_mixin.py:115} INFO - [2022-11-01 23:16:27,372] {dag.py:2927} INFO - Setting next_dagrun for example_external_task_marker_child to None, run_after=None
[2022-11-01 23:16:27,372] {logging_mixin.py:115} INFO - [2022-11-01 23:16:27,372] {dag.py:2927} INFO - Setting next_dagrun for example_external_task_marker_parent to None, run_after=None
[2022-11-01 23:16:27,685] {processor.py:161} INFO - Processing /home/nayara/Documentos/airflowalura/venv/lib/python3.9/site-packages/airflow/example_dags/example_external_task_marker_dag.py took 0.462 seconds
[2022-11-01 23:17:31,940] {processor.py:153} INFO - Started process (PID=22510) to work on /home/nayara/Documentos/airflowalura/venv/lib/python3.9/site-packages/airflow/example_dags/example_external_task_marker_dag.py
[2022-11-01 23:17:32,021] {processor.py:641} INFO - Processing file /home/nayara/Documentos/airflowalura/venv/lib/python3.9/site-packages/airflow/example_dags/example_external_task_marker_dag.py for tasks to queue
[2022-11-01 23:17:32,023] {logging_mixin.py:115} INFO - [2022-11-01 23:17:32,023] {dagbag.py:507} INFO - Filling up the DagBag from /home/nayara/Documentos/airflowalura/venv/lib/python3.9/site-packages/airflow/example_dags/example_external_task_marker_dag.py
[2022-11-01 23:17:32,039] {processor.py:651} INFO - DAG(s) dict_keys(['example_external_task_marker_parent', 'example_external_task_marker_child']) retrieved from /home/nayara/Documentos/airflowalura/venv/lib/python3.9/site-packages/airflow/example_dags/example_external_task_marker_dag.py
[2022-11-01 23:17:32,126] {logging_mixin.py:115} INFO - [2022-11-01 23:17:32,126] {dag.py:2379} INFO - Sync 2 DAGs
[2022-11-01 23:17:32,154] {logging_mixin.py:115} INFO - [2022-11-01 23:17:32,154] {dag.py:2927} INFO - Setting next_dagrun for example_external_task_marker_child to None, run_after=None
[2022-11-01 23:17:32,155] {logging_mixin.py:115} INFO - [2022-11-01 23:17:32,155] {dag.py:2927} INFO - Setting next_dagrun for example_external_task_marker_parent to None, run_after=None
[2022-11-01 23:17:32,855] {processor.py:161} INFO - Processing /home/nayara/Documentos/airflowalura/venv/lib/python3.9/site-packages/airflow/example_dags/example_external_task_marker_dag.py took 0.926 seconds
[2022-11-01 23:18:56,810] {processor.py:153} INFO - Started process (PID=22663) to work on /home/nayara/Documentos/airflowalura/venv/lib/python3.9/site-packages/airflow/example_dags/example_external_task_marker_dag.py
[2022-11-01 23:18:56,920] {processor.py:641} INFO - Processing file /home/nayara/Documentos/airflowalura/venv/lib/python3.9/site-packages/airflow/example_dags/example_external_task_marker_dag.py for tasks to queue
[2022-11-01 23:18:56,923] {logging_mixin.py:115} INFO - [2022-11-01 23:18:56,922] {dagbag.py:507} INFO - Filling up the DagBag from /home/nayara/Documentos/airflowalura/venv/lib/python3.9/site-packages/airflow/example_dags/example_external_task_marker_dag.py
[2022-11-01 23:18:56,943] {processor.py:651} INFO - DAG(s) dict_keys(['example_external_task_marker_parent', 'example_external_task_marker_child']) retrieved from /home/nayara/Documentos/airflowalura/venv/lib/python3.9/site-packages/airflow/example_dags/example_external_task_marker_dag.py
[2022-11-01 23:18:56,982] {logging_mixin.py:115} INFO - [2022-11-01 23:18:56,982] {dag.py:2379} INFO - Sync 2 DAGs
[2022-11-01 23:18:56,999] {logging_mixin.py:115} INFO - [2022-11-01 23:18:56,999] {dag.py:2927} INFO - Setting next_dagrun for example_external_task_marker_child to None, run_after=None
[2022-11-01 23:18:56,999] {logging_mixin.py:115} INFO - [2022-11-01 23:18:56,999] {dag.py:2927} INFO - Setting next_dagrun for example_external_task_marker_parent to None, run_after=None
[2022-11-01 23:18:57,351] {processor.py:161} INFO - Processing /home/nayara/Documentos/airflowalura/venv/lib/python3.9/site-packages/airflow/example_dags/example_external_task_marker_dag.py took 0.547 seconds
[2022-11-01 23:19:56,112] {processor.py:153} INFO - Started process (PID=22790) to work on /home/nayara/Documentos/airflowalura/venv/lib/python3.9/site-packages/airflow/example_dags/example_external_task_marker_dag.py
[2022-11-01 23:19:56,192] {processor.py:641} INFO - Processing file /home/nayara/Documentos/airflowalura/venv/lib/python3.9/site-packages/airflow/example_dags/example_external_task_marker_dag.py for tasks to queue
[2022-11-01 23:19:56,192] {logging_mixin.py:115} INFO - [2022-11-01 23:19:56,192] {dagbag.py:507} INFO - Filling up the DagBag from /home/nayara/Documentos/airflowalura/venv/lib/python3.9/site-packages/airflow/example_dags/example_external_task_marker_dag.py
[2022-11-01 23:19:56,198] {processor.py:651} INFO - DAG(s) dict_keys(['example_external_task_marker_parent', 'example_external_task_marker_child']) retrieved from /home/nayara/Documentos/airflowalura/venv/lib/python3.9/site-packages/airflow/example_dags/example_external_task_marker_dag.py
[2022-11-01 23:19:56,237] {logging_mixin.py:115} INFO - [2022-11-01 23:19:56,237] {dag.py:2379} INFO - Sync 2 DAGs
[2022-11-01 23:19:56,265] {logging_mixin.py:115} INFO - [2022-11-01 23:19:56,265] {dag.py:2927} INFO - Setting next_dagrun for example_external_task_marker_child to None, run_after=None
[2022-11-01 23:19:56,265] {logging_mixin.py:115} INFO - [2022-11-01 23:19:56,265] {dag.py:2927} INFO - Setting next_dagrun for example_external_task_marker_parent to None, run_after=None
[2022-11-01 23:19:57,093] {processor.py:161} INFO - Processing /home/nayara/Documentos/airflowalura/venv/lib/python3.9/site-packages/airflow/example_dags/example_external_task_marker_dag.py took 0.987 seconds
[2022-11-01 23:21:09,980] {processor.py:153} INFO - Started process (PID=23021) to work on /home/nayara/Documentos/airflowalura/venv/lib/python3.9/site-packages/airflow/example_dags/example_external_task_marker_dag.py
[2022-11-01 23:21:09,996] {processor.py:641} INFO - Processing file /home/nayara/Documentos/airflowalura/venv/lib/python3.9/site-packages/airflow/example_dags/example_external_task_marker_dag.py for tasks to queue
[2022-11-01 23:21:09,998] {logging_mixin.py:115} INFO - [2022-11-01 23:21:09,998] {dagbag.py:507} INFO - Filling up the DagBag from /home/nayara/Documentos/airflowalura/venv/lib/python3.9/site-packages/airflow/example_dags/example_external_task_marker_dag.py
[2022-11-01 23:21:10,005] {processor.py:651} INFO - DAG(s) dict_keys(['example_external_task_marker_parent', 'example_external_task_marker_child']) retrieved from /home/nayara/Documentos/airflowalura/venv/lib/python3.9/site-packages/airflow/example_dags/example_external_task_marker_dag.py
[2022-11-01 23:21:10,047] {logging_mixin.py:115} INFO - [2022-11-01 23:21:10,047] {dag.py:2379} INFO - Sync 2 DAGs
[2022-11-01 23:21:10,070] {logging_mixin.py:115} INFO - [2022-11-01 23:21:10,070] {dag.py:2927} INFO - Setting next_dagrun for example_external_task_marker_child to None, run_after=None
[2022-11-01 23:21:10,071] {logging_mixin.py:115} INFO - [2022-11-01 23:21:10,071] {dag.py:2927} INFO - Setting next_dagrun for example_external_task_marker_parent to None, run_after=None
[2022-11-01 23:21:10,547] {processor.py:161} INFO - Processing /home/nayara/Documentos/airflowalura/venv/lib/python3.9/site-packages/airflow/example_dags/example_external_task_marker_dag.py took 0.574 seconds
