[2022-11-01 22:41:27,055] {processor.py:153} INFO - Started process (PID=17856) to work on /home/nayara/Documentos/airflowalura/venv/lib/python3.9/site-packages/airflow/example_dags/example_bash_operator.py
[2022-11-01 22:41:27,056] {processor.py:641} INFO - Processing file /home/nayara/Documentos/airflowalura/venv/lib/python3.9/site-packages/airflow/example_dags/example_bash_operator.py for tasks to queue
[2022-11-01 22:41:27,056] {logging_mixin.py:115} INFO - [2022-11-01 22:41:27,056] {dagbag.py:507} INFO - Filling up the DagBag from /home/nayara/Documentos/airflowalura/venv/lib/python3.9/site-packages/airflow/example_dags/example_bash_operator.py
[2022-11-01 22:41:27,091] {processor.py:651} INFO - DAG(s) dict_keys(['example_bash_operator']) retrieved from /home/nayara/Documentos/airflowalura/venv/lib/python3.9/site-packages/airflow/example_dags/example_bash_operator.py
[2022-11-01 22:41:27,116] {logging_mixin.py:115} INFO - [2022-11-01 22:41:27,116] {dag.py:2379} INFO - Sync 1 DAGs
[2022-11-01 22:41:27,148] {logging_mixin.py:115} INFO - [2022-11-01 22:41:27,147] {dag.py:2927} INFO - Setting next_dagrun for example_bash_operator to 2022-11-01T00:00:00+00:00, run_after=2022-11-02T00:00:00+00:00
[2022-11-01 22:41:27,962] {processor.py:161} INFO - Processing /home/nayara/Documentos/airflowalura/venv/lib/python3.9/site-packages/airflow/example_dags/example_bash_operator.py took 0.914 seconds
[2022-11-01 22:44:11,761] {processor.py:153} INFO - Started process (PID=18097) to work on /home/nayara/Documentos/airflowalura/venv/lib/python3.9/site-packages/airflow/example_dags/example_bash_operator.py
[2022-11-01 22:44:11,767] {processor.py:641} INFO - Processing file /home/nayara/Documentos/airflowalura/venv/lib/python3.9/site-packages/airflow/example_dags/example_bash_operator.py for tasks to queue
[2022-11-01 22:44:11,768] {logging_mixin.py:115} INFO - [2022-11-01 22:44:11,768] {dagbag.py:507} INFO - Filling up the DagBag from /home/nayara/Documentos/airflowalura/venv/lib/python3.9/site-packages/airflow/example_dags/example_bash_operator.py
[2022-11-01 22:44:11,805] {processor.py:651} INFO - DAG(s) dict_keys(['example_bash_operator']) retrieved from /home/nayara/Documentos/airflowalura/venv/lib/python3.9/site-packages/airflow/example_dags/example_bash_operator.py
[2022-11-01 22:44:12,071] {logging_mixin.py:115} INFO - [2022-11-01 22:44:12,071] {dag.py:2379} INFO - Sync 1 DAGs
[2022-11-01 22:44:12,109] {logging_mixin.py:115} INFO - [2022-11-01 22:44:12,109] {dag.py:2927} INFO - Setting next_dagrun for example_bash_operator to 2022-11-01T00:00:00+00:00, run_after=2022-11-02T00:00:00+00:00
[2022-11-01 22:44:12,657] {processor.py:161} INFO - Processing /home/nayara/Documentos/airflowalura/venv/lib/python3.9/site-packages/airflow/example_dags/example_bash_operator.py took 0.902 seconds
[2022-11-01 22:45:29,179] {processor.py:153} INFO - Started process (PID=18224) to work on /home/nayara/Documentos/airflowalura/venv/lib/python3.9/site-packages/airflow/example_dags/example_bash_operator.py
[2022-11-01 22:45:29,180] {processor.py:641} INFO - Processing file /home/nayara/Documentos/airflowalura/venv/lib/python3.9/site-packages/airflow/example_dags/example_bash_operator.py for tasks to queue
[2022-11-01 22:45:29,182] {logging_mixin.py:115} INFO - [2022-11-01 22:45:29,182] {dagbag.py:507} INFO - Filling up the DagBag from /home/nayara/Documentos/airflowalura/venv/lib/python3.9/site-packages/airflow/example_dags/example_bash_operator.py
[2022-11-01 22:45:29,218] {processor.py:651} INFO - DAG(s) dict_keys(['example_bash_operator']) retrieved from /home/nayara/Documentos/airflowalura/venv/lib/python3.9/site-packages/airflow/example_dags/example_bash_operator.py
[2022-11-01 22:45:29,255] {logging_mixin.py:115} INFO - [2022-11-01 22:45:29,255] {dag.py:2379} INFO - Sync 1 DAGs
[2022-11-01 22:45:29,295] {logging_mixin.py:115} INFO - [2022-11-01 22:45:29,295] {dag.py:2927} INFO - Setting next_dagrun for example_bash_operator to 2022-11-01T00:00:00+00:00, run_after=2022-11-02T00:00:00+00:00
[2022-11-01 22:45:29,566] {processor.py:161} INFO - Processing /home/nayara/Documentos/airflowalura/venv/lib/python3.9/site-packages/airflow/example_dags/example_bash_operator.py took 0.395 seconds
[2022-11-01 22:47:02,982] {processor.py:153} INFO - Started process (PID=18438) to work on /home/nayara/Documentos/airflowalura/venv/lib/python3.9/site-packages/airflow/example_dags/example_bash_operator.py
[2022-11-01 22:47:03,003] {processor.py:641} INFO - Processing file /home/nayara/Documentos/airflowalura/venv/lib/python3.9/site-packages/airflow/example_dags/example_bash_operator.py for tasks to queue
[2022-11-01 22:47:03,005] {logging_mixin.py:115} INFO - [2022-11-01 22:47:03,005] {dagbag.py:507} INFO - Filling up the DagBag from /home/nayara/Documentos/airflowalura/venv/lib/python3.9/site-packages/airflow/example_dags/example_bash_operator.py
[2022-11-01 22:47:03,043] {processor.py:651} INFO - DAG(s) dict_keys(['example_bash_operator']) retrieved from /home/nayara/Documentos/airflowalura/venv/lib/python3.9/site-packages/airflow/example_dags/example_bash_operator.py
[2022-11-01 22:47:03,099] {logging_mixin.py:115} INFO - [2022-11-01 22:47:03,098] {dag.py:2379} INFO - Sync 1 DAGs
[2022-11-01 22:47:03,148] {logging_mixin.py:115} INFO - [2022-11-01 22:47:03,146] {dag.py:2927} INFO - Setting next_dagrun for example_bash_operator to 2022-11-01T00:00:00+00:00, run_after=2022-11-02T00:00:00+00:00
[2022-11-01 22:47:03,367] {processor.py:161} INFO - Processing /home/nayara/Documentos/airflowalura/venv/lib/python3.9/site-packages/airflow/example_dags/example_bash_operator.py took 0.393 seconds
[2022-11-01 22:48:04,737] {processor.py:153} INFO - Started process (PID=18553) to work on /home/nayara/Documentos/airflowalura/venv/lib/python3.9/site-packages/airflow/example_dags/example_bash_operator.py
[2022-11-01 22:48:04,775] {processor.py:641} INFO - Processing file /home/nayara/Documentos/airflowalura/venv/lib/python3.9/site-packages/airflow/example_dags/example_bash_operator.py for tasks to queue
[2022-11-01 22:48:04,777] {logging_mixin.py:115} INFO - [2022-11-01 22:48:04,776] {dagbag.py:507} INFO - Filling up the DagBag from /home/nayara/Documentos/airflowalura/venv/lib/python3.9/site-packages/airflow/example_dags/example_bash_operator.py
[2022-11-01 22:48:04,818] {processor.py:651} INFO - DAG(s) dict_keys(['example_bash_operator']) retrieved from /home/nayara/Documentos/airflowalura/venv/lib/python3.9/site-packages/airflow/example_dags/example_bash_operator.py
[2022-11-01 22:48:04,860] {logging_mixin.py:115} INFO - [2022-11-01 22:48:04,860] {dag.py:2379} INFO - Sync 1 DAGs
[2022-11-01 22:48:04,899] {logging_mixin.py:115} INFO - [2022-11-01 22:48:04,899] {dag.py:2927} INFO - Setting next_dagrun for example_bash_operator to 2022-11-01T00:00:00+00:00, run_after=2022-11-02T00:00:00+00:00
[2022-11-01 22:48:05,201] {processor.py:161} INFO - Processing /home/nayara/Documentos/airflowalura/venv/lib/python3.9/site-packages/airflow/example_dags/example_bash_operator.py took 0.470 seconds
[2022-11-01 22:49:29,499] {processor.py:153} INFO - Started process (PID=18716) to work on /home/nayara/Documentos/airflowalura/venv/lib/python3.9/site-packages/airflow/example_dags/example_bash_operator.py
[2022-11-01 22:49:29,516] {processor.py:641} INFO - Processing file /home/nayara/Documentos/airflowalura/venv/lib/python3.9/site-packages/airflow/example_dags/example_bash_operator.py for tasks to queue
[2022-11-01 22:49:29,517] {logging_mixin.py:115} INFO - [2022-11-01 22:49:29,517] {dagbag.py:507} INFO - Filling up the DagBag from /home/nayara/Documentos/airflowalura/venv/lib/python3.9/site-packages/airflow/example_dags/example_bash_operator.py
[2022-11-01 22:49:29,543] {processor.py:651} INFO - DAG(s) dict_keys(['example_bash_operator']) retrieved from /home/nayara/Documentos/airflowalura/venv/lib/python3.9/site-packages/airflow/example_dags/example_bash_operator.py
[2022-11-01 22:49:29,581] {logging_mixin.py:115} INFO - [2022-11-01 22:49:29,581] {dag.py:2379} INFO - Sync 1 DAGs
[2022-11-01 22:49:29,618] {logging_mixin.py:115} INFO - [2022-11-01 22:49:29,618] {dag.py:2927} INFO - Setting next_dagrun for example_bash_operator to 2022-11-01T00:00:00+00:00, run_after=2022-11-02T00:00:00+00:00
[2022-11-01 22:49:29,847] {processor.py:161} INFO - Processing /home/nayara/Documentos/airflowalura/venv/lib/python3.9/site-packages/airflow/example_dags/example_bash_operator.py took 0.353 seconds
[2022-11-01 22:50:51,458] {processor.py:153} INFO - Started process (PID=18865) to work on /home/nayara/Documentos/airflowalura/venv/lib/python3.9/site-packages/airflow/example_dags/example_bash_operator.py
[2022-11-01 22:50:51,460] {processor.py:641} INFO - Processing file /home/nayara/Documentos/airflowalura/venv/lib/python3.9/site-packages/airflow/example_dags/example_bash_operator.py for tasks to queue
[2022-11-01 22:50:51,461] {logging_mixin.py:115} INFO - [2022-11-01 22:50:51,461] {dagbag.py:507} INFO - Filling up the DagBag from /home/nayara/Documentos/airflowalura/venv/lib/python3.9/site-packages/airflow/example_dags/example_bash_operator.py
[2022-11-01 22:50:51,488] {processor.py:651} INFO - DAG(s) dict_keys(['example_bash_operator']) retrieved from /home/nayara/Documentos/airflowalura/venv/lib/python3.9/site-packages/airflow/example_dags/example_bash_operator.py
[2022-11-01 22:50:51,525] {logging_mixin.py:115} INFO - [2022-11-01 22:50:51,525] {dag.py:2379} INFO - Sync 1 DAGs
[2022-11-01 22:50:51,565] {logging_mixin.py:115} INFO - [2022-11-01 22:50:51,564] {dag.py:2927} INFO - Setting next_dagrun for example_bash_operator to 2022-11-01T00:00:00+00:00, run_after=2022-11-02T00:00:00+00:00
[2022-11-01 22:50:51,758] {processor.py:161} INFO - Processing /home/nayara/Documentos/airflowalura/venv/lib/python3.9/site-packages/airflow/example_dags/example_bash_operator.py took 0.306 seconds
[2022-11-01 22:52:16,576] {processor.py:153} INFO - Started process (PID=19058) to work on /home/nayara/Documentos/airflowalura/venv/lib/python3.9/site-packages/airflow/example_dags/example_bash_operator.py
[2022-11-01 22:52:16,645] {processor.py:641} INFO - Processing file /home/nayara/Documentos/airflowalura/venv/lib/python3.9/site-packages/airflow/example_dags/example_bash_operator.py for tasks to queue
[2022-11-01 22:52:16,647] {logging_mixin.py:115} INFO - [2022-11-01 22:52:16,647] {dagbag.py:507} INFO - Filling up the DagBag from /home/nayara/Documentos/airflowalura/venv/lib/python3.9/site-packages/airflow/example_dags/example_bash_operator.py
[2022-11-01 22:52:16,721] {processor.py:651} INFO - DAG(s) dict_keys(['example_bash_operator']) retrieved from /home/nayara/Documentos/airflowalura/venv/lib/python3.9/site-packages/airflow/example_dags/example_bash_operator.py
[2022-11-01 22:52:16,763] {logging_mixin.py:115} INFO - [2022-11-01 22:52:16,762] {dag.py:2379} INFO - Sync 1 DAGs
[2022-11-01 22:52:16,797] {logging_mixin.py:115} INFO - [2022-11-01 22:52:16,797] {dag.py:2927} INFO - Setting next_dagrun for example_bash_operator to 2022-11-01T00:00:00+00:00, run_after=2022-11-02T00:00:00+00:00
[2022-11-01 22:52:17,435] {processor.py:161} INFO - Processing /home/nayara/Documentos/airflowalura/venv/lib/python3.9/site-packages/airflow/example_dags/example_bash_operator.py took 0.867 seconds
[2022-11-01 22:53:30,511] {processor.py:153} INFO - Started process (PID=19198) to work on /home/nayara/Documentos/airflowalura/venv/lib/python3.9/site-packages/airflow/example_dags/example_bash_operator.py
[2022-11-01 22:53:30,530] {processor.py:641} INFO - Processing file /home/nayara/Documentos/airflowalura/venv/lib/python3.9/site-packages/airflow/example_dags/example_bash_operator.py for tasks to queue
[2022-11-01 22:53:30,531] {logging_mixin.py:115} INFO - [2022-11-01 22:53:30,531] {dagbag.py:507} INFO - Filling up the DagBag from /home/nayara/Documentos/airflowalura/venv/lib/python3.9/site-packages/airflow/example_dags/example_bash_operator.py
[2022-11-01 22:53:30,562] {processor.py:651} INFO - DAG(s) dict_keys(['example_bash_operator']) retrieved from /home/nayara/Documentos/airflowalura/venv/lib/python3.9/site-packages/airflow/example_dags/example_bash_operator.py
[2022-11-01 22:53:30,939] {logging_mixin.py:115} INFO - [2022-11-01 22:53:30,938] {dag.py:2379} INFO - Sync 1 DAGs
[2022-11-01 22:53:30,984] {logging_mixin.py:115} INFO - [2022-11-01 22:53:30,983] {dag.py:2927} INFO - Setting next_dagrun for example_bash_operator to 2022-11-01T00:00:00+00:00, run_after=2022-11-02T00:00:00+00:00
[2022-11-01 22:53:31,273] {processor.py:161} INFO - Processing /home/nayara/Documentos/airflowalura/venv/lib/python3.9/site-packages/airflow/example_dags/example_bash_operator.py took 0.769 seconds
[2022-11-01 22:54:32,815] {processor.py:153} INFO - Started process (PID=19320) to work on /home/nayara/Documentos/airflowalura/venv/lib/python3.9/site-packages/airflow/example_dags/example_bash_operator.py
[2022-11-01 22:54:32,928] {processor.py:641} INFO - Processing file /home/nayara/Documentos/airflowalura/venv/lib/python3.9/site-packages/airflow/example_dags/example_bash_operator.py for tasks to queue
[2022-11-01 22:54:32,929] {logging_mixin.py:115} INFO - [2022-11-01 22:54:32,929] {dagbag.py:507} INFO - Filling up the DagBag from /home/nayara/Documentos/airflowalura/venv/lib/python3.9/site-packages/airflow/example_dags/example_bash_operator.py
[2022-11-01 22:54:32,948] {processor.py:651} INFO - DAG(s) dict_keys(['example_bash_operator']) retrieved from /home/nayara/Documentos/airflowalura/venv/lib/python3.9/site-packages/airflow/example_dags/example_bash_operator.py
[2022-11-01 22:54:32,968] {logging_mixin.py:115} INFO - [2022-11-01 22:54:32,967] {dag.py:2379} INFO - Sync 1 DAGs
[2022-11-01 22:54:32,989] {logging_mixin.py:115} INFO - [2022-11-01 22:54:32,989] {dag.py:2927} INFO - Setting next_dagrun for example_bash_operator to 2022-11-01T00:00:00+00:00, run_after=2022-11-02T00:00:00+00:00
[2022-11-01 22:54:33,558] {processor.py:161} INFO - Processing /home/nayara/Documentos/airflowalura/venv/lib/python3.9/site-packages/airflow/example_dags/example_bash_operator.py took 0.746 seconds
[2022-11-01 22:55:45,552] {processor.py:153} INFO - Started process (PID=19498) to work on /home/nayara/Documentos/airflowalura/venv/lib/python3.9/site-packages/airflow/example_dags/example_bash_operator.py
[2022-11-01 22:55:45,555] {processor.py:641} INFO - Processing file /home/nayara/Documentos/airflowalura/venv/lib/python3.9/site-packages/airflow/example_dags/example_bash_operator.py for tasks to queue
[2022-11-01 22:55:45,556] {logging_mixin.py:115} INFO - [2022-11-01 22:55:45,556] {dagbag.py:507} INFO - Filling up the DagBag from /home/nayara/Documentos/airflowalura/venv/lib/python3.9/site-packages/airflow/example_dags/example_bash_operator.py
[2022-11-01 22:55:45,571] {processor.py:651} INFO - DAG(s) dict_keys(['example_bash_operator']) retrieved from /home/nayara/Documentos/airflowalura/venv/lib/python3.9/site-packages/airflow/example_dags/example_bash_operator.py
[2022-11-01 22:55:45,588] {logging_mixin.py:115} INFO - [2022-11-01 22:55:45,588] {dag.py:2379} INFO - Sync 1 DAGs
[2022-11-01 22:55:45,609] {logging_mixin.py:115} INFO - [2022-11-01 22:55:45,609] {dag.py:2927} INFO - Setting next_dagrun for example_bash_operator to 2022-11-01T00:00:00+00:00, run_after=2022-11-02T00:00:00+00:00
[2022-11-01 22:55:45,888] {processor.py:161} INFO - Processing /home/nayara/Documentos/airflowalura/venv/lib/python3.9/site-packages/airflow/example_dags/example_bash_operator.py took 0.341 seconds
[2022-11-01 22:57:00,675] {processor.py:153} INFO - Started process (PID=19693) to work on /home/nayara/Documentos/airflowalura/venv/lib/python3.9/site-packages/airflow/example_dags/example_bash_operator.py
[2022-11-01 22:57:00,724] {processor.py:641} INFO - Processing file /home/nayara/Documentos/airflowalura/venv/lib/python3.9/site-packages/airflow/example_dags/example_bash_operator.py for tasks to queue
[2022-11-01 22:57:00,726] {logging_mixin.py:115} INFO - [2022-11-01 22:57:00,726] {dagbag.py:507} INFO - Filling up the DagBag from /home/nayara/Documentos/airflowalura/venv/lib/python3.9/site-packages/airflow/example_dags/example_bash_operator.py
[2022-11-01 22:57:00,766] {processor.py:651} INFO - DAG(s) dict_keys(['example_bash_operator']) retrieved from /home/nayara/Documentos/airflowalura/venv/lib/python3.9/site-packages/airflow/example_dags/example_bash_operator.py
[2022-11-01 22:57:00,788] {logging_mixin.py:115} INFO - [2022-11-01 22:57:00,788] {dag.py:2379} INFO - Sync 1 DAGs
[2022-11-01 22:57:00,808] {logging_mixin.py:115} INFO - [2022-11-01 22:57:00,808] {dag.py:2927} INFO - Setting next_dagrun for example_bash_operator to 2022-11-01T00:00:00+00:00, run_after=2022-11-02T00:00:00+00:00
[2022-11-01 22:57:01,108] {processor.py:161} INFO - Processing /home/nayara/Documentos/airflowalura/venv/lib/python3.9/site-packages/airflow/example_dags/example_bash_operator.py took 0.447 seconds
[2022-11-01 22:58:17,331] {processor.py:153} INFO - Started process (PID=19874) to work on /home/nayara/Documentos/airflowalura/venv/lib/python3.9/site-packages/airflow/example_dags/example_bash_operator.py
[2022-11-01 22:58:17,348] {processor.py:641} INFO - Processing file /home/nayara/Documentos/airflowalura/venv/lib/python3.9/site-packages/airflow/example_dags/example_bash_operator.py for tasks to queue
[2022-11-01 22:58:17,351] {logging_mixin.py:115} INFO - [2022-11-01 22:58:17,350] {dagbag.py:507} INFO - Filling up the DagBag from /home/nayara/Documentos/airflowalura/venv/lib/python3.9/site-packages/airflow/example_dags/example_bash_operator.py
[2022-11-01 22:58:17,379] {processor.py:651} INFO - DAG(s) dict_keys(['example_bash_operator']) retrieved from /home/nayara/Documentos/airflowalura/venv/lib/python3.9/site-packages/airflow/example_dags/example_bash_operator.py
[2022-11-01 22:58:17,398] {logging_mixin.py:115} INFO - [2022-11-01 22:58:17,397] {dag.py:2379} INFO - Sync 1 DAGs
[2022-11-01 22:58:17,417] {logging_mixin.py:115} INFO - [2022-11-01 22:58:17,417] {dag.py:2927} INFO - Setting next_dagrun for example_bash_operator to 2022-11-01T00:00:00+00:00, run_after=2022-11-02T00:00:00+00:00
[2022-11-01 22:58:17,604] {processor.py:161} INFO - Processing /home/nayara/Documentos/airflowalura/venv/lib/python3.9/site-packages/airflow/example_dags/example_bash_operator.py took 0.287 seconds
[2022-11-01 22:59:28,809] {processor.py:153} INFO - Started process (PID=20018) to work on /home/nayara/Documentos/airflowalura/venv/lib/python3.9/site-packages/airflow/example_dags/example_bash_operator.py
[2022-11-01 22:59:28,826] {processor.py:641} INFO - Processing file /home/nayara/Documentos/airflowalura/venv/lib/python3.9/site-packages/airflow/example_dags/example_bash_operator.py for tasks to queue
[2022-11-01 22:59:28,826] {logging_mixin.py:115} INFO - [2022-11-01 22:59:28,826] {dagbag.py:507} INFO - Filling up the DagBag from /home/nayara/Documentos/airflowalura/venv/lib/python3.9/site-packages/airflow/example_dags/example_bash_operator.py
[2022-11-01 22:59:28,845] {processor.py:651} INFO - DAG(s) dict_keys(['example_bash_operator']) retrieved from /home/nayara/Documentos/airflowalura/venv/lib/python3.9/site-packages/airflow/example_dags/example_bash_operator.py
[2022-11-01 22:59:28,865] {logging_mixin.py:115} INFO - [2022-11-01 22:59:28,865] {dag.py:2379} INFO - Sync 1 DAGs
[2022-11-01 22:59:28,886] {logging_mixin.py:115} INFO - [2022-11-01 22:59:28,886] {dag.py:2927} INFO - Setting next_dagrun for example_bash_operator to 2022-11-01T00:00:00+00:00, run_after=2022-11-02T00:00:00+00:00
[2022-11-01 22:59:29,329] {processor.py:161} INFO - Processing /home/nayara/Documentos/airflowalura/venv/lib/python3.9/site-packages/airflow/example_dags/example_bash_operator.py took 0.533 seconds
[2022-11-01 23:00:51,606] {processor.py:153} INFO - Started process (PID=20176) to work on /home/nayara/Documentos/airflowalura/venv/lib/python3.9/site-packages/airflow/example_dags/example_bash_operator.py
[2022-11-01 23:00:51,621] {processor.py:641} INFO - Processing file /home/nayara/Documentos/airflowalura/venv/lib/python3.9/site-packages/airflow/example_dags/example_bash_operator.py for tasks to queue
[2022-11-01 23:00:51,622] {logging_mixin.py:115} INFO - [2022-11-01 23:00:51,622] {dagbag.py:507} INFO - Filling up the DagBag from /home/nayara/Documentos/airflowalura/venv/lib/python3.9/site-packages/airflow/example_dags/example_bash_operator.py
[2022-11-01 23:00:51,637] {processor.py:651} INFO - DAG(s) dict_keys(['example_bash_operator']) retrieved from /home/nayara/Documentos/airflowalura/venv/lib/python3.9/site-packages/airflow/example_dags/example_bash_operator.py
[2022-11-01 23:00:51,657] {logging_mixin.py:115} INFO - [2022-11-01 23:00:51,657] {dag.py:2379} INFO - Sync 1 DAGs
[2022-11-01 23:00:51,676] {logging_mixin.py:115} INFO - [2022-11-01 23:00:51,676] {dag.py:2927} INFO - Setting next_dagrun for example_bash_operator to 2022-11-01T00:00:00+00:00, run_after=2022-11-02T00:00:00+00:00
[2022-11-01 23:00:51,877] {processor.py:161} INFO - Processing /home/nayara/Documentos/airflowalura/venv/lib/python3.9/site-packages/airflow/example_dags/example_bash_operator.py took 0.275 seconds
[2022-11-01 23:02:15,519] {processor.py:153} INFO - Started process (PID=20397) to work on /home/nayara/Documentos/airflowalura/venv/lib/python3.9/site-packages/airflow/example_dags/example_bash_operator.py
[2022-11-01 23:02:15,577] {processor.py:641} INFO - Processing file /home/nayara/Documentos/airflowalura/venv/lib/python3.9/site-packages/airflow/example_dags/example_bash_operator.py for tasks to queue
[2022-11-01 23:02:15,582] {logging_mixin.py:115} INFO - [2022-11-01 23:02:15,580] {dagbag.py:507} INFO - Filling up the DagBag from /home/nayara/Documentos/airflowalura/venv/lib/python3.9/site-packages/airflow/example_dags/example_bash_operator.py
[2022-11-01 23:02:15,632] {processor.py:651} INFO - DAG(s) dict_keys(['example_bash_operator']) retrieved from /home/nayara/Documentos/airflowalura/venv/lib/python3.9/site-packages/airflow/example_dags/example_bash_operator.py
[2022-11-01 23:02:15,660] {logging_mixin.py:115} INFO - [2022-11-01 23:02:15,660] {dag.py:2379} INFO - Sync 1 DAGs
[2022-11-01 23:02:15,686] {logging_mixin.py:115} INFO - [2022-11-01 23:02:15,686] {dag.py:2927} INFO - Setting next_dagrun for example_bash_operator to 2022-11-01T00:00:00+00:00, run_after=2022-11-02T00:00:00+00:00
[2022-11-01 23:02:16,131] {processor.py:161} INFO - Processing /home/nayara/Documentos/airflowalura/venv/lib/python3.9/site-packages/airflow/example_dags/example_bash_operator.py took 0.624 seconds
[2022-11-01 23:04:04,777] {processor.py:153} INFO - Started process (PID=20592) to work on /home/nayara/Documentos/airflowalura/venv/lib/python3.9/site-packages/airflow/example_dags/example_bash_operator.py
[2022-11-01 23:04:04,795] {processor.py:641} INFO - Processing file /home/nayara/Documentos/airflowalura/venv/lib/python3.9/site-packages/airflow/example_dags/example_bash_operator.py for tasks to queue
[2022-11-01 23:04:04,800] {logging_mixin.py:115} INFO - [2022-11-01 23:04:04,799] {dagbag.py:507} INFO - Filling up the DagBag from /home/nayara/Documentos/airflowalura/venv/lib/python3.9/site-packages/airflow/example_dags/example_bash_operator.py
[2022-11-01 23:04:04,848] {processor.py:651} INFO - DAG(s) dict_keys(['example_bash_operator']) retrieved from /home/nayara/Documentos/airflowalura/venv/lib/python3.9/site-packages/airflow/example_dags/example_bash_operator.py
[2022-11-01 23:04:04,879] {logging_mixin.py:115} INFO - [2022-11-01 23:04:04,879] {dag.py:2379} INFO - Sync 1 DAGs
[2022-11-01 23:04:04,904] {logging_mixin.py:115} INFO - [2022-11-01 23:04:04,904] {dag.py:2927} INFO - Setting next_dagrun for example_bash_operator to 2022-11-01T00:00:00+00:00, run_after=2022-11-02T00:00:00+00:00
[2022-11-01 23:04:05,114] {processor.py:161} INFO - Processing /home/nayara/Documentos/airflowalura/venv/lib/python3.9/site-packages/airflow/example_dags/example_bash_operator.py took 0.355 seconds
[2022-11-01 23:05:07,155] {processor.py:153} INFO - Started process (PID=20730) to work on /home/nayara/Documentos/airflowalura/venv/lib/python3.9/site-packages/airflow/example_dags/example_bash_operator.py
[2022-11-01 23:05:07,157] {processor.py:641} INFO - Processing file /home/nayara/Documentos/airflowalura/venv/lib/python3.9/site-packages/airflow/example_dags/example_bash_operator.py for tasks to queue
[2022-11-01 23:05:07,157] {logging_mixin.py:115} INFO - [2022-11-01 23:05:07,157] {dagbag.py:507} INFO - Filling up the DagBag from /home/nayara/Documentos/airflowalura/venv/lib/python3.9/site-packages/airflow/example_dags/example_bash_operator.py
[2022-11-01 23:05:07,174] {processor.py:651} INFO - DAG(s) dict_keys(['example_bash_operator']) retrieved from /home/nayara/Documentos/airflowalura/venv/lib/python3.9/site-packages/airflow/example_dags/example_bash_operator.py
[2022-11-01 23:05:07,196] {logging_mixin.py:115} INFO - [2022-11-01 23:05:07,196] {dag.py:2379} INFO - Sync 1 DAGs
[2022-11-01 23:05:07,221] {logging_mixin.py:115} INFO - [2022-11-01 23:05:07,221] {dag.py:2927} INFO - Setting next_dagrun for example_bash_operator to 2022-11-01T00:00:00+00:00, run_after=2022-11-02T00:00:00+00:00
[2022-11-01 23:05:07,386] {processor.py:161} INFO - Processing /home/nayara/Documentos/airflowalura/venv/lib/python3.9/site-packages/airflow/example_dags/example_bash_operator.py took 0.236 seconds
[2022-11-01 23:06:25,726] {processor.py:153} INFO - Started process (PID=20880) to work on /home/nayara/Documentos/airflowalura/venv/lib/python3.9/site-packages/airflow/example_dags/example_bash_operator.py
[2022-11-01 23:06:25,753] {processor.py:641} INFO - Processing file /home/nayara/Documentos/airflowalura/venv/lib/python3.9/site-packages/airflow/example_dags/example_bash_operator.py for tasks to queue
[2022-11-01 23:06:25,754] {logging_mixin.py:115} INFO - [2022-11-01 23:06:25,753] {dagbag.py:507} INFO - Filling up the DagBag from /home/nayara/Documentos/airflowalura/venv/lib/python3.9/site-packages/airflow/example_dags/example_bash_operator.py
[2022-11-01 23:06:25,768] {processor.py:651} INFO - DAG(s) dict_keys(['example_bash_operator']) retrieved from /home/nayara/Documentos/airflowalura/venv/lib/python3.9/site-packages/airflow/example_dags/example_bash_operator.py
[2022-11-01 23:06:25,789] {logging_mixin.py:115} INFO - [2022-11-01 23:06:25,789] {dag.py:2379} INFO - Sync 1 DAGs
[2022-11-01 23:06:25,810] {logging_mixin.py:115} INFO - [2022-11-01 23:06:25,810] {dag.py:2927} INFO - Setting next_dagrun for example_bash_operator to 2022-11-01T00:00:00+00:00, run_after=2022-11-02T00:00:00+00:00
[2022-11-01 23:06:26,037] {processor.py:161} INFO - Processing /home/nayara/Documentos/airflowalura/venv/lib/python3.9/site-packages/airflow/example_dags/example_bash_operator.py took 0.316 seconds
[2022-11-01 23:07:52,406] {processor.py:153} INFO - Started process (PID=21105) to work on /home/nayara/Documentos/airflowalura/venv/lib/python3.9/site-packages/airflow/example_dags/example_bash_operator.py
[2022-11-01 23:07:52,489] {processor.py:641} INFO - Processing file /home/nayara/Documentos/airflowalura/venv/lib/python3.9/site-packages/airflow/example_dags/example_bash_operator.py for tasks to queue
[2022-11-01 23:07:52,492] {logging_mixin.py:115} INFO - [2022-11-01 23:07:52,491] {dagbag.py:507} INFO - Filling up the DagBag from /home/nayara/Documentos/airflowalura/venv/lib/python3.9/site-packages/airflow/example_dags/example_bash_operator.py
[2022-11-01 23:07:52,554] {processor.py:651} INFO - DAG(s) dict_keys(['example_bash_operator']) retrieved from /home/nayara/Documentos/airflowalura/venv/lib/python3.9/site-packages/airflow/example_dags/example_bash_operator.py
[2022-11-01 23:07:52,596] {logging_mixin.py:115} INFO - [2022-11-01 23:07:52,596] {dag.py:2379} INFO - Sync 1 DAGs
[2022-11-01 23:07:52,622] {logging_mixin.py:115} INFO - [2022-11-01 23:07:52,622] {dag.py:2927} INFO - Setting next_dagrun for example_bash_operator to 2022-11-01T00:00:00+00:00, run_after=2022-11-02T00:00:00+00:00
[2022-11-01 23:07:52,820] {processor.py:161} INFO - Processing /home/nayara/Documentos/airflowalura/venv/lib/python3.9/site-packages/airflow/example_dags/example_bash_operator.py took 0.426 seconds
[2022-11-01 23:08:54,653] {processor.py:153} INFO - Started process (PID=21235) to work on /home/nayara/Documentos/airflowalura/venv/lib/python3.9/site-packages/airflow/example_dags/example_bash_operator.py
[2022-11-01 23:08:54,685] {processor.py:641} INFO - Processing file /home/nayara/Documentos/airflowalura/venv/lib/python3.9/site-packages/airflow/example_dags/example_bash_operator.py for tasks to queue
[2022-11-01 23:08:54,686] {logging_mixin.py:115} INFO - [2022-11-01 23:08:54,686] {dagbag.py:507} INFO - Filling up the DagBag from /home/nayara/Documentos/airflowalura/venv/lib/python3.9/site-packages/airflow/example_dags/example_bash_operator.py
[2022-11-01 23:08:54,703] {processor.py:651} INFO - DAG(s) dict_keys(['example_bash_operator']) retrieved from /home/nayara/Documentos/airflowalura/venv/lib/python3.9/site-packages/airflow/example_dags/example_bash_operator.py
[2022-11-01 23:08:54,736] {logging_mixin.py:115} INFO - [2022-11-01 23:08:54,736] {dag.py:2379} INFO - Sync 1 DAGs
[2022-11-01 23:08:54,768] {logging_mixin.py:115} INFO - [2022-11-01 23:08:54,768] {dag.py:2927} INFO - Setting next_dagrun for example_bash_operator to 2022-11-01T00:00:00+00:00, run_after=2022-11-02T00:00:00+00:00
[2022-11-01 23:08:55,228] {processor.py:161} INFO - Processing /home/nayara/Documentos/airflowalura/venv/lib/python3.9/site-packages/airflow/example_dags/example_bash_operator.py took 0.578 seconds
[2022-11-01 23:10:29,700] {processor.py:153} INFO - Started process (PID=21506) to work on /home/nayara/Documentos/airflowalura/venv/lib/python3.9/site-packages/airflow/example_dags/example_bash_operator.py
[2022-11-01 23:10:29,762] {processor.py:641} INFO - Processing file /home/nayara/Documentos/airflowalura/venv/lib/python3.9/site-packages/airflow/example_dags/example_bash_operator.py for tasks to queue
[2022-11-01 23:10:29,765] {logging_mixin.py:115} INFO - [2022-11-01 23:10:29,765] {dagbag.py:507} INFO - Filling up the DagBag from /home/nayara/Documentos/airflowalura/venv/lib/python3.9/site-packages/airflow/example_dags/example_bash_operator.py
[2022-11-01 23:10:29,799] {processor.py:651} INFO - DAG(s) dict_keys(['example_bash_operator']) retrieved from /home/nayara/Documentos/airflowalura/venv/lib/python3.9/site-packages/airflow/example_dags/example_bash_operator.py
[2022-11-01 23:10:29,819] {logging_mixin.py:115} INFO - [2022-11-01 23:10:29,819] {dag.py:2379} INFO - Sync 1 DAGs
[2022-11-01 23:10:29,838] {logging_mixin.py:115} INFO - [2022-11-01 23:10:29,838] {dag.py:2927} INFO - Setting next_dagrun for example_bash_operator to 2022-11-01T00:00:00+00:00, run_after=2022-11-02T00:00:00+00:00
[2022-11-01 23:10:30,686] {processor.py:161} INFO - Processing /home/nayara/Documentos/airflowalura/venv/lib/python3.9/site-packages/airflow/example_dags/example_bash_operator.py took 0.992 seconds
[2022-11-01 23:12:05,284] {processor.py:153} INFO - Started process (PID=21749) to work on /home/nayara/Documentos/airflowalura/venv/lib/python3.9/site-packages/airflow/example_dags/example_bash_operator.py
[2022-11-01 23:12:05,413] {processor.py:641} INFO - Processing file /home/nayara/Documentos/airflowalura/venv/lib/python3.9/site-packages/airflow/example_dags/example_bash_operator.py for tasks to queue
[2022-11-01 23:12:05,416] {logging_mixin.py:115} INFO - [2022-11-01 23:12:05,415] {dagbag.py:507} INFO - Filling up the DagBag from /home/nayara/Documentos/airflowalura/venv/lib/python3.9/site-packages/airflow/example_dags/example_bash_operator.py
[2022-11-01 23:12:05,470] {processor.py:651} INFO - DAG(s) dict_keys(['example_bash_operator']) retrieved from /home/nayara/Documentos/airflowalura/venv/lib/python3.9/site-packages/airflow/example_dags/example_bash_operator.py
[2022-11-01 23:12:05,495] {logging_mixin.py:115} INFO - [2022-11-01 23:12:05,495] {dag.py:2379} INFO - Sync 1 DAGs
[2022-11-01 23:12:05,517] {logging_mixin.py:115} INFO - [2022-11-01 23:12:05,517] {dag.py:2927} INFO - Setting next_dagrun for example_bash_operator to 2022-11-01T00:00:00+00:00, run_after=2022-11-02T00:00:00+00:00
[2022-11-01 23:12:06,394] {processor.py:161} INFO - Processing /home/nayara/Documentos/airflowalura/venv/lib/python3.9/site-packages/airflow/example_dags/example_bash_operator.py took 1.127 seconds
[2022-11-01 23:13:21,965] {processor.py:153} INFO - Started process (PID=21901) to work on /home/nayara/Documentos/airflowalura/venv/lib/python3.9/site-packages/airflow/example_dags/example_bash_operator.py
[2022-11-01 23:13:21,992] {processor.py:641} INFO - Processing file /home/nayara/Documentos/airflowalura/venv/lib/python3.9/site-packages/airflow/example_dags/example_bash_operator.py for tasks to queue
[2022-11-01 23:13:21,996] {logging_mixin.py:115} INFO - [2022-11-01 23:13:21,995] {dagbag.py:507} INFO - Filling up the DagBag from /home/nayara/Documentos/airflowalura/venv/lib/python3.9/site-packages/airflow/example_dags/example_bash_operator.py
[2022-11-01 23:13:22,049] {processor.py:651} INFO - DAG(s) dict_keys(['example_bash_operator']) retrieved from /home/nayara/Documentos/airflowalura/venv/lib/python3.9/site-packages/airflow/example_dags/example_bash_operator.py
[2022-11-01 23:13:22,315] {logging_mixin.py:115} INFO - [2022-11-01 23:13:22,315] {dag.py:2379} INFO - Sync 1 DAGs
[2022-11-01 23:13:22,349] {logging_mixin.py:115} INFO - [2022-11-01 23:13:22,348] {dag.py:2927} INFO - Setting next_dagrun for example_bash_operator to 2022-11-01T00:00:00+00:00, run_after=2022-11-02T00:00:00+00:00
[2022-11-01 23:13:22,747] {processor.py:161} INFO - Processing /home/nayara/Documentos/airflowalura/venv/lib/python3.9/site-packages/airflow/example_dags/example_bash_operator.py took 0.792 seconds
[2022-11-01 23:14:33,766] {processor.py:153} INFO - Started process (PID=22103) to work on /home/nayara/Documentos/airflowalura/venv/lib/python3.9/site-packages/airflow/example_dags/example_bash_operator.py
[2022-11-01 23:14:33,794] {processor.py:641} INFO - Processing file /home/nayara/Documentos/airflowalura/venv/lib/python3.9/site-packages/airflow/example_dags/example_bash_operator.py for tasks to queue
[2022-11-01 23:14:33,795] {logging_mixin.py:115} INFO - [2022-11-01 23:14:33,795] {dagbag.py:507} INFO - Filling up the DagBag from /home/nayara/Documentos/airflowalura/venv/lib/python3.9/site-packages/airflow/example_dags/example_bash_operator.py
[2022-11-01 23:14:33,813] {processor.py:651} INFO - DAG(s) dict_keys(['example_bash_operator']) retrieved from /home/nayara/Documentos/airflowalura/venv/lib/python3.9/site-packages/airflow/example_dags/example_bash_operator.py
[2022-11-01 23:14:33,837] {logging_mixin.py:115} INFO - [2022-11-01 23:14:33,837] {dag.py:2379} INFO - Sync 1 DAGs
[2022-11-01 23:14:33,858] {logging_mixin.py:115} INFO - [2022-11-01 23:14:33,858] {dag.py:2927} INFO - Setting next_dagrun for example_bash_operator to 2022-11-01T00:00:00+00:00, run_after=2022-11-02T00:00:00+00:00
[2022-11-01 23:14:34,330] {processor.py:161} INFO - Processing /home/nayara/Documentos/airflowalura/venv/lib/python3.9/site-packages/airflow/example_dags/example_bash_operator.py took 0.578 seconds
[2022-11-01 23:15:34,685] {processor.py:153} INFO - Started process (PID=22247) to work on /home/nayara/Documentos/airflowalura/venv/lib/python3.9/site-packages/airflow/example_dags/example_bash_operator.py
[2022-11-01 23:15:34,702] {processor.py:641} INFO - Processing file /home/nayara/Documentos/airflowalura/venv/lib/python3.9/site-packages/airflow/example_dags/example_bash_operator.py for tasks to queue
[2022-11-01 23:15:34,704] {logging_mixin.py:115} INFO - [2022-11-01 23:15:34,704] {dagbag.py:507} INFO - Filling up the DagBag from /home/nayara/Documentos/airflowalura/venv/lib/python3.9/site-packages/airflow/example_dags/example_bash_operator.py
[2022-11-01 23:15:34,738] {processor.py:651} INFO - DAG(s) dict_keys(['example_bash_operator']) retrieved from /home/nayara/Documentos/airflowalura/venv/lib/python3.9/site-packages/airflow/example_dags/example_bash_operator.py
[2022-11-01 23:15:34,771] {logging_mixin.py:115} INFO - [2022-11-01 23:15:34,771] {dag.py:2379} INFO - Sync 1 DAGs
[2022-11-01 23:15:34,794] {logging_mixin.py:115} INFO - [2022-11-01 23:15:34,794] {dag.py:2927} INFO - Setting next_dagrun for example_bash_operator to 2022-11-01T00:00:00+00:00, run_after=2022-11-02T00:00:00+00:00
[2022-11-01 23:15:35,031] {processor.py:161} INFO - Processing /home/nayara/Documentos/airflowalura/venv/lib/python3.9/site-packages/airflow/example_dags/example_bash_operator.py took 0.356 seconds
[2022-11-01 23:16:33,909] {processor.py:153} INFO - Started process (PID=22372) to work on /home/nayara/Documentos/airflowalura/venv/lib/python3.9/site-packages/airflow/example_dags/example_bash_operator.py
[2022-11-01 23:16:33,928] {processor.py:641} INFO - Processing file /home/nayara/Documentos/airflowalura/venv/lib/python3.9/site-packages/airflow/example_dags/example_bash_operator.py for tasks to queue
[2022-11-01 23:16:33,930] {logging_mixin.py:115} INFO - [2022-11-01 23:16:33,930] {dagbag.py:507} INFO - Filling up the DagBag from /home/nayara/Documentos/airflowalura/venv/lib/python3.9/site-packages/airflow/example_dags/example_bash_operator.py
[2022-11-01 23:16:33,965] {processor.py:651} INFO - DAG(s) dict_keys(['example_bash_operator']) retrieved from /home/nayara/Documentos/airflowalura/venv/lib/python3.9/site-packages/airflow/example_dags/example_bash_operator.py
[2022-11-01 23:16:34,002] {logging_mixin.py:115} INFO - [2022-11-01 23:16:34,002] {dag.py:2379} INFO - Sync 1 DAGs
[2022-11-01 23:16:34,028] {logging_mixin.py:115} INFO - [2022-11-01 23:16:34,027] {dag.py:2927} INFO - Setting next_dagrun for example_bash_operator to 2022-11-01T00:00:00+00:00, run_after=2022-11-02T00:00:00+00:00
[2022-11-01 23:16:34,329] {processor.py:161} INFO - Processing /home/nayara/Documentos/airflowalura/venv/lib/python3.9/site-packages/airflow/example_dags/example_bash_operator.py took 0.425 seconds
[2022-11-01 23:17:43,763] {processor.py:153} INFO - Started process (PID=22527) to work on /home/nayara/Documentos/airflowalura/venv/lib/python3.9/site-packages/airflow/example_dags/example_bash_operator.py
[2022-11-01 23:17:43,934] {processor.py:641} INFO - Processing file /home/nayara/Documentos/airflowalura/venv/lib/python3.9/site-packages/airflow/example_dags/example_bash_operator.py for tasks to queue
[2022-11-01 23:17:43,940] {logging_mixin.py:115} INFO - [2022-11-01 23:17:43,939] {dagbag.py:507} INFO - Filling up the DagBag from /home/nayara/Documentos/airflowalura/venv/lib/python3.9/site-packages/airflow/example_dags/example_bash_operator.py
[2022-11-01 23:17:44,023] {processor.py:651} INFO - DAG(s) dict_keys(['example_bash_operator']) retrieved from /home/nayara/Documentos/airflowalura/venv/lib/python3.9/site-packages/airflow/example_dags/example_bash_operator.py
[2022-11-01 23:17:44,065] {logging_mixin.py:115} INFO - [2022-11-01 23:17:44,064] {dag.py:2379} INFO - Sync 1 DAGs
[2022-11-01 23:17:44,095] {logging_mixin.py:115} INFO - [2022-11-01 23:17:44,095] {dag.py:2927} INFO - Setting next_dagrun for example_bash_operator to 2022-11-01T00:00:00+00:00, run_after=2022-11-02T00:00:00+00:00
[2022-11-01 23:17:44,891] {processor.py:161} INFO - Processing /home/nayara/Documentos/airflowalura/venv/lib/python3.9/site-packages/airflow/example_dags/example_bash_operator.py took 1.144 seconds
[2022-11-01 23:19:02,428] {processor.py:153} INFO - Started process (PID=22675) to work on /home/nayara/Documentos/airflowalura/venv/lib/python3.9/site-packages/airflow/example_dags/example_bash_operator.py
[2022-11-01 23:19:02,430] {processor.py:641} INFO - Processing file /home/nayara/Documentos/airflowalura/venv/lib/python3.9/site-packages/airflow/example_dags/example_bash_operator.py for tasks to queue
[2022-11-01 23:19:02,431] {logging_mixin.py:115} INFO - [2022-11-01 23:19:02,431] {dagbag.py:507} INFO - Filling up the DagBag from /home/nayara/Documentos/airflowalura/venv/lib/python3.9/site-packages/airflow/example_dags/example_bash_operator.py
[2022-11-01 23:19:02,446] {processor.py:651} INFO - DAG(s) dict_keys(['example_bash_operator']) retrieved from /home/nayara/Documentos/airflowalura/venv/lib/python3.9/site-packages/airflow/example_dags/example_bash_operator.py
[2022-11-01 23:19:02,466] {logging_mixin.py:115} INFO - [2022-11-01 23:19:02,466] {dag.py:2379} INFO - Sync 1 DAGs
[2022-11-01 23:19:02,485] {logging_mixin.py:115} INFO - [2022-11-01 23:19:02,485] {dag.py:2927} INFO - Setting next_dagrun for example_bash_operator to 2022-11-01T00:00:00+00:00, run_after=2022-11-02T00:00:00+00:00
[2022-11-01 23:19:02,981] {processor.py:161} INFO - Processing /home/nayara/Documentos/airflowalura/venv/lib/python3.9/site-packages/airflow/example_dags/example_bash_operator.py took 0.558 seconds
[2022-11-01 23:20:38,872] {processor.py:153} INFO - Started process (PID=22913) to work on /home/nayara/Documentos/airflowalura/venv/lib/python3.9/site-packages/airflow/example_dags/example_bash_operator.py
[2022-11-01 23:20:38,890] {processor.py:641} INFO - Processing file /home/nayara/Documentos/airflowalura/venv/lib/python3.9/site-packages/airflow/example_dags/example_bash_operator.py for tasks to queue
[2022-11-01 23:20:38,893] {logging_mixin.py:115} INFO - [2022-11-01 23:20:38,892] {dagbag.py:507} INFO - Filling up the DagBag from /home/nayara/Documentos/airflowalura/venv/lib/python3.9/site-packages/airflow/example_dags/example_bash_operator.py
[2022-11-01 23:20:38,953] {processor.py:651} INFO - DAG(s) dict_keys(['example_bash_operator']) retrieved from /home/nayara/Documentos/airflowalura/venv/lib/python3.9/site-packages/airflow/example_dags/example_bash_operator.py
[2022-11-01 23:20:38,982] {logging_mixin.py:115} INFO - [2022-11-01 23:20:38,982] {dag.py:2379} INFO - Sync 1 DAGs
[2022-11-01 23:20:39,008] {logging_mixin.py:115} INFO - [2022-11-01 23:20:39,008] {dag.py:2927} INFO - Setting next_dagrun for example_bash_operator to 2022-11-01T00:00:00+00:00, run_after=2022-11-02T00:00:00+00:00
[2022-11-01 23:20:39,281] {processor.py:161} INFO - Processing /home/nayara/Documentos/airflowalura/venv/lib/python3.9/site-packages/airflow/example_dags/example_bash_operator.py took 0.414 seconds
