[2022-11-01 22:40:40,111] {processor.py:153} INFO - Started process (PID=17784) to work on /home/nayara/Documentos/airflowalura/venv/lib/python3.9/site-packages/airflow/example_dags/example_subdag_operator.py
[2022-11-01 22:40:40,113] {processor.py:641} INFO - Processing file /home/nayara/Documentos/airflowalura/venv/lib/python3.9/site-packages/airflow/example_dags/example_subdag_operator.py for tasks to queue
[2022-11-01 22:40:40,116] {logging_mixin.py:115} INFO - [2022-11-01 22:40:40,115] {dagbag.py:507} INFO - Filling up the DagBag from /home/nayara/Documentos/airflowalura/venv/lib/python3.9/site-packages/airflow/example_dags/example_subdag_operator.py
[2022-11-01 22:40:40,196] {processor.py:651} INFO - DAG(s) dict_keys(['example_subdag_operator.section-1', 'example_subdag_operator.section-2', 'example_subdag_operator']) retrieved from /home/nayara/Documentos/airflowalura/venv/lib/python3.9/site-packages/airflow/example_dags/example_subdag_operator.py
[2022-11-01 22:40:40,238] {logging_mixin.py:115} INFO - [2022-11-01 22:40:40,238] {dag.py:2379} INFO - Sync 3 DAGs
[2022-11-01 22:40:40,265] {logging_mixin.py:115} INFO - [2022-11-01 22:40:40,265] {dag.py:2927} INFO - Setting next_dagrun for example_subdag_operator to 2022-01-01T00:00:00+00:00, run_after=2022-01-01T00:00:00+00:00
[2022-11-01 22:40:40,266] {logging_mixin.py:115} INFO - [2022-11-01 22:40:40,265] {dag.py:2927} INFO - Setting next_dagrun for example_subdag_operator.section-1 to None, run_after=None
[2022-11-01 22:40:40,266] {logging_mixin.py:115} INFO - [2022-11-01 22:40:40,266] {dag.py:2927} INFO - Setting next_dagrun for example_subdag_operator.section-2 to None, run_after=None
[2022-11-01 22:40:40,276] {logging_mixin.py:115} INFO - [2022-11-01 22:40:40,276] {dag.py:2379} INFO - Sync 2 DAGs
[2022-11-01 22:40:40,284] {logging_mixin.py:115} INFO - [2022-11-01 22:40:40,283] {dag.py:2927} INFO - Setting next_dagrun for example_subdag_operator.section-1 to None, run_after=None
[2022-11-01 22:40:40,284] {logging_mixin.py:115} INFO - [2022-11-01 22:40:40,284] {dag.py:2927} INFO - Setting next_dagrun for example_subdag_operator.section-2 to None, run_after=None
[2022-11-01 22:40:40,988] {processor.py:161} INFO - Processing /home/nayara/Documentos/airflowalura/venv/lib/python3.9/site-packages/airflow/example_dags/example_subdag_operator.py took 0.890 seconds
[2022-11-01 22:43:08,255] {processor.py:153} INFO - Started process (PID=17988) to work on /home/nayara/Documentos/airflowalura/venv/lib/python3.9/site-packages/airflow/example_dags/example_subdag_operator.py
[2022-11-01 22:43:08,256] {processor.py:641} INFO - Processing file /home/nayara/Documentos/airflowalura/venv/lib/python3.9/site-packages/airflow/example_dags/example_subdag_operator.py for tasks to queue
[2022-11-01 22:43:08,264] {logging_mixin.py:115} INFO - [2022-11-01 22:43:08,257] {dagbag.py:507} INFO - Filling up the DagBag from /home/nayara/Documentos/airflowalura/venv/lib/python3.9/site-packages/airflow/example_dags/example_subdag_operator.py
[2022-11-01 22:43:08,362] {processor.py:651} INFO - DAG(s) dict_keys(['example_subdag_operator.section-1', 'example_subdag_operator.section-2', 'example_subdag_operator']) retrieved from /home/nayara/Documentos/airflowalura/venv/lib/python3.9/site-packages/airflow/example_dags/example_subdag_operator.py
[2022-11-01 22:43:08,430] {logging_mixin.py:115} INFO - [2022-11-01 22:43:08,428] {dag.py:2379} INFO - Sync 3 DAGs
[2022-11-01 22:43:08,461] {logging_mixin.py:115} INFO - [2022-11-01 22:43:08,461] {dag.py:2927} INFO - Setting next_dagrun for example_subdag_operator to 2022-01-01T00:00:00+00:00, run_after=2022-01-01T00:00:00+00:00
[2022-11-01 22:43:08,461] {logging_mixin.py:115} INFO - [2022-11-01 22:43:08,461] {dag.py:2927} INFO - Setting next_dagrun for example_subdag_operator.section-1 to None, run_after=None
[2022-11-01 22:43:08,462] {logging_mixin.py:115} INFO - [2022-11-01 22:43:08,462] {dag.py:2927} INFO - Setting next_dagrun for example_subdag_operator.section-2 to None, run_after=None
[2022-11-01 22:43:08,492] {logging_mixin.py:115} INFO - [2022-11-01 22:43:08,492] {dag.py:2379} INFO - Sync 2 DAGs
[2022-11-01 22:43:08,510] {logging_mixin.py:115} INFO - [2022-11-01 22:43:08,510] {dag.py:2927} INFO - Setting next_dagrun for example_subdag_operator.section-1 to None, run_after=None
[2022-11-01 22:43:08,511] {logging_mixin.py:115} INFO - [2022-11-01 22:43:08,511] {dag.py:2927} INFO - Setting next_dagrun for example_subdag_operator.section-2 to None, run_after=None
[2022-11-01 22:43:08,967] {processor.py:161} INFO - Processing /home/nayara/Documentos/airflowalura/venv/lib/python3.9/site-packages/airflow/example_dags/example_subdag_operator.py took 0.725 seconds
[2022-11-01 22:44:38,664] {processor.py:153} INFO - Started process (PID=18136) to work on /home/nayara/Documentos/airflowalura/venv/lib/python3.9/site-packages/airflow/example_dags/example_subdag_operator.py
[2022-11-01 22:44:38,678] {processor.py:641} INFO - Processing file /home/nayara/Documentos/airflowalura/venv/lib/python3.9/site-packages/airflow/example_dags/example_subdag_operator.py for tasks to queue
[2022-11-01 22:44:38,680] {logging_mixin.py:115} INFO - [2022-11-01 22:44:38,679] {dagbag.py:507} INFO - Filling up the DagBag from /home/nayara/Documentos/airflowalura/venv/lib/python3.9/site-packages/airflow/example_dags/example_subdag_operator.py
[2022-11-01 22:44:38,777] {processor.py:651} INFO - DAG(s) dict_keys(['example_subdag_operator.section-1', 'example_subdag_operator.section-2', 'example_subdag_operator']) retrieved from /home/nayara/Documentos/airflowalura/venv/lib/python3.9/site-packages/airflow/example_dags/example_subdag_operator.py
[2022-11-01 22:44:38,821] {logging_mixin.py:115} INFO - [2022-11-01 22:44:38,821] {dag.py:2379} INFO - Sync 3 DAGs
[2022-11-01 22:44:38,857] {logging_mixin.py:115} INFO - [2022-11-01 22:44:38,856] {dag.py:2927} INFO - Setting next_dagrun for example_subdag_operator to 2022-01-01T00:00:00+00:00, run_after=2022-01-01T00:00:00+00:00
[2022-11-01 22:44:38,858] {logging_mixin.py:115} INFO - [2022-11-01 22:44:38,858] {dag.py:2927} INFO - Setting next_dagrun for example_subdag_operator.section-1 to None, run_after=None
[2022-11-01 22:44:38,859] {logging_mixin.py:115} INFO - [2022-11-01 22:44:38,859] {dag.py:2927} INFO - Setting next_dagrun for example_subdag_operator.section-2 to None, run_after=None
[2022-11-01 22:44:38,870] {logging_mixin.py:115} INFO - [2022-11-01 22:44:38,870] {dag.py:2379} INFO - Sync 2 DAGs
[2022-11-01 22:44:38,879] {logging_mixin.py:115} INFO - [2022-11-01 22:44:38,879] {dag.py:2927} INFO - Setting next_dagrun for example_subdag_operator.section-1 to None, run_after=None
[2022-11-01 22:44:38,879] {logging_mixin.py:115} INFO - [2022-11-01 22:44:38,879] {dag.py:2927} INFO - Setting next_dagrun for example_subdag_operator.section-2 to None, run_after=None
[2022-11-01 22:44:39,158] {processor.py:161} INFO - Processing /home/nayara/Documentos/airflowalura/venv/lib/python3.9/site-packages/airflow/example_dags/example_subdag_operator.py took 0.500 seconds
[2022-11-01 22:45:43,403] {processor.py:153} INFO - Started process (PID=18243) to work on /home/nayara/Documentos/airflowalura/venv/lib/python3.9/site-packages/airflow/example_dags/example_subdag_operator.py
[2022-11-01 22:45:43,418] {processor.py:641} INFO - Processing file /home/nayara/Documentos/airflowalura/venv/lib/python3.9/site-packages/airflow/example_dags/example_subdag_operator.py for tasks to queue
[2022-11-01 22:45:43,419] {logging_mixin.py:115} INFO - [2022-11-01 22:45:43,418] {dagbag.py:507} INFO - Filling up the DagBag from /home/nayara/Documentos/airflowalura/venv/lib/python3.9/site-packages/airflow/example_dags/example_subdag_operator.py
[2022-11-01 22:45:43,494] {processor.py:651} INFO - DAG(s) dict_keys(['example_subdag_operator.section-1', 'example_subdag_operator.section-2', 'example_subdag_operator']) retrieved from /home/nayara/Documentos/airflowalura/venv/lib/python3.9/site-packages/airflow/example_dags/example_subdag_operator.py
[2022-11-01 22:45:43,537] {logging_mixin.py:115} INFO - [2022-11-01 22:45:43,536] {dag.py:2379} INFO - Sync 3 DAGs
[2022-11-01 22:45:43,573] {logging_mixin.py:115} INFO - [2022-11-01 22:45:43,572] {dag.py:2927} INFO - Setting next_dagrun for example_subdag_operator to 2022-01-01T00:00:00+00:00, run_after=2022-01-01T00:00:00+00:00
[2022-11-01 22:45:43,573] {logging_mixin.py:115} INFO - [2022-11-01 22:45:43,573] {dag.py:2927} INFO - Setting next_dagrun for example_subdag_operator.section-1 to None, run_after=None
[2022-11-01 22:45:43,573] {logging_mixin.py:115} INFO - [2022-11-01 22:45:43,573] {dag.py:2927} INFO - Setting next_dagrun for example_subdag_operator.section-2 to None, run_after=None
[2022-11-01 22:45:43,583] {logging_mixin.py:115} INFO - [2022-11-01 22:45:43,583] {dag.py:2379} INFO - Sync 2 DAGs
[2022-11-01 22:45:43,597] {logging_mixin.py:115} INFO - [2022-11-01 22:45:43,596] {dag.py:2927} INFO - Setting next_dagrun for example_subdag_operator.section-1 to None, run_after=None
[2022-11-01 22:45:43,597] {logging_mixin.py:115} INFO - [2022-11-01 22:45:43,597] {dag.py:2927} INFO - Setting next_dagrun for example_subdag_operator.section-2 to None, run_after=None
[2022-11-01 22:45:43,799] {processor.py:161} INFO - Processing /home/nayara/Documentos/airflowalura/venv/lib/python3.9/site-packages/airflow/example_dags/example_subdag_operator.py took 0.405 seconds
[2022-11-01 22:46:44,816] {processor.py:153} INFO - Started process (PID=18376) to work on /home/nayara/Documentos/airflowalura/venv/lib/python3.9/site-packages/airflow/example_dags/example_subdag_operator.py
[2022-11-01 22:46:44,845] {processor.py:641} INFO - Processing file /home/nayara/Documentos/airflowalura/venv/lib/python3.9/site-packages/airflow/example_dags/example_subdag_operator.py for tasks to queue
[2022-11-01 22:46:44,847] {logging_mixin.py:115} INFO - [2022-11-01 22:46:44,846] {dagbag.py:507} INFO - Filling up the DagBag from /home/nayara/Documentos/airflowalura/venv/lib/python3.9/site-packages/airflow/example_dags/example_subdag_operator.py
[2022-11-01 22:46:44,909] {processor.py:651} INFO - DAG(s) dict_keys(['example_subdag_operator.section-1', 'example_subdag_operator.section-2', 'example_subdag_operator']) retrieved from /home/nayara/Documentos/airflowalura/venv/lib/python3.9/site-packages/airflow/example_dags/example_subdag_operator.py
[2022-11-01 22:46:44,953] {logging_mixin.py:115} INFO - [2022-11-01 22:46:44,953] {dag.py:2379} INFO - Sync 3 DAGs
[2022-11-01 22:46:44,988] {logging_mixin.py:115} INFO - [2022-11-01 22:46:44,987] {dag.py:2927} INFO - Setting next_dagrun for example_subdag_operator to 2022-01-01T00:00:00+00:00, run_after=2022-01-01T00:00:00+00:00
[2022-11-01 22:46:44,989] {logging_mixin.py:115} INFO - [2022-11-01 22:46:44,989] {dag.py:2927} INFO - Setting next_dagrun for example_subdag_operator.section-1 to None, run_after=None
[2022-11-01 22:46:44,989] {logging_mixin.py:115} INFO - [2022-11-01 22:46:44,989] {dag.py:2927} INFO - Setting next_dagrun for example_subdag_operator.section-2 to None, run_after=None
[2022-11-01 22:46:45,005] {logging_mixin.py:115} INFO - [2022-11-01 22:46:45,005] {dag.py:2379} INFO - Sync 2 DAGs
[2022-11-01 22:46:45,017] {logging_mixin.py:115} INFO - [2022-11-01 22:46:45,017] {dag.py:2927} INFO - Setting next_dagrun for example_subdag_operator.section-1 to None, run_after=None
[2022-11-01 22:46:45,018] {logging_mixin.py:115} INFO - [2022-11-01 22:46:45,018] {dag.py:2927} INFO - Setting next_dagrun for example_subdag_operator.section-2 to None, run_after=None
[2022-11-01 22:46:45,522] {processor.py:161} INFO - Processing /home/nayara/Documentos/airflowalura/venv/lib/python3.9/site-packages/airflow/example_dags/example_subdag_operator.py took 0.716 seconds
[2022-11-01 22:47:47,524] {processor.py:153} INFO - Started process (PID=18518) to work on /home/nayara/Documentos/airflowalura/venv/lib/python3.9/site-packages/airflow/example_dags/example_subdag_operator.py
[2022-11-01 22:47:47,589] {processor.py:641} INFO - Processing file /home/nayara/Documentos/airflowalura/venv/lib/python3.9/site-packages/airflow/example_dags/example_subdag_operator.py for tasks to queue
[2022-11-01 22:47:47,590] {logging_mixin.py:115} INFO - [2022-11-01 22:47:47,590] {dagbag.py:507} INFO - Filling up the DagBag from /home/nayara/Documentos/airflowalura/venv/lib/python3.9/site-packages/airflow/example_dags/example_subdag_operator.py
[2022-11-01 22:47:47,640] {processor.py:651} INFO - DAG(s) dict_keys(['example_subdag_operator.section-1', 'example_subdag_operator.section-2', 'example_subdag_operator']) retrieved from /home/nayara/Documentos/airflowalura/venv/lib/python3.9/site-packages/airflow/example_dags/example_subdag_operator.py
[2022-11-01 22:47:47,689] {logging_mixin.py:115} INFO - [2022-11-01 22:47:47,689] {dag.py:2379} INFO - Sync 3 DAGs
[2022-11-01 22:47:47,735] {logging_mixin.py:115} INFO - [2022-11-01 22:47:47,735] {dag.py:2927} INFO - Setting next_dagrun for example_subdag_operator to 2022-01-01T00:00:00+00:00, run_after=2022-01-01T00:00:00+00:00
[2022-11-01 22:47:47,736] {logging_mixin.py:115} INFO - [2022-11-01 22:47:47,736] {dag.py:2927} INFO - Setting next_dagrun for example_subdag_operator.section-1 to None, run_after=None
[2022-11-01 22:47:47,736] {logging_mixin.py:115} INFO - [2022-11-01 22:47:47,736] {dag.py:2927} INFO - Setting next_dagrun for example_subdag_operator.section-2 to None, run_after=None
[2022-11-01 22:47:47,756] {logging_mixin.py:115} INFO - [2022-11-01 22:47:47,755] {dag.py:2379} INFO - Sync 2 DAGs
[2022-11-01 22:47:47,768] {logging_mixin.py:115} INFO - [2022-11-01 22:47:47,768] {dag.py:2927} INFO - Setting next_dagrun for example_subdag_operator.section-1 to None, run_after=None
[2022-11-01 22:47:47,769] {logging_mixin.py:115} INFO - [2022-11-01 22:47:47,769] {dag.py:2927} INFO - Setting next_dagrun for example_subdag_operator.section-2 to None, run_after=None
[2022-11-01 22:47:48,270] {processor.py:161} INFO - Processing /home/nayara/Documentos/airflowalura/venv/lib/python3.9/site-packages/airflow/example_dags/example_subdag_operator.py took 0.751 seconds
[2022-11-01 22:48:44,405] {processor.py:153} INFO - Started process (PID=18627) to work on /home/nayara/Documentos/airflowalura/venv/lib/python3.9/site-packages/airflow/example_dags/example_subdag_operator.py
[2022-11-01 22:48:44,407] {processor.py:641} INFO - Processing file /home/nayara/Documentos/airflowalura/venv/lib/python3.9/site-packages/airflow/example_dags/example_subdag_operator.py for tasks to queue
[2022-11-01 22:48:44,408] {logging_mixin.py:115} INFO - [2022-11-01 22:48:44,407] {dagbag.py:507} INFO - Filling up the DagBag from /home/nayara/Documentos/airflowalura/venv/lib/python3.9/site-packages/airflow/example_dags/example_subdag_operator.py
[2022-11-01 22:48:44,473] {processor.py:651} INFO - DAG(s) dict_keys(['example_subdag_operator.section-1', 'example_subdag_operator.section-2', 'example_subdag_operator']) retrieved from /home/nayara/Documentos/airflowalura/venv/lib/python3.9/site-packages/airflow/example_dags/example_subdag_operator.py
[2022-11-01 22:48:44,857] {logging_mixin.py:115} INFO - [2022-11-01 22:48:44,857] {dag.py:2379} INFO - Sync 3 DAGs
[2022-11-01 22:48:44,894] {logging_mixin.py:115} INFO - [2022-11-01 22:48:44,893] {dag.py:2927} INFO - Setting next_dagrun for example_subdag_operator to 2022-01-01T00:00:00+00:00, run_after=2022-01-01T00:00:00+00:00
[2022-11-01 22:48:44,894] {logging_mixin.py:115} INFO - [2022-11-01 22:48:44,894] {dag.py:2927} INFO - Setting next_dagrun for example_subdag_operator.section-1 to None, run_after=None
[2022-11-01 22:48:44,894] {logging_mixin.py:115} INFO - [2022-11-01 22:48:44,894] {dag.py:2927} INFO - Setting next_dagrun for example_subdag_operator.section-2 to None, run_after=None
[2022-11-01 22:48:44,911] {logging_mixin.py:115} INFO - [2022-11-01 22:48:44,911] {dag.py:2379} INFO - Sync 2 DAGs
[2022-11-01 22:48:44,926] {logging_mixin.py:115} INFO - [2022-11-01 22:48:44,926] {dag.py:2927} INFO - Setting next_dagrun for example_subdag_operator.section-1 to None, run_after=None
[2022-11-01 22:48:44,926] {logging_mixin.py:115} INFO - [2022-11-01 22:48:44,926] {dag.py:2927} INFO - Setting next_dagrun for example_subdag_operator.section-2 to None, run_after=None
[2022-11-01 22:48:45,376] {processor.py:161} INFO - Processing /home/nayara/Documentos/airflowalura/venv/lib/python3.9/site-packages/airflow/example_dags/example_subdag_operator.py took 0.977 seconds
[2022-11-01 22:49:41,192] {processor.py:153} INFO - Started process (PID=18737) to work on /home/nayara/Documentos/airflowalura/venv/lib/python3.9/site-packages/airflow/example_dags/example_subdag_operator.py
[2022-11-01 22:49:41,206] {processor.py:641} INFO - Processing file /home/nayara/Documentos/airflowalura/venv/lib/python3.9/site-packages/airflow/example_dags/example_subdag_operator.py for tasks to queue
[2022-11-01 22:49:41,211] {logging_mixin.py:115} INFO - [2022-11-01 22:49:41,210] {dagbag.py:507} INFO - Filling up the DagBag from /home/nayara/Documentos/airflowalura/venv/lib/python3.9/site-packages/airflow/example_dags/example_subdag_operator.py
[2022-11-01 22:49:41,260] {processor.py:651} INFO - DAG(s) dict_keys(['example_subdag_operator.section-1', 'example_subdag_operator.section-2', 'example_subdag_operator']) retrieved from /home/nayara/Documentos/airflowalura/venv/lib/python3.9/site-packages/airflow/example_dags/example_subdag_operator.py
[2022-11-01 22:49:41,302] {logging_mixin.py:115} INFO - [2022-11-01 22:49:41,302] {dag.py:2379} INFO - Sync 3 DAGs
[2022-11-01 22:49:41,337] {logging_mixin.py:115} INFO - [2022-11-01 22:49:41,337] {dag.py:2927} INFO - Setting next_dagrun for example_subdag_operator to 2022-01-01T00:00:00+00:00, run_after=2022-01-01T00:00:00+00:00
[2022-11-01 22:49:41,338] {logging_mixin.py:115} INFO - [2022-11-01 22:49:41,337] {dag.py:2927} INFO - Setting next_dagrun for example_subdag_operator.section-1 to None, run_after=None
[2022-11-01 22:49:41,338] {logging_mixin.py:115} INFO - [2022-11-01 22:49:41,338] {dag.py:2927} INFO - Setting next_dagrun for example_subdag_operator.section-2 to None, run_after=None
[2022-11-01 22:49:41,354] {logging_mixin.py:115} INFO - [2022-11-01 22:49:41,354] {dag.py:2379} INFO - Sync 2 DAGs
[2022-11-01 22:49:41,367] {logging_mixin.py:115} INFO - [2022-11-01 22:49:41,367] {dag.py:2927} INFO - Setting next_dagrun for example_subdag_operator.section-1 to None, run_after=None
[2022-11-01 22:49:41,368] {logging_mixin.py:115} INFO - [2022-11-01 22:49:41,367] {dag.py:2927} INFO - Setting next_dagrun for example_subdag_operator.section-2 to None, run_after=None
[2022-11-01 22:49:41,583] {processor.py:161} INFO - Processing /home/nayara/Documentos/airflowalura/venv/lib/python3.9/site-packages/airflow/example_dags/example_subdag_operator.py took 0.397 seconds
[2022-11-01 22:50:36,917] {processor.py:153} INFO - Started process (PID=18840) to work on /home/nayara/Documentos/airflowalura/venv/lib/python3.9/site-packages/airflow/example_dags/example_subdag_operator.py
[2022-11-01 22:50:36,943] {processor.py:641} INFO - Processing file /home/nayara/Documentos/airflowalura/venv/lib/python3.9/site-packages/airflow/example_dags/example_subdag_operator.py for tasks to queue
[2022-11-01 22:50:36,944] {logging_mixin.py:115} INFO - [2022-11-01 22:50:36,943] {dagbag.py:507} INFO - Filling up the DagBag from /home/nayara/Documentos/airflowalura/venv/lib/python3.9/site-packages/airflow/example_dags/example_subdag_operator.py
[2022-11-01 22:50:36,991] {processor.py:651} INFO - DAG(s) dict_keys(['example_subdag_operator.section-1', 'example_subdag_operator.section-2', 'example_subdag_operator']) retrieved from /home/nayara/Documentos/airflowalura/venv/lib/python3.9/site-packages/airflow/example_dags/example_subdag_operator.py
[2022-11-01 22:50:37,036] {logging_mixin.py:115} INFO - [2022-11-01 22:50:37,036] {dag.py:2379} INFO - Sync 3 DAGs
[2022-11-01 22:50:37,071] {logging_mixin.py:115} INFO - [2022-11-01 22:50:37,071] {dag.py:2927} INFO - Setting next_dagrun for example_subdag_operator to 2022-01-01T00:00:00+00:00, run_after=2022-01-01T00:00:00+00:00
[2022-11-01 22:50:37,072] {logging_mixin.py:115} INFO - [2022-11-01 22:50:37,072] {dag.py:2927} INFO - Setting next_dagrun for example_subdag_operator.section-1 to None, run_after=None
[2022-11-01 22:50:37,073] {logging_mixin.py:115} INFO - [2022-11-01 22:50:37,073] {dag.py:2927} INFO - Setting next_dagrun for example_subdag_operator.section-2 to None, run_after=None
[2022-11-01 22:50:37,091] {logging_mixin.py:115} INFO - [2022-11-01 22:50:37,091] {dag.py:2379} INFO - Sync 2 DAGs
[2022-11-01 22:50:37,098] {logging_mixin.py:115} INFO - [2022-11-01 22:50:37,097] {dag.py:2927} INFO - Setting next_dagrun for example_subdag_operator.section-1 to None, run_after=None
[2022-11-01 22:50:37,098] {logging_mixin.py:115} INFO - [2022-11-01 22:50:37,098] {dag.py:2927} INFO - Setting next_dagrun for example_subdag_operator.section-2 to None, run_after=None
[2022-11-01 22:50:37,298] {processor.py:161} INFO - Processing /home/nayara/Documentos/airflowalura/venv/lib/python3.9/site-packages/airflow/example_dags/example_subdag_operator.py took 0.388 seconds
[2022-11-01 22:51:49,515] {processor.py:153} INFO - Started process (PID=19005) to work on /home/nayara/Documentos/airflowalura/venv/lib/python3.9/site-packages/airflow/example_dags/example_subdag_operator.py
[2022-11-01 22:51:49,560] {processor.py:641} INFO - Processing file /home/nayara/Documentos/airflowalura/venv/lib/python3.9/site-packages/airflow/example_dags/example_subdag_operator.py for tasks to queue
[2022-11-01 22:51:49,561] {logging_mixin.py:115} INFO - [2022-11-01 22:51:49,561] {dagbag.py:507} INFO - Filling up the DagBag from /home/nayara/Documentos/airflowalura/venv/lib/python3.9/site-packages/airflow/example_dags/example_subdag_operator.py
[2022-11-01 22:51:49,624] {processor.py:651} INFO - DAG(s) dict_keys(['example_subdag_operator.section-1', 'example_subdag_operator.section-2', 'example_subdag_operator']) retrieved from /home/nayara/Documentos/airflowalura/venv/lib/python3.9/site-packages/airflow/example_dags/example_subdag_operator.py
[2022-11-01 22:51:49,673] {logging_mixin.py:115} INFO - [2022-11-01 22:51:49,673] {dag.py:2379} INFO - Sync 3 DAGs
[2022-11-01 22:51:49,715] {logging_mixin.py:115} INFO - [2022-11-01 22:51:49,714] {dag.py:2927} INFO - Setting next_dagrun for example_subdag_operator to 2022-01-01T00:00:00+00:00, run_after=2022-01-01T00:00:00+00:00
[2022-11-01 22:51:49,715] {logging_mixin.py:115} INFO - [2022-11-01 22:51:49,715] {dag.py:2927} INFO - Setting next_dagrun for example_subdag_operator.section-1 to None, run_after=None
[2022-11-01 22:51:49,715] {logging_mixin.py:115} INFO - [2022-11-01 22:51:49,715] {dag.py:2927} INFO - Setting next_dagrun for example_subdag_operator.section-2 to None, run_after=None
[2022-11-01 22:51:49,733] {logging_mixin.py:115} INFO - [2022-11-01 22:51:49,732] {dag.py:2379} INFO - Sync 2 DAGs
[2022-11-01 22:51:49,746] {logging_mixin.py:115} INFO - [2022-11-01 22:51:49,746] {dag.py:2927} INFO - Setting next_dagrun for example_subdag_operator.section-1 to None, run_after=None
[2022-11-01 22:51:49,746] {logging_mixin.py:115} INFO - [2022-11-01 22:51:49,746] {dag.py:2927} INFO - Setting next_dagrun for example_subdag_operator.section-2 to None, run_after=None
[2022-11-01 22:51:50,276] {processor.py:161} INFO - Processing /home/nayara/Documentos/airflowalura/venv/lib/python3.9/site-packages/airflow/example_dags/example_subdag_operator.py took 0.776 seconds
[2022-11-01 22:53:12,031] {processor.py:153} INFO - Started process (PID=19166) to work on /home/nayara/Documentos/airflowalura/venv/lib/python3.9/site-packages/airflow/example_dags/example_subdag_operator.py
[2022-11-01 22:53:12,080] {processor.py:641} INFO - Processing file /home/nayara/Documentos/airflowalura/venv/lib/python3.9/site-packages/airflow/example_dags/example_subdag_operator.py for tasks to queue
[2022-11-01 22:53:12,083] {logging_mixin.py:115} INFO - [2022-11-01 22:53:12,083] {dagbag.py:507} INFO - Filling up the DagBag from /home/nayara/Documentos/airflowalura/venv/lib/python3.9/site-packages/airflow/example_dags/example_subdag_operator.py
[2022-11-01 22:53:12,149] {processor.py:651} INFO - DAG(s) dict_keys(['example_subdag_operator.section-1', 'example_subdag_operator.section-2', 'example_subdag_operator']) retrieved from /home/nayara/Documentos/airflowalura/venv/lib/python3.9/site-packages/airflow/example_dags/example_subdag_operator.py
[2022-11-01 22:53:12,199] {logging_mixin.py:115} INFO - [2022-11-01 22:53:12,199] {dag.py:2379} INFO - Sync 3 DAGs
[2022-11-01 22:53:12,234] {logging_mixin.py:115} INFO - [2022-11-01 22:53:12,234] {dag.py:2927} INFO - Setting next_dagrun for example_subdag_operator to 2022-01-01T00:00:00+00:00, run_after=2022-01-01T00:00:00+00:00
[2022-11-01 22:53:12,235] {logging_mixin.py:115} INFO - [2022-11-01 22:53:12,234] {dag.py:2927} INFO - Setting next_dagrun for example_subdag_operator.section-1 to None, run_after=None
[2022-11-01 22:53:12,235] {logging_mixin.py:115} INFO - [2022-11-01 22:53:12,235] {dag.py:2927} INFO - Setting next_dagrun for example_subdag_operator.section-2 to None, run_after=None
[2022-11-01 22:53:12,251] {logging_mixin.py:115} INFO - [2022-11-01 22:53:12,251] {dag.py:2379} INFO - Sync 2 DAGs
[2022-11-01 22:53:12,265] {logging_mixin.py:115} INFO - [2022-11-01 22:53:12,265] {dag.py:2927} INFO - Setting next_dagrun for example_subdag_operator.section-1 to None, run_after=None
[2022-11-01 22:53:12,265] {logging_mixin.py:115} INFO - [2022-11-01 22:53:12,265] {dag.py:2927} INFO - Setting next_dagrun for example_subdag_operator.section-2 to None, run_after=None
[2022-11-01 22:53:12,600] {processor.py:161} INFO - Processing /home/nayara/Documentos/airflowalura/venv/lib/python3.9/site-packages/airflow/example_dags/example_subdag_operator.py took 0.575 seconds
[2022-11-01 22:54:11,294] {processor.py:153} INFO - Started process (PID=19286) to work on /home/nayara/Documentos/airflowalura/venv/lib/python3.9/site-packages/airflow/example_dags/example_subdag_operator.py
[2022-11-01 22:54:11,295] {processor.py:641} INFO - Processing file /home/nayara/Documentos/airflowalura/venv/lib/python3.9/site-packages/airflow/example_dags/example_subdag_operator.py for tasks to queue
[2022-11-01 22:54:11,296] {logging_mixin.py:115} INFO - [2022-11-01 22:54:11,296] {dagbag.py:507} INFO - Filling up the DagBag from /home/nayara/Documentos/airflowalura/venv/lib/python3.9/site-packages/airflow/example_dags/example_subdag_operator.py
[2022-11-01 22:54:11,327] {processor.py:651} INFO - DAG(s) dict_keys(['example_subdag_operator.section-1', 'example_subdag_operator.section-2', 'example_subdag_operator']) retrieved from /home/nayara/Documentos/airflowalura/venv/lib/python3.9/site-packages/airflow/example_dags/example_subdag_operator.py
[2022-11-01 22:54:11,351] {logging_mixin.py:115} INFO - [2022-11-01 22:54:11,351] {dag.py:2379} INFO - Sync 3 DAGs
[2022-11-01 22:54:11,371] {logging_mixin.py:115} INFO - [2022-11-01 22:54:11,370] {dag.py:2927} INFO - Setting next_dagrun for example_subdag_operator to 2022-01-01T00:00:00+00:00, run_after=2022-01-01T00:00:00+00:00
[2022-11-01 22:54:11,371] {logging_mixin.py:115} INFO - [2022-11-01 22:54:11,371] {dag.py:2927} INFO - Setting next_dagrun for example_subdag_operator.section-1 to None, run_after=None
[2022-11-01 22:54:11,371] {logging_mixin.py:115} INFO - [2022-11-01 22:54:11,371] {dag.py:2927} INFO - Setting next_dagrun for example_subdag_operator.section-2 to None, run_after=None
[2022-11-01 22:54:11,378] {logging_mixin.py:115} INFO - [2022-11-01 22:54:11,378] {dag.py:2379} INFO - Sync 2 DAGs
[2022-11-01 22:54:11,383] {logging_mixin.py:115} INFO - [2022-11-01 22:54:11,383] {dag.py:2927} INFO - Setting next_dagrun for example_subdag_operator.section-1 to None, run_after=None
[2022-11-01 22:54:11,383] {logging_mixin.py:115} INFO - [2022-11-01 22:54:11,383] {dag.py:2927} INFO - Setting next_dagrun for example_subdag_operator.section-2 to None, run_after=None
[2022-11-01 22:54:11,594] {processor.py:161} INFO - Processing /home/nayara/Documentos/airflowalura/venv/lib/python3.9/site-packages/airflow/example_dags/example_subdag_operator.py took 0.303 seconds
[2022-11-01 22:55:26,322] {processor.py:153} INFO - Started process (PID=19464) to work on /home/nayara/Documentos/airflowalura/venv/lib/python3.9/site-packages/airflow/example_dags/example_subdag_operator.py
[2022-11-01 22:55:26,387] {processor.py:641} INFO - Processing file /home/nayara/Documentos/airflowalura/venv/lib/python3.9/site-packages/airflow/example_dags/example_subdag_operator.py for tasks to queue
[2022-11-01 22:55:26,390] {logging_mixin.py:115} INFO - [2022-11-01 22:55:26,389] {dagbag.py:507} INFO - Filling up the DagBag from /home/nayara/Documentos/airflowalura/venv/lib/python3.9/site-packages/airflow/example_dags/example_subdag_operator.py
[2022-11-01 22:55:26,439] {processor.py:651} INFO - DAG(s) dict_keys(['example_subdag_operator.section-1', 'example_subdag_operator.section-2', 'example_subdag_operator']) retrieved from /home/nayara/Documentos/airflowalura/venv/lib/python3.9/site-packages/airflow/example_dags/example_subdag_operator.py
[2022-11-01 22:55:26,460] {logging_mixin.py:115} INFO - [2022-11-01 22:55:26,460] {dag.py:2379} INFO - Sync 3 DAGs
[2022-11-01 22:55:26,477] {logging_mixin.py:115} INFO - [2022-11-01 22:55:26,477] {dag.py:2927} INFO - Setting next_dagrun for example_subdag_operator to 2022-01-01T00:00:00+00:00, run_after=2022-01-01T00:00:00+00:00
[2022-11-01 22:55:26,477] {logging_mixin.py:115} INFO - [2022-11-01 22:55:26,477] {dag.py:2927} INFO - Setting next_dagrun for example_subdag_operator.section-1 to None, run_after=None
[2022-11-01 22:55:26,478] {logging_mixin.py:115} INFO - [2022-11-01 22:55:26,477] {dag.py:2927} INFO - Setting next_dagrun for example_subdag_operator.section-2 to None, run_after=None
[2022-11-01 22:55:26,483] {logging_mixin.py:115} INFO - [2022-11-01 22:55:26,483] {dag.py:2379} INFO - Sync 2 DAGs
[2022-11-01 22:55:26,488] {logging_mixin.py:115} INFO - [2022-11-01 22:55:26,488] {dag.py:2927} INFO - Setting next_dagrun for example_subdag_operator.section-1 to None, run_after=None
[2022-11-01 22:55:26,488] {logging_mixin.py:115} INFO - [2022-11-01 22:55:26,488] {dag.py:2927} INFO - Setting next_dagrun for example_subdag_operator.section-2 to None, run_after=None
[2022-11-01 22:55:26,756] {processor.py:161} INFO - Processing /home/nayara/Documentos/airflowalura/venv/lib/python3.9/site-packages/airflow/example_dags/example_subdag_operator.py took 0.447 seconds
[2022-11-01 22:56:35,172] {processor.py:153} INFO - Started process (PID=19612) to work on /home/nayara/Documentos/airflowalura/venv/lib/python3.9/site-packages/airflow/example_dags/example_subdag_operator.py
[2022-11-01 22:56:35,199] {processor.py:641} INFO - Processing file /home/nayara/Documentos/airflowalura/venv/lib/python3.9/site-packages/airflow/example_dags/example_subdag_operator.py for tasks to queue
[2022-11-01 22:56:35,200] {logging_mixin.py:115} INFO - [2022-11-01 22:56:35,200] {dagbag.py:507} INFO - Filling up the DagBag from /home/nayara/Documentos/airflowalura/venv/lib/python3.9/site-packages/airflow/example_dags/example_subdag_operator.py
[2022-11-01 22:56:35,235] {processor.py:651} INFO - DAG(s) dict_keys(['example_subdag_operator.section-1', 'example_subdag_operator.section-2', 'example_subdag_operator']) retrieved from /home/nayara/Documentos/airflowalura/venv/lib/python3.9/site-packages/airflow/example_dags/example_subdag_operator.py
[2022-11-01 22:56:35,257] {logging_mixin.py:115} INFO - [2022-11-01 22:56:35,257] {dag.py:2379} INFO - Sync 3 DAGs
[2022-11-01 22:56:35,278] {logging_mixin.py:115} INFO - [2022-11-01 22:56:35,278] {dag.py:2927} INFO - Setting next_dagrun for example_subdag_operator to 2022-01-01T00:00:00+00:00, run_after=2022-01-01T00:00:00+00:00
[2022-11-01 22:56:35,278] {logging_mixin.py:115} INFO - [2022-11-01 22:56:35,278] {dag.py:2927} INFO - Setting next_dagrun for example_subdag_operator.section-1 to None, run_after=None
[2022-11-01 22:56:35,278] {logging_mixin.py:115} INFO - [2022-11-01 22:56:35,278] {dag.py:2927} INFO - Setting next_dagrun for example_subdag_operator.section-2 to None, run_after=None
[2022-11-01 22:56:35,287] {logging_mixin.py:115} INFO - [2022-11-01 22:56:35,286] {dag.py:2379} INFO - Sync 2 DAGs
[2022-11-01 22:56:35,293] {logging_mixin.py:115} INFO - [2022-11-01 22:56:35,293] {dag.py:2927} INFO - Setting next_dagrun for example_subdag_operator.section-1 to None, run_after=None
[2022-11-01 22:56:35,294] {logging_mixin.py:115} INFO - [2022-11-01 22:56:35,294] {dag.py:2927} INFO - Setting next_dagrun for example_subdag_operator.section-2 to None, run_after=None
[2022-11-01 22:56:35,833] {processor.py:161} INFO - Processing /home/nayara/Documentos/airflowalura/venv/lib/python3.9/site-packages/airflow/example_dags/example_subdag_operator.py took 0.668 seconds
[2022-11-01 22:58:00,058] {processor.py:153} INFO - Started process (PID=19833) to work on /home/nayara/Documentos/airflowalura/venv/lib/python3.9/site-packages/airflow/example_dags/example_subdag_operator.py
[2022-11-01 22:58:00,073] {processor.py:641} INFO - Processing file /home/nayara/Documentos/airflowalura/venv/lib/python3.9/site-packages/airflow/example_dags/example_subdag_operator.py for tasks to queue
[2022-11-01 22:58:00,077] {logging_mixin.py:115} INFO - [2022-11-01 22:58:00,076] {dagbag.py:507} INFO - Filling up the DagBag from /home/nayara/Documentos/airflowalura/venv/lib/python3.9/site-packages/airflow/example_dags/example_subdag_operator.py
[2022-11-01 22:58:00,143] {processor.py:651} INFO - DAG(s) dict_keys(['example_subdag_operator.section-1', 'example_subdag_operator.section-2', 'example_subdag_operator']) retrieved from /home/nayara/Documentos/airflowalura/venv/lib/python3.9/site-packages/airflow/example_dags/example_subdag_operator.py
[2022-11-01 22:58:00,172] {logging_mixin.py:115} INFO - [2022-11-01 22:58:00,172] {dag.py:2379} INFO - Sync 3 DAGs
[2022-11-01 22:58:00,193] {logging_mixin.py:115} INFO - [2022-11-01 22:58:00,192] {dag.py:2927} INFO - Setting next_dagrun for example_subdag_operator to 2022-01-01T00:00:00+00:00, run_after=2022-01-01T00:00:00+00:00
[2022-11-01 22:58:00,193] {logging_mixin.py:115} INFO - [2022-11-01 22:58:00,193] {dag.py:2927} INFO - Setting next_dagrun for example_subdag_operator.section-1 to None, run_after=None
[2022-11-01 22:58:00,193] {logging_mixin.py:115} INFO - [2022-11-01 22:58:00,193] {dag.py:2927} INFO - Setting next_dagrun for example_subdag_operator.section-2 to None, run_after=None
[2022-11-01 22:58:00,201] {logging_mixin.py:115} INFO - [2022-11-01 22:58:00,200] {dag.py:2379} INFO - Sync 2 DAGs
[2022-11-01 22:58:00,207] {logging_mixin.py:115} INFO - [2022-11-01 22:58:00,207] {dag.py:2927} INFO - Setting next_dagrun for example_subdag_operator.section-1 to None, run_after=None
[2022-11-01 22:58:00,207] {logging_mixin.py:115} INFO - [2022-11-01 22:58:00,207] {dag.py:2927} INFO - Setting next_dagrun for example_subdag_operator.section-2 to None, run_after=None
[2022-11-01 22:58:00,415] {processor.py:161} INFO - Processing /home/nayara/Documentos/airflowalura/venv/lib/python3.9/site-packages/airflow/example_dags/example_subdag_operator.py took 0.375 seconds
[2022-11-01 22:58:55,989] {processor.py:153} INFO - Started process (PID=19939) to work on /home/nayara/Documentos/airflowalura/venv/lib/python3.9/site-packages/airflow/example_dags/example_subdag_operator.py
[2022-11-01 22:58:56,036] {processor.py:641} INFO - Processing file /home/nayara/Documentos/airflowalura/venv/lib/python3.9/site-packages/airflow/example_dags/example_subdag_operator.py for tasks to queue
[2022-11-01 22:58:56,037] {logging_mixin.py:115} INFO - [2022-11-01 22:58:56,037] {dagbag.py:507} INFO - Filling up the DagBag from /home/nayara/Documentos/airflowalura/venv/lib/python3.9/site-packages/airflow/example_dags/example_subdag_operator.py
[2022-11-01 22:58:56,063] {processor.py:651} INFO - DAG(s) dict_keys(['example_subdag_operator.section-1', 'example_subdag_operator.section-2', 'example_subdag_operator']) retrieved from /home/nayara/Documentos/airflowalura/venv/lib/python3.9/site-packages/airflow/example_dags/example_subdag_operator.py
[2022-11-01 22:58:56,090] {logging_mixin.py:115} INFO - [2022-11-01 22:58:56,090] {dag.py:2379} INFO - Sync 3 DAGs
[2022-11-01 22:58:56,110] {logging_mixin.py:115} INFO - [2022-11-01 22:58:56,110] {dag.py:2927} INFO - Setting next_dagrun for example_subdag_operator to 2022-01-01T00:00:00+00:00, run_after=2022-01-01T00:00:00+00:00
[2022-11-01 22:58:56,110] {logging_mixin.py:115} INFO - [2022-11-01 22:58:56,110] {dag.py:2927} INFO - Setting next_dagrun for example_subdag_operator.section-1 to None, run_after=None
[2022-11-01 22:58:56,111] {logging_mixin.py:115} INFO - [2022-11-01 22:58:56,111] {dag.py:2927} INFO - Setting next_dagrun for example_subdag_operator.section-2 to None, run_after=None
[2022-11-01 22:58:56,120] {logging_mixin.py:115} INFO - [2022-11-01 22:58:56,120] {dag.py:2379} INFO - Sync 2 DAGs
[2022-11-01 22:58:56,129] {logging_mixin.py:115} INFO - [2022-11-01 22:58:56,128] {dag.py:2927} INFO - Setting next_dagrun for example_subdag_operator.section-1 to None, run_after=None
[2022-11-01 22:58:56,129] {logging_mixin.py:115} INFO - [2022-11-01 22:58:56,129] {dag.py:2927} INFO - Setting next_dagrun for example_subdag_operator.section-2 to None, run_after=None
[2022-11-01 22:58:56,781] {processor.py:161} INFO - Processing /home/nayara/Documentos/airflowalura/venv/lib/python3.9/site-packages/airflow/example_dags/example_subdag_operator.py took 0.798 seconds
[2022-11-01 22:59:44,804] {processor.py:153} INFO - Started process (PID=20056) to work on /home/nayara/Documentos/airflowalura/venv/lib/python3.9/site-packages/airflow/example_dags/example_subdag_operator.py
[2022-11-01 22:59:44,821] {processor.py:641} INFO - Processing file /home/nayara/Documentos/airflowalura/venv/lib/python3.9/site-packages/airflow/example_dags/example_subdag_operator.py for tasks to queue
[2022-11-01 22:59:44,822] {logging_mixin.py:115} INFO - [2022-11-01 22:59:44,822] {dagbag.py:507} INFO - Filling up the DagBag from /home/nayara/Documentos/airflowalura/venv/lib/python3.9/site-packages/airflow/example_dags/example_subdag_operator.py
[2022-11-01 22:59:44,851] {processor.py:651} INFO - DAG(s) dict_keys(['example_subdag_operator.section-1', 'example_subdag_operator.section-2', 'example_subdag_operator']) retrieved from /home/nayara/Documentos/airflowalura/venv/lib/python3.9/site-packages/airflow/example_dags/example_subdag_operator.py
[2022-11-01 22:59:44,872] {logging_mixin.py:115} INFO - [2022-11-01 22:59:44,872] {dag.py:2379} INFO - Sync 3 DAGs
[2022-11-01 22:59:44,892] {logging_mixin.py:115} INFO - [2022-11-01 22:59:44,891] {dag.py:2927} INFO - Setting next_dagrun for example_subdag_operator to 2022-01-01T00:00:00+00:00, run_after=2022-01-01T00:00:00+00:00
[2022-11-01 22:59:44,892] {logging_mixin.py:115} INFO - [2022-11-01 22:59:44,892] {dag.py:2927} INFO - Setting next_dagrun for example_subdag_operator.section-1 to None, run_after=None
[2022-11-01 22:59:44,893] {logging_mixin.py:115} INFO - [2022-11-01 22:59:44,893] {dag.py:2927} INFO - Setting next_dagrun for example_subdag_operator.section-2 to None, run_after=None
[2022-11-01 22:59:44,900] {logging_mixin.py:115} INFO - [2022-11-01 22:59:44,900] {dag.py:2379} INFO - Sync 2 DAGs
[2022-11-01 22:59:44,905] {logging_mixin.py:115} INFO - [2022-11-01 22:59:44,905] {dag.py:2927} INFO - Setting next_dagrun for example_subdag_operator.section-1 to None, run_after=None
[2022-11-01 22:59:44,905] {logging_mixin.py:115} INFO - [2022-11-01 22:59:44,905] {dag.py:2927} INFO - Setting next_dagrun for example_subdag_operator.section-2 to None, run_after=None
[2022-11-01 22:59:45,155] {processor.py:161} INFO - Processing /home/nayara/Documentos/airflowalura/venv/lib/python3.9/site-packages/airflow/example_dags/example_subdag_operator.py took 0.361 seconds
[2022-11-01 23:00:39,775] {processor.py:153} INFO - Started process (PID=20156) to work on /home/nayara/Documentos/airflowalura/venv/lib/python3.9/site-packages/airflow/example_dags/example_subdag_operator.py
[2022-11-01 23:00:39,786] {processor.py:641} INFO - Processing file /home/nayara/Documentos/airflowalura/venv/lib/python3.9/site-packages/airflow/example_dags/example_subdag_operator.py for tasks to queue
[2022-11-01 23:00:39,787] {logging_mixin.py:115} INFO - [2022-11-01 23:00:39,787] {dagbag.py:507} INFO - Filling up the DagBag from /home/nayara/Documentos/airflowalura/venv/lib/python3.9/site-packages/airflow/example_dags/example_subdag_operator.py
[2022-11-01 23:00:39,813] {processor.py:651} INFO - DAG(s) dict_keys(['example_subdag_operator.section-1', 'example_subdag_operator.section-2', 'example_subdag_operator']) retrieved from /home/nayara/Documentos/airflowalura/venv/lib/python3.9/site-packages/airflow/example_dags/example_subdag_operator.py
[2022-11-01 23:00:39,836] {logging_mixin.py:115} INFO - [2022-11-01 23:00:39,836] {dag.py:2379} INFO - Sync 3 DAGs
[2022-11-01 23:00:39,854] {logging_mixin.py:115} INFO - [2022-11-01 23:00:39,854] {dag.py:2927} INFO - Setting next_dagrun for example_subdag_operator to 2022-01-01T00:00:00+00:00, run_after=2022-01-01T00:00:00+00:00
[2022-11-01 23:00:39,854] {logging_mixin.py:115} INFO - [2022-11-01 23:00:39,854] {dag.py:2927} INFO - Setting next_dagrun for example_subdag_operator.section-1 to None, run_after=None
[2022-11-01 23:00:39,854] {logging_mixin.py:115} INFO - [2022-11-01 23:00:39,854] {dag.py:2927} INFO - Setting next_dagrun for example_subdag_operator.section-2 to None, run_after=None
[2022-11-01 23:00:39,861] {logging_mixin.py:115} INFO - [2022-11-01 23:00:39,861] {dag.py:2379} INFO - Sync 2 DAGs
[2022-11-01 23:00:39,867] {logging_mixin.py:115} INFO - [2022-11-01 23:00:39,867] {dag.py:2927} INFO - Setting next_dagrun for example_subdag_operator.section-1 to None, run_after=None
[2022-11-01 23:00:39,868] {logging_mixin.py:115} INFO - [2022-11-01 23:00:39,868] {dag.py:2927} INFO - Setting next_dagrun for example_subdag_operator.section-2 to None, run_after=None
[2022-11-01 23:00:40,152] {processor.py:161} INFO - Processing /home/nayara/Documentos/airflowalura/venv/lib/python3.9/site-packages/airflow/example_dags/example_subdag_operator.py took 0.382 seconds
[2022-11-01 23:01:30,481] {processor.py:153} INFO - Started process (PID=20250) to work on /home/nayara/Documentos/airflowalura/venv/lib/python3.9/site-packages/airflow/example_dags/example_subdag_operator.py
[2022-11-01 23:01:30,572] {processor.py:641} INFO - Processing file /home/nayara/Documentos/airflowalura/venv/lib/python3.9/site-packages/airflow/example_dags/example_subdag_operator.py for tasks to queue
[2022-11-01 23:01:30,575] {logging_mixin.py:115} INFO - [2022-11-01 23:01:30,575] {dagbag.py:507} INFO - Filling up the DagBag from /home/nayara/Documentos/airflowalura/venv/lib/python3.9/site-packages/airflow/example_dags/example_subdag_operator.py
[2022-11-01 23:01:30,625] {processor.py:651} INFO - DAG(s) dict_keys(['example_subdag_operator.section-1', 'example_subdag_operator.section-2', 'example_subdag_operator']) retrieved from /home/nayara/Documentos/airflowalura/venv/lib/python3.9/site-packages/airflow/example_dags/example_subdag_operator.py
[2022-11-01 23:01:30,647] {logging_mixin.py:115} INFO - [2022-11-01 23:01:30,647] {dag.py:2379} INFO - Sync 3 DAGs
[2022-11-01 23:01:30,666] {logging_mixin.py:115} INFO - [2022-11-01 23:01:30,666] {dag.py:2927} INFO - Setting next_dagrun for example_subdag_operator to 2022-01-01T00:00:00+00:00, run_after=2022-01-01T00:00:00+00:00
[2022-11-01 23:01:30,667] {logging_mixin.py:115} INFO - [2022-11-01 23:01:30,667] {dag.py:2927} INFO - Setting next_dagrun for example_subdag_operator.section-1 to None, run_after=None
[2022-11-01 23:01:30,667] {logging_mixin.py:115} INFO - [2022-11-01 23:01:30,667] {dag.py:2927} INFO - Setting next_dagrun for example_subdag_operator.section-2 to None, run_after=None
[2022-11-01 23:01:30,674] {logging_mixin.py:115} INFO - [2022-11-01 23:01:30,674] {dag.py:2379} INFO - Sync 2 DAGs
[2022-11-01 23:01:30,679] {logging_mixin.py:115} INFO - [2022-11-01 23:01:30,679] {dag.py:2927} INFO - Setting next_dagrun for example_subdag_operator.section-1 to None, run_after=None
[2022-11-01 23:01:30,679] {logging_mixin.py:115} INFO - [2022-11-01 23:01:30,679] {dag.py:2927} INFO - Setting next_dagrun for example_subdag_operator.section-2 to None, run_after=None
[2022-11-01 23:01:31,140] {processor.py:161} INFO - Processing /home/nayara/Documentos/airflowalura/venv/lib/python3.9/site-packages/airflow/example_dags/example_subdag_operator.py took 0.672 seconds
[2022-11-01 23:02:41,108] {processor.py:153} INFO - Started process (PID=20435) to work on /home/nayara/Documentos/airflowalura/venv/lib/python3.9/site-packages/airflow/example_dags/example_subdag_operator.py
[2022-11-01 23:02:41,182] {processor.py:641} INFO - Processing file /home/nayara/Documentos/airflowalura/venv/lib/python3.9/site-packages/airflow/example_dags/example_subdag_operator.py for tasks to queue
[2022-11-01 23:02:41,184] {logging_mixin.py:115} INFO - [2022-11-01 23:02:41,184] {dagbag.py:507} INFO - Filling up the DagBag from /home/nayara/Documentos/airflowalura/venv/lib/python3.9/site-packages/airflow/example_dags/example_subdag_operator.py
[2022-11-01 23:02:41,275] {processor.py:651} INFO - DAG(s) dict_keys(['example_subdag_operator.section-1', 'example_subdag_operator.section-2', 'example_subdag_operator']) retrieved from /home/nayara/Documentos/airflowalura/venv/lib/python3.9/site-packages/airflow/example_dags/example_subdag_operator.py
[2022-11-01 23:02:41,304] {logging_mixin.py:115} INFO - [2022-11-01 23:02:41,304] {dag.py:2379} INFO - Sync 3 DAGs
[2022-11-01 23:02:41,327] {logging_mixin.py:115} INFO - [2022-11-01 23:02:41,327] {dag.py:2927} INFO - Setting next_dagrun for example_subdag_operator to 2022-01-01T00:00:00+00:00, run_after=2022-01-01T00:00:00+00:00
[2022-11-01 23:02:41,327] {logging_mixin.py:115} INFO - [2022-11-01 23:02:41,327] {dag.py:2927} INFO - Setting next_dagrun for example_subdag_operator.section-1 to None, run_after=None
[2022-11-01 23:02:41,328] {logging_mixin.py:115} INFO - [2022-11-01 23:02:41,327] {dag.py:2927} INFO - Setting next_dagrun for example_subdag_operator.section-2 to None, run_after=None
[2022-11-01 23:02:41,333] {logging_mixin.py:115} INFO - [2022-11-01 23:02:41,333] {dag.py:2379} INFO - Sync 2 DAGs
[2022-11-01 23:02:41,339] {logging_mixin.py:115} INFO - [2022-11-01 23:02:41,339] {dag.py:2927} INFO - Setting next_dagrun for example_subdag_operator.section-1 to None, run_after=None
[2022-11-01 23:02:41,339] {logging_mixin.py:115} INFO - [2022-11-01 23:02:41,339] {dag.py:2927} INFO - Setting next_dagrun for example_subdag_operator.section-2 to None, run_after=None
[2022-11-01 23:02:42,634] {processor.py:161} INFO - Processing /home/nayara/Documentos/airflowalura/venv/lib/python3.9/site-packages/airflow/example_dags/example_subdag_operator.py took 1.537 seconds
[2022-11-01 23:04:24,769] {processor.py:153} INFO - Started process (PID=20647) to work on /home/nayara/Documentos/airflowalura/venv/lib/python3.9/site-packages/airflow/example_dags/example_subdag_operator.py
[2022-11-01 23:04:24,793] {processor.py:641} INFO - Processing file /home/nayara/Documentos/airflowalura/venv/lib/python3.9/site-packages/airflow/example_dags/example_subdag_operator.py for tasks to queue
[2022-11-01 23:04:24,795] {logging_mixin.py:115} INFO - [2022-11-01 23:04:24,795] {dagbag.py:507} INFO - Filling up the DagBag from /home/nayara/Documentos/airflowalura/venv/lib/python3.9/site-packages/airflow/example_dags/example_subdag_operator.py
[2022-11-01 23:04:24,838] {processor.py:651} INFO - DAG(s) dict_keys(['example_subdag_operator.section-1', 'example_subdag_operator.section-2', 'example_subdag_operator']) retrieved from /home/nayara/Documentos/airflowalura/venv/lib/python3.9/site-packages/airflow/example_dags/example_subdag_operator.py
[2022-11-01 23:04:24,871] {logging_mixin.py:115} INFO - [2022-11-01 23:04:24,871] {dag.py:2379} INFO - Sync 3 DAGs
[2022-11-01 23:04:24,895] {logging_mixin.py:115} INFO - [2022-11-01 23:04:24,894] {dag.py:2927} INFO - Setting next_dagrun for example_subdag_operator to 2022-01-01T00:00:00+00:00, run_after=2022-01-01T00:00:00+00:00
[2022-11-01 23:04:24,895] {logging_mixin.py:115} INFO - [2022-11-01 23:04:24,895] {dag.py:2927} INFO - Setting next_dagrun for example_subdag_operator.section-1 to None, run_after=None
[2022-11-01 23:04:24,895] {logging_mixin.py:115} INFO - [2022-11-01 23:04:24,895] {dag.py:2927} INFO - Setting next_dagrun for example_subdag_operator.section-2 to None, run_after=None
[2022-11-01 23:04:24,902] {logging_mixin.py:115} INFO - [2022-11-01 23:04:24,902] {dag.py:2379} INFO - Sync 2 DAGs
[2022-11-01 23:04:24,908] {logging_mixin.py:115} INFO - [2022-11-01 23:04:24,908] {dag.py:2927} INFO - Setting next_dagrun for example_subdag_operator.section-1 to None, run_after=None
[2022-11-01 23:04:24,908] {logging_mixin.py:115} INFO - [2022-11-01 23:04:24,908] {dag.py:2927} INFO - Setting next_dagrun for example_subdag_operator.section-2 to None, run_after=None
[2022-11-01 23:04:25,423] {processor.py:161} INFO - Processing /home/nayara/Documentos/airflowalura/venv/lib/python3.9/site-packages/airflow/example_dags/example_subdag_operator.py took 0.659 seconds
[2022-11-01 23:05:20,613] {processor.py:153} INFO - Started process (PID=20754) to work on /home/nayara/Documentos/airflowalura/venv/lib/python3.9/site-packages/airflow/example_dags/example_subdag_operator.py
[2022-11-01 23:05:20,632] {processor.py:641} INFO - Processing file /home/nayara/Documentos/airflowalura/venv/lib/python3.9/site-packages/airflow/example_dags/example_subdag_operator.py for tasks to queue
[2022-11-01 23:05:20,634] {logging_mixin.py:115} INFO - [2022-11-01 23:05:20,634] {dagbag.py:507} INFO - Filling up the DagBag from /home/nayara/Documentos/airflowalura/venv/lib/python3.9/site-packages/airflow/example_dags/example_subdag_operator.py
[2022-11-01 23:05:20,688] {processor.py:651} INFO - DAG(s) dict_keys(['example_subdag_operator.section-1', 'example_subdag_operator.section-2', 'example_subdag_operator']) retrieved from /home/nayara/Documentos/airflowalura/venv/lib/python3.9/site-packages/airflow/example_dags/example_subdag_operator.py
[2022-11-01 23:05:20,720] {logging_mixin.py:115} INFO - [2022-11-01 23:05:20,720] {dag.py:2379} INFO - Sync 3 DAGs
[2022-11-01 23:05:20,744] {logging_mixin.py:115} INFO - [2022-11-01 23:05:20,744] {dag.py:2927} INFO - Setting next_dagrun for example_subdag_operator to 2022-01-01T00:00:00+00:00, run_after=2022-01-01T00:00:00+00:00
[2022-11-01 23:05:20,745] {logging_mixin.py:115} INFO - [2022-11-01 23:05:20,745] {dag.py:2927} INFO - Setting next_dagrun for example_subdag_operator.section-1 to None, run_after=None
[2022-11-01 23:05:20,745] {logging_mixin.py:115} INFO - [2022-11-01 23:05:20,745] {dag.py:2927} INFO - Setting next_dagrun for example_subdag_operator.section-2 to None, run_after=None
[2022-11-01 23:05:20,754] {logging_mixin.py:115} INFO - [2022-11-01 23:05:20,754] {dag.py:2379} INFO - Sync 2 DAGs
[2022-11-01 23:05:20,760] {logging_mixin.py:115} INFO - [2022-11-01 23:05:20,760] {dag.py:2927} INFO - Setting next_dagrun for example_subdag_operator.section-1 to None, run_after=None
[2022-11-01 23:05:20,760] {logging_mixin.py:115} INFO - [2022-11-01 23:05:20,760] {dag.py:2927} INFO - Setting next_dagrun for example_subdag_operator.section-2 to None, run_after=None
[2022-11-01 23:05:20,984] {processor.py:161} INFO - Processing /home/nayara/Documentos/airflowalura/venv/lib/python3.9/site-packages/airflow/example_dags/example_subdag_operator.py took 0.389 seconds
[2022-11-01 23:06:12,479] {processor.py:153} INFO - Started process (PID=20861) to work on /home/nayara/Documentos/airflowalura/venv/lib/python3.9/site-packages/airflow/example_dags/example_subdag_operator.py
[2022-11-01 23:06:12,620] {processor.py:641} INFO - Processing file /home/nayara/Documentos/airflowalura/venv/lib/python3.9/site-packages/airflow/example_dags/example_subdag_operator.py for tasks to queue
[2022-11-01 23:06:12,622] {logging_mixin.py:115} INFO - [2022-11-01 23:06:12,622] {dagbag.py:507} INFO - Filling up the DagBag from /home/nayara/Documentos/airflowalura/venv/lib/python3.9/site-packages/airflow/example_dags/example_subdag_operator.py
[2022-11-01 23:06:12,666] {processor.py:651} INFO - DAG(s) dict_keys(['example_subdag_operator.section-1', 'example_subdag_operator.section-2', 'example_subdag_operator']) retrieved from /home/nayara/Documentos/airflowalura/venv/lib/python3.9/site-packages/airflow/example_dags/example_subdag_operator.py
[2022-11-01 23:06:12,687] {logging_mixin.py:115} INFO - [2022-11-01 23:06:12,687] {dag.py:2379} INFO - Sync 3 DAGs
[2022-11-01 23:06:12,704] {logging_mixin.py:115} INFO - [2022-11-01 23:06:12,704] {dag.py:2927} INFO - Setting next_dagrun for example_subdag_operator to 2022-01-01T00:00:00+00:00, run_after=2022-01-01T00:00:00+00:00
[2022-11-01 23:06:12,704] {logging_mixin.py:115} INFO - [2022-11-01 23:06:12,704] {dag.py:2927} INFO - Setting next_dagrun for example_subdag_operator.section-1 to None, run_after=None
[2022-11-01 23:06:12,704] {logging_mixin.py:115} INFO - [2022-11-01 23:06:12,704] {dag.py:2927} INFO - Setting next_dagrun for example_subdag_operator.section-2 to None, run_after=None
[2022-11-01 23:06:12,712] {logging_mixin.py:115} INFO - [2022-11-01 23:06:12,711] {dag.py:2379} INFO - Sync 2 DAGs
[2022-11-01 23:06:12,720] {logging_mixin.py:115} INFO - [2022-11-01 23:06:12,720] {dag.py:2927} INFO - Setting next_dagrun for example_subdag_operator.section-1 to None, run_after=None
[2022-11-01 23:06:12,720] {logging_mixin.py:115} INFO - [2022-11-01 23:06:12,720] {dag.py:2927} INFO - Setting next_dagrun for example_subdag_operator.section-2 to None, run_after=None
[2022-11-01 23:06:13,365] {processor.py:161} INFO - Processing /home/nayara/Documentos/airflowalura/venv/lib/python3.9/site-packages/airflow/example_dags/example_subdag_operator.py took 0.895 seconds
[2022-11-01 23:07:12,815] {processor.py:153} INFO - Started process (PID=21037) to work on /home/nayara/Documentos/airflowalura/venv/lib/python3.9/site-packages/airflow/example_dags/example_subdag_operator.py
[2022-11-01 23:07:12,836] {processor.py:641} INFO - Processing file /home/nayara/Documentos/airflowalura/venv/lib/python3.9/site-packages/airflow/example_dags/example_subdag_operator.py for tasks to queue
[2022-11-01 23:07:12,837] {logging_mixin.py:115} INFO - [2022-11-01 23:07:12,837] {dagbag.py:507} INFO - Filling up the DagBag from /home/nayara/Documentos/airflowalura/venv/lib/python3.9/site-packages/airflow/example_dags/example_subdag_operator.py
[2022-11-01 23:07:12,983] {processor.py:651} INFO - DAG(s) dict_keys(['example_subdag_operator.section-1', 'example_subdag_operator.section-2', 'example_subdag_operator']) retrieved from /home/nayara/Documentos/airflowalura/venv/lib/python3.9/site-packages/airflow/example_dags/example_subdag_operator.py
[2022-11-01 23:07:13,005] {logging_mixin.py:115} INFO - [2022-11-01 23:07:13,005] {dag.py:2379} INFO - Sync 3 DAGs
[2022-11-01 23:07:13,022] {logging_mixin.py:115} INFO - [2022-11-01 23:07:13,022] {dag.py:2927} INFO - Setting next_dagrun for example_subdag_operator to 2022-01-01T00:00:00+00:00, run_after=2022-01-01T00:00:00+00:00
[2022-11-01 23:07:13,023] {logging_mixin.py:115} INFO - [2022-11-01 23:07:13,023] {dag.py:2927} INFO - Setting next_dagrun for example_subdag_operator.section-1 to None, run_after=None
[2022-11-01 23:07:13,023] {logging_mixin.py:115} INFO - [2022-11-01 23:07:13,023] {dag.py:2927} INFO - Setting next_dagrun for example_subdag_operator.section-2 to None, run_after=None
[2022-11-01 23:07:13,029] {logging_mixin.py:115} INFO - [2022-11-01 23:07:13,029] {dag.py:2379} INFO - Sync 2 DAGs
[2022-11-01 23:07:13,033] {logging_mixin.py:115} INFO - [2022-11-01 23:07:13,033] {dag.py:2927} INFO - Setting next_dagrun for example_subdag_operator.section-1 to None, run_after=None
[2022-11-01 23:07:13,033] {logging_mixin.py:115} INFO - [2022-11-01 23:07:13,033] {dag.py:2927} INFO - Setting next_dagrun for example_subdag_operator.section-2 to None, run_after=None
[2022-11-01 23:07:13,404] {processor.py:161} INFO - Processing /home/nayara/Documentos/airflowalura/venv/lib/python3.9/site-packages/airflow/example_dags/example_subdag_operator.py took 0.600 seconds
[2022-11-01 23:08:03,850] {processor.py:153} INFO - Started process (PID=21131) to work on /home/nayara/Documentos/airflowalura/venv/lib/python3.9/site-packages/airflow/example_dags/example_subdag_operator.py
[2022-11-01 23:08:03,860] {processor.py:641} INFO - Processing file /home/nayara/Documentos/airflowalura/venv/lib/python3.9/site-packages/airflow/example_dags/example_subdag_operator.py for tasks to queue
[2022-11-01 23:08:03,861] {logging_mixin.py:115} INFO - [2022-11-01 23:08:03,861] {dagbag.py:507} INFO - Filling up the DagBag from /home/nayara/Documentos/airflowalura/venv/lib/python3.9/site-packages/airflow/example_dags/example_subdag_operator.py
[2022-11-01 23:08:03,887] {processor.py:651} INFO - DAG(s) dict_keys(['example_subdag_operator.section-1', 'example_subdag_operator.section-2', 'example_subdag_operator']) retrieved from /home/nayara/Documentos/airflowalura/venv/lib/python3.9/site-packages/airflow/example_dags/example_subdag_operator.py
[2022-11-01 23:08:03,909] {logging_mixin.py:115} INFO - [2022-11-01 23:08:03,909] {dag.py:2379} INFO - Sync 3 DAGs
[2022-11-01 23:08:03,927] {logging_mixin.py:115} INFO - [2022-11-01 23:08:03,927] {dag.py:2927} INFO - Setting next_dagrun for example_subdag_operator to 2022-01-01T00:00:00+00:00, run_after=2022-01-01T00:00:00+00:00
[2022-11-01 23:08:03,928] {logging_mixin.py:115} INFO - [2022-11-01 23:08:03,928] {dag.py:2927} INFO - Setting next_dagrun for example_subdag_operator.section-1 to None, run_after=None
[2022-11-01 23:08:03,928] {logging_mixin.py:115} INFO - [2022-11-01 23:08:03,928] {dag.py:2927} INFO - Setting next_dagrun for example_subdag_operator.section-2 to None, run_after=None
[2022-11-01 23:08:03,935] {logging_mixin.py:115} INFO - [2022-11-01 23:08:03,935] {dag.py:2379} INFO - Sync 2 DAGs
[2022-11-01 23:08:03,941] {logging_mixin.py:115} INFO - [2022-11-01 23:08:03,941] {dag.py:2927} INFO - Setting next_dagrun for example_subdag_operator.section-1 to None, run_after=None
[2022-11-01 23:08:03,941] {logging_mixin.py:115} INFO - [2022-11-01 23:08:03,941] {dag.py:2927} INFO - Setting next_dagrun for example_subdag_operator.section-2 to None, run_after=None
[2022-11-01 23:08:04,206] {processor.py:161} INFO - Processing /home/nayara/Documentos/airflowalura/venv/lib/python3.9/site-packages/airflow/example_dags/example_subdag_operator.py took 0.362 seconds
[2022-11-01 23:08:46,028] {processor.py:153} INFO - Started process (PID=21202) to work on /home/nayara/Documentos/airflowalura/venv/lib/python3.9/site-packages/airflow/example_dags/example_subdag_operator.py
[2022-11-01 23:08:46,030] {processor.py:641} INFO - Processing file /home/nayara/Documentos/airflowalura/venv/lib/python3.9/site-packages/airflow/example_dags/example_subdag_operator.py for tasks to queue
[2022-11-01 23:08:46,032] {logging_mixin.py:115} INFO - [2022-11-01 23:08:46,031] {dagbag.py:507} INFO - Filling up the DagBag from /home/nayara/Documentos/airflowalura/venv/lib/python3.9/site-packages/airflow/example_dags/example_subdag_operator.py
[2022-11-01 23:08:46,059] {processor.py:651} INFO - DAG(s) dict_keys(['example_subdag_operator.section-1', 'example_subdag_operator.section-2', 'example_subdag_operator']) retrieved from /home/nayara/Documentos/airflowalura/venv/lib/python3.9/site-packages/airflow/example_dags/example_subdag_operator.py
[2022-11-01 23:08:46,080] {logging_mixin.py:115} INFO - [2022-11-01 23:08:46,079] {dag.py:2379} INFO - Sync 3 DAGs
[2022-11-01 23:08:46,096] {logging_mixin.py:115} INFO - [2022-11-01 23:08:46,096] {dag.py:2927} INFO - Setting next_dagrun for example_subdag_operator to 2022-01-01T00:00:00+00:00, run_after=2022-01-01T00:00:00+00:00
[2022-11-01 23:08:46,097] {logging_mixin.py:115} INFO - [2022-11-01 23:08:46,097] {dag.py:2927} INFO - Setting next_dagrun for example_subdag_operator.section-1 to None, run_after=None
[2022-11-01 23:08:46,097] {logging_mixin.py:115} INFO - [2022-11-01 23:08:46,097] {dag.py:2927} INFO - Setting next_dagrun for example_subdag_operator.section-2 to None, run_after=None
[2022-11-01 23:08:46,103] {logging_mixin.py:115} INFO - [2022-11-01 23:08:46,103] {dag.py:2379} INFO - Sync 2 DAGs
[2022-11-01 23:08:46,107] {logging_mixin.py:115} INFO - [2022-11-01 23:08:46,107] {dag.py:2927} INFO - Setting next_dagrun for example_subdag_operator.section-1 to None, run_after=None
[2022-11-01 23:08:46,107] {logging_mixin.py:115} INFO - [2022-11-01 23:08:46,107] {dag.py:2927} INFO - Setting next_dagrun for example_subdag_operator.section-2 to None, run_after=None
[2022-11-01 23:08:46,297] {processor.py:161} INFO - Processing /home/nayara/Documentos/airflowalura/venv/lib/python3.9/site-packages/airflow/example_dags/example_subdag_operator.py took 0.281 seconds
[2022-11-01 23:09:34,928] {processor.py:153} INFO - Started process (PID=21364) to work on /home/nayara/Documentos/airflowalura/venv/lib/python3.9/site-packages/airflow/example_dags/example_subdag_operator.py
[2022-11-01 23:09:34,971] {processor.py:641} INFO - Processing file /home/nayara/Documentos/airflowalura/venv/lib/python3.9/site-packages/airflow/example_dags/example_subdag_operator.py for tasks to queue
[2022-11-01 23:09:34,973] {logging_mixin.py:115} INFO - [2022-11-01 23:09:34,973] {dagbag.py:507} INFO - Filling up the DagBag from /home/nayara/Documentos/airflowalura/venv/lib/python3.9/site-packages/airflow/example_dags/example_subdag_operator.py
[2022-11-01 23:09:35,019] {processor.py:651} INFO - DAG(s) dict_keys(['example_subdag_operator.section-1', 'example_subdag_operator.section-2', 'example_subdag_operator']) retrieved from /home/nayara/Documentos/airflowalura/venv/lib/python3.9/site-packages/airflow/example_dags/example_subdag_operator.py
[2022-11-01 23:09:35,040] {logging_mixin.py:115} INFO - [2022-11-01 23:09:35,040] {dag.py:2379} INFO - Sync 3 DAGs
[2022-11-01 23:09:35,057] {logging_mixin.py:115} INFO - [2022-11-01 23:09:35,057] {dag.py:2927} INFO - Setting next_dagrun for example_subdag_operator to 2022-01-01T00:00:00+00:00, run_after=2022-01-01T00:00:00+00:00
[2022-11-01 23:09:35,058] {logging_mixin.py:115} INFO - [2022-11-01 23:09:35,058] {dag.py:2927} INFO - Setting next_dagrun for example_subdag_operator.section-1 to None, run_after=None
[2022-11-01 23:09:35,058] {logging_mixin.py:115} INFO - [2022-11-01 23:09:35,058] {dag.py:2927} INFO - Setting next_dagrun for example_subdag_operator.section-2 to None, run_after=None
[2022-11-01 23:09:35,063] {logging_mixin.py:115} INFO - [2022-11-01 23:09:35,063] {dag.py:2379} INFO - Sync 2 DAGs
[2022-11-01 23:09:35,068] {logging_mixin.py:115} INFO - [2022-11-01 23:09:35,068] {dag.py:2927} INFO - Setting next_dagrun for example_subdag_operator.section-1 to None, run_after=None
[2022-11-01 23:09:35,069] {logging_mixin.py:115} INFO - [2022-11-01 23:09:35,069] {dag.py:2927} INFO - Setting next_dagrun for example_subdag_operator.section-2 to None, run_after=None
[2022-11-01 23:09:35,629] {processor.py:161} INFO - Processing /home/nayara/Documentos/airflowalura/venv/lib/python3.9/site-packages/airflow/example_dags/example_subdag_operator.py took 0.711 seconds
[2022-11-01 23:11:04,865] {processor.py:153} INFO - Started process (PID=21588) to work on /home/nayara/Documentos/airflowalura/venv/lib/python3.9/site-packages/airflow/example_dags/example_subdag_operator.py
[2022-11-01 23:11:04,955] {processor.py:641} INFO - Processing file /home/nayara/Documentos/airflowalura/venv/lib/python3.9/site-packages/airflow/example_dags/example_subdag_operator.py for tasks to queue
[2022-11-01 23:11:04,958] {logging_mixin.py:115} INFO - [2022-11-01 23:11:04,957] {dagbag.py:507} INFO - Filling up the DagBag from /home/nayara/Documentos/airflowalura/venv/lib/python3.9/site-packages/airflow/example_dags/example_subdag_operator.py
[2022-11-01 23:11:05,354] {processor.py:651} INFO - DAG(s) dict_keys(['example_subdag_operator.section-1', 'example_subdag_operator.section-2', 'example_subdag_operator']) retrieved from /home/nayara/Documentos/airflowalura/venv/lib/python3.9/site-packages/airflow/example_dags/example_subdag_operator.py
[2022-11-01 23:11:05,379] {logging_mixin.py:115} INFO - [2022-11-01 23:11:05,379] {dag.py:2379} INFO - Sync 3 DAGs
[2022-11-01 23:11:05,405] {logging_mixin.py:115} INFO - [2022-11-01 23:11:05,405] {dag.py:2927} INFO - Setting next_dagrun for example_subdag_operator to 2022-01-01T00:00:00+00:00, run_after=2022-01-01T00:00:00+00:00
[2022-11-01 23:11:05,405] {logging_mixin.py:115} INFO - [2022-11-01 23:11:05,405] {dag.py:2927} INFO - Setting next_dagrun for example_subdag_operator.section-1 to None, run_after=None
[2022-11-01 23:11:05,406] {logging_mixin.py:115} INFO - [2022-11-01 23:11:05,406] {dag.py:2927} INFO - Setting next_dagrun for example_subdag_operator.section-2 to None, run_after=None
[2022-11-01 23:11:05,413] {logging_mixin.py:115} INFO - [2022-11-01 23:11:05,413] {dag.py:2379} INFO - Sync 2 DAGs
[2022-11-01 23:11:05,419] {logging_mixin.py:115} INFO - [2022-11-01 23:11:05,419] {dag.py:2927} INFO - Setting next_dagrun for example_subdag_operator.section-1 to None, run_after=None
[2022-11-01 23:11:05,419] {logging_mixin.py:115} INFO - [2022-11-01 23:11:05,419] {dag.py:2927} INFO - Setting next_dagrun for example_subdag_operator.section-2 to None, run_after=None
[2022-11-01 23:11:06,025] {processor.py:161} INFO - Processing /home/nayara/Documentos/airflowalura/venv/lib/python3.9/site-packages/airflow/example_dags/example_subdag_operator.py took 1.166 seconds
[2022-11-01 23:12:33,770] {processor.py:153} INFO - Started process (PID=21813) to work on /home/nayara/Documentos/airflowalura/venv/lib/python3.9/site-packages/airflow/example_dags/example_subdag_operator.py
[2022-11-01 23:12:33,783] {processor.py:641} INFO - Processing file /home/nayara/Documentos/airflowalura/venv/lib/python3.9/site-packages/airflow/example_dags/example_subdag_operator.py for tasks to queue
[2022-11-01 23:12:33,785] {logging_mixin.py:115} INFO - [2022-11-01 23:12:33,785] {dagbag.py:507} INFO - Filling up the DagBag from /home/nayara/Documentos/airflowalura/venv/lib/python3.9/site-packages/airflow/example_dags/example_subdag_operator.py
[2022-11-01 23:12:33,829] {processor.py:651} INFO - DAG(s) dict_keys(['example_subdag_operator.section-1', 'example_subdag_operator.section-2', 'example_subdag_operator']) retrieved from /home/nayara/Documentos/airflowalura/venv/lib/python3.9/site-packages/airflow/example_dags/example_subdag_operator.py
[2022-11-01 23:12:33,856] {logging_mixin.py:115} INFO - [2022-11-01 23:12:33,856] {dag.py:2379} INFO - Sync 3 DAGs
[2022-11-01 23:12:33,877] {logging_mixin.py:115} INFO - [2022-11-01 23:12:33,877] {dag.py:2927} INFO - Setting next_dagrun for example_subdag_operator to 2022-01-01T00:00:00+00:00, run_after=2022-01-01T00:00:00+00:00
[2022-11-01 23:12:33,878] {logging_mixin.py:115} INFO - [2022-11-01 23:12:33,877] {dag.py:2927} INFO - Setting next_dagrun for example_subdag_operator.section-1 to None, run_after=None
[2022-11-01 23:12:33,878] {logging_mixin.py:115} INFO - [2022-11-01 23:12:33,878] {dag.py:2927} INFO - Setting next_dagrun for example_subdag_operator.section-2 to None, run_after=None
[2022-11-01 23:12:33,884] {logging_mixin.py:115} INFO - [2022-11-01 23:12:33,883] {dag.py:2379} INFO - Sync 2 DAGs
[2022-11-01 23:12:33,891] {logging_mixin.py:115} INFO - [2022-11-01 23:12:33,891] {dag.py:2927} INFO - Setting next_dagrun for example_subdag_operator.section-1 to None, run_after=None
[2022-11-01 23:12:33,891] {logging_mixin.py:115} INFO - [2022-11-01 23:12:33,891] {dag.py:2927} INFO - Setting next_dagrun for example_subdag_operator.section-2 to None, run_after=None
[2022-11-01 23:12:34,078] {processor.py:161} INFO - Processing /home/nayara/Documentos/airflowalura/venv/lib/python3.9/site-packages/airflow/example_dags/example_subdag_operator.py took 0.322 seconds
[2022-11-01 23:13:45,168] {processor.py:153} INFO - Started process (PID=21938) to work on /home/nayara/Documentos/airflowalura/venv/lib/python3.9/site-packages/airflow/example_dags/example_subdag_operator.py
[2022-11-01 23:13:45,196] {processor.py:641} INFO - Processing file /home/nayara/Documentos/airflowalura/venv/lib/python3.9/site-packages/airflow/example_dags/example_subdag_operator.py for tasks to queue
[2022-11-01 23:13:45,196] {logging_mixin.py:115} INFO - [2022-11-01 23:13:45,196] {dagbag.py:507} INFO - Filling up the DagBag from /home/nayara/Documentos/airflowalura/venv/lib/python3.9/site-packages/airflow/example_dags/example_subdag_operator.py
[2022-11-01 23:13:45,460] {processor.py:651} INFO - DAG(s) dict_keys(['example_subdag_operator.section-1', 'example_subdag_operator.section-2', 'example_subdag_operator']) retrieved from /home/nayara/Documentos/airflowalura/venv/lib/python3.9/site-packages/airflow/example_dags/example_subdag_operator.py
[2022-11-01 23:13:45,486] {logging_mixin.py:115} INFO - [2022-11-01 23:13:45,486] {dag.py:2379} INFO - Sync 3 DAGs
[2022-11-01 23:13:45,510] {logging_mixin.py:115} INFO - [2022-11-01 23:13:45,510] {dag.py:2927} INFO - Setting next_dagrun for example_subdag_operator to 2022-01-01T00:00:00+00:00, run_after=2022-01-01T00:00:00+00:00
[2022-11-01 23:13:45,511] {logging_mixin.py:115} INFO - [2022-11-01 23:13:45,510] {dag.py:2927} INFO - Setting next_dagrun for example_subdag_operator.section-1 to None, run_after=None
[2022-11-01 23:13:45,511] {logging_mixin.py:115} INFO - [2022-11-01 23:13:45,511] {dag.py:2927} INFO - Setting next_dagrun for example_subdag_operator.section-2 to None, run_after=None
[2022-11-01 23:13:45,517] {logging_mixin.py:115} INFO - [2022-11-01 23:13:45,517] {dag.py:2379} INFO - Sync 2 DAGs
[2022-11-01 23:13:45,524] {logging_mixin.py:115} INFO - [2022-11-01 23:13:45,524] {dag.py:2927} INFO - Setting next_dagrun for example_subdag_operator.section-1 to None, run_after=None
[2022-11-01 23:13:45,524] {logging_mixin.py:115} INFO - [2022-11-01 23:13:45,524] {dag.py:2927} INFO - Setting next_dagrun for example_subdag_operator.section-2 to None, run_after=None
[2022-11-01 23:13:45,891] {processor.py:161} INFO - Processing /home/nayara/Documentos/airflowalura/venv/lib/python3.9/site-packages/airflow/example_dags/example_subdag_operator.py took 0.729 seconds
[2022-11-01 23:14:51,969] {processor.py:153} INFO - Started process (PID=22135) to work on /home/nayara/Documentos/airflowalura/venv/lib/python3.9/site-packages/airflow/example_dags/example_subdag_operator.py
[2022-11-01 23:14:51,972] {processor.py:641} INFO - Processing file /home/nayara/Documentos/airflowalura/venv/lib/python3.9/site-packages/airflow/example_dags/example_subdag_operator.py for tasks to queue
[2022-11-01 23:14:51,973] {logging_mixin.py:115} INFO - [2022-11-01 23:14:51,973] {dagbag.py:507} INFO - Filling up the DagBag from /home/nayara/Documentos/airflowalura/venv/lib/python3.9/site-packages/airflow/example_dags/example_subdag_operator.py
[2022-11-01 23:14:52,002] {processor.py:651} INFO - DAG(s) dict_keys(['example_subdag_operator.section-1', 'example_subdag_operator.section-2', 'example_subdag_operator']) retrieved from /home/nayara/Documentos/airflowalura/venv/lib/python3.9/site-packages/airflow/example_dags/example_subdag_operator.py
[2022-11-01 23:14:52,023] {logging_mixin.py:115} INFO - [2022-11-01 23:14:52,023] {dag.py:2379} INFO - Sync 3 DAGs
[2022-11-01 23:14:52,039] {logging_mixin.py:115} INFO - [2022-11-01 23:14:52,039] {dag.py:2927} INFO - Setting next_dagrun for example_subdag_operator to 2022-01-01T00:00:00+00:00, run_after=2022-01-01T00:00:00+00:00
[2022-11-01 23:14:52,039] {logging_mixin.py:115} INFO - [2022-11-01 23:14:52,039] {dag.py:2927} INFO - Setting next_dagrun for example_subdag_operator.section-1 to None, run_after=None
[2022-11-01 23:14:52,040] {logging_mixin.py:115} INFO - [2022-11-01 23:14:52,040] {dag.py:2927} INFO - Setting next_dagrun for example_subdag_operator.section-2 to None, run_after=None
[2022-11-01 23:14:52,045] {logging_mixin.py:115} INFO - [2022-11-01 23:14:52,045] {dag.py:2379} INFO - Sync 2 DAGs
[2022-11-01 23:14:52,050] {logging_mixin.py:115} INFO - [2022-11-01 23:14:52,050] {dag.py:2927} INFO - Setting next_dagrun for example_subdag_operator.section-1 to None, run_after=None
[2022-11-01 23:14:52,050] {logging_mixin.py:115} INFO - [2022-11-01 23:14:52,050] {dag.py:2927} INFO - Setting next_dagrun for example_subdag_operator.section-2 to None, run_after=None
[2022-11-01 23:14:52,261] {processor.py:161} INFO - Processing /home/nayara/Documentos/airflowalura/venv/lib/python3.9/site-packages/airflow/example_dags/example_subdag_operator.py took 0.304 seconds
[2022-11-01 23:15:51,773] {processor.py:153} INFO - Started process (PID=22283) to work on /home/nayara/Documentos/airflowalura/venv/lib/python3.9/site-packages/airflow/example_dags/example_subdag_operator.py
[2022-11-01 23:15:51,856] {processor.py:641} INFO - Processing file /home/nayara/Documentos/airflowalura/venv/lib/python3.9/site-packages/airflow/example_dags/example_subdag_operator.py for tasks to queue
[2022-11-01 23:15:51,858] {logging_mixin.py:115} INFO - [2022-11-01 23:15:51,858] {dagbag.py:507} INFO - Filling up the DagBag from /home/nayara/Documentos/airflowalura/venv/lib/python3.9/site-packages/airflow/example_dags/example_subdag_operator.py
[2022-11-01 23:15:51,910] {processor.py:651} INFO - DAG(s) dict_keys(['example_subdag_operator.section-1', 'example_subdag_operator.section-2', 'example_subdag_operator']) retrieved from /home/nayara/Documentos/airflowalura/venv/lib/python3.9/site-packages/airflow/example_dags/example_subdag_operator.py
[2022-11-01 23:15:51,938] {logging_mixin.py:115} INFO - [2022-11-01 23:15:51,938] {dag.py:2379} INFO - Sync 3 DAGs
[2022-11-01 23:15:51,955] {logging_mixin.py:115} INFO - [2022-11-01 23:15:51,955] {dag.py:2927} INFO - Setting next_dagrun for example_subdag_operator to 2022-01-01T00:00:00+00:00, run_after=2022-01-01T00:00:00+00:00
[2022-11-01 23:15:51,955] {logging_mixin.py:115} INFO - [2022-11-01 23:15:51,955] {dag.py:2927} INFO - Setting next_dagrun for example_subdag_operator.section-1 to None, run_after=None
[2022-11-01 23:15:51,955] {logging_mixin.py:115} INFO - [2022-11-01 23:15:51,955] {dag.py:2927} INFO - Setting next_dagrun for example_subdag_operator.section-2 to None, run_after=None
[2022-11-01 23:15:51,962] {logging_mixin.py:115} INFO - [2022-11-01 23:15:51,961] {dag.py:2379} INFO - Sync 2 DAGs
[2022-11-01 23:15:51,966] {logging_mixin.py:115} INFO - [2022-11-01 23:15:51,966] {dag.py:2927} INFO - Setting next_dagrun for example_subdag_operator.section-1 to None, run_after=None
[2022-11-01 23:15:51,966] {logging_mixin.py:115} INFO - [2022-11-01 23:15:51,966] {dag.py:2927} INFO - Setting next_dagrun for example_subdag_operator.section-2 to None, run_after=None
[2022-11-01 23:15:52,648] {processor.py:161} INFO - Processing /home/nayara/Documentos/airflowalura/venv/lib/python3.9/site-packages/airflow/example_dags/example_subdag_operator.py took 0.887 seconds
[2022-11-01 23:16:53,819] {processor.py:153} INFO - Started process (PID=22440) to work on /home/nayara/Documentos/airflowalura/venv/lib/python3.9/site-packages/airflow/example_dags/example_subdag_operator.py
[2022-11-01 23:16:53,847] {processor.py:641} INFO - Processing file /home/nayara/Documentos/airflowalura/venv/lib/python3.9/site-packages/airflow/example_dags/example_subdag_operator.py for tasks to queue
[2022-11-01 23:16:53,848] {logging_mixin.py:115} INFO - [2022-11-01 23:16:53,848] {dagbag.py:507} INFO - Filling up the DagBag from /home/nayara/Documentos/airflowalura/venv/lib/python3.9/site-packages/airflow/example_dags/example_subdag_operator.py
[2022-11-01 23:16:53,894] {processor.py:651} INFO - DAG(s) dict_keys(['example_subdag_operator.section-1', 'example_subdag_operator.section-2', 'example_subdag_operator']) retrieved from /home/nayara/Documentos/airflowalura/venv/lib/python3.9/site-packages/airflow/example_dags/example_subdag_operator.py
[2022-11-01 23:16:54,165] {logging_mixin.py:115} INFO - [2022-11-01 23:16:54,164] {dag.py:2379} INFO - Sync 3 DAGs
[2022-11-01 23:16:54,244] {logging_mixin.py:115} INFO - [2022-11-01 23:16:54,244] {dag.py:2927} INFO - Setting next_dagrun for example_subdag_operator to 2022-01-01T00:00:00+00:00, run_after=2022-01-01T00:00:00+00:00
[2022-11-01 23:16:54,244] {logging_mixin.py:115} INFO - [2022-11-01 23:16:54,244] {dag.py:2927} INFO - Setting next_dagrun for example_subdag_operator.section-1 to None, run_after=None
[2022-11-01 23:16:54,245] {logging_mixin.py:115} INFO - [2022-11-01 23:16:54,245] {dag.py:2927} INFO - Setting next_dagrun for example_subdag_operator.section-2 to None, run_after=None
[2022-11-01 23:16:54,256] {logging_mixin.py:115} INFO - [2022-11-01 23:16:54,256] {dag.py:2379} INFO - Sync 2 DAGs
[2022-11-01 23:16:54,261] {logging_mixin.py:115} INFO - [2022-11-01 23:16:54,261] {dag.py:2927} INFO - Setting next_dagrun for example_subdag_operator.section-1 to None, run_after=None
[2022-11-01 23:16:54,261] {logging_mixin.py:115} INFO - [2022-11-01 23:16:54,261] {dag.py:2927} INFO - Setting next_dagrun for example_subdag_operator.section-2 to None, run_after=None
[2022-11-01 23:16:54,679] {processor.py:161} INFO - Processing /home/nayara/Documentos/airflowalura/venv/lib/python3.9/site-packages/airflow/example_dags/example_subdag_operator.py took 0.873 seconds
[2022-11-01 23:18:11,025] {processor.py:153} INFO - Started process (PID=22592) to work on /home/nayara/Documentos/airflowalura/venv/lib/python3.9/site-packages/airflow/example_dags/example_subdag_operator.py
[2022-11-01 23:18:11,050] {processor.py:641} INFO - Processing file /home/nayara/Documentos/airflowalura/venv/lib/python3.9/site-packages/airflow/example_dags/example_subdag_operator.py for tasks to queue
[2022-11-01 23:18:11,052] {logging_mixin.py:115} INFO - [2022-11-01 23:18:11,052] {dagbag.py:507} INFO - Filling up the DagBag from /home/nayara/Documentos/airflowalura/venv/lib/python3.9/site-packages/airflow/example_dags/example_subdag_operator.py
[2022-11-01 23:18:11,095] {processor.py:651} INFO - DAG(s) dict_keys(['example_subdag_operator.section-1', 'example_subdag_operator.section-2', 'example_subdag_operator']) retrieved from /home/nayara/Documentos/airflowalura/venv/lib/python3.9/site-packages/airflow/example_dags/example_subdag_operator.py
[2022-11-01 23:18:11,116] {logging_mixin.py:115} INFO - [2022-11-01 23:18:11,116] {dag.py:2379} INFO - Sync 3 DAGs
[2022-11-01 23:18:11,133] {logging_mixin.py:115} INFO - [2022-11-01 23:18:11,133] {dag.py:2927} INFO - Setting next_dagrun for example_subdag_operator to 2022-01-01T00:00:00+00:00, run_after=2022-01-01T00:00:00+00:00
[2022-11-01 23:18:11,133] {logging_mixin.py:115} INFO - [2022-11-01 23:18:11,133] {dag.py:2927} INFO - Setting next_dagrun for example_subdag_operator.section-1 to None, run_after=None
[2022-11-01 23:18:11,134] {logging_mixin.py:115} INFO - [2022-11-01 23:18:11,134] {dag.py:2927} INFO - Setting next_dagrun for example_subdag_operator.section-2 to None, run_after=None
[2022-11-01 23:18:11,139] {logging_mixin.py:115} INFO - [2022-11-01 23:18:11,139] {dag.py:2379} INFO - Sync 2 DAGs
[2022-11-01 23:18:11,144] {logging_mixin.py:115} INFO - [2022-11-01 23:18:11,144] {dag.py:2927} INFO - Setting next_dagrun for example_subdag_operator.section-1 to None, run_after=None
[2022-11-01 23:18:11,144] {logging_mixin.py:115} INFO - [2022-11-01 23:18:11,144] {dag.py:2927} INFO - Setting next_dagrun for example_subdag_operator.section-2 to None, run_after=None
[2022-11-01 23:18:11,864] {processor.py:161} INFO - Processing /home/nayara/Documentos/airflowalura/venv/lib/python3.9/site-packages/airflow/example_dags/example_subdag_operator.py took 0.853 seconds
[2022-11-01 23:19:18,214] {processor.py:153} INFO - Started process (PID=22698) to work on /home/nayara/Documentos/airflowalura/venv/lib/python3.9/site-packages/airflow/example_dags/example_subdag_operator.py
[2022-11-01 23:19:18,230] {processor.py:641} INFO - Processing file /home/nayara/Documentos/airflowalura/venv/lib/python3.9/site-packages/airflow/example_dags/example_subdag_operator.py for tasks to queue
[2022-11-01 23:19:18,230] {logging_mixin.py:115} INFO - [2022-11-01 23:19:18,230] {dagbag.py:507} INFO - Filling up the DagBag from /home/nayara/Documentos/airflowalura/venv/lib/python3.9/site-packages/airflow/example_dags/example_subdag_operator.py
[2022-11-01 23:19:18,255] {processor.py:651} INFO - DAG(s) dict_keys(['example_subdag_operator.section-1', 'example_subdag_operator.section-2', 'example_subdag_operator']) retrieved from /home/nayara/Documentos/airflowalura/venv/lib/python3.9/site-packages/airflow/example_dags/example_subdag_operator.py
[2022-11-01 23:19:18,277] {logging_mixin.py:115} INFO - [2022-11-01 23:19:18,276] {dag.py:2379} INFO - Sync 3 DAGs
[2022-11-01 23:19:18,293] {logging_mixin.py:115} INFO - [2022-11-01 23:19:18,293] {dag.py:2927} INFO - Setting next_dagrun for example_subdag_operator to 2022-01-01T00:00:00+00:00, run_after=2022-01-01T00:00:00+00:00
[2022-11-01 23:19:18,294] {logging_mixin.py:115} INFO - [2022-11-01 23:19:18,294] {dag.py:2927} INFO - Setting next_dagrun for example_subdag_operator.section-1 to None, run_after=None
[2022-11-01 23:19:18,294] {logging_mixin.py:115} INFO - [2022-11-01 23:19:18,294] {dag.py:2927} INFO - Setting next_dagrun for example_subdag_operator.section-2 to None, run_after=None
[2022-11-01 23:19:18,299] {logging_mixin.py:115} INFO - [2022-11-01 23:19:18,299] {dag.py:2379} INFO - Sync 2 DAGs
[2022-11-01 23:19:18,304] {logging_mixin.py:115} INFO - [2022-11-01 23:19:18,304] {dag.py:2927} INFO - Setting next_dagrun for example_subdag_operator.section-1 to None, run_after=None
[2022-11-01 23:19:18,304] {logging_mixin.py:115} INFO - [2022-11-01 23:19:18,304] {dag.py:2927} INFO - Setting next_dagrun for example_subdag_operator.section-2 to None, run_after=None
[2022-11-01 23:19:18,551] {processor.py:161} INFO - Processing /home/nayara/Documentos/airflowalura/venv/lib/python3.9/site-packages/airflow/example_dags/example_subdag_operator.py took 0.340 seconds
[2022-11-01 23:20:22,832] {processor.py:153} INFO - Started process (PID=22883) to work on /home/nayara/Documentos/airflowalura/venv/lib/python3.9/site-packages/airflow/example_dags/example_subdag_operator.py
[2022-11-01 23:20:22,885] {processor.py:641} INFO - Processing file /home/nayara/Documentos/airflowalura/venv/lib/python3.9/site-packages/airflow/example_dags/example_subdag_operator.py for tasks to queue
[2022-11-01 23:20:22,889] {logging_mixin.py:115} INFO - [2022-11-01 23:20:22,888] {dagbag.py:507} INFO - Filling up the DagBag from /home/nayara/Documentos/airflowalura/venv/lib/python3.9/site-packages/airflow/example_dags/example_subdag_operator.py
[2022-11-01 23:20:22,935] {processor.py:651} INFO - DAG(s) dict_keys(['example_subdag_operator.section-1', 'example_subdag_operator.section-2', 'example_subdag_operator']) retrieved from /home/nayara/Documentos/airflowalura/venv/lib/python3.9/site-packages/airflow/example_dags/example_subdag_operator.py
[2022-11-01 23:20:22,961] {logging_mixin.py:115} INFO - [2022-11-01 23:20:22,961] {dag.py:2379} INFO - Sync 3 DAGs
[2022-11-01 23:20:22,979] {logging_mixin.py:115} INFO - [2022-11-01 23:20:22,979] {dag.py:2927} INFO - Setting next_dagrun for example_subdag_operator to 2022-01-01T00:00:00+00:00, run_after=2022-01-01T00:00:00+00:00
[2022-11-01 23:20:22,979] {logging_mixin.py:115} INFO - [2022-11-01 23:20:22,979] {dag.py:2927} INFO - Setting next_dagrun for example_subdag_operator.section-1 to None, run_after=None
[2022-11-01 23:20:22,980] {logging_mixin.py:115} INFO - [2022-11-01 23:20:22,980] {dag.py:2927} INFO - Setting next_dagrun for example_subdag_operator.section-2 to None, run_after=None
[2022-11-01 23:20:22,986] {logging_mixin.py:115} INFO - [2022-11-01 23:20:22,986] {dag.py:2379} INFO - Sync 2 DAGs
[2022-11-01 23:20:22,991] {logging_mixin.py:115} INFO - [2022-11-01 23:20:22,991] {dag.py:2927} INFO - Setting next_dagrun for example_subdag_operator.section-1 to None, run_after=None
[2022-11-01 23:20:22,992] {logging_mixin.py:115} INFO - [2022-11-01 23:20:22,991] {dag.py:2927} INFO - Setting next_dagrun for example_subdag_operator.section-2 to None, run_after=None
[2022-11-01 23:20:23,431] {processor.py:161} INFO - Processing /home/nayara/Documentos/airflowalura/venv/lib/python3.9/site-packages/airflow/example_dags/example_subdag_operator.py took 0.604 seconds
