[2022-11-01 22:40:36,257] {processor.py:153} INFO - Started process (PID=17776) to work on /home/nayara/Documentos/airflowalura/venv/lib/python3.9/site-packages/airflow/example_dags/example_trigger_controller_dag.py
[2022-11-01 22:40:36,258] {processor.py:641} INFO - Processing file /home/nayara/Documentos/airflowalura/venv/lib/python3.9/site-packages/airflow/example_dags/example_trigger_controller_dag.py for tasks to queue
[2022-11-01 22:40:36,260] {logging_mixin.py:115} INFO - [2022-11-01 22:40:36,260] {dagbag.py:507} INFO - Filling up the DagBag from /home/nayara/Documentos/airflowalura/venv/lib/python3.9/site-packages/airflow/example_dags/example_trigger_controller_dag.py
[2022-11-01 22:40:36,269] {processor.py:651} INFO - DAG(s) dict_keys(['example_trigger_controller_dag']) retrieved from /home/nayara/Documentos/airflowalura/venv/lib/python3.9/site-packages/airflow/example_dags/example_trigger_controller_dag.py
[2022-11-01 22:40:37,209] {logging_mixin.py:115} INFO - [2022-11-01 22:40:37,209] {dag.py:2379} INFO - Sync 1 DAGs
[2022-11-01 22:40:37,257] {logging_mixin.py:115} INFO - [2022-11-01 22:40:37,257] {dag.py:2927} INFO - Setting next_dagrun for example_trigger_controller_dag to 2021-01-01T00:00:00+00:00, run_after=2021-01-01T00:00:00+00:00
[2022-11-01 22:40:37,719] {processor.py:161} INFO - Processing /home/nayara/Documentos/airflowalura/venv/lib/python3.9/site-packages/airflow/example_dags/example_trigger_controller_dag.py took 1.471 seconds
[2022-11-01 22:43:04,258] {processor.py:153} INFO - Started process (PID=17985) to work on /home/nayara/Documentos/airflowalura/venv/lib/python3.9/site-packages/airflow/example_dags/example_trigger_controller_dag.py
[2022-11-01 22:43:04,261] {processor.py:641} INFO - Processing file /home/nayara/Documentos/airflowalura/venv/lib/python3.9/site-packages/airflow/example_dags/example_trigger_controller_dag.py for tasks to queue
[2022-11-01 22:43:04,262] {logging_mixin.py:115} INFO - [2022-11-01 22:43:04,262] {dagbag.py:507} INFO - Filling up the DagBag from /home/nayara/Documentos/airflowalura/venv/lib/python3.9/site-packages/airflow/example_dags/example_trigger_controller_dag.py
[2022-11-01 22:43:04,268] {processor.py:651} INFO - DAG(s) dict_keys(['example_trigger_controller_dag']) retrieved from /home/nayara/Documentos/airflowalura/venv/lib/python3.9/site-packages/airflow/example_dags/example_trigger_controller_dag.py
[2022-11-01 22:43:04,311] {logging_mixin.py:115} INFO - [2022-11-01 22:43:04,311] {dag.py:2379} INFO - Sync 1 DAGs
[2022-11-01 22:43:04,348] {logging_mixin.py:115} INFO - [2022-11-01 22:43:04,347] {dag.py:2927} INFO - Setting next_dagrun for example_trigger_controller_dag to 2021-01-01T00:00:00+00:00, run_after=2021-01-01T00:00:00+00:00
[2022-11-01 22:43:05,277] {processor.py:161} INFO - Processing /home/nayara/Documentos/airflowalura/venv/lib/python3.9/site-packages/airflow/example_dags/example_trigger_controller_dag.py took 1.026 seconds
[2022-11-01 22:44:34,677] {processor.py:153} INFO - Started process (PID=18132) to work on /home/nayara/Documentos/airflowalura/venv/lib/python3.9/site-packages/airflow/example_dags/example_trigger_controller_dag.py
[2022-11-01 22:44:34,686] {processor.py:641} INFO - Processing file /home/nayara/Documentos/airflowalura/venv/lib/python3.9/site-packages/airflow/example_dags/example_trigger_controller_dag.py for tasks to queue
[2022-11-01 22:44:34,687] {logging_mixin.py:115} INFO - [2022-11-01 22:44:34,687] {dagbag.py:507} INFO - Filling up the DagBag from /home/nayara/Documentos/airflowalura/venv/lib/python3.9/site-packages/airflow/example_dags/example_trigger_controller_dag.py
[2022-11-01 22:44:34,691] {processor.py:651} INFO - DAG(s) dict_keys(['example_trigger_controller_dag']) retrieved from /home/nayara/Documentos/airflowalura/venv/lib/python3.9/site-packages/airflow/example_dags/example_trigger_controller_dag.py
[2022-11-01 22:44:34,736] {logging_mixin.py:115} INFO - [2022-11-01 22:44:34,736] {dag.py:2379} INFO - Sync 1 DAGs
[2022-11-01 22:44:34,770] {logging_mixin.py:115} INFO - [2022-11-01 22:44:34,770] {dag.py:2927} INFO - Setting next_dagrun for example_trigger_controller_dag to 2021-01-01T00:00:00+00:00, run_after=2021-01-01T00:00:00+00:00
[2022-11-01 22:44:35,123] {processor.py:161} INFO - Processing /home/nayara/Documentos/airflowalura/venv/lib/python3.9/site-packages/airflow/example_dags/example_trigger_controller_dag.py took 0.451 seconds
[2022-11-01 22:45:40,296] {processor.py:153} INFO - Started process (PID=18238) to work on /home/nayara/Documentos/airflowalura/venv/lib/python3.9/site-packages/airflow/example_dags/example_trigger_controller_dag.py
[2022-11-01 22:45:40,343] {processor.py:641} INFO - Processing file /home/nayara/Documentos/airflowalura/venv/lib/python3.9/site-packages/airflow/example_dags/example_trigger_controller_dag.py for tasks to queue
[2022-11-01 22:45:40,344] {logging_mixin.py:115} INFO - [2022-11-01 22:45:40,344] {dagbag.py:507} INFO - Filling up the DagBag from /home/nayara/Documentos/airflowalura/venv/lib/python3.9/site-packages/airflow/example_dags/example_trigger_controller_dag.py
[2022-11-01 22:45:40,348] {processor.py:651} INFO - DAG(s) dict_keys(['example_trigger_controller_dag']) retrieved from /home/nayara/Documentos/airflowalura/venv/lib/python3.9/site-packages/airflow/example_dags/example_trigger_controller_dag.py
[2022-11-01 22:45:40,396] {logging_mixin.py:115} INFO - [2022-11-01 22:45:40,396] {dag.py:2379} INFO - Sync 1 DAGs
[2022-11-01 22:45:40,434] {logging_mixin.py:115} INFO - [2022-11-01 22:45:40,434] {dag.py:2927} INFO - Setting next_dagrun for example_trigger_controller_dag to 2021-01-01T00:00:00+00:00, run_after=2021-01-01T00:00:00+00:00
[2022-11-01 22:45:41,016] {processor.py:161} INFO - Processing /home/nayara/Documentos/airflowalura/venv/lib/python3.9/site-packages/airflow/example_dags/example_trigger_controller_dag.py took 0.724 seconds
[2022-11-01 22:46:40,592] {processor.py:153} INFO - Started process (PID=18368) to work on /home/nayara/Documentos/airflowalura/venv/lib/python3.9/site-packages/airflow/example_dags/example_trigger_controller_dag.py
[2022-11-01 22:46:40,612] {processor.py:641} INFO - Processing file /home/nayara/Documentos/airflowalura/venv/lib/python3.9/site-packages/airflow/example_dags/example_trigger_controller_dag.py for tasks to queue
[2022-11-01 22:46:40,613] {logging_mixin.py:115} INFO - [2022-11-01 22:46:40,612] {dagbag.py:507} INFO - Filling up the DagBag from /home/nayara/Documentos/airflowalura/venv/lib/python3.9/site-packages/airflow/example_dags/example_trigger_controller_dag.py
[2022-11-01 22:46:40,625] {processor.py:651} INFO - DAG(s) dict_keys(['example_trigger_controller_dag']) retrieved from /home/nayara/Documentos/airflowalura/venv/lib/python3.9/site-packages/airflow/example_dags/example_trigger_controller_dag.py
[2022-11-01 22:46:40,674] {logging_mixin.py:115} INFO - [2022-11-01 22:46:40,674] {dag.py:2379} INFO - Sync 1 DAGs
[2022-11-01 22:46:40,706] {logging_mixin.py:115} INFO - [2022-11-01 22:46:40,706] {dag.py:2927} INFO - Setting next_dagrun for example_trigger_controller_dag to 2021-01-01T00:00:00+00:00, run_after=2021-01-01T00:00:00+00:00
[2022-11-01 22:46:40,940] {processor.py:161} INFO - Processing /home/nayara/Documentos/airflowalura/venv/lib/python3.9/site-packages/airflow/example_dags/example_trigger_controller_dag.py took 0.357 seconds
[2022-11-01 22:47:44,577] {processor.py:153} INFO - Started process (PID=18515) to work on /home/nayara/Documentos/airflowalura/venv/lib/python3.9/site-packages/airflow/example_dags/example_trigger_controller_dag.py
[2022-11-01 22:47:44,600] {processor.py:641} INFO - Processing file /home/nayara/Documentos/airflowalura/venv/lib/python3.9/site-packages/airflow/example_dags/example_trigger_controller_dag.py for tasks to queue
[2022-11-01 22:47:44,602] {logging_mixin.py:115} INFO - [2022-11-01 22:47:44,601] {dagbag.py:507} INFO - Filling up the DagBag from /home/nayara/Documentos/airflowalura/venv/lib/python3.9/site-packages/airflow/example_dags/example_trigger_controller_dag.py
[2022-11-01 22:47:44,615] {processor.py:651} INFO - DAG(s) dict_keys(['example_trigger_controller_dag']) retrieved from /home/nayara/Documentos/airflowalura/venv/lib/python3.9/site-packages/airflow/example_dags/example_trigger_controller_dag.py
[2022-11-01 22:47:44,669] {logging_mixin.py:115} INFO - [2022-11-01 22:47:44,669] {dag.py:2379} INFO - Sync 1 DAGs
[2022-11-01 22:47:44,704] {logging_mixin.py:115} INFO - [2022-11-01 22:47:44,703] {dag.py:2927} INFO - Setting next_dagrun for example_trigger_controller_dag to 2021-01-01T00:00:00+00:00, run_after=2021-01-01T00:00:00+00:00
[2022-11-01 22:47:45,071] {processor.py:161} INFO - Processing /home/nayara/Documentos/airflowalura/venv/lib/python3.9/site-packages/airflow/example_dags/example_trigger_controller_dag.py took 0.503 seconds
[2022-11-01 22:48:41,042] {processor.py:153} INFO - Started process (PID=18618) to work on /home/nayara/Documentos/airflowalura/venv/lib/python3.9/site-packages/airflow/example_dags/example_trigger_controller_dag.py
[2022-11-01 22:48:41,044] {processor.py:641} INFO - Processing file /home/nayara/Documentos/airflowalura/venv/lib/python3.9/site-packages/airflow/example_dags/example_trigger_controller_dag.py for tasks to queue
[2022-11-01 22:48:41,048] {logging_mixin.py:115} INFO - [2022-11-01 22:48:41,047] {dagbag.py:507} INFO - Filling up the DagBag from /home/nayara/Documentos/airflowalura/venv/lib/python3.9/site-packages/airflow/example_dags/example_trigger_controller_dag.py
[2022-11-01 22:48:41,056] {processor.py:651} INFO - DAG(s) dict_keys(['example_trigger_controller_dag']) retrieved from /home/nayara/Documentos/airflowalura/venv/lib/python3.9/site-packages/airflow/example_dags/example_trigger_controller_dag.py
[2022-11-01 22:48:41,101] {logging_mixin.py:115} INFO - [2022-11-01 22:48:41,101] {dag.py:2379} INFO - Sync 1 DAGs
[2022-11-01 22:48:41,138] {logging_mixin.py:115} INFO - [2022-11-01 22:48:41,138] {dag.py:2927} INFO - Setting next_dagrun for example_trigger_controller_dag to 2021-01-01T00:00:00+00:00, run_after=2021-01-01T00:00:00+00:00
[2022-11-01 22:48:41,347] {processor.py:161} INFO - Processing /home/nayara/Documentos/airflowalura/venv/lib/python3.9/site-packages/airflow/example_dags/example_trigger_controller_dag.py took 0.314 seconds
[2022-11-01 22:49:38,781] {processor.py:153} INFO - Started process (PID=18732) to work on /home/nayara/Documentos/airflowalura/venv/lib/python3.9/site-packages/airflow/example_dags/example_trigger_controller_dag.py
[2022-11-01 22:49:38,782] {processor.py:641} INFO - Processing file /home/nayara/Documentos/airflowalura/venv/lib/python3.9/site-packages/airflow/example_dags/example_trigger_controller_dag.py for tasks to queue
[2022-11-01 22:49:38,783] {logging_mixin.py:115} INFO - [2022-11-01 22:49:38,783] {dagbag.py:507} INFO - Filling up the DagBag from /home/nayara/Documentos/airflowalura/venv/lib/python3.9/site-packages/airflow/example_dags/example_trigger_controller_dag.py
[2022-11-01 22:49:38,791] {processor.py:651} INFO - DAG(s) dict_keys(['example_trigger_controller_dag']) retrieved from /home/nayara/Documentos/airflowalura/venv/lib/python3.9/site-packages/airflow/example_dags/example_trigger_controller_dag.py
[2022-11-01 22:49:38,836] {logging_mixin.py:115} INFO - [2022-11-01 22:49:38,836] {dag.py:2379} INFO - Sync 1 DAGs
[2022-11-01 22:49:38,880] {logging_mixin.py:115} INFO - [2022-11-01 22:49:38,880] {dag.py:2927} INFO - Setting next_dagrun for example_trigger_controller_dag to 2021-01-01T00:00:00+00:00, run_after=2021-01-01T00:00:00+00:00
[2022-11-01 22:49:39,105] {processor.py:161} INFO - Processing /home/nayara/Documentos/airflowalura/venv/lib/python3.9/site-packages/airflow/example_dags/example_trigger_controller_dag.py took 0.328 seconds
[2022-11-01 22:50:33,418] {processor.py:153} INFO - Started process (PID=18837) to work on /home/nayara/Documentos/airflowalura/venv/lib/python3.9/site-packages/airflow/example_dags/example_trigger_controller_dag.py
[2022-11-01 22:50:33,434] {processor.py:641} INFO - Processing file /home/nayara/Documentos/airflowalura/venv/lib/python3.9/site-packages/airflow/example_dags/example_trigger_controller_dag.py for tasks to queue
[2022-11-01 22:50:33,437] {logging_mixin.py:115} INFO - [2022-11-01 22:50:33,437] {dagbag.py:507} INFO - Filling up the DagBag from /home/nayara/Documentos/airflowalura/venv/lib/python3.9/site-packages/airflow/example_dags/example_trigger_controller_dag.py
[2022-11-01 22:50:33,443] {processor.py:651} INFO - DAG(s) dict_keys(['example_trigger_controller_dag']) retrieved from /home/nayara/Documentos/airflowalura/venv/lib/python3.9/site-packages/airflow/example_dags/example_trigger_controller_dag.py
[2022-11-01 22:50:33,479] {logging_mixin.py:115} INFO - [2022-11-01 22:50:33,478] {dag.py:2379} INFO - Sync 1 DAGs
[2022-11-01 22:50:33,512] {logging_mixin.py:115} INFO - [2022-11-01 22:50:33,512] {dag.py:2927} INFO - Setting next_dagrun for example_trigger_controller_dag to 2021-01-01T00:00:00+00:00, run_after=2021-01-01T00:00:00+00:00
[2022-11-01 22:50:33,734] {processor.py:161} INFO - Processing /home/nayara/Documentos/airflowalura/venv/lib/python3.9/site-packages/airflow/example_dags/example_trigger_controller_dag.py took 0.323 seconds
[2022-11-01 22:51:45,891] {processor.py:153} INFO - Started process (PID=18969) to work on /home/nayara/Documentos/airflowalura/venv/lib/python3.9/site-packages/airflow/example_dags/example_trigger_controller_dag.py
[2022-11-01 22:51:45,901] {processor.py:641} INFO - Processing file /home/nayara/Documentos/airflowalura/venv/lib/python3.9/site-packages/airflow/example_dags/example_trigger_controller_dag.py for tasks to queue
[2022-11-01 22:51:45,902] {logging_mixin.py:115} INFO - [2022-11-01 22:51:45,902] {dagbag.py:507} INFO - Filling up the DagBag from /home/nayara/Documentos/airflowalura/venv/lib/python3.9/site-packages/airflow/example_dags/example_trigger_controller_dag.py
[2022-11-01 22:51:45,910] {processor.py:651} INFO - DAG(s) dict_keys(['example_trigger_controller_dag']) retrieved from /home/nayara/Documentos/airflowalura/venv/lib/python3.9/site-packages/airflow/example_dags/example_trigger_controller_dag.py
[2022-11-01 22:51:45,955] {logging_mixin.py:115} INFO - [2022-11-01 22:51:45,955] {dag.py:2379} INFO - Sync 1 DAGs
[2022-11-01 22:51:46,010] {logging_mixin.py:115} INFO - [2022-11-01 22:51:46,010] {dag.py:2927} INFO - Setting next_dagrun for example_trigger_controller_dag to 2021-01-01T00:00:00+00:00, run_after=2021-01-01T00:00:00+00:00
[2022-11-01 22:51:46,264] {processor.py:161} INFO - Processing /home/nayara/Documentos/airflowalura/venv/lib/python3.9/site-packages/airflow/example_dags/example_trigger_controller_dag.py took 0.380 seconds
[2022-11-01 22:52:45,601] {processor.py:153} INFO - Started process (PID=19106) to work on /home/nayara/Documentos/airflowalura/venv/lib/python3.9/site-packages/airflow/example_dags/example_trigger_controller_dag.py
[2022-11-01 22:52:45,620] {processor.py:641} INFO - Processing file /home/nayara/Documentos/airflowalura/venv/lib/python3.9/site-packages/airflow/example_dags/example_trigger_controller_dag.py for tasks to queue
[2022-11-01 22:52:45,621] {logging_mixin.py:115} INFO - [2022-11-01 22:52:45,621] {dagbag.py:507} INFO - Filling up the DagBag from /home/nayara/Documentos/airflowalura/venv/lib/python3.9/site-packages/airflow/example_dags/example_trigger_controller_dag.py
[2022-11-01 22:52:45,628] {processor.py:651} INFO - DAG(s) dict_keys(['example_trigger_controller_dag']) retrieved from /home/nayara/Documentos/airflowalura/venv/lib/python3.9/site-packages/airflow/example_dags/example_trigger_controller_dag.py
[2022-11-01 22:52:45,666] {logging_mixin.py:115} INFO - [2022-11-01 22:52:45,666] {dag.py:2379} INFO - Sync 1 DAGs
[2022-11-01 22:52:45,696] {logging_mixin.py:115} INFO - [2022-11-01 22:52:45,696] {dag.py:2927} INFO - Setting next_dagrun for example_trigger_controller_dag to 2021-01-01T00:00:00+00:00, run_after=2021-01-01T00:00:00+00:00
[2022-11-01 22:52:46,021] {processor.py:161} INFO - Processing /home/nayara/Documentos/airflowalura/venv/lib/python3.9/site-packages/airflow/example_dags/example_trigger_controller_dag.py took 0.427 seconds
[2022-11-01 22:53:45,952] {processor.py:153} INFO - Started process (PID=19222) to work on /home/nayara/Documentos/airflowalura/venv/lib/python3.9/site-packages/airflow/example_dags/example_trigger_controller_dag.py
[2022-11-01 22:53:45,987] {processor.py:641} INFO - Processing file /home/nayara/Documentos/airflowalura/venv/lib/python3.9/site-packages/airflow/example_dags/example_trigger_controller_dag.py for tasks to queue
[2022-11-01 22:53:45,989] {logging_mixin.py:115} INFO - [2022-11-01 22:53:45,988] {dagbag.py:507} INFO - Filling up the DagBag from /home/nayara/Documentos/airflowalura/venv/lib/python3.9/site-packages/airflow/example_dags/example_trigger_controller_dag.py
[2022-11-01 22:53:45,999] {processor.py:651} INFO - DAG(s) dict_keys(['example_trigger_controller_dag']) retrieved from /home/nayara/Documentos/airflowalura/venv/lib/python3.9/site-packages/airflow/example_dags/example_trigger_controller_dag.py
[2022-11-01 22:53:46,033] {logging_mixin.py:115} INFO - [2022-11-01 22:53:46,032] {dag.py:2379} INFO - Sync 1 DAGs
[2022-11-01 22:53:46,053] {logging_mixin.py:115} INFO - [2022-11-01 22:53:46,053] {dag.py:2927} INFO - Setting next_dagrun for example_trigger_controller_dag to 2021-01-01T00:00:00+00:00, run_after=2021-01-01T00:00:00+00:00
[2022-11-01 22:53:46,715] {processor.py:161} INFO - Processing /home/nayara/Documentos/airflowalura/venv/lib/python3.9/site-packages/airflow/example_dags/example_trigger_controller_dag.py took 0.770 seconds
[2022-11-01 22:54:53,091] {processor.py:153} INFO - Started process (PID=19359) to work on /home/nayara/Documentos/airflowalura/venv/lib/python3.9/site-packages/airflow/example_dags/example_trigger_controller_dag.py
[2022-11-01 22:54:53,108] {processor.py:641} INFO - Processing file /home/nayara/Documentos/airflowalura/venv/lib/python3.9/site-packages/airflow/example_dags/example_trigger_controller_dag.py for tasks to queue
[2022-11-01 22:54:53,109] {logging_mixin.py:115} INFO - [2022-11-01 22:54:53,109] {dagbag.py:507} INFO - Filling up the DagBag from /home/nayara/Documentos/airflowalura/venv/lib/python3.9/site-packages/airflow/example_dags/example_trigger_controller_dag.py
[2022-11-01 22:54:53,115] {processor.py:651} INFO - DAG(s) dict_keys(['example_trigger_controller_dag']) retrieved from /home/nayara/Documentos/airflowalura/venv/lib/python3.9/site-packages/airflow/example_dags/example_trigger_controller_dag.py
[2022-11-01 22:54:53,140] {logging_mixin.py:115} INFO - [2022-11-01 22:54:53,140] {dag.py:2379} INFO - Sync 1 DAGs
[2022-11-01 22:54:53,158] {logging_mixin.py:115} INFO - [2022-11-01 22:54:53,157] {dag.py:2927} INFO - Setting next_dagrun for example_trigger_controller_dag to 2021-01-01T00:00:00+00:00, run_after=2021-01-01T00:00:00+00:00
[2022-11-01 22:54:53,421] {processor.py:161} INFO - Processing /home/nayara/Documentos/airflowalura/venv/lib/python3.9/site-packages/airflow/example_dags/example_trigger_controller_dag.py took 0.335 seconds
[2022-11-01 22:56:04,611] {processor.py:153} INFO - Started process (PID=19547) to work on /home/nayara/Documentos/airflowalura/venv/lib/python3.9/site-packages/airflow/example_dags/example_trigger_controller_dag.py
[2022-11-01 22:56:04,640] {processor.py:641} INFO - Processing file /home/nayara/Documentos/airflowalura/venv/lib/python3.9/site-packages/airflow/example_dags/example_trigger_controller_dag.py for tasks to queue
[2022-11-01 22:56:04,641] {logging_mixin.py:115} INFO - [2022-11-01 22:56:04,641] {dagbag.py:507} INFO - Filling up the DagBag from /home/nayara/Documentos/airflowalura/venv/lib/python3.9/site-packages/airflow/example_dags/example_trigger_controller_dag.py
[2022-11-01 22:56:04,645] {processor.py:651} INFO - DAG(s) dict_keys(['example_trigger_controller_dag']) retrieved from /home/nayara/Documentos/airflowalura/venv/lib/python3.9/site-packages/airflow/example_dags/example_trigger_controller_dag.py
[2022-11-01 22:56:04,665] {logging_mixin.py:115} INFO - [2022-11-01 22:56:04,664] {dag.py:2379} INFO - Sync 1 DAGs
[2022-11-01 22:56:04,682] {logging_mixin.py:115} INFO - [2022-11-01 22:56:04,681] {dag.py:2927} INFO - Setting next_dagrun for example_trigger_controller_dag to 2021-01-01T00:00:00+00:00, run_after=2021-01-01T00:00:00+00:00
[2022-11-01 22:56:05,068] {processor.py:161} INFO - Processing /home/nayara/Documentos/airflowalura/venv/lib/python3.9/site-packages/airflow/example_dags/example_trigger_controller_dag.py took 0.462 seconds
[2022-11-01 22:57:27,940] {processor.py:153} INFO - Started process (PID=19762) to work on /home/nayara/Documentos/airflowalura/venv/lib/python3.9/site-packages/airflow/example_dags/example_trigger_controller_dag.py
[2022-11-01 22:57:27,977] {processor.py:641} INFO - Processing file /home/nayara/Documentos/airflowalura/venv/lib/python3.9/site-packages/airflow/example_dags/example_trigger_controller_dag.py for tasks to queue
[2022-11-01 22:57:27,979] {logging_mixin.py:115} INFO - [2022-11-01 22:57:27,978] {dagbag.py:507} INFO - Filling up the DagBag from /home/nayara/Documentos/airflowalura/venv/lib/python3.9/site-packages/airflow/example_dags/example_trigger_controller_dag.py
[2022-11-01 22:57:27,991] {processor.py:651} INFO - DAG(s) dict_keys(['example_trigger_controller_dag']) retrieved from /home/nayara/Documentos/airflowalura/venv/lib/python3.9/site-packages/airflow/example_dags/example_trigger_controller_dag.py
[2022-11-01 22:57:28,037] {logging_mixin.py:115} INFO - [2022-11-01 22:57:28,037] {dag.py:2379} INFO - Sync 1 DAGs
[2022-11-01 22:57:28,054] {logging_mixin.py:115} INFO - [2022-11-01 22:57:28,054] {dag.py:2927} INFO - Setting next_dagrun for example_trigger_controller_dag to 2021-01-01T00:00:00+00:00, run_after=2021-01-01T00:00:00+00:00
[2022-11-01 22:57:28,764] {processor.py:161} INFO - Processing /home/nayara/Documentos/airflowalura/venv/lib/python3.9/site-packages/airflow/example_dags/example_trigger_controller_dag.py took 0.836 seconds
[2022-11-01 22:58:27,906] {processor.py:153} INFO - Started process (PID=19893) to work on /home/nayara/Documentos/airflowalura/venv/lib/python3.9/site-packages/airflow/example_dags/example_trigger_controller_dag.py
[2022-11-01 22:58:27,923] {processor.py:641} INFO - Processing file /home/nayara/Documentos/airflowalura/venv/lib/python3.9/site-packages/airflow/example_dags/example_trigger_controller_dag.py for tasks to queue
[2022-11-01 22:58:27,924] {logging_mixin.py:115} INFO - [2022-11-01 22:58:27,924] {dagbag.py:507} INFO - Filling up the DagBag from /home/nayara/Documentos/airflowalura/venv/lib/python3.9/site-packages/airflow/example_dags/example_trigger_controller_dag.py
[2022-11-01 22:58:27,929] {processor.py:651} INFO - DAG(s) dict_keys(['example_trigger_controller_dag']) retrieved from /home/nayara/Documentos/airflowalura/venv/lib/python3.9/site-packages/airflow/example_dags/example_trigger_controller_dag.py
[2022-11-01 22:58:27,960] {logging_mixin.py:115} INFO - [2022-11-01 22:58:27,960] {dag.py:2379} INFO - Sync 1 DAGs
[2022-11-01 22:58:27,980] {logging_mixin.py:115} INFO - [2022-11-01 22:58:27,980] {dag.py:2927} INFO - Setting next_dagrun for example_trigger_controller_dag to 2021-01-01T00:00:00+00:00, run_after=2021-01-01T00:00:00+00:00
[2022-11-01 22:58:28,190] {processor.py:161} INFO - Processing /home/nayara/Documentos/airflowalura/venv/lib/python3.9/site-packages/airflow/example_dags/example_trigger_controller_dag.py took 0.288 seconds
[2022-11-01 22:59:15,831] {processor.py:153} INFO - Started process (PID=19993) to work on /home/nayara/Documentos/airflowalura/venv/lib/python3.9/site-packages/airflow/example_dags/example_trigger_controller_dag.py
[2022-11-01 22:59:15,865] {processor.py:641} INFO - Processing file /home/nayara/Documentos/airflowalura/venv/lib/python3.9/site-packages/airflow/example_dags/example_trigger_controller_dag.py for tasks to queue
[2022-11-01 22:59:15,867] {logging_mixin.py:115} INFO - [2022-11-01 22:59:15,867] {dagbag.py:507} INFO - Filling up the DagBag from /home/nayara/Documentos/airflowalura/venv/lib/python3.9/site-packages/airflow/example_dags/example_trigger_controller_dag.py
[2022-11-01 22:59:15,877] {processor.py:651} INFO - DAG(s) dict_keys(['example_trigger_controller_dag']) retrieved from /home/nayara/Documentos/airflowalura/venv/lib/python3.9/site-packages/airflow/example_dags/example_trigger_controller_dag.py
[2022-11-01 22:59:15,906] {logging_mixin.py:115} INFO - [2022-11-01 22:59:15,906] {dag.py:2379} INFO - Sync 1 DAGs
[2022-11-01 22:59:15,931] {logging_mixin.py:115} INFO - [2022-11-01 22:59:15,931] {dag.py:2927} INFO - Setting next_dagrun for example_trigger_controller_dag to 2021-01-01T00:00:00+00:00, run_after=2021-01-01T00:00:00+00:00
[2022-11-01 22:59:16,436] {processor.py:161} INFO - Processing /home/nayara/Documentos/airflowalura/venv/lib/python3.9/site-packages/airflow/example_dags/example_trigger_controller_dag.py took 0.623 seconds
[2022-11-01 23:00:08,455] {processor.py:153} INFO - Started process (PID=20104) to work on /home/nayara/Documentos/airflowalura/venv/lib/python3.9/site-packages/airflow/example_dags/example_trigger_controller_dag.py
[2022-11-01 23:00:08,481] {processor.py:641} INFO - Processing file /home/nayara/Documentos/airflowalura/venv/lib/python3.9/site-packages/airflow/example_dags/example_trigger_controller_dag.py for tasks to queue
[2022-11-01 23:00:08,483] {logging_mixin.py:115} INFO - [2022-11-01 23:00:08,482] {dagbag.py:507} INFO - Filling up the DagBag from /home/nayara/Documentos/airflowalura/venv/lib/python3.9/site-packages/airflow/example_dags/example_trigger_controller_dag.py
[2022-11-01 23:00:08,491] {processor.py:651} INFO - DAG(s) dict_keys(['example_trigger_controller_dag']) retrieved from /home/nayara/Documentos/airflowalura/venv/lib/python3.9/site-packages/airflow/example_dags/example_trigger_controller_dag.py
[2022-11-01 23:00:08,515] {logging_mixin.py:115} INFO - [2022-11-01 23:00:08,515] {dag.py:2379} INFO - Sync 1 DAGs
[2022-11-01 23:00:08,532] {logging_mixin.py:115} INFO - [2022-11-01 23:00:08,532] {dag.py:2927} INFO - Setting next_dagrun for example_trigger_controller_dag to 2021-01-01T00:00:00+00:00, run_after=2021-01-01T00:00:00+00:00
[2022-11-01 23:00:09,026] {processor.py:161} INFO - Processing /home/nayara/Documentos/airflowalura/venv/lib/python3.9/site-packages/airflow/example_dags/example_trigger_controller_dag.py took 0.588 seconds
[2022-11-01 23:01:02,325] {processor.py:153} INFO - Started process (PID=20194) to work on /home/nayara/Documentos/airflowalura/venv/lib/python3.9/site-packages/airflow/example_dags/example_trigger_controller_dag.py
[2022-11-01 23:01:02,449] {processor.py:641} INFO - Processing file /home/nayara/Documentos/airflowalura/venv/lib/python3.9/site-packages/airflow/example_dags/example_trigger_controller_dag.py for tasks to queue
[2022-11-01 23:01:02,451] {logging_mixin.py:115} INFO - [2022-11-01 23:01:02,451] {dagbag.py:507} INFO - Filling up the DagBag from /home/nayara/Documentos/airflowalura/venv/lib/python3.9/site-packages/airflow/example_dags/example_trigger_controller_dag.py
[2022-11-01 23:01:02,455] {processor.py:651} INFO - DAG(s) dict_keys(['example_trigger_controller_dag']) retrieved from /home/nayara/Documentos/airflowalura/venv/lib/python3.9/site-packages/airflow/example_dags/example_trigger_controller_dag.py
[2022-11-01 23:01:02,475] {logging_mixin.py:115} INFO - [2022-11-01 23:01:02,475] {dag.py:2379} INFO - Sync 1 DAGs
[2022-11-01 23:01:02,495] {logging_mixin.py:115} INFO - [2022-11-01 23:01:02,495] {dag.py:2927} INFO - Setting next_dagrun for example_trigger_controller_dag to 2021-01-01T00:00:00+00:00, run_after=2021-01-01T00:00:00+00:00
[2022-11-01 23:01:02,918] {processor.py:161} INFO - Processing /home/nayara/Documentos/airflowalura/venv/lib/python3.9/site-packages/airflow/example_dags/example_trigger_controller_dag.py took 0.600 seconds
[2022-11-01 23:01:53,426] {processor.py:153} INFO - Started process (PID=20348) to work on /home/nayara/Documentos/airflowalura/venv/lib/python3.9/site-packages/airflow/example_dags/example_trigger_controller_dag.py
[2022-11-01 23:01:53,468] {processor.py:641} INFO - Processing file /home/nayara/Documentos/airflowalura/venv/lib/python3.9/site-packages/airflow/example_dags/example_trigger_controller_dag.py for tasks to queue
[2022-11-01 23:01:53,471] {logging_mixin.py:115} INFO - [2022-11-01 23:01:53,471] {dagbag.py:507} INFO - Filling up the DagBag from /home/nayara/Documentos/airflowalura/venv/lib/python3.9/site-packages/airflow/example_dags/example_trigger_controller_dag.py
[2022-11-01 23:01:53,486] {processor.py:651} INFO - DAG(s) dict_keys(['example_trigger_controller_dag']) retrieved from /home/nayara/Documentos/airflowalura/venv/lib/python3.9/site-packages/airflow/example_dags/example_trigger_controller_dag.py
[2022-11-01 23:01:53,546] {logging_mixin.py:115} INFO - [2022-11-01 23:01:53,546] {dag.py:2379} INFO - Sync 1 DAGs
[2022-11-01 23:01:53,603] {logging_mixin.py:115} INFO - [2022-11-01 23:01:53,603] {dag.py:2927} INFO - Setting next_dagrun for example_trigger_controller_dag to 2021-01-01T00:00:00+00:00, run_after=2021-01-01T00:00:00+00:00
[2022-11-01 23:01:54,083] {processor.py:161} INFO - Processing /home/nayara/Documentos/airflowalura/venv/lib/python3.9/site-packages/airflow/example_dags/example_trigger_controller_dag.py took 0.674 seconds
[2022-11-01 23:03:43,367] {processor.py:153} INFO - Started process (PID=20543) to work on /home/nayara/Documentos/airflowalura/venv/lib/python3.9/site-packages/airflow/example_dags/example_trigger_controller_dag.py
[2022-11-01 23:03:43,392] {processor.py:641} INFO - Processing file /home/nayara/Documentos/airflowalura/venv/lib/python3.9/site-packages/airflow/example_dags/example_trigger_controller_dag.py for tasks to queue
[2022-11-01 23:03:43,394] {logging_mixin.py:115} INFO - [2022-11-01 23:03:43,393] {dagbag.py:507} INFO - Filling up the DagBag from /home/nayara/Documentos/airflowalura/venv/lib/python3.9/site-packages/airflow/example_dags/example_trigger_controller_dag.py
[2022-11-01 23:03:43,407] {processor.py:651} INFO - DAG(s) dict_keys(['example_trigger_controller_dag']) retrieved from /home/nayara/Documentos/airflowalura/venv/lib/python3.9/site-packages/airflow/example_dags/example_trigger_controller_dag.py
[2022-11-01 23:03:43,674] {logging_mixin.py:115} INFO - [2022-11-01 23:03:43,674] {dag.py:2379} INFO - Sync 1 DAGs
[2022-11-01 23:03:43,705] {logging_mixin.py:115} INFO - [2022-11-01 23:03:43,705] {dag.py:2927} INFO - Setting next_dagrun for example_trigger_controller_dag to 2021-01-01T00:00:00+00:00, run_after=2021-01-01T00:00:00+00:00
[2022-11-01 23:03:44,321] {processor.py:161} INFO - Processing /home/nayara/Documentos/airflowalura/venv/lib/python3.9/site-packages/airflow/example_dags/example_trigger_controller_dag.py took 0.973 seconds
[2022-11-01 23:04:51,125] {processor.py:153} INFO - Started process (PID=20700) to work on /home/nayara/Documentos/airflowalura/venv/lib/python3.9/site-packages/airflow/example_dags/example_trigger_controller_dag.py
[2022-11-01 23:04:51,217] {processor.py:641} INFO - Processing file /home/nayara/Documentos/airflowalura/venv/lib/python3.9/site-packages/airflow/example_dags/example_trigger_controller_dag.py for tasks to queue
[2022-11-01 23:04:51,218] {logging_mixin.py:115} INFO - [2022-11-01 23:04:51,218] {dagbag.py:507} INFO - Filling up the DagBag from /home/nayara/Documentos/airflowalura/venv/lib/python3.9/site-packages/airflow/example_dags/example_trigger_controller_dag.py
[2022-11-01 23:04:51,225] {processor.py:651} INFO - DAG(s) dict_keys(['example_trigger_controller_dag']) retrieved from /home/nayara/Documentos/airflowalura/venv/lib/python3.9/site-packages/airflow/example_dags/example_trigger_controller_dag.py
[2022-11-01 23:04:51,252] {logging_mixin.py:115} INFO - [2022-11-01 23:04:51,252] {dag.py:2379} INFO - Sync 1 DAGs
[2022-11-01 23:04:51,277] {logging_mixin.py:115} INFO - [2022-11-01 23:04:51,277] {dag.py:2927} INFO - Setting next_dagrun for example_trigger_controller_dag to 2021-01-01T00:00:00+00:00, run_after=2021-01-01T00:00:00+00:00
[2022-11-01 23:04:51,511] {processor.py:161} INFO - Processing /home/nayara/Documentos/airflowalura/venv/lib/python3.9/site-packages/airflow/example_dags/example_trigger_controller_dag.py took 0.402 seconds
[2022-11-01 23:05:46,374] {processor.py:153} INFO - Started process (PID=20819) to work on /home/nayara/Documentos/airflowalura/venv/lib/python3.9/site-packages/airflow/example_dags/example_trigger_controller_dag.py
[2022-11-01 23:05:46,395] {processor.py:641} INFO - Processing file /home/nayara/Documentos/airflowalura/venv/lib/python3.9/site-packages/airflow/example_dags/example_trigger_controller_dag.py for tasks to queue
[2022-11-01 23:05:46,396] {logging_mixin.py:115} INFO - [2022-11-01 23:05:46,396] {dagbag.py:507} INFO - Filling up the DagBag from /home/nayara/Documentos/airflowalura/venv/lib/python3.9/site-packages/airflow/example_dags/example_trigger_controller_dag.py
[2022-11-01 23:05:46,400] {processor.py:651} INFO - DAG(s) dict_keys(['example_trigger_controller_dag']) retrieved from /home/nayara/Documentos/airflowalura/venv/lib/python3.9/site-packages/airflow/example_dags/example_trigger_controller_dag.py
[2022-11-01 23:05:46,420] {logging_mixin.py:115} INFO - [2022-11-01 23:05:46,420] {dag.py:2379} INFO - Sync 1 DAGs
[2022-11-01 23:05:46,438] {logging_mixin.py:115} INFO - [2022-11-01 23:05:46,438] {dag.py:2927} INFO - Setting next_dagrun for example_trigger_controller_dag to 2021-01-01T00:00:00+00:00, run_after=2021-01-01T00:00:00+00:00
[2022-11-01 23:05:46,680] {processor.py:161} INFO - Processing /home/nayara/Documentos/airflowalura/venv/lib/python3.9/site-packages/airflow/example_dags/example_trigger_controller_dag.py took 0.309 seconds
[2022-11-01 23:06:37,652] {processor.py:153} INFO - Started process (PID=20902) to work on /home/nayara/Documentos/airflowalura/venv/lib/python3.9/site-packages/airflow/example_dags/example_trigger_controller_dag.py
[2022-11-01 23:06:37,709] {processor.py:641} INFO - Processing file /home/nayara/Documentos/airflowalura/venv/lib/python3.9/site-packages/airflow/example_dags/example_trigger_controller_dag.py for tasks to queue
[2022-11-01 23:06:37,713] {logging_mixin.py:115} INFO - [2022-11-01 23:06:37,712] {dagbag.py:507} INFO - Filling up the DagBag from /home/nayara/Documentos/airflowalura/venv/lib/python3.9/site-packages/airflow/example_dags/example_trigger_controller_dag.py
[2022-11-01 23:06:37,731] {processor.py:651} INFO - DAG(s) dict_keys(['example_trigger_controller_dag']) retrieved from /home/nayara/Documentos/airflowalura/venv/lib/python3.9/site-packages/airflow/example_dags/example_trigger_controller_dag.py
[2022-11-01 23:06:37,772] {logging_mixin.py:115} INFO - [2022-11-01 23:06:37,772] {dag.py:2379} INFO - Sync 1 DAGs
[2022-11-01 23:06:37,793] {logging_mixin.py:115} INFO - [2022-11-01 23:06:37,793] {dag.py:2927} INFO - Setting next_dagrun for example_trigger_controller_dag to 2021-01-01T00:00:00+00:00, run_after=2021-01-01T00:00:00+00:00
[2022-11-01 23:06:38,277] {processor.py:161} INFO - Processing /home/nayara/Documentos/airflowalura/venv/lib/python3.9/site-packages/airflow/example_dags/example_trigger_controller_dag.py took 0.629 seconds
[2022-11-01 23:07:37,280] {processor.py:153} INFO - Started process (PID=21079) to work on /home/nayara/Documentos/airflowalura/venv/lib/python3.9/site-packages/airflow/example_dags/example_trigger_controller_dag.py
[2022-11-01 23:07:37,306] {processor.py:641} INFO - Processing file /home/nayara/Documentos/airflowalura/venv/lib/python3.9/site-packages/airflow/example_dags/example_trigger_controller_dag.py for tasks to queue
[2022-11-01 23:07:37,307] {logging_mixin.py:115} INFO - [2022-11-01 23:07:37,307] {dagbag.py:507} INFO - Filling up the DagBag from /home/nayara/Documentos/airflowalura/venv/lib/python3.9/site-packages/airflow/example_dags/example_trigger_controller_dag.py
[2022-11-01 23:07:37,311] {processor.py:651} INFO - DAG(s) dict_keys(['example_trigger_controller_dag']) retrieved from /home/nayara/Documentos/airflowalura/venv/lib/python3.9/site-packages/airflow/example_dags/example_trigger_controller_dag.py
[2022-11-01 23:07:37,330] {logging_mixin.py:115} INFO - [2022-11-01 23:07:37,330] {dag.py:2379} INFO - Sync 1 DAGs
[2022-11-01 23:07:37,348] {logging_mixin.py:115} INFO - [2022-11-01 23:07:37,347] {dag.py:2927} INFO - Setting next_dagrun for example_trigger_controller_dag to 2021-01-01T00:00:00+00:00, run_after=2021-01-01T00:00:00+00:00
[2022-11-01 23:07:37,505] {processor.py:161} INFO - Processing /home/nayara/Documentos/airflowalura/venv/lib/python3.9/site-packages/airflow/example_dags/example_trigger_controller_dag.py took 0.231 seconds
[2022-11-01 23:08:24,597] {processor.py:153} INFO - Started process (PID=21165) to work on /home/nayara/Documentos/airflowalura/venv/lib/python3.9/site-packages/airflow/example_dags/example_trigger_controller_dag.py
[2022-11-01 23:08:24,598] {processor.py:641} INFO - Processing file /home/nayara/Documentos/airflowalura/venv/lib/python3.9/site-packages/airflow/example_dags/example_trigger_controller_dag.py for tasks to queue
[2022-11-01 23:08:24,600] {logging_mixin.py:115} INFO - [2022-11-01 23:08:24,599] {dagbag.py:507} INFO - Filling up the DagBag from /home/nayara/Documentos/airflowalura/venv/lib/python3.9/site-packages/airflow/example_dags/example_trigger_controller_dag.py
[2022-11-01 23:08:24,606] {processor.py:651} INFO - DAG(s) dict_keys(['example_trigger_controller_dag']) retrieved from /home/nayara/Documentos/airflowalura/venv/lib/python3.9/site-packages/airflow/example_dags/example_trigger_controller_dag.py
[2022-11-01 23:08:24,626] {logging_mixin.py:115} INFO - [2022-11-01 23:08:24,626] {dag.py:2379} INFO - Sync 1 DAGs
[2022-11-01 23:08:24,643] {logging_mixin.py:115} INFO - [2022-11-01 23:08:24,643] {dag.py:2927} INFO - Setting next_dagrun for example_trigger_controller_dag to 2021-01-01T00:00:00+00:00, run_after=2021-01-01T00:00:00+00:00
[2022-11-01 23:08:24,779] {processor.py:161} INFO - Processing /home/nayara/Documentos/airflowalura/venv/lib/python3.9/site-packages/airflow/example_dags/example_trigger_controller_dag.py took 0.196 seconds
[2022-11-01 23:09:08,038] {processor.py:153} INFO - Started process (PID=21289) to work on /home/nayara/Documentos/airflowalura/venv/lib/python3.9/site-packages/airflow/example_dags/example_trigger_controller_dag.py
[2022-11-01 23:09:08,048] {processor.py:641} INFO - Processing file /home/nayara/Documentos/airflowalura/venv/lib/python3.9/site-packages/airflow/example_dags/example_trigger_controller_dag.py for tasks to queue
[2022-11-01 23:09:08,049] {logging_mixin.py:115} INFO - [2022-11-01 23:09:08,049] {dagbag.py:507} INFO - Filling up the DagBag from /home/nayara/Documentos/airflowalura/venv/lib/python3.9/site-packages/airflow/example_dags/example_trigger_controller_dag.py
[2022-11-01 23:09:08,054] {processor.py:651} INFO - DAG(s) dict_keys(['example_trigger_controller_dag']) retrieved from /home/nayara/Documentos/airflowalura/venv/lib/python3.9/site-packages/airflow/example_dags/example_trigger_controller_dag.py
[2022-11-01 23:09:08,075] {logging_mixin.py:115} INFO - [2022-11-01 23:09:08,075] {dag.py:2379} INFO - Sync 1 DAGs
[2022-11-01 23:09:08,093] {logging_mixin.py:115} INFO - [2022-11-01 23:09:08,092] {dag.py:2927} INFO - Setting next_dagrun for example_trigger_controller_dag to 2021-01-01T00:00:00+00:00, run_after=2021-01-01T00:00:00+00:00
[2022-11-01 23:09:08,289] {processor.py:161} INFO - Processing /home/nayara/Documentos/airflowalura/venv/lib/python3.9/site-packages/airflow/example_dags/example_trigger_controller_dag.py took 0.261 seconds
[2022-11-01 23:10:03,175] {processor.py:153} INFO - Started process (PID=21445) to work on /home/nayara/Documentos/airflowalura/venv/lib/python3.9/site-packages/airflow/example_dags/example_trigger_controller_dag.py
[2022-11-01 23:10:03,268] {processor.py:641} INFO - Processing file /home/nayara/Documentos/airflowalura/venv/lib/python3.9/site-packages/airflow/example_dags/example_trigger_controller_dag.py for tasks to queue
[2022-11-01 23:10:03,278] {logging_mixin.py:115} INFO - [2022-11-01 23:10:03,278] {dagbag.py:507} INFO - Filling up the DagBag from /home/nayara/Documentos/airflowalura/venv/lib/python3.9/site-packages/airflow/example_dags/example_trigger_controller_dag.py
[2022-11-01 23:10:03,291] {processor.py:651} INFO - DAG(s) dict_keys(['example_trigger_controller_dag']) retrieved from /home/nayara/Documentos/airflowalura/venv/lib/python3.9/site-packages/airflow/example_dags/example_trigger_controller_dag.py
[2022-11-01 23:10:03,326] {logging_mixin.py:115} INFO - [2022-11-01 23:10:03,326] {dag.py:2379} INFO - Sync 1 DAGs
[2022-11-01 23:10:03,348] {logging_mixin.py:115} INFO - [2022-11-01 23:10:03,348] {dag.py:2927} INFO - Setting next_dagrun for example_trigger_controller_dag to 2021-01-01T00:00:00+00:00, run_after=2021-01-01T00:00:00+00:00
[2022-11-01 23:10:04,345] {processor.py:161} INFO - Processing /home/nayara/Documentos/airflowalura/venv/lib/python3.9/site-packages/airflow/example_dags/example_trigger_controller_dag.py took 1.174 seconds
[2022-11-01 23:11:40,451] {processor.py:153} INFO - Started process (PID=21675) to work on /home/nayara/Documentos/airflowalura/venv/lib/python3.9/site-packages/airflow/example_dags/example_trigger_controller_dag.py
[2022-11-01 23:11:40,453] {processor.py:641} INFO - Processing file /home/nayara/Documentos/airflowalura/venv/lib/python3.9/site-packages/airflow/example_dags/example_trigger_controller_dag.py for tasks to queue
[2022-11-01 23:11:40,454] {logging_mixin.py:115} INFO - [2022-11-01 23:11:40,454] {dagbag.py:507} INFO - Filling up the DagBag from /home/nayara/Documentos/airflowalura/venv/lib/python3.9/site-packages/airflow/example_dags/example_trigger_controller_dag.py
[2022-11-01 23:11:40,462] {processor.py:651} INFO - DAG(s) dict_keys(['example_trigger_controller_dag']) retrieved from /home/nayara/Documentos/airflowalura/venv/lib/python3.9/site-packages/airflow/example_dags/example_trigger_controller_dag.py
[2022-11-01 23:11:40,498] {logging_mixin.py:115} INFO - [2022-11-01 23:11:40,497] {dag.py:2379} INFO - Sync 1 DAGs
[2022-11-01 23:11:40,531] {logging_mixin.py:115} INFO - [2022-11-01 23:11:40,531] {dag.py:2927} INFO - Setting next_dagrun for example_trigger_controller_dag to 2021-01-01T00:00:00+00:00, run_after=2021-01-01T00:00:00+00:00
[2022-11-01 23:11:40,720] {processor.py:161} INFO - Processing /home/nayara/Documentos/airflowalura/venv/lib/python3.9/site-packages/airflow/example_dags/example_trigger_controller_dag.py took 0.279 seconds
[2022-11-01 23:13:01,390] {processor.py:153} INFO - Started process (PID=21857) to work on /home/nayara/Documentos/airflowalura/venv/lib/python3.9/site-packages/airflow/example_dags/example_trigger_controller_dag.py
[2022-11-01 23:13:01,393] {processor.py:641} INFO - Processing file /home/nayara/Documentos/airflowalura/venv/lib/python3.9/site-packages/airflow/example_dags/example_trigger_controller_dag.py for tasks to queue
[2022-11-01 23:13:01,397] {logging_mixin.py:115} INFO - [2022-11-01 23:13:01,396] {dagbag.py:507} INFO - Filling up the DagBag from /home/nayara/Documentos/airflowalura/venv/lib/python3.9/site-packages/airflow/example_dags/example_trigger_controller_dag.py
[2022-11-01 23:13:01,414] {processor.py:651} INFO - DAG(s) dict_keys(['example_trigger_controller_dag']) retrieved from /home/nayara/Documentos/airflowalura/venv/lib/python3.9/site-packages/airflow/example_dags/example_trigger_controller_dag.py
[2022-11-01 23:13:01,452] {logging_mixin.py:115} INFO - [2022-11-01 23:13:01,451] {dag.py:2379} INFO - Sync 1 DAGs
[2022-11-01 23:13:01,474] {logging_mixin.py:115} INFO - [2022-11-01 23:13:01,474] {dag.py:2927} INFO - Setting next_dagrun for example_trigger_controller_dag to 2021-01-01T00:00:00+00:00, run_after=2021-01-01T00:00:00+00:00
[2022-11-01 23:13:01,818] {processor.py:161} INFO - Processing /home/nayara/Documentos/airflowalura/venv/lib/python3.9/site-packages/airflow/example_dags/example_trigger_controller_dag.py took 0.447 seconds
[2022-11-01 23:14:13,963] {processor.py:153} INFO - Started process (PID=22070) to work on /home/nayara/Documentos/airflowalura/venv/lib/python3.9/site-packages/airflow/example_dags/example_trigger_controller_dag.py
[2022-11-01 23:14:14,056] {processor.py:641} INFO - Processing file /home/nayara/Documentos/airflowalura/venv/lib/python3.9/site-packages/airflow/example_dags/example_trigger_controller_dag.py for tasks to queue
[2022-11-01 23:14:14,059] {logging_mixin.py:115} INFO - [2022-11-01 23:14:14,058] {dagbag.py:507} INFO - Filling up the DagBag from /home/nayara/Documentos/airflowalura/venv/lib/python3.9/site-packages/airflow/example_dags/example_trigger_controller_dag.py
[2022-11-01 23:14:14,074] {processor.py:651} INFO - DAG(s) dict_keys(['example_trigger_controller_dag']) retrieved from /home/nayara/Documentos/airflowalura/venv/lib/python3.9/site-packages/airflow/example_dags/example_trigger_controller_dag.py
[2022-11-01 23:14:14,132] {logging_mixin.py:115} INFO - [2022-11-01 23:14:14,132] {dag.py:2379} INFO - Sync 1 DAGs
[2022-11-01 23:14:14,157] {logging_mixin.py:115} INFO - [2022-11-01 23:14:14,157] {dag.py:2927} INFO - Setting next_dagrun for example_trigger_controller_dag to 2021-01-01T00:00:00+00:00, run_after=2021-01-01T00:00:00+00:00
[2022-11-01 23:14:14,923] {processor.py:161} INFO - Processing /home/nayara/Documentos/airflowalura/venv/lib/python3.9/site-packages/airflow/example_dags/example_trigger_controller_dag.py took 0.978 seconds
[2022-11-01 23:15:15,177] {processor.py:153} INFO - Started process (PID=22191) to work on /home/nayara/Documentos/airflowalura/venv/lib/python3.9/site-packages/airflow/example_dags/example_trigger_controller_dag.py
[2022-11-01 23:15:15,209] {processor.py:641} INFO - Processing file /home/nayara/Documentos/airflowalura/venv/lib/python3.9/site-packages/airflow/example_dags/example_trigger_controller_dag.py for tasks to queue
[2022-11-01 23:15:15,210] {logging_mixin.py:115} INFO - [2022-11-01 23:15:15,210] {dagbag.py:507} INFO - Filling up the DagBag from /home/nayara/Documentos/airflowalura/venv/lib/python3.9/site-packages/airflow/example_dags/example_trigger_controller_dag.py
[2022-11-01 23:15:15,219] {processor.py:651} INFO - DAG(s) dict_keys(['example_trigger_controller_dag']) retrieved from /home/nayara/Documentos/airflowalura/venv/lib/python3.9/site-packages/airflow/example_dags/example_trigger_controller_dag.py
[2022-11-01 23:15:15,249] {logging_mixin.py:115} INFO - [2022-11-01 23:15:15,249] {dag.py:2379} INFO - Sync 1 DAGs
[2022-11-01 23:15:15,270] {logging_mixin.py:115} INFO - [2022-11-01 23:15:15,270] {dag.py:2927} INFO - Setting next_dagrun for example_trigger_controller_dag to 2021-01-01T00:00:00+00:00, run_after=2021-01-01T00:00:00+00:00
[2022-11-01 23:15:15,509] {processor.py:161} INFO - Processing /home/nayara/Documentos/airflowalura/venv/lib/python3.9/site-packages/airflow/example_dags/example_trigger_controller_dag.py took 0.346 seconds
[2022-11-01 23:16:16,402] {processor.py:153} INFO - Started process (PID=22344) to work on /home/nayara/Documentos/airflowalura/venv/lib/python3.9/site-packages/airflow/example_dags/example_trigger_controller_dag.py
[2022-11-01 23:16:16,436] {processor.py:641} INFO - Processing file /home/nayara/Documentos/airflowalura/venv/lib/python3.9/site-packages/airflow/example_dags/example_trigger_controller_dag.py for tasks to queue
[2022-11-01 23:16:16,436] {logging_mixin.py:115} INFO - [2022-11-01 23:16:16,436] {dagbag.py:507} INFO - Filling up the DagBag from /home/nayara/Documentos/airflowalura/venv/lib/python3.9/site-packages/airflow/example_dags/example_trigger_controller_dag.py
[2022-11-01 23:16:16,442] {processor.py:651} INFO - DAG(s) dict_keys(['example_trigger_controller_dag']) retrieved from /home/nayara/Documentos/airflowalura/venv/lib/python3.9/site-packages/airflow/example_dags/example_trigger_controller_dag.py
[2022-11-01 23:16:16,472] {logging_mixin.py:115} INFO - [2022-11-01 23:16:16,472] {dag.py:2379} INFO - Sync 1 DAGs
[2022-11-01 23:16:16,503] {logging_mixin.py:115} INFO - [2022-11-01 23:16:16,503] {dag.py:2927} INFO - Setting next_dagrun for example_trigger_controller_dag to 2021-01-01T00:00:00+00:00, run_after=2021-01-01T00:00:00+00:00
[2022-11-01 23:16:16,801] {processor.py:161} INFO - Processing /home/nayara/Documentos/airflowalura/venv/lib/python3.9/site-packages/airflow/example_dags/example_trigger_controller_dag.py took 0.404 seconds
[2022-11-01 23:17:22,934] {processor.py:153} INFO - Started process (PID=22501) to work on /home/nayara/Documentos/airflowalura/venv/lib/python3.9/site-packages/airflow/example_dags/example_trigger_controller_dag.py
[2022-11-01 23:17:22,946] {processor.py:641} INFO - Processing file /home/nayara/Documentos/airflowalura/venv/lib/python3.9/site-packages/airflow/example_dags/example_trigger_controller_dag.py for tasks to queue
[2022-11-01 23:17:22,947] {logging_mixin.py:115} INFO - [2022-11-01 23:17:22,947] {dagbag.py:507} INFO - Filling up the DagBag from /home/nayara/Documentos/airflowalura/venv/lib/python3.9/site-packages/airflow/example_dags/example_trigger_controller_dag.py
[2022-11-01 23:17:22,955] {processor.py:651} INFO - DAG(s) dict_keys(['example_trigger_controller_dag']) retrieved from /home/nayara/Documentos/airflowalura/venv/lib/python3.9/site-packages/airflow/example_dags/example_trigger_controller_dag.py
[2022-11-01 23:17:22,998] {logging_mixin.py:115} INFO - [2022-11-01 23:17:22,997] {dag.py:2379} INFO - Sync 1 DAGs
[2022-11-01 23:17:23,030] {logging_mixin.py:115} INFO - [2022-11-01 23:17:23,030] {dag.py:2927} INFO - Setting next_dagrun for example_trigger_controller_dag to 2021-01-01T00:00:00+00:00, run_after=2021-01-01T00:00:00+00:00
[2022-11-01 23:17:23,346] {processor.py:161} INFO - Processing /home/nayara/Documentos/airflowalura/venv/lib/python3.9/site-packages/airflow/example_dags/example_trigger_controller_dag.py took 0.419 seconds
[2022-11-01 23:18:47,059] {processor.py:153} INFO - Started process (PID=22652) to work on /home/nayara/Documentos/airflowalura/venv/lib/python3.9/site-packages/airflow/example_dags/example_trigger_controller_dag.py
[2022-11-01 23:18:47,071] {processor.py:641} INFO - Processing file /home/nayara/Documentos/airflowalura/venv/lib/python3.9/site-packages/airflow/example_dags/example_trigger_controller_dag.py for tasks to queue
[2022-11-01 23:18:47,072] {logging_mixin.py:115} INFO - [2022-11-01 23:18:47,072] {dagbag.py:507} INFO - Filling up the DagBag from /home/nayara/Documentos/airflowalura/venv/lib/python3.9/site-packages/airflow/example_dags/example_trigger_controller_dag.py
[2022-11-01 23:18:47,078] {processor.py:651} INFO - DAG(s) dict_keys(['example_trigger_controller_dag']) retrieved from /home/nayara/Documentos/airflowalura/venv/lib/python3.9/site-packages/airflow/example_dags/example_trigger_controller_dag.py
[2022-11-01 23:18:47,100] {logging_mixin.py:115} INFO - [2022-11-01 23:18:47,100] {dag.py:2379} INFO - Sync 1 DAGs
[2022-11-01 23:18:47,117] {logging_mixin.py:115} INFO - [2022-11-01 23:18:47,117] {dag.py:2927} INFO - Setting next_dagrun for example_trigger_controller_dag to 2021-01-01T00:00:00+00:00, run_after=2021-01-01T00:00:00+00:00
[2022-11-01 23:18:47,337] {processor.py:161} INFO - Processing /home/nayara/Documentos/airflowalura/venv/lib/python3.9/site-packages/airflow/example_dags/example_trigger_controller_dag.py took 0.286 seconds
[2022-11-01 23:19:44,985] {processor.py:153} INFO - Started process (PID=22768) to work on /home/nayara/Documentos/airflowalura/venv/lib/python3.9/site-packages/airflow/example_dags/example_trigger_controller_dag.py
[2022-11-01 23:19:45,079] {processor.py:641} INFO - Processing file /home/nayara/Documentos/airflowalura/venv/lib/python3.9/site-packages/airflow/example_dags/example_trigger_controller_dag.py for tasks to queue
[2022-11-01 23:19:45,083] {logging_mixin.py:115} INFO - [2022-11-01 23:19:45,082] {dagbag.py:507} INFO - Filling up the DagBag from /home/nayara/Documentos/airflowalura/venv/lib/python3.9/site-packages/airflow/example_dags/example_trigger_controller_dag.py
[2022-11-01 23:19:45,101] {processor.py:651} INFO - DAG(s) dict_keys(['example_trigger_controller_dag']) retrieved from /home/nayara/Documentos/airflowalura/venv/lib/python3.9/site-packages/airflow/example_dags/example_trigger_controller_dag.py
[2022-11-01 23:19:45,155] {logging_mixin.py:115} INFO - [2022-11-01 23:19:45,155] {dag.py:2379} INFO - Sync 1 DAGs
[2022-11-01 23:19:45,175] {logging_mixin.py:115} INFO - [2022-11-01 23:19:45,174] {dag.py:2927} INFO - Setting next_dagrun for example_trigger_controller_dag to 2021-01-01T00:00:00+00:00, run_after=2021-01-01T00:00:00+00:00
[2022-11-01 23:19:45,546] {processor.py:161} INFO - Processing /home/nayara/Documentos/airflowalura/venv/lib/python3.9/site-packages/airflow/example_dags/example_trigger_controller_dag.py took 0.566 seconds
[2022-11-01 23:20:57,793] {processor.py:153} INFO - Started process (PID=22964) to work on /home/nayara/Documentos/airflowalura/venv/lib/python3.9/site-packages/airflow/example_dags/example_trigger_controller_dag.py
[2022-11-01 23:20:57,839] {processor.py:641} INFO - Processing file /home/nayara/Documentos/airflowalura/venv/lib/python3.9/site-packages/airflow/example_dags/example_trigger_controller_dag.py for tasks to queue
[2022-11-01 23:20:57,843] {logging_mixin.py:115} INFO - [2022-11-01 23:20:57,842] {dagbag.py:507} INFO - Filling up the DagBag from /home/nayara/Documentos/airflowalura/venv/lib/python3.9/site-packages/airflow/example_dags/example_trigger_controller_dag.py
[2022-11-01 23:20:57,865] {processor.py:651} INFO - DAG(s) dict_keys(['example_trigger_controller_dag']) retrieved from /home/nayara/Documentos/airflowalura/venv/lib/python3.9/site-packages/airflow/example_dags/example_trigger_controller_dag.py
[2022-11-01 23:20:57,931] {logging_mixin.py:115} INFO - [2022-11-01 23:20:57,930] {dag.py:2379} INFO - Sync 1 DAGs
[2022-11-01 23:20:57,955] {logging_mixin.py:115} INFO - [2022-11-01 23:20:57,955] {dag.py:2927} INFO - Setting next_dagrun for example_trigger_controller_dag to 2021-01-01T00:00:00+00:00, run_after=2021-01-01T00:00:00+00:00
[2022-11-01 23:20:58,437] {processor.py:161} INFO - Processing /home/nayara/Documentos/airflowalura/venv/lib/python3.9/site-packages/airflow/example_dags/example_trigger_controller_dag.py took 0.652 seconds
