[2022-11-01 22:40:46,092] {processor.py:153} INFO - Started process (PID=17792) to work on /home/nayara/Documentos/airflowalura/venv/lib/python3.9/site-packages/airflow/example_dags/example_short_circuit_operator.py
[2022-11-01 22:40:46,094] {processor.py:641} INFO - Processing file /home/nayara/Documentos/airflowalura/venv/lib/python3.9/site-packages/airflow/example_dags/example_short_circuit_operator.py for tasks to queue
[2022-11-01 22:40:46,096] {logging_mixin.py:115} INFO - [2022-11-01 22:40:46,096] {dagbag.py:507} INFO - Filling up the DagBag from /home/nayara/Documentos/airflowalura/venv/lib/python3.9/site-packages/airflow/example_dags/example_short_circuit_operator.py
[2022-11-01 22:40:46,128] {processor.py:651} INFO - DAG(s) dict_keys(['example_short_circuit_operator']) retrieved from /home/nayara/Documentos/airflowalura/venv/lib/python3.9/site-packages/airflow/example_dags/example_short_circuit_operator.py
[2022-11-01 22:40:46,166] {logging_mixin.py:115} INFO - [2022-11-01 22:40:46,166] {dag.py:2379} INFO - Sync 1 DAGs
[2022-11-01 22:40:46,190] {logging_mixin.py:115} INFO - [2022-11-01 22:40:46,190] {dag.py:2927} INFO - Setting next_dagrun for example_short_circuit_operator to 2022-11-01T01:40:46.190275+00:00, run_after=2022-11-02T01:40:46.190275+00:00
[2022-11-01 22:40:46,586] {processor.py:161} INFO - Processing /home/nayara/Documentos/airflowalura/venv/lib/python3.9/site-packages/airflow/example_dags/example_short_circuit_operator.py took 0.509 seconds
[2022-11-01 22:43:14,488] {processor.py:153} INFO - Started process (PID=17997) to work on /home/nayara/Documentos/airflowalura/venv/lib/python3.9/site-packages/airflow/example_dags/example_short_circuit_operator.py
[2022-11-01 22:43:14,509] {processor.py:641} INFO - Processing file /home/nayara/Documentos/airflowalura/venv/lib/python3.9/site-packages/airflow/example_dags/example_short_circuit_operator.py for tasks to queue
[2022-11-01 22:43:14,510] {logging_mixin.py:115} INFO - [2022-11-01 22:43:14,510] {dagbag.py:507} INFO - Filling up the DagBag from /home/nayara/Documentos/airflowalura/venv/lib/python3.9/site-packages/airflow/example_dags/example_short_circuit_operator.py
[2022-11-01 22:43:14,530] {processor.py:651} INFO - DAG(s) dict_keys(['example_short_circuit_operator']) retrieved from /home/nayara/Documentos/airflowalura/venv/lib/python3.9/site-packages/airflow/example_dags/example_short_circuit_operator.py
[2022-11-01 22:43:14,578] {logging_mixin.py:115} INFO - [2022-11-01 22:43:14,578] {dag.py:2379} INFO - Sync 1 DAGs
[2022-11-01 22:43:14,618] {logging_mixin.py:115} INFO - [2022-11-01 22:43:14,617] {dag.py:2927} INFO - Setting next_dagrun for example_short_circuit_operator to 2022-11-01T01:43:14.616452+00:00, run_after=2022-11-02T01:43:14.616452+00:00
[2022-11-01 22:43:15,137] {processor.py:161} INFO - Processing /home/nayara/Documentos/airflowalura/venv/lib/python3.9/site-packages/airflow/example_dags/example_short_circuit_operator.py took 0.656 seconds
[2022-11-01 22:44:44,066] {processor.py:153} INFO - Started process (PID=18141) to work on /home/nayara/Documentos/airflowalura/venv/lib/python3.9/site-packages/airflow/example_dags/example_short_circuit_operator.py
[2022-11-01 22:44:44,068] {processor.py:641} INFO - Processing file /home/nayara/Documentos/airflowalura/venv/lib/python3.9/site-packages/airflow/example_dags/example_short_circuit_operator.py for tasks to queue
[2022-11-01 22:44:44,069] {logging_mixin.py:115} INFO - [2022-11-01 22:44:44,069] {dagbag.py:507} INFO - Filling up the DagBag from /home/nayara/Documentos/airflowalura/venv/lib/python3.9/site-packages/airflow/example_dags/example_short_circuit_operator.py
[2022-11-01 22:44:44,092] {processor.py:651} INFO - DAG(s) dict_keys(['example_short_circuit_operator']) retrieved from /home/nayara/Documentos/airflowalura/venv/lib/python3.9/site-packages/airflow/example_dags/example_short_circuit_operator.py
[2022-11-01 22:44:44,142] {logging_mixin.py:115} INFO - [2022-11-01 22:44:44,141] {dag.py:2379} INFO - Sync 1 DAGs
[2022-11-01 22:44:44,179] {logging_mixin.py:115} INFO - [2022-11-01 22:44:44,179] {dag.py:2927} INFO - Setting next_dagrun for example_short_circuit_operator to 2022-11-01T01:44:44.178635+00:00, run_after=2022-11-02T01:44:44.178635+00:00
[2022-11-01 22:44:44,518] {processor.py:161} INFO - Processing /home/nayara/Documentos/airflowalura/venv/lib/python3.9/site-packages/airflow/example_dags/example_short_circuit_operator.py took 0.461 seconds
[2022-11-01 22:45:47,392] {processor.py:153} INFO - Started process (PID=18249) to work on /home/nayara/Documentos/airflowalura/venv/lib/python3.9/site-packages/airflow/example_dags/example_short_circuit_operator.py
[2022-11-01 22:45:47,393] {processor.py:641} INFO - Processing file /home/nayara/Documentos/airflowalura/venv/lib/python3.9/site-packages/airflow/example_dags/example_short_circuit_operator.py for tasks to queue
[2022-11-01 22:45:47,394] {logging_mixin.py:115} INFO - [2022-11-01 22:45:47,394] {dagbag.py:507} INFO - Filling up the DagBag from /home/nayara/Documentos/airflowalura/venv/lib/python3.9/site-packages/airflow/example_dags/example_short_circuit_operator.py
[2022-11-01 22:45:47,416] {processor.py:651} INFO - DAG(s) dict_keys(['example_short_circuit_operator']) retrieved from /home/nayara/Documentos/airflowalura/venv/lib/python3.9/site-packages/airflow/example_dags/example_short_circuit_operator.py
[2022-11-01 22:45:47,467] {logging_mixin.py:115} INFO - [2022-11-01 22:45:47,467] {dag.py:2379} INFO - Sync 1 DAGs
[2022-11-01 22:45:47,506] {logging_mixin.py:115} INFO - [2022-11-01 22:45:47,506] {dag.py:2927} INFO - Setting next_dagrun for example_short_circuit_operator to 2022-11-01T01:45:47.505585+00:00, run_after=2022-11-02T01:45:47.505585+00:00
[2022-11-01 22:45:47,904] {processor.py:161} INFO - Processing /home/nayara/Documentos/airflowalura/venv/lib/python3.9/site-packages/airflow/example_dags/example_short_circuit_operator.py took 0.519 seconds
[2022-11-01 22:46:48,758] {processor.py:153} INFO - Started process (PID=18411) to work on /home/nayara/Documentos/airflowalura/venv/lib/python3.9/site-packages/airflow/example_dags/example_short_circuit_operator.py
[2022-11-01 22:46:48,770] {processor.py:641} INFO - Processing file /home/nayara/Documentos/airflowalura/venv/lib/python3.9/site-packages/airflow/example_dags/example_short_circuit_operator.py for tasks to queue
[2022-11-01 22:46:48,771] {logging_mixin.py:115} INFO - [2022-11-01 22:46:48,771] {dagbag.py:507} INFO - Filling up the DagBag from /home/nayara/Documentos/airflowalura/venv/lib/python3.9/site-packages/airflow/example_dags/example_short_circuit_operator.py
[2022-11-01 22:46:48,795] {processor.py:651} INFO - DAG(s) dict_keys(['example_short_circuit_operator']) retrieved from /home/nayara/Documentos/airflowalura/venv/lib/python3.9/site-packages/airflow/example_dags/example_short_circuit_operator.py
[2022-11-01 22:46:49,025] {logging_mixin.py:115} INFO - [2022-11-01 22:46:49,025] {dag.py:2379} INFO - Sync 1 DAGs
[2022-11-01 22:46:49,068] {logging_mixin.py:115} INFO - [2022-11-01 22:46:49,067] {dag.py:2927} INFO - Setting next_dagrun for example_short_circuit_operator to 2022-11-01T01:46:49.065623+00:00, run_after=2022-11-02T01:46:49.065623+00:00
[2022-11-01 22:46:49,503] {processor.py:161} INFO - Processing /home/nayara/Documentos/airflowalura/venv/lib/python3.9/site-packages/airflow/example_dags/example_short_circuit_operator.py took 0.752 seconds
[2022-11-01 22:47:52,146] {processor.py:153} INFO - Started process (PID=18528) to work on /home/nayara/Documentos/airflowalura/venv/lib/python3.9/site-packages/airflow/example_dags/example_short_circuit_operator.py
[2022-11-01 22:47:52,148] {processor.py:641} INFO - Processing file /home/nayara/Documentos/airflowalura/venv/lib/python3.9/site-packages/airflow/example_dags/example_short_circuit_operator.py for tasks to queue
[2022-11-01 22:47:52,151] {logging_mixin.py:115} INFO - [2022-11-01 22:47:52,150] {dagbag.py:507} INFO - Filling up the DagBag from /home/nayara/Documentos/airflowalura/venv/lib/python3.9/site-packages/airflow/example_dags/example_short_circuit_operator.py
[2022-11-01 22:47:52,181] {processor.py:651} INFO - DAG(s) dict_keys(['example_short_circuit_operator']) retrieved from /home/nayara/Documentos/airflowalura/venv/lib/python3.9/site-packages/airflow/example_dags/example_short_circuit_operator.py
[2022-11-01 22:47:52,263] {logging_mixin.py:115} INFO - [2022-11-01 22:47:52,263] {dag.py:2379} INFO - Sync 1 DAGs
[2022-11-01 22:47:52,322] {logging_mixin.py:115} INFO - [2022-11-01 22:47:52,322] {dag.py:2927} INFO - Setting next_dagrun for example_short_circuit_operator to 2022-11-01T01:47:52.320742+00:00, run_after=2022-11-02T01:47:52.320742+00:00
[2022-11-01 22:47:52,658] {processor.py:161} INFO - Processing /home/nayara/Documentos/airflowalura/venv/lib/python3.9/site-packages/airflow/example_dags/example_short_circuit_operator.py took 0.519 seconds
[2022-11-01 22:48:48,408] {processor.py:153} INFO - Started process (PID=18636) to work on /home/nayara/Documentos/airflowalura/venv/lib/python3.9/site-packages/airflow/example_dags/example_short_circuit_operator.py
[2022-11-01 22:48:48,482] {processor.py:641} INFO - Processing file /home/nayara/Documentos/airflowalura/venv/lib/python3.9/site-packages/airflow/example_dags/example_short_circuit_operator.py for tasks to queue
[2022-11-01 22:48:48,484] {logging_mixin.py:115} INFO - [2022-11-01 22:48:48,484] {dagbag.py:507} INFO - Filling up the DagBag from /home/nayara/Documentos/airflowalura/venv/lib/python3.9/site-packages/airflow/example_dags/example_short_circuit_operator.py
[2022-11-01 22:48:48,506] {processor.py:651} INFO - DAG(s) dict_keys(['example_short_circuit_operator']) retrieved from /home/nayara/Documentos/airflowalura/venv/lib/python3.9/site-packages/airflow/example_dags/example_short_circuit_operator.py
[2022-11-01 22:48:48,558] {logging_mixin.py:115} INFO - [2022-11-01 22:48:48,558] {dag.py:2379} INFO - Sync 1 DAGs
[2022-11-01 22:48:48,595] {logging_mixin.py:115} INFO - [2022-11-01 22:48:48,595] {dag.py:2927} INFO - Setting next_dagrun for example_short_circuit_operator to 2022-11-01T01:48:48.594510+00:00, run_after=2022-11-02T01:48:48.594510+00:00
[2022-11-01 22:48:48,876] {processor.py:161} INFO - Processing /home/nayara/Documentos/airflowalura/venv/lib/python3.9/site-packages/airflow/example_dags/example_short_circuit_operator.py took 0.477 seconds
[2022-11-01 22:49:45,666] {processor.py:153} INFO - Started process (PID=18746) to work on /home/nayara/Documentos/airflowalura/venv/lib/python3.9/site-packages/airflow/example_dags/example_short_circuit_operator.py
[2022-11-01 22:49:45,667] {processor.py:641} INFO - Processing file /home/nayara/Documentos/airflowalura/venv/lib/python3.9/site-packages/airflow/example_dags/example_short_circuit_operator.py for tasks to queue
[2022-11-01 22:49:45,668] {logging_mixin.py:115} INFO - [2022-11-01 22:49:45,668] {dagbag.py:507} INFO - Filling up the DagBag from /home/nayara/Documentos/airflowalura/venv/lib/python3.9/site-packages/airflow/example_dags/example_short_circuit_operator.py
[2022-11-01 22:49:45,689] {processor.py:651} INFO - DAG(s) dict_keys(['example_short_circuit_operator']) retrieved from /home/nayara/Documentos/airflowalura/venv/lib/python3.9/site-packages/airflow/example_dags/example_short_circuit_operator.py
[2022-11-01 22:49:45,730] {logging_mixin.py:115} INFO - [2022-11-01 22:49:45,730] {dag.py:2379} INFO - Sync 1 DAGs
[2022-11-01 22:49:45,761] {logging_mixin.py:115} INFO - [2022-11-01 22:49:45,760] {dag.py:2927} INFO - Setting next_dagrun for example_short_circuit_operator to 2022-11-01T01:49:45.760219+00:00, run_after=2022-11-02T01:49:45.760219+00:00
[2022-11-01 22:49:46,081] {processor.py:161} INFO - Processing /home/nayara/Documentos/airflowalura/venv/lib/python3.9/site-packages/airflow/example_dags/example_short_circuit_operator.py took 0.423 seconds
[2022-11-01 22:50:40,892] {processor.py:153} INFO - Started process (PID=18846) to work on /home/nayara/Documentos/airflowalura/venv/lib/python3.9/site-packages/airflow/example_dags/example_short_circuit_operator.py
[2022-11-01 22:50:40,895] {processor.py:641} INFO - Processing file /home/nayara/Documentos/airflowalura/venv/lib/python3.9/site-packages/airflow/example_dags/example_short_circuit_operator.py for tasks to queue
[2022-11-01 22:50:40,896] {logging_mixin.py:115} INFO - [2022-11-01 22:50:40,896] {dagbag.py:507} INFO - Filling up the DagBag from /home/nayara/Documentos/airflowalura/venv/lib/python3.9/site-packages/airflow/example_dags/example_short_circuit_operator.py
[2022-11-01 22:50:40,924] {processor.py:651} INFO - DAG(s) dict_keys(['example_short_circuit_operator']) retrieved from /home/nayara/Documentos/airflowalura/venv/lib/python3.9/site-packages/airflow/example_dags/example_short_circuit_operator.py
[2022-11-01 22:50:40,964] {logging_mixin.py:115} INFO - [2022-11-01 22:50:40,963] {dag.py:2379} INFO - Sync 1 DAGs
[2022-11-01 22:50:41,006] {logging_mixin.py:115} INFO - [2022-11-01 22:50:41,006] {dag.py:2927} INFO - Setting next_dagrun for example_short_circuit_operator to 2022-11-01T01:50:41.004520+00:00, run_after=2022-11-02T01:50:41.004520+00:00
[2022-11-01 22:50:41,352] {processor.py:161} INFO - Processing /home/nayara/Documentos/airflowalura/venv/lib/python3.9/site-packages/airflow/example_dags/example_short_circuit_operator.py took 0.464 seconds
[2022-11-01 22:51:55,987] {processor.py:153} INFO - Started process (PID=19033) to work on /home/nayara/Documentos/airflowalura/venv/lib/python3.9/site-packages/airflow/example_dags/example_short_circuit_operator.py
[2022-11-01 22:51:56,010] {processor.py:641} INFO - Processing file /home/nayara/Documentos/airflowalura/venv/lib/python3.9/site-packages/airflow/example_dags/example_short_circuit_operator.py for tasks to queue
[2022-11-01 22:51:56,012] {logging_mixin.py:115} INFO - [2022-11-01 22:51:56,012] {dagbag.py:507} INFO - Filling up the DagBag from /home/nayara/Documentos/airflowalura/venv/lib/python3.9/site-packages/airflow/example_dags/example_short_circuit_operator.py
[2022-11-01 22:51:56,057] {processor.py:651} INFO - DAG(s) dict_keys(['example_short_circuit_operator']) retrieved from /home/nayara/Documentos/airflowalura/venv/lib/python3.9/site-packages/airflow/example_dags/example_short_circuit_operator.py
[2022-11-01 22:51:56,113] {logging_mixin.py:115} INFO - [2022-11-01 22:51:56,113] {dag.py:2379} INFO - Sync 1 DAGs
[2022-11-01 22:51:56,131] {logging_mixin.py:115} INFO - [2022-11-01 22:51:56,131] {dag.py:2927} INFO - Setting next_dagrun for example_short_circuit_operator to 2022-11-01T01:51:56.131318+00:00, run_after=2022-11-02T01:51:56.131318+00:00
[2022-11-01 22:51:57,167] {processor.py:161} INFO - Processing /home/nayara/Documentos/airflowalura/venv/lib/python3.9/site-packages/airflow/example_dags/example_short_circuit_operator.py took 1.190 seconds
[2022-11-01 22:53:16,021] {processor.py:153} INFO - Started process (PID=19175) to work on /home/nayara/Documentos/airflowalura/venv/lib/python3.9/site-packages/airflow/example_dags/example_short_circuit_operator.py
[2022-11-01 22:53:16,137] {processor.py:641} INFO - Processing file /home/nayara/Documentos/airflowalura/venv/lib/python3.9/site-packages/airflow/example_dags/example_short_circuit_operator.py for tasks to queue
[2022-11-01 22:53:16,138] {logging_mixin.py:115} INFO - [2022-11-01 22:53:16,138] {dagbag.py:507} INFO - Filling up the DagBag from /home/nayara/Documentos/airflowalura/venv/lib/python3.9/site-packages/airflow/example_dags/example_short_circuit_operator.py
[2022-11-01 22:53:16,160] {processor.py:651} INFO - DAG(s) dict_keys(['example_short_circuit_operator']) retrieved from /home/nayara/Documentos/airflowalura/venv/lib/python3.9/site-packages/airflow/example_dags/example_short_circuit_operator.py
[2022-11-01 22:53:16,205] {logging_mixin.py:115} INFO - [2022-11-01 22:53:16,205] {dag.py:2379} INFO - Sync 1 DAGs
[2022-11-01 22:53:16,248] {logging_mixin.py:115} INFO - [2022-11-01 22:53:16,248] {dag.py:2927} INFO - Setting next_dagrun for example_short_circuit_operator to 2022-11-01T01:53:16.247951+00:00, run_after=2022-11-02T01:53:16.247951+00:00
[2022-11-01 22:53:16,871] {processor.py:161} INFO - Processing /home/nayara/Documentos/airflowalura/venv/lib/python3.9/site-packages/airflow/example_dags/example_short_circuit_operator.py took 0.854 seconds
[2022-11-01 22:54:14,491] {processor.py:153} INFO - Started process (PID=19290) to work on /home/nayara/Documentos/airflowalura/venv/lib/python3.9/site-packages/airflow/example_dags/example_short_circuit_operator.py
[2022-11-01 22:54:14,492] {processor.py:641} INFO - Processing file /home/nayara/Documentos/airflowalura/venv/lib/python3.9/site-packages/airflow/example_dags/example_short_circuit_operator.py for tasks to queue
[2022-11-01 22:54:14,493] {logging_mixin.py:115} INFO - [2022-11-01 22:54:14,493] {dagbag.py:507} INFO - Filling up the DagBag from /home/nayara/Documentos/airflowalura/venv/lib/python3.9/site-packages/airflow/example_dags/example_short_circuit_operator.py
[2022-11-01 22:54:14,505] {processor.py:651} INFO - DAG(s) dict_keys(['example_short_circuit_operator']) retrieved from /home/nayara/Documentos/airflowalura/venv/lib/python3.9/site-packages/airflow/example_dags/example_short_circuit_operator.py
[2022-11-01 22:54:14,530] {logging_mixin.py:115} INFO - [2022-11-01 22:54:14,530] {dag.py:2379} INFO - Sync 1 DAGs
[2022-11-01 22:54:14,552] {logging_mixin.py:115} INFO - [2022-11-01 22:54:14,552] {dag.py:2927} INFO - Setting next_dagrun for example_short_circuit_operator to 2022-11-01T01:54:14.551838+00:00, run_after=2022-11-02T01:54:14.551838+00:00
[2022-11-01 22:54:14,851] {processor.py:161} INFO - Processing /home/nayara/Documentos/airflowalura/venv/lib/python3.9/site-packages/airflow/example_dags/example_short_circuit_operator.py took 0.364 seconds
[2022-11-01 22:55:30,998] {processor.py:153} INFO - Started process (PID=19474) to work on /home/nayara/Documentos/airflowalura/venv/lib/python3.9/site-packages/airflow/example_dags/example_short_circuit_operator.py
[2022-11-01 22:55:31,096] {processor.py:641} INFO - Processing file /home/nayara/Documentos/airflowalura/venv/lib/python3.9/site-packages/airflow/example_dags/example_short_circuit_operator.py for tasks to queue
[2022-11-01 22:55:31,099] {logging_mixin.py:115} INFO - [2022-11-01 22:55:31,098] {dagbag.py:507} INFO - Filling up the DagBag from /home/nayara/Documentos/airflowalura/venv/lib/python3.9/site-packages/airflow/example_dags/example_short_circuit_operator.py
[2022-11-01 22:55:31,125] {processor.py:651} INFO - DAG(s) dict_keys(['example_short_circuit_operator']) retrieved from /home/nayara/Documentos/airflowalura/venv/lib/python3.9/site-packages/airflow/example_dags/example_short_circuit_operator.py
[2022-11-01 22:55:31,601] {logging_mixin.py:115} INFO - [2022-11-01 22:55:31,601] {dag.py:2379} INFO - Sync 1 DAGs
[2022-11-01 22:55:31,627] {logging_mixin.py:115} INFO - [2022-11-01 22:55:31,627] {dag.py:2927} INFO - Setting next_dagrun for example_short_circuit_operator to 2022-11-01T01:55:31.626537+00:00, run_after=2022-11-02T01:55:31.626537+00:00
[2022-11-01 22:55:32,331] {processor.py:161} INFO - Processing /home/nayara/Documentos/airflowalura/venv/lib/python3.9/site-packages/airflow/example_dags/example_short_circuit_operator.py took 1.339 seconds
[2022-11-01 22:56:39,176] {processor.py:153} INFO - Started process (PID=19622) to work on /home/nayara/Documentos/airflowalura/venv/lib/python3.9/site-packages/airflow/example_dags/example_short_circuit_operator.py
[2022-11-01 22:56:39,242] {processor.py:641} INFO - Processing file /home/nayara/Documentos/airflowalura/venv/lib/python3.9/site-packages/airflow/example_dags/example_short_circuit_operator.py for tasks to queue
[2022-11-01 22:56:39,244] {logging_mixin.py:115} INFO - [2022-11-01 22:56:39,244] {dagbag.py:507} INFO - Filling up the DagBag from /home/nayara/Documentos/airflowalura/venv/lib/python3.9/site-packages/airflow/example_dags/example_short_circuit_operator.py
[2022-11-01 22:56:39,271] {processor.py:651} INFO - DAG(s) dict_keys(['example_short_circuit_operator']) retrieved from /home/nayara/Documentos/airflowalura/venv/lib/python3.9/site-packages/airflow/example_dags/example_short_circuit_operator.py
[2022-11-01 22:56:39,293] {logging_mixin.py:115} INFO - [2022-11-01 22:56:39,292] {dag.py:2379} INFO - Sync 1 DAGs
[2022-11-01 22:56:39,310] {logging_mixin.py:115} INFO - [2022-11-01 22:56:39,309] {dag.py:2927} INFO - Setting next_dagrun for example_short_circuit_operator to 2022-11-01T01:56:39.309570+00:00, run_after=2022-11-02T01:56:39.309570+00:00
[2022-11-01 22:56:40,200] {processor.py:161} INFO - Processing /home/nayara/Documentos/airflowalura/venv/lib/python3.9/site-packages/airflow/example_dags/example_short_circuit_operator.py took 1.035 seconds
[2022-11-01 22:58:05,262] {processor.py:153} INFO - Started process (PID=19845) to work on /home/nayara/Documentos/airflowalura/venv/lib/python3.9/site-packages/airflow/example_dags/example_short_circuit_operator.py
[2022-11-01 22:58:05,264] {processor.py:641} INFO - Processing file /home/nayara/Documentos/airflowalura/venv/lib/python3.9/site-packages/airflow/example_dags/example_short_circuit_operator.py for tasks to queue
[2022-11-01 22:58:05,268] {logging_mixin.py:115} INFO - [2022-11-01 22:58:05,267] {dagbag.py:507} INFO - Filling up the DagBag from /home/nayara/Documentos/airflowalura/venv/lib/python3.9/site-packages/airflow/example_dags/example_short_circuit_operator.py
[2022-11-01 22:58:05,304] {processor.py:651} INFO - DAG(s) dict_keys(['example_short_circuit_operator']) retrieved from /home/nayara/Documentos/airflowalura/venv/lib/python3.9/site-packages/airflow/example_dags/example_short_circuit_operator.py
[2022-11-01 22:58:05,328] {logging_mixin.py:115} INFO - [2022-11-01 22:58:05,328] {dag.py:2379} INFO - Sync 1 DAGs
[2022-11-01 22:58:05,345] {logging_mixin.py:115} INFO - [2022-11-01 22:58:05,345] {dag.py:2927} INFO - Setting next_dagrun for example_short_circuit_operator to 2022-11-01T01:58:05.345468+00:00, run_after=2022-11-02T01:58:05.345468+00:00
[2022-11-01 22:58:05,605] {processor.py:161} INFO - Processing /home/nayara/Documentos/airflowalura/venv/lib/python3.9/site-packages/airflow/example_dags/example_short_circuit_operator.py took 0.357 seconds
[2022-11-01 22:58:59,989] {processor.py:153} INFO - Started process (PID=19943) to work on /home/nayara/Documentos/airflowalura/venv/lib/python3.9/site-packages/airflow/example_dags/example_short_circuit_operator.py
[2022-11-01 22:59:00,002] {processor.py:641} INFO - Processing file /home/nayara/Documentos/airflowalura/venv/lib/python3.9/site-packages/airflow/example_dags/example_short_circuit_operator.py for tasks to queue
[2022-11-01 22:59:00,003] {logging_mixin.py:115} INFO - [2022-11-01 22:59:00,002] {dagbag.py:507} INFO - Filling up the DagBag from /home/nayara/Documentos/airflowalura/venv/lib/python3.9/site-packages/airflow/example_dags/example_short_circuit_operator.py
[2022-11-01 22:59:00,013] {processor.py:651} INFO - DAG(s) dict_keys(['example_short_circuit_operator']) retrieved from /home/nayara/Documentos/airflowalura/venv/lib/python3.9/site-packages/airflow/example_dags/example_short_circuit_operator.py
[2022-11-01 22:59:00,034] {logging_mixin.py:115} INFO - [2022-11-01 22:59:00,034] {dag.py:2379} INFO - Sync 1 DAGs
[2022-11-01 22:59:00,052] {logging_mixin.py:115} INFO - [2022-11-01 22:59:00,052] {dag.py:2927} INFO - Setting next_dagrun for example_short_circuit_operator to 2022-11-01T01:59:00.051723+00:00, run_after=2022-11-02T01:59:00.051723+00:00
[2022-11-01 22:59:00,340] {processor.py:161} INFO - Processing /home/nayara/Documentos/airflowalura/venv/lib/python3.9/site-packages/airflow/example_dags/example_short_circuit_operator.py took 0.356 seconds
[2022-11-01 23:00:12,047] {processor.py:153} INFO - Started process (PID=20107) to work on /home/nayara/Documentos/airflowalura/venv/lib/python3.9/site-packages/airflow/example_dags/example_short_circuit_operator.py
[2022-11-01 23:00:12,066] {processor.py:641} INFO - Processing file /home/nayara/Documentos/airflowalura/venv/lib/python3.9/site-packages/airflow/example_dags/example_short_circuit_operator.py for tasks to queue
[2022-11-01 23:00:12,067] {logging_mixin.py:115} INFO - [2022-11-01 23:00:12,067] {dagbag.py:507} INFO - Filling up the DagBag from /home/nayara/Documentos/airflowalura/venv/lib/python3.9/site-packages/airflow/example_dags/example_short_circuit_operator.py
[2022-11-01 23:00:12,086] {processor.py:651} INFO - DAG(s) dict_keys(['example_short_circuit_operator']) retrieved from /home/nayara/Documentos/airflowalura/venv/lib/python3.9/site-packages/airflow/example_dags/example_short_circuit_operator.py
[2022-11-01 23:00:12,113] {logging_mixin.py:115} INFO - [2022-11-01 23:00:12,113] {dag.py:2379} INFO - Sync 1 DAGs
[2022-11-01 23:00:12,131] {logging_mixin.py:115} INFO - [2022-11-01 23:00:12,131] {dag.py:2927} INFO - Setting next_dagrun for example_short_circuit_operator to 2022-11-01T02:00:12.130818+00:00, run_after=2022-11-02T02:00:12.130818+00:00
[2022-11-01 23:00:12,384] {processor.py:161} INFO - Processing /home/nayara/Documentos/airflowalura/venv/lib/python3.9/site-packages/airflow/example_dags/example_short_circuit_operator.py took 0.344 seconds
[2022-11-01 23:01:04,837] {processor.py:153} INFO - Started process (PID=20200) to work on /home/nayara/Documentos/airflowalura/venv/lib/python3.9/site-packages/airflow/example_dags/example_short_circuit_operator.py
[2022-11-01 23:01:04,852] {processor.py:641} INFO - Processing file /home/nayara/Documentos/airflowalura/venv/lib/python3.9/site-packages/airflow/example_dags/example_short_circuit_operator.py for tasks to queue
[2022-11-01 23:01:04,855] {logging_mixin.py:115} INFO - [2022-11-01 23:01:04,855] {dagbag.py:507} INFO - Filling up the DagBag from /home/nayara/Documentos/airflowalura/venv/lib/python3.9/site-packages/airflow/example_dags/example_short_circuit_operator.py
[2022-11-01 23:01:04,895] {processor.py:651} INFO - DAG(s) dict_keys(['example_short_circuit_operator']) retrieved from /home/nayara/Documentos/airflowalura/venv/lib/python3.9/site-packages/airflow/example_dags/example_short_circuit_operator.py
[2022-11-01 23:01:04,924] {logging_mixin.py:115} INFO - [2022-11-01 23:01:04,924] {dag.py:2379} INFO - Sync 1 DAGs
[2022-11-01 23:01:04,944] {logging_mixin.py:115} INFO - [2022-11-01 23:01:04,944] {dag.py:2927} INFO - Setting next_dagrun for example_short_circuit_operator to 2022-11-01T02:01:04.944204+00:00, run_after=2022-11-02T02:01:04.944204+00:00
[2022-11-01 23:01:05,190] {processor.py:161} INFO - Processing /home/nayara/Documentos/airflowalura/venv/lib/python3.9/site-packages/airflow/example_dags/example_short_circuit_operator.py took 0.357 seconds
[2022-11-01 23:01:56,917] {processor.py:153} INFO - Started process (PID=20354) to work on /home/nayara/Documentos/airflowalura/venv/lib/python3.9/site-packages/airflow/example_dags/example_short_circuit_operator.py
[2022-11-01 23:01:56,937] {processor.py:641} INFO - Processing file /home/nayara/Documentos/airflowalura/venv/lib/python3.9/site-packages/airflow/example_dags/example_short_circuit_operator.py for tasks to queue
[2022-11-01 23:01:56,938] {logging_mixin.py:115} INFO - [2022-11-01 23:01:56,938] {dagbag.py:507} INFO - Filling up the DagBag from /home/nayara/Documentos/airflowalura/venv/lib/python3.9/site-packages/airflow/example_dags/example_short_circuit_operator.py
[2022-11-01 23:01:56,949] {processor.py:651} INFO - DAG(s) dict_keys(['example_short_circuit_operator']) retrieved from /home/nayara/Documentos/airflowalura/venv/lib/python3.9/site-packages/airflow/example_dags/example_short_circuit_operator.py
[2022-11-01 23:01:56,970] {logging_mixin.py:115} INFO - [2022-11-01 23:01:56,970] {dag.py:2379} INFO - Sync 1 DAGs
[2022-11-01 23:01:56,989] {logging_mixin.py:115} INFO - [2022-11-01 23:01:56,989] {dag.py:2927} INFO - Setting next_dagrun for example_short_circuit_operator to 2022-11-01T02:01:56.989161+00:00, run_after=2022-11-02T02:01:56.989161+00:00
[2022-11-01 23:01:57,407] {processor.py:161} INFO - Processing /home/nayara/Documentos/airflowalura/venv/lib/python3.9/site-packages/airflow/example_dags/example_short_circuit_operator.py took 0.494 seconds
[2022-11-01 23:03:47,601] {processor.py:153} INFO - Started process (PID=20555) to work on /home/nayara/Documentos/airflowalura/venv/lib/python3.9/site-packages/airflow/example_dags/example_short_circuit_operator.py
[2022-11-01 23:03:47,616] {processor.py:641} INFO - Processing file /home/nayara/Documentos/airflowalura/venv/lib/python3.9/site-packages/airflow/example_dags/example_short_circuit_operator.py for tasks to queue
[2022-11-01 23:03:47,618] {logging_mixin.py:115} INFO - [2022-11-01 23:03:47,617] {dagbag.py:507} INFO - Filling up the DagBag from /home/nayara/Documentos/airflowalura/venv/lib/python3.9/site-packages/airflow/example_dags/example_short_circuit_operator.py
[2022-11-01 23:03:47,635] {processor.py:651} INFO - DAG(s) dict_keys(['example_short_circuit_operator']) retrieved from /home/nayara/Documentos/airflowalura/venv/lib/python3.9/site-packages/airflow/example_dags/example_short_circuit_operator.py
[2022-11-01 23:03:47,662] {logging_mixin.py:115} INFO - [2022-11-01 23:03:47,662] {dag.py:2379} INFO - Sync 1 DAGs
[2022-11-01 23:03:47,689] {logging_mixin.py:115} INFO - [2022-11-01 23:03:47,689] {dag.py:2927} INFO - Setting next_dagrun for example_short_circuit_operator to 2022-11-01T02:03:47.688731+00:00, run_after=2022-11-02T02:03:47.688731+00:00
[2022-11-01 23:03:48,029] {processor.py:161} INFO - Processing /home/nayara/Documentos/airflowalura/venv/lib/python3.9/site-packages/airflow/example_dags/example_short_circuit_operator.py took 0.445 seconds
[2022-11-01 23:04:54,163] {processor.py:153} INFO - Started process (PID=20702) to work on /home/nayara/Documentos/airflowalura/venv/lib/python3.9/site-packages/airflow/example_dags/example_short_circuit_operator.py
[2022-11-01 23:04:54,164] {processor.py:641} INFO - Processing file /home/nayara/Documentos/airflowalura/venv/lib/python3.9/site-packages/airflow/example_dags/example_short_circuit_operator.py for tasks to queue
[2022-11-01 23:04:54,166] {logging_mixin.py:115} INFO - [2022-11-01 23:04:54,165] {dagbag.py:507} INFO - Filling up the DagBag from /home/nayara/Documentos/airflowalura/venv/lib/python3.9/site-packages/airflow/example_dags/example_short_circuit_operator.py
[2022-11-01 23:04:54,180] {processor.py:651} INFO - DAG(s) dict_keys(['example_short_circuit_operator']) retrieved from /home/nayara/Documentos/airflowalura/venv/lib/python3.9/site-packages/airflow/example_dags/example_short_circuit_operator.py
[2022-11-01 23:04:54,207] {logging_mixin.py:115} INFO - [2022-11-01 23:04:54,207] {dag.py:2379} INFO - Sync 1 DAGs
[2022-11-01 23:04:54,227] {logging_mixin.py:115} INFO - [2022-11-01 23:04:54,227] {dag.py:2927} INFO - Setting next_dagrun for example_short_circuit_operator to 2022-11-01T02:04:54.227457+00:00, run_after=2022-11-02T02:04:54.227457+00:00
[2022-11-01 23:04:54,421] {processor.py:161} INFO - Processing /home/nayara/Documentos/airflowalura/venv/lib/python3.9/site-packages/airflow/example_dags/example_short_circuit_operator.py took 0.264 seconds
[2022-11-01 23:05:48,857] {processor.py:153} INFO - Started process (PID=20822) to work on /home/nayara/Documentos/airflowalura/venv/lib/python3.9/site-packages/airflow/example_dags/example_short_circuit_operator.py
[2022-11-01 23:05:48,884] {processor.py:641} INFO - Processing file /home/nayara/Documentos/airflowalura/venv/lib/python3.9/site-packages/airflow/example_dags/example_short_circuit_operator.py for tasks to queue
[2022-11-01 23:05:48,885] {logging_mixin.py:115} INFO - [2022-11-01 23:05:48,885] {dagbag.py:507} INFO - Filling up the DagBag from /home/nayara/Documentos/airflowalura/venv/lib/python3.9/site-packages/airflow/example_dags/example_short_circuit_operator.py
[2022-11-01 23:05:48,898] {processor.py:651} INFO - DAG(s) dict_keys(['example_short_circuit_operator']) retrieved from /home/nayara/Documentos/airflowalura/venv/lib/python3.9/site-packages/airflow/example_dags/example_short_circuit_operator.py
[2022-11-01 23:05:48,919] {logging_mixin.py:115} INFO - [2022-11-01 23:05:48,919] {dag.py:2379} INFO - Sync 1 DAGs
[2022-11-01 23:05:48,936] {logging_mixin.py:115} INFO - [2022-11-01 23:05:48,936] {dag.py:2927} INFO - Setting next_dagrun for example_short_circuit_operator to 2022-11-01T02:05:48.936475+00:00, run_after=2022-11-02T02:05:48.936475+00:00
[2022-11-01 23:05:49,276] {processor.py:161} INFO - Processing /home/nayara/Documentos/airflowalura/venv/lib/python3.9/site-packages/airflow/example_dags/example_short_circuit_operator.py took 0.433 seconds
[2022-11-01 23:06:41,459] {processor.py:153} INFO - Started process (PID=20910) to work on /home/nayara/Documentos/airflowalura/venv/lib/python3.9/site-packages/airflow/example_dags/example_short_circuit_operator.py
[2022-11-01 23:06:41,490] {processor.py:641} INFO - Processing file /home/nayara/Documentos/airflowalura/venv/lib/python3.9/site-packages/airflow/example_dags/example_short_circuit_operator.py for tasks to queue
[2022-11-01 23:06:41,492] {logging_mixin.py:115} INFO - [2022-11-01 23:06:41,491] {dagbag.py:507} INFO - Filling up the DagBag from /home/nayara/Documentos/airflowalura/venv/lib/python3.9/site-packages/airflow/example_dags/example_short_circuit_operator.py
[2022-11-01 23:06:41,516] {processor.py:651} INFO - DAG(s) dict_keys(['example_short_circuit_operator']) retrieved from /home/nayara/Documentos/airflowalura/venv/lib/python3.9/site-packages/airflow/example_dags/example_short_circuit_operator.py
[2022-11-01 23:06:41,538] {logging_mixin.py:115} INFO - [2022-11-01 23:06:41,538] {dag.py:2379} INFO - Sync 1 DAGs
[2022-11-01 23:06:41,556] {logging_mixin.py:115} INFO - [2022-11-01 23:06:41,556] {dag.py:2927} INFO - Setting next_dagrun for example_short_circuit_operator to 2022-11-01T02:06:41.555763+00:00, run_after=2022-11-02T02:06:41.555763+00:00
[2022-11-01 23:06:41,936] {processor.py:161} INFO - Processing /home/nayara/Documentos/airflowalura/venv/lib/python3.9/site-packages/airflow/example_dags/example_short_circuit_operator.py took 0.489 seconds
[2022-11-01 23:07:39,653] {processor.py:153} INFO - Started process (PID=21083) to work on /home/nayara/Documentos/airflowalura/venv/lib/python3.9/site-packages/airflow/example_dags/example_short_circuit_operator.py
[2022-11-01 23:07:39,681] {processor.py:641} INFO - Processing file /home/nayara/Documentos/airflowalura/venv/lib/python3.9/site-packages/airflow/example_dags/example_short_circuit_operator.py for tasks to queue
[2022-11-01 23:07:39,682] {logging_mixin.py:115} INFO - [2022-11-01 23:07:39,682] {dagbag.py:507} INFO - Filling up the DagBag from /home/nayara/Documentos/airflowalura/venv/lib/python3.9/site-packages/airflow/example_dags/example_short_circuit_operator.py
[2022-11-01 23:07:39,704] {processor.py:651} INFO - DAG(s) dict_keys(['example_short_circuit_operator']) retrieved from /home/nayara/Documentos/airflowalura/venv/lib/python3.9/site-packages/airflow/example_dags/example_short_circuit_operator.py
[2022-11-01 23:07:39,730] {logging_mixin.py:115} INFO - [2022-11-01 23:07:39,730] {dag.py:2379} INFO - Sync 1 DAGs
[2022-11-01 23:07:39,748] {logging_mixin.py:115} INFO - [2022-11-01 23:07:39,748] {dag.py:2927} INFO - Setting next_dagrun for example_short_circuit_operator to 2022-11-01T02:07:39.748078+00:00, run_after=2022-11-02T02:07:39.748078+00:00
[2022-11-01 23:07:40,010] {processor.py:161} INFO - Processing /home/nayara/Documentos/airflowalura/venv/lib/python3.9/site-packages/airflow/example_dags/example_short_circuit_operator.py took 0.369 seconds
[2022-11-01 23:08:27,613] {processor.py:153} INFO - Started process (PID=21174) to work on /home/nayara/Documentos/airflowalura/venv/lib/python3.9/site-packages/airflow/example_dags/example_short_circuit_operator.py
[2022-11-01 23:08:27,629] {processor.py:641} INFO - Processing file /home/nayara/Documentos/airflowalura/venv/lib/python3.9/site-packages/airflow/example_dags/example_short_circuit_operator.py for tasks to queue
[2022-11-01 23:08:27,630] {logging_mixin.py:115} INFO - [2022-11-01 23:08:27,630] {dagbag.py:507} INFO - Filling up the DagBag from /home/nayara/Documentos/airflowalura/venv/lib/python3.9/site-packages/airflow/example_dags/example_short_circuit_operator.py
[2022-11-01 23:08:27,641] {processor.py:651} INFO - DAG(s) dict_keys(['example_short_circuit_operator']) retrieved from /home/nayara/Documentos/airflowalura/venv/lib/python3.9/site-packages/airflow/example_dags/example_short_circuit_operator.py
[2022-11-01 23:08:27,662] {logging_mixin.py:115} INFO - [2022-11-01 23:08:27,661] {dag.py:2379} INFO - Sync 1 DAGs
[2022-11-01 23:08:27,679] {logging_mixin.py:115} INFO - [2022-11-01 23:08:27,679] {dag.py:2927} INFO - Setting next_dagrun for example_short_circuit_operator to 2022-11-01T02:08:27.678976+00:00, run_after=2022-11-02T02:08:27.678976+00:00
[2022-11-01 23:08:27,949] {processor.py:161} INFO - Processing /home/nayara/Documentos/airflowalura/venv/lib/python3.9/site-packages/airflow/example_dags/example_short_circuit_operator.py took 0.339 seconds
[2022-11-01 23:09:37,306] {processor.py:153} INFO - Started process (PID=21365) to work on /home/nayara/Documentos/airflowalura/venv/lib/python3.9/site-packages/airflow/example_dags/example_short_circuit_operator.py
[2022-11-01 23:09:37,326] {processor.py:641} INFO - Processing file /home/nayara/Documentos/airflowalura/venv/lib/python3.9/site-packages/airflow/example_dags/example_short_circuit_operator.py for tasks to queue
[2022-11-01 23:09:37,327] {logging_mixin.py:115} INFO - [2022-11-01 23:09:37,327] {dagbag.py:507} INFO - Filling up the DagBag from /home/nayara/Documentos/airflowalura/venv/lib/python3.9/site-packages/airflow/example_dags/example_short_circuit_operator.py
[2022-11-01 23:09:37,344] {processor.py:651} INFO - DAG(s) dict_keys(['example_short_circuit_operator']) retrieved from /home/nayara/Documentos/airflowalura/venv/lib/python3.9/site-packages/airflow/example_dags/example_short_circuit_operator.py
[2022-11-01 23:09:37,369] {logging_mixin.py:115} INFO - [2022-11-01 23:09:37,369] {dag.py:2379} INFO - Sync 1 DAGs
[2022-11-01 23:09:37,403] {logging_mixin.py:115} INFO - [2022-11-01 23:09:37,403] {dag.py:2927} INFO - Setting next_dagrun for example_short_circuit_operator to 2022-11-01T02:09:37.402907+00:00, run_after=2022-11-02T02:09:37.402907+00:00
[2022-11-01 23:09:38,032] {processor.py:161} INFO - Processing /home/nayara/Documentos/airflowalura/venv/lib/python3.9/site-packages/airflow/example_dags/example_short_circuit_operator.py took 0.735 seconds
[2022-11-01 23:11:07,145] {processor.py:153} INFO - Started process (PID=21591) to work on /home/nayara/Documentos/airflowalura/venv/lib/python3.9/site-packages/airflow/example_dags/example_short_circuit_operator.py
[2022-11-01 23:11:07,186] {processor.py:641} INFO - Processing file /home/nayara/Documentos/airflowalura/venv/lib/python3.9/site-packages/airflow/example_dags/example_short_circuit_operator.py for tasks to queue
[2022-11-01 23:11:07,187] {logging_mixin.py:115} INFO - [2022-11-01 23:11:07,187] {dagbag.py:507} INFO - Filling up the DagBag from /home/nayara/Documentos/airflowalura/venv/lib/python3.9/site-packages/airflow/example_dags/example_short_circuit_operator.py
[2022-11-01 23:11:07,213] {processor.py:651} INFO - DAG(s) dict_keys(['example_short_circuit_operator']) retrieved from /home/nayara/Documentos/airflowalura/venv/lib/python3.9/site-packages/airflow/example_dags/example_short_circuit_operator.py
[2022-11-01 23:11:07,236] {logging_mixin.py:115} INFO - [2022-11-01 23:11:07,236] {dag.py:2379} INFO - Sync 1 DAGs
[2022-11-01 23:11:07,255] {logging_mixin.py:115} INFO - [2022-11-01 23:11:07,255] {dag.py:2927} INFO - Setting next_dagrun for example_short_circuit_operator to 2022-11-01T02:11:07.255034+00:00, run_after=2022-11-02T02:11:07.255034+00:00
[2022-11-01 23:11:07,531] {processor.py:161} INFO - Processing /home/nayara/Documentos/airflowalura/venv/lib/python3.9/site-packages/airflow/example_dags/example_short_circuit_operator.py took 0.394 seconds
[2022-11-01 23:12:35,283] {processor.py:153} INFO - Started process (PID=21817) to work on /home/nayara/Documentos/airflowalura/venv/lib/python3.9/site-packages/airflow/example_dags/example_short_circuit_operator.py
[2022-11-01 23:12:35,306] {processor.py:641} INFO - Processing file /home/nayara/Documentos/airflowalura/venv/lib/python3.9/site-packages/airflow/example_dags/example_short_circuit_operator.py for tasks to queue
[2022-11-01 23:12:35,307] {logging_mixin.py:115} INFO - [2022-11-01 23:12:35,306] {dagbag.py:507} INFO - Filling up the DagBag from /home/nayara/Documentos/airflowalura/venv/lib/python3.9/site-packages/airflow/example_dags/example_short_circuit_operator.py
[2022-11-01 23:12:35,320] {processor.py:651} INFO - DAG(s) dict_keys(['example_short_circuit_operator']) retrieved from /home/nayara/Documentos/airflowalura/venv/lib/python3.9/site-packages/airflow/example_dags/example_short_circuit_operator.py
[2022-11-01 23:12:35,346] {logging_mixin.py:115} INFO - [2022-11-01 23:12:35,346] {dag.py:2379} INFO - Sync 1 DAGs
[2022-11-01 23:12:35,366] {logging_mixin.py:115} INFO - [2022-11-01 23:12:35,366] {dag.py:2927} INFO - Setting next_dagrun for example_short_circuit_operator to 2022-11-01T02:12:35.366375+00:00, run_after=2022-11-02T02:12:35.366375+00:00
[2022-11-01 23:12:35,773] {processor.py:161} INFO - Processing /home/nayara/Documentos/airflowalura/venv/lib/python3.9/site-packages/airflow/example_dags/example_short_circuit_operator.py took 0.500 seconds
[2022-11-01 23:13:46,618] {processor.py:153} INFO - Started process (PID=21940) to work on /home/nayara/Documentos/airflowalura/venv/lib/python3.9/site-packages/airflow/example_dags/example_short_circuit_operator.py
[2022-11-01 23:13:46,640] {processor.py:641} INFO - Processing file /home/nayara/Documentos/airflowalura/venv/lib/python3.9/site-packages/airflow/example_dags/example_short_circuit_operator.py for tasks to queue
[2022-11-01 23:13:46,641] {logging_mixin.py:115} INFO - [2022-11-01 23:13:46,641] {dagbag.py:507} INFO - Filling up the DagBag from /home/nayara/Documentos/airflowalura/venv/lib/python3.9/site-packages/airflow/example_dags/example_short_circuit_operator.py
[2022-11-01 23:13:46,654] {processor.py:651} INFO - DAG(s) dict_keys(['example_short_circuit_operator']) retrieved from /home/nayara/Documentos/airflowalura/venv/lib/python3.9/site-packages/airflow/example_dags/example_short_circuit_operator.py
[2022-11-01 23:13:46,679] {logging_mixin.py:115} INFO - [2022-11-01 23:13:46,679] {dag.py:2379} INFO - Sync 1 DAGs
[2022-11-01 23:13:46,705] {logging_mixin.py:115} INFO - [2022-11-01 23:13:46,705] {dag.py:2927} INFO - Setting next_dagrun for example_short_circuit_operator to 2022-11-01T02:13:46.705060+00:00, run_after=2022-11-02T02:13:46.705060+00:00
[2022-11-01 23:13:46,976] {processor.py:161} INFO - Processing /home/nayara/Documentos/airflowalura/venv/lib/python3.9/site-packages/airflow/example_dags/example_short_circuit_operator.py took 0.364 seconds
[2022-11-01 23:14:53,028] {processor.py:153} INFO - Started process (PID=22136) to work on /home/nayara/Documentos/airflowalura/venv/lib/python3.9/site-packages/airflow/example_dags/example_short_circuit_operator.py
[2022-11-01 23:14:53,030] {processor.py:641} INFO - Processing file /home/nayara/Documentos/airflowalura/venv/lib/python3.9/site-packages/airflow/example_dags/example_short_circuit_operator.py for tasks to queue
[2022-11-01 23:14:53,031] {logging_mixin.py:115} INFO - [2022-11-01 23:14:53,031] {dagbag.py:507} INFO - Filling up the DagBag from /home/nayara/Documentos/airflowalura/venv/lib/python3.9/site-packages/airflow/example_dags/example_short_circuit_operator.py
[2022-11-01 23:14:53,046] {processor.py:651} INFO - DAG(s) dict_keys(['example_short_circuit_operator']) retrieved from /home/nayara/Documentos/airflowalura/venv/lib/python3.9/site-packages/airflow/example_dags/example_short_circuit_operator.py
[2022-11-01 23:14:53,067] {logging_mixin.py:115} INFO - [2022-11-01 23:14:53,066] {dag.py:2379} INFO - Sync 1 DAGs
[2022-11-01 23:14:53,084] {logging_mixin.py:115} INFO - [2022-11-01 23:14:53,083] {dag.py:2927} INFO - Setting next_dagrun for example_short_circuit_operator to 2022-11-01T02:14:53.083549+00:00, run_after=2022-11-02T02:14:53.083549+00:00
[2022-11-01 23:14:53,497] {processor.py:161} INFO - Processing /home/nayara/Documentos/airflowalura/venv/lib/python3.9/site-packages/airflow/example_dags/example_short_circuit_operator.py took 0.482 seconds
[2022-11-01 23:15:53,925] {processor.py:153} INFO - Started process (PID=22285) to work on /home/nayara/Documentos/airflowalura/venv/lib/python3.9/site-packages/airflow/example_dags/example_short_circuit_operator.py
[2022-11-01 23:15:54,002] {processor.py:641} INFO - Processing file /home/nayara/Documentos/airflowalura/venv/lib/python3.9/site-packages/airflow/example_dags/example_short_circuit_operator.py for tasks to queue
[2022-11-01 23:15:54,005] {logging_mixin.py:115} INFO - [2022-11-01 23:15:54,004] {dagbag.py:507} INFO - Filling up the DagBag from /home/nayara/Documentos/airflowalura/venv/lib/python3.9/site-packages/airflow/example_dags/example_short_circuit_operator.py
[2022-11-01 23:15:54,039] {processor.py:651} INFO - DAG(s) dict_keys(['example_short_circuit_operator']) retrieved from /home/nayara/Documentos/airflowalura/venv/lib/python3.9/site-packages/airflow/example_dags/example_short_circuit_operator.py
[2022-11-01 23:15:54,064] {logging_mixin.py:115} INFO - [2022-11-01 23:15:54,064] {dag.py:2379} INFO - Sync 1 DAGs
[2022-11-01 23:15:54,083] {logging_mixin.py:115} INFO - [2022-11-01 23:15:54,082] {dag.py:2927} INFO - Setting next_dagrun for example_short_circuit_operator to 2022-11-01T02:15:54.082544+00:00, run_after=2022-11-02T02:15:54.082544+00:00
[2022-11-01 23:15:54,696] {processor.py:161} INFO - Processing /home/nayara/Documentos/airflowalura/venv/lib/python3.9/site-packages/airflow/example_dags/example_short_circuit_operator.py took 0.775 seconds
[2022-11-01 23:16:55,807] {processor.py:153} INFO - Started process (PID=22442) to work on /home/nayara/Documentos/airflowalura/venv/lib/python3.9/site-packages/airflow/example_dags/example_short_circuit_operator.py
[2022-11-01 23:16:55,811] {processor.py:641} INFO - Processing file /home/nayara/Documentos/airflowalura/venv/lib/python3.9/site-packages/airflow/example_dags/example_short_circuit_operator.py for tasks to queue
[2022-11-01 23:16:55,813] {logging_mixin.py:115} INFO - [2022-11-01 23:16:55,813] {dagbag.py:507} INFO - Filling up the DagBag from /home/nayara/Documentos/airflowalura/venv/lib/python3.9/site-packages/airflow/example_dags/example_short_circuit_operator.py
[2022-11-01 23:16:55,839] {processor.py:651} INFO - DAG(s) dict_keys(['example_short_circuit_operator']) retrieved from /home/nayara/Documentos/airflowalura/venv/lib/python3.9/site-packages/airflow/example_dags/example_short_circuit_operator.py
[2022-11-01 23:16:55,866] {logging_mixin.py:115} INFO - [2022-11-01 23:16:55,866] {dag.py:2379} INFO - Sync 1 DAGs
[2022-11-01 23:16:55,889] {logging_mixin.py:115} INFO - [2022-11-01 23:16:55,889] {dag.py:2927} INFO - Setting next_dagrun for example_short_circuit_operator to 2022-11-01T02:16:55.889053+00:00, run_after=2022-11-02T02:16:55.889053+00:00
[2022-11-01 23:16:56,194] {processor.py:161} INFO - Processing /home/nayara/Documentos/airflowalura/venv/lib/python3.9/site-packages/airflow/example_dags/example_short_circuit_operator.py took 0.405 seconds
[2022-11-01 23:18:12,993] {processor.py:153} INFO - Started process (PID=22596) to work on /home/nayara/Documentos/airflowalura/venv/lib/python3.9/site-packages/airflow/example_dags/example_short_circuit_operator.py
[2022-11-01 23:18:13,014] {processor.py:641} INFO - Processing file /home/nayara/Documentos/airflowalura/venv/lib/python3.9/site-packages/airflow/example_dags/example_short_circuit_operator.py for tasks to queue
[2022-11-01 23:18:13,015] {logging_mixin.py:115} INFO - [2022-11-01 23:18:13,015] {dagbag.py:507} INFO - Filling up the DagBag from /home/nayara/Documentos/airflowalura/venv/lib/python3.9/site-packages/airflow/example_dags/example_short_circuit_operator.py
[2022-11-01 23:18:13,036] {processor.py:651} INFO - DAG(s) dict_keys(['example_short_circuit_operator']) retrieved from /home/nayara/Documentos/airflowalura/venv/lib/python3.9/site-packages/airflow/example_dags/example_short_circuit_operator.py
[2022-11-01 23:18:13,059] {logging_mixin.py:115} INFO - [2022-11-01 23:18:13,059] {dag.py:2379} INFO - Sync 1 DAGs
[2022-11-01 23:18:13,077] {logging_mixin.py:115} INFO - [2022-11-01 23:18:13,077] {dag.py:2927} INFO - Setting next_dagrun for example_short_circuit_operator to 2022-11-01T02:18:13.077425+00:00, run_after=2022-11-02T02:18:13.077425+00:00
[2022-11-01 23:18:13,774] {processor.py:161} INFO - Processing /home/nayara/Documentos/airflowalura/venv/lib/python3.9/site-packages/airflow/example_dags/example_short_circuit_operator.py took 0.794 seconds
[2022-11-01 23:19:19,541] {processor.py:153} INFO - Started process (PID=22699) to work on /home/nayara/Documentos/airflowalura/venv/lib/python3.9/site-packages/airflow/example_dags/example_short_circuit_operator.py
[2022-11-01 23:19:19,544] {processor.py:641} INFO - Processing file /home/nayara/Documentos/airflowalura/venv/lib/python3.9/site-packages/airflow/example_dags/example_short_circuit_operator.py for tasks to queue
[2022-11-01 23:19:19,544] {logging_mixin.py:115} INFO - [2022-11-01 23:19:19,544] {dagbag.py:507} INFO - Filling up the DagBag from /home/nayara/Documentos/airflowalura/venv/lib/python3.9/site-packages/airflow/example_dags/example_short_circuit_operator.py
[2022-11-01 23:19:19,558] {processor.py:651} INFO - DAG(s) dict_keys(['example_short_circuit_operator']) retrieved from /home/nayara/Documentos/airflowalura/venv/lib/python3.9/site-packages/airflow/example_dags/example_short_circuit_operator.py
[2022-11-01 23:19:19,583] {logging_mixin.py:115} INFO - [2022-11-01 23:19:19,583] {dag.py:2379} INFO - Sync 1 DAGs
[2022-11-01 23:19:19,604] {logging_mixin.py:115} INFO - [2022-11-01 23:19:19,604] {dag.py:2927} INFO - Setting next_dagrun for example_short_circuit_operator to 2022-11-01T02:19:19.603811+00:00, run_after=2022-11-02T02:19:19.603811+00:00
[2022-11-01 23:19:19,926] {processor.py:161} INFO - Processing /home/nayara/Documentos/airflowalura/venv/lib/python3.9/site-packages/airflow/example_dags/example_short_circuit_operator.py took 0.390 seconds
[2022-11-01 23:20:24,335] {processor.py:153} INFO - Started process (PID=22885) to work on /home/nayara/Documentos/airflowalura/venv/lib/python3.9/site-packages/airflow/example_dags/example_short_circuit_operator.py
[2022-11-01 23:20:24,341] {processor.py:641} INFO - Processing file /home/nayara/Documentos/airflowalura/venv/lib/python3.9/site-packages/airflow/example_dags/example_short_circuit_operator.py for tasks to queue
[2022-11-01 23:20:24,354] {logging_mixin.py:115} INFO - [2022-11-01 23:20:24,354] {dagbag.py:507} INFO - Filling up the DagBag from /home/nayara/Documentos/airflowalura/venv/lib/python3.9/site-packages/airflow/example_dags/example_short_circuit_operator.py
[2022-11-01 23:20:24,367] {processor.py:651} INFO - DAG(s) dict_keys(['example_short_circuit_operator']) retrieved from /home/nayara/Documentos/airflowalura/venv/lib/python3.9/site-packages/airflow/example_dags/example_short_circuit_operator.py
[2022-11-01 23:20:24,389] {logging_mixin.py:115} INFO - [2022-11-01 23:20:24,389] {dag.py:2379} INFO - Sync 1 DAGs
[2022-11-01 23:20:24,408] {logging_mixin.py:115} INFO - [2022-11-01 23:20:24,408] {dag.py:2927} INFO - Setting next_dagrun for example_short_circuit_operator to 2022-11-01T02:20:24.407708+00:00, run_after=2022-11-02T02:20:24.407708+00:00
[2022-11-01 23:20:25,136] {processor.py:161} INFO - Processing /home/nayara/Documentos/airflowalura/venv/lib/python3.9/site-packages/airflow/example_dags/example_short_circuit_operator.py took 0.808 seconds
