[2022-11-01 22:41:21,027] {processor.py:153} INFO - Started process (PID=17848) to work on /home/nayara/Documentos/airflowalura/venv/lib/python3.9/site-packages/airflow/example_dags/example_complex.py
[2022-11-01 22:41:21,028] {processor.py:641} INFO - Processing file /home/nayara/Documentos/airflowalura/venv/lib/python3.9/site-packages/airflow/example_dags/example_complex.py for tasks to queue
[2022-11-01 22:41:21,029] {logging_mixin.py:115} INFO - [2022-11-01 22:41:21,029] {dagbag.py:507} INFO - Filling up the DagBag from /home/nayara/Documentos/airflowalura/venv/lib/python3.9/site-packages/airflow/example_dags/example_complex.py
[2022-11-01 22:41:21,194] {processor.py:651} INFO - DAG(s) dict_keys(['example_complex']) retrieved from /home/nayara/Documentos/airflowalura/venv/lib/python3.9/site-packages/airflow/example_dags/example_complex.py
[2022-11-01 22:41:21,267] {logging_mixin.py:115} INFO - [2022-11-01 22:41:21,267] {dag.py:2379} INFO - Sync 1 DAGs
[2022-11-01 22:41:21,320] {logging_mixin.py:115} INFO - [2022-11-01 22:41:21,320] {dag.py:2927} INFO - Setting next_dagrun for example_complex to None, run_after=None
[2022-11-01 22:41:22,282] {processor.py:161} INFO - Processing /home/nayara/Documentos/airflowalura/venv/lib/python3.9/site-packages/airflow/example_dags/example_complex.py took 1.260 seconds
[2022-11-01 22:44:07,923] {processor.py:153} INFO - Started process (PID=18091) to work on /home/nayara/Documentos/airflowalura/venv/lib/python3.9/site-packages/airflow/example_dags/example_complex.py
[2022-11-01 22:44:08,094] {processor.py:641} INFO - Processing file /home/nayara/Documentos/airflowalura/venv/lib/python3.9/site-packages/airflow/example_dags/example_complex.py for tasks to queue
[2022-11-01 22:44:08,097] {logging_mixin.py:115} INFO - [2022-11-01 22:44:08,097] {dagbag.py:507} INFO - Filling up the DagBag from /home/nayara/Documentos/airflowalura/venv/lib/python3.9/site-packages/airflow/example_dags/example_complex.py
[2022-11-01 22:44:08,168] {processor.py:651} INFO - DAG(s) dict_keys(['example_complex']) retrieved from /home/nayara/Documentos/airflowalura/venv/lib/python3.9/site-packages/airflow/example_dags/example_complex.py
[2022-11-01 22:44:08,260] {logging_mixin.py:115} INFO - [2022-11-01 22:44:08,260] {dag.py:2379} INFO - Sync 1 DAGs
[2022-11-01 22:44:08,294] {logging_mixin.py:115} INFO - [2022-11-01 22:44:08,294] {dag.py:2927} INFO - Setting next_dagrun for example_complex to None, run_after=None
[2022-11-01 22:44:08,614] {processor.py:161} INFO - Processing /home/nayara/Documentos/airflowalura/venv/lib/python3.9/site-packages/airflow/example_dags/example_complex.py took 0.700 seconds
[2022-11-01 22:45:26,271] {processor.py:153} INFO - Started process (PID=18221) to work on /home/nayara/Documentos/airflowalura/venv/lib/python3.9/site-packages/airflow/example_dags/example_complex.py
[2022-11-01 22:45:26,290] {processor.py:641} INFO - Processing file /home/nayara/Documentos/airflowalura/venv/lib/python3.9/site-packages/airflow/example_dags/example_complex.py for tasks to queue
[2022-11-01 22:45:26,291] {logging_mixin.py:115} INFO - [2022-11-01 22:45:26,291] {dagbag.py:507} INFO - Filling up the DagBag from /home/nayara/Documentos/airflowalura/venv/lib/python3.9/site-packages/airflow/example_dags/example_complex.py
[2022-11-01 22:45:26,328] {processor.py:651} INFO - DAG(s) dict_keys(['example_complex']) retrieved from /home/nayara/Documentos/airflowalura/venv/lib/python3.9/site-packages/airflow/example_dags/example_complex.py
[2022-11-01 22:45:26,380] {logging_mixin.py:115} INFO - [2022-11-01 22:45:26,380] {dag.py:2379} INFO - Sync 1 DAGs
[2022-11-01 22:45:26,415] {logging_mixin.py:115} INFO - [2022-11-01 22:45:26,415] {dag.py:2927} INFO - Setting next_dagrun for example_complex to None, run_after=None
[2022-11-01 22:45:26,640] {processor.py:161} INFO - Processing /home/nayara/Documentos/airflowalura/venv/lib/python3.9/site-packages/airflow/example_dags/example_complex.py took 0.376 seconds
[2022-11-01 22:46:25,210] {processor.py:153} INFO - Started process (PID=18327) to work on /home/nayara/Documentos/airflowalura/venv/lib/python3.9/site-packages/airflow/example_dags/example_complex.py
[2022-11-01 22:46:25,269] {processor.py:641} INFO - Processing file /home/nayara/Documentos/airflowalura/venv/lib/python3.9/site-packages/airflow/example_dags/example_complex.py for tasks to queue
[2022-11-01 22:46:25,270] {logging_mixin.py:115} INFO - [2022-11-01 22:46:25,270] {dagbag.py:507} INFO - Filling up the DagBag from /home/nayara/Documentos/airflowalura/venv/lib/python3.9/site-packages/airflow/example_dags/example_complex.py
[2022-11-01 22:46:25,320] {processor.py:651} INFO - DAG(s) dict_keys(['example_complex']) retrieved from /home/nayara/Documentos/airflowalura/venv/lib/python3.9/site-packages/airflow/example_dags/example_complex.py
[2022-11-01 22:46:25,375] {logging_mixin.py:115} INFO - [2022-11-01 22:46:25,375] {dag.py:2379} INFO - Sync 1 DAGs
[2022-11-01 22:46:25,407] {logging_mixin.py:115} INFO - [2022-11-01 22:46:25,407] {dag.py:2927} INFO - Setting next_dagrun for example_complex to None, run_after=None
[2022-11-01 22:46:25,750] {processor.py:161} INFO - Processing /home/nayara/Documentos/airflowalura/venv/lib/python3.9/site-packages/airflow/example_dags/example_complex.py took 0.549 seconds
[2022-11-01 22:47:32,398] {processor.py:153} INFO - Started process (PID=18493) to work on /home/nayara/Documentos/airflowalura/venv/lib/python3.9/site-packages/airflow/example_dags/example_complex.py
[2022-11-01 22:47:32,474] {processor.py:641} INFO - Processing file /home/nayara/Documentos/airflowalura/venv/lib/python3.9/site-packages/airflow/example_dags/example_complex.py for tasks to queue
[2022-11-01 22:47:32,476] {logging_mixin.py:115} INFO - [2022-11-01 22:47:32,476] {dagbag.py:507} INFO - Filling up the DagBag from /home/nayara/Documentos/airflowalura/venv/lib/python3.9/site-packages/airflow/example_dags/example_complex.py
[2022-11-01 22:47:32,566] {processor.py:651} INFO - DAG(s) dict_keys(['example_complex']) retrieved from /home/nayara/Documentos/airflowalura/venv/lib/python3.9/site-packages/airflow/example_dags/example_complex.py
[2022-11-01 22:47:32,710] {logging_mixin.py:115} INFO - [2022-11-01 22:47:32,708] {dag.py:2379} INFO - Sync 1 DAGs
[2022-11-01 22:47:32,778] {logging_mixin.py:115} INFO - [2022-11-01 22:47:32,777] {dag.py:2927} INFO - Setting next_dagrun for example_complex to None, run_after=None
[2022-11-01 22:47:33,049] {processor.py:161} INFO - Processing /home/nayara/Documentos/airflowalura/venv/lib/python3.9/site-packages/airflow/example_dags/example_complex.py took 0.660 seconds
[2022-11-01 22:48:30,387] {processor.py:153} INFO - Started process (PID=18599) to work on /home/nayara/Documentos/airflowalura/venv/lib/python3.9/site-packages/airflow/example_dags/example_complex.py
[2022-11-01 22:48:30,392] {processor.py:641} INFO - Processing file /home/nayara/Documentos/airflowalura/venv/lib/python3.9/site-packages/airflow/example_dags/example_complex.py for tasks to queue
[2022-11-01 22:48:30,394] {logging_mixin.py:115} INFO - [2022-11-01 22:48:30,394] {dagbag.py:507} INFO - Filling up the DagBag from /home/nayara/Documentos/airflowalura/venv/lib/python3.9/site-packages/airflow/example_dags/example_complex.py
[2022-11-01 22:48:30,436] {processor.py:651} INFO - DAG(s) dict_keys(['example_complex']) retrieved from /home/nayara/Documentos/airflowalura/venv/lib/python3.9/site-packages/airflow/example_dags/example_complex.py
[2022-11-01 22:48:30,481] {logging_mixin.py:115} INFO - [2022-11-01 22:48:30,480] {dag.py:2379} INFO - Sync 1 DAGs
[2022-11-01 22:48:30,518] {logging_mixin.py:115} INFO - [2022-11-01 22:48:30,517] {dag.py:2927} INFO - Setting next_dagrun for example_complex to None, run_after=None
[2022-11-01 22:48:30,856] {processor.py:161} INFO - Processing /home/nayara/Documentos/airflowalura/venv/lib/python3.9/site-packages/airflow/example_dags/example_complex.py took 0.479 seconds
[2022-11-01 22:49:28,634] {processor.py:153} INFO - Started process (PID=18714) to work on /home/nayara/Documentos/airflowalura/venv/lib/python3.9/site-packages/airflow/example_dags/example_complex.py
[2022-11-01 22:49:28,652] {processor.py:641} INFO - Processing file /home/nayara/Documentos/airflowalura/venv/lib/python3.9/site-packages/airflow/example_dags/example_complex.py for tasks to queue
[2022-11-01 22:49:28,654] {logging_mixin.py:115} INFO - [2022-11-01 22:49:28,653] {dagbag.py:507} INFO - Filling up the DagBag from /home/nayara/Documentos/airflowalura/venv/lib/python3.9/site-packages/airflow/example_dags/example_complex.py
[2022-11-01 22:49:28,676] {processor.py:651} INFO - DAG(s) dict_keys(['example_complex']) retrieved from /home/nayara/Documentos/airflowalura/venv/lib/python3.9/site-packages/airflow/example_dags/example_complex.py
[2022-11-01 22:49:28,707] {logging_mixin.py:115} INFO - [2022-11-01 22:49:28,707] {dag.py:2379} INFO - Sync 1 DAGs
[2022-11-01 22:49:28,746] {logging_mixin.py:115} INFO - [2022-11-01 22:49:28,746] {dag.py:2927} INFO - Setting next_dagrun for example_complex to None, run_after=None
[2022-11-01 22:49:29,004] {processor.py:161} INFO - Processing /home/nayara/Documentos/airflowalura/venv/lib/python3.9/site-packages/airflow/example_dags/example_complex.py took 0.381 seconds
[2022-11-01 22:50:49,996] {processor.py:153} INFO - Started process (PID=18864) to work on /home/nayara/Documentos/airflowalura/venv/lib/python3.9/site-packages/airflow/example_dags/example_complex.py
[2022-11-01 22:50:50,011] {processor.py:641} INFO - Processing file /home/nayara/Documentos/airflowalura/venv/lib/python3.9/site-packages/airflow/example_dags/example_complex.py for tasks to queue
[2022-11-01 22:50:50,012] {logging_mixin.py:115} INFO - [2022-11-01 22:50:50,012] {dagbag.py:507} INFO - Filling up the DagBag from /home/nayara/Documentos/airflowalura/venv/lib/python3.9/site-packages/airflow/example_dags/example_complex.py
[2022-11-01 22:50:50,043] {processor.py:651} INFO - DAG(s) dict_keys(['example_complex']) retrieved from /home/nayara/Documentos/airflowalura/venv/lib/python3.9/site-packages/airflow/example_dags/example_complex.py
[2022-11-01 22:50:50,094] {logging_mixin.py:115} INFO - [2022-11-01 22:50:50,093] {dag.py:2379} INFO - Sync 1 DAGs
[2022-11-01 22:50:50,127] {logging_mixin.py:115} INFO - [2022-11-01 22:50:50,127] {dag.py:2927} INFO - Setting next_dagrun for example_complex to None, run_after=None
[2022-11-01 22:50:50,328] {processor.py:161} INFO - Processing /home/nayara/Documentos/airflowalura/venv/lib/python3.9/site-packages/airflow/example_dags/example_complex.py took 0.337 seconds
[2022-11-01 22:52:14,956] {processor.py:153} INFO - Started process (PID=19052) to work on /home/nayara/Documentos/airflowalura/venv/lib/python3.9/site-packages/airflow/example_dags/example_complex.py
[2022-11-01 22:52:15,001] {processor.py:641} INFO - Processing file /home/nayara/Documentos/airflowalura/venv/lib/python3.9/site-packages/airflow/example_dags/example_complex.py for tasks to queue
[2022-11-01 22:52:15,004] {logging_mixin.py:115} INFO - [2022-11-01 22:52:15,003] {dagbag.py:507} INFO - Filling up the DagBag from /home/nayara/Documentos/airflowalura/venv/lib/python3.9/site-packages/airflow/example_dags/example_complex.py
[2022-11-01 22:52:15,045] {processor.py:651} INFO - DAG(s) dict_keys(['example_complex']) retrieved from /home/nayara/Documentos/airflowalura/venv/lib/python3.9/site-packages/airflow/example_dags/example_complex.py
[2022-11-01 22:52:15,085] {logging_mixin.py:115} INFO - [2022-11-01 22:52:15,085] {dag.py:2379} INFO - Sync 1 DAGs
[2022-11-01 22:52:15,111] {logging_mixin.py:115} INFO - [2022-11-01 22:52:15,111] {dag.py:2927} INFO - Setting next_dagrun for example_complex to None, run_after=None
[2022-11-01 22:52:16,024] {processor.py:161} INFO - Processing /home/nayara/Documentos/airflowalura/venv/lib/python3.9/site-packages/airflow/example_dags/example_complex.py took 1.076 seconds
[2022-11-01 22:53:28,306] {processor.py:153} INFO - Started process (PID=19195) to work on /home/nayara/Documentos/airflowalura/venv/lib/python3.9/site-packages/airflow/example_dags/example_complex.py
[2022-11-01 22:53:28,401] {processor.py:641} INFO - Processing file /home/nayara/Documentos/airflowalura/venv/lib/python3.9/site-packages/airflow/example_dags/example_complex.py for tasks to queue
[2022-11-01 22:53:28,403] {logging_mixin.py:115} INFO - [2022-11-01 22:53:28,403] {dagbag.py:507} INFO - Filling up the DagBag from /home/nayara/Documentos/airflowalura/venv/lib/python3.9/site-packages/airflow/example_dags/example_complex.py
[2022-11-01 22:53:28,427] {processor.py:651} INFO - DAG(s) dict_keys(['example_complex']) retrieved from /home/nayara/Documentos/airflowalura/venv/lib/python3.9/site-packages/airflow/example_dags/example_complex.py
[2022-11-01 22:53:28,457] {logging_mixin.py:115} INFO - [2022-11-01 22:53:28,457] {dag.py:2379} INFO - Sync 1 DAGs
[2022-11-01 22:53:28,490] {logging_mixin.py:115} INFO - [2022-11-01 22:53:28,490] {dag.py:2927} INFO - Setting next_dagrun for example_complex to None, run_after=None
[2022-11-01 22:53:28,883] {processor.py:161} INFO - Processing /home/nayara/Documentos/airflowalura/venv/lib/python3.9/site-packages/airflow/example_dags/example_complex.py took 0.583 seconds
[2022-11-01 22:54:28,606] {processor.py:153} INFO - Started process (PID=19316) to work on /home/nayara/Documentos/airflowalura/venv/lib/python3.9/site-packages/airflow/example_dags/example_complex.py
[2022-11-01 22:54:28,669] {processor.py:641} INFO - Processing file /home/nayara/Documentos/airflowalura/venv/lib/python3.9/site-packages/airflow/example_dags/example_complex.py for tasks to queue
[2022-11-01 22:54:28,671] {logging_mixin.py:115} INFO - [2022-11-01 22:54:28,670] {dagbag.py:507} INFO - Filling up the DagBag from /home/nayara/Documentos/airflowalura/venv/lib/python3.9/site-packages/airflow/example_dags/example_complex.py
[2022-11-01 22:54:28,702] {processor.py:651} INFO - DAG(s) dict_keys(['example_complex']) retrieved from /home/nayara/Documentos/airflowalura/venv/lib/python3.9/site-packages/airflow/example_dags/example_complex.py
[2022-11-01 22:54:28,728] {logging_mixin.py:115} INFO - [2022-11-01 22:54:28,728] {dag.py:2379} INFO - Sync 1 DAGs
[2022-11-01 22:54:28,746] {logging_mixin.py:115} INFO - [2022-11-01 22:54:28,746] {dag.py:2927} INFO - Setting next_dagrun for example_complex to None, run_after=None
[2022-11-01 22:54:29,515] {processor.py:161} INFO - Processing /home/nayara/Documentos/airflowalura/venv/lib/python3.9/site-packages/airflow/example_dags/example_complex.py took 0.919 seconds
[2022-11-01 22:55:43,286] {processor.py:153} INFO - Started process (PID=19494) to work on /home/nayara/Documentos/airflowalura/venv/lib/python3.9/site-packages/airflow/example_dags/example_complex.py
[2022-11-01 22:55:43,340] {processor.py:641} INFO - Processing file /home/nayara/Documentos/airflowalura/venv/lib/python3.9/site-packages/airflow/example_dags/example_complex.py for tasks to queue
[2022-11-01 22:55:43,343] {logging_mixin.py:115} INFO - [2022-11-01 22:55:43,343] {dagbag.py:507} INFO - Filling up the DagBag from /home/nayara/Documentos/airflowalura/venv/lib/python3.9/site-packages/airflow/example_dags/example_complex.py
[2022-11-01 22:55:43,367] {processor.py:651} INFO - DAG(s) dict_keys(['example_complex']) retrieved from /home/nayara/Documentos/airflowalura/venv/lib/python3.9/site-packages/airflow/example_dags/example_complex.py
[2022-11-01 22:55:43,394] {logging_mixin.py:115} INFO - [2022-11-01 22:55:43,394] {dag.py:2379} INFO - Sync 1 DAGs
[2022-11-01 22:55:43,416] {logging_mixin.py:115} INFO - [2022-11-01 22:55:43,416] {dag.py:2927} INFO - Setting next_dagrun for example_complex to None, run_after=None
[2022-11-01 22:55:43,814] {processor.py:161} INFO - Processing /home/nayara/Documentos/airflowalura/venv/lib/python3.9/site-packages/airflow/example_dags/example_complex.py took 0.541 seconds
[2022-11-01 22:56:58,541] {processor.py:153} INFO - Started process (PID=19680) to work on /home/nayara/Documentos/airflowalura/venv/lib/python3.9/site-packages/airflow/example_dags/example_complex.py
[2022-11-01 22:56:58,628] {processor.py:641} INFO - Processing file /home/nayara/Documentos/airflowalura/venv/lib/python3.9/site-packages/airflow/example_dags/example_complex.py for tasks to queue
[2022-11-01 22:56:58,632] {logging_mixin.py:115} INFO - [2022-11-01 22:56:58,632] {dagbag.py:507} INFO - Filling up the DagBag from /home/nayara/Documentos/airflowalura/venv/lib/python3.9/site-packages/airflow/example_dags/example_complex.py
[2022-11-01 22:56:58,719] {processor.py:651} INFO - DAG(s) dict_keys(['example_complex']) retrieved from /home/nayara/Documentos/airflowalura/venv/lib/python3.9/site-packages/airflow/example_dags/example_complex.py
[2022-11-01 22:56:58,756] {logging_mixin.py:115} INFO - [2022-11-01 22:56:58,756] {dag.py:2379} INFO - Sync 1 DAGs
[2022-11-01 22:56:58,779] {logging_mixin.py:115} INFO - [2022-11-01 22:56:58,779] {dag.py:2927} INFO - Setting next_dagrun for example_complex to None, run_after=None
[2022-11-01 22:56:59,448] {processor.py:161} INFO - Processing /home/nayara/Documentos/airflowalura/venv/lib/python3.9/site-packages/airflow/example_dags/example_complex.py took 0.916 seconds
[2022-11-01 22:58:15,454] {processor.py:153} INFO - Started process (PID=19867) to work on /home/nayara/Documentos/airflowalura/venv/lib/python3.9/site-packages/airflow/example_dags/example_complex.py
[2022-11-01 22:58:15,537] {processor.py:641} INFO - Processing file /home/nayara/Documentos/airflowalura/venv/lib/python3.9/site-packages/airflow/example_dags/example_complex.py for tasks to queue
[2022-11-01 22:58:15,541] {logging_mixin.py:115} INFO - [2022-11-01 22:58:15,540] {dagbag.py:507} INFO - Filling up the DagBag from /home/nayara/Documentos/airflowalura/venv/lib/python3.9/site-packages/airflow/example_dags/example_complex.py
[2022-11-01 22:58:15,563] {processor.py:651} INFO - DAG(s) dict_keys(['example_complex']) retrieved from /home/nayara/Documentos/airflowalura/venv/lib/python3.9/site-packages/airflow/example_dags/example_complex.py
[2022-11-01 22:58:15,837] {logging_mixin.py:115} INFO - [2022-11-01 22:58:15,837] {dag.py:2379} INFO - Sync 1 DAGs
[2022-11-01 22:58:15,854] {logging_mixin.py:115} INFO - [2022-11-01 22:58:15,854] {dag.py:2927} INFO - Setting next_dagrun for example_complex to None, run_after=None
[2022-11-01 22:58:16,204] {processor.py:161} INFO - Processing /home/nayara/Documentos/airflowalura/venv/lib/python3.9/site-packages/airflow/example_dags/example_complex.py took 0.753 seconds
[2022-11-01 22:59:27,438] {processor.py:153} INFO - Started process (PID=20016) to work on /home/nayara/Documentos/airflowalura/venv/lib/python3.9/site-packages/airflow/example_dags/example_complex.py
[2022-11-01 22:59:27,439] {processor.py:641} INFO - Processing file /home/nayara/Documentos/airflowalura/venv/lib/python3.9/site-packages/airflow/example_dags/example_complex.py for tasks to queue
[2022-11-01 22:59:27,439] {logging_mixin.py:115} INFO - [2022-11-01 22:59:27,439] {dagbag.py:507} INFO - Filling up the DagBag from /home/nayara/Documentos/airflowalura/venv/lib/python3.9/site-packages/airflow/example_dags/example_complex.py
[2022-11-01 22:59:27,454] {processor.py:651} INFO - DAG(s) dict_keys(['example_complex']) retrieved from /home/nayara/Documentos/airflowalura/venv/lib/python3.9/site-packages/airflow/example_dags/example_complex.py
[2022-11-01 22:59:27,479] {logging_mixin.py:115} INFO - [2022-11-01 22:59:27,479] {dag.py:2379} INFO - Sync 1 DAGs
[2022-11-01 22:59:27,496] {logging_mixin.py:115} INFO - [2022-11-01 22:59:27,496] {dag.py:2927} INFO - Setting next_dagrun for example_complex to None, run_after=None
[2022-11-01 22:59:27,714] {processor.py:161} INFO - Processing /home/nayara/Documentos/airflowalura/venv/lib/python3.9/site-packages/airflow/example_dags/example_complex.py took 0.280 seconds
[2022-11-01 23:00:26,802] {processor.py:153} INFO - Started process (PID=20135) to work on /home/nayara/Documentos/airflowalura/venv/lib/python3.9/site-packages/airflow/example_dags/example_complex.py
[2022-11-01 23:00:26,820] {processor.py:641} INFO - Processing file /home/nayara/Documentos/airflowalura/venv/lib/python3.9/site-packages/airflow/example_dags/example_complex.py for tasks to queue
[2022-11-01 23:00:26,821] {logging_mixin.py:115} INFO - [2022-11-01 23:00:26,821] {dagbag.py:507} INFO - Filling up the DagBag from /home/nayara/Documentos/airflowalura/venv/lib/python3.9/site-packages/airflow/example_dags/example_complex.py
[2022-11-01 23:00:26,845] {processor.py:651} INFO - DAG(s) dict_keys(['example_complex']) retrieved from /home/nayara/Documentos/airflowalura/venv/lib/python3.9/site-packages/airflow/example_dags/example_complex.py
[2022-11-01 23:00:26,870] {logging_mixin.py:115} INFO - [2022-11-01 23:00:26,870] {dag.py:2379} INFO - Sync 1 DAGs
[2022-11-01 23:00:26,889] {logging_mixin.py:115} INFO - [2022-11-01 23:00:26,889] {dag.py:2927} INFO - Setting next_dagrun for example_complex to None, run_after=None
[2022-11-01 23:00:27,184] {processor.py:161} INFO - Processing /home/nayara/Documentos/airflowalura/venv/lib/python3.9/site-packages/airflow/example_dags/example_complex.py took 0.387 seconds
[2022-11-01 23:01:41,589] {processor.py:153} INFO - Started process (PID=20276) to work on /home/nayara/Documentos/airflowalura/venv/lib/python3.9/site-packages/airflow/example_dags/example_complex.py
[2022-11-01 23:01:41,688] {processor.py:641} INFO - Processing file /home/nayara/Documentos/airflowalura/venv/lib/python3.9/site-packages/airflow/example_dags/example_complex.py for tasks to queue
[2022-11-01 23:01:41,691] {logging_mixin.py:115} INFO - [2022-11-01 23:01:41,690] {dagbag.py:507} INFO - Filling up the DagBag from /home/nayara/Documentos/airflowalura/venv/lib/python3.9/site-packages/airflow/example_dags/example_complex.py
[2022-11-01 23:01:41,724] {processor.py:651} INFO - DAG(s) dict_keys(['example_complex']) retrieved from /home/nayara/Documentos/airflowalura/venv/lib/python3.9/site-packages/airflow/example_dags/example_complex.py
[2022-11-01 23:01:41,747] {logging_mixin.py:115} INFO - [2022-11-01 23:01:41,747] {dag.py:2379} INFO - Sync 1 DAGs
[2022-11-01 23:01:41,764] {logging_mixin.py:115} INFO - [2022-11-01 23:01:41,764] {dag.py:2927} INFO - Setting next_dagrun for example_complex to None, run_after=None
[2022-11-01 23:01:42,116] {processor.py:161} INFO - Processing /home/nayara/Documentos/airflowalura/venv/lib/python3.9/site-packages/airflow/example_dags/example_complex.py took 0.534 seconds
[2022-11-01 23:03:08,468] {processor.py:153} INFO - Started process (PID=20492) to work on /home/nayara/Documentos/airflowalura/venv/lib/python3.9/site-packages/airflow/example_dags/example_complex.py
[2022-11-01 23:03:08,490] {processor.py:641} INFO - Processing file /home/nayara/Documentos/airflowalura/venv/lib/python3.9/site-packages/airflow/example_dags/example_complex.py for tasks to queue
[2022-11-01 23:03:08,492] {logging_mixin.py:115} INFO - [2022-11-01 23:03:08,491] {dagbag.py:507} INFO - Filling up the DagBag from /home/nayara/Documentos/airflowalura/venv/lib/python3.9/site-packages/airflow/example_dags/example_complex.py
[2022-11-01 23:03:08,515] {processor.py:651} INFO - DAG(s) dict_keys(['example_complex']) retrieved from /home/nayara/Documentos/airflowalura/venv/lib/python3.9/site-packages/airflow/example_dags/example_complex.py
[2022-11-01 23:03:08,544] {logging_mixin.py:115} INFO - [2022-11-01 23:03:08,544] {dag.py:2379} INFO - Sync 1 DAGs
[2022-11-01 23:03:08,569] {logging_mixin.py:115} INFO - [2022-11-01 23:03:08,569] {dag.py:2927} INFO - Setting next_dagrun for example_complex to None, run_after=None
[2022-11-01 23:03:09,521] {processor.py:161} INFO - Processing /home/nayara/Documentos/airflowalura/venv/lib/python3.9/site-packages/airflow/example_dags/example_complex.py took 1.070 seconds
[2022-11-01 23:04:38,294] {processor.py:153} INFO - Started process (PID=20677) to work on /home/nayara/Documentos/airflowalura/venv/lib/python3.9/site-packages/airflow/example_dags/example_complex.py
[2022-11-01 23:04:38,295] {processor.py:641} INFO - Processing file /home/nayara/Documentos/airflowalura/venv/lib/python3.9/site-packages/airflow/example_dags/example_complex.py for tasks to queue
[2022-11-01 23:04:38,297] {logging_mixin.py:115} INFO - [2022-11-01 23:04:38,297] {dagbag.py:507} INFO - Filling up the DagBag from /home/nayara/Documentos/airflowalura/venv/lib/python3.9/site-packages/airflow/example_dags/example_complex.py
[2022-11-01 23:04:38,315] {processor.py:651} INFO - DAG(s) dict_keys(['example_complex']) retrieved from /home/nayara/Documentos/airflowalura/venv/lib/python3.9/site-packages/airflow/example_dags/example_complex.py
[2022-11-01 23:04:38,352] {logging_mixin.py:115} INFO - [2022-11-01 23:04:38,352] {dag.py:2379} INFO - Sync 1 DAGs
[2022-11-01 23:04:38,385] {logging_mixin.py:115} INFO - [2022-11-01 23:04:38,385] {dag.py:2927} INFO - Setting next_dagrun for example_complex to None, run_after=None
[2022-11-01 23:04:38,671] {processor.py:161} INFO - Processing /home/nayara/Documentos/airflowalura/venv/lib/python3.9/site-packages/airflow/example_dags/example_complex.py took 0.382 seconds
[2022-11-01 23:05:34,412] {processor.py:153} INFO - Started process (PID=20794) to work on /home/nayara/Documentos/airflowalura/venv/lib/python3.9/site-packages/airflow/example_dags/example_complex.py
[2022-11-01 23:05:34,437] {processor.py:641} INFO - Processing file /home/nayara/Documentos/airflowalura/venv/lib/python3.9/site-packages/airflow/example_dags/example_complex.py for tasks to queue
[2022-11-01 23:05:34,438] {logging_mixin.py:115} INFO - [2022-11-01 23:05:34,438] {dagbag.py:507} INFO - Filling up the DagBag from /home/nayara/Documentos/airflowalura/venv/lib/python3.9/site-packages/airflow/example_dags/example_complex.py
[2022-11-01 23:05:34,458] {processor.py:651} INFO - DAG(s) dict_keys(['example_complex']) retrieved from /home/nayara/Documentos/airflowalura/venv/lib/python3.9/site-packages/airflow/example_dags/example_complex.py
[2022-11-01 23:05:34,483] {logging_mixin.py:115} INFO - [2022-11-01 23:05:34,483] {dag.py:2379} INFO - Sync 1 DAGs
[2022-11-01 23:05:34,501] {logging_mixin.py:115} INFO - [2022-11-01 23:05:34,500] {dag.py:2927} INFO - Setting next_dagrun for example_complex to None, run_after=None
[2022-11-01 23:05:34,728] {processor.py:161} INFO - Processing /home/nayara/Documentos/airflowalura/venv/lib/python3.9/site-packages/airflow/example_dags/example_complex.py took 0.321 seconds
[2022-11-01 23:06:53,938] {processor.py:153} INFO - Started process (PID=20992) to work on /home/nayara/Documentos/airflowalura/venv/lib/python3.9/site-packages/airflow/example_dags/example_complex.py
[2022-11-01 23:06:53,940] {processor.py:641} INFO - Processing file /home/nayara/Documentos/airflowalura/venv/lib/python3.9/site-packages/airflow/example_dags/example_complex.py for tasks to queue
[2022-11-01 23:06:53,943] {logging_mixin.py:115} INFO - [2022-11-01 23:06:53,942] {dagbag.py:507} INFO - Filling up the DagBag from /home/nayara/Documentos/airflowalura/venv/lib/python3.9/site-packages/airflow/example_dags/example_complex.py
[2022-11-01 23:06:53,980] {processor.py:651} INFO - DAG(s) dict_keys(['example_complex']) retrieved from /home/nayara/Documentos/airflowalura/venv/lib/python3.9/site-packages/airflow/example_dags/example_complex.py
[2022-11-01 23:06:54,003] {logging_mixin.py:115} INFO - [2022-11-01 23:06:54,003] {dag.py:2379} INFO - Sync 1 DAGs
[2022-11-01 23:06:54,023] {logging_mixin.py:115} INFO - [2022-11-01 23:06:54,023] {dag.py:2927} INFO - Setting next_dagrun for example_complex to None, run_after=None
[2022-11-01 23:06:54,225] {processor.py:161} INFO - Processing /home/nayara/Documentos/airflowalura/venv/lib/python3.9/site-packages/airflow/example_dags/example_complex.py took 0.301 seconds
[2022-11-01 23:07:50,391] {processor.py:153} INFO - Started process (PID=21102) to work on /home/nayara/Documentos/airflowalura/venv/lib/python3.9/site-packages/airflow/example_dags/example_complex.py
[2022-11-01 23:07:50,417] {processor.py:641} INFO - Processing file /home/nayara/Documentos/airflowalura/venv/lib/python3.9/site-packages/airflow/example_dags/example_complex.py for tasks to queue
[2022-11-01 23:07:50,419] {logging_mixin.py:115} INFO - [2022-11-01 23:07:50,419] {dagbag.py:507} INFO - Filling up the DagBag from /home/nayara/Documentos/airflowalura/venv/lib/python3.9/site-packages/airflow/example_dags/example_complex.py
[2022-11-01 23:07:50,446] {processor.py:651} INFO - DAG(s) dict_keys(['example_complex']) retrieved from /home/nayara/Documentos/airflowalura/venv/lib/python3.9/site-packages/airflow/example_dags/example_complex.py
[2022-11-01 23:07:50,471] {logging_mixin.py:115} INFO - [2022-11-01 23:07:50,471] {dag.py:2379} INFO - Sync 1 DAGs
[2022-11-01 23:07:50,490] {logging_mixin.py:115} INFO - [2022-11-01 23:07:50,490] {dag.py:2927} INFO - Setting next_dagrun for example_complex to None, run_after=None
[2022-11-01 23:07:50,877] {processor.py:161} INFO - Processing /home/nayara/Documentos/airflowalura/venv/lib/python3.9/site-packages/airflow/example_dags/example_complex.py took 0.493 seconds
[2022-11-01 23:08:52,581] {processor.py:153} INFO - Started process (PID=21216) to work on /home/nayara/Documentos/airflowalura/venv/lib/python3.9/site-packages/airflow/example_dags/example_complex.py
[2022-11-01 23:08:52,602] {processor.py:641} INFO - Processing file /home/nayara/Documentos/airflowalura/venv/lib/python3.9/site-packages/airflow/example_dags/example_complex.py for tasks to queue
[2022-11-01 23:08:52,603] {logging_mixin.py:115} INFO - [2022-11-01 23:08:52,602] {dagbag.py:507} INFO - Filling up the DagBag from /home/nayara/Documentos/airflowalura/venv/lib/python3.9/site-packages/airflow/example_dags/example_complex.py
[2022-11-01 23:08:52,628] {processor.py:651} INFO - DAG(s) dict_keys(['example_complex']) retrieved from /home/nayara/Documentos/airflowalura/venv/lib/python3.9/site-packages/airflow/example_dags/example_complex.py
[2022-11-01 23:08:52,664] {logging_mixin.py:115} INFO - [2022-11-01 23:08:52,664] {dag.py:2379} INFO - Sync 1 DAGs
[2022-11-01 23:08:52,684] {logging_mixin.py:115} INFO - [2022-11-01 23:08:52,684] {dag.py:2927} INFO - Setting next_dagrun for example_complex to None, run_after=None
[2022-11-01 23:08:53,126] {processor.py:161} INFO - Processing /home/nayara/Documentos/airflowalura/venv/lib/python3.9/site-packages/airflow/example_dags/example_complex.py took 0.551 seconds
[2022-11-01 23:10:27,458] {processor.py:153} INFO - Started process (PID=21501) to work on /home/nayara/Documentos/airflowalura/venv/lib/python3.9/site-packages/airflow/example_dags/example_complex.py
[2022-11-01 23:10:27,543] {processor.py:641} INFO - Processing file /home/nayara/Documentos/airflowalura/venv/lib/python3.9/site-packages/airflow/example_dags/example_complex.py for tasks to queue
[2022-11-01 23:10:27,546] {logging_mixin.py:115} INFO - [2022-11-01 23:10:27,546] {dagbag.py:507} INFO - Filling up the DagBag from /home/nayara/Documentos/airflowalura/venv/lib/python3.9/site-packages/airflow/example_dags/example_complex.py
[2022-11-01 23:10:27,583] {processor.py:651} INFO - DAG(s) dict_keys(['example_complex']) retrieved from /home/nayara/Documentos/airflowalura/venv/lib/python3.9/site-packages/airflow/example_dags/example_complex.py
[2022-11-01 23:10:27,610] {logging_mixin.py:115} INFO - [2022-11-01 23:10:27,609] {dag.py:2379} INFO - Sync 1 DAGs
[2022-11-01 23:10:27,631] {logging_mixin.py:115} INFO - [2022-11-01 23:10:27,631] {dag.py:2927} INFO - Setting next_dagrun for example_complex to None, run_after=None
[2022-11-01 23:10:28,237] {processor.py:161} INFO - Processing /home/nayara/Documentos/airflowalura/venv/lib/python3.9/site-packages/airflow/example_dags/example_complex.py took 0.784 seconds
[2022-11-01 23:12:01,468] {processor.py:153} INFO - Started process (PID=21744) to work on /home/nayara/Documentos/airflowalura/venv/lib/python3.9/site-packages/airflow/example_dags/example_complex.py
[2022-11-01 23:12:01,511] {processor.py:641} INFO - Processing file /home/nayara/Documentos/airflowalura/venv/lib/python3.9/site-packages/airflow/example_dags/example_complex.py for tasks to queue
[2022-11-01 23:12:01,514] {logging_mixin.py:115} INFO - [2022-11-01 23:12:01,513] {dagbag.py:507} INFO - Filling up the DagBag from /home/nayara/Documentos/airflowalura/venv/lib/python3.9/site-packages/airflow/example_dags/example_complex.py
[2022-11-01 23:12:01,554] {processor.py:651} INFO - DAG(s) dict_keys(['example_complex']) retrieved from /home/nayara/Documentos/airflowalura/venv/lib/python3.9/site-packages/airflow/example_dags/example_complex.py
[2022-11-01 23:12:01,585] {logging_mixin.py:115} INFO - [2022-11-01 23:12:01,585] {dag.py:2379} INFO - Sync 1 DAGs
[2022-11-01 23:12:01,609] {logging_mixin.py:115} INFO - [2022-11-01 23:12:01,608] {dag.py:2927} INFO - Setting next_dagrun for example_complex to None, run_after=None
[2022-11-01 23:12:02,701] {processor.py:161} INFO - Processing /home/nayara/Documentos/airflowalura/venv/lib/python3.9/site-packages/airflow/example_dags/example_complex.py took 1.251 seconds
[2022-11-01 23:13:20,435] {processor.py:153} INFO - Started process (PID=21897) to work on /home/nayara/Documentos/airflowalura/venv/lib/python3.9/site-packages/airflow/example_dags/example_complex.py
[2022-11-01 23:13:20,445] {processor.py:641} INFO - Processing file /home/nayara/Documentos/airflowalura/venv/lib/python3.9/site-packages/airflow/example_dags/example_complex.py for tasks to queue
[2022-11-01 23:13:20,448] {logging_mixin.py:115} INFO - [2022-11-01 23:13:20,448] {dagbag.py:507} INFO - Filling up the DagBag from /home/nayara/Documentos/airflowalura/venv/lib/python3.9/site-packages/airflow/example_dags/example_complex.py
[2022-11-01 23:13:20,466] {processor.py:651} INFO - DAG(s) dict_keys(['example_complex']) retrieved from /home/nayara/Documentos/airflowalura/venv/lib/python3.9/site-packages/airflow/example_dags/example_complex.py
[2022-11-01 23:13:20,495] {logging_mixin.py:115} INFO - [2022-11-01 23:13:20,494] {dag.py:2379} INFO - Sync 1 DAGs
[2022-11-01 23:13:20,519] {logging_mixin.py:115} INFO - [2022-11-01 23:13:20,519] {dag.py:2927} INFO - Setting next_dagrun for example_complex to None, run_after=None
[2022-11-01 23:13:20,740] {processor.py:161} INFO - Processing /home/nayara/Documentos/airflowalura/venv/lib/python3.9/site-packages/airflow/example_dags/example_complex.py took 0.311 seconds
[2022-11-01 23:14:31,819] {processor.py:153} INFO - Started process (PID=22102) to work on /home/nayara/Documentos/airflowalura/venv/lib/python3.9/site-packages/airflow/example_dags/example_complex.py
[2022-11-01 23:14:31,841] {processor.py:641} INFO - Processing file /home/nayara/Documentos/airflowalura/venv/lib/python3.9/site-packages/airflow/example_dags/example_complex.py for tasks to queue
[2022-11-01 23:14:31,842] {logging_mixin.py:115} INFO - [2022-11-01 23:14:31,842] {dagbag.py:507} INFO - Filling up the DagBag from /home/nayara/Documentos/airflowalura/venv/lib/python3.9/site-packages/airflow/example_dags/example_complex.py
[2022-11-01 23:14:31,857] {processor.py:651} INFO - DAG(s) dict_keys(['example_complex']) retrieved from /home/nayara/Documentos/airflowalura/venv/lib/python3.9/site-packages/airflow/example_dags/example_complex.py
[2022-11-01 23:14:31,882] {logging_mixin.py:115} INFO - [2022-11-01 23:14:31,882] {dag.py:2379} INFO - Sync 1 DAGs
[2022-11-01 23:14:31,900] {logging_mixin.py:115} INFO - [2022-11-01 23:14:31,900] {dag.py:2927} INFO - Setting next_dagrun for example_complex to None, run_after=None
[2022-11-01 23:14:32,133] {processor.py:161} INFO - Processing /home/nayara/Documentos/airflowalura/venv/lib/python3.9/site-packages/airflow/example_dags/example_complex.py took 0.318 seconds
[2022-11-01 23:15:33,231] {processor.py:153} INFO - Started process (PID=22244) to work on /home/nayara/Documentos/airflowalura/venv/lib/python3.9/site-packages/airflow/example_dags/example_complex.py
[2022-11-01 23:15:33,255] {processor.py:641} INFO - Processing file /home/nayara/Documentos/airflowalura/venv/lib/python3.9/site-packages/airflow/example_dags/example_complex.py for tasks to queue
[2022-11-01 23:15:33,256] {logging_mixin.py:115} INFO - [2022-11-01 23:15:33,255] {dagbag.py:507} INFO - Filling up the DagBag from /home/nayara/Documentos/airflowalura/venv/lib/python3.9/site-packages/airflow/example_dags/example_complex.py
[2022-11-01 23:15:33,280] {processor.py:651} INFO - DAG(s) dict_keys(['example_complex']) retrieved from /home/nayara/Documentos/airflowalura/venv/lib/python3.9/site-packages/airflow/example_dags/example_complex.py
[2022-11-01 23:15:33,318] {logging_mixin.py:115} INFO - [2022-11-01 23:15:33,318] {dag.py:2379} INFO - Sync 1 DAGs
[2022-11-01 23:15:33,344] {logging_mixin.py:115} INFO - [2022-11-01 23:15:33,344] {dag.py:2927} INFO - Setting next_dagrun for example_complex to None, run_after=None
[2022-11-01 23:15:33,718] {processor.py:161} INFO - Processing /home/nayara/Documentos/airflowalura/venv/lib/python3.9/site-packages/airflow/example_dags/example_complex.py took 0.491 seconds
[2022-11-01 23:16:32,335] {processor.py:153} INFO - Started process (PID=22371) to work on /home/nayara/Documentos/airflowalura/venv/lib/python3.9/site-packages/airflow/example_dags/example_complex.py
[2022-11-01 23:16:32,383] {processor.py:641} INFO - Processing file /home/nayara/Documentos/airflowalura/venv/lib/python3.9/site-packages/airflow/example_dags/example_complex.py for tasks to queue
[2022-11-01 23:16:32,384] {logging_mixin.py:115} INFO - [2022-11-01 23:16:32,384] {dagbag.py:507} INFO - Filling up the DagBag from /home/nayara/Documentos/airflowalura/venv/lib/python3.9/site-packages/airflow/example_dags/example_complex.py
[2022-11-01 23:16:32,414] {processor.py:651} INFO - DAG(s) dict_keys(['example_complex']) retrieved from /home/nayara/Documentos/airflowalura/venv/lib/python3.9/site-packages/airflow/example_dags/example_complex.py
[2022-11-01 23:16:32,455] {logging_mixin.py:115} INFO - [2022-11-01 23:16:32,455] {dag.py:2379} INFO - Sync 1 DAGs
[2022-11-01 23:16:32,484] {logging_mixin.py:115} INFO - [2022-11-01 23:16:32,484] {dag.py:2927} INFO - Setting next_dagrun for example_complex to None, run_after=None
[2022-11-01 23:16:32,758] {processor.py:161} INFO - Processing /home/nayara/Documentos/airflowalura/venv/lib/python3.9/site-packages/airflow/example_dags/example_complex.py took 0.444 seconds
[2022-11-01 23:17:41,069] {processor.py:153} INFO - Started process (PID=22522) to work on /home/nayara/Documentos/airflowalura/venv/lib/python3.9/site-packages/airflow/example_dags/example_complex.py
[2022-11-01 23:17:41,190] {processor.py:641} INFO - Processing file /home/nayara/Documentos/airflowalura/venv/lib/python3.9/site-packages/airflow/example_dags/example_complex.py for tasks to queue
[2022-11-01 23:17:41,193] {logging_mixin.py:115} INFO - [2022-11-01 23:17:41,192] {dagbag.py:507} INFO - Filling up the DagBag from /home/nayara/Documentos/airflowalura/venv/lib/python3.9/site-packages/airflow/example_dags/example_complex.py
[2022-11-01 23:17:41,277] {processor.py:651} INFO - DAG(s) dict_keys(['example_complex']) retrieved from /home/nayara/Documentos/airflowalura/venv/lib/python3.9/site-packages/airflow/example_dags/example_complex.py
[2022-11-01 23:17:41,315] {logging_mixin.py:115} INFO - [2022-11-01 23:17:41,315] {dag.py:2379} INFO - Sync 1 DAGs
[2022-11-01 23:17:41,345] {logging_mixin.py:115} INFO - [2022-11-01 23:17:41,344] {dag.py:2927} INFO - Setting next_dagrun for example_complex to None, run_after=None
[2022-11-01 23:17:42,321] {processor.py:161} INFO - Processing /home/nayara/Documentos/airflowalura/venv/lib/python3.9/site-packages/airflow/example_dags/example_complex.py took 1.265 seconds
[2022-11-01 23:19:01,496] {processor.py:153} INFO - Started process (PID=22673) to work on /home/nayara/Documentos/airflowalura/venv/lib/python3.9/site-packages/airflow/example_dags/example_complex.py
[2022-11-01 23:19:01,512] {processor.py:641} INFO - Processing file /home/nayara/Documentos/airflowalura/venv/lib/python3.9/site-packages/airflow/example_dags/example_complex.py for tasks to queue
[2022-11-01 23:19:01,513] {logging_mixin.py:115} INFO - [2022-11-01 23:19:01,513] {dagbag.py:507} INFO - Filling up the DagBag from /home/nayara/Documentos/airflowalura/venv/lib/python3.9/site-packages/airflow/example_dags/example_complex.py
[2022-11-01 23:19:01,527] {processor.py:651} INFO - DAG(s) dict_keys(['example_complex']) retrieved from /home/nayara/Documentos/airflowalura/venv/lib/python3.9/site-packages/airflow/example_dags/example_complex.py
[2022-11-01 23:19:01,551] {logging_mixin.py:115} INFO - [2022-11-01 23:19:01,551] {dag.py:2379} INFO - Sync 1 DAGs
[2022-11-01 23:19:01,568] {logging_mixin.py:115} INFO - [2022-11-01 23:19:01,568] {dag.py:2927} INFO - Setting next_dagrun for example_complex to None, run_after=None
[2022-11-01 23:19:01,812] {processor.py:161} INFO - Processing /home/nayara/Documentos/airflowalura/venv/lib/python3.9/site-packages/airflow/example_dags/example_complex.py took 0.322 seconds
[2022-11-01 23:20:01,938] {processor.py:153} INFO - Started process (PID=22802) to work on /home/nayara/Documentos/airflowalura/venv/lib/python3.9/site-packages/airflow/example_dags/example_complex.py
[2022-11-01 23:20:01,948] {processor.py:641} INFO - Processing file /home/nayara/Documentos/airflowalura/venv/lib/python3.9/site-packages/airflow/example_dags/example_complex.py for tasks to queue
[2022-11-01 23:20:01,949] {logging_mixin.py:115} INFO - [2022-11-01 23:20:01,949] {dagbag.py:507} INFO - Filling up the DagBag from /home/nayara/Documentos/airflowalura/venv/lib/python3.9/site-packages/airflow/example_dags/example_complex.py
[2022-11-01 23:20:01,979] {processor.py:651} INFO - DAG(s) dict_keys(['example_complex']) retrieved from /home/nayara/Documentos/airflowalura/venv/lib/python3.9/site-packages/airflow/example_dags/example_complex.py
[2022-11-01 23:20:02,009] {logging_mixin.py:115} INFO - [2022-11-01 23:20:02,009] {dag.py:2379} INFO - Sync 1 DAGs
[2022-11-01 23:20:02,030] {logging_mixin.py:115} INFO - [2022-11-01 23:20:02,030] {dag.py:2927} INFO - Setting next_dagrun for example_complex to None, run_after=None
[2022-11-01 23:20:02,443] {processor.py:161} INFO - Processing /home/nayara/Documentos/airflowalura/venv/lib/python3.9/site-packages/airflow/example_dags/example_complex.py took 0.523 seconds
[2022-11-01 23:21:15,315] {processor.py:153} INFO - Started process (PID=23042) to work on /home/nayara/Documentos/airflowalura/venv/lib/python3.9/site-packages/airflow/example_dags/example_complex.py
[2022-11-01 23:21:15,487] {processor.py:641} INFO - Processing file /home/nayara/Documentos/airflowalura/venv/lib/python3.9/site-packages/airflow/example_dags/example_complex.py for tasks to queue
[2022-11-01 23:21:15,488] {logging_mixin.py:115} INFO - [2022-11-01 23:21:15,488] {dagbag.py:507} INFO - Filling up the DagBag from /home/nayara/Documentos/airflowalura/venv/lib/python3.9/site-packages/airflow/example_dags/example_complex.py
[2022-11-01 23:21:15,509] {processor.py:651} INFO - DAG(s) dict_keys(['example_complex']) retrieved from /home/nayara/Documentos/airflowalura/venv/lib/python3.9/site-packages/airflow/example_dags/example_complex.py
[2022-11-01 23:21:16,531] {logging_mixin.py:115} INFO - [2022-11-01 23:21:16,531] {dag.py:2379} INFO - Sync 1 DAGs
[2022-11-01 23:21:16,563] {logging_mixin.py:115} INFO - [2022-11-01 23:21:16,562] {dag.py:2927} INFO - Setting next_dagrun for example_complex to None, run_after=None
[2022-11-01 23:21:17,648] {processor.py:161} INFO - Processing /home/nayara/Documentos/airflowalura/venv/lib/python3.9/site-packages/airflow/example_dags/example_complex.py took 2.346 seconds
