[2022-11-01 22:40:57,974] {processor.py:153} INFO - Started process (PID=17820) to work on /home/nayara/Documentos/airflowalura/venv/lib/python3.9/site-packages/airflow/example_dags/example_branch_datetime_operator.py
[2022-11-01 22:40:57,975] {processor.py:641} INFO - Processing file /home/nayara/Documentos/airflowalura/venv/lib/python3.9/site-packages/airflow/example_dags/example_branch_datetime_operator.py for tasks to queue
[2022-11-01 22:40:57,976] {logging_mixin.py:115} INFO - [2022-11-01 22:40:57,976] {dagbag.py:507} INFO - Filling up the DagBag from /home/nayara/Documentos/airflowalura/venv/lib/python3.9/site-packages/airflow/example_dags/example_branch_datetime_operator.py
[2022-11-01 22:40:57,987] {processor.py:651} INFO - DAG(s) dict_keys(['example_branch_datetime_operator_2']) retrieved from /home/nayara/Documentos/airflowalura/venv/lib/python3.9/site-packages/airflow/example_dags/example_branch_datetime_operator.py
[2022-11-01 22:40:58,061] {logging_mixin.py:115} INFO - [2022-11-01 22:40:58,061] {dag.py:2379} INFO - Sync 1 DAGs
[2022-11-01 22:40:58,097] {logging_mixin.py:115} INFO - [2022-11-01 22:40:58,097] {dag.py:2927} INFO - Setting next_dagrun for example_branch_datetime_operator_2 to 2022-11-01T00:00:00+00:00, run_after=2022-11-02T00:00:00+00:00
[2022-11-01 22:40:58,928] {processor.py:161} INFO - Processing /home/nayara/Documentos/airflowalura/venv/lib/python3.9/site-packages/airflow/example_dags/example_branch_datetime_operator.py took 0.958 seconds
[2022-11-01 22:43:28,024] {processor.py:153} INFO - Started process (PID=18019) to work on /home/nayara/Documentos/airflowalura/venv/lib/python3.9/site-packages/airflow/example_dags/example_branch_datetime_operator.py
[2022-11-01 22:43:28,063] {processor.py:641} INFO - Processing file /home/nayara/Documentos/airflowalura/venv/lib/python3.9/site-packages/airflow/example_dags/example_branch_datetime_operator.py for tasks to queue
[2022-11-01 22:43:28,064] {logging_mixin.py:115} INFO - [2022-11-01 22:43:28,064] {dagbag.py:507} INFO - Filling up the DagBag from /home/nayara/Documentos/airflowalura/venv/lib/python3.9/site-packages/airflow/example_dags/example_branch_datetime_operator.py
[2022-11-01 22:43:28,080] {processor.py:651} INFO - DAG(s) dict_keys(['example_branch_datetime_operator_2']) retrieved from /home/nayara/Documentos/airflowalura/venv/lib/python3.9/site-packages/airflow/example_dags/example_branch_datetime_operator.py
[2022-11-01 22:43:28,138] {logging_mixin.py:115} INFO - [2022-11-01 22:43:28,138] {dag.py:2379} INFO - Sync 1 DAGs
[2022-11-01 22:43:28,180] {logging_mixin.py:115} INFO - [2022-11-01 22:43:28,179] {dag.py:2927} INFO - Setting next_dagrun for example_branch_datetime_operator_2 to 2022-11-01T00:00:00+00:00, run_after=2022-11-02T00:00:00+00:00
[2022-11-01 22:43:28,671] {processor.py:161} INFO - Processing /home/nayara/Documentos/airflowalura/venv/lib/python3.9/site-packages/airflow/example_dags/example_branch_datetime_operator.py took 0.652 seconds
[2022-11-01 22:44:56,007] {processor.py:153} INFO - Started process (PID=18171) to work on /home/nayara/Documentos/airflowalura/venv/lib/python3.9/site-packages/airflow/example_dags/example_branch_datetime_operator.py
[2022-11-01 22:44:56,033] {processor.py:641} INFO - Processing file /home/nayara/Documentos/airflowalura/venv/lib/python3.9/site-packages/airflow/example_dags/example_branch_datetime_operator.py for tasks to queue
[2022-11-01 22:44:56,034] {logging_mixin.py:115} INFO - [2022-11-01 22:44:56,034] {dagbag.py:507} INFO - Filling up the DagBag from /home/nayara/Documentos/airflowalura/venv/lib/python3.9/site-packages/airflow/example_dags/example_branch_datetime_operator.py
[2022-11-01 22:44:56,049] {processor.py:651} INFO - DAG(s) dict_keys(['example_branch_datetime_operator_2']) retrieved from /home/nayara/Documentos/airflowalura/venv/lib/python3.9/site-packages/airflow/example_dags/example_branch_datetime_operator.py
[2022-11-01 22:44:56,092] {logging_mixin.py:115} INFO - [2022-11-01 22:44:56,092] {dag.py:2379} INFO - Sync 1 DAGs
[2022-11-01 22:44:56,136] {logging_mixin.py:115} INFO - [2022-11-01 22:44:56,135] {dag.py:2927} INFO - Setting next_dagrun for example_branch_datetime_operator_2 to 2022-11-01T00:00:00+00:00, run_after=2022-11-02T00:00:00+00:00
[2022-11-01 22:44:56,461] {processor.py:161} INFO - Processing /home/nayara/Documentos/airflowalura/venv/lib/python3.9/site-packages/airflow/example_dags/example_branch_datetime_operator.py took 0.457 seconds
[2022-11-01 22:45:57,990] {processor.py:153} INFO - Started process (PID=18272) to work on /home/nayara/Documentos/airflowalura/venv/lib/python3.9/site-packages/airflow/example_dags/example_branch_datetime_operator.py
[2022-11-01 22:45:57,995] {processor.py:641} INFO - Processing file /home/nayara/Documentos/airflowalura/venv/lib/python3.9/site-packages/airflow/example_dags/example_branch_datetime_operator.py for tasks to queue
[2022-11-01 22:45:58,004] {logging_mixin.py:115} INFO - [2022-11-01 22:45:58,003] {dagbag.py:507} INFO - Filling up the DagBag from /home/nayara/Documentos/airflowalura/venv/lib/python3.9/site-packages/airflow/example_dags/example_branch_datetime_operator.py
[2022-11-01 22:45:58,037] {processor.py:651} INFO - DAG(s) dict_keys(['example_branch_datetime_operator_2']) retrieved from /home/nayara/Documentos/airflowalura/venv/lib/python3.9/site-packages/airflow/example_dags/example_branch_datetime_operator.py
[2022-11-01 22:45:58,078] {logging_mixin.py:115} INFO - [2022-11-01 22:45:58,078] {dag.py:2379} INFO - Sync 1 DAGs
[2022-11-01 22:45:58,123] {logging_mixin.py:115} INFO - [2022-11-01 22:45:58,122] {dag.py:2927} INFO - Setting next_dagrun for example_branch_datetime_operator_2 to 2022-11-01T00:00:00+00:00, run_after=2022-11-02T00:00:00+00:00
[2022-11-01 22:45:58,300] {processor.py:161} INFO - Processing /home/nayara/Documentos/airflowalura/venv/lib/python3.9/site-packages/airflow/example_dags/example_branch_datetime_operator.py took 0.323 seconds
[2022-11-01 22:47:00,603] {processor.py:153} INFO - Started process (PID=18430) to work on /home/nayara/Documentos/airflowalura/venv/lib/python3.9/site-packages/airflow/example_dags/example_branch_datetime_operator.py
[2022-11-01 22:47:00,740] {processor.py:641} INFO - Processing file /home/nayara/Documentos/airflowalura/venv/lib/python3.9/site-packages/airflow/example_dags/example_branch_datetime_operator.py for tasks to queue
[2022-11-01 22:47:00,742] {logging_mixin.py:115} INFO - [2022-11-01 22:47:00,742] {dagbag.py:507} INFO - Filling up the DagBag from /home/nayara/Documentos/airflowalura/venv/lib/python3.9/site-packages/airflow/example_dags/example_branch_datetime_operator.py
[2022-11-01 22:47:00,768] {processor.py:651} INFO - DAG(s) dict_keys(['example_branch_datetime_operator_2']) retrieved from /home/nayara/Documentos/airflowalura/venv/lib/python3.9/site-packages/airflow/example_dags/example_branch_datetime_operator.py
[2022-11-01 22:47:00,912] {logging_mixin.py:115} INFO - [2022-11-01 22:47:00,912] {dag.py:2379} INFO - Sync 1 DAGs
[2022-11-01 22:47:00,956] {logging_mixin.py:115} INFO - [2022-11-01 22:47:00,956] {dag.py:2927} INFO - Setting next_dagrun for example_branch_datetime_operator_2 to 2022-11-01T00:00:00+00:00, run_after=2022-11-02T00:00:00+00:00
[2022-11-01 22:47:01,530] {processor.py:161} INFO - Processing /home/nayara/Documentos/airflowalura/venv/lib/python3.9/site-packages/airflow/example_dags/example_branch_datetime_operator.py took 0.937 seconds
[2022-11-01 22:48:03,353] {processor.py:153} INFO - Started process (PID=18552) to work on /home/nayara/Documentos/airflowalura/venv/lib/python3.9/site-packages/airflow/example_dags/example_branch_datetime_operator.py
[2022-11-01 22:48:03,356] {processor.py:641} INFO - Processing file /home/nayara/Documentos/airflowalura/venv/lib/python3.9/site-packages/airflow/example_dags/example_branch_datetime_operator.py for tasks to queue
[2022-11-01 22:48:03,357] {logging_mixin.py:115} INFO - [2022-11-01 22:48:03,357] {dagbag.py:507} INFO - Filling up the DagBag from /home/nayara/Documentos/airflowalura/venv/lib/python3.9/site-packages/airflow/example_dags/example_branch_datetime_operator.py
[2022-11-01 22:48:03,376] {processor.py:651} INFO - DAG(s) dict_keys(['example_branch_datetime_operator_2']) retrieved from /home/nayara/Documentos/airflowalura/venv/lib/python3.9/site-packages/airflow/example_dags/example_branch_datetime_operator.py
[2022-11-01 22:48:03,423] {logging_mixin.py:115} INFO - [2022-11-01 22:48:03,423] {dag.py:2379} INFO - Sync 1 DAGs
[2022-11-01 22:48:03,463] {logging_mixin.py:115} INFO - [2022-11-01 22:48:03,463] {dag.py:2927} INFO - Setting next_dagrun for example_branch_datetime_operator_2 to 2022-11-01T00:00:00+00:00, run_after=2022-11-02T00:00:00+00:00
[2022-11-01 22:48:03,637] {processor.py:161} INFO - Processing /home/nayara/Documentos/airflowalura/venv/lib/python3.9/site-packages/airflow/example_dags/example_branch_datetime_operator.py took 0.293 seconds
[2022-11-01 22:49:00,144] {processor.py:153} INFO - Started process (PID=18654) to work on /home/nayara/Documentos/airflowalura/venv/lib/python3.9/site-packages/airflow/example_dags/example_branch_datetime_operator.py
[2022-11-01 22:49:00,225] {processor.py:641} INFO - Processing file /home/nayara/Documentos/airflowalura/venv/lib/python3.9/site-packages/airflow/example_dags/example_branch_datetime_operator.py for tasks to queue
[2022-11-01 22:49:00,226] {logging_mixin.py:115} INFO - [2022-11-01 22:49:00,226] {dagbag.py:507} INFO - Filling up the DagBag from /home/nayara/Documentos/airflowalura/venv/lib/python3.9/site-packages/airflow/example_dags/example_branch_datetime_operator.py
[2022-11-01 22:49:00,255] {processor.py:651} INFO - DAG(s) dict_keys(['example_branch_datetime_operator_2']) retrieved from /home/nayara/Documentos/airflowalura/venv/lib/python3.9/site-packages/airflow/example_dags/example_branch_datetime_operator.py
[2022-11-01 22:49:00,314] {logging_mixin.py:115} INFO - [2022-11-01 22:49:00,314] {dag.py:2379} INFO - Sync 1 DAGs
[2022-11-01 22:49:00,357] {logging_mixin.py:115} INFO - [2022-11-01 22:49:00,356] {dag.py:2927} INFO - Setting next_dagrun for example_branch_datetime_operator_2 to 2022-11-01T00:00:00+00:00, run_after=2022-11-02T00:00:00+00:00
[2022-11-01 22:49:00,559] {processor.py:161} INFO - Processing /home/nayara/Documentos/airflowalura/venv/lib/python3.9/site-packages/airflow/example_dags/example_branch_datetime_operator.py took 0.420 seconds
[2022-11-01 22:49:56,417] {processor.py:153} INFO - Started process (PID=18767) to work on /home/nayara/Documentos/airflowalura/venv/lib/python3.9/site-packages/airflow/example_dags/example_branch_datetime_operator.py
[2022-11-01 22:49:56,418] {processor.py:641} INFO - Processing file /home/nayara/Documentos/airflowalura/venv/lib/python3.9/site-packages/airflow/example_dags/example_branch_datetime_operator.py for tasks to queue
[2022-11-01 22:49:56,419] {logging_mixin.py:115} INFO - [2022-11-01 22:49:56,418] {dagbag.py:507} INFO - Filling up the DagBag from /home/nayara/Documentos/airflowalura/venv/lib/python3.9/site-packages/airflow/example_dags/example_branch_datetime_operator.py
[2022-11-01 22:49:56,434] {processor.py:651} INFO - DAG(s) dict_keys(['example_branch_datetime_operator_2']) retrieved from /home/nayara/Documentos/airflowalura/venv/lib/python3.9/site-packages/airflow/example_dags/example_branch_datetime_operator.py
[2022-11-01 22:49:56,475] {logging_mixin.py:115} INFO - [2022-11-01 22:49:56,475] {dag.py:2379} INFO - Sync 1 DAGs
[2022-11-01 22:49:56,517] {logging_mixin.py:115} INFO - [2022-11-01 22:49:56,517] {dag.py:2927} INFO - Setting next_dagrun for example_branch_datetime_operator_2 to 2022-11-01T00:00:00+00:00, run_after=2022-11-02T00:00:00+00:00
[2022-11-01 22:49:56,743] {processor.py:161} INFO - Processing /home/nayara/Documentos/airflowalura/venv/lib/python3.9/site-packages/airflow/example_dags/example_branch_datetime_operator.py took 0.335 seconds
[2022-11-01 22:51:15,146] {processor.py:153} INFO - Started process (PID=18916) to work on /home/nayara/Documentos/airflowalura/venv/lib/python3.9/site-packages/airflow/example_dags/example_branch_datetime_operator.py
[2022-11-01 22:51:15,205] {processor.py:641} INFO - Processing file /home/nayara/Documentos/airflowalura/venv/lib/python3.9/site-packages/airflow/example_dags/example_branch_datetime_operator.py for tasks to queue
[2022-11-01 22:51:15,206] {logging_mixin.py:115} INFO - [2022-11-01 22:51:15,206] {dagbag.py:507} INFO - Filling up the DagBag from /home/nayara/Documentos/airflowalura/venv/lib/python3.9/site-packages/airflow/example_dags/example_branch_datetime_operator.py
[2022-11-01 22:51:15,220] {processor.py:651} INFO - DAG(s) dict_keys(['example_branch_datetime_operator_2']) retrieved from /home/nayara/Documentos/airflowalura/venv/lib/python3.9/site-packages/airflow/example_dags/example_branch_datetime_operator.py
[2022-11-01 22:51:15,249] {logging_mixin.py:115} INFO - [2022-11-01 22:51:15,249] {dag.py:2379} INFO - Sync 1 DAGs
[2022-11-01 22:51:15,278] {logging_mixin.py:115} INFO - [2022-11-01 22:51:15,278] {dag.py:2927} INFO - Setting next_dagrun for example_branch_datetime_operator_2 to 2022-11-01T00:00:00+00:00, run_after=2022-11-02T00:00:00+00:00
[2022-11-01 22:51:16,315] {processor.py:161} INFO - Processing /home/nayara/Documentos/airflowalura/venv/lib/python3.9/site-packages/airflow/example_dags/example_branch_datetime_operator.py took 1.173 seconds
[2022-11-01 22:52:50,938] {processor.py:153} INFO - Started process (PID=19120) to work on /home/nayara/Documentos/airflowalura/venv/lib/python3.9/site-packages/airflow/example_dags/example_branch_datetime_operator.py
[2022-11-01 22:52:50,950] {processor.py:641} INFO - Processing file /home/nayara/Documentos/airflowalura/venv/lib/python3.9/site-packages/airflow/example_dags/example_branch_datetime_operator.py for tasks to queue
[2022-11-01 22:52:50,951] {logging_mixin.py:115} INFO - [2022-11-01 22:52:50,951] {dagbag.py:507} INFO - Filling up the DagBag from /home/nayara/Documentos/airflowalura/venv/lib/python3.9/site-packages/airflow/example_dags/example_branch_datetime_operator.py
[2022-11-01 22:52:50,971] {processor.py:651} INFO - DAG(s) dict_keys(['example_branch_datetime_operator_2']) retrieved from /home/nayara/Documentos/airflowalura/venv/lib/python3.9/site-packages/airflow/example_dags/example_branch_datetime_operator.py
[2022-11-01 22:52:51,007] {logging_mixin.py:115} INFO - [2022-11-01 22:52:51,007] {dag.py:2379} INFO - Sync 1 DAGs
[2022-11-01 22:52:51,046] {logging_mixin.py:115} INFO - [2022-11-01 22:52:51,046] {dag.py:2927} INFO - Setting next_dagrun for example_branch_datetime_operator_2 to 2022-11-01T00:00:00+00:00, run_after=2022-11-02T00:00:00+00:00
[2022-11-01 22:52:51,271] {processor.py:161} INFO - Processing /home/nayara/Documentos/airflowalura/venv/lib/python3.9/site-packages/airflow/example_dags/example_branch_datetime_operator.py took 0.340 seconds
[2022-11-01 22:53:51,975] {processor.py:153} INFO - Started process (PID=19242) to work on /home/nayara/Documentos/airflowalura/venv/lib/python3.9/site-packages/airflow/example_dags/example_branch_datetime_operator.py
[2022-11-01 22:53:51,998] {processor.py:641} INFO - Processing file /home/nayara/Documentos/airflowalura/venv/lib/python3.9/site-packages/airflow/example_dags/example_branch_datetime_operator.py for tasks to queue
[2022-11-01 22:53:51,999] {logging_mixin.py:115} INFO - [2022-11-01 22:53:51,999] {dagbag.py:507} INFO - Filling up the DagBag from /home/nayara/Documentos/airflowalura/venv/lib/python3.9/site-packages/airflow/example_dags/example_branch_datetime_operator.py
[2022-11-01 22:53:52,011] {processor.py:651} INFO - DAG(s) dict_keys(['example_branch_datetime_operator_2']) retrieved from /home/nayara/Documentos/airflowalura/venv/lib/python3.9/site-packages/airflow/example_dags/example_branch_datetime_operator.py
[2022-11-01 22:53:52,038] {logging_mixin.py:115} INFO - [2022-11-01 22:53:52,038] {dag.py:2379} INFO - Sync 1 DAGs
[2022-11-01 22:53:52,060] {logging_mixin.py:115} INFO - [2022-11-01 22:53:52,060] {dag.py:2927} INFO - Setting next_dagrun for example_branch_datetime_operator_2 to 2022-11-01T00:00:00+00:00, run_after=2022-11-02T00:00:00+00:00
[2022-11-01 22:53:52,283] {processor.py:161} INFO - Processing /home/nayara/Documentos/airflowalura/venv/lib/python3.9/site-packages/airflow/example_dags/example_branch_datetime_operator.py took 0.314 seconds
[2022-11-01 22:54:58,782] {processor.py:153} INFO - Started process (PID=19382) to work on /home/nayara/Documentos/airflowalura/venv/lib/python3.9/site-packages/airflow/example_dags/example_branch_datetime_operator.py
[2022-11-01 22:54:58,886] {processor.py:641} INFO - Processing file /home/nayara/Documentos/airflowalura/venv/lib/python3.9/site-packages/airflow/example_dags/example_branch_datetime_operator.py for tasks to queue
[2022-11-01 22:54:58,887] {logging_mixin.py:115} INFO - [2022-11-01 22:54:58,887] {dagbag.py:507} INFO - Filling up the DagBag from /home/nayara/Documentos/airflowalura/venv/lib/python3.9/site-packages/airflow/example_dags/example_branch_datetime_operator.py
[2022-11-01 22:54:58,911] {processor.py:651} INFO - DAG(s) dict_keys(['example_branch_datetime_operator_2']) retrieved from /home/nayara/Documentos/airflowalura/venv/lib/python3.9/site-packages/airflow/example_dags/example_branch_datetime_operator.py
[2022-11-01 22:54:58,940] {logging_mixin.py:115} INFO - [2022-11-01 22:54:58,940] {dag.py:2379} INFO - Sync 1 DAGs
[2022-11-01 22:54:58,961] {logging_mixin.py:115} INFO - [2022-11-01 22:54:58,961] {dag.py:2927} INFO - Setting next_dagrun for example_branch_datetime_operator_2 to 2022-11-01T00:00:00+00:00, run_after=2022-11-02T00:00:00+00:00
[2022-11-01 22:54:59,993] {processor.py:161} INFO - Processing /home/nayara/Documentos/airflowalura/venv/lib/python3.9/site-packages/airflow/example_dags/example_branch_datetime_operator.py took 1.225 seconds
[2022-11-01 22:56:10,474] {processor.py:153} INFO - Started process (PID=19553) to work on /home/nayara/Documentos/airflowalura/venv/lib/python3.9/site-packages/airflow/example_dags/example_branch_datetime_operator.py
[2022-11-01 22:56:10,489] {processor.py:641} INFO - Processing file /home/nayara/Documentos/airflowalura/venv/lib/python3.9/site-packages/airflow/example_dags/example_branch_datetime_operator.py for tasks to queue
[2022-11-01 22:56:10,490] {logging_mixin.py:115} INFO - [2022-11-01 22:56:10,490] {dagbag.py:507} INFO - Filling up the DagBag from /home/nayara/Documentos/airflowalura/venv/lib/python3.9/site-packages/airflow/example_dags/example_branch_datetime_operator.py
[2022-11-01 22:56:10,499] {processor.py:651} INFO - DAG(s) dict_keys(['example_branch_datetime_operator_2']) retrieved from /home/nayara/Documentos/airflowalura/venv/lib/python3.9/site-packages/airflow/example_dags/example_branch_datetime_operator.py
[2022-11-01 22:56:10,518] {logging_mixin.py:115} INFO - [2022-11-01 22:56:10,517] {dag.py:2379} INFO - Sync 1 DAGs
[2022-11-01 22:56:10,537] {logging_mixin.py:115} INFO - [2022-11-01 22:56:10,536] {dag.py:2927} INFO - Setting next_dagrun for example_branch_datetime_operator_2 to 2022-11-01T00:00:00+00:00, run_after=2022-11-02T00:00:00+00:00
[2022-11-01 22:56:10,775] {processor.py:161} INFO - Processing /home/nayara/Documentos/airflowalura/venv/lib/python3.9/site-packages/airflow/example_dags/example_branch_datetime_operator.py took 0.307 seconds
[2022-11-01 22:57:33,917] {processor.py:153} INFO - Started process (PID=19772) to work on /home/nayara/Documentos/airflowalura/venv/lib/python3.9/site-packages/airflow/example_dags/example_branch_datetime_operator.py
[2022-11-01 22:57:33,931] {processor.py:641} INFO - Processing file /home/nayara/Documentos/airflowalura/venv/lib/python3.9/site-packages/airflow/example_dags/example_branch_datetime_operator.py for tasks to queue
[2022-11-01 22:57:33,932] {logging_mixin.py:115} INFO - [2022-11-01 22:57:33,932] {dagbag.py:507} INFO - Filling up the DagBag from /home/nayara/Documentos/airflowalura/venv/lib/python3.9/site-packages/airflow/example_dags/example_branch_datetime_operator.py
[2022-11-01 22:57:33,946] {processor.py:651} INFO - DAG(s) dict_keys(['example_branch_datetime_operator_2']) retrieved from /home/nayara/Documentos/airflowalura/venv/lib/python3.9/site-packages/airflow/example_dags/example_branch_datetime_operator.py
[2022-11-01 22:57:33,966] {logging_mixin.py:115} INFO - [2022-11-01 22:57:33,966] {dag.py:2379} INFO - Sync 1 DAGs
[2022-11-01 22:57:33,985] {logging_mixin.py:115} INFO - [2022-11-01 22:57:33,985] {dag.py:2927} INFO - Setting next_dagrun for example_branch_datetime_operator_2 to 2022-11-01T00:00:00+00:00, run_after=2022-11-02T00:00:00+00:00
[2022-11-01 22:57:34,225] {processor.py:161} INFO - Processing /home/nayara/Documentos/airflowalura/venv/lib/python3.9/site-packages/airflow/example_dags/example_branch_datetime_operator.py took 0.313 seconds
[2022-11-01 22:58:32,060] {processor.py:153} INFO - Started process (PID=19896) to work on /home/nayara/Documentos/airflowalura/venv/lib/python3.9/site-packages/airflow/example_dags/example_branch_datetime_operator.py
[2022-11-01 22:58:32,090] {processor.py:641} INFO - Processing file /home/nayara/Documentos/airflowalura/venv/lib/python3.9/site-packages/airflow/example_dags/example_branch_datetime_operator.py for tasks to queue
[2022-11-01 22:58:32,091] {logging_mixin.py:115} INFO - [2022-11-01 22:58:32,091] {dagbag.py:507} INFO - Filling up the DagBag from /home/nayara/Documentos/airflowalura/venv/lib/python3.9/site-packages/airflow/example_dags/example_branch_datetime_operator.py
[2022-11-01 22:58:32,099] {processor.py:651} INFO - DAG(s) dict_keys(['example_branch_datetime_operator_2']) retrieved from /home/nayara/Documentos/airflowalura/venv/lib/python3.9/site-packages/airflow/example_dags/example_branch_datetime_operator.py
[2022-11-01 22:58:32,564] {logging_mixin.py:115} INFO - [2022-11-01 22:58:32,564] {dag.py:2379} INFO - Sync 1 DAGs
[2022-11-01 22:58:32,586] {logging_mixin.py:115} INFO - [2022-11-01 22:58:32,586] {dag.py:2927} INFO - Setting next_dagrun for example_branch_datetime_operator_2 to 2022-11-01T00:00:00+00:00, run_after=2022-11-02T00:00:00+00:00
[2022-11-01 22:58:32,995] {processor.py:161} INFO - Processing /home/nayara/Documentos/airflowalura/venv/lib/python3.9/site-packages/airflow/example_dags/example_branch_datetime_operator.py took 0.943 seconds
[2022-11-01 22:59:23,154] {processor.py:153} INFO - Started process (PID=20008) to work on /home/nayara/Documentos/airflowalura/venv/lib/python3.9/site-packages/airflow/example_dags/example_branch_datetime_operator.py
[2022-11-01 22:59:23,156] {processor.py:641} INFO - Processing file /home/nayara/Documentos/airflowalura/venv/lib/python3.9/site-packages/airflow/example_dags/example_branch_datetime_operator.py for tasks to queue
[2022-11-01 22:59:23,157] {logging_mixin.py:115} INFO - [2022-11-01 22:59:23,157] {dagbag.py:507} INFO - Filling up the DagBag from /home/nayara/Documentos/airflowalura/venv/lib/python3.9/site-packages/airflow/example_dags/example_branch_datetime_operator.py
[2022-11-01 22:59:23,171] {processor.py:651} INFO - DAG(s) dict_keys(['example_branch_datetime_operator_2']) retrieved from /home/nayara/Documentos/airflowalura/venv/lib/python3.9/site-packages/airflow/example_dags/example_branch_datetime_operator.py
[2022-11-01 22:59:23,196] {logging_mixin.py:115} INFO - [2022-11-01 22:59:23,195] {dag.py:2379} INFO - Sync 1 DAGs
[2022-11-01 22:59:23,215] {logging_mixin.py:115} INFO - [2022-11-01 22:59:23,215] {dag.py:2927} INFO - Setting next_dagrun for example_branch_datetime_operator_2 to 2022-11-01T00:00:00+00:00, run_after=2022-11-02T00:00:00+00:00
[2022-11-01 22:59:23,437] {processor.py:161} INFO - Processing /home/nayara/Documentos/airflowalura/venv/lib/python3.9/site-packages/airflow/example_dags/example_branch_datetime_operator.py took 0.295 seconds
[2022-11-01 23:00:22,427] {processor.py:153} INFO - Started process (PID=20123) to work on /home/nayara/Documentos/airflowalura/venv/lib/python3.9/site-packages/airflow/example_dags/example_branch_datetime_operator.py
[2022-11-01 23:00:22,454] {processor.py:641} INFO - Processing file /home/nayara/Documentos/airflowalura/venv/lib/python3.9/site-packages/airflow/example_dags/example_branch_datetime_operator.py for tasks to queue
[2022-11-01 23:00:22,455] {logging_mixin.py:115} INFO - [2022-11-01 23:00:22,454] {dagbag.py:507} INFO - Filling up the DagBag from /home/nayara/Documentos/airflowalura/venv/lib/python3.9/site-packages/airflow/example_dags/example_branch_datetime_operator.py
[2022-11-01 23:00:22,463] {processor.py:651} INFO - DAG(s) dict_keys(['example_branch_datetime_operator_2']) retrieved from /home/nayara/Documentos/airflowalura/venv/lib/python3.9/site-packages/airflow/example_dags/example_branch_datetime_operator.py
[2022-11-01 23:00:22,482] {logging_mixin.py:115} INFO - [2022-11-01 23:00:22,482] {dag.py:2379} INFO - Sync 1 DAGs
[2022-11-01 23:00:22,501] {logging_mixin.py:115} INFO - [2022-11-01 23:00:22,501] {dag.py:2927} INFO - Setting next_dagrun for example_branch_datetime_operator_2 to 2022-11-01T00:00:00+00:00, run_after=2022-11-02T00:00:00+00:00
[2022-11-01 23:00:22,869] {processor.py:161} INFO - Processing /home/nayara/Documentos/airflowalura/venv/lib/python3.9/site-packages/airflow/example_dags/example_branch_datetime_operator.py took 0.448 seconds
[2022-11-01 23:01:15,647] {processor.py:153} INFO - Started process (PID=20218) to work on /home/nayara/Documentos/airflowalura/venv/lib/python3.9/site-packages/airflow/example_dags/example_branch_datetime_operator.py
[2022-11-01 23:01:15,649] {processor.py:641} INFO - Processing file /home/nayara/Documentos/airflowalura/venv/lib/python3.9/site-packages/airflow/example_dags/example_branch_datetime_operator.py for tasks to queue
[2022-11-01 23:01:15,651] {logging_mixin.py:115} INFO - [2022-11-01 23:01:15,650] {dagbag.py:507} INFO - Filling up the DagBag from /home/nayara/Documentos/airflowalura/venv/lib/python3.9/site-packages/airflow/example_dags/example_branch_datetime_operator.py
[2022-11-01 23:01:15,664] {processor.py:651} INFO - DAG(s) dict_keys(['example_branch_datetime_operator_2']) retrieved from /home/nayara/Documentos/airflowalura/venv/lib/python3.9/site-packages/airflow/example_dags/example_branch_datetime_operator.py
[2022-11-01 23:01:15,686] {logging_mixin.py:115} INFO - [2022-11-01 23:01:15,686] {dag.py:2379} INFO - Sync 1 DAGs
[2022-11-01 23:01:15,706] {logging_mixin.py:115} INFO - [2022-11-01 23:01:15,706] {dag.py:2927} INFO - Setting next_dagrun for example_branch_datetime_operator_2 to 2022-11-01T00:00:00+00:00, run_after=2022-11-02T00:00:00+00:00
[2022-11-01 23:01:16,100] {processor.py:161} INFO - Processing /home/nayara/Documentos/airflowalura/venv/lib/python3.9/site-packages/airflow/example_dags/example_branch_datetime_operator.py took 0.466 seconds
[2022-11-01 23:02:53,709] {processor.py:153} INFO - Started process (PID=20453) to work on /home/nayara/Documentos/airflowalura/venv/lib/python3.9/site-packages/airflow/example_dags/example_branch_datetime_operator.py
[2022-11-01 23:02:53,821] {processor.py:641} INFO - Processing file /home/nayara/Documentos/airflowalura/venv/lib/python3.9/site-packages/airflow/example_dags/example_branch_datetime_operator.py for tasks to queue
[2022-11-01 23:02:53,825] {logging_mixin.py:115} INFO - [2022-11-01 23:02:53,824] {dagbag.py:507} INFO - Filling up the DagBag from /home/nayara/Documentos/airflowalura/venv/lib/python3.9/site-packages/airflow/example_dags/example_branch_datetime_operator.py
[2022-11-01 23:02:53,878] {processor.py:651} INFO - DAG(s) dict_keys(['example_branch_datetime_operator_2']) retrieved from /home/nayara/Documentos/airflowalura/venv/lib/python3.9/site-packages/airflow/example_dags/example_branch_datetime_operator.py
[2022-11-01 23:02:53,932] {logging_mixin.py:115} INFO - [2022-11-01 23:02:53,932] {dag.py:2379} INFO - Sync 1 DAGs
[2022-11-01 23:02:53,957] {logging_mixin.py:115} INFO - [2022-11-01 23:02:53,957] {dag.py:2927} INFO - Setting next_dagrun for example_branch_datetime_operator_2 to 2022-11-01T00:00:00+00:00, run_after=2022-11-02T00:00:00+00:00
[2022-11-01 23:02:55,113] {processor.py:161} INFO - Processing /home/nayara/Documentos/airflowalura/venv/lib/python3.9/site-packages/airflow/example_dags/example_branch_datetime_operator.py took 1.410 seconds
[2022-11-01 23:04:30,849] {processor.py:153} INFO - Started process (PID=20655) to work on /home/nayara/Documentos/airflowalura/venv/lib/python3.9/site-packages/airflow/example_dags/example_branch_datetime_operator.py
[2022-11-01 23:04:30,864] {processor.py:641} INFO - Processing file /home/nayara/Documentos/airflowalura/venv/lib/python3.9/site-packages/airflow/example_dags/example_branch_datetime_operator.py for tasks to queue
[2022-11-01 23:04:30,865] {logging_mixin.py:115} INFO - [2022-11-01 23:04:30,865] {dagbag.py:507} INFO - Filling up the DagBag from /home/nayara/Documentos/airflowalura/venv/lib/python3.9/site-packages/airflow/example_dags/example_branch_datetime_operator.py
[2022-11-01 23:04:30,881] {processor.py:651} INFO - DAG(s) dict_keys(['example_branch_datetime_operator_2']) retrieved from /home/nayara/Documentos/airflowalura/venv/lib/python3.9/site-packages/airflow/example_dags/example_branch_datetime_operator.py
[2022-11-01 23:04:30,917] {logging_mixin.py:115} INFO - [2022-11-01 23:04:30,916] {dag.py:2379} INFO - Sync 1 DAGs
[2022-11-01 23:04:31,198] {logging_mixin.py:115} INFO - [2022-11-01 23:04:31,198] {dag.py:2927} INFO - Setting next_dagrun for example_branch_datetime_operator_2 to 2022-11-01T00:00:00+00:00, run_after=2022-11-02T00:00:00+00:00
[2022-11-01 23:04:31,608] {processor.py:161} INFO - Processing /home/nayara/Documentos/airflowalura/venv/lib/python3.9/site-packages/airflow/example_dags/example_branch_datetime_operator.py took 0.766 seconds
[2022-11-01 23:05:26,841] {processor.py:153} INFO - Started process (PID=20767) to work on /home/nayara/Documentos/airflowalura/venv/lib/python3.9/site-packages/airflow/example_dags/example_branch_datetime_operator.py
[2022-11-01 23:05:26,858] {processor.py:641} INFO - Processing file /home/nayara/Documentos/airflowalura/venv/lib/python3.9/site-packages/airflow/example_dags/example_branch_datetime_operator.py for tasks to queue
[2022-11-01 23:05:26,860] {logging_mixin.py:115} INFO - [2022-11-01 23:05:26,860] {dagbag.py:507} INFO - Filling up the DagBag from /home/nayara/Documentos/airflowalura/venv/lib/python3.9/site-packages/airflow/example_dags/example_branch_datetime_operator.py
[2022-11-01 23:05:26,873] {processor.py:651} INFO - DAG(s) dict_keys(['example_branch_datetime_operator_2']) retrieved from /home/nayara/Documentos/airflowalura/venv/lib/python3.9/site-packages/airflow/example_dags/example_branch_datetime_operator.py
[2022-11-01 23:05:26,895] {logging_mixin.py:115} INFO - [2022-11-01 23:05:26,894] {dag.py:2379} INFO - Sync 1 DAGs
[2022-11-01 23:05:26,920] {logging_mixin.py:115} INFO - [2022-11-01 23:05:26,920] {dag.py:2927} INFO - Setting next_dagrun for example_branch_datetime_operator_2 to 2022-11-01T00:00:00+00:00, run_after=2022-11-02T00:00:00+00:00
[2022-11-01 23:05:27,156] {processor.py:161} INFO - Processing /home/nayara/Documentos/airflowalura/venv/lib/python3.9/site-packages/airflow/example_dags/example_branch_datetime_operator.py took 0.330 seconds
[2022-11-01 23:06:19,642] {processor.py:153} INFO - Started process (PID=20873) to work on /home/nayara/Documentos/airflowalura/venv/lib/python3.9/site-packages/airflow/example_dags/example_branch_datetime_operator.py
[2022-11-01 23:06:19,734] {processor.py:641} INFO - Processing file /home/nayara/Documentos/airflowalura/venv/lib/python3.9/site-packages/airflow/example_dags/example_branch_datetime_operator.py for tasks to queue
[2022-11-01 23:06:19,737] {logging_mixin.py:115} INFO - [2022-11-01 23:06:19,737] {dagbag.py:507} INFO - Filling up the DagBag from /home/nayara/Documentos/airflowalura/venv/lib/python3.9/site-packages/airflow/example_dags/example_branch_datetime_operator.py
[2022-11-01 23:06:19,761] {processor.py:651} INFO - DAG(s) dict_keys(['example_branch_datetime_operator_2']) retrieved from /home/nayara/Documentos/airflowalura/venv/lib/python3.9/site-packages/airflow/example_dags/example_branch_datetime_operator.py
[2022-11-01 23:06:19,784] {logging_mixin.py:115} INFO - [2022-11-01 23:06:19,783] {dag.py:2379} INFO - Sync 1 DAGs
[2022-11-01 23:06:19,806] {logging_mixin.py:115} INFO - [2022-11-01 23:06:19,806] {dag.py:2927} INFO - Setting next_dagrun for example_branch_datetime_operator_2 to 2022-11-01T00:00:00+00:00, run_after=2022-11-02T00:00:00+00:00
[2022-11-01 23:06:20,200] {processor.py:161} INFO - Processing /home/nayara/Documentos/airflowalura/venv/lib/python3.9/site-packages/airflow/example_dags/example_branch_datetime_operator.py took 0.563 seconds
[2022-11-01 23:07:18,102] {processor.py:153} INFO - Started process (PID=21047) to work on /home/nayara/Documentos/airflowalura/venv/lib/python3.9/site-packages/airflow/example_dags/example_branch_datetime_operator.py
[2022-11-01 23:07:18,106] {processor.py:641} INFO - Processing file /home/nayara/Documentos/airflowalura/venv/lib/python3.9/site-packages/airflow/example_dags/example_branch_datetime_operator.py for tasks to queue
[2022-11-01 23:07:18,109] {logging_mixin.py:115} INFO - [2022-11-01 23:07:18,109] {dagbag.py:507} INFO - Filling up the DagBag from /home/nayara/Documentos/airflowalura/venv/lib/python3.9/site-packages/airflow/example_dags/example_branch_datetime_operator.py
[2022-11-01 23:07:18,143] {processor.py:651} INFO - DAG(s) dict_keys(['example_branch_datetime_operator_2']) retrieved from /home/nayara/Documentos/airflowalura/venv/lib/python3.9/site-packages/airflow/example_dags/example_branch_datetime_operator.py
[2022-11-01 23:07:18,826] {logging_mixin.py:115} INFO - [2022-11-01 23:07:18,826] {dag.py:2379} INFO - Sync 1 DAGs
[2022-11-01 23:07:18,849] {logging_mixin.py:115} INFO - [2022-11-01 23:07:18,849] {dag.py:2927} INFO - Setting next_dagrun for example_branch_datetime_operator_2 to 2022-11-01T00:00:00+00:00, run_after=2022-11-02T00:00:00+00:00
[2022-11-01 23:07:19,145] {processor.py:161} INFO - Processing /home/nayara/Documentos/airflowalura/venv/lib/python3.9/site-packages/airflow/example_dags/example_branch_datetime_operator.py took 1.058 seconds
[2022-11-01 23:08:08,839] {processor.py:153} INFO - Started process (PID=21138) to work on /home/nayara/Documentos/airflowalura/venv/lib/python3.9/site-packages/airflow/example_dags/example_branch_datetime_operator.py
[2022-11-01 23:08:08,841] {processor.py:641} INFO - Processing file /home/nayara/Documentos/airflowalura/venv/lib/python3.9/site-packages/airflow/example_dags/example_branch_datetime_operator.py for tasks to queue
[2022-11-01 23:08:08,842] {logging_mixin.py:115} INFO - [2022-11-01 23:08:08,841] {dagbag.py:507} INFO - Filling up the DagBag from /home/nayara/Documentos/airflowalura/venv/lib/python3.9/site-packages/airflow/example_dags/example_branch_datetime_operator.py
[2022-11-01 23:08:08,851] {processor.py:651} INFO - DAG(s) dict_keys(['example_branch_datetime_operator_2']) retrieved from /home/nayara/Documentos/airflowalura/venv/lib/python3.9/site-packages/airflow/example_dags/example_branch_datetime_operator.py
[2022-11-01 23:08:09,026] {logging_mixin.py:115} INFO - [2022-11-01 23:08:09,026] {dag.py:2379} INFO - Sync 1 DAGs
[2022-11-01 23:08:09,047] {logging_mixin.py:115} INFO - [2022-11-01 23:08:09,047] {dag.py:2927} INFO - Setting next_dagrun for example_branch_datetime_operator_2 to 2022-11-01T00:00:00+00:00, run_after=2022-11-02T00:00:00+00:00
[2022-11-01 23:08:09,484] {processor.py:161} INFO - Processing /home/nayara/Documentos/airflowalura/venv/lib/python3.9/site-packages/airflow/example_dags/example_branch_datetime_operator.py took 0.653 seconds
[2022-11-01 23:09:13,856] {processor.py:153} INFO - Started process (PID=21301) to work on /home/nayara/Documentos/airflowalura/venv/lib/python3.9/site-packages/airflow/example_dags/example_branch_datetime_operator.py
[2022-11-01 23:09:13,868] {processor.py:641} INFO - Processing file /home/nayara/Documentos/airflowalura/venv/lib/python3.9/site-packages/airflow/example_dags/example_branch_datetime_operator.py for tasks to queue
[2022-11-01 23:09:13,869] {logging_mixin.py:115} INFO - [2022-11-01 23:09:13,869] {dagbag.py:507} INFO - Filling up the DagBag from /home/nayara/Documentos/airflowalura/venv/lib/python3.9/site-packages/airflow/example_dags/example_branch_datetime_operator.py
[2022-11-01 23:09:13,878] {processor.py:651} INFO - DAG(s) dict_keys(['example_branch_datetime_operator_2']) retrieved from /home/nayara/Documentos/airflowalura/venv/lib/python3.9/site-packages/airflow/example_dags/example_branch_datetime_operator.py
[2022-11-01 23:09:13,897] {logging_mixin.py:115} INFO - [2022-11-01 23:09:13,897] {dag.py:2379} INFO - Sync 1 DAGs
[2022-11-01 23:09:13,917] {logging_mixin.py:115} INFO - [2022-11-01 23:09:13,917] {dag.py:2927} INFO - Setting next_dagrun for example_branch_datetime_operator_2 to 2022-11-01T00:00:00+00:00, run_after=2022-11-02T00:00:00+00:00
[2022-11-01 23:09:14,058] {processor.py:161} INFO - Processing /home/nayara/Documentos/airflowalura/venv/lib/python3.9/site-packages/airflow/example_dags/example_branch_datetime_operator.py took 0.213 seconds
[2022-11-01 23:10:12,293] {processor.py:153} INFO - Started process (PID=21473) to work on /home/nayara/Documentos/airflowalura/venv/lib/python3.9/site-packages/airflow/example_dags/example_branch_datetime_operator.py
[2022-11-01 23:10:12,419] {processor.py:641} INFO - Processing file /home/nayara/Documentos/airflowalura/venv/lib/python3.9/site-packages/airflow/example_dags/example_branch_datetime_operator.py for tasks to queue
[2022-11-01 23:10:12,420] {logging_mixin.py:115} INFO - [2022-11-01 23:10:12,420] {dagbag.py:507} INFO - Filling up the DagBag from /home/nayara/Documentos/airflowalura/venv/lib/python3.9/site-packages/airflow/example_dags/example_branch_datetime_operator.py
[2022-11-01 23:10:12,429] {processor.py:651} INFO - DAG(s) dict_keys(['example_branch_datetime_operator_2']) retrieved from /home/nayara/Documentos/airflowalura/venv/lib/python3.9/site-packages/airflow/example_dags/example_branch_datetime_operator.py
[2022-11-01 23:10:12,449] {logging_mixin.py:115} INFO - [2022-11-01 23:10:12,449] {dag.py:2379} INFO - Sync 1 DAGs
[2022-11-01 23:10:12,468] {logging_mixin.py:115} INFO - [2022-11-01 23:10:12,468] {dag.py:2927} INFO - Setting next_dagrun for example_branch_datetime_operator_2 to 2022-11-01T00:00:00+00:00, run_after=2022-11-02T00:00:00+00:00
[2022-11-01 23:10:13,445] {processor.py:161} INFO - Processing /home/nayara/Documentos/airflowalura/venv/lib/python3.9/site-packages/airflow/example_dags/example_branch_datetime_operator.py took 1.160 seconds
[2022-11-01 23:11:46,708] {processor.py:153} INFO - Started process (PID=21691) to work on /home/nayara/Documentos/airflowalura/venv/lib/python3.9/site-packages/airflow/example_dags/example_branch_datetime_operator.py
[2022-11-01 23:11:46,760] {processor.py:641} INFO - Processing file /home/nayara/Documentos/airflowalura/venv/lib/python3.9/site-packages/airflow/example_dags/example_branch_datetime_operator.py for tasks to queue
[2022-11-01 23:11:46,761] {logging_mixin.py:115} INFO - [2022-11-01 23:11:46,761] {dagbag.py:507} INFO - Filling up the DagBag from /home/nayara/Documentos/airflowalura/venv/lib/python3.9/site-packages/airflow/example_dags/example_branch_datetime_operator.py
[2022-11-01 23:11:46,772] {processor.py:651} INFO - DAG(s) dict_keys(['example_branch_datetime_operator_2']) retrieved from /home/nayara/Documentos/airflowalura/venv/lib/python3.9/site-packages/airflow/example_dags/example_branch_datetime_operator.py
[2022-11-01 23:11:46,795] {logging_mixin.py:115} INFO - [2022-11-01 23:11:46,795] {dag.py:2379} INFO - Sync 1 DAGs
[2022-11-01 23:11:46,824] {logging_mixin.py:115} INFO - [2022-11-01 23:11:46,824] {dag.py:2927} INFO - Setting next_dagrun for example_branch_datetime_operator_2 to 2022-11-01T00:00:00+00:00, run_after=2022-11-02T00:00:00+00:00
[2022-11-01 23:11:47,522] {processor.py:161} INFO - Processing /home/nayara/Documentos/airflowalura/venv/lib/python3.9/site-packages/airflow/example_dags/example_branch_datetime_operator.py took 0.823 seconds
[2022-11-01 23:13:09,052] {processor.py:153} INFO - Started process (PID=21868) to work on /home/nayara/Documentos/airflowalura/venv/lib/python3.9/site-packages/airflow/example_dags/example_branch_datetime_operator.py
[2022-11-01 23:13:09,066] {processor.py:641} INFO - Processing file /home/nayara/Documentos/airflowalura/venv/lib/python3.9/site-packages/airflow/example_dags/example_branch_datetime_operator.py for tasks to queue
[2022-11-01 23:13:09,067] {logging_mixin.py:115} INFO - [2022-11-01 23:13:09,067] {dagbag.py:507} INFO - Filling up the DagBag from /home/nayara/Documentos/airflowalura/venv/lib/python3.9/site-packages/airflow/example_dags/example_branch_datetime_operator.py
[2022-11-01 23:13:09,081] {processor.py:651} INFO - DAG(s) dict_keys(['example_branch_datetime_operator_2']) retrieved from /home/nayara/Documentos/airflowalura/venv/lib/python3.9/site-packages/airflow/example_dags/example_branch_datetime_operator.py
[2022-11-01 23:13:09,109] {logging_mixin.py:115} INFO - [2022-11-01 23:13:09,108] {dag.py:2379} INFO - Sync 1 DAGs
[2022-11-01 23:13:09,136] {logging_mixin.py:115} INFO - [2022-11-01 23:13:09,136] {dag.py:2927} INFO - Setting next_dagrun for example_branch_datetime_operator_2 to 2022-11-01T00:00:00+00:00, run_after=2022-11-02T00:00:00+00:00
[2022-11-01 23:13:09,412] {processor.py:161} INFO - Processing /home/nayara/Documentos/airflowalura/venv/lib/python3.9/site-packages/airflow/example_dags/example_branch_datetime_operator.py took 0.374 seconds
[2022-11-01 23:14:20,451] {processor.py:153} INFO - Started process (PID=22083) to work on /home/nayara/Documentos/airflowalura/venv/lib/python3.9/site-packages/airflow/example_dags/example_branch_datetime_operator.py
[2022-11-01 23:14:20,487] {processor.py:641} INFO - Processing file /home/nayara/Documentos/airflowalura/venv/lib/python3.9/site-packages/airflow/example_dags/example_branch_datetime_operator.py for tasks to queue
[2022-11-01 23:14:20,489] {logging_mixin.py:115} INFO - [2022-11-01 23:14:20,489] {dagbag.py:507} INFO - Filling up the DagBag from /home/nayara/Documentos/airflowalura/venv/lib/python3.9/site-packages/airflow/example_dags/example_branch_datetime_operator.py
[2022-11-01 23:14:20,515] {processor.py:651} INFO - DAG(s) dict_keys(['example_branch_datetime_operator_2']) retrieved from /home/nayara/Documentos/airflowalura/venv/lib/python3.9/site-packages/airflow/example_dags/example_branch_datetime_operator.py
[2022-11-01 23:14:20,536] {logging_mixin.py:115} INFO - [2022-11-01 23:14:20,536] {dag.py:2379} INFO - Sync 1 DAGs
[2022-11-01 23:14:20,555] {logging_mixin.py:115} INFO - [2022-11-01 23:14:20,555] {dag.py:2927} INFO - Setting next_dagrun for example_branch_datetime_operator_2 to 2022-11-01T00:00:00+00:00, run_after=2022-11-02T00:00:00+00:00
[2022-11-01 23:14:21,016] {processor.py:161} INFO - Processing /home/nayara/Documentos/airflowalura/venv/lib/python3.9/site-packages/airflow/example_dags/example_branch_datetime_operator.py took 0.577 seconds
[2022-11-01 23:15:21,957] {processor.py:153} INFO - Started process (PID=22206) to work on /home/nayara/Documentos/airflowalura/venv/lib/python3.9/site-packages/airflow/example_dags/example_branch_datetime_operator.py
[2022-11-01 23:15:21,980] {processor.py:641} INFO - Processing file /home/nayara/Documentos/airflowalura/venv/lib/python3.9/site-packages/airflow/example_dags/example_branch_datetime_operator.py for tasks to queue
[2022-11-01 23:15:21,981] {logging_mixin.py:115} INFO - [2022-11-01 23:15:21,981] {dagbag.py:507} INFO - Filling up the DagBag from /home/nayara/Documentos/airflowalura/venv/lib/python3.9/site-packages/airflow/example_dags/example_branch_datetime_operator.py
[2022-11-01 23:15:22,004] {processor.py:651} INFO - DAG(s) dict_keys(['example_branch_datetime_operator_2']) retrieved from /home/nayara/Documentos/airflowalura/venv/lib/python3.9/site-packages/airflow/example_dags/example_branch_datetime_operator.py
[2022-11-01 23:15:22,049] {logging_mixin.py:115} INFO - [2022-11-01 23:15:22,049] {dag.py:2379} INFO - Sync 1 DAGs
[2022-11-01 23:15:22,088] {logging_mixin.py:115} INFO - [2022-11-01 23:15:22,088] {dag.py:2927} INFO - Setting next_dagrun for example_branch_datetime_operator_2 to 2022-11-01T00:00:00+00:00, run_after=2022-11-02T00:00:00+00:00
[2022-11-01 23:15:22,702] {processor.py:161} INFO - Processing /home/nayara/Documentos/airflowalura/venv/lib/python3.9/site-packages/airflow/example_dags/example_branch_datetime_operator.py took 0.763 seconds
[2022-11-01 23:16:22,447] {processor.py:153} INFO - Started process (PID=22350) to work on /home/nayara/Documentos/airflowalura/venv/lib/python3.9/site-packages/airflow/example_dags/example_branch_datetime_operator.py
[2022-11-01 23:16:22,464] {processor.py:641} INFO - Processing file /home/nayara/Documentos/airflowalura/venv/lib/python3.9/site-packages/airflow/example_dags/example_branch_datetime_operator.py for tasks to queue
[2022-11-01 23:16:22,465] {logging_mixin.py:115} INFO - [2022-11-01 23:16:22,465] {dagbag.py:507} INFO - Filling up the DagBag from /home/nayara/Documentos/airflowalura/venv/lib/python3.9/site-packages/airflow/example_dags/example_branch_datetime_operator.py
[2022-11-01 23:16:22,484] {processor.py:651} INFO - DAG(s) dict_keys(['example_branch_datetime_operator_2']) retrieved from /home/nayara/Documentos/airflowalura/venv/lib/python3.9/site-packages/airflow/example_dags/example_branch_datetime_operator.py
[2022-11-01 23:16:22,531] {logging_mixin.py:115} INFO - [2022-11-01 23:16:22,531] {dag.py:2379} INFO - Sync 1 DAGs
[2022-11-01 23:16:22,568] {logging_mixin.py:115} INFO - [2022-11-01 23:16:22,568] {dag.py:2927} INFO - Setting next_dagrun for example_branch_datetime_operator_2 to 2022-11-01T00:00:00+00:00, run_after=2022-11-02T00:00:00+00:00
[2022-11-01 23:16:22,777] {processor.py:161} INFO - Processing /home/nayara/Documentos/airflowalura/venv/lib/python3.9/site-packages/airflow/example_dags/example_branch_datetime_operator.py took 0.337 seconds
[2022-11-01 23:17:28,029] {processor.py:153} INFO - Started process (PID=22506) to work on /home/nayara/Documentos/airflowalura/venv/lib/python3.9/site-packages/airflow/example_dags/example_branch_datetime_operator.py
[2022-11-01 23:17:28,131] {processor.py:641} INFO - Processing file /home/nayara/Documentos/airflowalura/venv/lib/python3.9/site-packages/airflow/example_dags/example_branch_datetime_operator.py for tasks to queue
[2022-11-01 23:17:28,132] {logging_mixin.py:115} INFO - [2022-11-01 23:17:28,132] {dagbag.py:507} INFO - Filling up the DagBag from /home/nayara/Documentos/airflowalura/venv/lib/python3.9/site-packages/airflow/example_dags/example_branch_datetime_operator.py
[2022-11-01 23:17:28,167] {processor.py:651} INFO - DAG(s) dict_keys(['example_branch_datetime_operator_2']) retrieved from /home/nayara/Documentos/airflowalura/venv/lib/python3.9/site-packages/airflow/example_dags/example_branch_datetime_operator.py
[2022-11-01 23:17:28,210] {logging_mixin.py:115} INFO - [2022-11-01 23:17:28,209] {dag.py:2379} INFO - Sync 1 DAGs
[2022-11-01 23:17:28,241] {logging_mixin.py:115} INFO - [2022-11-01 23:17:28,241] {dag.py:2927} INFO - Setting next_dagrun for example_branch_datetime_operator_2 to 2022-11-01T00:00:00+00:00, run_after=2022-11-02T00:00:00+00:00
[2022-11-01 23:17:28,609] {processor.py:161} INFO - Processing /home/nayara/Documentos/airflowalura/venv/lib/python3.9/site-packages/airflow/example_dags/example_branch_datetime_operator.py took 0.586 seconds
[2022-11-01 23:18:52,816] {processor.py:153} INFO - Started process (PID=22659) to work on /home/nayara/Documentos/airflowalura/venv/lib/python3.9/site-packages/airflow/example_dags/example_branch_datetime_operator.py
[2022-11-01 23:18:52,855] {processor.py:641} INFO - Processing file /home/nayara/Documentos/airflowalura/venv/lib/python3.9/site-packages/airflow/example_dags/example_branch_datetime_operator.py for tasks to queue
[2022-11-01 23:18:52,856] {logging_mixin.py:115} INFO - [2022-11-01 23:18:52,856] {dagbag.py:507} INFO - Filling up the DagBag from /home/nayara/Documentos/airflowalura/venv/lib/python3.9/site-packages/airflow/example_dags/example_branch_datetime_operator.py
[2022-11-01 23:18:52,865] {processor.py:651} INFO - DAG(s) dict_keys(['example_branch_datetime_operator_2']) retrieved from /home/nayara/Documentos/airflowalura/venv/lib/python3.9/site-packages/airflow/example_dags/example_branch_datetime_operator.py
[2022-11-01 23:18:52,884] {logging_mixin.py:115} INFO - [2022-11-01 23:18:52,884] {dag.py:2379} INFO - Sync 1 DAGs
[2022-11-01 23:18:52,903] {logging_mixin.py:115} INFO - [2022-11-01 23:18:52,903] {dag.py:2927} INFO - Setting next_dagrun for example_branch_datetime_operator_2 to 2022-11-01T00:00:00+00:00, run_after=2022-11-02T00:00:00+00:00
[2022-11-01 23:18:53,107] {processor.py:161} INFO - Processing /home/nayara/Documentos/airflowalura/venv/lib/python3.9/site-packages/airflow/example_dags/example_branch_datetime_operator.py took 0.302 seconds
[2022-11-01 23:19:51,047] {processor.py:153} INFO - Started process (PID=22775) to work on /home/nayara/Documentos/airflowalura/venv/lib/python3.9/site-packages/airflow/example_dags/example_branch_datetime_operator.py
[2022-11-01 23:19:51,143] {processor.py:641} INFO - Processing file /home/nayara/Documentos/airflowalura/venv/lib/python3.9/site-packages/airflow/example_dags/example_branch_datetime_operator.py for tasks to queue
[2022-11-01 23:19:51,146] {logging_mixin.py:115} INFO - [2022-11-01 23:19:51,146] {dagbag.py:507} INFO - Filling up the DagBag from /home/nayara/Documentos/airflowalura/venv/lib/python3.9/site-packages/airflow/example_dags/example_branch_datetime_operator.py
[2022-11-01 23:19:51,169] {processor.py:651} INFO - DAG(s) dict_keys(['example_branch_datetime_operator_2']) retrieved from /home/nayara/Documentos/airflowalura/venv/lib/python3.9/site-packages/airflow/example_dags/example_branch_datetime_operator.py
[2022-11-01 23:19:51,192] {logging_mixin.py:115} INFO - [2022-11-01 23:19:51,192] {dag.py:2379} INFO - Sync 1 DAGs
[2022-11-01 23:19:51,215] {logging_mixin.py:115} INFO - [2022-11-01 23:19:51,214] {dag.py:2927} INFO - Setting next_dagrun for example_branch_datetime_operator_2 to 2022-11-01T00:00:00+00:00, run_after=2022-11-02T00:00:00+00:00
[2022-11-01 23:19:51,791] {processor.py:161} INFO - Processing /home/nayara/Documentos/airflowalura/venv/lib/python3.9/site-packages/airflow/example_dags/example_branch_datetime_operator.py took 0.748 seconds
[2022-11-01 23:21:04,466] {processor.py:153} INFO - Started process (PID=22969) to work on /home/nayara/Documentos/airflowalura/venv/lib/python3.9/site-packages/airflow/example_dags/example_branch_datetime_operator.py
[2022-11-01 23:21:04,487] {processor.py:641} INFO - Processing file /home/nayara/Documentos/airflowalura/venv/lib/python3.9/site-packages/airflow/example_dags/example_branch_datetime_operator.py for tasks to queue
[2022-11-01 23:21:04,488] {logging_mixin.py:115} INFO - [2022-11-01 23:21:04,487] {dagbag.py:507} INFO - Filling up the DagBag from /home/nayara/Documentos/airflowalura/venv/lib/python3.9/site-packages/airflow/example_dags/example_branch_datetime_operator.py
[2022-11-01 23:21:04,499] {processor.py:651} INFO - DAG(s) dict_keys(['example_branch_datetime_operator_2']) retrieved from /home/nayara/Documentos/airflowalura/venv/lib/python3.9/site-packages/airflow/example_dags/example_branch_datetime_operator.py
[2022-11-01 23:21:04,523] {logging_mixin.py:115} INFO - [2022-11-01 23:21:04,523] {dag.py:2379} INFO - Sync 1 DAGs
[2022-11-01 23:21:04,547] {logging_mixin.py:115} INFO - [2022-11-01 23:21:04,547] {dag.py:2927} INFO - Setting next_dagrun for example_branch_datetime_operator_2 to 2022-11-01T00:00:00+00:00, run_after=2022-11-02T00:00:00+00:00
[2022-11-01 23:21:05,245] {processor.py:161} INFO - Processing /home/nayara/Documentos/airflowalura/venv/lib/python3.9/site-packages/airflow/example_dags/example_branch_datetime_operator.py took 0.783 seconds
