[2022-11-01 22:40:23,673] {processor.py:153} INFO - Started process (PID=17740) to work on /home/nayara/Documentos/airflowalura/venv/lib/python3.9/site-packages/airflow/example_dags/example_xcomargs.py
[2022-11-01 22:40:23,676] {processor.py:641} INFO - Processing file /home/nayara/Documentos/airflowalura/venv/lib/python3.9/site-packages/airflow/example_dags/example_xcomargs.py for tasks to queue
[2022-11-01 22:40:23,679] {logging_mixin.py:115} INFO - [2022-11-01 22:40:23,678] {dagbag.py:507} INFO - Filling up the DagBag from /home/nayara/Documentos/airflowalura/venv/lib/python3.9/site-packages/airflow/example_dags/example_xcomargs.py
[2022-11-01 22:40:23,757] {processor.py:651} INFO - DAG(s) dict_keys(['example_xcom_args', 'example_xcom_args_with_operators']) retrieved from /home/nayara/Documentos/airflowalura/venv/lib/python3.9/site-packages/airflow/example_dags/example_xcomargs.py
[2022-11-01 22:40:24,454] {logging_mixin.py:115} INFO - [2022-11-01 22:40:24,454] {dag.py:2379} INFO - Sync 2 DAGs
[2022-11-01 22:40:24,495] {logging_mixin.py:115} INFO - [2022-11-01 22:40:24,495] {dag.py:2927} INFO - Setting next_dagrun for example_xcom_args to None, run_after=None
[2022-11-01 22:40:24,496] {logging_mixin.py:115} INFO - [2022-11-01 22:40:24,496] {dag.py:2927} INFO - Setting next_dagrun for example_xcom_args_with_operators to None, run_after=None
[2022-11-01 22:40:24,959] {processor.py:161} INFO - Processing /home/nayara/Documentos/airflowalura/venv/lib/python3.9/site-packages/airflow/example_dags/example_xcomargs.py took 1.286 seconds
[2022-11-01 22:42:48,358] {processor.py:153} INFO - Started process (PID=17966) to work on /home/nayara/Documentos/airflowalura/venv/lib/python3.9/site-packages/airflow/example_dags/example_xcomargs.py
[2022-11-01 22:42:48,415] {processor.py:641} INFO - Processing file /home/nayara/Documentos/airflowalura/venv/lib/python3.9/site-packages/airflow/example_dags/example_xcomargs.py for tasks to queue
[2022-11-01 22:42:48,417] {logging_mixin.py:115} INFO - [2022-11-01 22:42:48,417] {dagbag.py:507} INFO - Filling up the DagBag from /home/nayara/Documentos/airflowalura/venv/lib/python3.9/site-packages/airflow/example_dags/example_xcomargs.py
[2022-11-01 22:42:48,507] {processor.py:651} INFO - DAG(s) dict_keys(['example_xcom_args', 'example_xcom_args_with_operators']) retrieved from /home/nayara/Documentos/airflowalura/venv/lib/python3.9/site-packages/airflow/example_dags/example_xcomargs.py
[2022-11-01 22:42:48,602] {logging_mixin.py:115} INFO - [2022-11-01 22:42:48,602] {dag.py:2379} INFO - Sync 2 DAGs
[2022-11-01 22:42:48,620] {logging_mixin.py:115} INFO - [2022-11-01 22:42:48,620] {dag.py:2927} INFO - Setting next_dagrun for example_xcom_args to None, run_after=None
[2022-11-01 22:42:48,621] {logging_mixin.py:115} INFO - [2022-11-01 22:42:48,621] {dag.py:2927} INFO - Setting next_dagrun for example_xcom_args_with_operators to None, run_after=None
[2022-11-01 22:42:49,216] {processor.py:161} INFO - Processing /home/nayara/Documentos/airflowalura/venv/lib/python3.9/site-packages/airflow/example_dags/example_xcomargs.py took 0.864 seconds
[2022-11-01 22:43:47,835] {processor.py:153} INFO - Started process (PID=18056) to work on /home/nayara/Documentos/airflowalura/venv/lib/python3.9/site-packages/airflow/example_dags/example_xcomargs.py
[2022-11-01 22:43:47,843] {processor.py:641} INFO - Processing file /home/nayara/Documentos/airflowalura/venv/lib/python3.9/site-packages/airflow/example_dags/example_xcomargs.py for tasks to queue
[2022-11-01 22:43:47,844] {logging_mixin.py:115} INFO - [2022-11-01 22:43:47,844] {dagbag.py:507} INFO - Filling up the DagBag from /home/nayara/Documentos/airflowalura/venv/lib/python3.9/site-packages/airflow/example_dags/example_xcomargs.py
[2022-11-01 22:43:47,905] {processor.py:651} INFO - DAG(s) dict_keys(['example_xcom_args', 'example_xcom_args_with_operators']) retrieved from /home/nayara/Documentos/airflowalura/venv/lib/python3.9/site-packages/airflow/example_dags/example_xcomargs.py
[2022-11-01 22:43:47,948] {logging_mixin.py:115} INFO - [2022-11-01 22:43:47,948] {dag.py:2379} INFO - Sync 2 DAGs
[2022-11-01 22:43:47,987] {logging_mixin.py:115} INFO - [2022-11-01 22:43:47,986] {dag.py:2927} INFO - Setting next_dagrun for example_xcom_args to None, run_after=None
[2022-11-01 22:43:47,987] {logging_mixin.py:115} INFO - [2022-11-01 22:43:47,987] {dag.py:2927} INFO - Setting next_dagrun for example_xcom_args_with_operators to None, run_after=None
[2022-11-01 22:43:48,845] {processor.py:161} INFO - Processing /home/nayara/Documentos/airflowalura/venv/lib/python3.9/site-packages/airflow/example_dags/example_xcomargs.py took 1.015 seconds
[2022-11-01 22:45:08,481] {processor.py:153} INFO - Started process (PID=18191) to work on /home/nayara/Documentos/airflowalura/venv/lib/python3.9/site-packages/airflow/example_dags/example_xcomargs.py
[2022-11-01 22:45:08,529] {processor.py:641} INFO - Processing file /home/nayara/Documentos/airflowalura/venv/lib/python3.9/site-packages/airflow/example_dags/example_xcomargs.py for tasks to queue
[2022-11-01 22:45:08,531] {logging_mixin.py:115} INFO - [2022-11-01 22:45:08,530] {dagbag.py:507} INFO - Filling up the DagBag from /home/nayara/Documentos/airflowalura/venv/lib/python3.9/site-packages/airflow/example_dags/example_xcomargs.py
[2022-11-01 22:45:08,583] {processor.py:651} INFO - DAG(s) dict_keys(['example_xcom_args', 'example_xcom_args_with_operators']) retrieved from /home/nayara/Documentos/airflowalura/venv/lib/python3.9/site-packages/airflow/example_dags/example_xcomargs.py
[2022-11-01 22:45:08,702] {logging_mixin.py:115} INFO - [2022-11-01 22:45:08,702] {dag.py:2379} INFO - Sync 2 DAGs
[2022-11-01 22:45:08,728] {logging_mixin.py:115} INFO - [2022-11-01 22:45:08,728] {dag.py:2927} INFO - Setting next_dagrun for example_xcom_args to None, run_after=None
[2022-11-01 22:45:08,730] {logging_mixin.py:115} INFO - [2022-11-01 22:45:08,730] {dag.py:2927} INFO - Setting next_dagrun for example_xcom_args_with_operators to None, run_after=None
[2022-11-01 22:45:09,406] {processor.py:161} INFO - Processing /home/nayara/Documentos/airflowalura/venv/lib/python3.9/site-packages/airflow/example_dags/example_xcomargs.py took 0.934 seconds
[2022-11-01 22:46:08,149] {processor.py:153} INFO - Started process (PID=18291) to work on /home/nayara/Documentos/airflowalura/venv/lib/python3.9/site-packages/airflow/example_dags/example_xcomargs.py
[2022-11-01 22:46:08,151] {processor.py:641} INFO - Processing file /home/nayara/Documentos/airflowalura/venv/lib/python3.9/site-packages/airflow/example_dags/example_xcomargs.py for tasks to queue
[2022-11-01 22:46:08,153] {logging_mixin.py:115} INFO - [2022-11-01 22:46:08,152] {dagbag.py:507} INFO - Filling up the DagBag from /home/nayara/Documentos/airflowalura/venv/lib/python3.9/site-packages/airflow/example_dags/example_xcomargs.py
[2022-11-01 22:46:08,209] {processor.py:651} INFO - DAG(s) dict_keys(['example_xcom_args', 'example_xcom_args_with_operators']) retrieved from /home/nayara/Documentos/airflowalura/venv/lib/python3.9/site-packages/airflow/example_dags/example_xcomargs.py
[2022-11-01 22:46:08,321] {logging_mixin.py:115} INFO - [2022-11-01 22:46:08,321] {dag.py:2379} INFO - Sync 2 DAGs
[2022-11-01 22:46:08,352] {logging_mixin.py:115} INFO - [2022-11-01 22:46:08,352] {dag.py:2927} INFO - Setting next_dagrun for example_xcom_args to None, run_after=None
[2022-11-01 22:46:08,353] {logging_mixin.py:115} INFO - [2022-11-01 22:46:08,353] {dag.py:2927} INFO - Setting next_dagrun for example_xcom_args_with_operators to None, run_after=None
[2022-11-01 22:46:08,748] {processor.py:161} INFO - Processing /home/nayara/Documentos/airflowalura/venv/lib/python3.9/site-packages/airflow/example_dags/example_xcomargs.py took 0.604 seconds
[2022-11-01 22:47:17,119] {processor.py:153} INFO - Started process (PID=18462) to work on /home/nayara/Documentos/airflowalura/venv/lib/python3.9/site-packages/airflow/example_dags/example_xcomargs.py
[2022-11-01 22:47:17,120] {processor.py:641} INFO - Processing file /home/nayara/Documentos/airflowalura/venv/lib/python3.9/site-packages/airflow/example_dags/example_xcomargs.py for tasks to queue
[2022-11-01 22:47:17,121] {logging_mixin.py:115} INFO - [2022-11-01 22:47:17,121] {dagbag.py:507} INFO - Filling up the DagBag from /home/nayara/Documentos/airflowalura/venv/lib/python3.9/site-packages/airflow/example_dags/example_xcomargs.py
[2022-11-01 22:47:17,178] {processor.py:651} INFO - DAG(s) dict_keys(['example_xcom_args', 'example_xcom_args_with_operators']) retrieved from /home/nayara/Documentos/airflowalura/venv/lib/python3.9/site-packages/airflow/example_dags/example_xcomargs.py
[2022-11-01 22:47:17,217] {logging_mixin.py:115} INFO - [2022-11-01 22:47:17,217] {dag.py:2379} INFO - Sync 2 DAGs
[2022-11-01 22:47:17,252] {logging_mixin.py:115} INFO - [2022-11-01 22:47:17,252] {dag.py:2927} INFO - Setting next_dagrun for example_xcom_args to None, run_after=None
[2022-11-01 22:47:17,253] {logging_mixin.py:115} INFO - [2022-11-01 22:47:17,253] {dag.py:2927} INFO - Setting next_dagrun for example_xcom_args_with_operators to None, run_after=None
[2022-11-01 22:47:17,528] {processor.py:161} INFO - Processing /home/nayara/Documentos/airflowalura/venv/lib/python3.9/site-packages/airflow/example_dags/example_xcomargs.py took 0.420 seconds
[2022-11-01 22:48:16,108] {processor.py:153} INFO - Started process (PID=18576) to work on /home/nayara/Documentos/airflowalura/venv/lib/python3.9/site-packages/airflow/example_dags/example_xcomargs.py
[2022-11-01 22:48:16,123] {processor.py:641} INFO - Processing file /home/nayara/Documentos/airflowalura/venv/lib/python3.9/site-packages/airflow/example_dags/example_xcomargs.py for tasks to queue
[2022-11-01 22:48:16,125] {logging_mixin.py:115} INFO - [2022-11-01 22:48:16,124] {dagbag.py:507} INFO - Filling up the DagBag from /home/nayara/Documentos/airflowalura/venv/lib/python3.9/site-packages/airflow/example_dags/example_xcomargs.py
[2022-11-01 22:48:16,179] {processor.py:651} INFO - DAG(s) dict_keys(['example_xcom_args', 'example_xcom_args_with_operators']) retrieved from /home/nayara/Documentos/airflowalura/venv/lib/python3.9/site-packages/airflow/example_dags/example_xcomargs.py
[2022-11-01 22:48:16,222] {logging_mixin.py:115} INFO - [2022-11-01 22:48:16,222] {dag.py:2379} INFO - Sync 2 DAGs
[2022-11-01 22:48:16,257] {logging_mixin.py:115} INFO - [2022-11-01 22:48:16,256] {dag.py:2927} INFO - Setting next_dagrun for example_xcom_args to None, run_after=None
[2022-11-01 22:48:16,258] {logging_mixin.py:115} INFO - [2022-11-01 22:48:16,257] {dag.py:2927} INFO - Setting next_dagrun for example_xcom_args_with_operators to None, run_after=None
[2022-11-01 22:48:16,541] {processor.py:161} INFO - Processing /home/nayara/Documentos/airflowalura/venv/lib/python3.9/site-packages/airflow/example_dags/example_xcomargs.py took 0.441 seconds
[2022-11-01 22:49:11,749] {processor.py:153} INFO - Started process (PID=18684) to work on /home/nayara/Documentos/airflowalura/venv/lib/python3.9/site-packages/airflow/example_dags/example_xcomargs.py
[2022-11-01 22:49:11,762] {processor.py:641} INFO - Processing file /home/nayara/Documentos/airflowalura/venv/lib/python3.9/site-packages/airflow/example_dags/example_xcomargs.py for tasks to queue
[2022-11-01 22:49:11,765] {logging_mixin.py:115} INFO - [2022-11-01 22:49:11,764] {dagbag.py:507} INFO - Filling up the DagBag from /home/nayara/Documentos/airflowalura/venv/lib/python3.9/site-packages/airflow/example_dags/example_xcomargs.py
[2022-11-01 22:49:11,827] {processor.py:651} INFO - DAG(s) dict_keys(['example_xcom_args', 'example_xcom_args_with_operators']) retrieved from /home/nayara/Documentos/airflowalura/venv/lib/python3.9/site-packages/airflow/example_dags/example_xcomargs.py
[2022-11-01 22:49:11,872] {logging_mixin.py:115} INFO - [2022-11-01 22:49:11,872] {dag.py:2379} INFO - Sync 2 DAGs
[2022-11-01 22:49:11,899] {logging_mixin.py:115} INFO - [2022-11-01 22:49:11,898] {dag.py:2927} INFO - Setting next_dagrun for example_xcom_args to None, run_after=None
[2022-11-01 22:49:11,902] {logging_mixin.py:115} INFO - [2022-11-01 22:49:11,901] {dag.py:2927} INFO - Setting next_dagrun for example_xcom_args_with_operators to None, run_after=None
[2022-11-01 22:49:12,084] {processor.py:161} INFO - Processing /home/nayara/Documentos/airflowalura/venv/lib/python3.9/site-packages/airflow/example_dags/example_xcomargs.py took 0.344 seconds
[2022-11-01 22:50:09,314] {processor.py:153} INFO - Started process (PID=18787) to work on /home/nayara/Documentos/airflowalura/venv/lib/python3.9/site-packages/airflow/example_dags/example_xcomargs.py
[2022-11-01 22:50:09,315] {processor.py:641} INFO - Processing file /home/nayara/Documentos/airflowalura/venv/lib/python3.9/site-packages/airflow/example_dags/example_xcomargs.py for tasks to queue
[2022-11-01 22:50:09,316] {logging_mixin.py:115} INFO - [2022-11-01 22:50:09,316] {dagbag.py:507} INFO - Filling up the DagBag from /home/nayara/Documentos/airflowalura/venv/lib/python3.9/site-packages/airflow/example_dags/example_xcomargs.py
[2022-11-01 22:50:09,379] {processor.py:651} INFO - DAG(s) dict_keys(['example_xcom_args', 'example_xcom_args_with_operators']) retrieved from /home/nayara/Documentos/airflowalura/venv/lib/python3.9/site-packages/airflow/example_dags/example_xcomargs.py
[2022-11-01 22:50:09,500] {logging_mixin.py:115} INFO - [2022-11-01 22:50:09,500] {dag.py:2379} INFO - Sync 2 DAGs
[2022-11-01 22:50:09,536] {logging_mixin.py:115} INFO - [2022-11-01 22:50:09,536] {dag.py:2927} INFO - Setting next_dagrun for example_xcom_args to None, run_after=None
[2022-11-01 22:50:09,537] {logging_mixin.py:115} INFO - [2022-11-01 22:50:09,536] {dag.py:2927} INFO - Setting next_dagrun for example_xcom_args_with_operators to None, run_after=None
[2022-11-01 22:50:09,823] {processor.py:161} INFO - Processing /home/nayara/Documentos/airflowalura/venv/lib/python3.9/site-packages/airflow/example_dags/example_xcomargs.py took 0.513 seconds
[2022-11-01 22:51:01,689] {processor.py:153} INFO - Started process (PID=18887) to work on /home/nayara/Documentos/airflowalura/venv/lib/python3.9/site-packages/airflow/example_dags/example_xcomargs.py
[2022-11-01 22:51:01,694] {processor.py:641} INFO - Processing file /home/nayara/Documentos/airflowalura/venv/lib/python3.9/site-packages/airflow/example_dags/example_xcomargs.py for tasks to queue
[2022-11-01 22:51:01,698] {logging_mixin.py:115} INFO - [2022-11-01 22:51:01,697] {dagbag.py:507} INFO - Filling up the DagBag from /home/nayara/Documentos/airflowalura/venv/lib/python3.9/site-packages/airflow/example_dags/example_xcomargs.py
[2022-11-01 22:51:01,773] {processor.py:651} INFO - DAG(s) dict_keys(['example_xcom_args', 'example_xcom_args_with_operators']) retrieved from /home/nayara/Documentos/airflowalura/venv/lib/python3.9/site-packages/airflow/example_dags/example_xcomargs.py
[2022-11-01 22:51:01,813] {logging_mixin.py:115} INFO - [2022-11-01 22:51:01,812] {dag.py:2379} INFO - Sync 2 DAGs
[2022-11-01 22:51:01,852] {logging_mixin.py:115} INFO - [2022-11-01 22:51:01,852] {dag.py:2927} INFO - Setting next_dagrun for example_xcom_args to None, run_after=None
[2022-11-01 22:51:01,854] {logging_mixin.py:115} INFO - [2022-11-01 22:51:01,852] {dag.py:2927} INFO - Setting next_dagrun for example_xcom_args_with_operators to None, run_after=None
[2022-11-01 22:51:02,407] {processor.py:161} INFO - Processing /home/nayara/Documentos/airflowalura/venv/lib/python3.9/site-packages/airflow/example_dags/example_xcomargs.py took 0.722 seconds
[2022-11-01 22:52:35,506] {processor.py:153} INFO - Started process (PID=19091) to work on /home/nayara/Documentos/airflowalura/venv/lib/python3.9/site-packages/airflow/example_dags/example_xcomargs.py
[2022-11-01 22:52:35,524] {processor.py:641} INFO - Processing file /home/nayara/Documentos/airflowalura/venv/lib/python3.9/site-packages/airflow/example_dags/example_xcomargs.py for tasks to queue
[2022-11-01 22:52:35,524] {logging_mixin.py:115} INFO - [2022-11-01 22:52:35,524] {dagbag.py:507} INFO - Filling up the DagBag from /home/nayara/Documentos/airflowalura/venv/lib/python3.9/site-packages/airflow/example_dags/example_xcomargs.py
[2022-11-01 22:52:35,571] {processor.py:651} INFO - DAG(s) dict_keys(['example_xcom_args', 'example_xcom_args_with_operators']) retrieved from /home/nayara/Documentos/airflowalura/venv/lib/python3.9/site-packages/airflow/example_dags/example_xcomargs.py
[2022-11-01 22:52:35,621] {logging_mixin.py:115} INFO - [2022-11-01 22:52:35,620] {dag.py:2379} INFO - Sync 2 DAGs
[2022-11-01 22:52:35,664] {logging_mixin.py:115} INFO - [2022-11-01 22:52:35,664] {dag.py:2927} INFO - Setting next_dagrun for example_xcom_args to None, run_after=None
[2022-11-01 22:52:35,664] {logging_mixin.py:115} INFO - [2022-11-01 22:52:35,664] {dag.py:2927} INFO - Setting next_dagrun for example_xcom_args_with_operators to None, run_after=None
[2022-11-01 22:52:35,918] {processor.py:161} INFO - Processing /home/nayara/Documentos/airflowalura/venv/lib/python3.9/site-packages/airflow/example_dags/example_xcomargs.py took 0.418 seconds
[2022-11-01 22:53:36,233] {processor.py:153} INFO - Started process (PID=19211) to work on /home/nayara/Documentos/airflowalura/venv/lib/python3.9/site-packages/airflow/example_dags/example_xcomargs.py
[2022-11-01 22:53:36,257] {processor.py:641} INFO - Processing file /home/nayara/Documentos/airflowalura/venv/lib/python3.9/site-packages/airflow/example_dags/example_xcomargs.py for tasks to queue
[2022-11-01 22:53:36,260] {logging_mixin.py:115} INFO - [2022-11-01 22:53:36,259] {dagbag.py:507} INFO - Filling up the DagBag from /home/nayara/Documentos/airflowalura/venv/lib/python3.9/site-packages/airflow/example_dags/example_xcomargs.py
[2022-11-01 22:53:36,316] {processor.py:651} INFO - DAG(s) dict_keys(['example_xcom_args', 'example_xcom_args_with_operators']) retrieved from /home/nayara/Documentos/airflowalura/venv/lib/python3.9/site-packages/airflow/example_dags/example_xcomargs.py
[2022-11-01 22:53:36,357] {logging_mixin.py:115} INFO - [2022-11-01 22:53:36,357] {dag.py:2379} INFO - Sync 2 DAGs
[2022-11-01 22:53:36,875] {logging_mixin.py:115} INFO - [2022-11-01 22:53:36,875] {dag.py:2927} INFO - Setting next_dagrun for example_xcom_args to None, run_after=None
[2022-11-01 22:53:36,876] {logging_mixin.py:115} INFO - [2022-11-01 22:53:36,876] {dag.py:2927} INFO - Setting next_dagrun for example_xcom_args_with_operators to None, run_after=None
[2022-11-01 22:53:37,367] {processor.py:161} INFO - Processing /home/nayara/Documentos/airflowalura/venv/lib/python3.9/site-packages/airflow/example_dags/example_xcomargs.py took 1.143 seconds
[2022-11-01 22:54:42,712] {processor.py:153} INFO - Started process (PID=19340) to work on /home/nayara/Documentos/airflowalura/venv/lib/python3.9/site-packages/airflow/example_dags/example_xcomargs.py
[2022-11-01 22:54:42,746] {processor.py:641} INFO - Processing file /home/nayara/Documentos/airflowalura/venv/lib/python3.9/site-packages/airflow/example_dags/example_xcomargs.py for tasks to queue
[2022-11-01 22:54:42,749] {logging_mixin.py:115} INFO - [2022-11-01 22:54:42,748] {dagbag.py:507} INFO - Filling up the DagBag from /home/nayara/Documentos/airflowalura/venv/lib/python3.9/site-packages/airflow/example_dags/example_xcomargs.py
[2022-11-01 22:54:42,793] {processor.py:651} INFO - DAG(s) dict_keys(['example_xcom_args', 'example_xcom_args_with_operators']) retrieved from /home/nayara/Documentos/airflowalura/venv/lib/python3.9/site-packages/airflow/example_dags/example_xcomargs.py
[2022-11-01 22:54:42,857] {logging_mixin.py:115} INFO - [2022-11-01 22:54:42,857] {dag.py:2379} INFO - Sync 2 DAGs
[2022-11-01 22:54:42,872] {logging_mixin.py:115} INFO - [2022-11-01 22:54:42,872] {dag.py:2927} INFO - Setting next_dagrun for example_xcom_args to None, run_after=None
[2022-11-01 22:54:42,872] {logging_mixin.py:115} INFO - [2022-11-01 22:54:42,872] {dag.py:2927} INFO - Setting next_dagrun for example_xcom_args_with_operators to None, run_after=None
[2022-11-01 22:54:43,289] {processor.py:161} INFO - Processing /home/nayara/Documentos/airflowalura/venv/lib/python3.9/site-packages/airflow/example_dags/example_xcomargs.py took 0.590 seconds
[2022-11-01 22:55:51,910] {processor.py:153} INFO - Started process (PID=19509) to work on /home/nayara/Documentos/airflowalura/venv/lib/python3.9/site-packages/airflow/example_dags/example_xcomargs.py
[2022-11-01 22:55:51,946] {processor.py:641} INFO - Processing file /home/nayara/Documentos/airflowalura/venv/lib/python3.9/site-packages/airflow/example_dags/example_xcomargs.py for tasks to queue
[2022-11-01 22:55:51,949] {logging_mixin.py:115} INFO - [2022-11-01 22:55:51,948] {dagbag.py:507} INFO - Filling up the DagBag from /home/nayara/Documentos/airflowalura/venv/lib/python3.9/site-packages/airflow/example_dags/example_xcomargs.py
[2022-11-01 22:55:51,994] {processor.py:651} INFO - DAG(s) dict_keys(['example_xcom_args', 'example_xcom_args_with_operators']) retrieved from /home/nayara/Documentos/airflowalura/venv/lib/python3.9/site-packages/airflow/example_dags/example_xcomargs.py
[2022-11-01 22:55:52,016] {logging_mixin.py:115} INFO - [2022-11-01 22:55:52,016] {dag.py:2379} INFO - Sync 2 DAGs
[2022-11-01 22:55:52,033] {logging_mixin.py:115} INFO - [2022-11-01 22:55:52,033] {dag.py:2927} INFO - Setting next_dagrun for example_xcom_args to None, run_after=None
[2022-11-01 22:55:52,034] {logging_mixin.py:115} INFO - [2022-11-01 22:55:52,034] {dag.py:2927} INFO - Setting next_dagrun for example_xcom_args_with_operators to None, run_after=None
[2022-11-01 22:55:52,430] {processor.py:161} INFO - Processing /home/nayara/Documentos/airflowalura/venv/lib/python3.9/site-packages/airflow/example_dags/example_xcomargs.py took 0.525 seconds
[2022-11-01 22:57:17,335] {processor.py:153} INFO - Started process (PID=19741) to work on /home/nayara/Documentos/airflowalura/venv/lib/python3.9/site-packages/airflow/example_dags/example_xcomargs.py
[2022-11-01 22:57:17,401] {processor.py:641} INFO - Processing file /home/nayara/Documentos/airflowalura/venv/lib/python3.9/site-packages/airflow/example_dags/example_xcomargs.py for tasks to queue
[2022-11-01 22:57:17,403] {logging_mixin.py:115} INFO - [2022-11-01 22:57:17,403] {dagbag.py:507} INFO - Filling up the DagBag from /home/nayara/Documentos/airflowalura/venv/lib/python3.9/site-packages/airflow/example_dags/example_xcomargs.py
[2022-11-01 22:57:17,474] {processor.py:651} INFO - DAG(s) dict_keys(['example_xcom_args', 'example_xcom_args_with_operators']) retrieved from /home/nayara/Documentos/airflowalura/venv/lib/python3.9/site-packages/airflow/example_dags/example_xcomargs.py
[2022-11-01 22:57:17,531] {logging_mixin.py:115} INFO - [2022-11-01 22:57:17,531] {dag.py:2379} INFO - Sync 2 DAGs
[2022-11-01 22:57:17,546] {logging_mixin.py:115} INFO - [2022-11-01 22:57:17,545] {dag.py:2927} INFO - Setting next_dagrun for example_xcom_args to None, run_after=None
[2022-11-01 22:57:17,546] {logging_mixin.py:115} INFO - [2022-11-01 22:57:17,546] {dag.py:2927} INFO - Setting next_dagrun for example_xcom_args_with_operators to None, run_after=None
[2022-11-01 22:57:18,151] {processor.py:161} INFO - Processing /home/nayara/Documentos/airflowalura/venv/lib/python3.9/site-packages/airflow/example_dags/example_xcomargs.py took 0.822 seconds
[2022-11-01 22:58:18,185] {processor.py:153} INFO - Started process (PID=19875) to work on /home/nayara/Documentos/airflowalura/venv/lib/python3.9/site-packages/airflow/example_dags/example_xcomargs.py
[2022-11-01 22:58:18,201] {processor.py:641} INFO - Processing file /home/nayara/Documentos/airflowalura/venv/lib/python3.9/site-packages/airflow/example_dags/example_xcomargs.py for tasks to queue
[2022-11-01 22:58:18,202] {logging_mixin.py:115} INFO - [2022-11-01 22:58:18,202] {dagbag.py:507} INFO - Filling up the DagBag from /home/nayara/Documentos/airflowalura/venv/lib/python3.9/site-packages/airflow/example_dags/example_xcomargs.py
[2022-11-01 22:58:18,231] {processor.py:651} INFO - DAG(s) dict_keys(['example_xcom_args', 'example_xcom_args_with_operators']) retrieved from /home/nayara/Documentos/airflowalura/venv/lib/python3.9/site-packages/airflow/example_dags/example_xcomargs.py
[2022-11-01 22:58:18,252] {logging_mixin.py:115} INFO - [2022-11-01 22:58:18,252] {dag.py:2379} INFO - Sync 2 DAGs
[2022-11-01 22:58:18,269] {logging_mixin.py:115} INFO - [2022-11-01 22:58:18,269] {dag.py:2927} INFO - Setting next_dagrun for example_xcom_args to None, run_after=None
[2022-11-01 22:58:18,269] {logging_mixin.py:115} INFO - [2022-11-01 22:58:18,269] {dag.py:2927} INFO - Setting next_dagrun for example_xcom_args_with_operators to None, run_after=None
[2022-11-01 22:58:18,812] {processor.py:161} INFO - Processing /home/nayara/Documentos/airflowalura/venv/lib/python3.9/site-packages/airflow/example_dags/example_xcomargs.py took 0.634 seconds
[2022-11-01 22:59:05,811] {processor.py:153} INFO - Started process (PID=19957) to work on /home/nayara/Documentos/airflowalura/venv/lib/python3.9/site-packages/airflow/example_dags/example_xcomargs.py
[2022-11-01 22:59:05,825] {processor.py:641} INFO - Processing file /home/nayara/Documentos/airflowalura/venv/lib/python3.9/site-packages/airflow/example_dags/example_xcomargs.py for tasks to queue
[2022-11-01 22:59:05,827] {logging_mixin.py:115} INFO - [2022-11-01 22:59:05,826] {dagbag.py:507} INFO - Filling up the DagBag from /home/nayara/Documentos/airflowalura/venv/lib/python3.9/site-packages/airflow/example_dags/example_xcomargs.py
[2022-11-01 22:59:05,856] {processor.py:651} INFO - DAG(s) dict_keys(['example_xcom_args', 'example_xcom_args_with_operators']) retrieved from /home/nayara/Documentos/airflowalura/venv/lib/python3.9/site-packages/airflow/example_dags/example_xcomargs.py
[2022-11-01 22:59:05,878] {logging_mixin.py:115} INFO - [2022-11-01 22:59:05,878] {dag.py:2379} INFO - Sync 2 DAGs
[2022-11-01 22:59:05,895] {logging_mixin.py:115} INFO - [2022-11-01 22:59:05,895] {dag.py:2927} INFO - Setting next_dagrun for example_xcom_args to None, run_after=None
[2022-11-01 22:59:05,895] {logging_mixin.py:115} INFO - [2022-11-01 22:59:05,895] {dag.py:2927} INFO - Setting next_dagrun for example_xcom_args_with_operators to None, run_after=None
[2022-11-01 22:59:06,329] {processor.py:161} INFO - Processing /home/nayara/Documentos/airflowalura/venv/lib/python3.9/site-packages/airflow/example_dags/example_xcomargs.py took 0.530 seconds
[2022-11-01 22:59:58,095] {processor.py:153} INFO - Started process (PID=20083) to work on /home/nayara/Documentos/airflowalura/venv/lib/python3.9/site-packages/airflow/example_dags/example_xcomargs.py
[2022-11-01 22:59:58,133] {processor.py:641} INFO - Processing file /home/nayara/Documentos/airflowalura/venv/lib/python3.9/site-packages/airflow/example_dags/example_xcomargs.py for tasks to queue
[2022-11-01 22:59:58,134] {logging_mixin.py:115} INFO - [2022-11-01 22:59:58,134] {dagbag.py:507} INFO - Filling up the DagBag from /home/nayara/Documentos/airflowalura/venv/lib/python3.9/site-packages/airflow/example_dags/example_xcomargs.py
[2022-11-01 22:59:58,169] {processor.py:651} INFO - DAG(s) dict_keys(['example_xcom_args', 'example_xcom_args_with_operators']) retrieved from /home/nayara/Documentos/airflowalura/venv/lib/python3.9/site-packages/airflow/example_dags/example_xcomargs.py
[2022-11-01 22:59:58,227] {logging_mixin.py:115} INFO - [2022-11-01 22:59:58,227] {dag.py:2379} INFO - Sync 2 DAGs
[2022-11-01 22:59:58,242] {logging_mixin.py:115} INFO - [2022-11-01 22:59:58,242] {dag.py:2927} INFO - Setting next_dagrun for example_xcom_args to None, run_after=None
[2022-11-01 22:59:58,243] {logging_mixin.py:115} INFO - [2022-11-01 22:59:58,242] {dag.py:2927} INFO - Setting next_dagrun for example_xcom_args_with_operators to None, run_after=None
[2022-11-01 22:59:58,495] {processor.py:161} INFO - Processing /home/nayara/Documentos/airflowalura/venv/lib/python3.9/site-packages/airflow/example_dags/example_xcomargs.py took 0.410 seconds
[2022-11-01 23:00:52,969] {processor.py:153} INFO - Started process (PID=20178) to work on /home/nayara/Documentos/airflowalura/venv/lib/python3.9/site-packages/airflow/example_dags/example_xcomargs.py
[2022-11-01 23:00:52,979] {processor.py:641} INFO - Processing file /home/nayara/Documentos/airflowalura/venv/lib/python3.9/site-packages/airflow/example_dags/example_xcomargs.py for tasks to queue
[2022-11-01 23:00:52,979] {logging_mixin.py:115} INFO - [2022-11-01 23:00:52,979] {dagbag.py:507} INFO - Filling up the DagBag from /home/nayara/Documentos/airflowalura/venv/lib/python3.9/site-packages/airflow/example_dags/example_xcomargs.py
[2022-11-01 23:00:53,003] {processor.py:651} INFO - DAG(s) dict_keys(['example_xcom_args', 'example_xcom_args_with_operators']) retrieved from /home/nayara/Documentos/airflowalura/venv/lib/python3.9/site-packages/airflow/example_dags/example_xcomargs.py
[2022-11-01 23:00:53,060] {logging_mixin.py:115} INFO - [2022-11-01 23:00:53,060] {dag.py:2379} INFO - Sync 2 DAGs
[2022-11-01 23:00:53,075] {logging_mixin.py:115} INFO - [2022-11-01 23:00:53,075] {dag.py:2927} INFO - Setting next_dagrun for example_xcom_args to None, run_after=None
[2022-11-01 23:00:53,076] {logging_mixin.py:115} INFO - [2022-11-01 23:00:53,075] {dag.py:2927} INFO - Setting next_dagrun for example_xcom_args_with_operators to None, run_after=None
[2022-11-01 23:00:53,297] {processor.py:161} INFO - Processing /home/nayara/Documentos/airflowalura/venv/lib/python3.9/site-packages/airflow/example_dags/example_xcomargs.py took 0.333 seconds
[2022-11-01 23:01:43,232] {processor.py:153} INFO - Started process (PID=20279) to work on /home/nayara/Documentos/airflowalura/venv/lib/python3.9/site-packages/airflow/example_dags/example_xcomargs.py
[2022-11-01 23:01:43,297] {processor.py:641} INFO - Processing file /home/nayara/Documentos/airflowalura/venv/lib/python3.9/site-packages/airflow/example_dags/example_xcomargs.py for tasks to queue
[2022-11-01 23:01:43,299] {logging_mixin.py:115} INFO - [2022-11-01 23:01:43,299] {dagbag.py:507} INFO - Filling up the DagBag from /home/nayara/Documentos/airflowalura/venv/lib/python3.9/site-packages/airflow/example_dags/example_xcomargs.py
[2022-11-01 23:01:43,346] {processor.py:651} INFO - DAG(s) dict_keys(['example_xcom_args', 'example_xcom_args_with_operators']) retrieved from /home/nayara/Documentos/airflowalura/venv/lib/python3.9/site-packages/airflow/example_dags/example_xcomargs.py
[2022-11-01 23:01:43,367] {logging_mixin.py:115} INFO - [2022-11-01 23:01:43,367] {dag.py:2379} INFO - Sync 2 DAGs
[2022-11-01 23:01:43,385] {logging_mixin.py:115} INFO - [2022-11-01 23:01:43,384] {dag.py:2927} INFO - Setting next_dagrun for example_xcom_args to None, run_after=None
[2022-11-01 23:01:43,385] {logging_mixin.py:115} INFO - [2022-11-01 23:01:43,385] {dag.py:2927} INFO - Setting next_dagrun for example_xcom_args_with_operators to None, run_after=None
[2022-11-01 23:01:43,626] {processor.py:161} INFO - Processing /home/nayara/Documentos/airflowalura/venv/lib/python3.9/site-packages/airflow/example_dags/example_xcomargs.py took 0.399 seconds
[2022-11-01 23:02:33,391] {processor.py:153} INFO - Started process (PID=20421) to work on /home/nayara/Documentos/airflowalura/venv/lib/python3.9/site-packages/airflow/example_dags/example_xcomargs.py
[2022-11-01 23:02:33,410] {processor.py:641} INFO - Processing file /home/nayara/Documentos/airflowalura/venv/lib/python3.9/site-packages/airflow/example_dags/example_xcomargs.py for tasks to queue
[2022-11-01 23:02:33,413] {logging_mixin.py:115} INFO - [2022-11-01 23:02:33,412] {dagbag.py:507} INFO - Filling up the DagBag from /home/nayara/Documentos/airflowalura/venv/lib/python3.9/site-packages/airflow/example_dags/example_xcomargs.py
[2022-11-01 23:02:33,454] {processor.py:651} INFO - DAG(s) dict_keys(['example_xcom_args', 'example_xcom_args_with_operators']) retrieved from /home/nayara/Documentos/airflowalura/venv/lib/python3.9/site-packages/airflow/example_dags/example_xcomargs.py
[2022-11-01 23:02:33,488] {logging_mixin.py:115} INFO - [2022-11-01 23:02:33,488] {dag.py:2379} INFO - Sync 2 DAGs
[2022-11-01 23:02:33,508] {logging_mixin.py:115} INFO - [2022-11-01 23:02:33,508] {dag.py:2927} INFO - Setting next_dagrun for example_xcom_args to None, run_after=None
[2022-11-01 23:02:33,508] {logging_mixin.py:115} INFO - [2022-11-01 23:02:33,508] {dag.py:2927} INFO - Setting next_dagrun for example_xcom_args_with_operators to None, run_after=None
[2022-11-01 23:02:33,782] {processor.py:161} INFO - Processing /home/nayara/Documentos/airflowalura/venv/lib/python3.9/site-packages/airflow/example_dags/example_xcomargs.py took 0.412 seconds
[2022-11-01 23:03:33,972] {processor.py:153} INFO - Started process (PID=20528) to work on /home/nayara/Documentos/airflowalura/venv/lib/python3.9/site-packages/airflow/example_dags/example_xcomargs.py
[2022-11-01 23:03:33,990] {processor.py:641} INFO - Processing file /home/nayara/Documentos/airflowalura/venv/lib/python3.9/site-packages/airflow/example_dags/example_xcomargs.py for tasks to queue
[2022-11-01 23:03:33,991] {logging_mixin.py:115} INFO - [2022-11-01 23:03:33,990] {dagbag.py:507} INFO - Filling up the DagBag from /home/nayara/Documentos/airflowalura/venv/lib/python3.9/site-packages/airflow/example_dags/example_xcomargs.py
[2022-11-01 23:03:34,031] {processor.py:651} INFO - DAG(s) dict_keys(['example_xcom_args', 'example_xcom_args_with_operators']) retrieved from /home/nayara/Documentos/airflowalura/venv/lib/python3.9/site-packages/airflow/example_dags/example_xcomargs.py
[2022-11-01 23:03:34,068] {logging_mixin.py:115} INFO - [2022-11-01 23:03:34,068] {dag.py:2379} INFO - Sync 2 DAGs
[2022-11-01 23:03:34,102] {logging_mixin.py:115} INFO - [2022-11-01 23:03:34,102] {dag.py:2927} INFO - Setting next_dagrun for example_xcom_args to None, run_after=None
[2022-11-01 23:03:34,103] {logging_mixin.py:115} INFO - [2022-11-01 23:03:34,103] {dag.py:2927} INFO - Setting next_dagrun for example_xcom_args_with_operators to None, run_after=None
[2022-11-01 23:03:34,363] {processor.py:161} INFO - Processing /home/nayara/Documentos/airflowalura/venv/lib/python3.9/site-packages/airflow/example_dags/example_xcomargs.py took 0.396 seconds
[2022-11-01 23:04:22,022] {processor.py:153} INFO - Started process (PID=20642) to work on /home/nayara/Documentos/airflowalura/venv/lib/python3.9/site-packages/airflow/example_dags/example_xcomargs.py
[2022-11-01 23:04:22,039] {processor.py:641} INFO - Processing file /home/nayara/Documentos/airflowalura/venv/lib/python3.9/site-packages/airflow/example_dags/example_xcomargs.py for tasks to queue
[2022-11-01 23:04:22,043] {logging_mixin.py:115} INFO - [2022-11-01 23:04:22,042] {dagbag.py:507} INFO - Filling up the DagBag from /home/nayara/Documentos/airflowalura/venv/lib/python3.9/site-packages/airflow/example_dags/example_xcomargs.py
[2022-11-01 23:04:22,115] {processor.py:651} INFO - DAG(s) dict_keys(['example_xcom_args', 'example_xcom_args_with_operators']) retrieved from /home/nayara/Documentos/airflowalura/venv/lib/python3.9/site-packages/airflow/example_dags/example_xcomargs.py
[2022-11-01 23:04:22,182] {logging_mixin.py:115} INFO - [2022-11-01 23:04:22,182] {dag.py:2379} INFO - Sync 2 DAGs
[2022-11-01 23:04:22,201] {logging_mixin.py:115} INFO - [2022-11-01 23:04:22,201] {dag.py:2927} INFO - Setting next_dagrun for example_xcom_args to None, run_after=None
[2022-11-01 23:04:22,202] {logging_mixin.py:115} INFO - [2022-11-01 23:04:22,201] {dag.py:2927} INFO - Setting next_dagrun for example_xcom_args_with_operators to None, run_after=None
[2022-11-01 23:04:22,571] {processor.py:161} INFO - Processing /home/nayara/Documentos/airflowalura/venv/lib/python3.9/site-packages/airflow/example_dags/example_xcomargs.py took 0.560 seconds
[2022-11-01 23:05:17,566] {processor.py:153} INFO - Started process (PID=20749) to work on /home/nayara/Documentos/airflowalura/venv/lib/python3.9/site-packages/airflow/example_dags/example_xcomargs.py
[2022-11-01 23:05:17,580] {processor.py:641} INFO - Processing file /home/nayara/Documentos/airflowalura/venv/lib/python3.9/site-packages/airflow/example_dags/example_xcomargs.py for tasks to queue
[2022-11-01 23:05:17,583] {logging_mixin.py:115} INFO - [2022-11-01 23:05:17,582] {dagbag.py:507} INFO - Filling up the DagBag from /home/nayara/Documentos/airflowalura/venv/lib/python3.9/site-packages/airflow/example_dags/example_xcomargs.py
[2022-11-01 23:05:17,640] {processor.py:651} INFO - DAG(s) dict_keys(['example_xcom_args', 'example_xcom_args_with_operators']) retrieved from /home/nayara/Documentos/airflowalura/venv/lib/python3.9/site-packages/airflow/example_dags/example_xcomargs.py
[2022-11-01 23:05:17,709] {logging_mixin.py:115} INFO - [2022-11-01 23:05:17,709] {dag.py:2379} INFO - Sync 2 DAGs
[2022-11-01 23:05:17,735] {logging_mixin.py:115} INFO - [2022-11-01 23:05:17,735] {dag.py:2927} INFO - Setting next_dagrun for example_xcom_args to None, run_after=None
[2022-11-01 23:05:17,736] {logging_mixin.py:115} INFO - [2022-11-01 23:05:17,736] {dag.py:2927} INFO - Setting next_dagrun for example_xcom_args_with_operators to None, run_after=None
[2022-11-01 23:05:17,941] {processor.py:161} INFO - Processing /home/nayara/Documentos/airflowalura/venv/lib/python3.9/site-packages/airflow/example_dags/example_xcomargs.py took 0.391 seconds
[2022-11-01 23:06:09,801] {processor.py:153} INFO - Started process (PID=20858) to work on /home/nayara/Documentos/airflowalura/venv/lib/python3.9/site-packages/airflow/example_dags/example_xcomargs.py
[2022-11-01 23:06:09,819] {processor.py:641} INFO - Processing file /home/nayara/Documentos/airflowalura/venv/lib/python3.9/site-packages/airflow/example_dags/example_xcomargs.py for tasks to queue
[2022-11-01 23:06:09,820] {logging_mixin.py:115} INFO - [2022-11-01 23:06:09,820] {dagbag.py:507} INFO - Filling up the DagBag from /home/nayara/Documentos/airflowalura/venv/lib/python3.9/site-packages/airflow/example_dags/example_xcomargs.py
[2022-11-01 23:06:09,849] {processor.py:651} INFO - DAG(s) dict_keys(['example_xcom_args', 'example_xcom_args_with_operators']) retrieved from /home/nayara/Documentos/airflowalura/venv/lib/python3.9/site-packages/airflow/example_dags/example_xcomargs.py
[2022-11-01 23:06:09,871] {logging_mixin.py:115} INFO - [2022-11-01 23:06:09,871] {dag.py:2379} INFO - Sync 2 DAGs
[2022-11-01 23:06:09,889] {logging_mixin.py:115} INFO - [2022-11-01 23:06:09,889] {dag.py:2927} INFO - Setting next_dagrun for example_xcom_args to None, run_after=None
[2022-11-01 23:06:09,889] {logging_mixin.py:115} INFO - [2022-11-01 23:06:09,889] {dag.py:2927} INFO - Setting next_dagrun for example_xcom_args_with_operators to None, run_after=None
[2022-11-01 23:06:10,113] {processor.py:161} INFO - Processing /home/nayara/Documentos/airflowalura/venv/lib/python3.9/site-packages/airflow/example_dags/example_xcomargs.py took 0.322 seconds
[2022-11-01 23:07:10,236] {processor.py:153} INFO - Started process (PID=21033) to work on /home/nayara/Documentos/airflowalura/venv/lib/python3.9/site-packages/airflow/example_dags/example_xcomargs.py
[2022-11-01 23:07:10,247] {processor.py:641} INFO - Processing file /home/nayara/Documentos/airflowalura/venv/lib/python3.9/site-packages/airflow/example_dags/example_xcomargs.py for tasks to queue
[2022-11-01 23:07:10,249] {logging_mixin.py:115} INFO - [2022-11-01 23:07:10,249] {dagbag.py:507} INFO - Filling up the DagBag from /home/nayara/Documentos/airflowalura/venv/lib/python3.9/site-packages/airflow/example_dags/example_xcomargs.py
[2022-11-01 23:07:10,279] {processor.py:651} INFO - DAG(s) dict_keys(['example_xcom_args', 'example_xcom_args_with_operators']) retrieved from /home/nayara/Documentos/airflowalura/venv/lib/python3.9/site-packages/airflow/example_dags/example_xcomargs.py
[2022-11-01 23:07:10,301] {logging_mixin.py:115} INFO - [2022-11-01 23:07:10,301] {dag.py:2379} INFO - Sync 2 DAGs
[2022-11-01 23:07:10,319] {logging_mixin.py:115} INFO - [2022-11-01 23:07:10,318] {dag.py:2927} INFO - Setting next_dagrun for example_xcom_args to None, run_after=None
[2022-11-01 23:07:10,319] {logging_mixin.py:115} INFO - [2022-11-01 23:07:10,319] {dag.py:2927} INFO - Setting next_dagrun for example_xcom_args_with_operators to None, run_after=None
[2022-11-01 23:07:10,592] {processor.py:161} INFO - Processing /home/nayara/Documentos/airflowalura/venv/lib/python3.9/site-packages/airflow/example_dags/example_xcomargs.py took 0.367 seconds
[2022-11-01 23:08:01,392] {processor.py:153} INFO - Started process (PID=21121) to work on /home/nayara/Documentos/airflowalura/venv/lib/python3.9/site-packages/airflow/example_dags/example_xcomargs.py
[2022-11-01 23:08:01,405] {processor.py:641} INFO - Processing file /home/nayara/Documentos/airflowalura/venv/lib/python3.9/site-packages/airflow/example_dags/example_xcomargs.py for tasks to queue
[2022-11-01 23:08:01,406] {logging_mixin.py:115} INFO - [2022-11-01 23:08:01,405] {dagbag.py:507} INFO - Filling up the DagBag from /home/nayara/Documentos/airflowalura/venv/lib/python3.9/site-packages/airflow/example_dags/example_xcomargs.py
[2022-11-01 23:08:01,430] {processor.py:651} INFO - DAG(s) dict_keys(['example_xcom_args', 'example_xcom_args_with_operators']) retrieved from /home/nayara/Documentos/airflowalura/venv/lib/python3.9/site-packages/airflow/example_dags/example_xcomargs.py
[2022-11-01 23:08:01,452] {logging_mixin.py:115} INFO - [2022-11-01 23:08:01,452] {dag.py:2379} INFO - Sync 2 DAGs
[2022-11-01 23:08:01,469] {logging_mixin.py:115} INFO - [2022-11-01 23:08:01,469] {dag.py:2927} INFO - Setting next_dagrun for example_xcom_args to None, run_after=None
[2022-11-01 23:08:01,470] {logging_mixin.py:115} INFO - [2022-11-01 23:08:01,470] {dag.py:2927} INFO - Setting next_dagrun for example_xcom_args_with_operators to None, run_after=None
[2022-11-01 23:08:01,614] {processor.py:161} INFO - Processing /home/nayara/Documentos/airflowalura/venv/lib/python3.9/site-packages/airflow/example_dags/example_xcomargs.py took 0.228 seconds
[2022-11-01 23:08:43,042] {processor.py:153} INFO - Started process (PID=21200) to work on /home/nayara/Documentos/airflowalura/venv/lib/python3.9/site-packages/airflow/example_dags/example_xcomargs.py
[2022-11-01 23:08:43,057] {processor.py:641} INFO - Processing file /home/nayara/Documentos/airflowalura/venv/lib/python3.9/site-packages/airflow/example_dags/example_xcomargs.py for tasks to queue
[2022-11-01 23:08:43,058] {logging_mixin.py:115} INFO - [2022-11-01 23:08:43,058] {dagbag.py:507} INFO - Filling up the DagBag from /home/nayara/Documentos/airflowalura/venv/lib/python3.9/site-packages/airflow/example_dags/example_xcomargs.py
[2022-11-01 23:08:43,089] {processor.py:651} INFO - DAG(s) dict_keys(['example_xcom_args', 'example_xcom_args_with_operators']) retrieved from /home/nayara/Documentos/airflowalura/venv/lib/python3.9/site-packages/airflow/example_dags/example_xcomargs.py
[2022-11-01 23:08:43,110] {logging_mixin.py:115} INFO - [2022-11-01 23:08:43,110] {dag.py:2379} INFO - Sync 2 DAGs
[2022-11-01 23:08:43,128] {logging_mixin.py:115} INFO - [2022-11-01 23:08:43,128] {dag.py:2927} INFO - Setting next_dagrun for example_xcom_args to None, run_after=None
[2022-11-01 23:08:43,128] {logging_mixin.py:115} INFO - [2022-11-01 23:08:43,128] {dag.py:2927} INFO - Setting next_dagrun for example_xcom_args_with_operators to None, run_after=None
[2022-11-01 23:08:43,346] {processor.py:161} INFO - Processing /home/nayara/Documentos/airflowalura/venv/lib/python3.9/site-packages/airflow/example_dags/example_xcomargs.py took 0.309 seconds
[2022-11-01 23:09:27,691] {processor.py:153} INFO - Started process (PID=21349) to work on /home/nayara/Documentos/airflowalura/venv/lib/python3.9/site-packages/airflow/example_dags/example_xcomargs.py
[2022-11-01 23:09:27,747] {processor.py:641} INFO - Processing file /home/nayara/Documentos/airflowalura/venv/lib/python3.9/site-packages/airflow/example_dags/example_xcomargs.py for tasks to queue
[2022-11-01 23:09:27,751] {logging_mixin.py:115} INFO - [2022-11-01 23:09:27,751] {dagbag.py:507} INFO - Filling up the DagBag from /home/nayara/Documentos/airflowalura/venv/lib/python3.9/site-packages/airflow/example_dags/example_xcomargs.py
[2022-11-01 23:09:27,828] {processor.py:651} INFO - DAG(s) dict_keys(['example_xcom_args', 'example_xcom_args_with_operators']) retrieved from /home/nayara/Documentos/airflowalura/venv/lib/python3.9/site-packages/airflow/example_dags/example_xcomargs.py
[2022-11-01 23:09:27,894] {logging_mixin.py:115} INFO - [2022-11-01 23:09:27,893] {dag.py:2379} INFO - Sync 2 DAGs
[2022-11-01 23:09:27,916] {logging_mixin.py:115} INFO - [2022-11-01 23:09:27,916] {dag.py:2927} INFO - Setting next_dagrun for example_xcom_args to None, run_after=None
[2022-11-01 23:09:27,916] {logging_mixin.py:115} INFO - [2022-11-01 23:09:27,916] {dag.py:2927} INFO - Setting next_dagrun for example_xcom_args_with_operators to None, run_after=None
[2022-11-01 23:09:28,707] {processor.py:161} INFO - Processing /home/nayara/Documentos/airflowalura/venv/lib/python3.9/site-packages/airflow/example_dags/example_xcomargs.py took 1.033 seconds
[2022-11-01 23:10:51,282] {processor.py:153} INFO - Started process (PID=21536) to work on /home/nayara/Documentos/airflowalura/venv/lib/python3.9/site-packages/airflow/example_dags/example_xcomargs.py
[2022-11-01 23:10:51,354] {processor.py:641} INFO - Processing file /home/nayara/Documentos/airflowalura/venv/lib/python3.9/site-packages/airflow/example_dags/example_xcomargs.py for tasks to queue
[2022-11-01 23:10:51,357] {logging_mixin.py:115} INFO - [2022-11-01 23:10:51,356] {dagbag.py:507} INFO - Filling up the DagBag from /home/nayara/Documentos/airflowalura/venv/lib/python3.9/site-packages/airflow/example_dags/example_xcomargs.py
[2022-11-01 23:10:51,438] {processor.py:651} INFO - DAG(s) dict_keys(['example_xcom_args', 'example_xcom_args_with_operators']) retrieved from /home/nayara/Documentos/airflowalura/venv/lib/python3.9/site-packages/airflow/example_dags/example_xcomargs.py
[2022-11-01 23:10:51,512] {logging_mixin.py:115} INFO - [2022-11-01 23:10:51,512] {dag.py:2379} INFO - Sync 2 DAGs
[2022-11-01 23:10:51,530] {logging_mixin.py:115} INFO - [2022-11-01 23:10:51,530] {dag.py:2927} INFO - Setting next_dagrun for example_xcom_args to None, run_after=None
[2022-11-01 23:10:51,530] {logging_mixin.py:115} INFO - [2022-11-01 23:10:51,530] {dag.py:2927} INFO - Setting next_dagrun for example_xcom_args_with_operators to None, run_after=None
[2022-11-01 23:10:52,308] {processor.py:161} INFO - Processing /home/nayara/Documentos/airflowalura/venv/lib/python3.9/site-packages/airflow/example_dags/example_xcomargs.py took 1.042 seconds
[2022-11-01 23:12:22,183] {processor.py:153} INFO - Started process (PID=21796) to work on /home/nayara/Documentos/airflowalura/venv/lib/python3.9/site-packages/airflow/example_dags/example_xcomargs.py
[2022-11-01 23:12:22,201] {processor.py:641} INFO - Processing file /home/nayara/Documentos/airflowalura/venv/lib/python3.9/site-packages/airflow/example_dags/example_xcomargs.py for tasks to queue
[2022-11-01 23:12:22,204] {logging_mixin.py:115} INFO - [2022-11-01 23:12:22,204] {dagbag.py:507} INFO - Filling up the DagBag from /home/nayara/Documentos/airflowalura/venv/lib/python3.9/site-packages/airflow/example_dags/example_xcomargs.py
[2022-11-01 23:12:22,293] {processor.py:651} INFO - DAG(s) dict_keys(['example_xcom_args', 'example_xcom_args_with_operators']) retrieved from /home/nayara/Documentos/airflowalura/venv/lib/python3.9/site-packages/airflow/example_dags/example_xcomargs.py
[2022-11-01 23:12:22,869] {logging_mixin.py:115} INFO - [2022-11-01 23:12:22,869] {dag.py:2379} INFO - Sync 2 DAGs
[2022-11-01 23:12:22,892] {logging_mixin.py:115} INFO - [2022-11-01 23:12:22,892] {dag.py:2927} INFO - Setting next_dagrun for example_xcom_args to None, run_after=None
[2022-11-01 23:12:22,892] {logging_mixin.py:115} INFO - [2022-11-01 23:12:22,892] {dag.py:2927} INFO - Setting next_dagrun for example_xcom_args_with_operators to None, run_after=None
[2022-11-01 23:12:23,517] {processor.py:161} INFO - Processing /home/nayara/Documentos/airflowalura/venv/lib/python3.9/site-packages/airflow/example_dags/example_xcomargs.py took 1.354 seconds
[2022-11-01 23:13:33,809] {processor.py:153} INFO - Started process (PID=21918) to work on /home/nayara/Documentos/airflowalura/venv/lib/python3.9/site-packages/airflow/example_dags/example_xcomargs.py
[2022-11-01 23:13:33,896] {processor.py:641} INFO - Processing file /home/nayara/Documentos/airflowalura/venv/lib/python3.9/site-packages/airflow/example_dags/example_xcomargs.py for tasks to queue
[2022-11-01 23:13:33,898] {logging_mixin.py:115} INFO - [2022-11-01 23:13:33,898] {dagbag.py:507} INFO - Filling up the DagBag from /home/nayara/Documentos/airflowalura/venv/lib/python3.9/site-packages/airflow/example_dags/example_xcomargs.py
[2022-11-01 23:13:33,996] {processor.py:651} INFO - DAG(s) dict_keys(['example_xcom_args', 'example_xcom_args_with_operators']) retrieved from /home/nayara/Documentos/airflowalura/venv/lib/python3.9/site-packages/airflow/example_dags/example_xcomargs.py
[2022-11-01 23:13:34,027] {logging_mixin.py:115} INFO - [2022-11-01 23:13:34,026] {dag.py:2379} INFO - Sync 2 DAGs
[2022-11-01 23:13:34,047] {logging_mixin.py:115} INFO - [2022-11-01 23:13:34,047] {dag.py:2927} INFO - Setting next_dagrun for example_xcom_args to None, run_after=None
[2022-11-01 23:13:34,048] {logging_mixin.py:115} INFO - [2022-11-01 23:13:34,048] {dag.py:2927} INFO - Setting next_dagrun for example_xcom_args_with_operators to None, run_after=None
[2022-11-01 23:13:34,358] {processor.py:161} INFO - Processing /home/nayara/Documentos/airflowalura/venv/lib/python3.9/site-packages/airflow/example_dags/example_xcomargs.py took 0.555 seconds
[2022-11-01 23:14:41,415] {processor.py:153} INFO - Started process (PID=22120) to work on /home/nayara/Documentos/airflowalura/venv/lib/python3.9/site-packages/airflow/example_dags/example_xcomargs.py
[2022-11-01 23:14:41,432] {processor.py:641} INFO - Processing file /home/nayara/Documentos/airflowalura/venv/lib/python3.9/site-packages/airflow/example_dags/example_xcomargs.py for tasks to queue
[2022-11-01 23:14:41,433] {logging_mixin.py:115} INFO - [2022-11-01 23:14:41,433] {dagbag.py:507} INFO - Filling up the DagBag from /home/nayara/Documentos/airflowalura/venv/lib/python3.9/site-packages/airflow/example_dags/example_xcomargs.py
[2022-11-01 23:14:41,466] {processor.py:651} INFO - DAG(s) dict_keys(['example_xcom_args', 'example_xcom_args_with_operators']) retrieved from /home/nayara/Documentos/airflowalura/venv/lib/python3.9/site-packages/airflow/example_dags/example_xcomargs.py
[2022-11-01 23:14:41,521] {logging_mixin.py:115} INFO - [2022-11-01 23:14:41,521] {dag.py:2379} INFO - Sync 2 DAGs
[2022-11-01 23:14:41,537] {logging_mixin.py:115} INFO - [2022-11-01 23:14:41,537] {dag.py:2927} INFO - Setting next_dagrun for example_xcom_args to None, run_after=None
[2022-11-01 23:14:41,537] {logging_mixin.py:115} INFO - [2022-11-01 23:14:41,537] {dag.py:2927} INFO - Setting next_dagrun for example_xcom_args_with_operators to None, run_after=None
[2022-11-01 23:14:41,777] {processor.py:161} INFO - Processing /home/nayara/Documentos/airflowalura/venv/lib/python3.9/site-packages/airflow/example_dags/example_xcomargs.py took 0.371 seconds
[2022-11-01 23:15:42,057] {processor.py:153} INFO - Started process (PID=22263) to work on /home/nayara/Documentos/airflowalura/venv/lib/python3.9/site-packages/airflow/example_dags/example_xcomargs.py
[2022-11-01 23:15:42,080] {processor.py:641} INFO - Processing file /home/nayara/Documentos/airflowalura/venv/lib/python3.9/site-packages/airflow/example_dags/example_xcomargs.py for tasks to queue
[2022-11-01 23:15:42,083] {logging_mixin.py:115} INFO - [2022-11-01 23:15:42,082] {dagbag.py:507} INFO - Filling up the DagBag from /home/nayara/Documentos/airflowalura/venv/lib/python3.9/site-packages/airflow/example_dags/example_xcomargs.py
[2022-11-01 23:15:42,130] {processor.py:651} INFO - DAG(s) dict_keys(['example_xcom_args', 'example_xcom_args_with_operators']) retrieved from /home/nayara/Documentos/airflowalura/venv/lib/python3.9/site-packages/airflow/example_dags/example_xcomargs.py
[2022-11-01 23:15:42,155] {logging_mixin.py:115} INFO - [2022-11-01 23:15:42,155] {dag.py:2379} INFO - Sync 2 DAGs
[2022-11-01 23:15:42,172] {logging_mixin.py:115} INFO - [2022-11-01 23:15:42,172] {dag.py:2927} INFO - Setting next_dagrun for example_xcom_args to None, run_after=None
[2022-11-01 23:15:42,173] {logging_mixin.py:115} INFO - [2022-11-01 23:15:42,172] {dag.py:2927} INFO - Setting next_dagrun for example_xcom_args_with_operators to None, run_after=None
[2022-11-01 23:15:42,457] {processor.py:161} INFO - Processing /home/nayara/Documentos/airflowalura/venv/lib/python3.9/site-packages/airflow/example_dags/example_xcomargs.py took 0.416 seconds
[2022-11-01 23:16:42,480] {processor.py:153} INFO - Started process (PID=22392) to work on /home/nayara/Documentos/airflowalura/venv/lib/python3.9/site-packages/airflow/example_dags/example_xcomargs.py
[2022-11-01 23:16:42,591] {processor.py:641} INFO - Processing file /home/nayara/Documentos/airflowalura/venv/lib/python3.9/site-packages/airflow/example_dags/example_xcomargs.py for tasks to queue
[2022-11-01 23:16:42,595] {logging_mixin.py:115} INFO - [2022-11-01 23:16:42,594] {dagbag.py:507} INFO - Filling up the DagBag from /home/nayara/Documentos/airflowalura/venv/lib/python3.9/site-packages/airflow/example_dags/example_xcomargs.py
[2022-11-01 23:16:42,663] {processor.py:651} INFO - DAG(s) dict_keys(['example_xcom_args', 'example_xcom_args_with_operators']) retrieved from /home/nayara/Documentos/airflowalura/venv/lib/python3.9/site-packages/airflow/example_dags/example_xcomargs.py
[2022-11-01 23:16:42,763] {logging_mixin.py:115} INFO - [2022-11-01 23:16:42,763] {dag.py:2379} INFO - Sync 2 DAGs
[2022-11-01 23:16:42,797] {logging_mixin.py:115} INFO - [2022-11-01 23:16:42,797] {dag.py:2927} INFO - Setting next_dagrun for example_xcom_args to None, run_after=None
[2022-11-01 23:16:42,797] {logging_mixin.py:115} INFO - [2022-11-01 23:16:42,797] {dag.py:2927} INFO - Setting next_dagrun for example_xcom_args_with_operators to None, run_after=None
[2022-11-01 23:16:43,234] {processor.py:161} INFO - Processing /home/nayara/Documentos/airflowalura/venv/lib/python3.9/site-packages/airflow/example_dags/example_xcomargs.py took 0.758 seconds
[2022-11-01 23:17:56,348] {processor.py:153} INFO - Started process (PID=22567) to work on /home/nayara/Documentos/airflowalura/venv/lib/python3.9/site-packages/airflow/example_dags/example_xcomargs.py
[2022-11-01 23:17:56,390] {processor.py:641} INFO - Processing file /home/nayara/Documentos/airflowalura/venv/lib/python3.9/site-packages/airflow/example_dags/example_xcomargs.py for tasks to queue
[2022-11-01 23:17:56,393] {logging_mixin.py:115} INFO - [2022-11-01 23:17:56,392] {dagbag.py:507} INFO - Filling up the DagBag from /home/nayara/Documentos/airflowalura/venv/lib/python3.9/site-packages/airflow/example_dags/example_xcomargs.py
[2022-11-01 23:17:56,483] {processor.py:651} INFO - DAG(s) dict_keys(['example_xcom_args', 'example_xcom_args_with_operators']) retrieved from /home/nayara/Documentos/airflowalura/venv/lib/python3.9/site-packages/airflow/example_dags/example_xcomargs.py
[2022-11-01 23:17:56,959] {logging_mixin.py:115} INFO - [2022-11-01 23:17:56,959] {dag.py:2379} INFO - Sync 2 DAGs
[2022-11-01 23:17:56,982] {logging_mixin.py:115} INFO - [2022-11-01 23:17:56,982] {dag.py:2927} INFO - Setting next_dagrun for example_xcom_args to None, run_after=None
[2022-11-01 23:17:56,982] {logging_mixin.py:115} INFO - [2022-11-01 23:17:56,982] {dag.py:2927} INFO - Setting next_dagrun for example_xcom_args_with_operators to None, run_after=None
[2022-11-01 23:17:57,538] {processor.py:161} INFO - Processing /home/nayara/Documentos/airflowalura/venv/lib/python3.9/site-packages/airflow/example_dags/example_xcomargs.py took 1.203 seconds
[2022-11-01 23:18:43,763] {processor.py:153} INFO - Started process (PID=22642) to work on /home/nayara/Documentos/airflowalura/venv/lib/python3.9/site-packages/airflow/example_dags/example_xcomargs.py
[2022-11-01 23:18:43,828] {processor.py:641} INFO - Processing file /home/nayara/Documentos/airflowalura/venv/lib/python3.9/site-packages/airflow/example_dags/example_xcomargs.py for tasks to queue
[2022-11-01 23:18:43,829] {logging_mixin.py:115} INFO - [2022-11-01 23:18:43,829] {dagbag.py:507} INFO - Filling up the DagBag from /home/nayara/Documentos/airflowalura/venv/lib/python3.9/site-packages/airflow/example_dags/example_xcomargs.py
[2022-11-01 23:18:43,873] {processor.py:651} INFO - DAG(s) dict_keys(['example_xcom_args', 'example_xcom_args_with_operators']) retrieved from /home/nayara/Documentos/airflowalura/venv/lib/python3.9/site-packages/airflow/example_dags/example_xcomargs.py
[2022-11-01 23:18:43,894] {logging_mixin.py:115} INFO - [2022-11-01 23:18:43,894] {dag.py:2379} INFO - Sync 2 DAGs
[2022-11-01 23:18:43,913] {logging_mixin.py:115} INFO - [2022-11-01 23:18:43,913] {dag.py:2927} INFO - Setting next_dagrun for example_xcom_args to None, run_after=None
[2022-11-01 23:18:43,914] {logging_mixin.py:115} INFO - [2022-11-01 23:18:43,914] {dag.py:2927} INFO - Setting next_dagrun for example_xcom_args_with_operators to None, run_after=None
[2022-11-01 23:18:44,309] {processor.py:161} INFO - Processing /home/nayara/Documentos/airflowalura/venv/lib/python3.9/site-packages/airflow/example_dags/example_xcomargs.py took 0.559 seconds
[2022-11-01 23:19:42,368] {processor.py:153} INFO - Started process (PID=22760) to work on /home/nayara/Documentos/airflowalura/venv/lib/python3.9/site-packages/airflow/example_dags/example_xcomargs.py
[2022-11-01 23:19:42,407] {processor.py:641} INFO - Processing file /home/nayara/Documentos/airflowalura/venv/lib/python3.9/site-packages/airflow/example_dags/example_xcomargs.py for tasks to queue
[2022-11-01 23:19:42,410] {logging_mixin.py:115} INFO - [2022-11-01 23:19:42,410] {dagbag.py:507} INFO - Filling up the DagBag from /home/nayara/Documentos/airflowalura/venv/lib/python3.9/site-packages/airflow/example_dags/example_xcomargs.py
[2022-11-01 23:19:42,485] {processor.py:651} INFO - DAG(s) dict_keys(['example_xcom_args', 'example_xcom_args_with_operators']) retrieved from /home/nayara/Documentos/airflowalura/venv/lib/python3.9/site-packages/airflow/example_dags/example_xcomargs.py
[2022-11-01 23:19:42,541] {logging_mixin.py:115} INFO - [2022-11-01 23:19:42,541] {dag.py:2379} INFO - Sync 2 DAGs
[2022-11-01 23:19:42,562] {logging_mixin.py:115} INFO - [2022-11-01 23:19:42,562] {dag.py:2927} INFO - Setting next_dagrun for example_xcom_args to None, run_after=None
[2022-11-01 23:19:42,563] {logging_mixin.py:115} INFO - [2022-11-01 23:19:42,563] {dag.py:2927} INFO - Setting next_dagrun for example_xcom_args_with_operators to None, run_after=None
[2022-11-01 23:19:42,788] {processor.py:161} INFO - Processing /home/nayara/Documentos/airflowalura/venv/lib/python3.9/site-packages/airflow/example_dags/example_xcomargs.py took 0.435 seconds
[2022-11-01 23:20:54,741] {processor.py:153} INFO - Started process (PID=22960) to work on /home/nayara/Documentos/airflowalura/venv/lib/python3.9/site-packages/airflow/example_dags/example_xcomargs.py
[2022-11-01 23:20:54,752] {processor.py:641} INFO - Processing file /home/nayara/Documentos/airflowalura/venv/lib/python3.9/site-packages/airflow/example_dags/example_xcomargs.py for tasks to queue
[2022-11-01 23:20:54,755] {logging_mixin.py:115} INFO - [2022-11-01 23:20:54,755] {dagbag.py:507} INFO - Filling up the DagBag from /home/nayara/Documentos/airflowalura/venv/lib/python3.9/site-packages/airflow/example_dags/example_xcomargs.py
[2022-11-01 23:20:54,804] {processor.py:651} INFO - DAG(s) dict_keys(['example_xcom_args', 'example_xcom_args_with_operators']) retrieved from /home/nayara/Documentos/airflowalura/venv/lib/python3.9/site-packages/airflow/example_dags/example_xcomargs.py
[2022-11-01 23:20:54,868] {logging_mixin.py:115} INFO - [2022-11-01 23:20:54,868] {dag.py:2379} INFO - Sync 2 DAGs
[2022-11-01 23:20:54,885] {logging_mixin.py:115} INFO - [2022-11-01 23:20:54,885] {dag.py:2927} INFO - Setting next_dagrun for example_xcom_args to None, run_after=None
[2022-11-01 23:20:54,885] {logging_mixin.py:115} INFO - [2022-11-01 23:20:54,885] {dag.py:2927} INFO - Setting next_dagrun for example_xcom_args_with_operators to None, run_after=None
[2022-11-01 23:20:55,115] {processor.py:161} INFO - Processing /home/nayara/Documentos/airflowalura/venv/lib/python3.9/site-packages/airflow/example_dags/example_xcomargs.py took 0.381 seconds
