[2022-11-01 22:40:51,601] {processor.py:153} INFO - Started process (PID=17804) to work on /home/nayara/Documentos/airflowalura/venv/lib/python3.9/site-packages/airflow/example_dags/example_latest_only.py
[2022-11-01 22:40:51,604] {processor.py:641} INFO - Processing file /home/nayara/Documentos/airflowalura/venv/lib/python3.9/site-packages/airflow/example_dags/example_latest_only.py for tasks to queue
[2022-11-01 22:40:51,607] {logging_mixin.py:115} INFO - [2022-11-01 22:40:51,606] {dagbag.py:507} INFO - Filling up the DagBag from /home/nayara/Documentos/airflowalura/venv/lib/python3.9/site-packages/airflow/example_dags/example_latest_only.py
[2022-11-01 22:40:51,634] {processor.py:651} INFO - DAG(s) dict_keys(['latest_only']) retrieved from /home/nayara/Documentos/airflowalura/venv/lib/python3.9/site-packages/airflow/example_dags/example_latest_only.py
[2022-11-01 22:40:51,679] {logging_mixin.py:115} INFO - [2022-11-01 22:40:51,679] {dag.py:2379} INFO - Sync 1 DAGs
[2022-11-01 22:40:51,703] {logging_mixin.py:115} INFO - [2022-11-01 22:40:51,702] {dag.py:2927} INFO - Setting next_dagrun for latest_only to 2022-11-01T21:40:51.702475+00:00, run_after=2022-11-02T01:40:51.702475+00:00
[2022-11-01 22:40:52,082] {processor.py:161} INFO - Processing /home/nayara/Documentos/airflowalura/venv/lib/python3.9/site-packages/airflow/example_dags/example_latest_only.py took 0.496 seconds
[2022-11-01 22:43:21,286] {processor.py:153} INFO - Started process (PID=18010) to work on /home/nayara/Documentos/airflowalura/venv/lib/python3.9/site-packages/airflow/example_dags/example_latest_only.py
[2022-11-01 22:43:21,296] {processor.py:641} INFO - Processing file /home/nayara/Documentos/airflowalura/venv/lib/python3.9/site-packages/airflow/example_dags/example_latest_only.py for tasks to queue
[2022-11-01 22:43:21,298] {logging_mixin.py:115} INFO - [2022-11-01 22:43:21,297] {dagbag.py:507} INFO - Filling up the DagBag from /home/nayara/Documentos/airflowalura/venv/lib/python3.9/site-packages/airflow/example_dags/example_latest_only.py
[2022-11-01 22:43:21,314] {processor.py:651} INFO - DAG(s) dict_keys(['latest_only']) retrieved from /home/nayara/Documentos/airflowalura/venv/lib/python3.9/site-packages/airflow/example_dags/example_latest_only.py
[2022-11-01 22:43:21,362] {logging_mixin.py:115} INFO - [2022-11-01 22:43:21,362] {dag.py:2379} INFO - Sync 1 DAGs
[2022-11-01 22:43:21,406] {logging_mixin.py:115} INFO - [2022-11-01 22:43:21,406] {dag.py:2927} INFO - Setting next_dagrun for latest_only to 2022-11-01T21:43:21.406038+00:00, run_after=2022-11-02T01:43:21.406038+00:00
[2022-11-01 22:43:21,749] {processor.py:161} INFO - Processing /home/nayara/Documentos/airflowalura/venv/lib/python3.9/site-packages/airflow/example_dags/example_latest_only.py took 0.468 seconds
[2022-11-01 22:44:49,904] {processor.py:153} INFO - Started process (PID=18160) to work on /home/nayara/Documentos/airflowalura/venv/lib/python3.9/site-packages/airflow/example_dags/example_latest_only.py
[2022-11-01 22:44:49,906] {processor.py:641} INFO - Processing file /home/nayara/Documentos/airflowalura/venv/lib/python3.9/site-packages/airflow/example_dags/example_latest_only.py for tasks to queue
[2022-11-01 22:44:49,907] {logging_mixin.py:115} INFO - [2022-11-01 22:44:49,907] {dagbag.py:507} INFO - Filling up the DagBag from /home/nayara/Documentos/airflowalura/venv/lib/python3.9/site-packages/airflow/example_dags/example_latest_only.py
[2022-11-01 22:44:49,922] {processor.py:651} INFO - DAG(s) dict_keys(['latest_only']) retrieved from /home/nayara/Documentos/airflowalura/venv/lib/python3.9/site-packages/airflow/example_dags/example_latest_only.py
[2022-11-01 22:44:49,969] {logging_mixin.py:115} INFO - [2022-11-01 22:44:49,968] {dag.py:2379} INFO - Sync 1 DAGs
[2022-11-01 22:44:50,004] {logging_mixin.py:115} INFO - [2022-11-01 22:44:50,003] {dag.py:2927} INFO - Setting next_dagrun for latest_only to 2022-11-01T21:44:50.003585+00:00, run_after=2022-11-02T01:44:50.003585+00:00
[2022-11-01 22:44:50,353] {processor.py:161} INFO - Processing /home/nayara/Documentos/airflowalura/venv/lib/python3.9/site-packages/airflow/example_dags/example_latest_only.py took 0.460 seconds
[2022-11-01 22:45:52,653] {processor.py:153} INFO - Started process (PID=18262) to work on /home/nayara/Documentos/airflowalura/venv/lib/python3.9/site-packages/airflow/example_dags/example_latest_only.py
[2022-11-01 22:45:52,656] {processor.py:641} INFO - Processing file /home/nayara/Documentos/airflowalura/venv/lib/python3.9/site-packages/airflow/example_dags/example_latest_only.py for tasks to queue
[2022-11-01 22:45:52,657] {logging_mixin.py:115} INFO - [2022-11-01 22:45:52,657] {dagbag.py:507} INFO - Filling up the DagBag from /home/nayara/Documentos/airflowalura/venv/lib/python3.9/site-packages/airflow/example_dags/example_latest_only.py
[2022-11-01 22:45:52,670] {processor.py:651} INFO - DAG(s) dict_keys(['latest_only']) retrieved from /home/nayara/Documentos/airflowalura/venv/lib/python3.9/site-packages/airflow/example_dags/example_latest_only.py
[2022-11-01 22:45:52,716] {logging_mixin.py:115} INFO - [2022-11-01 22:45:52,715] {dag.py:2379} INFO - Sync 1 DAGs
[2022-11-01 22:45:52,758] {logging_mixin.py:115} INFO - [2022-11-01 22:45:52,758] {dag.py:2927} INFO - Setting next_dagrun for latest_only to 2022-11-01T21:45:52.758122+00:00, run_after=2022-11-02T01:45:52.758122+00:00
[2022-11-01 22:45:53,303] {processor.py:161} INFO - Processing /home/nayara/Documentos/airflowalura/venv/lib/python3.9/site-packages/airflow/example_dags/example_latest_only.py took 0.655 seconds
[2022-11-01 22:46:54,459] {processor.py:153} INFO - Started process (PID=18422) to work on /home/nayara/Documentos/airflowalura/venv/lib/python3.9/site-packages/airflow/example_dags/example_latest_only.py
[2022-11-01 22:46:54,461] {processor.py:641} INFO - Processing file /home/nayara/Documentos/airflowalura/venv/lib/python3.9/site-packages/airflow/example_dags/example_latest_only.py for tasks to queue
[2022-11-01 22:46:54,463] {logging_mixin.py:115} INFO - [2022-11-01 22:46:54,463] {dagbag.py:507} INFO - Filling up the DagBag from /home/nayara/Documentos/airflowalura/venv/lib/python3.9/site-packages/airflow/example_dags/example_latest_only.py
[2022-11-01 22:46:54,476] {processor.py:651} INFO - DAG(s) dict_keys(['latest_only']) retrieved from /home/nayara/Documentos/airflowalura/venv/lib/python3.9/site-packages/airflow/example_dags/example_latest_only.py
[2022-11-01 22:46:54,518] {logging_mixin.py:115} INFO - [2022-11-01 22:46:54,518] {dag.py:2379} INFO - Sync 1 DAGs
[2022-11-01 22:46:54,565] {logging_mixin.py:115} INFO - [2022-11-01 22:46:54,564] {dag.py:2927} INFO - Setting next_dagrun for latest_only to 2022-11-01T21:46:54.564332+00:00, run_after=2022-11-02T01:46:54.564332+00:00
[2022-11-01 22:46:54,851] {processor.py:161} INFO - Processing /home/nayara/Documentos/airflowalura/venv/lib/python3.9/site-packages/airflow/example_dags/example_latest_only.py took 0.400 seconds
[2022-11-01 22:47:57,203] {processor.py:153} INFO - Started process (PID=18536) to work on /home/nayara/Documentos/airflowalura/venv/lib/python3.9/site-packages/airflow/example_dags/example_latest_only.py
[2022-11-01 22:47:57,204] {processor.py:641} INFO - Processing file /home/nayara/Documentos/airflowalura/venv/lib/python3.9/site-packages/airflow/example_dags/example_latest_only.py for tasks to queue
[2022-11-01 22:47:57,206] {logging_mixin.py:115} INFO - [2022-11-01 22:47:57,206] {dagbag.py:507} INFO - Filling up the DagBag from /home/nayara/Documentos/airflowalura/venv/lib/python3.9/site-packages/airflow/example_dags/example_latest_only.py
[2022-11-01 22:47:57,217] {processor.py:651} INFO - DAG(s) dict_keys(['latest_only']) retrieved from /home/nayara/Documentos/airflowalura/venv/lib/python3.9/site-packages/airflow/example_dags/example_latest_only.py
[2022-11-01 22:47:57,252] {logging_mixin.py:115} INFO - [2022-11-01 22:47:57,252] {dag.py:2379} INFO - Sync 1 DAGs
[2022-11-01 22:47:57,284] {logging_mixin.py:115} INFO - [2022-11-01 22:47:57,284] {dag.py:2927} INFO - Setting next_dagrun for latest_only to 2022-11-01T21:47:57.284387+00:00, run_after=2022-11-02T01:47:57.284387+00:00
[2022-11-01 22:47:57,655] {processor.py:161} INFO - Processing /home/nayara/Documentos/airflowalura/venv/lib/python3.9/site-packages/airflow/example_dags/example_latest_only.py took 0.456 seconds
[2022-11-01 22:48:54,132] {processor.py:153} INFO - Started process (PID=18642) to work on /home/nayara/Documentos/airflowalura/venv/lib/python3.9/site-packages/airflow/example_dags/example_latest_only.py
[2022-11-01 22:48:54,135] {processor.py:641} INFO - Processing file /home/nayara/Documentos/airflowalura/venv/lib/python3.9/site-packages/airflow/example_dags/example_latest_only.py for tasks to queue
[2022-11-01 22:48:54,137] {logging_mixin.py:115} INFO - [2022-11-01 22:48:54,136] {dagbag.py:507} INFO - Filling up the DagBag from /home/nayara/Documentos/airflowalura/venv/lib/python3.9/site-packages/airflow/example_dags/example_latest_only.py
[2022-11-01 22:48:54,150] {processor.py:651} INFO - DAG(s) dict_keys(['latest_only']) retrieved from /home/nayara/Documentos/airflowalura/venv/lib/python3.9/site-packages/airflow/example_dags/example_latest_only.py
[2022-11-01 22:48:54,196] {logging_mixin.py:115} INFO - [2022-11-01 22:48:54,196] {dag.py:2379} INFO - Sync 1 DAGs
[2022-11-01 22:48:54,229] {logging_mixin.py:115} INFO - [2022-11-01 22:48:54,229] {dag.py:2927} INFO - Setting next_dagrun for latest_only to 2022-11-01T21:48:54.228535+00:00, run_after=2022-11-02T01:48:54.228535+00:00
[2022-11-01 22:48:54,597] {processor.py:161} INFO - Processing /home/nayara/Documentos/airflowalura/venv/lib/python3.9/site-packages/airflow/example_dags/example_latest_only.py took 0.471 seconds
[2022-11-01 22:49:50,577] {processor.py:153} INFO - Started process (PID=18752) to work on /home/nayara/Documentos/airflowalura/venv/lib/python3.9/site-packages/airflow/example_dags/example_latest_only.py
[2022-11-01 22:49:50,578] {processor.py:641} INFO - Processing file /home/nayara/Documentos/airflowalura/venv/lib/python3.9/site-packages/airflow/example_dags/example_latest_only.py for tasks to queue
[2022-11-01 22:49:50,579] {logging_mixin.py:115} INFO - [2022-11-01 22:49:50,579] {dagbag.py:507} INFO - Filling up the DagBag from /home/nayara/Documentos/airflowalura/venv/lib/python3.9/site-packages/airflow/example_dags/example_latest_only.py
[2022-11-01 22:49:50,590] {processor.py:651} INFO - DAG(s) dict_keys(['latest_only']) retrieved from /home/nayara/Documentos/airflowalura/venv/lib/python3.9/site-packages/airflow/example_dags/example_latest_only.py
[2022-11-01 22:49:50,630] {logging_mixin.py:115} INFO - [2022-11-01 22:49:50,629] {dag.py:2379} INFO - Sync 1 DAGs
[2022-11-01 22:49:50,668] {logging_mixin.py:115} INFO - [2022-11-01 22:49:50,668] {dag.py:2927} INFO - Setting next_dagrun for latest_only to 2022-11-01T21:49:50.668023+00:00, run_after=2022-11-02T01:49:50.668023+00:00
[2022-11-01 22:49:50,972] {processor.py:161} INFO - Processing /home/nayara/Documentos/airflowalura/venv/lib/python3.9/site-packages/airflow/example_dags/example_latest_only.py took 0.406 seconds
[2022-11-01 22:50:45,915] {processor.py:153} INFO - Started process (PID=18858) to work on /home/nayara/Documentos/airflowalura/venv/lib/python3.9/site-packages/airflow/example_dags/example_latest_only.py
[2022-11-01 22:50:45,917] {processor.py:641} INFO - Processing file /home/nayara/Documentos/airflowalura/venv/lib/python3.9/site-packages/airflow/example_dags/example_latest_only.py for tasks to queue
[2022-11-01 22:50:45,919] {logging_mixin.py:115} INFO - [2022-11-01 22:50:45,919] {dagbag.py:507} INFO - Filling up the DagBag from /home/nayara/Documentos/airflowalura/venv/lib/python3.9/site-packages/airflow/example_dags/example_latest_only.py
[2022-11-01 22:50:45,934] {processor.py:651} INFO - DAG(s) dict_keys(['latest_only']) retrieved from /home/nayara/Documentos/airflowalura/venv/lib/python3.9/site-packages/airflow/example_dags/example_latest_only.py
[2022-11-01 22:50:45,974] {logging_mixin.py:115} INFO - [2022-11-01 22:50:45,973] {dag.py:2379} INFO - Sync 1 DAGs
[2022-11-01 22:50:46,012] {logging_mixin.py:115} INFO - [2022-11-01 22:50:46,012] {dag.py:2927} INFO - Setting next_dagrun for latest_only to 2022-11-01T21:50:46.011921+00:00, run_after=2022-11-02T01:50:46.011921+00:00
[2022-11-01 22:50:46,270] {processor.py:161} INFO - Processing /home/nayara/Documentos/airflowalura/venv/lib/python3.9/site-packages/airflow/example_dags/example_latest_only.py took 0.361 seconds
[2022-11-01 22:52:03,352] {processor.py:153} INFO - Started process (PID=19043) to work on /home/nayara/Documentos/airflowalura/venv/lib/python3.9/site-packages/airflow/example_dags/example_latest_only.py
[2022-11-01 22:52:03,363] {processor.py:641} INFO - Processing file /home/nayara/Documentos/airflowalura/venv/lib/python3.9/site-packages/airflow/example_dags/example_latest_only.py for tasks to queue
[2022-11-01 22:52:03,365] {logging_mixin.py:115} INFO - [2022-11-01 22:52:03,365] {dagbag.py:507} INFO - Filling up the DagBag from /home/nayara/Documentos/airflowalura/venv/lib/python3.9/site-packages/airflow/example_dags/example_latest_only.py
[2022-11-01 22:52:03,382] {processor.py:651} INFO - DAG(s) dict_keys(['latest_only']) retrieved from /home/nayara/Documentos/airflowalura/venv/lib/python3.9/site-packages/airflow/example_dags/example_latest_only.py
[2022-11-01 22:52:03,425] {logging_mixin.py:115} INFO - [2022-11-01 22:52:03,425] {dag.py:2379} INFO - Sync 1 DAGs
[2022-11-01 22:52:03,540] {logging_mixin.py:115} INFO - [2022-11-01 22:52:03,540] {dag.py:2927} INFO - Setting next_dagrun for latest_only to 2022-11-01T21:52:03.463091+00:00, run_after=2022-11-02T01:52:03.463091+00:00
[2022-11-01 22:52:04,428] {processor.py:161} INFO - Processing /home/nayara/Documentos/airflowalura/venv/lib/python3.9/site-packages/airflow/example_dags/example_latest_only.py took 1.084 seconds
[2022-11-01 22:53:22,244] {processor.py:153} INFO - Started process (PID=19183) to work on /home/nayara/Documentos/airflowalura/venv/lib/python3.9/site-packages/airflow/example_dags/example_latest_only.py
[2022-11-01 22:53:22,269] {processor.py:641} INFO - Processing file /home/nayara/Documentos/airflowalura/venv/lib/python3.9/site-packages/airflow/example_dags/example_latest_only.py for tasks to queue
[2022-11-01 22:53:22,270] {logging_mixin.py:115} INFO - [2022-11-01 22:53:22,270] {dagbag.py:507} INFO - Filling up the DagBag from /home/nayara/Documentos/airflowalura/venv/lib/python3.9/site-packages/airflow/example_dags/example_latest_only.py
[2022-11-01 22:53:22,280] {processor.py:651} INFO - DAG(s) dict_keys(['latest_only']) retrieved from /home/nayara/Documentos/airflowalura/venv/lib/python3.9/site-packages/airflow/example_dags/example_latest_only.py
[2022-11-01 22:53:22,316] {logging_mixin.py:115} INFO - [2022-11-01 22:53:22,315] {dag.py:2379} INFO - Sync 1 DAGs
[2022-11-01 22:53:22,351] {logging_mixin.py:115} INFO - [2022-11-01 22:53:22,351] {dag.py:2927} INFO - Setting next_dagrun for latest_only to 2022-11-01T21:53:22.351156+00:00, run_after=2022-11-02T01:53:22.351156+00:00
[2022-11-01 22:53:22,688] {processor.py:161} INFO - Processing /home/nayara/Documentos/airflowalura/venv/lib/python3.9/site-packages/airflow/example_dags/example_latest_only.py took 0.448 seconds
[2022-11-01 22:54:19,839] {processor.py:153} INFO - Started process (PID=19299) to work on /home/nayara/Documentos/airflowalura/venv/lib/python3.9/site-packages/airflow/example_dags/example_latest_only.py
[2022-11-01 22:54:19,888] {processor.py:641} INFO - Processing file /home/nayara/Documentos/airflowalura/venv/lib/python3.9/site-packages/airflow/example_dags/example_latest_only.py for tasks to queue
[2022-11-01 22:54:19,892] {logging_mixin.py:115} INFO - [2022-11-01 22:54:19,891] {dagbag.py:507} INFO - Filling up the DagBag from /home/nayara/Documentos/airflowalura/venv/lib/python3.9/site-packages/airflow/example_dags/example_latest_only.py
[2022-11-01 22:54:19,912] {processor.py:651} INFO - DAG(s) dict_keys(['latest_only']) retrieved from /home/nayara/Documentos/airflowalura/venv/lib/python3.9/site-packages/airflow/example_dags/example_latest_only.py
[2022-11-01 22:54:19,938] {logging_mixin.py:115} INFO - [2022-11-01 22:54:19,938] {dag.py:2379} INFO - Sync 1 DAGs
[2022-11-01 22:54:19,964] {logging_mixin.py:115} INFO - [2022-11-01 22:54:19,964] {dag.py:2927} INFO - Setting next_dagrun for latest_only to 2022-11-01T21:54:19.964263+00:00, run_after=2022-11-02T01:54:19.964263+00:00
[2022-11-01 22:54:21,490] {processor.py:161} INFO - Processing /home/nayara/Documentos/airflowalura/venv/lib/python3.9/site-packages/airflow/example_dags/example_latest_only.py took 1.656 seconds
[2022-11-01 22:55:36,968] {processor.py:153} INFO - Started process (PID=19481) to work on /home/nayara/Documentos/airflowalura/venv/lib/python3.9/site-packages/airflow/example_dags/example_latest_only.py
[2022-11-01 22:55:37,082] {processor.py:641} INFO - Processing file /home/nayara/Documentos/airflowalura/venv/lib/python3.9/site-packages/airflow/example_dags/example_latest_only.py for tasks to queue
[2022-11-01 22:55:37,085] {logging_mixin.py:115} INFO - [2022-11-01 22:55:37,084] {dagbag.py:507} INFO - Filling up the DagBag from /home/nayara/Documentos/airflowalura/venv/lib/python3.9/site-packages/airflow/example_dags/example_latest_only.py
[2022-11-01 22:55:37,109] {processor.py:651} INFO - DAG(s) dict_keys(['latest_only']) retrieved from /home/nayara/Documentos/airflowalura/venv/lib/python3.9/site-packages/airflow/example_dags/example_latest_only.py
[2022-11-01 22:55:37,311] {logging_mixin.py:115} INFO - [2022-11-01 22:55:37,310] {dag.py:2379} INFO - Sync 1 DAGs
[2022-11-01 22:55:37,329] {logging_mixin.py:115} INFO - [2022-11-01 22:55:37,329] {dag.py:2927} INFO - Setting next_dagrun for latest_only to 2022-11-01T21:55:37.328950+00:00, run_after=2022-11-02T01:55:37.328950+00:00
[2022-11-01 22:55:37,908] {processor.py:161} INFO - Processing /home/nayara/Documentos/airflowalura/venv/lib/python3.9/site-packages/airflow/example_dags/example_latest_only.py took 0.944 seconds
[2022-11-01 22:56:49,697] {processor.py:153} INFO - Started process (PID=19666) to work on /home/nayara/Documentos/airflowalura/venv/lib/python3.9/site-packages/airflow/example_dags/example_latest_only.py
[2022-11-01 22:56:49,819] {processor.py:641} INFO - Processing file /home/nayara/Documentos/airflowalura/venv/lib/python3.9/site-packages/airflow/example_dags/example_latest_only.py for tasks to queue
[2022-11-01 22:56:49,821] {logging_mixin.py:115} INFO - [2022-11-01 22:56:49,821] {dagbag.py:507} INFO - Filling up the DagBag from /home/nayara/Documentos/airflowalura/venv/lib/python3.9/site-packages/airflow/example_dags/example_latest_only.py
[2022-11-01 22:56:49,851] {processor.py:651} INFO - DAG(s) dict_keys(['latest_only']) retrieved from /home/nayara/Documentos/airflowalura/venv/lib/python3.9/site-packages/airflow/example_dags/example_latest_only.py
[2022-11-01 22:56:50,999] {logging_mixin.py:115} INFO - [2022-11-01 22:56:50,998] {dag.py:2379} INFO - Sync 1 DAGs
[2022-11-01 22:56:51,032] {logging_mixin.py:115} INFO - [2022-11-01 22:56:51,032] {dag.py:2927} INFO - Setting next_dagrun for latest_only to 2022-11-01T21:56:51.032044+00:00, run_after=2022-11-02T01:56:51.032044+00:00
[2022-11-01 22:56:51,982] {processor.py:161} INFO - Processing /home/nayara/Documentos/airflowalura/venv/lib/python3.9/site-packages/airflow/example_dags/example_latest_only.py took 2.301 seconds
[2022-11-01 22:58:09,461] {processor.py:153} INFO - Started process (PID=19849) to work on /home/nayara/Documentos/airflowalura/venv/lib/python3.9/site-packages/airflow/example_dags/example_latest_only.py
[2022-11-01 22:58:09,520] {processor.py:641} INFO - Processing file /home/nayara/Documentos/airflowalura/venv/lib/python3.9/site-packages/airflow/example_dags/example_latest_only.py for tasks to queue
[2022-11-01 22:58:09,523] {logging_mixin.py:115} INFO - [2022-11-01 22:58:09,522] {dagbag.py:507} INFO - Filling up the DagBag from /home/nayara/Documentos/airflowalura/venv/lib/python3.9/site-packages/airflow/example_dags/example_latest_only.py
[2022-11-01 22:58:09,547] {processor.py:651} INFO - DAG(s) dict_keys(['latest_only']) retrieved from /home/nayara/Documentos/airflowalura/venv/lib/python3.9/site-packages/airflow/example_dags/example_latest_only.py
[2022-11-01 22:58:09,905] {logging_mixin.py:115} INFO - [2022-11-01 22:58:09,905] {dag.py:2379} INFO - Sync 1 DAGs
[2022-11-01 22:58:09,933] {logging_mixin.py:115} INFO - [2022-11-01 22:58:09,933] {dag.py:2927} INFO - Setting next_dagrun for latest_only to 2022-11-01T21:58:09.932591+00:00, run_after=2022-11-02T01:58:09.932591+00:00
[2022-11-01 22:58:10,378] {processor.py:161} INFO - Processing /home/nayara/Documentos/airflowalura/venv/lib/python3.9/site-packages/airflow/example_dags/example_latest_only.py took 0.921 seconds
[2022-11-01 22:59:03,994] {processor.py:153} INFO - Started process (PID=19950) to work on /home/nayara/Documentos/airflowalura/venv/lib/python3.9/site-packages/airflow/example_dags/example_latest_only.py
[2022-11-01 22:59:03,995] {processor.py:641} INFO - Processing file /home/nayara/Documentos/airflowalura/venv/lib/python3.9/site-packages/airflow/example_dags/example_latest_only.py for tasks to queue
[2022-11-01 22:59:03,996] {logging_mixin.py:115} INFO - [2022-11-01 22:59:03,996] {dagbag.py:507} INFO - Filling up the DagBag from /home/nayara/Documentos/airflowalura/venv/lib/python3.9/site-packages/airflow/example_dags/example_latest_only.py
[2022-11-01 22:59:04,006] {processor.py:651} INFO - DAG(s) dict_keys(['latest_only']) retrieved from /home/nayara/Documentos/airflowalura/venv/lib/python3.9/site-packages/airflow/example_dags/example_latest_only.py
[2022-11-01 22:59:04,046] {logging_mixin.py:115} INFO - [2022-11-01 22:59:04,046] {dag.py:2379} INFO - Sync 1 DAGs
[2022-11-01 22:59:04,069] {logging_mixin.py:115} INFO - [2022-11-01 22:59:04,069] {dag.py:2927} INFO - Setting next_dagrun for latest_only to 2022-11-01T21:59:04.068706+00:00, run_after=2022-11-02T01:59:04.068706+00:00
[2022-11-01 22:59:04,403] {processor.py:161} INFO - Processing /home/nayara/Documentos/airflowalura/venv/lib/python3.9/site-packages/airflow/example_dags/example_latest_only.py took 0.414 seconds
[2022-11-01 23:00:16,187] {processor.py:153} INFO - Started process (PID=20116) to work on /home/nayara/Documentos/airflowalura/venv/lib/python3.9/site-packages/airflow/example_dags/example_latest_only.py
[2022-11-01 23:00:16,188] {processor.py:641} INFO - Processing file /home/nayara/Documentos/airflowalura/venv/lib/python3.9/site-packages/airflow/example_dags/example_latest_only.py for tasks to queue
[2022-11-01 23:00:16,189] {logging_mixin.py:115} INFO - [2022-11-01 23:00:16,189] {dagbag.py:507} INFO - Filling up the DagBag from /home/nayara/Documentos/airflowalura/venv/lib/python3.9/site-packages/airflow/example_dags/example_latest_only.py
[2022-11-01 23:00:16,198] {processor.py:651} INFO - DAG(s) dict_keys(['latest_only']) retrieved from /home/nayara/Documentos/airflowalura/venv/lib/python3.9/site-packages/airflow/example_dags/example_latest_only.py
[2022-11-01 23:00:16,425] {logging_mixin.py:115} INFO - [2022-11-01 23:00:16,424] {dag.py:2379} INFO - Sync 1 DAGs
[2022-11-01 23:00:16,443] {logging_mixin.py:115} INFO - [2022-11-01 23:00:16,443] {dag.py:2927} INFO - Setting next_dagrun for latest_only to 2022-11-01T22:00:16.443341+00:00, run_after=2022-11-02T02:00:16.443341+00:00
[2022-11-01 23:00:16,840] {processor.py:161} INFO - Processing /home/nayara/Documentos/airflowalura/venv/lib/python3.9/site-packages/airflow/example_dags/example_latest_only.py took 0.658 seconds
[2022-11-01 23:01:09,828] {processor.py:153} INFO - Started process (PID=20205) to work on /home/nayara/Documentos/airflowalura/venv/lib/python3.9/site-packages/airflow/example_dags/example_latest_only.py
[2022-11-01 23:01:09,829] {processor.py:641} INFO - Processing file /home/nayara/Documentos/airflowalura/venv/lib/python3.9/site-packages/airflow/example_dags/example_latest_only.py for tasks to queue
[2022-11-01 23:01:09,830] {logging_mixin.py:115} INFO - [2022-11-01 23:01:09,830] {dagbag.py:507} INFO - Filling up the DagBag from /home/nayara/Documentos/airflowalura/venv/lib/python3.9/site-packages/airflow/example_dags/example_latest_only.py
[2022-11-01 23:01:09,836] {processor.py:651} INFO - DAG(s) dict_keys(['latest_only']) retrieved from /home/nayara/Documentos/airflowalura/venv/lib/python3.9/site-packages/airflow/example_dags/example_latest_only.py
[2022-11-01 23:01:09,856] {logging_mixin.py:115} INFO - [2022-11-01 23:01:09,856] {dag.py:2379} INFO - Sync 1 DAGs
[2022-11-01 23:01:09,875] {logging_mixin.py:115} INFO - [2022-11-01 23:01:09,875] {dag.py:2927} INFO - Setting next_dagrun for latest_only to 2022-11-01T22:01:09.874729+00:00, run_after=2022-11-02T02:01:09.874729+00:00
[2022-11-01 23:01:10,169] {processor.py:161} INFO - Processing /home/nayara/Documentos/airflowalura/venv/lib/python3.9/site-packages/airflow/example_dags/example_latest_only.py took 0.344 seconds
[2022-11-01 23:02:03,057] {processor.py:153} INFO - Started process (PID=20364) to work on /home/nayara/Documentos/airflowalura/venv/lib/python3.9/site-packages/airflow/example_dags/example_latest_only.py
[2022-11-01 23:02:03,072] {processor.py:641} INFO - Processing file /home/nayara/Documentos/airflowalura/venv/lib/python3.9/site-packages/airflow/example_dags/example_latest_only.py for tasks to queue
[2022-11-01 23:02:03,072] {logging_mixin.py:115} INFO - [2022-11-01 23:02:03,072] {dagbag.py:507} INFO - Filling up the DagBag from /home/nayara/Documentos/airflowalura/venv/lib/python3.9/site-packages/airflow/example_dags/example_latest_only.py
[2022-11-01 23:02:03,085] {processor.py:651} INFO - DAG(s) dict_keys(['latest_only']) retrieved from /home/nayara/Documentos/airflowalura/venv/lib/python3.9/site-packages/airflow/example_dags/example_latest_only.py
[2022-11-01 23:02:03,118] {logging_mixin.py:115} INFO - [2022-11-01 23:02:03,118] {dag.py:2379} INFO - Sync 1 DAGs
[2022-11-01 23:02:03,148] {logging_mixin.py:115} INFO - [2022-11-01 23:02:03,148] {dag.py:2927} INFO - Setting next_dagrun for latest_only to 2022-11-01T22:02:03.147555+00:00, run_after=2022-11-02T02:02:03.147555+00:00
[2022-11-01 23:02:03,463] {processor.py:161} INFO - Processing /home/nayara/Documentos/airflowalura/venv/lib/python3.9/site-packages/airflow/example_dags/example_latest_only.py took 0.411 seconds
[2022-11-01 23:03:53,409] {processor.py:153} INFO - Started process (PID=20561) to work on /home/nayara/Documentos/airflowalura/venv/lib/python3.9/site-packages/airflow/example_dags/example_latest_only.py
[2022-11-01 23:03:53,448] {processor.py:641} INFO - Processing file /home/nayara/Documentos/airflowalura/venv/lib/python3.9/site-packages/airflow/example_dags/example_latest_only.py for tasks to queue
[2022-11-01 23:03:53,449] {logging_mixin.py:115} INFO - [2022-11-01 23:03:53,449] {dagbag.py:507} INFO - Filling up the DagBag from /home/nayara/Documentos/airflowalura/venv/lib/python3.9/site-packages/airflow/example_dags/example_latest_only.py
[2022-11-01 23:03:53,458] {processor.py:651} INFO - DAG(s) dict_keys(['latest_only']) retrieved from /home/nayara/Documentos/airflowalura/venv/lib/python3.9/site-packages/airflow/example_dags/example_latest_only.py
[2022-11-01 23:03:53,484] {logging_mixin.py:115} INFO - [2022-11-01 23:03:53,484] {dag.py:2379} INFO - Sync 1 DAGs
[2022-11-01 23:03:53,506] {logging_mixin.py:115} INFO - [2022-11-01 23:03:53,506] {dag.py:2927} INFO - Setting next_dagrun for latest_only to 2022-11-01T22:03:53.505986+00:00, run_after=2022-11-02T02:03:53.505986+00:00
[2022-11-01 23:03:53,804] {processor.py:161} INFO - Processing /home/nayara/Documentos/airflowalura/venv/lib/python3.9/site-packages/airflow/example_dags/example_latest_only.py took 0.403 seconds
[2022-11-01 23:04:58,682] {processor.py:153} INFO - Started process (PID=20709) to work on /home/nayara/Documentos/airflowalura/venv/lib/python3.9/site-packages/airflow/example_dags/example_latest_only.py
[2022-11-01 23:04:58,694] {processor.py:641} INFO - Processing file /home/nayara/Documentos/airflowalura/venv/lib/python3.9/site-packages/airflow/example_dags/example_latest_only.py for tasks to queue
[2022-11-01 23:04:58,695] {logging_mixin.py:115} INFO - [2022-11-01 23:04:58,695] {dagbag.py:507} INFO - Filling up the DagBag from /home/nayara/Documentos/airflowalura/venv/lib/python3.9/site-packages/airflow/example_dags/example_latest_only.py
[2022-11-01 23:04:58,704] {processor.py:651} INFO - DAG(s) dict_keys(['latest_only']) retrieved from /home/nayara/Documentos/airflowalura/venv/lib/python3.9/site-packages/airflow/example_dags/example_latest_only.py
[2022-11-01 23:04:58,732] {logging_mixin.py:115} INFO - [2022-11-01 23:04:58,731] {dag.py:2379} INFO - Sync 1 DAGs
[2022-11-01 23:04:58,754] {logging_mixin.py:115} INFO - [2022-11-01 23:04:58,754] {dag.py:2927} INFO - Setting next_dagrun for latest_only to 2022-11-01T22:04:58.754202+00:00, run_after=2022-11-02T02:04:58.754202+00:00
[2022-11-01 23:04:58,981] {processor.py:161} INFO - Processing /home/nayara/Documentos/airflowalura/venv/lib/python3.9/site-packages/airflow/example_dags/example_latest_only.py took 0.308 seconds
[2022-11-01 23:05:53,374] {processor.py:153} INFO - Started process (PID=20832) to work on /home/nayara/Documentos/airflowalura/venv/lib/python3.9/site-packages/airflow/example_dags/example_latest_only.py
[2022-11-01 23:05:53,397] {processor.py:641} INFO - Processing file /home/nayara/Documentos/airflowalura/venv/lib/python3.9/site-packages/airflow/example_dags/example_latest_only.py for tasks to queue
[2022-11-01 23:05:53,399] {logging_mixin.py:115} INFO - [2022-11-01 23:05:53,399] {dagbag.py:507} INFO - Filling up the DagBag from /home/nayara/Documentos/airflowalura/venv/lib/python3.9/site-packages/airflow/example_dags/example_latest_only.py
[2022-11-01 23:05:53,423] {processor.py:651} INFO - DAG(s) dict_keys(['latest_only']) retrieved from /home/nayara/Documentos/airflowalura/venv/lib/python3.9/site-packages/airflow/example_dags/example_latest_only.py
[2022-11-01 23:05:53,456] {logging_mixin.py:115} INFO - [2022-11-01 23:05:53,456] {dag.py:2379} INFO - Sync 1 DAGs
[2022-11-01 23:05:53,474] {logging_mixin.py:115} INFO - [2022-11-01 23:05:53,473] {dag.py:2927} INFO - Setting next_dagrun for latest_only to 2022-11-01T22:05:53.473539+00:00, run_after=2022-11-02T02:05:53.473539+00:00
[2022-11-01 23:05:53,716] {processor.py:161} INFO - Processing /home/nayara/Documentos/airflowalura/venv/lib/python3.9/site-packages/airflow/example_dags/example_latest_only.py took 0.356 seconds
[2022-11-01 23:06:45,459] {processor.py:153} INFO - Started process (PID=20932) to work on /home/nayara/Documentos/airflowalura/venv/lib/python3.9/site-packages/airflow/example_dags/example_latest_only.py
[2022-11-01 23:06:45,475] {processor.py:641} INFO - Processing file /home/nayara/Documentos/airflowalura/venv/lib/python3.9/site-packages/airflow/example_dags/example_latest_only.py for tasks to queue
[2022-11-01 23:06:45,476] {logging_mixin.py:115} INFO - [2022-11-01 23:06:45,476] {dagbag.py:507} INFO - Filling up the DagBag from /home/nayara/Documentos/airflowalura/venv/lib/python3.9/site-packages/airflow/example_dags/example_latest_only.py
[2022-11-01 23:06:45,488] {processor.py:651} INFO - DAG(s) dict_keys(['latest_only']) retrieved from /home/nayara/Documentos/airflowalura/venv/lib/python3.9/site-packages/airflow/example_dags/example_latest_only.py
[2022-11-01 23:06:45,515] {logging_mixin.py:115} INFO - [2022-11-01 23:06:45,515] {dag.py:2379} INFO - Sync 1 DAGs
[2022-11-01 23:06:45,541] {logging_mixin.py:115} INFO - [2022-11-01 23:06:45,541] {dag.py:2927} INFO - Setting next_dagrun for latest_only to 2022-11-01T22:06:45.540949+00:00, run_after=2022-11-02T02:06:45.540949+00:00
[2022-11-01 23:06:45,762] {processor.py:161} INFO - Processing /home/nayara/Documentos/airflowalura/venv/lib/python3.9/site-packages/airflow/example_dags/example_latest_only.py took 0.316 seconds
[2022-11-01 23:07:44,300] {processor.py:153} INFO - Started process (PID=21093) to work on /home/nayara/Documentos/airflowalura/venv/lib/python3.9/site-packages/airflow/example_dags/example_latest_only.py
[2022-11-01 23:07:44,314] {processor.py:641} INFO - Processing file /home/nayara/Documentos/airflowalura/venv/lib/python3.9/site-packages/airflow/example_dags/example_latest_only.py for tasks to queue
[2022-11-01 23:07:44,315] {logging_mixin.py:115} INFO - [2022-11-01 23:07:44,315] {dagbag.py:507} INFO - Filling up the DagBag from /home/nayara/Documentos/airflowalura/venv/lib/python3.9/site-packages/airflow/example_dags/example_latest_only.py
[2022-11-01 23:07:44,324] {processor.py:651} INFO - DAG(s) dict_keys(['latest_only']) retrieved from /home/nayara/Documentos/airflowalura/venv/lib/python3.9/site-packages/airflow/example_dags/example_latest_only.py
[2022-11-01 23:07:44,348] {logging_mixin.py:115} INFO - [2022-11-01 23:07:44,348] {dag.py:2379} INFO - Sync 1 DAGs
[2022-11-01 23:07:44,366] {logging_mixin.py:115} INFO - [2022-11-01 23:07:44,366] {dag.py:2927} INFO - Setting next_dagrun for latest_only to 2022-11-01T22:07:44.366132+00:00, run_after=2022-11-02T02:07:44.366132+00:00
[2022-11-01 23:07:44,563] {processor.py:161} INFO - Processing /home/nayara/Documentos/airflowalura/venv/lib/python3.9/site-packages/airflow/example_dags/example_latest_only.py took 0.267 seconds
[2022-11-01 23:08:31,935] {processor.py:153} INFO - Started process (PID=21180) to work on /home/nayara/Documentos/airflowalura/venv/lib/python3.9/site-packages/airflow/example_dags/example_latest_only.py
[2022-11-01 23:08:31,937] {processor.py:641} INFO - Processing file /home/nayara/Documentos/airflowalura/venv/lib/python3.9/site-packages/airflow/example_dags/example_latest_only.py for tasks to queue
[2022-11-01 23:08:31,938] {logging_mixin.py:115} INFO - [2022-11-01 23:08:31,938] {dagbag.py:507} INFO - Filling up the DagBag from /home/nayara/Documentos/airflowalura/venv/lib/python3.9/site-packages/airflow/example_dags/example_latest_only.py
[2022-11-01 23:08:31,946] {processor.py:651} INFO - DAG(s) dict_keys(['latest_only']) retrieved from /home/nayara/Documentos/airflowalura/venv/lib/python3.9/site-packages/airflow/example_dags/example_latest_only.py
[2022-11-01 23:08:31,965] {logging_mixin.py:115} INFO - [2022-11-01 23:08:31,965] {dag.py:2379} INFO - Sync 1 DAGs
[2022-11-01 23:08:31,983] {logging_mixin.py:115} INFO - [2022-11-01 23:08:31,983] {dag.py:2927} INFO - Setting next_dagrun for latest_only to 2022-11-01T22:08:31.982840+00:00, run_after=2022-11-02T02:08:31.982840+00:00
[2022-11-01 23:08:32,258] {processor.py:161} INFO - Processing /home/nayara/Documentos/airflowalura/venv/lib/python3.9/site-packages/airflow/example_dags/example_latest_only.py took 0.333 seconds
[2022-11-01 23:09:43,029] {processor.py:153} INFO - Started process (PID=21385) to work on /home/nayara/Documentos/airflowalura/venv/lib/python3.9/site-packages/airflow/example_dags/example_latest_only.py
[2022-11-01 23:09:43,048] {processor.py:641} INFO - Processing file /home/nayara/Documentos/airflowalura/venv/lib/python3.9/site-packages/airflow/example_dags/example_latest_only.py for tasks to queue
[2022-11-01 23:09:43,049] {logging_mixin.py:115} INFO - [2022-11-01 23:09:43,049] {dagbag.py:507} INFO - Filling up the DagBag from /home/nayara/Documentos/airflowalura/venv/lib/python3.9/site-packages/airflow/example_dags/example_latest_only.py
[2022-11-01 23:09:43,058] {processor.py:651} INFO - DAG(s) dict_keys(['latest_only']) retrieved from /home/nayara/Documentos/airflowalura/venv/lib/python3.9/site-packages/airflow/example_dags/example_latest_only.py
[2022-11-01 23:09:43,079] {logging_mixin.py:115} INFO - [2022-11-01 23:09:43,079] {dag.py:2379} INFO - Sync 1 DAGs
[2022-11-01 23:09:43,099] {logging_mixin.py:115} INFO - [2022-11-01 23:09:43,099] {dag.py:2927} INFO - Setting next_dagrun for latest_only to 2022-11-01T22:09:43.098822+00:00, run_after=2022-11-02T02:09:43.098822+00:00
[2022-11-01 23:09:43,452] {processor.py:161} INFO - Processing /home/nayara/Documentos/airflowalura/venv/lib/python3.9/site-packages/airflow/example_dags/example_latest_only.py took 0.436 seconds
[2022-11-01 23:11:13,381] {processor.py:153} INFO - Started process (PID=21622) to work on /home/nayara/Documentos/airflowalura/venv/lib/python3.9/site-packages/airflow/example_dags/example_latest_only.py
[2022-11-01 23:11:13,409] {processor.py:641} INFO - Processing file /home/nayara/Documentos/airflowalura/venv/lib/python3.9/site-packages/airflow/example_dags/example_latest_only.py for tasks to queue
[2022-11-01 23:11:13,412] {logging_mixin.py:115} INFO - [2022-11-01 23:11:13,411] {dagbag.py:507} INFO - Filling up the DagBag from /home/nayara/Documentos/airflowalura/venv/lib/python3.9/site-packages/airflow/example_dags/example_latest_only.py
[2022-11-01 23:11:13,431] {processor.py:651} INFO - DAG(s) dict_keys(['latest_only']) retrieved from /home/nayara/Documentos/airflowalura/venv/lib/python3.9/site-packages/airflow/example_dags/example_latest_only.py
[2022-11-01 23:11:13,491] {logging_mixin.py:115} INFO - [2022-11-01 23:11:13,491] {dag.py:2379} INFO - Sync 1 DAGs
[2022-11-01 23:11:13,521] {logging_mixin.py:115} INFO - [2022-11-01 23:11:13,521] {dag.py:2927} INFO - Setting next_dagrun for latest_only to 2022-11-01T22:11:13.521377+00:00, run_after=2022-11-02T02:11:13.521377+00:00
[2022-11-01 23:11:13,945] {processor.py:161} INFO - Processing /home/nayara/Documentos/airflowalura/venv/lib/python3.9/site-packages/airflow/example_dags/example_latest_only.py took 0.574 seconds
[2022-11-01 23:12:39,779] {processor.py:153} INFO - Started process (PID=21822) to work on /home/nayara/Documentos/airflowalura/venv/lib/python3.9/site-packages/airflow/example_dags/example_latest_only.py
[2022-11-01 23:12:39,809] {processor.py:641} INFO - Processing file /home/nayara/Documentos/airflowalura/venv/lib/python3.9/site-packages/airflow/example_dags/example_latest_only.py for tasks to queue
[2022-11-01 23:12:39,811] {logging_mixin.py:115} INFO - [2022-11-01 23:12:39,811] {dagbag.py:507} INFO - Filling up the DagBag from /home/nayara/Documentos/airflowalura/venv/lib/python3.9/site-packages/airflow/example_dags/example_latest_only.py
[2022-11-01 23:12:39,832] {processor.py:651} INFO - DAG(s) dict_keys(['latest_only']) retrieved from /home/nayara/Documentos/airflowalura/venv/lib/python3.9/site-packages/airflow/example_dags/example_latest_only.py
[2022-11-01 23:12:39,866] {logging_mixin.py:115} INFO - [2022-11-01 23:12:39,865] {dag.py:2379} INFO - Sync 1 DAGs
[2022-11-01 23:12:39,893] {logging_mixin.py:115} INFO - [2022-11-01 23:12:39,893] {dag.py:2927} INFO - Setting next_dagrun for latest_only to 2022-11-01T22:12:39.893107+00:00, run_after=2022-11-02T02:12:39.893107+00:00
[2022-11-01 23:12:40,182] {processor.py:161} INFO - Processing /home/nayara/Documentos/airflowalura/venv/lib/python3.9/site-packages/airflow/example_dags/example_latest_only.py took 0.410 seconds
[2022-11-01 23:13:51,374] {processor.py:153} INFO - Started process (PID=21960) to work on /home/nayara/Documentos/airflowalura/venv/lib/python3.9/site-packages/airflow/example_dags/example_latest_only.py
[2022-11-01 23:13:51,392] {processor.py:641} INFO - Processing file /home/nayara/Documentos/airflowalura/venv/lib/python3.9/site-packages/airflow/example_dags/example_latest_only.py for tasks to queue
[2022-11-01 23:13:51,393] {logging_mixin.py:115} INFO - [2022-11-01 23:13:51,393] {dagbag.py:507} INFO - Filling up the DagBag from /home/nayara/Documentos/airflowalura/venv/lib/python3.9/site-packages/airflow/example_dags/example_latest_only.py
[2022-11-01 23:13:51,405] {processor.py:651} INFO - DAG(s) dict_keys(['latest_only']) retrieved from /home/nayara/Documentos/airflowalura/venv/lib/python3.9/site-packages/airflow/example_dags/example_latest_only.py
[2022-11-01 23:13:51,443] {logging_mixin.py:115} INFO - [2022-11-01 23:13:51,443] {dag.py:2379} INFO - Sync 1 DAGs
[2022-11-01 23:13:51,478] {logging_mixin.py:115} INFO - [2022-11-01 23:13:51,478] {dag.py:2927} INFO - Setting next_dagrun for latest_only to 2022-11-01T22:13:51.478357+00:00, run_after=2022-11-02T02:13:51.478357+00:00
[2022-11-01 23:13:51,861] {processor.py:161} INFO - Processing /home/nayara/Documentos/airflowalura/venv/lib/python3.9/site-packages/airflow/example_dags/example_latest_only.py took 0.496 seconds
[2022-11-01 23:14:58,075] {processor.py:153} INFO - Started process (PID=22141) to work on /home/nayara/Documentos/airflowalura/venv/lib/python3.9/site-packages/airflow/example_dags/example_latest_only.py
[2022-11-01 23:14:58,090] {processor.py:641} INFO - Processing file /home/nayara/Documentos/airflowalura/venv/lib/python3.9/site-packages/airflow/example_dags/example_latest_only.py for tasks to queue
[2022-11-01 23:14:58,092] {logging_mixin.py:115} INFO - [2022-11-01 23:14:58,091] {dagbag.py:507} INFO - Filling up the DagBag from /home/nayara/Documentos/airflowalura/venv/lib/python3.9/site-packages/airflow/example_dags/example_latest_only.py
[2022-11-01 23:14:58,100] {processor.py:651} INFO - DAG(s) dict_keys(['latest_only']) retrieved from /home/nayara/Documentos/airflowalura/venv/lib/python3.9/site-packages/airflow/example_dags/example_latest_only.py
[2022-11-01 23:14:58,120] {logging_mixin.py:115} INFO - [2022-11-01 23:14:58,120] {dag.py:2379} INFO - Sync 1 DAGs
[2022-11-01 23:14:58,138] {logging_mixin.py:115} INFO - [2022-11-01 23:14:58,138] {dag.py:2927} INFO - Setting next_dagrun for latest_only to 2022-11-01T22:14:58.137831+00:00, run_after=2022-11-02T02:14:58.137831+00:00
[2022-11-01 23:14:58,401] {processor.py:161} INFO - Processing /home/nayara/Documentos/airflowalura/venv/lib/python3.9/site-packages/airflow/example_dags/example_latest_only.py took 0.330 seconds
[2022-11-01 23:15:58,755] {processor.py:153} INFO - Started process (PID=22290) to work on /home/nayara/Documentos/airflowalura/venv/lib/python3.9/site-packages/airflow/example_dags/example_latest_only.py
[2022-11-01 23:15:58,842] {processor.py:641} INFO - Processing file /home/nayara/Documentos/airflowalura/venv/lib/python3.9/site-packages/airflow/example_dags/example_latest_only.py for tasks to queue
[2022-11-01 23:15:58,845] {logging_mixin.py:115} INFO - [2022-11-01 23:15:58,844] {dagbag.py:507} INFO - Filling up the DagBag from /home/nayara/Documentos/airflowalura/venv/lib/python3.9/site-packages/airflow/example_dags/example_latest_only.py
[2022-11-01 23:15:58,878] {processor.py:651} INFO - DAG(s) dict_keys(['latest_only']) retrieved from /home/nayara/Documentos/airflowalura/venv/lib/python3.9/site-packages/airflow/example_dags/example_latest_only.py
[2022-11-01 23:15:58,908] {logging_mixin.py:115} INFO - [2022-11-01 23:15:58,908] {dag.py:2379} INFO - Sync 1 DAGs
[2022-11-01 23:15:58,934] {logging_mixin.py:115} INFO - [2022-11-01 23:15:58,934] {dag.py:2927} INFO - Setting next_dagrun for latest_only to 2022-11-01T22:15:58.933729+00:00, run_after=2022-11-02T02:15:58.933729+00:00
[2022-11-01 23:15:59,307] {processor.py:161} INFO - Processing /home/nayara/Documentos/airflowalura/venv/lib/python3.9/site-packages/airflow/example_dags/example_latest_only.py took 0.558 seconds
[2022-11-01 23:17:00,252] {processor.py:153} INFO - Started process (PID=22455) to work on /home/nayara/Documentos/airflowalura/venv/lib/python3.9/site-packages/airflow/example_dags/example_latest_only.py
[2022-11-01 23:17:00,349] {processor.py:641} INFO - Processing file /home/nayara/Documentos/airflowalura/venv/lib/python3.9/site-packages/airflow/example_dags/example_latest_only.py for tasks to queue
[2022-11-01 23:17:00,352] {logging_mixin.py:115} INFO - [2022-11-01 23:17:00,352] {dagbag.py:507} INFO - Filling up the DagBag from /home/nayara/Documentos/airflowalura/venv/lib/python3.9/site-packages/airflow/example_dags/example_latest_only.py
[2022-11-01 23:17:00,391] {processor.py:651} INFO - DAG(s) dict_keys(['latest_only']) retrieved from /home/nayara/Documentos/airflowalura/venv/lib/python3.9/site-packages/airflow/example_dags/example_latest_only.py
[2022-11-01 23:17:00,439] {logging_mixin.py:115} INFO - [2022-11-01 23:17:00,439] {dag.py:2379} INFO - Sync 1 DAGs
[2022-11-01 23:17:00,466] {logging_mixin.py:115} INFO - [2022-11-01 23:17:00,466] {dag.py:2927} INFO - Setting next_dagrun for latest_only to 2022-11-01T22:17:00.465604+00:00, run_after=2022-11-02T02:17:00.465604+00:00
[2022-11-01 23:17:00,890] {processor.py:161} INFO - Processing /home/nayara/Documentos/airflowalura/venv/lib/python3.9/site-packages/airflow/example_dags/example_latest_only.py took 0.647 seconds
[2022-11-01 23:18:19,326] {processor.py:153} INFO - Started process (PID=22602) to work on /home/nayara/Documentos/airflowalura/venv/lib/python3.9/site-packages/airflow/example_dags/example_latest_only.py
[2022-11-01 23:18:19,358] {processor.py:641} INFO - Processing file /home/nayara/Documentos/airflowalura/venv/lib/python3.9/site-packages/airflow/example_dags/example_latest_only.py for tasks to queue
[2022-11-01 23:18:19,359] {logging_mixin.py:115} INFO - [2022-11-01 23:18:19,359] {dagbag.py:507} INFO - Filling up the DagBag from /home/nayara/Documentos/airflowalura/venv/lib/python3.9/site-packages/airflow/example_dags/example_latest_only.py
[2022-11-01 23:18:19,368] {processor.py:651} INFO - DAG(s) dict_keys(['latest_only']) retrieved from /home/nayara/Documentos/airflowalura/venv/lib/python3.9/site-packages/airflow/example_dags/example_latest_only.py
[2022-11-01 23:18:19,392] {logging_mixin.py:115} INFO - [2022-11-01 23:18:19,392] {dag.py:2379} INFO - Sync 1 DAGs
[2022-11-01 23:18:19,410] {logging_mixin.py:115} INFO - [2022-11-01 23:18:19,409] {dag.py:2927} INFO - Setting next_dagrun for latest_only to 2022-11-01T22:18:19.409536+00:00, run_after=2022-11-02T02:18:19.409536+00:00
[2022-11-01 23:18:19,833] {processor.py:161} INFO - Processing /home/nayara/Documentos/airflowalura/venv/lib/python3.9/site-packages/airflow/example_dags/example_latest_only.py took 0.512 seconds
[2022-11-01 23:19:24,573] {processor.py:153} INFO - Started process (PID=22716) to work on /home/nayara/Documentos/airflowalura/venv/lib/python3.9/site-packages/airflow/example_dags/example_latest_only.py
[2022-11-01 23:19:24,603] {processor.py:641} INFO - Processing file /home/nayara/Documentos/airflowalura/venv/lib/python3.9/site-packages/airflow/example_dags/example_latest_only.py for tasks to queue
[2022-11-01 23:19:24,604] {logging_mixin.py:115} INFO - [2022-11-01 23:19:24,604] {dagbag.py:507} INFO - Filling up the DagBag from /home/nayara/Documentos/airflowalura/venv/lib/python3.9/site-packages/airflow/example_dags/example_latest_only.py
[2022-11-01 23:19:24,617] {processor.py:651} INFO - DAG(s) dict_keys(['latest_only']) retrieved from /home/nayara/Documentos/airflowalura/venv/lib/python3.9/site-packages/airflow/example_dags/example_latest_only.py
[2022-11-01 23:19:24,643] {logging_mixin.py:115} INFO - [2022-11-01 23:19:24,643] {dag.py:2379} INFO - Sync 1 DAGs
[2022-11-01 23:19:24,664] {logging_mixin.py:115} INFO - [2022-11-01 23:19:24,664] {dag.py:2927} INFO - Setting next_dagrun for latest_only to 2022-11-01T22:19:24.663645+00:00, run_after=2022-11-02T02:19:24.663645+00:00
[2022-11-01 23:19:25,009] {processor.py:161} INFO - Processing /home/nayara/Documentos/airflowalura/venv/lib/python3.9/site-packages/airflow/example_dags/example_latest_only.py took 0.457 seconds
[2022-11-01 23:20:29,252] {processor.py:153} INFO - Started process (PID=22895) to work on /home/nayara/Documentos/airflowalura/venv/lib/python3.9/site-packages/airflow/example_dags/example_latest_only.py
[2022-11-01 23:20:29,295] {processor.py:641} INFO - Processing file /home/nayara/Documentos/airflowalura/venv/lib/python3.9/site-packages/airflow/example_dags/example_latest_only.py for tasks to queue
[2022-11-01 23:20:29,298] {logging_mixin.py:115} INFO - [2022-11-01 23:20:29,297] {dagbag.py:507} INFO - Filling up the DagBag from /home/nayara/Documentos/airflowalura/venv/lib/python3.9/site-packages/airflow/example_dags/example_latest_only.py
[2022-11-01 23:20:29,313] {processor.py:651} INFO - DAG(s) dict_keys(['latest_only']) retrieved from /home/nayara/Documentos/airflowalura/venv/lib/python3.9/site-packages/airflow/example_dags/example_latest_only.py
[2022-11-01 23:20:29,334] {logging_mixin.py:115} INFO - [2022-11-01 23:20:29,333] {dag.py:2379} INFO - Sync 1 DAGs
[2022-11-01 23:20:29,356] {logging_mixin.py:115} INFO - [2022-11-01 23:20:29,356] {dag.py:2927} INFO - Setting next_dagrun for latest_only to 2022-11-01T22:20:29.355617+00:00, run_after=2022-11-02T02:20:29.355617+00:00
[2022-11-01 23:20:29,871] {processor.py:161} INFO - Processing /home/nayara/Documentos/airflowalura/venv/lib/python3.9/site-packages/airflow/example_dags/example_latest_only.py took 0.623 seconds
