[2022-11-01 22:40:50,082] {processor.py:153} INFO - Started process (PID=17801) to work on /home/nayara/Documentos/airflowalura/venv/lib/python3.9/site-packages/airflow/example_dags/example_nested_branch_dag.py
[2022-11-01 22:40:50,084] {processor.py:641} INFO - Processing file /home/nayara/Documentos/airflowalura/venv/lib/python3.9/site-packages/airflow/example_dags/example_nested_branch_dag.py for tasks to queue
[2022-11-01 22:40:50,086] {logging_mixin.py:115} INFO - [2022-11-01 22:40:50,086] {dagbag.py:507} INFO - Filling up the DagBag from /home/nayara/Documentos/airflowalura/venv/lib/python3.9/site-packages/airflow/example_dags/example_nested_branch_dag.py
[2022-11-01 22:40:50,114] {processor.py:651} INFO - DAG(s) dict_keys(['example_nested_branch_dag']) retrieved from /home/nayara/Documentos/airflowalura/venv/lib/python3.9/site-packages/airflow/example_dags/example_nested_branch_dag.py
[2022-11-01 22:40:50,191] {logging_mixin.py:115} INFO - [2022-11-01 22:40:50,191] {dag.py:2379} INFO - Sync 1 DAGs
[2022-11-01 22:40:50,290] {logging_mixin.py:115} INFO - [2022-11-01 22:40:50,290] {dag.py:2927} INFO - Setting next_dagrun for example_nested_branch_dag to 2022-11-01T00:00:00+00:00, run_after=2022-11-02T00:00:00+00:00
[2022-11-01 22:40:50,810] {processor.py:161} INFO - Processing /home/nayara/Documentos/airflowalura/venv/lib/python3.9/site-packages/airflow/example_dags/example_nested_branch_dag.py took 0.734 seconds
[2022-11-01 22:43:19,479] {processor.py:153} INFO - Started process (PID=18002) to work on /home/nayara/Documentos/airflowalura/venv/lib/python3.9/site-packages/airflow/example_dags/example_nested_branch_dag.py
[2022-11-01 22:43:19,510] {processor.py:641} INFO - Processing file /home/nayara/Documentos/airflowalura/venv/lib/python3.9/site-packages/airflow/example_dags/example_nested_branch_dag.py for tasks to queue
[2022-11-01 22:43:19,512] {logging_mixin.py:115} INFO - [2022-11-01 22:43:19,511] {dagbag.py:507} INFO - Filling up the DagBag from /home/nayara/Documentos/airflowalura/venv/lib/python3.9/site-packages/airflow/example_dags/example_nested_branch_dag.py
[2022-11-01 22:43:19,541] {processor.py:651} INFO - DAG(s) dict_keys(['example_nested_branch_dag']) retrieved from /home/nayara/Documentos/airflowalura/venv/lib/python3.9/site-packages/airflow/example_dags/example_nested_branch_dag.py
[2022-11-01 22:43:19,592] {logging_mixin.py:115} INFO - [2022-11-01 22:43:19,592] {dag.py:2379} INFO - Sync 1 DAGs
[2022-11-01 22:43:19,630] {logging_mixin.py:115} INFO - [2022-11-01 22:43:19,630] {dag.py:2927} INFO - Setting next_dagrun for example_nested_branch_dag to 2022-11-01T00:00:00+00:00, run_after=2022-11-02T00:00:00+00:00
[2022-11-01 22:43:20,128] {processor.py:161} INFO - Processing /home/nayara/Documentos/airflowalura/venv/lib/python3.9/site-packages/airflow/example_dags/example_nested_branch_dag.py took 0.656 seconds
[2022-11-01 22:44:48,265] {processor.py:153} INFO - Started process (PID=18158) to work on /home/nayara/Documentos/airflowalura/venv/lib/python3.9/site-packages/airflow/example_dags/example_nested_branch_dag.py
[2022-11-01 22:44:48,290] {processor.py:641} INFO - Processing file /home/nayara/Documentos/airflowalura/venv/lib/python3.9/site-packages/airflow/example_dags/example_nested_branch_dag.py for tasks to queue
[2022-11-01 22:44:48,291] {logging_mixin.py:115} INFO - [2022-11-01 22:44:48,290] {dagbag.py:507} INFO - Filling up the DagBag from /home/nayara/Documentos/airflowalura/venv/lib/python3.9/site-packages/airflow/example_dags/example_nested_branch_dag.py
[2022-11-01 22:44:48,318] {processor.py:651} INFO - DAG(s) dict_keys(['example_nested_branch_dag']) retrieved from /home/nayara/Documentos/airflowalura/venv/lib/python3.9/site-packages/airflow/example_dags/example_nested_branch_dag.py
[2022-11-01 22:44:48,373] {logging_mixin.py:115} INFO - [2022-11-01 22:44:48,373] {dag.py:2379} INFO - Sync 1 DAGs
[2022-11-01 22:44:48,418] {logging_mixin.py:115} INFO - [2022-11-01 22:44:48,417] {dag.py:2927} INFO - Setting next_dagrun for example_nested_branch_dag to 2022-11-01T00:00:00+00:00, run_after=2022-11-02T00:00:00+00:00
[2022-11-01 22:44:48,724] {processor.py:161} INFO - Processing /home/nayara/Documentos/airflowalura/venv/lib/python3.9/site-packages/airflow/example_dags/example_nested_branch_dag.py took 0.471 seconds
[2022-11-01 22:45:51,088] {processor.py:153} INFO - Started process (PID=18253) to work on /home/nayara/Documentos/airflowalura/venv/lib/python3.9/site-packages/airflow/example_dags/example_nested_branch_dag.py
[2022-11-01 22:45:51,109] {processor.py:641} INFO - Processing file /home/nayara/Documentos/airflowalura/venv/lib/python3.9/site-packages/airflow/example_dags/example_nested_branch_dag.py for tasks to queue
[2022-11-01 22:45:51,110] {logging_mixin.py:115} INFO - [2022-11-01 22:45:51,109] {dagbag.py:507} INFO - Filling up the DagBag from /home/nayara/Documentos/airflowalura/venv/lib/python3.9/site-packages/airflow/example_dags/example_nested_branch_dag.py
[2022-11-01 22:45:51,129] {processor.py:651} INFO - DAG(s) dict_keys(['example_nested_branch_dag']) retrieved from /home/nayara/Documentos/airflowalura/venv/lib/python3.9/site-packages/airflow/example_dags/example_nested_branch_dag.py
[2022-11-01 22:45:51,169] {logging_mixin.py:115} INFO - [2022-11-01 22:45:51,169] {dag.py:2379} INFO - Sync 1 DAGs
[2022-11-01 22:45:51,212] {logging_mixin.py:115} INFO - [2022-11-01 22:45:51,212] {dag.py:2927} INFO - Setting next_dagrun for example_nested_branch_dag to 2022-11-01T00:00:00+00:00, run_after=2022-11-02T00:00:00+00:00
[2022-11-01 22:45:51,512] {processor.py:161} INFO - Processing /home/nayara/Documentos/airflowalura/venv/lib/python3.9/site-packages/airflow/example_dags/example_nested_branch_dag.py took 0.429 seconds
[2022-11-01 22:46:52,641] {processor.py:153} INFO - Started process (PID=18421) to work on /home/nayara/Documentos/airflowalura/venv/lib/python3.9/site-packages/airflow/example_dags/example_nested_branch_dag.py
[2022-11-01 22:46:52,660] {processor.py:641} INFO - Processing file /home/nayara/Documentos/airflowalura/venv/lib/python3.9/site-packages/airflow/example_dags/example_nested_branch_dag.py for tasks to queue
[2022-11-01 22:46:52,661] {logging_mixin.py:115} INFO - [2022-11-01 22:46:52,660] {dagbag.py:507} INFO - Filling up the DagBag from /home/nayara/Documentos/airflowalura/venv/lib/python3.9/site-packages/airflow/example_dags/example_nested_branch_dag.py
[2022-11-01 22:46:52,687] {processor.py:651} INFO - DAG(s) dict_keys(['example_nested_branch_dag']) retrieved from /home/nayara/Documentos/airflowalura/venv/lib/python3.9/site-packages/airflow/example_dags/example_nested_branch_dag.py
[2022-11-01 22:46:52,731] {logging_mixin.py:115} INFO - [2022-11-01 22:46:52,731] {dag.py:2379} INFO - Sync 1 DAGs
[2022-11-01 22:46:52,771] {logging_mixin.py:115} INFO - [2022-11-01 22:46:52,771] {dag.py:2927} INFO - Setting next_dagrun for example_nested_branch_dag to 2022-11-01T00:00:00+00:00, run_after=2022-11-02T00:00:00+00:00
[2022-11-01 22:46:53,293] {processor.py:161} INFO - Processing /home/nayara/Documentos/airflowalura/venv/lib/python3.9/site-packages/airflow/example_dags/example_nested_branch_dag.py took 0.659 seconds
[2022-11-01 22:47:54,864] {processor.py:153} INFO - Started process (PID=18535) to work on /home/nayara/Documentos/airflowalura/venv/lib/python3.9/site-packages/airflow/example_dags/example_nested_branch_dag.py
[2022-11-01 22:47:54,875] {processor.py:641} INFO - Processing file /home/nayara/Documentos/airflowalura/venv/lib/python3.9/site-packages/airflow/example_dags/example_nested_branch_dag.py for tasks to queue
[2022-11-01 22:47:54,880] {logging_mixin.py:115} INFO - [2022-11-01 22:47:54,880] {dagbag.py:507} INFO - Filling up the DagBag from /home/nayara/Documentos/airflowalura/venv/lib/python3.9/site-packages/airflow/example_dags/example_nested_branch_dag.py
[2022-11-01 22:47:54,904] {processor.py:651} INFO - DAG(s) dict_keys(['example_nested_branch_dag']) retrieved from /home/nayara/Documentos/airflowalura/venv/lib/python3.9/site-packages/airflow/example_dags/example_nested_branch_dag.py
[2022-11-01 22:47:54,950] {logging_mixin.py:115} INFO - [2022-11-01 22:47:54,950] {dag.py:2379} INFO - Sync 1 DAGs
[2022-11-01 22:47:54,983] {logging_mixin.py:115} INFO - [2022-11-01 22:47:54,983] {dag.py:2927} INFO - Setting next_dagrun for example_nested_branch_dag to 2022-11-01T00:00:00+00:00, run_after=2022-11-02T00:00:00+00:00
[2022-11-01 22:47:55,498] {processor.py:161} INFO - Processing /home/nayara/Documentos/airflowalura/venv/lib/python3.9/site-packages/airflow/example_dags/example_nested_branch_dag.py took 0.642 seconds
[2022-11-01 22:48:52,668] {processor.py:153} INFO - Started process (PID=18638) to work on /home/nayara/Documentos/airflowalura/venv/lib/python3.9/site-packages/airflow/example_dags/example_nested_branch_dag.py
[2022-11-01 22:48:52,679] {processor.py:641} INFO - Processing file /home/nayara/Documentos/airflowalura/venv/lib/python3.9/site-packages/airflow/example_dags/example_nested_branch_dag.py for tasks to queue
[2022-11-01 22:48:52,683] {logging_mixin.py:115} INFO - [2022-11-01 22:48:52,683] {dagbag.py:507} INFO - Filling up the DagBag from /home/nayara/Documentos/airflowalura/venv/lib/python3.9/site-packages/airflow/example_dags/example_nested_branch_dag.py
[2022-11-01 22:48:52,705] {processor.py:651} INFO - DAG(s) dict_keys(['example_nested_branch_dag']) retrieved from /home/nayara/Documentos/airflowalura/venv/lib/python3.9/site-packages/airflow/example_dags/example_nested_branch_dag.py
[2022-11-01 22:48:52,747] {logging_mixin.py:115} INFO - [2022-11-01 22:48:52,747] {dag.py:2379} INFO - Sync 1 DAGs
[2022-11-01 22:48:52,792] {logging_mixin.py:115} INFO - [2022-11-01 22:48:52,792] {dag.py:2927} INFO - Setting next_dagrun for example_nested_branch_dag to 2022-11-01T00:00:00+00:00, run_after=2022-11-02T00:00:00+00:00
[2022-11-01 22:48:53,044] {processor.py:161} INFO - Processing /home/nayara/Documentos/airflowalura/venv/lib/python3.9/site-packages/airflow/example_dags/example_nested_branch_dag.py took 0.383 seconds
[2022-11-01 22:49:49,083] {processor.py:153} INFO - Started process (PID=18749) to work on /home/nayara/Documentos/airflowalura/venv/lib/python3.9/site-packages/airflow/example_dags/example_nested_branch_dag.py
[2022-11-01 22:49:49,084] {processor.py:641} INFO - Processing file /home/nayara/Documentos/airflowalura/venv/lib/python3.9/site-packages/airflow/example_dags/example_nested_branch_dag.py for tasks to queue
[2022-11-01 22:49:49,085] {logging_mixin.py:115} INFO - [2022-11-01 22:49:49,085] {dagbag.py:507} INFO - Filling up the DagBag from /home/nayara/Documentos/airflowalura/venv/lib/python3.9/site-packages/airflow/example_dags/example_nested_branch_dag.py
[2022-11-01 22:49:49,105] {processor.py:651} INFO - DAG(s) dict_keys(['example_nested_branch_dag']) retrieved from /home/nayara/Documentos/airflowalura/venv/lib/python3.9/site-packages/airflow/example_dags/example_nested_branch_dag.py
[2022-11-01 22:49:49,147] {logging_mixin.py:115} INFO - [2022-11-01 22:49:49,146] {dag.py:2379} INFO - Sync 1 DAGs
[2022-11-01 22:49:49,186] {logging_mixin.py:115} INFO - [2022-11-01 22:49:49,186] {dag.py:2927} INFO - Setting next_dagrun for example_nested_branch_dag to 2022-11-01T00:00:00+00:00, run_after=2022-11-02T00:00:00+00:00
[2022-11-01 22:49:49,466] {processor.py:161} INFO - Processing /home/nayara/Documentos/airflowalura/venv/lib/python3.9/site-packages/airflow/example_dags/example_nested_branch_dag.py took 0.392 seconds
[2022-11-01 22:50:44,534] {processor.py:153} INFO - Started process (PID=18856) to work on /home/nayara/Documentos/airflowalura/venv/lib/python3.9/site-packages/airflow/example_dags/example_nested_branch_dag.py
[2022-11-01 22:50:44,536] {processor.py:641} INFO - Processing file /home/nayara/Documentos/airflowalura/venv/lib/python3.9/site-packages/airflow/example_dags/example_nested_branch_dag.py for tasks to queue
[2022-11-01 22:50:44,537] {logging_mixin.py:115} INFO - [2022-11-01 22:50:44,537] {dagbag.py:507} INFO - Filling up the DagBag from /home/nayara/Documentos/airflowalura/venv/lib/python3.9/site-packages/airflow/example_dags/example_nested_branch_dag.py
[2022-11-01 22:50:44,559] {processor.py:651} INFO - DAG(s) dict_keys(['example_nested_branch_dag']) retrieved from /home/nayara/Documentos/airflowalura/venv/lib/python3.9/site-packages/airflow/example_dags/example_nested_branch_dag.py
[2022-11-01 22:50:44,593] {logging_mixin.py:115} INFO - [2022-11-01 22:50:44,593] {dag.py:2379} INFO - Sync 1 DAGs
[2022-11-01 22:50:44,639] {logging_mixin.py:115} INFO - [2022-11-01 22:50:44,639] {dag.py:2927} INFO - Setting next_dagrun for example_nested_branch_dag to 2022-11-01T00:00:00+00:00, run_after=2022-11-02T00:00:00+00:00
[2022-11-01 22:50:44,841] {processor.py:161} INFO - Processing /home/nayara/Documentos/airflowalura/venv/lib/python3.9/site-packages/airflow/example_dags/example_nested_branch_dag.py took 0.314 seconds
[2022-11-01 22:52:02,145] {processor.py:153} INFO - Started process (PID=19041) to work on /home/nayara/Documentos/airflowalura/venv/lib/python3.9/site-packages/airflow/example_dags/example_nested_branch_dag.py
[2022-11-01 22:52:02,211] {processor.py:641} INFO - Processing file /home/nayara/Documentos/airflowalura/venv/lib/python3.9/site-packages/airflow/example_dags/example_nested_branch_dag.py for tasks to queue
[2022-11-01 22:52:02,214] {logging_mixin.py:115} INFO - [2022-11-01 22:52:02,213] {dagbag.py:507} INFO - Filling up the DagBag from /home/nayara/Documentos/airflowalura/venv/lib/python3.9/site-packages/airflow/example_dags/example_nested_branch_dag.py
[2022-11-01 22:52:02,239] {processor.py:651} INFO - DAG(s) dict_keys(['example_nested_branch_dag']) retrieved from /home/nayara/Documentos/airflowalura/venv/lib/python3.9/site-packages/airflow/example_dags/example_nested_branch_dag.py
[2022-11-01 22:52:02,305] {logging_mixin.py:115} INFO - [2022-11-01 22:52:02,305] {dag.py:2379} INFO - Sync 1 DAGs
[2022-11-01 22:52:02,365] {logging_mixin.py:115} INFO - [2022-11-01 22:52:02,364] {dag.py:2927} INFO - Setting next_dagrun for example_nested_branch_dag to 2022-11-01T00:00:00+00:00, run_after=2022-11-02T00:00:00+00:00
[2022-11-01 22:52:02,935] {processor.py:161} INFO - Processing /home/nayara/Documentos/airflowalura/venv/lib/python3.9/site-packages/airflow/example_dags/example_nested_branch_dag.py took 0.799 seconds
[2022-11-01 22:53:20,768] {processor.py:153} INFO - Started process (PID=19179) to work on /home/nayara/Documentos/airflowalura/venv/lib/python3.9/site-packages/airflow/example_dags/example_nested_branch_dag.py
[2022-11-01 22:53:20,791] {processor.py:641} INFO - Processing file /home/nayara/Documentos/airflowalura/venv/lib/python3.9/site-packages/airflow/example_dags/example_nested_branch_dag.py for tasks to queue
[2022-11-01 22:53:20,792] {logging_mixin.py:115} INFO - [2022-11-01 22:53:20,792] {dagbag.py:507} INFO - Filling up the DagBag from /home/nayara/Documentos/airflowalura/venv/lib/python3.9/site-packages/airflow/example_dags/example_nested_branch_dag.py
[2022-11-01 22:53:20,812] {processor.py:651} INFO - DAG(s) dict_keys(['example_nested_branch_dag']) retrieved from /home/nayara/Documentos/airflowalura/venv/lib/python3.9/site-packages/airflow/example_dags/example_nested_branch_dag.py
[2022-11-01 22:53:20,864] {logging_mixin.py:115} INFO - [2022-11-01 22:53:20,864] {dag.py:2379} INFO - Sync 1 DAGs
[2022-11-01 22:53:20,905] {logging_mixin.py:115} INFO - [2022-11-01 22:53:20,904] {dag.py:2927} INFO - Setting next_dagrun for example_nested_branch_dag to 2022-11-01T00:00:00+00:00, run_after=2022-11-02T00:00:00+00:00
[2022-11-01 22:53:21,137] {processor.py:161} INFO - Processing /home/nayara/Documentos/airflowalura/venv/lib/python3.9/site-packages/airflow/example_dags/example_nested_branch_dag.py took 0.373 seconds
[2022-11-01 22:54:18,286] {processor.py:153} INFO - Started process (PID=19296) to work on /home/nayara/Documentos/airflowalura/venv/lib/python3.9/site-packages/airflow/example_dags/example_nested_branch_dag.py
[2022-11-01 22:54:18,330] {processor.py:641} INFO - Processing file /home/nayara/Documentos/airflowalura/venv/lib/python3.9/site-packages/airflow/example_dags/example_nested_branch_dag.py for tasks to queue
[2022-11-01 22:54:18,332] {logging_mixin.py:115} INFO - [2022-11-01 22:54:18,332] {dagbag.py:507} INFO - Filling up the DagBag from /home/nayara/Documentos/airflowalura/venv/lib/python3.9/site-packages/airflow/example_dags/example_nested_branch_dag.py
[2022-11-01 22:54:18,367] {processor.py:651} INFO - DAG(s) dict_keys(['example_nested_branch_dag']) retrieved from /home/nayara/Documentos/airflowalura/venv/lib/python3.9/site-packages/airflow/example_dags/example_nested_branch_dag.py
[2022-11-01 22:54:18,390] {logging_mixin.py:115} INFO - [2022-11-01 22:54:18,390] {dag.py:2379} INFO - Sync 1 DAGs
[2022-11-01 22:54:18,416] {logging_mixin.py:115} INFO - [2022-11-01 22:54:18,416] {dag.py:2927} INFO - Setting next_dagrun for example_nested_branch_dag to 2022-11-01T00:00:00+00:00, run_after=2022-11-02T00:00:00+00:00
[2022-11-01 22:54:18,681] {processor.py:161} INFO - Processing /home/nayara/Documentos/airflowalura/venv/lib/python3.9/site-packages/airflow/example_dags/example_nested_branch_dag.py took 0.399 seconds
[2022-11-01 22:55:35,414] {processor.py:153} INFO - Started process (PID=19480) to work on /home/nayara/Documentos/airflowalura/venv/lib/python3.9/site-packages/airflow/example_dags/example_nested_branch_dag.py
[2022-11-01 22:55:35,437] {processor.py:641} INFO - Processing file /home/nayara/Documentos/airflowalura/venv/lib/python3.9/site-packages/airflow/example_dags/example_nested_branch_dag.py for tasks to queue
[2022-11-01 22:55:35,438] {logging_mixin.py:115} INFO - [2022-11-01 22:55:35,438] {dagbag.py:507} INFO - Filling up the DagBag from /home/nayara/Documentos/airflowalura/venv/lib/python3.9/site-packages/airflow/example_dags/example_nested_branch_dag.py
[2022-11-01 22:55:35,457] {processor.py:651} INFO - DAG(s) dict_keys(['example_nested_branch_dag']) retrieved from /home/nayara/Documentos/airflowalura/venv/lib/python3.9/site-packages/airflow/example_dags/example_nested_branch_dag.py
[2022-11-01 22:55:35,478] {logging_mixin.py:115} INFO - [2022-11-01 22:55:35,478] {dag.py:2379} INFO - Sync 1 DAGs
[2022-11-01 22:55:35,498] {logging_mixin.py:115} INFO - [2022-11-01 22:55:35,498] {dag.py:2927} INFO - Setting next_dagrun for example_nested_branch_dag to 2022-11-01T00:00:00+00:00, run_after=2022-11-02T00:00:00+00:00
[2022-11-01 22:55:35,841] {processor.py:161} INFO - Processing /home/nayara/Documentos/airflowalura/venv/lib/python3.9/site-packages/airflow/example_dags/example_nested_branch_dag.py took 0.434 seconds
[2022-11-01 22:56:46,549] {processor.py:153} INFO - Started process (PID=19636) to work on /home/nayara/Documentos/airflowalura/venv/lib/python3.9/site-packages/airflow/example_dags/example_nested_branch_dag.py
[2022-11-01 22:56:46,663] {processor.py:641} INFO - Processing file /home/nayara/Documentos/airflowalura/venv/lib/python3.9/site-packages/airflow/example_dags/example_nested_branch_dag.py for tasks to queue
[2022-11-01 22:56:46,666] {logging_mixin.py:115} INFO - [2022-11-01 22:56:46,665] {dagbag.py:507} INFO - Filling up the DagBag from /home/nayara/Documentos/airflowalura/venv/lib/python3.9/site-packages/airflow/example_dags/example_nested_branch_dag.py
[2022-11-01 22:56:46,716] {processor.py:651} INFO - DAG(s) dict_keys(['example_nested_branch_dag']) retrieved from /home/nayara/Documentos/airflowalura/venv/lib/python3.9/site-packages/airflow/example_dags/example_nested_branch_dag.py
[2022-11-01 22:56:46,750] {logging_mixin.py:115} INFO - [2022-11-01 22:56:46,750] {dag.py:2379} INFO - Sync 1 DAGs
[2022-11-01 22:56:46,773] {logging_mixin.py:115} INFO - [2022-11-01 22:56:46,772] {dag.py:2927} INFO - Setting next_dagrun for example_nested_branch_dag to 2022-11-01T00:00:00+00:00, run_after=2022-11-02T00:00:00+00:00
[2022-11-01 22:56:47,598] {processor.py:161} INFO - Processing /home/nayara/Documentos/airflowalura/venv/lib/python3.9/site-packages/airflow/example_dags/example_nested_branch_dag.py took 1.060 seconds
[2022-11-01 22:58:08,113] {processor.py:153} INFO - Started process (PID=19848) to work on /home/nayara/Documentos/airflowalura/venv/lib/python3.9/site-packages/airflow/example_dags/example_nested_branch_dag.py
[2022-11-01 22:58:08,129] {processor.py:641} INFO - Processing file /home/nayara/Documentos/airflowalura/venv/lib/python3.9/site-packages/airflow/example_dags/example_nested_branch_dag.py for tasks to queue
[2022-11-01 22:58:08,129] {logging_mixin.py:115} INFO - [2022-11-01 22:58:08,129] {dagbag.py:507} INFO - Filling up the DagBag from /home/nayara/Documentos/airflowalura/venv/lib/python3.9/site-packages/airflow/example_dags/example_nested_branch_dag.py
[2022-11-01 22:58:08,142] {processor.py:651} INFO - DAG(s) dict_keys(['example_nested_branch_dag']) retrieved from /home/nayara/Documentos/airflowalura/venv/lib/python3.9/site-packages/airflow/example_dags/example_nested_branch_dag.py
[2022-11-01 22:58:08,163] {logging_mixin.py:115} INFO - [2022-11-01 22:58:08,163] {dag.py:2379} INFO - Sync 1 DAGs
[2022-11-01 22:58:08,183] {logging_mixin.py:115} INFO - [2022-11-01 22:58:08,183] {dag.py:2927} INFO - Setting next_dagrun for example_nested_branch_dag to 2022-11-01T00:00:00+00:00, run_after=2022-11-02T00:00:00+00:00
[2022-11-01 22:58:08,379] {processor.py:161} INFO - Processing /home/nayara/Documentos/airflowalura/venv/lib/python3.9/site-packages/airflow/example_dags/example_nested_branch_dag.py took 0.272 seconds
[2022-11-01 22:59:02,408] {processor.py:153} INFO - Started process (PID=19947) to work on /home/nayara/Documentos/airflowalura/venv/lib/python3.9/site-packages/airflow/example_dags/example_nested_branch_dag.py
[2022-11-01 22:59:02,492] {processor.py:641} INFO - Processing file /home/nayara/Documentos/airflowalura/venv/lib/python3.9/site-packages/airflow/example_dags/example_nested_branch_dag.py for tasks to queue
[2022-11-01 22:59:02,495] {logging_mixin.py:115} INFO - [2022-11-01 22:59:02,494] {dagbag.py:507} INFO - Filling up the DagBag from /home/nayara/Documentos/airflowalura/venv/lib/python3.9/site-packages/airflow/example_dags/example_nested_branch_dag.py
[2022-11-01 22:59:02,533] {processor.py:651} INFO - DAG(s) dict_keys(['example_nested_branch_dag']) retrieved from /home/nayara/Documentos/airflowalura/venv/lib/python3.9/site-packages/airflow/example_dags/example_nested_branch_dag.py
[2022-11-01 22:59:02,562] {logging_mixin.py:115} INFO - [2022-11-01 22:59:02,562] {dag.py:2379} INFO - Sync 1 DAGs
[2022-11-01 22:59:02,591] {logging_mixin.py:115} INFO - [2022-11-01 22:59:02,590] {dag.py:2927} INFO - Setting next_dagrun for example_nested_branch_dag to 2022-11-01T00:00:00+00:00, run_after=2022-11-02T00:00:00+00:00
[2022-11-01 22:59:02,806] {processor.py:161} INFO - Processing /home/nayara/Documentos/airflowalura/venv/lib/python3.9/site-packages/airflow/example_dags/example_nested_branch_dag.py took 0.402 seconds
[2022-11-01 23:00:15,276] {processor.py:153} INFO - Started process (PID=20115) to work on /home/nayara/Documentos/airflowalura/venv/lib/python3.9/site-packages/airflow/example_dags/example_nested_branch_dag.py
[2022-11-01 23:00:15,304] {processor.py:641} INFO - Processing file /home/nayara/Documentos/airflowalura/venv/lib/python3.9/site-packages/airflow/example_dags/example_nested_branch_dag.py for tasks to queue
[2022-11-01 23:00:15,306] {logging_mixin.py:115} INFO - [2022-11-01 23:00:15,306] {dagbag.py:507} INFO - Filling up the DagBag from /home/nayara/Documentos/airflowalura/venv/lib/python3.9/site-packages/airflow/example_dags/example_nested_branch_dag.py
[2022-11-01 23:00:15,330] {processor.py:651} INFO - DAG(s) dict_keys(['example_nested_branch_dag']) retrieved from /home/nayara/Documentos/airflowalura/venv/lib/python3.9/site-packages/airflow/example_dags/example_nested_branch_dag.py
[2022-11-01 23:00:15,351] {logging_mixin.py:115} INFO - [2022-11-01 23:00:15,351] {dag.py:2379} INFO - Sync 1 DAGs
[2022-11-01 23:00:15,370] {logging_mixin.py:115} INFO - [2022-11-01 23:00:15,370] {dag.py:2927} INFO - Setting next_dagrun for example_nested_branch_dag to 2022-11-01T00:00:00+00:00, run_after=2022-11-02T00:00:00+00:00
[2022-11-01 23:00:15,574] {processor.py:161} INFO - Processing /home/nayara/Documentos/airflowalura/venv/lib/python3.9/site-packages/airflow/example_dags/example_nested_branch_dag.py took 0.309 seconds
[2022-11-01 23:01:08,200] {processor.py:153} INFO - Started process (PID=20203) to work on /home/nayara/Documentos/airflowalura/venv/lib/python3.9/site-packages/airflow/example_dags/example_nested_branch_dag.py
[2022-11-01 23:01:08,227] {processor.py:641} INFO - Processing file /home/nayara/Documentos/airflowalura/venv/lib/python3.9/site-packages/airflow/example_dags/example_nested_branch_dag.py for tasks to queue
[2022-11-01 23:01:08,228] {logging_mixin.py:115} INFO - [2022-11-01 23:01:08,228] {dagbag.py:507} INFO - Filling up the DagBag from /home/nayara/Documentos/airflowalura/venv/lib/python3.9/site-packages/airflow/example_dags/example_nested_branch_dag.py
[2022-11-01 23:01:08,244] {processor.py:651} INFO - DAG(s) dict_keys(['example_nested_branch_dag']) retrieved from /home/nayara/Documentos/airflowalura/venv/lib/python3.9/site-packages/airflow/example_dags/example_nested_branch_dag.py
[2022-11-01 23:01:08,265] {logging_mixin.py:115} INFO - [2022-11-01 23:01:08,265] {dag.py:2379} INFO - Sync 1 DAGs
[2022-11-01 23:01:08,284] {logging_mixin.py:115} INFO - [2022-11-01 23:01:08,284] {dag.py:2927} INFO - Setting next_dagrun for example_nested_branch_dag to 2022-11-01T00:00:00+00:00, run_after=2022-11-02T00:00:00+00:00
[2022-11-01 23:01:08,762] {processor.py:161} INFO - Processing /home/nayara/Documentos/airflowalura/venv/lib/python3.9/site-packages/airflow/example_dags/example_nested_branch_dag.py took 0.575 seconds
[2022-11-01 23:02:00,555] {processor.py:153} INFO - Started process (PID=20362) to work on /home/nayara/Documentos/airflowalura/venv/lib/python3.9/site-packages/airflow/example_dags/example_nested_branch_dag.py
[2022-11-01 23:02:00,660] {processor.py:641} INFO - Processing file /home/nayara/Documentos/airflowalura/venv/lib/python3.9/site-packages/airflow/example_dags/example_nested_branch_dag.py for tasks to queue
[2022-11-01 23:02:00,662] {logging_mixin.py:115} INFO - [2022-11-01 23:02:00,661] {dagbag.py:507} INFO - Filling up the DagBag from /home/nayara/Documentos/airflowalura/venv/lib/python3.9/site-packages/airflow/example_dags/example_nested_branch_dag.py
[2022-11-01 23:02:00,684] {processor.py:651} INFO - DAG(s) dict_keys(['example_nested_branch_dag']) retrieved from /home/nayara/Documentos/airflowalura/venv/lib/python3.9/site-packages/airflow/example_dags/example_nested_branch_dag.py
[2022-11-01 23:02:01,297] {logging_mixin.py:115} INFO - [2022-11-01 23:02:01,297] {dag.py:2379} INFO - Sync 1 DAGs
[2022-11-01 23:02:01,329] {logging_mixin.py:115} INFO - [2022-11-01 23:02:01,329] {dag.py:2927} INFO - Setting next_dagrun for example_nested_branch_dag to 2022-11-01T00:00:00+00:00, run_after=2022-11-02T00:00:00+00:00
[2022-11-01 23:02:01,893] {processor.py:161} INFO - Processing /home/nayara/Documentos/airflowalura/venv/lib/python3.9/site-packages/airflow/example_dags/example_nested_branch_dag.py took 1.347 seconds
[2022-11-01 23:03:51,942] {processor.py:153} INFO - Started process (PID=20559) to work on /home/nayara/Documentos/airflowalura/venv/lib/python3.9/site-packages/airflow/example_dags/example_nested_branch_dag.py
[2022-11-01 23:03:51,953] {processor.py:641} INFO - Processing file /home/nayara/Documentos/airflowalura/venv/lib/python3.9/site-packages/airflow/example_dags/example_nested_branch_dag.py for tasks to queue
[2022-11-01 23:03:51,954] {logging_mixin.py:115} INFO - [2022-11-01 23:03:51,954] {dagbag.py:507} INFO - Filling up the DagBag from /home/nayara/Documentos/airflowalura/venv/lib/python3.9/site-packages/airflow/example_dags/example_nested_branch_dag.py
[2022-11-01 23:03:51,966] {processor.py:651} INFO - DAG(s) dict_keys(['example_nested_branch_dag']) retrieved from /home/nayara/Documentos/airflowalura/venv/lib/python3.9/site-packages/airflow/example_dags/example_nested_branch_dag.py
[2022-11-01 23:03:51,995] {logging_mixin.py:115} INFO - [2022-11-01 23:03:51,995] {dag.py:2379} INFO - Sync 1 DAGs
[2022-11-01 23:03:52,026] {logging_mixin.py:115} INFO - [2022-11-01 23:03:52,026] {dag.py:2927} INFO - Setting next_dagrun for example_nested_branch_dag to 2022-11-01T00:00:00+00:00, run_after=2022-11-02T00:00:00+00:00
[2022-11-01 23:03:52,249] {processor.py:161} INFO - Processing /home/nayara/Documentos/airflowalura/venv/lib/python3.9/site-packages/airflow/example_dags/example_nested_branch_dag.py took 0.313 seconds
[2022-11-01 23:04:57,044] {processor.py:153} INFO - Started process (PID=20706) to work on /home/nayara/Documentos/airflowalura/venv/lib/python3.9/site-packages/airflow/example_dags/example_nested_branch_dag.py
[2022-11-01 23:04:57,060] {processor.py:641} INFO - Processing file /home/nayara/Documentos/airflowalura/venv/lib/python3.9/site-packages/airflow/example_dags/example_nested_branch_dag.py for tasks to queue
[2022-11-01 23:04:57,061] {logging_mixin.py:115} INFO - [2022-11-01 23:04:57,061] {dagbag.py:507} INFO - Filling up the DagBag from /home/nayara/Documentos/airflowalura/venv/lib/python3.9/site-packages/airflow/example_dags/example_nested_branch_dag.py
[2022-11-01 23:04:57,094] {processor.py:651} INFO - DAG(s) dict_keys(['example_nested_branch_dag']) retrieved from /home/nayara/Documentos/airflowalura/venv/lib/python3.9/site-packages/airflow/example_dags/example_nested_branch_dag.py
[2022-11-01 23:04:57,143] {logging_mixin.py:115} INFO - [2022-11-01 23:04:57,143] {dag.py:2379} INFO - Sync 1 DAGs
[2022-11-01 23:04:57,169] {logging_mixin.py:115} INFO - [2022-11-01 23:04:57,169] {dag.py:2927} INFO - Setting next_dagrun for example_nested_branch_dag to 2022-11-01T00:00:00+00:00, run_after=2022-11-02T00:00:00+00:00
[2022-11-01 23:04:57,441] {processor.py:161} INFO - Processing /home/nayara/Documentos/airflowalura/venv/lib/python3.9/site-packages/airflow/example_dags/example_nested_branch_dag.py took 0.406 seconds
[2022-11-01 23:05:51,970] {processor.py:153} INFO - Started process (PID=20831) to work on /home/nayara/Documentos/airflowalura/venv/lib/python3.9/site-packages/airflow/example_dags/example_nested_branch_dag.py
[2022-11-01 23:05:51,971] {processor.py:641} INFO - Processing file /home/nayara/Documentos/airflowalura/venv/lib/python3.9/site-packages/airflow/example_dags/example_nested_branch_dag.py for tasks to queue
[2022-11-01 23:05:51,972] {logging_mixin.py:115} INFO - [2022-11-01 23:05:51,972] {dagbag.py:507} INFO - Filling up the DagBag from /home/nayara/Documentos/airflowalura/venv/lib/python3.9/site-packages/airflow/example_dags/example_nested_branch_dag.py
[2022-11-01 23:05:51,986] {processor.py:651} INFO - DAG(s) dict_keys(['example_nested_branch_dag']) retrieved from /home/nayara/Documentos/airflowalura/venv/lib/python3.9/site-packages/airflow/example_dags/example_nested_branch_dag.py
[2022-11-01 23:05:52,005] {logging_mixin.py:115} INFO - [2022-11-01 23:05:52,005] {dag.py:2379} INFO - Sync 1 DAGs
[2022-11-01 23:05:52,025] {logging_mixin.py:115} INFO - [2022-11-01 23:05:52,024] {dag.py:2927} INFO - Setting next_dagrun for example_nested_branch_dag to 2022-11-01T00:00:00+00:00, run_after=2022-11-02T00:00:00+00:00
[2022-11-01 23:05:52,179] {processor.py:161} INFO - Processing /home/nayara/Documentos/airflowalura/venv/lib/python3.9/site-packages/airflow/example_dags/example_nested_branch_dag.py took 0.220 seconds
[2022-11-01 23:06:43,849] {processor.py:153} INFO - Started process (PID=20929) to work on /home/nayara/Documentos/airflowalura/venv/lib/python3.9/site-packages/airflow/example_dags/example_nested_branch_dag.py
[2022-11-01 23:06:43,869] {processor.py:641} INFO - Processing file /home/nayara/Documentos/airflowalura/venv/lib/python3.9/site-packages/airflow/example_dags/example_nested_branch_dag.py for tasks to queue
[2022-11-01 23:06:43,871] {logging_mixin.py:115} INFO - [2022-11-01 23:06:43,870] {dagbag.py:507} INFO - Filling up the DagBag from /home/nayara/Documentos/airflowalura/venv/lib/python3.9/site-packages/airflow/example_dags/example_nested_branch_dag.py
[2022-11-01 23:06:43,889] {processor.py:651} INFO - DAG(s) dict_keys(['example_nested_branch_dag']) retrieved from /home/nayara/Documentos/airflowalura/venv/lib/python3.9/site-packages/airflow/example_dags/example_nested_branch_dag.py
[2022-11-01 23:06:43,922] {logging_mixin.py:115} INFO - [2022-11-01 23:06:43,922] {dag.py:2379} INFO - Sync 1 DAGs
[2022-11-01 23:06:43,958] {logging_mixin.py:115} INFO - [2022-11-01 23:06:43,958] {dag.py:2927} INFO - Setting next_dagrun for example_nested_branch_dag to 2022-11-01T00:00:00+00:00, run_after=2022-11-02T00:00:00+00:00
[2022-11-01 23:06:44,282] {processor.py:161} INFO - Processing /home/nayara/Documentos/airflowalura/venv/lib/python3.9/site-packages/airflow/example_dags/example_nested_branch_dag.py took 0.438 seconds
[2022-11-01 23:07:42,853] {processor.py:153} INFO - Started process (PID=21092) to work on /home/nayara/Documentos/airflowalura/venv/lib/python3.9/site-packages/airflow/example_dags/example_nested_branch_dag.py
[2022-11-01 23:07:42,881] {processor.py:641} INFO - Processing file /home/nayara/Documentos/airflowalura/venv/lib/python3.9/site-packages/airflow/example_dags/example_nested_branch_dag.py for tasks to queue
[2022-11-01 23:07:42,882] {logging_mixin.py:115} INFO - [2022-11-01 23:07:42,882] {dagbag.py:507} INFO - Filling up the DagBag from /home/nayara/Documentos/airflowalura/venv/lib/python3.9/site-packages/airflow/example_dags/example_nested_branch_dag.py
[2022-11-01 23:07:42,909] {processor.py:651} INFO - DAG(s) dict_keys(['example_nested_branch_dag']) retrieved from /home/nayara/Documentos/airflowalura/venv/lib/python3.9/site-packages/airflow/example_dags/example_nested_branch_dag.py
[2022-11-01 23:07:42,932] {logging_mixin.py:115} INFO - [2022-11-01 23:07:42,932] {dag.py:2379} INFO - Sync 1 DAGs
[2022-11-01 23:07:42,951] {logging_mixin.py:115} INFO - [2022-11-01 23:07:42,951] {dag.py:2927} INFO - Setting next_dagrun for example_nested_branch_dag to 2022-11-01T00:00:00+00:00, run_after=2022-11-02T00:00:00+00:00
[2022-11-01 23:07:43,168] {processor.py:161} INFO - Processing /home/nayara/Documentos/airflowalura/venv/lib/python3.9/site-packages/airflow/example_dags/example_nested_branch_dag.py took 0.326 seconds
[2022-11-01 23:08:30,187] {processor.py:153} INFO - Started process (PID=21178) to work on /home/nayara/Documentos/airflowalura/venv/lib/python3.9/site-packages/airflow/example_dags/example_nested_branch_dag.py
[2022-11-01 23:08:30,189] {processor.py:641} INFO - Processing file /home/nayara/Documentos/airflowalura/venv/lib/python3.9/site-packages/airflow/example_dags/example_nested_branch_dag.py for tasks to queue
[2022-11-01 23:08:30,189] {logging_mixin.py:115} INFO - [2022-11-01 23:08:30,189] {dagbag.py:507} INFO - Filling up the DagBag from /home/nayara/Documentos/airflowalura/venv/lib/python3.9/site-packages/airflow/example_dags/example_nested_branch_dag.py
[2022-11-01 23:08:30,201] {processor.py:651} INFO - DAG(s) dict_keys(['example_nested_branch_dag']) retrieved from /home/nayara/Documentos/airflowalura/venv/lib/python3.9/site-packages/airflow/example_dags/example_nested_branch_dag.py
[2022-11-01 23:08:30,220] {logging_mixin.py:115} INFO - [2022-11-01 23:08:30,220] {dag.py:2379} INFO - Sync 1 DAGs
[2022-11-01 23:08:30,239] {logging_mixin.py:115} INFO - [2022-11-01 23:08:30,239] {dag.py:2927} INFO - Setting next_dagrun for example_nested_branch_dag to 2022-11-01T00:00:00+00:00, run_after=2022-11-02T00:00:00+00:00
[2022-11-01 23:08:30,444] {processor.py:161} INFO - Processing /home/nayara/Documentos/airflowalura/venv/lib/python3.9/site-packages/airflow/example_dags/example_nested_branch_dag.py took 0.263 seconds
[2022-11-01 23:09:41,007] {processor.py:153} INFO - Started process (PID=21380) to work on /home/nayara/Documentos/airflowalura/venv/lib/python3.9/site-packages/airflow/example_dags/example_nested_branch_dag.py
[2022-11-01 23:09:41,027] {processor.py:641} INFO - Processing file /home/nayara/Documentos/airflowalura/venv/lib/python3.9/site-packages/airflow/example_dags/example_nested_branch_dag.py for tasks to queue
[2022-11-01 23:09:41,028] {logging_mixin.py:115} INFO - [2022-11-01 23:09:41,028] {dagbag.py:507} INFO - Filling up the DagBag from /home/nayara/Documentos/airflowalura/venv/lib/python3.9/site-packages/airflow/example_dags/example_nested_branch_dag.py
[2022-11-01 23:09:41,038] {processor.py:651} INFO - DAG(s) dict_keys(['example_nested_branch_dag']) retrieved from /home/nayara/Documentos/airflowalura/venv/lib/python3.9/site-packages/airflow/example_dags/example_nested_branch_dag.py
[2022-11-01 23:09:41,058] {logging_mixin.py:115} INFO - [2022-11-01 23:09:41,058] {dag.py:2379} INFO - Sync 1 DAGs
[2022-11-01 23:09:41,080] {logging_mixin.py:115} INFO - [2022-11-01 23:09:41,080] {dag.py:2927} INFO - Setting next_dagrun for example_nested_branch_dag to 2022-11-01T00:00:00+00:00, run_after=2022-11-02T00:00:00+00:00
[2022-11-01 23:09:41,245] {processor.py:161} INFO - Processing /home/nayara/Documentos/airflowalura/venv/lib/python3.9/site-packages/airflow/example_dags/example_nested_branch_dag.py took 0.242 seconds
[2022-11-01 23:11:12,045] {processor.py:153} INFO - Started process (PID=21620) to work on /home/nayara/Documentos/airflowalura/venv/lib/python3.9/site-packages/airflow/example_dags/example_nested_branch_dag.py
[2022-11-01 23:11:12,065] {processor.py:641} INFO - Processing file /home/nayara/Documentos/airflowalura/venv/lib/python3.9/site-packages/airflow/example_dags/example_nested_branch_dag.py for tasks to queue
[2022-11-01 23:11:12,067] {logging_mixin.py:115} INFO - [2022-11-01 23:11:12,067] {dagbag.py:507} INFO - Filling up the DagBag from /home/nayara/Documentos/airflowalura/venv/lib/python3.9/site-packages/airflow/example_dags/example_nested_branch_dag.py
[2022-11-01 23:11:12,120] {processor.py:651} INFO - DAG(s) dict_keys(['example_nested_branch_dag']) retrieved from /home/nayara/Documentos/airflowalura/venv/lib/python3.9/site-packages/airflow/example_dags/example_nested_branch_dag.py
[2022-11-01 23:11:12,162] {logging_mixin.py:115} INFO - [2022-11-01 23:11:12,161] {dag.py:2379} INFO - Sync 1 DAGs
[2022-11-01 23:11:12,183] {logging_mixin.py:115} INFO - [2022-11-01 23:11:12,183] {dag.py:2927} INFO - Setting next_dagrun for example_nested_branch_dag to 2022-11-01T00:00:00+00:00, run_after=2022-11-02T00:00:00+00:00
[2022-11-01 23:11:12,541] {processor.py:161} INFO - Processing /home/nayara/Documentos/airflowalura/venv/lib/python3.9/site-packages/airflow/example_dags/example_nested_branch_dag.py took 0.508 seconds
[2022-11-01 23:12:37,739] {processor.py:153} INFO - Started process (PID=21821) to work on /home/nayara/Documentos/airflowalura/venv/lib/python3.9/site-packages/airflow/example_dags/example_nested_branch_dag.py
[2022-11-01 23:12:37,753] {processor.py:641} INFO - Processing file /home/nayara/Documentos/airflowalura/venv/lib/python3.9/site-packages/airflow/example_dags/example_nested_branch_dag.py for tasks to queue
[2022-11-01 23:12:37,754] {logging_mixin.py:115} INFO - [2022-11-01 23:12:37,754] {dagbag.py:507} INFO - Filling up the DagBag from /home/nayara/Documentos/airflowalura/venv/lib/python3.9/site-packages/airflow/example_dags/example_nested_branch_dag.py
[2022-11-01 23:12:37,772] {processor.py:651} INFO - DAG(s) dict_keys(['example_nested_branch_dag']) retrieved from /home/nayara/Documentos/airflowalura/venv/lib/python3.9/site-packages/airflow/example_dags/example_nested_branch_dag.py
[2022-11-01 23:12:37,801] {logging_mixin.py:115} INFO - [2022-11-01 23:12:37,801] {dag.py:2379} INFO - Sync 1 DAGs
[2022-11-01 23:12:37,826] {logging_mixin.py:115} INFO - [2022-11-01 23:12:37,826] {dag.py:2927} INFO - Setting next_dagrun for example_nested_branch_dag to 2022-11-01T00:00:00+00:00, run_after=2022-11-02T00:00:00+00:00
[2022-11-01 23:12:38,133] {processor.py:161} INFO - Processing /home/nayara/Documentos/airflowalura/venv/lib/python3.9/site-packages/airflow/example_dags/example_nested_branch_dag.py took 0.401 seconds
[2022-11-01 23:13:49,150] {processor.py:153} INFO - Started process (PID=21956) to work on /home/nayara/Documentos/airflowalura/venv/lib/python3.9/site-packages/airflow/example_dags/example_nested_branch_dag.py
[2022-11-01 23:13:49,174] {processor.py:641} INFO - Processing file /home/nayara/Documentos/airflowalura/venv/lib/python3.9/site-packages/airflow/example_dags/example_nested_branch_dag.py for tasks to queue
[2022-11-01 23:13:49,178] {logging_mixin.py:115} INFO - [2022-11-01 23:13:49,177] {dagbag.py:507} INFO - Filling up the DagBag from /home/nayara/Documentos/airflowalura/venv/lib/python3.9/site-packages/airflow/example_dags/example_nested_branch_dag.py
[2022-11-01 23:13:49,203] {processor.py:651} INFO - DAG(s) dict_keys(['example_nested_branch_dag']) retrieved from /home/nayara/Documentos/airflowalura/venv/lib/python3.9/site-packages/airflow/example_dags/example_nested_branch_dag.py
[2022-11-01 23:13:49,244] {logging_mixin.py:115} INFO - [2022-11-01 23:13:49,243] {dag.py:2379} INFO - Sync 1 DAGs
[2022-11-01 23:13:49,274] {logging_mixin.py:115} INFO - [2022-11-01 23:13:49,273] {dag.py:2927} INFO - Setting next_dagrun for example_nested_branch_dag to 2022-11-01T00:00:00+00:00, run_after=2022-11-02T00:00:00+00:00
[2022-11-01 23:13:49,561] {processor.py:161} INFO - Processing /home/nayara/Documentos/airflowalura/venv/lib/python3.9/site-packages/airflow/example_dags/example_nested_branch_dag.py took 0.418 seconds
[2022-11-01 23:14:56,615] {processor.py:153} INFO - Started process (PID=22140) to work on /home/nayara/Documentos/airflowalura/venv/lib/python3.9/site-packages/airflow/example_dags/example_nested_branch_dag.py
[2022-11-01 23:14:56,617] {processor.py:641} INFO - Processing file /home/nayara/Documentos/airflowalura/venv/lib/python3.9/site-packages/airflow/example_dags/example_nested_branch_dag.py for tasks to queue
[2022-11-01 23:14:56,619] {logging_mixin.py:115} INFO - [2022-11-01 23:14:56,619] {dagbag.py:507} INFO - Filling up the DagBag from /home/nayara/Documentos/airflowalura/venv/lib/python3.9/site-packages/airflow/example_dags/example_nested_branch_dag.py
[2022-11-01 23:14:56,642] {processor.py:651} INFO - DAG(s) dict_keys(['example_nested_branch_dag']) retrieved from /home/nayara/Documentos/airflowalura/venv/lib/python3.9/site-packages/airflow/example_dags/example_nested_branch_dag.py
[2022-11-01 23:14:56,665] {logging_mixin.py:115} INFO - [2022-11-01 23:14:56,665] {dag.py:2379} INFO - Sync 1 DAGs
[2022-11-01 23:14:56,684] {logging_mixin.py:115} INFO - [2022-11-01 23:14:56,684] {dag.py:2927} INFO - Setting next_dagrun for example_nested_branch_dag to 2022-11-01T00:00:00+00:00, run_after=2022-11-02T00:00:00+00:00
[2022-11-01 23:14:56,893] {processor.py:161} INFO - Processing /home/nayara/Documentos/airflowalura/venv/lib/python3.9/site-packages/airflow/example_dags/example_nested_branch_dag.py took 0.290 seconds
[2022-11-01 23:15:57,667] {processor.py:153} INFO - Started process (PID=22289) to work on /home/nayara/Documentos/airflowalura/venv/lib/python3.9/site-packages/airflow/example_dags/example_nested_branch_dag.py
[2022-11-01 23:15:57,668] {processor.py:641} INFO - Processing file /home/nayara/Documentos/airflowalura/venv/lib/python3.9/site-packages/airflow/example_dags/example_nested_branch_dag.py for tasks to queue
[2022-11-01 23:15:57,669] {logging_mixin.py:115} INFO - [2022-11-01 23:15:57,669] {dagbag.py:507} INFO - Filling up the DagBag from /home/nayara/Documentos/airflowalura/venv/lib/python3.9/site-packages/airflow/example_dags/example_nested_branch_dag.py
[2022-11-01 23:15:57,685] {processor.py:651} INFO - DAG(s) dict_keys(['example_nested_branch_dag']) retrieved from /home/nayara/Documentos/airflowalura/venv/lib/python3.9/site-packages/airflow/example_dags/example_nested_branch_dag.py
[2022-11-01 23:15:57,706] {logging_mixin.py:115} INFO - [2022-11-01 23:15:57,706] {dag.py:2379} INFO - Sync 1 DAGs
[2022-11-01 23:15:57,730] {logging_mixin.py:115} INFO - [2022-11-01 23:15:57,730] {dag.py:2927} INFO - Setting next_dagrun for example_nested_branch_dag to 2022-11-01T00:00:00+00:00, run_after=2022-11-02T00:00:00+00:00
[2022-11-01 23:15:57,941] {processor.py:161} INFO - Processing /home/nayara/Documentos/airflowalura/venv/lib/python3.9/site-packages/airflow/example_dags/example_nested_branch_dag.py took 0.278 seconds
[2022-11-01 23:16:57,824] {processor.py:153} INFO - Started process (PID=22447) to work on /home/nayara/Documentos/airflowalura/venv/lib/python3.9/site-packages/airflow/example_dags/example_nested_branch_dag.py
[2022-11-01 23:16:57,971] {processor.py:641} INFO - Processing file /home/nayara/Documentos/airflowalura/venv/lib/python3.9/site-packages/airflow/example_dags/example_nested_branch_dag.py for tasks to queue
[2022-11-01 23:16:57,975] {logging_mixin.py:115} INFO - [2022-11-01 23:16:57,974] {dagbag.py:507} INFO - Filling up the DagBag from /home/nayara/Documentos/airflowalura/venv/lib/python3.9/site-packages/airflow/example_dags/example_nested_branch_dag.py
[2022-11-01 23:16:58,040] {processor.py:651} INFO - DAG(s) dict_keys(['example_nested_branch_dag']) retrieved from /home/nayara/Documentos/airflowalura/venv/lib/python3.9/site-packages/airflow/example_dags/example_nested_branch_dag.py
[2022-11-01 23:16:58,085] {logging_mixin.py:115} INFO - [2022-11-01 23:16:58,085] {dag.py:2379} INFO - Sync 1 DAGs
[2022-11-01 23:16:58,112] {logging_mixin.py:115} INFO - [2022-11-01 23:16:58,112] {dag.py:2927} INFO - Setting next_dagrun for example_nested_branch_dag to 2022-11-01T00:00:00+00:00, run_after=2022-11-02T00:00:00+00:00
[2022-11-01 23:16:58,657] {processor.py:161} INFO - Processing /home/nayara/Documentos/airflowalura/venv/lib/python3.9/site-packages/airflow/example_dags/example_nested_branch_dag.py took 0.854 seconds
[2022-11-01 23:18:17,878] {processor.py:153} INFO - Started process (PID=22601) to work on /home/nayara/Documentos/airflowalura/venv/lib/python3.9/site-packages/airflow/example_dags/example_nested_branch_dag.py
[2022-11-01 23:18:17,914] {processor.py:641} INFO - Processing file /home/nayara/Documentos/airflowalura/venv/lib/python3.9/site-packages/airflow/example_dags/example_nested_branch_dag.py for tasks to queue
[2022-11-01 23:18:17,915] {logging_mixin.py:115} INFO - [2022-11-01 23:18:17,915] {dagbag.py:507} INFO - Filling up the DagBag from /home/nayara/Documentos/airflowalura/venv/lib/python3.9/site-packages/airflow/example_dags/example_nested_branch_dag.py
[2022-11-01 23:18:17,937] {processor.py:651} INFO - DAG(s) dict_keys(['example_nested_branch_dag']) retrieved from /home/nayara/Documentos/airflowalura/venv/lib/python3.9/site-packages/airflow/example_dags/example_nested_branch_dag.py
[2022-11-01 23:18:17,959] {logging_mixin.py:115} INFO - [2022-11-01 23:18:17,959] {dag.py:2379} INFO - Sync 1 DAGs
[2022-11-01 23:18:17,978] {logging_mixin.py:115} INFO - [2022-11-01 23:18:17,978] {dag.py:2927} INFO - Setting next_dagrun for example_nested_branch_dag to 2022-11-01T00:00:00+00:00, run_after=2022-11-02T00:00:00+00:00
[2022-11-01 23:18:18,234] {processor.py:161} INFO - Processing /home/nayara/Documentos/airflowalura/venv/lib/python3.9/site-packages/airflow/example_dags/example_nested_branch_dag.py took 0.365 seconds
[2022-11-01 23:19:22,856] {processor.py:153} INFO - Started process (PID=22711) to work on /home/nayara/Documentos/airflowalura/venv/lib/python3.9/site-packages/airflow/example_dags/example_nested_branch_dag.py
[2022-11-01 23:19:22,881] {processor.py:641} INFO - Processing file /home/nayara/Documentos/airflowalura/venv/lib/python3.9/site-packages/airflow/example_dags/example_nested_branch_dag.py for tasks to queue
[2022-11-01 23:19:22,882] {logging_mixin.py:115} INFO - [2022-11-01 23:19:22,882] {dagbag.py:507} INFO - Filling up the DagBag from /home/nayara/Documentos/airflowalura/venv/lib/python3.9/site-packages/airflow/example_dags/example_nested_branch_dag.py
[2022-11-01 23:19:22,895] {processor.py:651} INFO - DAG(s) dict_keys(['example_nested_branch_dag']) retrieved from /home/nayara/Documentos/airflowalura/venv/lib/python3.9/site-packages/airflow/example_dags/example_nested_branch_dag.py
[2022-11-01 23:19:22,917] {logging_mixin.py:115} INFO - [2022-11-01 23:19:22,917] {dag.py:2379} INFO - Sync 1 DAGs
[2022-11-01 23:19:22,936] {logging_mixin.py:115} INFO - [2022-11-01 23:19:22,935] {dag.py:2927} INFO - Setting next_dagrun for example_nested_branch_dag to 2022-11-01T00:00:00+00:00, run_after=2022-11-02T00:00:00+00:00
[2022-11-01 23:19:23,357] {processor.py:161} INFO - Processing /home/nayara/Documentos/airflowalura/venv/lib/python3.9/site-packages/airflow/example_dags/example_nested_branch_dag.py took 0.504 seconds
[2022-11-01 23:20:27,949] {processor.py:153} INFO - Started process (PID=22893) to work on /home/nayara/Documentos/airflowalura/venv/lib/python3.9/site-packages/airflow/example_dags/example_nested_branch_dag.py
[2022-11-01 23:20:28,002] {processor.py:641} INFO - Processing file /home/nayara/Documentos/airflowalura/venv/lib/python3.9/site-packages/airflow/example_dags/example_nested_branch_dag.py for tasks to queue
[2022-11-01 23:20:28,004] {logging_mixin.py:115} INFO - [2022-11-01 23:20:28,004] {dagbag.py:507} INFO - Filling up the DagBag from /home/nayara/Documentos/airflowalura/venv/lib/python3.9/site-packages/airflow/example_dags/example_nested_branch_dag.py
[2022-11-01 23:20:28,034] {processor.py:651} INFO - DAG(s) dict_keys(['example_nested_branch_dag']) retrieved from /home/nayara/Documentos/airflowalura/venv/lib/python3.9/site-packages/airflow/example_dags/example_nested_branch_dag.py
[2022-11-01 23:20:28,398] {logging_mixin.py:115} INFO - [2022-11-01 23:20:28,398] {dag.py:2379} INFO - Sync 1 DAGs
[2022-11-01 23:20:28,422] {logging_mixin.py:115} INFO - [2022-11-01 23:20:28,422] {dag.py:2927} INFO - Setting next_dagrun for example_nested_branch_dag to 2022-11-01T00:00:00+00:00, run_after=2022-11-02T00:00:00+00:00
[2022-11-01 23:20:28,903] {processor.py:161} INFO - Processing /home/nayara/Documentos/airflowalura/venv/lib/python3.9/site-packages/airflow/example_dags/example_nested_branch_dag.py took 0.957 seconds
