[2022-11-01 22:40:32,209] {processor.py:153} INFO - Started process (PID=17759) to work on /home/nayara/Documentos/airflowalura/venv/lib/python3.9/site-packages/airflow/example_dags/example_task_group.py
[2022-11-01 22:40:32,210] {processor.py:641} INFO - Processing file /home/nayara/Documentos/airflowalura/venv/lib/python3.9/site-packages/airflow/example_dags/example_task_group.py for tasks to queue
[2022-11-01 22:40:32,212] {logging_mixin.py:115} INFO - [2022-11-01 22:40:32,211] {dagbag.py:507} INFO - Filling up the DagBag from /home/nayara/Documentos/airflowalura/venv/lib/python3.9/site-packages/airflow/example_dags/example_task_group.py
[2022-11-01 22:40:32,446] {processor.py:651} INFO - DAG(s) dict_keys(['example_task_group']) retrieved from /home/nayara/Documentos/airflowalura/venv/lib/python3.9/site-packages/airflow/example_dags/example_task_group.py
[2022-11-01 22:40:32,496] {logging_mixin.py:115} INFO - [2022-11-01 22:40:32,496] {dag.py:2379} INFO - Sync 1 DAGs
[2022-11-01 22:40:32,515] {logging_mixin.py:115} INFO - [2022-11-01 22:40:32,515] {dag.py:2927} INFO - Setting next_dagrun for example_task_group to 2022-11-01T01:40:32.514694+00:00, run_after=2022-11-02T01:40:32.514694+00:00
[2022-11-01 22:40:33,117] {processor.py:161} INFO - Processing /home/nayara/Documentos/airflowalura/venv/lib/python3.9/site-packages/airflow/example_dags/example_task_group.py took 0.913 seconds
[2022-11-01 22:43:00,320] {processor.py:153} INFO - Started process (PID=17982) to work on /home/nayara/Documentos/airflowalura/venv/lib/python3.9/site-packages/airflow/example_dags/example_task_group.py
[2022-11-01 22:43:00,351] {processor.py:641} INFO - Processing file /home/nayara/Documentos/airflowalura/venv/lib/python3.9/site-packages/airflow/example_dags/example_task_group.py for tasks to queue
[2022-11-01 22:43:00,352] {logging_mixin.py:115} INFO - [2022-11-01 22:43:00,352] {dagbag.py:507} INFO - Filling up the DagBag from /home/nayara/Documentos/airflowalura/venv/lib/python3.9/site-packages/airflow/example_dags/example_task_group.py
[2022-11-01 22:43:00,378] {processor.py:651} INFO - DAG(s) dict_keys(['example_task_group']) retrieved from /home/nayara/Documentos/airflowalura/venv/lib/python3.9/site-packages/airflow/example_dags/example_task_group.py
[2022-11-01 22:43:00,427] {logging_mixin.py:115} INFO - [2022-11-01 22:43:00,427] {dag.py:2379} INFO - Sync 1 DAGs
[2022-11-01 22:43:00,470] {logging_mixin.py:115} INFO - [2022-11-01 22:43:00,469] {dag.py:2927} INFO - Setting next_dagrun for example_task_group to 2022-11-01T01:43:00.469309+00:00, run_after=2022-11-02T01:43:00.469309+00:00
[2022-11-01 22:43:00,890] {processor.py:161} INFO - Processing /home/nayara/Documentos/airflowalura/venv/lib/python3.9/site-packages/airflow/example_dags/example_task_group.py took 0.580 seconds
[2022-11-01 22:44:31,085] {processor.py:153} INFO - Started process (PID=18121) to work on /home/nayara/Documentos/airflowalura/venv/lib/python3.9/site-packages/airflow/example_dags/example_task_group.py
[2022-11-01 22:44:31,134] {processor.py:641} INFO - Processing file /home/nayara/Documentos/airflowalura/venv/lib/python3.9/site-packages/airflow/example_dags/example_task_group.py for tasks to queue
[2022-11-01 22:44:31,135] {logging_mixin.py:115} INFO - [2022-11-01 22:44:31,135] {dagbag.py:507} INFO - Filling up the DagBag from /home/nayara/Documentos/airflowalura/venv/lib/python3.9/site-packages/airflow/example_dags/example_task_group.py
[2022-11-01 22:44:31,157] {processor.py:651} INFO - DAG(s) dict_keys(['example_task_group']) retrieved from /home/nayara/Documentos/airflowalura/venv/lib/python3.9/site-packages/airflow/example_dags/example_task_group.py
[2022-11-01 22:44:31,200] {logging_mixin.py:115} INFO - [2022-11-01 22:44:31,200] {dag.py:2379} INFO - Sync 1 DAGs
[2022-11-01 22:44:31,237] {logging_mixin.py:115} INFO - [2022-11-01 22:44:31,237] {dag.py:2927} INFO - Setting next_dagrun for example_task_group to 2022-11-01T01:44:31.236593+00:00, run_after=2022-11-02T01:44:31.236593+00:00
[2022-11-01 22:44:31,612] {processor.py:161} INFO - Processing /home/nayara/Documentos/airflowalura/venv/lib/python3.9/site-packages/airflow/example_dags/example_task_group.py took 0.535 seconds
[2022-11-01 22:45:37,516] {processor.py:153} INFO - Started process (PID=18232) to work on /home/nayara/Documentos/airflowalura/venv/lib/python3.9/site-packages/airflow/example_dags/example_task_group.py
[2022-11-01 22:45:37,585] {processor.py:641} INFO - Processing file /home/nayara/Documentos/airflowalura/venv/lib/python3.9/site-packages/airflow/example_dags/example_task_group.py for tasks to queue
[2022-11-01 22:45:37,587] {logging_mixin.py:115} INFO - [2022-11-01 22:45:37,586] {dagbag.py:507} INFO - Filling up the DagBag from /home/nayara/Documentos/airflowalura/venv/lib/python3.9/site-packages/airflow/example_dags/example_task_group.py
[2022-11-01 22:45:37,606] {processor.py:651} INFO - DAG(s) dict_keys(['example_task_group']) retrieved from /home/nayara/Documentos/airflowalura/venv/lib/python3.9/site-packages/airflow/example_dags/example_task_group.py
[2022-11-01 22:45:37,674] {logging_mixin.py:115} INFO - [2022-11-01 22:45:37,674] {dag.py:2379} INFO - Sync 1 DAGs
[2022-11-01 22:45:37,723] {logging_mixin.py:115} INFO - [2022-11-01 22:45:37,722] {dag.py:2927} INFO - Setting next_dagrun for example_task_group to 2022-11-01T01:45:37.721686+00:00, run_after=2022-11-02T01:45:37.721686+00:00
[2022-11-01 22:45:38,044] {processor.py:161} INFO - Processing /home/nayara/Documentos/airflowalura/venv/lib/python3.9/site-packages/airflow/example_dags/example_task_group.py took 0.533 seconds
[2022-11-01 22:46:35,641] {processor.py:153} INFO - Started process (PID=18357) to work on /home/nayara/Documentos/airflowalura/venv/lib/python3.9/site-packages/airflow/example_dags/example_task_group.py
[2022-11-01 22:46:35,663] {processor.py:641} INFO - Processing file /home/nayara/Documentos/airflowalura/venv/lib/python3.9/site-packages/airflow/example_dags/example_task_group.py for tasks to queue
[2022-11-01 22:46:35,664] {logging_mixin.py:115} INFO - [2022-11-01 22:46:35,664] {dagbag.py:507} INFO - Filling up the DagBag from /home/nayara/Documentos/airflowalura/venv/lib/python3.9/site-packages/airflow/example_dags/example_task_group.py
[2022-11-01 22:46:35,681] {processor.py:651} INFO - DAG(s) dict_keys(['example_task_group']) retrieved from /home/nayara/Documentos/airflowalura/venv/lib/python3.9/site-packages/airflow/example_dags/example_task_group.py
[2022-11-01 22:46:35,725] {logging_mixin.py:115} INFO - [2022-11-01 22:46:35,725] {dag.py:2379} INFO - Sync 1 DAGs
[2022-11-01 22:46:35,763] {logging_mixin.py:115} INFO - [2022-11-01 22:46:35,763] {dag.py:2927} INFO - Setting next_dagrun for example_task_group to 2022-11-01T01:46:35.762594+00:00, run_after=2022-11-02T01:46:35.762594+00:00
[2022-11-01 22:46:36,590] {processor.py:161} INFO - Processing /home/nayara/Documentos/airflowalura/venv/lib/python3.9/site-packages/airflow/example_dags/example_task_group.py took 0.953 seconds
[2022-11-01 22:47:40,183] {processor.py:153} INFO - Started process (PID=18506) to work on /home/nayara/Documentos/airflowalura/venv/lib/python3.9/site-packages/airflow/example_dags/example_task_group.py
[2022-11-01 22:47:40,244] {processor.py:641} INFO - Processing file /home/nayara/Documentos/airflowalura/venv/lib/python3.9/site-packages/airflow/example_dags/example_task_group.py for tasks to queue
[2022-11-01 22:47:40,245] {logging_mixin.py:115} INFO - [2022-11-01 22:47:40,245] {dagbag.py:507} INFO - Filling up the DagBag from /home/nayara/Documentos/airflowalura/venv/lib/python3.9/site-packages/airflow/example_dags/example_task_group.py
[2022-11-01 22:47:40,268] {processor.py:651} INFO - DAG(s) dict_keys(['example_task_group']) retrieved from /home/nayara/Documentos/airflowalura/venv/lib/python3.9/site-packages/airflow/example_dags/example_task_group.py
[2022-11-01 22:47:40,332] {logging_mixin.py:115} INFO - [2022-11-01 22:47:40,332] {dag.py:2379} INFO - Sync 1 DAGs
[2022-11-01 22:47:40,384] {logging_mixin.py:115} INFO - [2022-11-01 22:47:40,384] {dag.py:2927} INFO - Setting next_dagrun for example_task_group to 2022-11-01T01:47:40.383407+00:00, run_after=2022-11-02T01:47:40.383407+00:00
[2022-11-01 22:47:40,799] {processor.py:161} INFO - Processing /home/nayara/Documentos/airflowalura/venv/lib/python3.9/site-packages/airflow/example_dags/example_task_group.py took 0.624 seconds
[2022-11-01 22:48:37,905] {processor.py:153} INFO - Started process (PID=18614) to work on /home/nayara/Documentos/airflowalura/venv/lib/python3.9/site-packages/airflow/example_dags/example_task_group.py
[2022-11-01 22:48:37,920] {processor.py:641} INFO - Processing file /home/nayara/Documentos/airflowalura/venv/lib/python3.9/site-packages/airflow/example_dags/example_task_group.py for tasks to queue
[2022-11-01 22:48:37,921] {logging_mixin.py:115} INFO - [2022-11-01 22:48:37,921] {dagbag.py:507} INFO - Filling up the DagBag from /home/nayara/Documentos/airflowalura/venv/lib/python3.9/site-packages/airflow/example_dags/example_task_group.py
[2022-11-01 22:48:37,951] {processor.py:651} INFO - DAG(s) dict_keys(['example_task_group']) retrieved from /home/nayara/Documentos/airflowalura/venv/lib/python3.9/site-packages/airflow/example_dags/example_task_group.py
[2022-11-01 22:48:37,998] {logging_mixin.py:115} INFO - [2022-11-01 22:48:37,998] {dag.py:2379} INFO - Sync 1 DAGs
[2022-11-01 22:48:38,034] {logging_mixin.py:115} INFO - [2022-11-01 22:48:38,033] {dag.py:2927} INFO - Setting next_dagrun for example_task_group to 2022-11-01T01:48:38.033251+00:00, run_after=2022-11-02T01:48:38.033251+00:00
[2022-11-01 22:48:38,334] {processor.py:161} INFO - Processing /home/nayara/Documentos/airflowalura/venv/lib/python3.9/site-packages/airflow/example_dags/example_task_group.py took 0.433 seconds
[2022-11-01 22:49:34,968] {processor.py:153} INFO - Started process (PID=18728) to work on /home/nayara/Documentos/airflowalura/venv/lib/python3.9/site-packages/airflow/example_dags/example_task_group.py
[2022-11-01 22:49:34,976] {processor.py:641} INFO - Processing file /home/nayara/Documentos/airflowalura/venv/lib/python3.9/site-packages/airflow/example_dags/example_task_group.py for tasks to queue
[2022-11-01 22:49:34,980] {logging_mixin.py:115} INFO - [2022-11-01 22:49:34,980] {dagbag.py:507} INFO - Filling up the DagBag from /home/nayara/Documentos/airflowalura/venv/lib/python3.9/site-packages/airflow/example_dags/example_task_group.py
[2022-11-01 22:49:35,000] {processor.py:651} INFO - DAG(s) dict_keys(['example_task_group']) retrieved from /home/nayara/Documentos/airflowalura/venv/lib/python3.9/site-packages/airflow/example_dags/example_task_group.py
[2022-11-01 22:49:35,039] {logging_mixin.py:115} INFO - [2022-11-01 22:49:35,039] {dag.py:2379} INFO - Sync 1 DAGs
[2022-11-01 22:49:35,087] {logging_mixin.py:115} INFO - [2022-11-01 22:49:35,087] {dag.py:2927} INFO - Setting next_dagrun for example_task_group to 2022-11-01T01:49:35.087069+00:00, run_after=2022-11-02T01:49:35.087069+00:00
[2022-11-01 22:49:35,489] {processor.py:161} INFO - Processing /home/nayara/Documentos/airflowalura/venv/lib/python3.9/site-packages/airflow/example_dags/example_task_group.py took 0.531 seconds
[2022-11-01 22:50:27,980] {processor.py:153} INFO - Started process (PID=18825) to work on /home/nayara/Documentos/airflowalura/venv/lib/python3.9/site-packages/airflow/example_dags/example_task_group.py
[2022-11-01 22:50:27,981] {processor.py:641} INFO - Processing file /home/nayara/Documentos/airflowalura/venv/lib/python3.9/site-packages/airflow/example_dags/example_task_group.py for tasks to queue
[2022-11-01 22:50:27,984] {logging_mixin.py:115} INFO - [2022-11-01 22:50:27,984] {dagbag.py:507} INFO - Filling up the DagBag from /home/nayara/Documentos/airflowalura/venv/lib/python3.9/site-packages/airflow/example_dags/example_task_group.py
[2022-11-01 22:50:28,000] {processor.py:651} INFO - DAG(s) dict_keys(['example_task_group']) retrieved from /home/nayara/Documentos/airflowalura/venv/lib/python3.9/site-packages/airflow/example_dags/example_task_group.py
[2022-11-01 22:50:28,039] {logging_mixin.py:115} INFO - [2022-11-01 22:50:28,039] {dag.py:2379} INFO - Sync 1 DAGs
[2022-11-01 22:50:28,071] {logging_mixin.py:115} INFO - [2022-11-01 22:50:28,071] {dag.py:2927} INFO - Setting next_dagrun for example_task_group to 2022-11-01T01:50:28.070471+00:00, run_after=2022-11-02T01:50:28.070471+00:00
[2022-11-01 22:50:28,381] {processor.py:161} INFO - Processing /home/nayara/Documentos/airflowalura/venv/lib/python3.9/site-packages/airflow/example_dags/example_task_group.py took 0.410 seconds
[2022-11-01 22:51:42,874] {processor.py:153} INFO - Started process (PID=18962) to work on /home/nayara/Documentos/airflowalura/venv/lib/python3.9/site-packages/airflow/example_dags/example_task_group.py
[2022-11-01 22:51:42,879] {processor.py:641} INFO - Processing file /home/nayara/Documentos/airflowalura/venv/lib/python3.9/site-packages/airflow/example_dags/example_task_group.py for tasks to queue
[2022-11-01 22:51:42,880] {logging_mixin.py:115} INFO - [2022-11-01 22:51:42,880] {dagbag.py:507} INFO - Filling up the DagBag from /home/nayara/Documentos/airflowalura/venv/lib/python3.9/site-packages/airflow/example_dags/example_task_group.py
[2022-11-01 22:51:42,897] {processor.py:651} INFO - DAG(s) dict_keys(['example_task_group']) retrieved from /home/nayara/Documentos/airflowalura/venv/lib/python3.9/site-packages/airflow/example_dags/example_task_group.py
[2022-11-01 22:51:42,946] {logging_mixin.py:115} INFO - [2022-11-01 22:51:42,945] {dag.py:2379} INFO - Sync 1 DAGs
[2022-11-01 22:51:42,992] {logging_mixin.py:115} INFO - [2022-11-01 22:51:42,992] {dag.py:2927} INFO - Setting next_dagrun for example_task_group to 2022-11-01T01:51:42.990632+00:00, run_after=2022-11-02T01:51:42.990632+00:00
[2022-11-01 22:51:43,331] {processor.py:161} INFO - Processing /home/nayara/Documentos/airflowalura/venv/lib/python3.9/site-packages/airflow/example_dags/example_task_group.py took 0.468 seconds
[2022-11-01 22:52:43,409] {processor.py:153} INFO - Started process (PID=19102) to work on /home/nayara/Documentos/airflowalura/venv/lib/python3.9/site-packages/airflow/example_dags/example_task_group.py
[2022-11-01 22:52:43,445] {processor.py:641} INFO - Processing file /home/nayara/Documentos/airflowalura/venv/lib/python3.9/site-packages/airflow/example_dags/example_task_group.py for tasks to queue
[2022-11-01 22:52:43,446] {logging_mixin.py:115} INFO - [2022-11-01 22:52:43,446] {dagbag.py:507} INFO - Filling up the DagBag from /home/nayara/Documentos/airflowalura/venv/lib/python3.9/site-packages/airflow/example_dags/example_task_group.py
[2022-11-01 22:52:43,463] {processor.py:651} INFO - DAG(s) dict_keys(['example_task_group']) retrieved from /home/nayara/Documentos/airflowalura/venv/lib/python3.9/site-packages/airflow/example_dags/example_task_group.py
[2022-11-01 22:52:43,505] {logging_mixin.py:115} INFO - [2022-11-01 22:52:43,505] {dag.py:2379} INFO - Sync 1 DAGs
[2022-11-01 22:52:43,541] {logging_mixin.py:115} INFO - [2022-11-01 22:52:43,541] {dag.py:2927} INFO - Setting next_dagrun for example_task_group to 2022-11-01T01:52:43.540394+00:00, run_after=2022-11-02T01:52:43.540394+00:00
[2022-11-01 22:52:44,037] {processor.py:161} INFO - Processing /home/nayara/Documentos/airflowalura/venv/lib/python3.9/site-packages/airflow/example_dags/example_task_group.py took 0.635 seconds
[2022-11-01 22:53:42,998] {processor.py:153} INFO - Started process (PID=19218) to work on /home/nayara/Documentos/airflowalura/venv/lib/python3.9/site-packages/airflow/example_dags/example_task_group.py
[2022-11-01 22:53:43,019] {processor.py:641} INFO - Processing file /home/nayara/Documentos/airflowalura/venv/lib/python3.9/site-packages/airflow/example_dags/example_task_group.py for tasks to queue
[2022-11-01 22:53:43,020] {logging_mixin.py:115} INFO - [2022-11-01 22:53:43,020] {dagbag.py:507} INFO - Filling up the DagBag from /home/nayara/Documentos/airflowalura/venv/lib/python3.9/site-packages/airflow/example_dags/example_task_group.py
[2022-11-01 22:53:43,040] {processor.py:651} INFO - DAG(s) dict_keys(['example_task_group']) retrieved from /home/nayara/Documentos/airflowalura/venv/lib/python3.9/site-packages/airflow/example_dags/example_task_group.py
[2022-11-01 22:53:43,094] {logging_mixin.py:115} INFO - [2022-11-01 22:53:43,094] {dag.py:2379} INFO - Sync 1 DAGs
[2022-11-01 22:53:43,143] {logging_mixin.py:115} INFO - [2022-11-01 22:53:43,142] {dag.py:2927} INFO - Setting next_dagrun for example_task_group to 2022-11-01T01:53:43.141037+00:00, run_after=2022-11-02T01:53:43.141037+00:00
[2022-11-01 22:53:43,511] {processor.py:161} INFO - Processing /home/nayara/Documentos/airflowalura/venv/lib/python3.9/site-packages/airflow/example_dags/example_task_group.py took 0.521 seconds
[2022-11-01 22:54:49,089] {processor.py:153} INFO - Started process (PID=19352) to work on /home/nayara/Documentos/airflowalura/venv/lib/python3.9/site-packages/airflow/example_dags/example_task_group.py
[2022-11-01 22:54:49,147] {processor.py:641} INFO - Processing file /home/nayara/Documentos/airflowalura/venv/lib/python3.9/site-packages/airflow/example_dags/example_task_group.py for tasks to queue
[2022-11-01 22:54:49,150] {logging_mixin.py:115} INFO - [2022-11-01 22:54:49,150] {dagbag.py:507} INFO - Filling up the DagBag from /home/nayara/Documentos/airflowalura/venv/lib/python3.9/site-packages/airflow/example_dags/example_task_group.py
[2022-11-01 22:54:49,179] {processor.py:651} INFO - DAG(s) dict_keys(['example_task_group']) retrieved from /home/nayara/Documentos/airflowalura/venv/lib/python3.9/site-packages/airflow/example_dags/example_task_group.py
[2022-11-01 22:54:49,201] {logging_mixin.py:115} INFO - [2022-11-01 22:54:49,201] {dag.py:2379} INFO - Sync 1 DAGs
[2022-11-01 22:54:49,219] {logging_mixin.py:115} INFO - [2022-11-01 22:54:49,219] {dag.py:2927} INFO - Setting next_dagrun for example_task_group to 2022-11-01T01:54:49.219167+00:00, run_after=2022-11-02T01:54:49.219167+00:00
[2022-11-01 22:54:49,770] {processor.py:161} INFO - Processing /home/nayara/Documentos/airflowalura/venv/lib/python3.9/site-packages/airflow/example_dags/example_task_group.py took 0.692 seconds
[2022-11-01 22:56:00,105] {processor.py:153} INFO - Started process (PID=19531) to work on /home/nayara/Documentos/airflowalura/venv/lib/python3.9/site-packages/airflow/example_dags/example_task_group.py
[2022-11-01 22:56:00,164] {processor.py:641} INFO - Processing file /home/nayara/Documentos/airflowalura/venv/lib/python3.9/site-packages/airflow/example_dags/example_task_group.py for tasks to queue
[2022-11-01 22:56:00,167] {logging_mixin.py:115} INFO - [2022-11-01 22:56:00,166] {dagbag.py:507} INFO - Filling up the DagBag from /home/nayara/Documentos/airflowalura/venv/lib/python3.9/site-packages/airflow/example_dags/example_task_group.py
[2022-11-01 22:56:00,188] {processor.py:651} INFO - DAG(s) dict_keys(['example_task_group']) retrieved from /home/nayara/Documentos/airflowalura/venv/lib/python3.9/site-packages/airflow/example_dags/example_task_group.py
[2022-11-01 22:56:00,214] {logging_mixin.py:115} INFO - [2022-11-01 22:56:00,213] {dag.py:2379} INFO - Sync 1 DAGs
[2022-11-01 22:56:00,245] {logging_mixin.py:115} INFO - [2022-11-01 22:56:00,245] {dag.py:2927} INFO - Setting next_dagrun for example_task_group to 2022-11-01T01:56:00.245286+00:00, run_after=2022-11-02T01:56:00.245286+00:00
[2022-11-01 22:56:00,791] {processor.py:161} INFO - Processing /home/nayara/Documentos/airflowalura/venv/lib/python3.9/site-packages/airflow/example_dags/example_task_group.py took 0.691 seconds
[2022-11-01 22:57:25,707] {processor.py:153} INFO - Started process (PID=19758) to work on /home/nayara/Documentos/airflowalura/venv/lib/python3.9/site-packages/airflow/example_dags/example_task_group.py
[2022-11-01 22:57:25,725] {processor.py:641} INFO - Processing file /home/nayara/Documentos/airflowalura/venv/lib/python3.9/site-packages/airflow/example_dags/example_task_group.py for tasks to queue
[2022-11-01 22:57:25,726] {logging_mixin.py:115} INFO - [2022-11-01 22:57:25,726] {dagbag.py:507} INFO - Filling up the DagBag from /home/nayara/Documentos/airflowalura/venv/lib/python3.9/site-packages/airflow/example_dags/example_task_group.py
[2022-11-01 22:57:25,745] {processor.py:651} INFO - DAG(s) dict_keys(['example_task_group']) retrieved from /home/nayara/Documentos/airflowalura/venv/lib/python3.9/site-packages/airflow/example_dags/example_task_group.py
[2022-11-01 22:57:25,769] {logging_mixin.py:115} INFO - [2022-11-01 22:57:25,768] {dag.py:2379} INFO - Sync 1 DAGs
[2022-11-01 22:57:25,788] {logging_mixin.py:115} INFO - [2022-11-01 22:57:25,788] {dag.py:2927} INFO - Setting next_dagrun for example_task_group to 2022-11-01T01:57:25.787969+00:00, run_after=2022-11-02T01:57:25.787969+00:00
[2022-11-01 22:57:26,130] {processor.py:161} INFO - Processing /home/nayara/Documentos/airflowalura/venv/lib/python3.9/site-packages/airflow/example_dags/example_task_group.py took 0.437 seconds
[2022-11-01 22:58:24,396] {processor.py:153} INFO - Started process (PID=19884) to work on /home/nayara/Documentos/airflowalura/venv/lib/python3.9/site-packages/airflow/example_dags/example_task_group.py
[2022-11-01 22:58:24,435] {processor.py:641} INFO - Processing file /home/nayara/Documentos/airflowalura/venv/lib/python3.9/site-packages/airflow/example_dags/example_task_group.py for tasks to queue
[2022-11-01 22:58:24,436] {logging_mixin.py:115} INFO - [2022-11-01 22:58:24,436] {dagbag.py:507} INFO - Filling up the DagBag from /home/nayara/Documentos/airflowalura/venv/lib/python3.9/site-packages/airflow/example_dags/example_task_group.py
[2022-11-01 22:58:24,445] {processor.py:651} INFO - DAG(s) dict_keys(['example_task_group']) retrieved from /home/nayara/Documentos/airflowalura/venv/lib/python3.9/site-packages/airflow/example_dags/example_task_group.py
[2022-11-01 22:58:24,465] {logging_mixin.py:115} INFO - [2022-11-01 22:58:24,465] {dag.py:2379} INFO - Sync 1 DAGs
[2022-11-01 22:58:24,483] {logging_mixin.py:115} INFO - [2022-11-01 22:58:24,483] {dag.py:2927} INFO - Setting next_dagrun for example_task_group to 2022-11-01T01:58:24.482737+00:00, run_after=2022-11-02T01:58:24.482737+00:00
[2022-11-01 22:58:24,752] {processor.py:161} INFO - Processing /home/nayara/Documentos/airflowalura/venv/lib/python3.9/site-packages/airflow/example_dags/example_task_group.py took 0.360 seconds
[2022-11-01 22:59:12,980] {processor.py:153} INFO - Started process (PID=19988) to work on /home/nayara/Documentos/airflowalura/venv/lib/python3.9/site-packages/airflow/example_dags/example_task_group.py
[2022-11-01 22:59:13,080] {processor.py:641} INFO - Processing file /home/nayara/Documentos/airflowalura/venv/lib/python3.9/site-packages/airflow/example_dags/example_task_group.py for tasks to queue
[2022-11-01 22:59:13,083] {logging_mixin.py:115} INFO - [2022-11-01 22:59:13,083] {dagbag.py:507} INFO - Filling up the DagBag from /home/nayara/Documentos/airflowalura/venv/lib/python3.9/site-packages/airflow/example_dags/example_task_group.py
[2022-11-01 22:59:13,104] {processor.py:651} INFO - DAG(s) dict_keys(['example_task_group']) retrieved from /home/nayara/Documentos/airflowalura/venv/lib/python3.9/site-packages/airflow/example_dags/example_task_group.py
[2022-11-01 22:59:13,482] {logging_mixin.py:115} INFO - [2022-11-01 22:59:13,482] {dag.py:2379} INFO - Sync 1 DAGs
[2022-11-01 22:59:13,504] {logging_mixin.py:115} INFO - [2022-11-01 22:59:13,504] {dag.py:2927} INFO - Setting next_dagrun for example_task_group to 2022-11-01T01:59:13.504194+00:00, run_after=2022-11-02T01:59:13.504194+00:00
[2022-11-01 22:59:13,913] {processor.py:161} INFO - Processing /home/nayara/Documentos/airflowalura/venv/lib/python3.9/site-packages/airflow/example_dags/example_task_group.py took 0.940 seconds
[2022-11-01 23:00:05,543] {processor.py:153} INFO - Started process (PID=20101) to work on /home/nayara/Documentos/airflowalura/venv/lib/python3.9/site-packages/airflow/example_dags/example_task_group.py
[2022-11-01 23:00:05,614] {processor.py:641} INFO - Processing file /home/nayara/Documentos/airflowalura/venv/lib/python3.9/site-packages/airflow/example_dags/example_task_group.py for tasks to queue
[2022-11-01 23:00:05,616] {logging_mixin.py:115} INFO - [2022-11-01 23:00:05,616] {dagbag.py:507} INFO - Filling up the DagBag from /home/nayara/Documentos/airflowalura/venv/lib/python3.9/site-packages/airflow/example_dags/example_task_group.py
[2022-11-01 23:00:05,652] {processor.py:651} INFO - DAG(s) dict_keys(['example_task_group']) retrieved from /home/nayara/Documentos/airflowalura/venv/lib/python3.9/site-packages/airflow/example_dags/example_task_group.py
[2022-11-01 23:00:05,700] {logging_mixin.py:115} INFO - [2022-11-01 23:00:05,700] {dag.py:2379} INFO - Sync 1 DAGs
[2022-11-01 23:00:05,719] {logging_mixin.py:115} INFO - [2022-11-01 23:00:05,719] {dag.py:2927} INFO - Setting next_dagrun for example_task_group to 2022-11-01T02:00:05.718760+00:00, run_after=2022-11-02T02:00:05.718760+00:00
[2022-11-01 23:00:06,079] {processor.py:161} INFO - Processing /home/nayara/Documentos/airflowalura/venv/lib/python3.9/site-packages/airflow/example_dags/example_task_group.py took 0.547 seconds
[2022-11-01 23:00:58,736] {processor.py:153} INFO - Started process (PID=20185) to work on /home/nayara/Documentos/airflowalura/venv/lib/python3.9/site-packages/airflow/example_dags/example_task_group.py
[2022-11-01 23:00:58,816] {processor.py:641} INFO - Processing file /home/nayara/Documentos/airflowalura/venv/lib/python3.9/site-packages/airflow/example_dags/example_task_group.py for tasks to queue
[2022-11-01 23:00:58,819] {logging_mixin.py:115} INFO - [2022-11-01 23:00:58,819] {dagbag.py:507} INFO - Filling up the DagBag from /home/nayara/Documentos/airflowalura/venv/lib/python3.9/site-packages/airflow/example_dags/example_task_group.py
[2022-11-01 23:00:58,846] {processor.py:651} INFO - DAG(s) dict_keys(['example_task_group']) retrieved from /home/nayara/Documentos/airflowalura/venv/lib/python3.9/site-packages/airflow/example_dags/example_task_group.py
[2022-11-01 23:00:58,870] {logging_mixin.py:115} INFO - [2022-11-01 23:00:58,870] {dag.py:2379} INFO - Sync 1 DAGs
[2022-11-01 23:00:58,888] {logging_mixin.py:115} INFO - [2022-11-01 23:00:58,887] {dag.py:2927} INFO - Setting next_dagrun for example_task_group to 2022-11-01T02:00:58.887568+00:00, run_after=2022-11-02T02:00:58.887568+00:00
[2022-11-01 23:00:59,249] {processor.py:161} INFO - Processing /home/nayara/Documentos/airflowalura/venv/lib/python3.9/site-packages/airflow/example_dags/example_task_group.py took 0.519 seconds
[2022-11-01 23:01:49,180] {processor.py:153} INFO - Started process (PID=20325) to work on /home/nayara/Documentos/airflowalura/venv/lib/python3.9/site-packages/airflow/example_dags/example_task_group.py
[2022-11-01 23:01:49,193] {processor.py:641} INFO - Processing file /home/nayara/Documentos/airflowalura/venv/lib/python3.9/site-packages/airflow/example_dags/example_task_group.py for tasks to queue
[2022-11-01 23:01:49,197] {logging_mixin.py:115} INFO - [2022-11-01 23:01:49,196] {dagbag.py:507} INFO - Filling up the DagBag from /home/nayara/Documentos/airflowalura/venv/lib/python3.9/site-packages/airflow/example_dags/example_task_group.py
[2022-11-01 23:01:49,260] {processor.py:651} INFO - DAG(s) dict_keys(['example_task_group']) retrieved from /home/nayara/Documentos/airflowalura/venv/lib/python3.9/site-packages/airflow/example_dags/example_task_group.py
[2022-11-01 23:01:49,334] {logging_mixin.py:115} INFO - [2022-11-01 23:01:49,333] {dag.py:2379} INFO - Sync 1 DAGs
[2022-11-01 23:01:49,368] {logging_mixin.py:115} INFO - [2022-11-01 23:01:49,368] {dag.py:2927} INFO - Setting next_dagrun for example_task_group to 2022-11-01T02:01:49.367532+00:00, run_after=2022-11-02T02:01:49.367532+00:00
[2022-11-01 23:01:50,413] {processor.py:161} INFO - Processing /home/nayara/Documentos/airflowalura/venv/lib/python3.9/site-packages/airflow/example_dags/example_task_group.py took 1.239 seconds
[2022-11-01 23:03:40,267] {processor.py:153} INFO - Started process (PID=20537) to work on /home/nayara/Documentos/airflowalura/venv/lib/python3.9/site-packages/airflow/example_dags/example_task_group.py
[2022-11-01 23:03:40,278] {processor.py:641} INFO - Processing file /home/nayara/Documentos/airflowalura/venv/lib/python3.9/site-packages/airflow/example_dags/example_task_group.py for tasks to queue
[2022-11-01 23:03:40,280] {logging_mixin.py:115} INFO - [2022-11-01 23:03:40,279] {dagbag.py:507} INFO - Filling up the DagBag from /home/nayara/Documentos/airflowalura/venv/lib/python3.9/site-packages/airflow/example_dags/example_task_group.py
[2022-11-01 23:03:40,294] {processor.py:651} INFO - DAG(s) dict_keys(['example_task_group']) retrieved from /home/nayara/Documentos/airflowalura/venv/lib/python3.9/site-packages/airflow/example_dags/example_task_group.py
[2022-11-01 23:03:40,318] {logging_mixin.py:115} INFO - [2022-11-01 23:03:40,318] {dag.py:2379} INFO - Sync 1 DAGs
[2022-11-01 23:03:40,340] {logging_mixin.py:115} INFO - [2022-11-01 23:03:40,340] {dag.py:2927} INFO - Setting next_dagrun for example_task_group to 2022-11-01T02:03:40.339831+00:00, run_after=2022-11-02T02:03:40.339831+00:00
[2022-11-01 23:03:40,691] {processor.py:161} INFO - Processing /home/nayara/Documentos/airflowalura/venv/lib/python3.9/site-packages/airflow/example_dags/example_task_group.py took 0.443 seconds
[2022-11-01 23:04:47,402] {processor.py:153} INFO - Started process (PID=20690) to work on /home/nayara/Documentos/airflowalura/venv/lib/python3.9/site-packages/airflow/example_dags/example_task_group.py
[2022-11-01 23:04:47,423] {processor.py:641} INFO - Processing file /home/nayara/Documentos/airflowalura/venv/lib/python3.9/site-packages/airflow/example_dags/example_task_group.py for tasks to queue
[2022-11-01 23:04:47,428] {logging_mixin.py:115} INFO - [2022-11-01 23:04:47,427] {dagbag.py:507} INFO - Filling up the DagBag from /home/nayara/Documentos/airflowalura/venv/lib/python3.9/site-packages/airflow/example_dags/example_task_group.py
[2022-11-01 23:04:47,452] {processor.py:651} INFO - DAG(s) dict_keys(['example_task_group']) retrieved from /home/nayara/Documentos/airflowalura/venv/lib/python3.9/site-packages/airflow/example_dags/example_task_group.py
[2022-11-01 23:04:47,486] {logging_mixin.py:115} INFO - [2022-11-01 23:04:47,486] {dag.py:2379} INFO - Sync 1 DAGs
[2022-11-01 23:04:47,510] {logging_mixin.py:115} INFO - [2022-11-01 23:04:47,510] {dag.py:2927} INFO - Setting next_dagrun for example_task_group to 2022-11-01T02:04:47.510304+00:00, run_after=2022-11-02T02:04:47.510304+00:00
[2022-11-01 23:04:48,105] {processor.py:161} INFO - Processing /home/nayara/Documentos/airflowalura/venv/lib/python3.9/site-packages/airflow/example_dags/example_task_group.py took 0.722 seconds
[2022-11-01 23:05:42,409] {processor.py:153} INFO - Started process (PID=20812) to work on /home/nayara/Documentos/airflowalura/venv/lib/python3.9/site-packages/airflow/example_dags/example_task_group.py
[2022-11-01 23:05:42,449] {processor.py:641} INFO - Processing file /home/nayara/Documentos/airflowalura/venv/lib/python3.9/site-packages/airflow/example_dags/example_task_group.py for tasks to queue
[2022-11-01 23:05:42,452] {logging_mixin.py:115} INFO - [2022-11-01 23:05:42,451] {dagbag.py:507} INFO - Filling up the DagBag from /home/nayara/Documentos/airflowalura/venv/lib/python3.9/site-packages/airflow/example_dags/example_task_group.py
[2022-11-01 23:05:42,486] {processor.py:651} INFO - DAG(s) dict_keys(['example_task_group']) retrieved from /home/nayara/Documentos/airflowalura/venv/lib/python3.9/site-packages/airflow/example_dags/example_task_group.py
[2022-11-01 23:05:42,519] {logging_mixin.py:115} INFO - [2022-11-01 23:05:42,519] {dag.py:2379} INFO - Sync 1 DAGs
[2022-11-01 23:05:42,537] {logging_mixin.py:115} INFO - [2022-11-01 23:05:42,536] {dag.py:2927} INFO - Setting next_dagrun for example_task_group to 2022-11-01T02:05:42.536554+00:00, run_after=2022-11-02T02:05:42.536554+00:00
[2022-11-01 23:05:42,953] {processor.py:161} INFO - Processing /home/nayara/Documentos/airflowalura/venv/lib/python3.9/site-packages/airflow/example_dags/example_task_group.py took 0.558 seconds
[2022-11-01 23:06:34,739] {processor.py:153} INFO - Started process (PID=20893) to work on /home/nayara/Documentos/airflowalura/venv/lib/python3.9/site-packages/airflow/example_dags/example_task_group.py
[2022-11-01 23:06:34,775] {processor.py:641} INFO - Processing file /home/nayara/Documentos/airflowalura/venv/lib/python3.9/site-packages/airflow/example_dags/example_task_group.py for tasks to queue
[2022-11-01 23:06:34,778] {logging_mixin.py:115} INFO - [2022-11-01 23:06:34,777] {dagbag.py:507} INFO - Filling up the DagBag from /home/nayara/Documentos/airflowalura/venv/lib/python3.9/site-packages/airflow/example_dags/example_task_group.py
[2022-11-01 23:06:34,799] {processor.py:651} INFO - DAG(s) dict_keys(['example_task_group']) retrieved from /home/nayara/Documentos/airflowalura/venv/lib/python3.9/site-packages/airflow/example_dags/example_task_group.py
[2022-11-01 23:06:34,820] {logging_mixin.py:115} INFO - [2022-11-01 23:06:34,820] {dag.py:2379} INFO - Sync 1 DAGs
[2022-11-01 23:06:34,838] {logging_mixin.py:115} INFO - [2022-11-01 23:06:34,838] {dag.py:2927} INFO - Setting next_dagrun for example_task_group to 2022-11-01T02:06:34.837940+00:00, run_after=2022-11-02T02:06:34.837940+00:00
[2022-11-01 23:06:35,274] {processor.py:161} INFO - Processing /home/nayara/Documentos/airflowalura/venv/lib/python3.9/site-packages/airflow/example_dags/example_task_group.py took 0.542 seconds
[2022-11-01 23:07:34,008] {processor.py:153} INFO - Started process (PID=21076) to work on /home/nayara/Documentos/airflowalura/venv/lib/python3.9/site-packages/airflow/example_dags/example_task_group.py
[2022-11-01 23:07:34,040] {processor.py:641} INFO - Processing file /home/nayara/Documentos/airflowalura/venv/lib/python3.9/site-packages/airflow/example_dags/example_task_group.py for tasks to queue
[2022-11-01 23:07:34,042] {logging_mixin.py:115} INFO - [2022-11-01 23:07:34,041] {dagbag.py:507} INFO - Filling up the DagBag from /home/nayara/Documentos/airflowalura/venv/lib/python3.9/site-packages/airflow/example_dags/example_task_group.py
[2022-11-01 23:07:34,058] {processor.py:651} INFO - DAG(s) dict_keys(['example_task_group']) retrieved from /home/nayara/Documentos/airflowalura/venv/lib/python3.9/site-packages/airflow/example_dags/example_task_group.py
[2022-11-01 23:07:34,081] {logging_mixin.py:115} INFO - [2022-11-01 23:07:34,081] {dag.py:2379} INFO - Sync 1 DAGs
[2022-11-01 23:07:34,098] {logging_mixin.py:115} INFO - [2022-11-01 23:07:34,098] {dag.py:2927} INFO - Setting next_dagrun for example_task_group to 2022-11-01T02:07:34.098392+00:00, run_after=2022-11-02T02:07:34.098392+00:00
[2022-11-01 23:07:34,329] {processor.py:161} INFO - Processing /home/nayara/Documentos/airflowalura/venv/lib/python3.9/site-packages/airflow/example_dags/example_task_group.py took 0.332 seconds
[2022-11-01 23:08:22,096] {processor.py:153} INFO - Started process (PID=21161) to work on /home/nayara/Documentos/airflowalura/venv/lib/python3.9/site-packages/airflow/example_dags/example_task_group.py
[2022-11-01 23:08:22,114] {processor.py:641} INFO - Processing file /home/nayara/Documentos/airflowalura/venv/lib/python3.9/site-packages/airflow/example_dags/example_task_group.py for tasks to queue
[2022-11-01 23:08:22,115] {logging_mixin.py:115} INFO - [2022-11-01 23:08:22,114] {dagbag.py:507} INFO - Filling up the DagBag from /home/nayara/Documentos/airflowalura/venv/lib/python3.9/site-packages/airflow/example_dags/example_task_group.py
[2022-11-01 23:08:22,127] {processor.py:651} INFO - DAG(s) dict_keys(['example_task_group']) retrieved from /home/nayara/Documentos/airflowalura/venv/lib/python3.9/site-packages/airflow/example_dags/example_task_group.py
[2022-11-01 23:08:22,149] {logging_mixin.py:115} INFO - [2022-11-01 23:08:22,148] {dag.py:2379} INFO - Sync 1 DAGs
[2022-11-01 23:08:22,166] {logging_mixin.py:115} INFO - [2022-11-01 23:08:22,166] {dag.py:2927} INFO - Setting next_dagrun for example_task_group to 2022-11-01T02:08:22.166163+00:00, run_after=2022-11-02T02:08:22.166163+00:00
[2022-11-01 23:08:22,345] {processor.py:161} INFO - Processing /home/nayara/Documentos/airflowalura/venv/lib/python3.9/site-packages/airflow/example_dags/example_task_group.py took 0.254 seconds
[2022-11-01 23:09:04,610] {processor.py:153} INFO - Started process (PID=21284) to work on /home/nayara/Documentos/airflowalura/venv/lib/python3.9/site-packages/airflow/example_dags/example_task_group.py
[2022-11-01 23:09:04,624] {processor.py:641} INFO - Processing file /home/nayara/Documentos/airflowalura/venv/lib/python3.9/site-packages/airflow/example_dags/example_task_group.py for tasks to queue
[2022-11-01 23:09:04,625] {logging_mixin.py:115} INFO - [2022-11-01 23:09:04,625] {dagbag.py:507} INFO - Filling up the DagBag from /home/nayara/Documentos/airflowalura/venv/lib/python3.9/site-packages/airflow/example_dags/example_task_group.py
[2022-11-01 23:09:04,634] {processor.py:651} INFO - DAG(s) dict_keys(['example_task_group']) retrieved from /home/nayara/Documentos/airflowalura/venv/lib/python3.9/site-packages/airflow/example_dags/example_task_group.py
[2022-11-01 23:09:04,654] {logging_mixin.py:115} INFO - [2022-11-01 23:09:04,654] {dag.py:2379} INFO - Sync 1 DAGs
[2022-11-01 23:09:04,672] {logging_mixin.py:115} INFO - [2022-11-01 23:09:04,671] {dag.py:2927} INFO - Setting next_dagrun for example_task_group to 2022-11-01T02:09:04.671588+00:00, run_after=2022-11-02T02:09:04.671588+00:00
[2022-11-01 23:09:05,052] {processor.py:161} INFO - Processing /home/nayara/Documentos/airflowalura/venv/lib/python3.9/site-packages/airflow/example_dags/example_task_group.py took 0.446 seconds
[2022-11-01 23:09:58,848] {processor.py:153} INFO - Started process (PID=21440) to work on /home/nayara/Documentos/airflowalura/venv/lib/python3.9/site-packages/airflow/example_dags/example_task_group.py
[2022-11-01 23:09:58,861] {processor.py:641} INFO - Processing file /home/nayara/Documentos/airflowalura/venv/lib/python3.9/site-packages/airflow/example_dags/example_task_group.py for tasks to queue
[2022-11-01 23:09:58,862] {logging_mixin.py:115} INFO - [2022-11-01 23:09:58,862] {dagbag.py:507} INFO - Filling up the DagBag from /home/nayara/Documentos/airflowalura/venv/lib/python3.9/site-packages/airflow/example_dags/example_task_group.py
[2022-11-01 23:09:58,876] {processor.py:651} INFO - DAG(s) dict_keys(['example_task_group']) retrieved from /home/nayara/Documentos/airflowalura/venv/lib/python3.9/site-packages/airflow/example_dags/example_task_group.py
[2022-11-01 23:09:58,905] {logging_mixin.py:115} INFO - [2022-11-01 23:09:58,904] {dag.py:2379} INFO - Sync 1 DAGs
[2022-11-01 23:09:58,930] {logging_mixin.py:115} INFO - [2022-11-01 23:09:58,930] {dag.py:2927} INFO - Setting next_dagrun for example_task_group to 2022-11-01T02:09:58.930097+00:00, run_after=2022-11-02T02:09:58.930097+00:00
[2022-11-01 23:09:59,381] {processor.py:161} INFO - Processing /home/nayara/Documentos/airflowalura/venv/lib/python3.9/site-packages/airflow/example_dags/example_task_group.py took 0.541 seconds
[2022-11-01 23:11:01,069] {processor.py:153} INFO - Started process (PID=21580) to work on /home/nayara/Documentos/airflowalura/venv/lib/python3.9/site-packages/airflow/example_dags/example_task_group.py
[2022-11-01 23:11:01,083] {processor.py:641} INFO - Processing file /home/nayara/Documentos/airflowalura/venv/lib/python3.9/site-packages/airflow/example_dags/example_task_group.py for tasks to queue
[2022-11-01 23:11:01,084] {logging_mixin.py:115} INFO - [2022-11-01 23:11:01,083] {dagbag.py:507} INFO - Filling up the DagBag from /home/nayara/Documentos/airflowalura/venv/lib/python3.9/site-packages/airflow/example_dags/example_task_group.py
[2022-11-01 23:11:01,095] {processor.py:651} INFO - DAG(s) dict_keys(['example_task_group']) retrieved from /home/nayara/Documentos/airflowalura/venv/lib/python3.9/site-packages/airflow/example_dags/example_task_group.py
[2022-11-01 23:11:01,117] {logging_mixin.py:115} INFO - [2022-11-01 23:11:01,117] {dag.py:2379} INFO - Sync 1 DAGs
[2022-11-01 23:11:01,143] {logging_mixin.py:115} INFO - [2022-11-01 23:11:01,143] {dag.py:2927} INFO - Setting next_dagrun for example_task_group to 2022-11-01T02:11:01.142240+00:00, run_after=2022-11-02T02:11:01.142240+00:00
[2022-11-01 23:11:01,636] {processor.py:161} INFO - Processing /home/nayara/Documentos/airflowalura/venv/lib/python3.9/site-packages/airflow/example_dags/example_task_group.py took 0.574 seconds
[2022-11-01 23:12:30,008] {processor.py:153} INFO - Started process (PID=21806) to work on /home/nayara/Documentos/airflowalura/venv/lib/python3.9/site-packages/airflow/example_dags/example_task_group.py
[2022-11-01 23:12:30,028] {processor.py:641} INFO - Processing file /home/nayara/Documentos/airflowalura/venv/lib/python3.9/site-packages/airflow/example_dags/example_task_group.py for tasks to queue
[2022-11-01 23:12:30,032] {logging_mixin.py:115} INFO - [2022-11-01 23:12:30,031] {dagbag.py:507} INFO - Filling up the DagBag from /home/nayara/Documentos/airflowalura/venv/lib/python3.9/site-packages/airflow/example_dags/example_task_group.py
[2022-11-01 23:12:30,077] {processor.py:651} INFO - DAG(s) dict_keys(['example_task_group']) retrieved from /home/nayara/Documentos/airflowalura/venv/lib/python3.9/site-packages/airflow/example_dags/example_task_group.py
[2022-11-01 23:12:30,116] {logging_mixin.py:115} INFO - [2022-11-01 23:12:30,116] {dag.py:2379} INFO - Sync 1 DAGs
[2022-11-01 23:12:30,138] {logging_mixin.py:115} INFO - [2022-11-01 23:12:30,138] {dag.py:2927} INFO - Setting next_dagrun for example_task_group to 2022-11-01T02:12:30.137970+00:00, run_after=2022-11-02T02:12:30.137970+00:00
[2022-11-01 23:12:30,433] {processor.py:161} INFO - Processing /home/nayara/Documentos/airflowalura/venv/lib/python3.9/site-packages/airflow/example_dags/example_task_group.py took 0.441 seconds
[2022-11-01 23:13:41,398] {processor.py:153} INFO - Started process (PID=21932) to work on /home/nayara/Documentos/airflowalura/venv/lib/python3.9/site-packages/airflow/example_dags/example_task_group.py
[2022-11-01 23:13:41,409] {processor.py:641} INFO - Processing file /home/nayara/Documentos/airflowalura/venv/lib/python3.9/site-packages/airflow/example_dags/example_task_group.py for tasks to queue
[2022-11-01 23:13:41,410] {logging_mixin.py:115} INFO - [2022-11-01 23:13:41,410] {dagbag.py:507} INFO - Filling up the DagBag from /home/nayara/Documentos/airflowalura/venv/lib/python3.9/site-packages/airflow/example_dags/example_task_group.py
[2022-11-01 23:13:41,427] {processor.py:651} INFO - DAG(s) dict_keys(['example_task_group']) retrieved from /home/nayara/Documentos/airflowalura/venv/lib/python3.9/site-packages/airflow/example_dags/example_task_group.py
[2022-11-01 23:13:41,455] {logging_mixin.py:115} INFO - [2022-11-01 23:13:41,455] {dag.py:2379} INFO - Sync 1 DAGs
[2022-11-01 23:13:41,478] {logging_mixin.py:115} INFO - [2022-11-01 23:13:41,478] {dag.py:2927} INFO - Setting next_dagrun for example_task_group to 2022-11-01T02:13:41.477477+00:00, run_after=2022-11-02T02:13:41.477477+00:00
[2022-11-01 23:13:41,822] {processor.py:161} INFO - Processing /home/nayara/Documentos/airflowalura/venv/lib/python3.9/site-packages/airflow/example_dags/example_task_group.py took 0.440 seconds
[2022-11-01 23:14:49,032] {processor.py:153} INFO - Started process (PID=22125) to work on /home/nayara/Documentos/airflowalura/venv/lib/python3.9/site-packages/airflow/example_dags/example_task_group.py
[2022-11-01 23:14:49,034] {processor.py:641} INFO - Processing file /home/nayara/Documentos/airflowalura/venv/lib/python3.9/site-packages/airflow/example_dags/example_task_group.py for tasks to queue
[2022-11-01 23:14:49,037] {logging_mixin.py:115} INFO - [2022-11-01 23:14:49,036] {dagbag.py:507} INFO - Filling up the DagBag from /home/nayara/Documentos/airflowalura/venv/lib/python3.9/site-packages/airflow/example_dags/example_task_group.py
[2022-11-01 23:14:49,070] {processor.py:651} INFO - DAG(s) dict_keys(['example_task_group']) retrieved from /home/nayara/Documentos/airflowalura/venv/lib/python3.9/site-packages/airflow/example_dags/example_task_group.py
[2022-11-01 23:14:49,107] {logging_mixin.py:115} INFO - [2022-11-01 23:14:49,107] {dag.py:2379} INFO - Sync 1 DAGs
[2022-11-01 23:14:49,125] {logging_mixin.py:115} INFO - [2022-11-01 23:14:49,125] {dag.py:2927} INFO - Setting next_dagrun for example_task_group to 2022-11-01T02:14:49.124730+00:00, run_after=2022-11-02T02:14:49.124730+00:00
[2022-11-01 23:14:49,417] {processor.py:161} INFO - Processing /home/nayara/Documentos/airflowalura/venv/lib/python3.9/site-packages/airflow/example_dags/example_task_group.py took 0.398 seconds
[2022-11-01 23:15:49,380] {processor.py:153} INFO - Started process (PID=22278) to work on /home/nayara/Documentos/airflowalura/venv/lib/python3.9/site-packages/airflow/example_dags/example_task_group.py
[2022-11-01 23:15:49,400] {processor.py:641} INFO - Processing file /home/nayara/Documentos/airflowalura/venv/lib/python3.9/site-packages/airflow/example_dags/example_task_group.py for tasks to queue
[2022-11-01 23:15:49,401] {logging_mixin.py:115} INFO - [2022-11-01 23:15:49,401] {dagbag.py:507} INFO - Filling up the DagBag from /home/nayara/Documentos/airflowalura/venv/lib/python3.9/site-packages/airflow/example_dags/example_task_group.py
[2022-11-01 23:15:49,411] {processor.py:651} INFO - DAG(s) dict_keys(['example_task_group']) retrieved from /home/nayara/Documentos/airflowalura/venv/lib/python3.9/site-packages/airflow/example_dags/example_task_group.py
[2022-11-01 23:15:49,538] {logging_mixin.py:115} INFO - [2022-11-01 23:15:49,538] {dag.py:2379} INFO - Sync 1 DAGs
[2022-11-01 23:15:49,561] {logging_mixin.py:115} INFO - [2022-11-01 23:15:49,561] {dag.py:2927} INFO - Setting next_dagrun for example_task_group to 2022-11-01T02:15:49.560697+00:00, run_after=2022-11-02T02:15:49.560697+00:00
[2022-11-01 23:15:50,067] {processor.py:161} INFO - Processing /home/nayara/Documentos/airflowalura/venv/lib/python3.9/site-packages/airflow/example_dags/example_task_group.py took 0.702 seconds
[2022-11-01 23:16:49,802] {processor.py:153} INFO - Started process (PID=22433) to work on /home/nayara/Documentos/airflowalura/venv/lib/python3.9/site-packages/airflow/example_dags/example_task_group.py
[2022-11-01 23:16:49,829] {processor.py:641} INFO - Processing file /home/nayara/Documentos/airflowalura/venv/lib/python3.9/site-packages/airflow/example_dags/example_task_group.py for tasks to queue
[2022-11-01 23:16:49,830] {logging_mixin.py:115} INFO - [2022-11-01 23:16:49,830] {dagbag.py:507} INFO - Filling up the DagBag from /home/nayara/Documentos/airflowalura/venv/lib/python3.9/site-packages/airflow/example_dags/example_task_group.py
[2022-11-01 23:16:49,841] {processor.py:651} INFO - DAG(s) dict_keys(['example_task_group']) retrieved from /home/nayara/Documentos/airflowalura/venv/lib/python3.9/site-packages/airflow/example_dags/example_task_group.py
[2022-11-01 23:16:49,866] {logging_mixin.py:115} INFO - [2022-11-01 23:16:49,866] {dag.py:2379} INFO - Sync 1 DAGs
[2022-11-01 23:16:49,894] {logging_mixin.py:115} INFO - [2022-11-01 23:16:49,894] {dag.py:2927} INFO - Setting next_dagrun for example_task_group to 2022-11-01T02:16:49.893831+00:00, run_after=2022-11-02T02:16:49.893831+00:00
[2022-11-01 23:16:50,225] {processor.py:161} INFO - Processing /home/nayara/Documentos/airflowalura/venv/lib/python3.9/site-packages/airflow/example_dags/example_task_group.py took 0.430 seconds
[2022-11-01 23:18:06,420] {processor.py:153} INFO - Started process (PID=22580) to work on /home/nayara/Documentos/airflowalura/venv/lib/python3.9/site-packages/airflow/example_dags/example_task_group.py
[2022-11-01 23:18:06,520] {processor.py:641} INFO - Processing file /home/nayara/Documentos/airflowalura/venv/lib/python3.9/site-packages/airflow/example_dags/example_task_group.py for tasks to queue
[2022-11-01 23:18:06,522] {logging_mixin.py:115} INFO - [2022-11-01 23:18:06,522] {dagbag.py:507} INFO - Filling up the DagBag from /home/nayara/Documentos/airflowalura/venv/lib/python3.9/site-packages/airflow/example_dags/example_task_group.py
[2022-11-01 23:18:06,549] {processor.py:651} INFO - DAG(s) dict_keys(['example_task_group']) retrieved from /home/nayara/Documentos/airflowalura/venv/lib/python3.9/site-packages/airflow/example_dags/example_task_group.py
[2022-11-01 23:18:06,575] {logging_mixin.py:115} INFO - [2022-11-01 23:18:06,575] {dag.py:2379} INFO - Sync 1 DAGs
[2022-11-01 23:18:06,592] {logging_mixin.py:115} INFO - [2022-11-01 23:18:06,592] {dag.py:2927} INFO - Setting next_dagrun for example_task_group to 2022-11-01T02:18:06.592198+00:00, run_after=2022-11-02T02:18:06.592198+00:00
[2022-11-01 23:18:07,335] {processor.py:161} INFO - Processing /home/nayara/Documentos/airflowalura/venv/lib/python3.9/site-packages/airflow/example_dags/example_task_group.py took 0.926 seconds
[2022-11-01 23:19:14,536] {processor.py:153} INFO - Started process (PID=22694) to work on /home/nayara/Documentos/airflowalura/venv/lib/python3.9/site-packages/airflow/example_dags/example_task_group.py
[2022-11-01 23:19:14,585] {processor.py:641} INFO - Processing file /home/nayara/Documentos/airflowalura/venv/lib/python3.9/site-packages/airflow/example_dags/example_task_group.py for tasks to queue
[2022-11-01 23:19:14,588] {logging_mixin.py:115} INFO - [2022-11-01 23:19:14,587] {dagbag.py:507} INFO - Filling up the DagBag from /home/nayara/Documentos/airflowalura/venv/lib/python3.9/site-packages/airflow/example_dags/example_task_group.py
[2022-11-01 23:19:14,616] {processor.py:651} INFO - DAG(s) dict_keys(['example_task_group']) retrieved from /home/nayara/Documentos/airflowalura/venv/lib/python3.9/site-packages/airflow/example_dags/example_task_group.py
[2022-11-01 23:19:14,638] {logging_mixin.py:115} INFO - [2022-11-01 23:19:14,638] {dag.py:2379} INFO - Sync 1 DAGs
[2022-11-01 23:19:14,655] {logging_mixin.py:115} INFO - [2022-11-01 23:19:14,655] {dag.py:2927} INFO - Setting next_dagrun for example_task_group to 2022-11-01T02:19:14.655441+00:00, run_after=2022-11-02T02:19:14.655441+00:00
[2022-11-01 23:19:15,183] {processor.py:161} INFO - Processing /home/nayara/Documentos/airflowalura/venv/lib/python3.9/site-packages/airflow/example_dags/example_task_group.py took 0.660 seconds
[2022-11-01 23:20:19,238] {processor.py:153} INFO - Started process (PID=22878) to work on /home/nayara/Documentos/airflowalura/venv/lib/python3.9/site-packages/airflow/example_dags/example_task_group.py
[2022-11-01 23:20:19,307] {processor.py:641} INFO - Processing file /home/nayara/Documentos/airflowalura/venv/lib/python3.9/site-packages/airflow/example_dags/example_task_group.py for tasks to queue
[2022-11-01 23:20:19,309] {logging_mixin.py:115} INFO - [2022-11-01 23:20:19,309] {dagbag.py:507} INFO - Filling up the DagBag from /home/nayara/Documentos/airflowalura/venv/lib/python3.9/site-packages/airflow/example_dags/example_task_group.py
[2022-11-01 23:20:19,331] {processor.py:651} INFO - DAG(s) dict_keys(['example_task_group']) retrieved from /home/nayara/Documentos/airflowalura/venv/lib/python3.9/site-packages/airflow/example_dags/example_task_group.py
[2022-11-01 23:20:19,352] {logging_mixin.py:115} INFO - [2022-11-01 23:20:19,352] {dag.py:2379} INFO - Sync 1 DAGs
[2022-11-01 23:20:19,370] {logging_mixin.py:115} INFO - [2022-11-01 23:20:19,370] {dag.py:2927} INFO - Setting next_dagrun for example_task_group to 2022-11-01T02:20:19.370118+00:00, run_after=2022-11-02T02:20:19.370118+00:00
[2022-11-01 23:20:19,850] {processor.py:161} INFO - Processing /home/nayara/Documentos/airflowalura/venv/lib/python3.9/site-packages/airflow/example_dags/example_task_group.py took 0.617 seconds
