[2022-11-01 22:41:13,408] {processor.py:153} INFO - Started process (PID=17842) to work on /home/nayara/Documentos/airflowalura/venv/lib/python3.9/site-packages/airflow/example_dags/example_branch_operator_decorator.py
[2022-11-01 22:41:13,411] {processor.py:641} INFO - Processing file /home/nayara/Documentos/airflowalura/venv/lib/python3.9/site-packages/airflow/example_dags/example_branch_operator_decorator.py for tasks to queue
[2022-11-01 22:41:13,414] {logging_mixin.py:115} INFO - [2022-11-01 22:41:13,413] {dagbag.py:507} INFO - Filling up the DagBag from /home/nayara/Documentos/airflowalura/venv/lib/python3.9/site-packages/airflow/example_dags/example_branch_operator_decorator.py
[2022-11-01 22:41:13,470] {processor.py:651} INFO - DAG(s) dict_keys(['example_branch_python_operator_decorator']) retrieved from /home/nayara/Documentos/airflowalura/venv/lib/python3.9/site-packages/airflow/example_dags/example_branch_operator_decorator.py
[2022-11-01 22:41:13,490] {logging_mixin.py:115} INFO - [2022-11-01 22:41:13,490] {dag.py:2379} INFO - Sync 1 DAGs
[2022-11-01 22:41:13,512] {logging_mixin.py:115} INFO - [2022-11-01 22:41:13,511] {dag.py:2927} INFO - Setting next_dagrun for example_branch_python_operator_decorator to 2022-11-01T00:00:00+00:00, run_after=2022-11-02T00:00:00+00:00
[2022-11-01 22:41:14,300] {processor.py:161} INFO - Processing /home/nayara/Documentos/airflowalura/venv/lib/python3.9/site-packages/airflow/example_dags/example_branch_operator_decorator.py took 0.910 seconds
[2022-11-01 22:44:02,917] {processor.py:153} INFO - Started process (PID=18078) to work on /home/nayara/Documentos/airflowalura/venv/lib/python3.9/site-packages/airflow/example_dags/example_branch_operator_decorator.py
[2022-11-01 22:44:02,928] {processor.py:641} INFO - Processing file /home/nayara/Documentos/airflowalura/venv/lib/python3.9/site-packages/airflow/example_dags/example_branch_operator_decorator.py for tasks to queue
[2022-11-01 22:44:02,931] {logging_mixin.py:115} INFO - [2022-11-01 22:44:02,931] {dagbag.py:507} INFO - Filling up the DagBag from /home/nayara/Documentos/airflowalura/venv/lib/python3.9/site-packages/airflow/example_dags/example_branch_operator_decorator.py
[2022-11-01 22:44:02,999] {processor.py:651} INFO - DAG(s) dict_keys(['example_branch_python_operator_decorator']) retrieved from /home/nayara/Documentos/airflowalura/venv/lib/python3.9/site-packages/airflow/example_dags/example_branch_operator_decorator.py
[2022-11-01 22:44:03,044] {logging_mixin.py:115} INFO - [2022-11-01 22:44:03,044] {dag.py:2379} INFO - Sync 1 DAGs
[2022-11-01 22:44:03,091] {logging_mixin.py:115} INFO - [2022-11-01 22:44:03,091] {dag.py:2927} INFO - Setting next_dagrun for example_branch_python_operator_decorator to 2022-11-01T00:00:00+00:00, run_after=2022-11-02T00:00:00+00:00
[2022-11-01 22:44:03,309] {processor.py:161} INFO - Processing /home/nayara/Documentos/airflowalura/venv/lib/python3.9/site-packages/airflow/example_dags/example_branch_operator_decorator.py took 0.399 seconds
[2022-11-01 22:45:20,855] {processor.py:153} INFO - Started process (PID=18207) to work on /home/nayara/Documentos/airflowalura/venv/lib/python3.9/site-packages/airflow/example_dags/example_branch_operator_decorator.py
[2022-11-01 22:45:20,857] {processor.py:641} INFO - Processing file /home/nayara/Documentos/airflowalura/venv/lib/python3.9/site-packages/airflow/example_dags/example_branch_operator_decorator.py for tasks to queue
[2022-11-01 22:45:20,859] {logging_mixin.py:115} INFO - [2022-11-01 22:45:20,858] {dagbag.py:507} INFO - Filling up the DagBag from /home/nayara/Documentos/airflowalura/venv/lib/python3.9/site-packages/airflow/example_dags/example_branch_operator_decorator.py
[2022-11-01 22:45:20,928] {processor.py:651} INFO - DAG(s) dict_keys(['example_branch_python_operator_decorator']) retrieved from /home/nayara/Documentos/airflowalura/venv/lib/python3.9/site-packages/airflow/example_dags/example_branch_operator_decorator.py
[2022-11-01 22:45:20,966] {logging_mixin.py:115} INFO - [2022-11-01 22:45:20,965] {dag.py:2379} INFO - Sync 1 DAGs
[2022-11-01 22:45:21,000] {logging_mixin.py:115} INFO - [2022-11-01 22:45:21,000] {dag.py:2927} INFO - Setting next_dagrun for example_branch_python_operator_decorator to 2022-11-01T00:00:00+00:00, run_after=2022-11-02T00:00:00+00:00
[2022-11-01 22:45:21,696] {processor.py:161} INFO - Processing /home/nayara/Documentos/airflowalura/venv/lib/python3.9/site-packages/airflow/example_dags/example_branch_operator_decorator.py took 0.847 seconds
[2022-11-01 22:46:19,682] {processor.py:153} INFO - Started process (PID=18316) to work on /home/nayara/Documentos/airflowalura/venv/lib/python3.9/site-packages/airflow/example_dags/example_branch_operator_decorator.py
[2022-11-01 22:46:19,688] {processor.py:641} INFO - Processing file /home/nayara/Documentos/airflowalura/venv/lib/python3.9/site-packages/airflow/example_dags/example_branch_operator_decorator.py for tasks to queue
[2022-11-01 22:46:19,689] {logging_mixin.py:115} INFO - [2022-11-01 22:46:19,688] {dagbag.py:507} INFO - Filling up the DagBag from /home/nayara/Documentos/airflowalura/venv/lib/python3.9/site-packages/airflow/example_dags/example_branch_operator_decorator.py
[2022-11-01 22:46:19,748] {processor.py:651} INFO - DAG(s) dict_keys(['example_branch_python_operator_decorator']) retrieved from /home/nayara/Documentos/airflowalura/venv/lib/python3.9/site-packages/airflow/example_dags/example_branch_operator_decorator.py
[2022-11-01 22:46:19,795] {logging_mixin.py:115} INFO - [2022-11-01 22:46:19,795] {dag.py:2379} INFO - Sync 1 DAGs
[2022-11-01 22:46:19,845] {logging_mixin.py:115} INFO - [2022-11-01 22:46:19,845] {dag.py:2927} INFO - Setting next_dagrun for example_branch_python_operator_decorator to 2022-11-01T00:00:00+00:00, run_after=2022-11-02T00:00:00+00:00
[2022-11-01 22:46:20,434] {processor.py:161} INFO - Processing /home/nayara/Documentos/airflowalura/venv/lib/python3.9/site-packages/airflow/example_dags/example_branch_operator_decorator.py took 0.758 seconds
[2022-11-01 22:47:28,003] {processor.py:153} INFO - Started process (PID=18480) to work on /home/nayara/Documentos/airflowalura/venv/lib/python3.9/site-packages/airflow/example_dags/example_branch_operator_decorator.py
[2022-11-01 22:47:28,004] {processor.py:641} INFO - Processing file /home/nayara/Documentos/airflowalura/venv/lib/python3.9/site-packages/airflow/example_dags/example_branch_operator_decorator.py for tasks to queue
[2022-11-01 22:47:28,005] {logging_mixin.py:115} INFO - [2022-11-01 22:47:28,005] {dagbag.py:507} INFO - Filling up the DagBag from /home/nayara/Documentos/airflowalura/venv/lib/python3.9/site-packages/airflow/example_dags/example_branch_operator_decorator.py
[2022-11-01 22:47:28,059] {processor.py:651} INFO - DAG(s) dict_keys(['example_branch_python_operator_decorator']) retrieved from /home/nayara/Documentos/airflowalura/venv/lib/python3.9/site-packages/airflow/example_dags/example_branch_operator_decorator.py
[2022-11-01 22:47:28,091] {logging_mixin.py:115} INFO - [2022-11-01 22:47:28,090] {dag.py:2379} INFO - Sync 1 DAGs
[2022-11-01 22:47:28,133] {logging_mixin.py:115} INFO - [2022-11-01 22:47:28,133] {dag.py:2927} INFO - Setting next_dagrun for example_branch_python_operator_decorator to 2022-11-01T00:00:00+00:00, run_after=2022-11-02T00:00:00+00:00
[2022-11-01 22:47:28,382] {processor.py:161} INFO - Processing /home/nayara/Documentos/airflowalura/venv/lib/python3.9/site-packages/airflow/example_dags/example_branch_operator_decorator.py took 0.383 seconds
[2022-11-01 22:48:26,379] {processor.py:153} INFO - Started process (PID=18592) to work on /home/nayara/Documentos/airflowalura/venv/lib/python3.9/site-packages/airflow/example_dags/example_branch_operator_decorator.py
[2022-11-01 22:48:26,404] {processor.py:641} INFO - Processing file /home/nayara/Documentos/airflowalura/venv/lib/python3.9/site-packages/airflow/example_dags/example_branch_operator_decorator.py for tasks to queue
[2022-11-01 22:48:26,405] {logging_mixin.py:115} INFO - [2022-11-01 22:48:26,405] {dagbag.py:507} INFO - Filling up the DagBag from /home/nayara/Documentos/airflowalura/venv/lib/python3.9/site-packages/airflow/example_dags/example_branch_operator_decorator.py
[2022-11-01 22:48:26,454] {processor.py:651} INFO - DAG(s) dict_keys(['example_branch_python_operator_decorator']) retrieved from /home/nayara/Documentos/airflowalura/venv/lib/python3.9/site-packages/airflow/example_dags/example_branch_operator_decorator.py
[2022-11-01 22:48:26,495] {logging_mixin.py:115} INFO - [2022-11-01 22:48:26,495] {dag.py:2379} INFO - Sync 1 DAGs
[2022-11-01 22:48:26,531] {logging_mixin.py:115} INFO - [2022-11-01 22:48:26,531] {dag.py:2927} INFO - Setting next_dagrun for example_branch_python_operator_decorator to 2022-11-01T00:00:00+00:00, run_after=2022-11-02T00:00:00+00:00
[2022-11-01 22:48:26,714] {processor.py:161} INFO - Processing /home/nayara/Documentos/airflowalura/venv/lib/python3.9/site-packages/airflow/example_dags/example_branch_operator_decorator.py took 0.339 seconds
[2022-11-01 22:49:23,516] {processor.py:153} INFO - Started process (PID=18706) to work on /home/nayara/Documentos/airflowalura/venv/lib/python3.9/site-packages/airflow/example_dags/example_branch_operator_decorator.py
[2022-11-01 22:49:23,522] {processor.py:641} INFO - Processing file /home/nayara/Documentos/airflowalura/venv/lib/python3.9/site-packages/airflow/example_dags/example_branch_operator_decorator.py for tasks to queue
[2022-11-01 22:49:23,523] {logging_mixin.py:115} INFO - [2022-11-01 22:49:23,523] {dagbag.py:507} INFO - Filling up the DagBag from /home/nayara/Documentos/airflowalura/venv/lib/python3.9/site-packages/airflow/example_dags/example_branch_operator_decorator.py
[2022-11-01 22:49:23,579] {processor.py:651} INFO - DAG(s) dict_keys(['example_branch_python_operator_decorator']) retrieved from /home/nayara/Documentos/airflowalura/venv/lib/python3.9/site-packages/airflow/example_dags/example_branch_operator_decorator.py
[2022-11-01 22:49:23,619] {logging_mixin.py:115} INFO - [2022-11-01 22:49:23,618] {dag.py:2379} INFO - Sync 1 DAGs
[2022-11-01 22:49:23,663] {logging_mixin.py:115} INFO - [2022-11-01 22:49:23,662] {dag.py:2927} INFO - Setting next_dagrun for example_branch_python_operator_decorator to 2022-11-01T00:00:00+00:00, run_after=2022-11-02T00:00:00+00:00
[2022-11-01 22:49:23,984] {processor.py:161} INFO - Processing /home/nayara/Documentos/airflowalura/venv/lib/python3.9/site-packages/airflow/example_dags/example_branch_operator_decorator.py took 0.477 seconds
[2022-11-01 22:50:19,974] {processor.py:153} INFO - Started process (PID=18812) to work on /home/nayara/Documentos/airflowalura/venv/lib/python3.9/site-packages/airflow/example_dags/example_branch_operator_decorator.py
[2022-11-01 22:50:19,975] {processor.py:641} INFO - Processing file /home/nayara/Documentos/airflowalura/venv/lib/python3.9/site-packages/airflow/example_dags/example_branch_operator_decorator.py for tasks to queue
[2022-11-01 22:50:19,977] {logging_mixin.py:115} INFO - [2022-11-01 22:50:19,976] {dagbag.py:507} INFO - Filling up the DagBag from /home/nayara/Documentos/airflowalura/venv/lib/python3.9/site-packages/airflow/example_dags/example_branch_operator_decorator.py
[2022-11-01 22:50:20,021] {processor.py:651} INFO - DAG(s) dict_keys(['example_branch_python_operator_decorator']) retrieved from /home/nayara/Documentos/airflowalura/venv/lib/python3.9/site-packages/airflow/example_dags/example_branch_operator_decorator.py
[2022-11-01 22:50:20,062] {logging_mixin.py:115} INFO - [2022-11-01 22:50:20,061] {dag.py:2379} INFO - Sync 1 DAGs
[2022-11-01 22:50:20,098] {logging_mixin.py:115} INFO - [2022-11-01 22:50:20,097] {dag.py:2927} INFO - Setting next_dagrun for example_branch_python_operator_decorator to 2022-11-01T00:00:00+00:00, run_after=2022-11-02T00:00:00+00:00
[2022-11-01 22:50:20,340] {processor.py:161} INFO - Processing /home/nayara/Documentos/airflowalura/venv/lib/python3.9/site-packages/airflow/example_dags/example_branch_operator_decorator.py took 0.378 seconds
[2022-11-01 22:51:24,599] {processor.py:153} INFO - Started process (PID=18931) to work on /home/nayara/Documentos/airflowalura/venv/lib/python3.9/site-packages/airflow/example_dags/example_branch_operator_decorator.py
[2022-11-01 22:51:24,600] {processor.py:641} INFO - Processing file /home/nayara/Documentos/airflowalura/venv/lib/python3.9/site-packages/airflow/example_dags/example_branch_operator_decorator.py for tasks to queue
[2022-11-01 22:51:24,602] {logging_mixin.py:115} INFO - [2022-11-01 22:51:24,601] {dagbag.py:507} INFO - Filling up the DagBag from /home/nayara/Documentos/airflowalura/venv/lib/python3.9/site-packages/airflow/example_dags/example_branch_operator_decorator.py
[2022-11-01 22:51:25,017] {processor.py:651} INFO - DAG(s) dict_keys(['example_branch_python_operator_decorator']) retrieved from /home/nayara/Documentos/airflowalura/venv/lib/python3.9/site-packages/airflow/example_dags/example_branch_operator_decorator.py
[2022-11-01 22:51:25,055] {logging_mixin.py:115} INFO - [2022-11-01 22:51:25,055] {dag.py:2379} INFO - Sync 1 DAGs
[2022-11-01 22:51:25,100] {logging_mixin.py:115} INFO - [2022-11-01 22:51:25,099] {dag.py:2927} INFO - Setting next_dagrun for example_branch_python_operator_decorator to 2022-11-01T00:00:00+00:00, run_after=2022-11-02T00:00:00+00:00
[2022-11-01 22:51:25,546] {processor.py:161} INFO - Processing /home/nayara/Documentos/airflowalura/venv/lib/python3.9/site-packages/airflow/example_dags/example_branch_operator_decorator.py took 0.954 seconds
[2022-11-01 22:52:57,151] {processor.py:153} INFO - Started process (PID=19135) to work on /home/nayara/Documentos/airflowalura/venv/lib/python3.9/site-packages/airflow/example_dags/example_branch_operator_decorator.py
[2022-11-01 22:52:57,154] {processor.py:641} INFO - Processing file /home/nayara/Documentos/airflowalura/venv/lib/python3.9/site-packages/airflow/example_dags/example_branch_operator_decorator.py for tasks to queue
[2022-11-01 22:52:57,155] {logging_mixin.py:115} INFO - [2022-11-01 22:52:57,155] {dagbag.py:507} INFO - Filling up the DagBag from /home/nayara/Documentos/airflowalura/venv/lib/python3.9/site-packages/airflow/example_dags/example_branch_operator_decorator.py
[2022-11-01 22:52:57,200] {processor.py:651} INFO - DAG(s) dict_keys(['example_branch_python_operator_decorator']) retrieved from /home/nayara/Documentos/airflowalura/venv/lib/python3.9/site-packages/airflow/example_dags/example_branch_operator_decorator.py
[2022-11-01 22:52:57,232] {logging_mixin.py:115} INFO - [2022-11-01 22:52:57,232] {dag.py:2379} INFO - Sync 1 DAGs
[2022-11-01 22:52:57,272] {logging_mixin.py:115} INFO - [2022-11-01 22:52:57,271] {dag.py:2927} INFO - Setting next_dagrun for example_branch_python_operator_decorator to 2022-11-01T00:00:00+00:00, run_after=2022-11-02T00:00:00+00:00
[2022-11-01 22:52:57,494] {processor.py:161} INFO - Processing /home/nayara/Documentos/airflowalura/venv/lib/python3.9/site-packages/airflow/example_dags/example_branch_operator_decorator.py took 0.356 seconds
[2022-11-01 22:53:57,888] {processor.py:153} INFO - Started process (PID=19251) to work on /home/nayara/Documentos/airflowalura/venv/lib/python3.9/site-packages/airflow/example_dags/example_branch_operator_decorator.py
[2022-11-01 22:53:57,914] {processor.py:641} INFO - Processing file /home/nayara/Documentos/airflowalura/venv/lib/python3.9/site-packages/airflow/example_dags/example_branch_operator_decorator.py for tasks to queue
[2022-11-01 22:53:57,915] {logging_mixin.py:115} INFO - [2022-11-01 22:53:57,915] {dagbag.py:507} INFO - Filling up the DagBag from /home/nayara/Documentos/airflowalura/venv/lib/python3.9/site-packages/airflow/example_dags/example_branch_operator_decorator.py
[2022-11-01 22:53:57,941] {processor.py:651} INFO - DAG(s) dict_keys(['example_branch_python_operator_decorator']) retrieved from /home/nayara/Documentos/airflowalura/venv/lib/python3.9/site-packages/airflow/example_dags/example_branch_operator_decorator.py
[2022-11-01 22:53:57,967] {logging_mixin.py:115} INFO - [2022-11-01 22:53:57,967] {dag.py:2379} INFO - Sync 1 DAGs
[2022-11-01 22:53:57,996] {logging_mixin.py:115} INFO - [2022-11-01 22:53:57,996] {dag.py:2927} INFO - Setting next_dagrun for example_branch_python_operator_decorator to 2022-11-01T00:00:00+00:00, run_after=2022-11-02T00:00:00+00:00
[2022-11-01 22:53:58,194] {processor.py:161} INFO - Processing /home/nayara/Documentos/airflowalura/venv/lib/python3.9/site-packages/airflow/example_dags/example_branch_operator_decorator.py took 0.312 seconds
[2022-11-01 22:55:08,786] {processor.py:153} INFO - Started process (PID=19429) to work on /home/nayara/Documentos/airflowalura/venv/lib/python3.9/site-packages/airflow/example_dags/example_branch_operator_decorator.py
[2022-11-01 22:55:08,794] {processor.py:641} INFO - Processing file /home/nayara/Documentos/airflowalura/venv/lib/python3.9/site-packages/airflow/example_dags/example_branch_operator_decorator.py for tasks to queue
[2022-11-01 22:55:08,795] {logging_mixin.py:115} INFO - [2022-11-01 22:55:08,795] {dagbag.py:507} INFO - Filling up the DagBag from /home/nayara/Documentos/airflowalura/venv/lib/python3.9/site-packages/airflow/example_dags/example_branch_operator_decorator.py
[2022-11-01 22:55:08,820] {processor.py:651} INFO - DAG(s) dict_keys(['example_branch_python_operator_decorator']) retrieved from /home/nayara/Documentos/airflowalura/venv/lib/python3.9/site-packages/airflow/example_dags/example_branch_operator_decorator.py
[2022-11-01 22:55:08,839] {logging_mixin.py:115} INFO - [2022-11-01 22:55:08,839] {dag.py:2379} INFO - Sync 1 DAGs
[2022-11-01 22:55:08,859] {logging_mixin.py:115} INFO - [2022-11-01 22:55:08,858] {dag.py:2927} INFO - Setting next_dagrun for example_branch_python_operator_decorator to 2022-11-01T00:00:00+00:00, run_after=2022-11-02T00:00:00+00:00
[2022-11-01 22:55:09,160] {processor.py:161} INFO - Processing /home/nayara/Documentos/airflowalura/venv/lib/python3.9/site-packages/airflow/example_dags/example_branch_operator_decorator.py took 0.385 seconds
[2022-11-01 22:56:16,256] {processor.py:153} INFO - Started process (PID=19568) to work on /home/nayara/Documentos/airflowalura/venv/lib/python3.9/site-packages/airflow/example_dags/example_branch_operator_decorator.py
[2022-11-01 22:56:16,278] {processor.py:641} INFO - Processing file /home/nayara/Documentos/airflowalura/venv/lib/python3.9/site-packages/airflow/example_dags/example_branch_operator_decorator.py for tasks to queue
[2022-11-01 22:56:16,279] {logging_mixin.py:115} INFO - [2022-11-01 22:56:16,279] {dagbag.py:507} INFO - Filling up the DagBag from /home/nayara/Documentos/airflowalura/venv/lib/python3.9/site-packages/airflow/example_dags/example_branch_operator_decorator.py
[2022-11-01 22:56:16,301] {processor.py:651} INFO - DAG(s) dict_keys(['example_branch_python_operator_decorator']) retrieved from /home/nayara/Documentos/airflowalura/venv/lib/python3.9/site-packages/airflow/example_dags/example_branch_operator_decorator.py
[2022-11-01 22:56:16,320] {logging_mixin.py:115} INFO - [2022-11-01 22:56:16,320] {dag.py:2379} INFO - Sync 1 DAGs
[2022-11-01 22:56:16,340] {logging_mixin.py:115} INFO - [2022-11-01 22:56:16,339] {dag.py:2927} INFO - Setting next_dagrun for example_branch_python_operator_decorator to 2022-11-01T00:00:00+00:00, run_after=2022-11-02T00:00:00+00:00
[2022-11-01 22:56:16,548] {processor.py:161} INFO - Processing /home/nayara/Documentos/airflowalura/venv/lib/python3.9/site-packages/airflow/example_dags/example_branch_operator_decorator.py took 0.302 seconds
[2022-11-01 22:57:41,362] {processor.py:153} INFO - Started process (PID=19793) to work on /home/nayara/Documentos/airflowalura/venv/lib/python3.9/site-packages/airflow/example_dags/example_branch_operator_decorator.py
[2022-11-01 22:57:41,381] {processor.py:641} INFO - Processing file /home/nayara/Documentos/airflowalura/venv/lib/python3.9/site-packages/airflow/example_dags/example_branch_operator_decorator.py for tasks to queue
[2022-11-01 22:57:41,382] {logging_mixin.py:115} INFO - [2022-11-01 22:57:41,382] {dagbag.py:507} INFO - Filling up the DagBag from /home/nayara/Documentos/airflowalura/venv/lib/python3.9/site-packages/airflow/example_dags/example_branch_operator_decorator.py
[2022-11-01 22:57:41,431] {processor.py:651} INFO - DAG(s) dict_keys(['example_branch_python_operator_decorator']) retrieved from /home/nayara/Documentos/airflowalura/venv/lib/python3.9/site-packages/airflow/example_dags/example_branch_operator_decorator.py
[2022-11-01 22:57:41,465] {logging_mixin.py:115} INFO - [2022-11-01 22:57:41,465] {dag.py:2379} INFO - Sync 1 DAGs
[2022-11-01 22:57:41,497] {logging_mixin.py:115} INFO - [2022-11-01 22:57:41,496] {dag.py:2927} INFO - Setting next_dagrun for example_branch_python_operator_decorator to 2022-11-01T00:00:00+00:00, run_after=2022-11-02T00:00:00+00:00
[2022-11-01 22:57:41,862] {processor.py:161} INFO - Processing /home/nayara/Documentos/airflowalura/venv/lib/python3.9/site-packages/airflow/example_dags/example_branch_operator_decorator.py took 0.506 seconds
[2022-11-01 22:58:38,216] {processor.py:153} INFO - Started process (PID=19905) to work on /home/nayara/Documentos/airflowalura/venv/lib/python3.9/site-packages/airflow/example_dags/example_branch_operator_decorator.py
[2022-11-01 22:58:38,229] {processor.py:641} INFO - Processing file /home/nayara/Documentos/airflowalura/venv/lib/python3.9/site-packages/airflow/example_dags/example_branch_operator_decorator.py for tasks to queue
[2022-11-01 22:58:38,230] {logging_mixin.py:115} INFO - [2022-11-01 22:58:38,230] {dagbag.py:507} INFO - Filling up the DagBag from /home/nayara/Documentos/airflowalura/venv/lib/python3.9/site-packages/airflow/example_dags/example_branch_operator_decorator.py
[2022-11-01 22:58:38,256] {processor.py:651} INFO - DAG(s) dict_keys(['example_branch_python_operator_decorator']) retrieved from /home/nayara/Documentos/airflowalura/venv/lib/python3.9/site-packages/airflow/example_dags/example_branch_operator_decorator.py
[2022-11-01 22:58:38,546] {logging_mixin.py:115} INFO - [2022-11-01 22:58:38,546] {dag.py:2379} INFO - Sync 1 DAGs
[2022-11-01 22:58:38,578] {logging_mixin.py:115} INFO - [2022-11-01 22:58:38,578] {dag.py:2927} INFO - Setting next_dagrun for example_branch_python_operator_decorator to 2022-11-01T00:00:00+00:00, run_after=2022-11-02T00:00:00+00:00
[2022-11-01 22:58:38,958] {processor.py:161} INFO - Processing /home/nayara/Documentos/airflowalura/venv/lib/python3.9/site-packages/airflow/example_dags/example_branch_operator_decorator.py took 0.746 seconds
[2022-11-01 22:59:53,090] {processor.py:153} INFO - Started process (PID=20075) to work on /home/nayara/Documentos/airflowalura/venv/lib/python3.9/site-packages/airflow/example_dags/example_branch_operator_decorator.py
[2022-11-01 22:59:53,122] {processor.py:641} INFO - Processing file /home/nayara/Documentos/airflowalura/venv/lib/python3.9/site-packages/airflow/example_dags/example_branch_operator_decorator.py for tasks to queue
[2022-11-01 22:59:53,124] {logging_mixin.py:115} INFO - [2022-11-01 22:59:53,124] {dagbag.py:507} INFO - Filling up the DagBag from /home/nayara/Documentos/airflowalura/venv/lib/python3.9/site-packages/airflow/example_dags/example_branch_operator_decorator.py
[2022-11-01 22:59:53,148] {processor.py:651} INFO - DAG(s) dict_keys(['example_branch_python_operator_decorator']) retrieved from /home/nayara/Documentos/airflowalura/venv/lib/python3.9/site-packages/airflow/example_dags/example_branch_operator_decorator.py
[2022-11-01 22:59:53,168] {logging_mixin.py:115} INFO - [2022-11-01 22:59:53,168] {dag.py:2379} INFO - Sync 1 DAGs
[2022-11-01 22:59:53,187] {logging_mixin.py:115} INFO - [2022-11-01 22:59:53,187] {dag.py:2927} INFO - Setting next_dagrun for example_branch_python_operator_decorator to 2022-11-01T00:00:00+00:00, run_after=2022-11-02T00:00:00+00:00
[2022-11-01 22:59:53,440] {processor.py:161} INFO - Processing /home/nayara/Documentos/airflowalura/venv/lib/python3.9/site-packages/airflow/example_dags/example_branch_operator_decorator.py took 0.364 seconds
[2022-11-01 23:00:47,054] {processor.py:153} INFO - Started process (PID=20163) to work on /home/nayara/Documentos/airflowalura/venv/lib/python3.9/site-packages/airflow/example_dags/example_branch_operator_decorator.py
[2022-11-01 23:00:47,165] {processor.py:641} INFO - Processing file /home/nayara/Documentos/airflowalura/venv/lib/python3.9/site-packages/airflow/example_dags/example_branch_operator_decorator.py for tasks to queue
[2022-11-01 23:00:47,169] {logging_mixin.py:115} INFO - [2022-11-01 23:00:47,168] {dagbag.py:507} INFO - Filling up the DagBag from /home/nayara/Documentos/airflowalura/venv/lib/python3.9/site-packages/airflow/example_dags/example_branch_operator_decorator.py
[2022-11-01 23:00:47,241] {processor.py:651} INFO - DAG(s) dict_keys(['example_branch_python_operator_decorator']) retrieved from /home/nayara/Documentos/airflowalura/venv/lib/python3.9/site-packages/airflow/example_dags/example_branch_operator_decorator.py
[2022-11-01 23:00:47,263] {logging_mixin.py:115} INFO - [2022-11-01 23:00:47,263] {dag.py:2379} INFO - Sync 1 DAGs
[2022-11-01 23:00:47,284] {logging_mixin.py:115} INFO - [2022-11-01 23:00:47,284] {dag.py:2927} INFO - Setting next_dagrun for example_branch_python_operator_decorator to 2022-11-01T00:00:00+00:00, run_after=2022-11-02T00:00:00+00:00
[2022-11-01 23:00:47,720] {processor.py:161} INFO - Processing /home/nayara/Documentos/airflowalura/venv/lib/python3.9/site-packages/airflow/example_dags/example_branch_operator_decorator.py took 0.671 seconds
[2022-11-01 23:02:09,704] {processor.py:153} INFO - Started process (PID=20378) to work on /home/nayara/Documentos/airflowalura/venv/lib/python3.9/site-packages/airflow/example_dags/example_branch_operator_decorator.py
[2022-11-01 23:02:09,830] {processor.py:641} INFO - Processing file /home/nayara/Documentos/airflowalura/venv/lib/python3.9/site-packages/airflow/example_dags/example_branch_operator_decorator.py for tasks to queue
[2022-11-01 23:02:09,832] {logging_mixin.py:115} INFO - [2022-11-01 23:02:09,832] {dagbag.py:507} INFO - Filling up the DagBag from /home/nayara/Documentos/airflowalura/venv/lib/python3.9/site-packages/airflow/example_dags/example_branch_operator_decorator.py
[2022-11-01 23:02:09,909] {processor.py:651} INFO - DAG(s) dict_keys(['example_branch_python_operator_decorator']) retrieved from /home/nayara/Documentos/airflowalura/venv/lib/python3.9/site-packages/airflow/example_dags/example_branch_operator_decorator.py
[2022-11-01 23:02:09,938] {logging_mixin.py:115} INFO - [2022-11-01 23:02:09,938] {dag.py:2379} INFO - Sync 1 DAGs
[2022-11-01 23:02:09,964] {logging_mixin.py:115} INFO - [2022-11-01 23:02:09,964] {dag.py:2927} INFO - Setting next_dagrun for example_branch_python_operator_decorator to 2022-11-01T00:00:00+00:00, run_after=2022-11-02T00:00:00+00:00
[2022-11-01 23:02:10,810] {processor.py:161} INFO - Processing /home/nayara/Documentos/airflowalura/venv/lib/python3.9/site-packages/airflow/example_dags/example_branch_operator_decorator.py took 1.117 seconds
[2022-11-01 23:03:59,650] {processor.py:153} INFO - Started process (PID=20585) to work on /home/nayara/Documentos/airflowalura/venv/lib/python3.9/site-packages/airflow/example_dags/example_branch_operator_decorator.py
[2022-11-01 23:03:59,672] {processor.py:641} INFO - Processing file /home/nayara/Documentos/airflowalura/venv/lib/python3.9/site-packages/airflow/example_dags/example_branch_operator_decorator.py for tasks to queue
[2022-11-01 23:03:59,673] {logging_mixin.py:115} INFO - [2022-11-01 23:03:59,673] {dagbag.py:507} INFO - Filling up the DagBag from /home/nayara/Documentos/airflowalura/venv/lib/python3.9/site-packages/airflow/example_dags/example_branch_operator_decorator.py
[2022-11-01 23:03:59,708] {processor.py:651} INFO - DAG(s) dict_keys(['example_branch_python_operator_decorator']) retrieved from /home/nayara/Documentos/airflowalura/venv/lib/python3.9/site-packages/airflow/example_dags/example_branch_operator_decorator.py
[2022-11-01 23:03:59,737] {logging_mixin.py:115} INFO - [2022-11-01 23:03:59,737] {dag.py:2379} INFO - Sync 1 DAGs
[2022-11-01 23:03:59,764] {logging_mixin.py:115} INFO - [2022-11-01 23:03:59,763] {dag.py:2927} INFO - Setting next_dagrun for example_branch_python_operator_decorator to 2022-11-01T00:00:00+00:00, run_after=2022-11-02T00:00:00+00:00
[2022-11-01 23:04:00,046] {processor.py:161} INFO - Processing /home/nayara/Documentos/airflowalura/venv/lib/python3.9/site-packages/airflow/example_dags/example_branch_operator_decorator.py took 0.404 seconds
[2022-11-01 23:05:03,195] {processor.py:153} INFO - Started process (PID=20722) to work on /home/nayara/Documentos/airflowalura/venv/lib/python3.9/site-packages/airflow/example_dags/example_branch_operator_decorator.py
[2022-11-01 23:05:03,199] {processor.py:641} INFO - Processing file /home/nayara/Documentos/airflowalura/venv/lib/python3.9/site-packages/airflow/example_dags/example_branch_operator_decorator.py for tasks to queue
[2022-11-01 23:05:03,201] {logging_mixin.py:115} INFO - [2022-11-01 23:05:03,200] {dagbag.py:507} INFO - Filling up the DagBag from /home/nayara/Documentos/airflowalura/venv/lib/python3.9/site-packages/airflow/example_dags/example_branch_operator_decorator.py
[2022-11-01 23:05:03,247] {processor.py:651} INFO - DAG(s) dict_keys(['example_branch_python_operator_decorator']) retrieved from /home/nayara/Documentos/airflowalura/venv/lib/python3.9/site-packages/airflow/example_dags/example_branch_operator_decorator.py
[2022-11-01 23:05:03,273] {logging_mixin.py:115} INFO - [2022-11-01 23:05:03,273] {dag.py:2379} INFO - Sync 1 DAGs
[2022-11-01 23:05:03,300] {logging_mixin.py:115} INFO - [2022-11-01 23:05:03,300] {dag.py:2927} INFO - Setting next_dagrun for example_branch_python_operator_decorator to 2022-11-01T00:00:00+00:00, run_after=2022-11-02T00:00:00+00:00
[2022-11-01 23:05:03,450] {processor.py:161} INFO - Processing /home/nayara/Documentos/airflowalura/venv/lib/python3.9/site-packages/airflow/example_dags/example_branch_operator_decorator.py took 0.274 seconds
[2022-11-01 23:05:58,147] {processor.py:153} INFO - Started process (PID=20839) to work on /home/nayara/Documentos/airflowalura/venv/lib/python3.9/site-packages/airflow/example_dags/example_branch_operator_decorator.py
[2022-11-01 23:05:58,149] {processor.py:641} INFO - Processing file /home/nayara/Documentos/airflowalura/venv/lib/python3.9/site-packages/airflow/example_dags/example_branch_operator_decorator.py for tasks to queue
[2022-11-01 23:05:58,150] {logging_mixin.py:115} INFO - [2022-11-01 23:05:58,150] {dagbag.py:507} INFO - Filling up the DagBag from /home/nayara/Documentos/airflowalura/venv/lib/python3.9/site-packages/airflow/example_dags/example_branch_operator_decorator.py
[2022-11-01 23:05:58,173] {processor.py:651} INFO - DAG(s) dict_keys(['example_branch_python_operator_decorator']) retrieved from /home/nayara/Documentos/airflowalura/venv/lib/python3.9/site-packages/airflow/example_dags/example_branch_operator_decorator.py
[2022-11-01 23:05:58,193] {logging_mixin.py:115} INFO - [2022-11-01 23:05:58,193] {dag.py:2379} INFO - Sync 1 DAGs
[2022-11-01 23:05:58,212] {logging_mixin.py:115} INFO - [2022-11-01 23:05:58,212] {dag.py:2927} INFO - Setting next_dagrun for example_branch_python_operator_decorator to 2022-11-01T00:00:00+00:00, run_after=2022-11-02T00:00:00+00:00
[2022-11-01 23:05:58,422] {processor.py:161} INFO - Processing /home/nayara/Documentos/airflowalura/venv/lib/python3.9/site-packages/airflow/example_dags/example_branch_operator_decorator.py took 0.279 seconds
[2022-11-01 23:07:22,508] {processor.py:153} INFO - Started process (PID=21056) to work on /home/nayara/Documentos/airflowalura/venv/lib/python3.9/site-packages/airflow/example_dags/example_branch_operator_decorator.py
[2022-11-01 23:07:22,526] {processor.py:641} INFO - Processing file /home/nayara/Documentos/airflowalura/venv/lib/python3.9/site-packages/airflow/example_dags/example_branch_operator_decorator.py for tasks to queue
[2022-11-01 23:07:22,528] {logging_mixin.py:115} INFO - [2022-11-01 23:07:22,528] {dagbag.py:507} INFO - Filling up the DagBag from /home/nayara/Documentos/airflowalura/venv/lib/python3.9/site-packages/airflow/example_dags/example_branch_operator_decorator.py
[2022-11-01 23:07:22,563] {processor.py:651} INFO - DAG(s) dict_keys(['example_branch_python_operator_decorator']) retrieved from /home/nayara/Documentos/airflowalura/venv/lib/python3.9/site-packages/airflow/example_dags/example_branch_operator_decorator.py
[2022-11-01 23:07:22,583] {logging_mixin.py:115} INFO - [2022-11-01 23:07:22,583] {dag.py:2379} INFO - Sync 1 DAGs
[2022-11-01 23:07:22,601] {logging_mixin.py:115} INFO - [2022-11-01 23:07:22,601] {dag.py:2927} INFO - Setting next_dagrun for example_branch_python_operator_decorator to 2022-11-01T00:00:00+00:00, run_after=2022-11-02T00:00:00+00:00
[2022-11-01 23:07:22,793] {processor.py:161} INFO - Processing /home/nayara/Documentos/airflowalura/venv/lib/python3.9/site-packages/airflow/example_dags/example_branch_operator_decorator.py took 0.290 seconds
[2022-11-01 23:08:13,127] {processor.py:153} INFO - Started process (PID=21145) to work on /home/nayara/Documentos/airflowalura/venv/lib/python3.9/site-packages/airflow/example_dags/example_branch_operator_decorator.py
[2022-11-01 23:08:13,153] {processor.py:641} INFO - Processing file /home/nayara/Documentos/airflowalura/venv/lib/python3.9/site-packages/airflow/example_dags/example_branch_operator_decorator.py for tasks to queue
[2022-11-01 23:08:13,154] {logging_mixin.py:115} INFO - [2022-11-01 23:08:13,154] {dagbag.py:507} INFO - Filling up the DagBag from /home/nayara/Documentos/airflowalura/venv/lib/python3.9/site-packages/airflow/example_dags/example_branch_operator_decorator.py
[2022-11-01 23:08:13,176] {processor.py:651} INFO - DAG(s) dict_keys(['example_branch_python_operator_decorator']) retrieved from /home/nayara/Documentos/airflowalura/venv/lib/python3.9/site-packages/airflow/example_dags/example_branch_operator_decorator.py
[2022-11-01 23:08:13,195] {logging_mixin.py:115} INFO - [2022-11-01 23:08:13,195] {dag.py:2379} INFO - Sync 1 DAGs
[2022-11-01 23:08:13,214] {logging_mixin.py:115} INFO - [2022-11-01 23:08:13,214] {dag.py:2927} INFO - Setting next_dagrun for example_branch_python_operator_decorator to 2022-11-01T00:00:00+00:00, run_after=2022-11-02T00:00:00+00:00
[2022-11-01 23:08:13,419] {processor.py:161} INFO - Processing /home/nayara/Documentos/airflowalura/venv/lib/python3.9/site-packages/airflow/example_dags/example_branch_operator_decorator.py took 0.304 seconds
[2022-11-01 23:09:17,633] {processor.py:153} INFO - Started process (PID=21313) to work on /home/nayara/Documentos/airflowalura/venv/lib/python3.9/site-packages/airflow/example_dags/example_branch_operator_decorator.py
[2022-11-01 23:09:17,640] {processor.py:641} INFO - Processing file /home/nayara/Documentos/airflowalura/venv/lib/python3.9/site-packages/airflow/example_dags/example_branch_operator_decorator.py for tasks to queue
[2022-11-01 23:09:17,641] {logging_mixin.py:115} INFO - [2022-11-01 23:09:17,641] {dagbag.py:507} INFO - Filling up the DagBag from /home/nayara/Documentos/airflowalura/venv/lib/python3.9/site-packages/airflow/example_dags/example_branch_operator_decorator.py
[2022-11-01 23:09:17,680] {processor.py:651} INFO - DAG(s) dict_keys(['example_branch_python_operator_decorator']) retrieved from /home/nayara/Documentos/airflowalura/venv/lib/python3.9/site-packages/airflow/example_dags/example_branch_operator_decorator.py
[2022-11-01 23:09:18,336] {logging_mixin.py:115} INFO - [2022-11-01 23:09:18,335] {dag.py:2379} INFO - Sync 1 DAGs
[2022-11-01 23:09:18,355] {logging_mixin.py:115} INFO - [2022-11-01 23:09:18,355] {dag.py:2927} INFO - Setting next_dagrun for example_branch_python_operator_decorator to 2022-11-01T00:00:00+00:00, run_after=2022-11-02T00:00:00+00:00
[2022-11-01 23:09:18,659] {processor.py:161} INFO - Processing /home/nayara/Documentos/airflowalura/venv/lib/python3.9/site-packages/airflow/example_dags/example_branch_operator_decorator.py took 1.037 seconds
[2022-11-01 23:10:23,786] {processor.py:153} INFO - Started process (PID=21493) to work on /home/nayara/Documentos/airflowalura/venv/lib/python3.9/site-packages/airflow/example_dags/example_branch_operator_decorator.py
[2022-11-01 23:10:23,832] {processor.py:641} INFO - Processing file /home/nayara/Documentos/airflowalura/venv/lib/python3.9/site-packages/airflow/example_dags/example_branch_operator_decorator.py for tasks to queue
[2022-11-01 23:10:23,836] {logging_mixin.py:115} INFO - [2022-11-01 23:10:23,835] {dagbag.py:507} INFO - Filling up the DagBag from /home/nayara/Documentos/airflowalura/venv/lib/python3.9/site-packages/airflow/example_dags/example_branch_operator_decorator.py
[2022-11-01 23:10:23,920] {processor.py:651} INFO - DAG(s) dict_keys(['example_branch_python_operator_decorator']) retrieved from /home/nayara/Documentos/airflowalura/venv/lib/python3.9/site-packages/airflow/example_dags/example_branch_operator_decorator.py
[2022-11-01 23:10:23,940] {logging_mixin.py:115} INFO - [2022-11-01 23:10:23,940] {dag.py:2379} INFO - Sync 1 DAGs
[2022-11-01 23:10:23,966] {logging_mixin.py:115} INFO - [2022-11-01 23:10:23,966] {dag.py:2927} INFO - Setting next_dagrun for example_branch_python_operator_decorator to 2022-11-01T00:00:00+00:00, run_after=2022-11-02T00:00:00+00:00
[2022-11-01 23:10:24,277] {processor.py:161} INFO - Processing /home/nayara/Documentos/airflowalura/venv/lib/python3.9/site-packages/airflow/example_dags/example_branch_operator_decorator.py took 0.508 seconds
[2022-11-01 23:11:57,741] {processor.py:153} INFO - Started process (PID=21740) to work on /home/nayara/Documentos/airflowalura/venv/lib/python3.9/site-packages/airflow/example_dags/example_branch_operator_decorator.py
[2022-11-01 23:11:57,809] {processor.py:641} INFO - Processing file /home/nayara/Documentos/airflowalura/venv/lib/python3.9/site-packages/airflow/example_dags/example_branch_operator_decorator.py for tasks to queue
[2022-11-01 23:11:57,812] {logging_mixin.py:115} INFO - [2022-11-01 23:11:57,811] {dagbag.py:507} INFO - Filling up the DagBag from /home/nayara/Documentos/airflowalura/venv/lib/python3.9/site-packages/airflow/example_dags/example_branch_operator_decorator.py
[2022-11-01 23:11:57,898] {processor.py:651} INFO - DAG(s) dict_keys(['example_branch_python_operator_decorator']) retrieved from /home/nayara/Documentos/airflowalura/venv/lib/python3.9/site-packages/airflow/example_dags/example_branch_operator_decorator.py
[2022-11-01 23:11:58,157] {logging_mixin.py:115} INFO - [2022-11-01 23:11:58,157] {dag.py:2379} INFO - Sync 1 DAGs
[2022-11-01 23:11:58,184] {logging_mixin.py:115} INFO - [2022-11-01 23:11:58,184] {dag.py:2927} INFO - Setting next_dagrun for example_branch_python_operator_decorator to 2022-11-01T00:00:00+00:00, run_after=2022-11-02T00:00:00+00:00
[2022-11-01 23:11:58,549] {processor.py:161} INFO - Processing /home/nayara/Documentos/airflowalura/venv/lib/python3.9/site-packages/airflow/example_dags/example_branch_operator_decorator.py took 0.829 seconds
[2022-11-01 23:13:16,603] {processor.py:153} INFO - Started process (PID=21892) to work on /home/nayara/Documentos/airflowalura/venv/lib/python3.9/site-packages/airflow/example_dags/example_branch_operator_decorator.py
[2022-11-01 23:13:16,616] {processor.py:641} INFO - Processing file /home/nayara/Documentos/airflowalura/venv/lib/python3.9/site-packages/airflow/example_dags/example_branch_operator_decorator.py for tasks to queue
[2022-11-01 23:13:16,617] {logging_mixin.py:115} INFO - [2022-11-01 23:13:16,617] {dagbag.py:507} INFO - Filling up the DagBag from /home/nayara/Documentos/airflowalura/venv/lib/python3.9/site-packages/airflow/example_dags/example_branch_operator_decorator.py
[2022-11-01 23:13:16,647] {processor.py:651} INFO - DAG(s) dict_keys(['example_branch_python_operator_decorator']) retrieved from /home/nayara/Documentos/airflowalura/venv/lib/python3.9/site-packages/airflow/example_dags/example_branch_operator_decorator.py
[2022-11-01 23:13:16,803] {logging_mixin.py:115} INFO - [2022-11-01 23:13:16,803] {dag.py:2379} INFO - Sync 1 DAGs
[2022-11-01 23:13:16,831] {logging_mixin.py:115} INFO - [2022-11-01 23:13:16,831] {dag.py:2927} INFO - Setting next_dagrun for example_branch_python_operator_decorator to 2022-11-01T00:00:00+00:00, run_after=2022-11-02T00:00:00+00:00
[2022-11-01 23:13:17,257] {processor.py:161} INFO - Processing /home/nayara/Documentos/airflowalura/venv/lib/python3.9/site-packages/airflow/example_dags/example_branch_operator_decorator.py took 0.660 seconds
[2022-11-01 23:14:27,966] {processor.py:153} INFO - Started process (PID=22092) to work on /home/nayara/Documentos/airflowalura/venv/lib/python3.9/site-packages/airflow/example_dags/example_branch_operator_decorator.py
[2022-11-01 23:14:28,055] {processor.py:641} INFO - Processing file /home/nayara/Documentos/airflowalura/venv/lib/python3.9/site-packages/airflow/example_dags/example_branch_operator_decorator.py for tasks to queue
[2022-11-01 23:14:28,056] {logging_mixin.py:115} INFO - [2022-11-01 23:14:28,056] {dagbag.py:507} INFO - Filling up the DagBag from /home/nayara/Documentos/airflowalura/venv/lib/python3.9/site-packages/airflow/example_dags/example_branch_operator_decorator.py
[2022-11-01 23:14:28,080] {processor.py:651} INFO - DAG(s) dict_keys(['example_branch_python_operator_decorator']) retrieved from /home/nayara/Documentos/airflowalura/venv/lib/python3.9/site-packages/airflow/example_dags/example_branch_operator_decorator.py
[2022-11-01 23:14:28,102] {logging_mixin.py:115} INFO - [2022-11-01 23:14:28,101] {dag.py:2379} INFO - Sync 1 DAGs
[2022-11-01 23:14:28,122] {logging_mixin.py:115} INFO - [2022-11-01 23:14:28,122] {dag.py:2927} INFO - Setting next_dagrun for example_branch_python_operator_decorator to 2022-11-01T00:00:00+00:00, run_after=2022-11-02T00:00:00+00:00
[2022-11-01 23:14:28,503] {processor.py:161} INFO - Processing /home/nayara/Documentos/airflowalura/venv/lib/python3.9/site-packages/airflow/example_dags/example_branch_operator_decorator.py took 0.550 seconds
[2022-11-01 23:15:30,706] {processor.py:153} INFO - Started process (PID=22236) to work on /home/nayara/Documentos/airflowalura/venv/lib/python3.9/site-packages/airflow/example_dags/example_branch_operator_decorator.py
[2022-11-01 23:15:30,726] {processor.py:641} INFO - Processing file /home/nayara/Documentos/airflowalura/venv/lib/python3.9/site-packages/airflow/example_dags/example_branch_operator_decorator.py for tasks to queue
[2022-11-01 23:15:30,730] {logging_mixin.py:115} INFO - [2022-11-01 23:15:30,729] {dagbag.py:507} INFO - Filling up the DagBag from /home/nayara/Documentos/airflowalura/venv/lib/python3.9/site-packages/airflow/example_dags/example_branch_operator_decorator.py
[2022-11-01 23:15:30,796] {processor.py:651} INFO - DAG(s) dict_keys(['example_branch_python_operator_decorator']) retrieved from /home/nayara/Documentos/airflowalura/venv/lib/python3.9/site-packages/airflow/example_dags/example_branch_operator_decorator.py
[2022-11-01 23:15:30,818] {logging_mixin.py:115} INFO - [2022-11-01 23:15:30,817] {dag.py:2379} INFO - Sync 1 DAGs
[2022-11-01 23:15:30,841] {logging_mixin.py:115} INFO - [2022-11-01 23:15:30,841] {dag.py:2927} INFO - Setting next_dagrun for example_branch_python_operator_decorator to 2022-11-01T00:00:00+00:00, run_after=2022-11-02T00:00:00+00:00
[2022-11-01 23:15:31,157] {processor.py:161} INFO - Processing /home/nayara/Documentos/airflowalura/venv/lib/python3.9/site-packages/airflow/example_dags/example_branch_operator_decorator.py took 0.465 seconds
[2022-11-01 23:16:28,337] {processor.py:153} INFO - Started process (PID=22366) to work on /home/nayara/Documentos/airflowalura/venv/lib/python3.9/site-packages/airflow/example_dags/example_branch_operator_decorator.py
[2022-11-01 23:16:28,362] {processor.py:641} INFO - Processing file /home/nayara/Documentos/airflowalura/venv/lib/python3.9/site-packages/airflow/example_dags/example_branch_operator_decorator.py for tasks to queue
[2022-11-01 23:16:28,365] {logging_mixin.py:115} INFO - [2022-11-01 23:16:28,364] {dagbag.py:507} INFO - Filling up the DagBag from /home/nayara/Documentos/airflowalura/venv/lib/python3.9/site-packages/airflow/example_dags/example_branch_operator_decorator.py
[2022-11-01 23:16:28,404] {processor.py:651} INFO - DAG(s) dict_keys(['example_branch_python_operator_decorator']) retrieved from /home/nayara/Documentos/airflowalura/venv/lib/python3.9/site-packages/airflow/example_dags/example_branch_operator_decorator.py
[2022-11-01 23:16:28,429] {logging_mixin.py:115} INFO - [2022-11-01 23:16:28,429] {dag.py:2379} INFO - Sync 1 DAGs
[2022-11-01 23:16:28,455] {logging_mixin.py:115} INFO - [2022-11-01 23:16:28,454] {dag.py:2927} INFO - Setting next_dagrun for example_branch_python_operator_decorator to 2022-11-01T00:00:00+00:00, run_after=2022-11-02T00:00:00+00:00
[2022-11-01 23:16:28,685] {processor.py:161} INFO - Processing /home/nayara/Documentos/airflowalura/venv/lib/python3.9/site-packages/airflow/example_dags/example_branch_operator_decorator.py took 0.367 seconds
[2022-11-01 23:17:34,789] {processor.py:153} INFO - Started process (PID=22514) to work on /home/nayara/Documentos/airflowalura/venv/lib/python3.9/site-packages/airflow/example_dags/example_branch_operator_decorator.py
[2022-11-01 23:17:34,798] {processor.py:641} INFO - Processing file /home/nayara/Documentos/airflowalura/venv/lib/python3.9/site-packages/airflow/example_dags/example_branch_operator_decorator.py for tasks to queue
[2022-11-01 23:17:34,801] {logging_mixin.py:115} INFO - [2022-11-01 23:17:34,800] {dagbag.py:507} INFO - Filling up the DagBag from /home/nayara/Documentos/airflowalura/venv/lib/python3.9/site-packages/airflow/example_dags/example_branch_operator_decorator.py
[2022-11-01 23:17:34,842] {processor.py:651} INFO - DAG(s) dict_keys(['example_branch_python_operator_decorator']) retrieved from /home/nayara/Documentos/airflowalura/venv/lib/python3.9/site-packages/airflow/example_dags/example_branch_operator_decorator.py
[2022-11-01 23:17:34,870] {logging_mixin.py:115} INFO - [2022-11-01 23:17:34,870] {dag.py:2379} INFO - Sync 1 DAGs
[2022-11-01 23:17:34,900] {logging_mixin.py:115} INFO - [2022-11-01 23:17:34,900] {dag.py:2927} INFO - Setting next_dagrun for example_branch_python_operator_decorator to 2022-11-01T00:00:00+00:00, run_after=2022-11-02T00:00:00+00:00
[2022-11-01 23:17:35,791] {processor.py:161} INFO - Processing /home/nayara/Documentos/airflowalura/venv/lib/python3.9/site-packages/airflow/example_dags/example_branch_operator_decorator.py took 1.011 seconds
[2022-11-01 23:18:58,417] {processor.py:153} INFO - Started process (PID=22670) to work on /home/nayara/Documentos/airflowalura/venv/lib/python3.9/site-packages/airflow/example_dags/example_branch_operator_decorator.py
[2022-11-01 23:18:58,434] {processor.py:641} INFO - Processing file /home/nayara/Documentos/airflowalura/venv/lib/python3.9/site-packages/airflow/example_dags/example_branch_operator_decorator.py for tasks to queue
[2022-11-01 23:18:58,435] {logging_mixin.py:115} INFO - [2022-11-01 23:18:58,435] {dagbag.py:507} INFO - Filling up the DagBag from /home/nayara/Documentos/airflowalura/venv/lib/python3.9/site-packages/airflow/example_dags/example_branch_operator_decorator.py
[2022-11-01 23:18:58,457] {processor.py:651} INFO - DAG(s) dict_keys(['example_branch_python_operator_decorator']) retrieved from /home/nayara/Documentos/airflowalura/venv/lib/python3.9/site-packages/airflow/example_dags/example_branch_operator_decorator.py
[2022-11-01 23:18:58,477] {logging_mixin.py:115} INFO - [2022-11-01 23:18:58,477] {dag.py:2379} INFO - Sync 1 DAGs
[2022-11-01 23:18:58,496] {logging_mixin.py:115} INFO - [2022-11-01 23:18:58,496] {dag.py:2927} INFO - Setting next_dagrun for example_branch_python_operator_decorator to 2022-11-01T00:00:00+00:00, run_after=2022-11-02T00:00:00+00:00
[2022-11-01 23:18:58,711] {processor.py:161} INFO - Processing /home/nayara/Documentos/airflowalura/venv/lib/python3.9/site-packages/airflow/example_dags/example_branch_operator_decorator.py took 0.298 seconds
[2022-11-01 23:19:57,345] {processor.py:153} INFO - Started process (PID=22791) to work on /home/nayara/Documentos/airflowalura/venv/lib/python3.9/site-packages/airflow/example_dags/example_branch_operator_decorator.py
[2022-11-01 23:19:57,393] {processor.py:641} INFO - Processing file /home/nayara/Documentos/airflowalura/venv/lib/python3.9/site-packages/airflow/example_dags/example_branch_operator_decorator.py for tasks to queue
[2022-11-01 23:19:57,397] {logging_mixin.py:115} INFO - [2022-11-01 23:19:57,396] {dagbag.py:507} INFO - Filling up the DagBag from /home/nayara/Documentos/airflowalura/venv/lib/python3.9/site-packages/airflow/example_dags/example_branch_operator_decorator.py
[2022-11-01 23:19:57,457] {processor.py:651} INFO - DAG(s) dict_keys(['example_branch_python_operator_decorator']) retrieved from /home/nayara/Documentos/airflowalura/venv/lib/python3.9/site-packages/airflow/example_dags/example_branch_operator_decorator.py
[2022-11-01 23:19:57,709] {logging_mixin.py:115} INFO - [2022-11-01 23:19:57,709] {dag.py:2379} INFO - Sync 1 DAGs
[2022-11-01 23:19:57,739] {logging_mixin.py:115} INFO - [2022-11-01 23:19:57,739] {dag.py:2927} INFO - Setting next_dagrun for example_branch_python_operator_decorator to 2022-11-01T00:00:00+00:00, run_after=2022-11-02T00:00:00+00:00
[2022-11-01 23:19:58,417] {processor.py:161} INFO - Processing /home/nayara/Documentos/airflowalura/venv/lib/python3.9/site-packages/airflow/example_dags/example_branch_operator_decorator.py took 1.092 seconds
[2022-11-01 23:21:10,914] {processor.py:153} INFO - Started process (PID=23022) to work on /home/nayara/Documentos/airflowalura/venv/lib/python3.9/site-packages/airflow/example_dags/example_branch_operator_decorator.py
[2022-11-01 23:21:10,975] {processor.py:641} INFO - Processing file /home/nayara/Documentos/airflowalura/venv/lib/python3.9/site-packages/airflow/example_dags/example_branch_operator_decorator.py for tasks to queue
[2022-11-01 23:21:10,976] {logging_mixin.py:115} INFO - [2022-11-01 23:21:10,976] {dagbag.py:507} INFO - Filling up the DagBag from /home/nayara/Documentos/airflowalura/venv/lib/python3.9/site-packages/airflow/example_dags/example_branch_operator_decorator.py
[2022-11-01 23:21:11,034] {processor.py:651} INFO - DAG(s) dict_keys(['example_branch_python_operator_decorator']) retrieved from /home/nayara/Documentos/airflowalura/venv/lib/python3.9/site-packages/airflow/example_dags/example_branch_operator_decorator.py
[2022-11-01 23:21:11,145] {logging_mixin.py:115} INFO - [2022-11-01 23:21:11,144] {dag.py:2379} INFO - Sync 1 DAGs
[2022-11-01 23:21:11,183] {logging_mixin.py:115} INFO - [2022-11-01 23:21:11,183] {dag.py:2927} INFO - Setting next_dagrun for example_branch_python_operator_decorator to 2022-11-01T00:00:00+00:00, run_after=2022-11-02T00:00:00+00:00
[2022-11-01 23:21:11,748] {processor.py:161} INFO - Processing /home/nayara/Documentos/airflowalura/venv/lib/python3.9/site-packages/airflow/example_dags/example_branch_operator_decorator.py took 0.853 seconds
