[2022-11-01 22:41:17,785] {processor.py:153} INFO - Started process (PID=17846) to work on /home/nayara/Documentos/airflowalura/venv/lib/python3.9/site-packages/airflow/example_dags/example_branch_python_dop_operator_3.py
[2022-11-01 22:41:17,787] {processor.py:641} INFO - Processing file /home/nayara/Documentos/airflowalura/venv/lib/python3.9/site-packages/airflow/example_dags/example_branch_python_dop_operator_3.py for tasks to queue
[2022-11-01 22:41:17,789] {logging_mixin.py:115} INFO - [2022-11-01 22:41:17,788] {dagbag.py:507} INFO - Filling up the DagBag from /home/nayara/Documentos/airflowalura/venv/lib/python3.9/site-packages/airflow/example_dags/example_branch_python_dop_operator_3.py
[2022-11-01 22:41:17,819] {processor.py:651} INFO - DAG(s) dict_keys(['example_branch_dop_operator_v3']) retrieved from /home/nayara/Documentos/airflowalura/venv/lib/python3.9/site-packages/airflow/example_dags/example_branch_python_dop_operator_3.py
[2022-11-01 22:41:17,861] {logging_mixin.py:115} INFO - [2022-11-01 22:41:17,861] {dag.py:2379} INFO - Sync 1 DAGs
[2022-11-01 22:41:17,901] {logging_mixin.py:115} INFO - [2022-11-01 22:41:17,901] {dag.py:2927} INFO - Setting next_dagrun for example_branch_dop_operator_v3 to 2022-11-02T01:40:00+00:00, run_after=2022-11-02T01:41:00+00:00
[2022-11-01 22:41:19,354] {processor.py:161} INFO - Processing /home/nayara/Documentos/airflowalura/venv/lib/python3.9/site-packages/airflow/example_dags/example_branch_python_dop_operator_3.py took 1.578 seconds
[2022-11-01 22:44:06,745] {processor.py:153} INFO - Started process (PID=18087) to work on /home/nayara/Documentos/airflowalura/venv/lib/python3.9/site-packages/airflow/example_dags/example_branch_python_dop_operator_3.py
[2022-11-01 22:44:06,769] {processor.py:641} INFO - Processing file /home/nayara/Documentos/airflowalura/venv/lib/python3.9/site-packages/airflow/example_dags/example_branch_python_dop_operator_3.py for tasks to queue
[2022-11-01 22:44:06,770] {logging_mixin.py:115} INFO - [2022-11-01 22:44:06,770] {dagbag.py:507} INFO - Filling up the DagBag from /home/nayara/Documentos/airflowalura/venv/lib/python3.9/site-packages/airflow/example_dags/example_branch_python_dop_operator_3.py
[2022-11-01 22:44:06,790] {processor.py:651} INFO - DAG(s) dict_keys(['example_branch_dop_operator_v3']) retrieved from /home/nayara/Documentos/airflowalura/venv/lib/python3.9/site-packages/airflow/example_dags/example_branch_python_dop_operator_3.py
[2022-11-01 22:44:06,835] {logging_mixin.py:115} INFO - [2022-11-01 22:44:06,834] {dag.py:2379} INFO - Sync 1 DAGs
[2022-11-01 22:44:06,890] {logging_mixin.py:115} INFO - [2022-11-01 22:44:06,890] {dag.py:2927} INFO - Setting next_dagrun for example_branch_dop_operator_v3 to 2022-11-02T01:43:00+00:00, run_after=2022-11-02T01:44:00+00:00
[2022-11-01 22:44:07,238] {processor.py:161} INFO - Processing /home/nayara/Documentos/airflowalura/venv/lib/python3.9/site-packages/airflow/example_dags/example_branch_python_dop_operator_3.py took 0.504 seconds
[2022-11-01 22:45:24,399] {processor.py:153} INFO - Started process (PID=18218) to work on /home/nayara/Documentos/airflowalura/venv/lib/python3.9/site-packages/airflow/example_dags/example_branch_python_dop_operator_3.py
[2022-11-01 22:45:24,425] {processor.py:641} INFO - Processing file /home/nayara/Documentos/airflowalura/venv/lib/python3.9/site-packages/airflow/example_dags/example_branch_python_dop_operator_3.py for tasks to queue
[2022-11-01 22:45:24,427] {logging_mixin.py:115} INFO - [2022-11-01 22:45:24,426] {dagbag.py:507} INFO - Filling up the DagBag from /home/nayara/Documentos/airflowalura/venv/lib/python3.9/site-packages/airflow/example_dags/example_branch_python_dop_operator_3.py
[2022-11-01 22:45:24,449] {processor.py:651} INFO - DAG(s) dict_keys(['example_branch_dop_operator_v3']) retrieved from /home/nayara/Documentos/airflowalura/venv/lib/python3.9/site-packages/airflow/example_dags/example_branch_python_dop_operator_3.py
[2022-11-01 22:45:24,493] {logging_mixin.py:115} INFO - [2022-11-01 22:45:24,493] {dag.py:2379} INFO - Sync 1 DAGs
[2022-11-01 22:45:24,547] {logging_mixin.py:115} INFO - [2022-11-01 22:45:24,546] {dag.py:2927} INFO - Setting next_dagrun for example_branch_dop_operator_v3 to 2022-11-02T01:44:00+00:00, run_after=2022-11-02T01:45:00+00:00
[2022-11-01 22:45:25,091] {processor.py:161} INFO - Processing /home/nayara/Documentos/airflowalura/venv/lib/python3.9/site-packages/airflow/example_dags/example_branch_python_dop_operator_3.py took 0.699 seconds
[2022-11-01 22:46:23,025] {processor.py:153} INFO - Started process (PID=18324) to work on /home/nayara/Documentos/airflowalura/venv/lib/python3.9/site-packages/airflow/example_dags/example_branch_python_dop_operator_3.py
[2022-11-01 22:46:23,043] {processor.py:641} INFO - Processing file /home/nayara/Documentos/airflowalura/venv/lib/python3.9/site-packages/airflow/example_dags/example_branch_python_dop_operator_3.py for tasks to queue
[2022-11-01 22:46:23,044] {logging_mixin.py:115} INFO - [2022-11-01 22:46:23,044] {dagbag.py:507} INFO - Filling up the DagBag from /home/nayara/Documentos/airflowalura/venv/lib/python3.9/site-packages/airflow/example_dags/example_branch_python_dop_operator_3.py
[2022-11-01 22:46:23,062] {processor.py:651} INFO - DAG(s) dict_keys(['example_branch_dop_operator_v3']) retrieved from /home/nayara/Documentos/airflowalura/venv/lib/python3.9/site-packages/airflow/example_dags/example_branch_python_dop_operator_3.py
[2022-11-01 22:46:23,112] {logging_mixin.py:115} INFO - [2022-11-01 22:46:23,112] {dag.py:2379} INFO - Sync 1 DAGs
[2022-11-01 22:46:23,163] {logging_mixin.py:115} INFO - [2022-11-01 22:46:23,163] {dag.py:2927} INFO - Setting next_dagrun for example_branch_dop_operator_v3 to 2022-11-02T01:45:00+00:00, run_after=2022-11-02T01:46:00+00:00
[2022-11-01 22:46:23,512] {processor.py:161} INFO - Processing /home/nayara/Documentos/airflowalura/venv/lib/python3.9/site-packages/airflow/example_dags/example_branch_python_dop_operator_3.py took 0.497 seconds
[2022-11-01 22:47:30,432] {processor.py:153} INFO - Started process (PID=18488) to work on /home/nayara/Documentos/airflowalura/venv/lib/python3.9/site-packages/airflow/example_dags/example_branch_python_dop_operator_3.py
[2022-11-01 22:47:30,444] {processor.py:641} INFO - Processing file /home/nayara/Documentos/airflowalura/venv/lib/python3.9/site-packages/airflow/example_dags/example_branch_python_dop_operator_3.py for tasks to queue
[2022-11-01 22:47:30,445] {logging_mixin.py:115} INFO - [2022-11-01 22:47:30,445] {dagbag.py:507} INFO - Filling up the DagBag from /home/nayara/Documentos/airflowalura/venv/lib/python3.9/site-packages/airflow/example_dags/example_branch_python_dop_operator_3.py
[2022-11-01 22:47:30,461] {processor.py:651} INFO - DAG(s) dict_keys(['example_branch_dop_operator_v3']) retrieved from /home/nayara/Documentos/airflowalura/venv/lib/python3.9/site-packages/airflow/example_dags/example_branch_python_dop_operator_3.py
[2022-11-01 22:47:30,503] {logging_mixin.py:115} INFO - [2022-11-01 22:47:30,503] {dag.py:2379} INFO - Sync 1 DAGs
[2022-11-01 22:47:30,547] {logging_mixin.py:115} INFO - [2022-11-01 22:47:30,546] {dag.py:2927} INFO - Setting next_dagrun for example_branch_dop_operator_v3 to 2022-11-02T01:46:00+00:00, run_after=2022-11-02T01:47:00+00:00
[2022-11-01 22:47:30,843] {processor.py:161} INFO - Processing /home/nayara/Documentos/airflowalura/venv/lib/python3.9/site-packages/airflow/example_dags/example_branch_python_dop_operator_3.py took 0.421 seconds
[2022-11-01 22:48:28,896] {processor.py:153} INFO - Started process (PID=18597) to work on /home/nayara/Documentos/airflowalura/venv/lib/python3.9/site-packages/airflow/example_dags/example_branch_python_dop_operator_3.py
[2022-11-01 22:48:28,914] {processor.py:641} INFO - Processing file /home/nayara/Documentos/airflowalura/venv/lib/python3.9/site-packages/airflow/example_dags/example_branch_python_dop_operator_3.py for tasks to queue
[2022-11-01 22:48:28,915] {logging_mixin.py:115} INFO - [2022-11-01 22:48:28,915] {dagbag.py:507} INFO - Filling up the DagBag from /home/nayara/Documentos/airflowalura/venv/lib/python3.9/site-packages/airflow/example_dags/example_branch_python_dop_operator_3.py
[2022-11-01 22:48:28,939] {processor.py:651} INFO - DAG(s) dict_keys(['example_branch_dop_operator_v3']) retrieved from /home/nayara/Documentos/airflowalura/venv/lib/python3.9/site-packages/airflow/example_dags/example_branch_python_dop_operator_3.py
[2022-11-01 22:48:28,984] {logging_mixin.py:115} INFO - [2022-11-01 22:48:28,984] {dag.py:2379} INFO - Sync 1 DAGs
[2022-11-01 22:48:29,028] {logging_mixin.py:115} INFO - [2022-11-01 22:48:29,028] {dag.py:2927} INFO - Setting next_dagrun for example_branch_dop_operator_v3 to 2022-11-02T01:47:00+00:00, run_after=2022-11-02T01:48:00+00:00
[2022-11-01 22:48:29,345] {processor.py:161} INFO - Processing /home/nayara/Documentos/airflowalura/venv/lib/python3.9/site-packages/airflow/example_dags/example_branch_python_dop_operator_3.py took 0.458 seconds
[2022-11-01 22:49:27,045] {processor.py:153} INFO - Started process (PID=18711) to work on /home/nayara/Documentos/airflowalura/venv/lib/python3.9/site-packages/airflow/example_dags/example_branch_python_dop_operator_3.py
[2022-11-01 22:49:27,075] {processor.py:641} INFO - Processing file /home/nayara/Documentos/airflowalura/venv/lib/python3.9/site-packages/airflow/example_dags/example_branch_python_dop_operator_3.py for tasks to queue
[2022-11-01 22:49:27,075] {logging_mixin.py:115} INFO - [2022-11-01 22:49:27,075] {dagbag.py:507} INFO - Filling up the DagBag from /home/nayara/Documentos/airflowalura/venv/lib/python3.9/site-packages/airflow/example_dags/example_branch_python_dop_operator_3.py
[2022-11-01 22:49:27,101] {processor.py:651} INFO - DAG(s) dict_keys(['example_branch_dop_operator_v3']) retrieved from /home/nayara/Documentos/airflowalura/venv/lib/python3.9/site-packages/airflow/example_dags/example_branch_python_dop_operator_3.py
[2022-11-01 22:49:27,145] {logging_mixin.py:115} INFO - [2022-11-01 22:49:27,144] {dag.py:2379} INFO - Sync 1 DAGs
[2022-11-01 22:49:27,195] {logging_mixin.py:115} INFO - [2022-11-01 22:49:27,194] {dag.py:2927} INFO - Setting next_dagrun for example_branch_dop_operator_v3 to 2022-11-02T01:48:00+00:00, run_after=2022-11-02T01:49:00+00:00
[2022-11-01 22:49:27,500] {processor.py:161} INFO - Processing /home/nayara/Documentos/airflowalura/venv/lib/python3.9/site-packages/airflow/example_dags/example_branch_python_dop_operator_3.py took 0.466 seconds
[2022-11-01 22:50:22,149] {processor.py:153} INFO - Started process (PID=18816) to work on /home/nayara/Documentos/airflowalura/venv/lib/python3.9/site-packages/airflow/example_dags/example_branch_python_dop_operator_3.py
[2022-11-01 22:50:22,185] {processor.py:641} INFO - Processing file /home/nayara/Documentos/airflowalura/venv/lib/python3.9/site-packages/airflow/example_dags/example_branch_python_dop_operator_3.py for tasks to queue
[2022-11-01 22:50:22,187] {logging_mixin.py:115} INFO - [2022-11-01 22:50:22,186] {dagbag.py:507} INFO - Filling up the DagBag from /home/nayara/Documentos/airflowalura/venv/lib/python3.9/site-packages/airflow/example_dags/example_branch_python_dop_operator_3.py
[2022-11-01 22:50:22,214] {processor.py:651} INFO - DAG(s) dict_keys(['example_branch_dop_operator_v3']) retrieved from /home/nayara/Documentos/airflowalura/venv/lib/python3.9/site-packages/airflow/example_dags/example_branch_python_dop_operator_3.py
[2022-11-01 22:50:22,257] {logging_mixin.py:115} INFO - [2022-11-01 22:50:22,257] {dag.py:2379} INFO - Sync 1 DAGs
[2022-11-01 22:50:22,310] {logging_mixin.py:115} INFO - [2022-11-01 22:50:22,310] {dag.py:2927} INFO - Setting next_dagrun for example_branch_dop_operator_v3 to 2022-11-02T01:49:00+00:00, run_after=2022-11-02T01:50:00+00:00
[2022-11-01 22:50:22,583] {processor.py:161} INFO - Processing /home/nayara/Documentos/airflowalura/venv/lib/python3.9/site-packages/airflow/example_dags/example_branch_python_dop_operator_3.py took 0.439 seconds
[2022-11-01 22:52:10,624] {processor.py:153} INFO - Started process (PID=19050) to work on /home/nayara/Documentos/airflowalura/venv/lib/python3.9/site-packages/airflow/example_dags/example_branch_python_dop_operator_3.py
[2022-11-01 22:52:10,641] {processor.py:641} INFO - Processing file /home/nayara/Documentos/airflowalura/venv/lib/python3.9/site-packages/airflow/example_dags/example_branch_python_dop_operator_3.py for tasks to queue
[2022-11-01 22:52:10,642] {logging_mixin.py:115} INFO - [2022-11-01 22:52:10,642] {dagbag.py:507} INFO - Filling up the DagBag from /home/nayara/Documentos/airflowalura/venv/lib/python3.9/site-packages/airflow/example_dags/example_branch_python_dop_operator_3.py
[2022-11-01 22:52:10,660] {processor.py:651} INFO - DAG(s) dict_keys(['example_branch_dop_operator_v3']) retrieved from /home/nayara/Documentos/airflowalura/venv/lib/python3.9/site-packages/airflow/example_dags/example_branch_python_dop_operator_3.py
[2022-11-01 22:52:10,695] {logging_mixin.py:115} INFO - [2022-11-01 22:52:10,694] {dag.py:2379} INFO - Sync 1 DAGs
[2022-11-01 22:52:10,737] {logging_mixin.py:115} INFO - [2022-11-01 22:52:10,737] {dag.py:2927} INFO - Setting next_dagrun for example_branch_dop_operator_v3 to 2022-11-02T01:51:00+00:00, run_after=2022-11-02T01:52:00+00:00
[2022-11-01 22:52:11,936] {processor.py:161} INFO - Processing /home/nayara/Documentos/airflowalura/venv/lib/python3.9/site-packages/airflow/example_dags/example_branch_python_dop_operator_3.py took 1.325 seconds
[2022-11-01 22:53:27,485] {processor.py:153} INFO - Started process (PID=19194) to work on /home/nayara/Documentos/airflowalura/venv/lib/python3.9/site-packages/airflow/example_dags/example_branch_python_dop_operator_3.py
[2022-11-01 22:53:27,516] {processor.py:641} INFO - Processing file /home/nayara/Documentos/airflowalura/venv/lib/python3.9/site-packages/airflow/example_dags/example_branch_python_dop_operator_3.py for tasks to queue
[2022-11-01 22:53:27,517] {logging_mixin.py:115} INFO - [2022-11-01 22:53:27,516] {dagbag.py:507} INFO - Filling up the DagBag from /home/nayara/Documentos/airflowalura/venv/lib/python3.9/site-packages/airflow/example_dags/example_branch_python_dop_operator_3.py
[2022-11-01 22:53:27,531] {processor.py:651} INFO - DAG(s) dict_keys(['example_branch_dop_operator_v3']) retrieved from /home/nayara/Documentos/airflowalura/venv/lib/python3.9/site-packages/airflow/example_dags/example_branch_python_dop_operator_3.py
[2022-11-01 22:53:27,565] {logging_mixin.py:115} INFO - [2022-11-01 22:53:27,565] {dag.py:2379} INFO - Sync 1 DAGs
[2022-11-01 22:53:27,601] {logging_mixin.py:115} INFO - [2022-11-01 22:53:27,601] {dag.py:2927} INFO - Setting next_dagrun for example_branch_dop_operator_v3 to 2022-11-02T01:52:00+00:00, run_after=2022-11-02T01:53:00+00:00
[2022-11-01 22:53:27,907] {processor.py:161} INFO - Processing /home/nayara/Documentos/airflowalura/venv/lib/python3.9/site-packages/airflow/example_dags/example_branch_python_dop_operator_3.py took 0.426 seconds
[2022-11-01 22:54:26,989] {processor.py:153} INFO - Started process (PID=19315) to work on /home/nayara/Documentos/airflowalura/venv/lib/python3.9/site-packages/airflow/example_dags/example_branch_python_dop_operator_3.py
[2022-11-01 22:54:27,066] {processor.py:641} INFO - Processing file /home/nayara/Documentos/airflowalura/venv/lib/python3.9/site-packages/airflow/example_dags/example_branch_python_dop_operator_3.py for tasks to queue
[2022-11-01 22:54:27,069] {logging_mixin.py:115} INFO - [2022-11-01 22:54:27,068] {dagbag.py:507} INFO - Filling up the DagBag from /home/nayara/Documentos/airflowalura/venv/lib/python3.9/site-packages/airflow/example_dags/example_branch_python_dop_operator_3.py
[2022-11-01 22:54:27,099] {processor.py:651} INFO - DAG(s) dict_keys(['example_branch_dop_operator_v3']) retrieved from /home/nayara/Documentos/airflowalura/venv/lib/python3.9/site-packages/airflow/example_dags/example_branch_python_dop_operator_3.py
[2022-11-01 22:54:27,119] {logging_mixin.py:115} INFO - [2022-11-01 22:54:27,119] {dag.py:2379} INFO - Sync 1 DAGs
[2022-11-01 22:54:27,145] {logging_mixin.py:115} INFO - [2022-11-01 22:54:27,145] {dag.py:2927} INFO - Setting next_dagrun for example_branch_dop_operator_v3 to 2022-11-02T01:53:00+00:00, run_after=2022-11-02T01:54:00+00:00
[2022-11-01 22:54:27,809] {processor.py:161} INFO - Processing /home/nayara/Documentos/airflowalura/venv/lib/python3.9/site-packages/airflow/example_dags/example_branch_python_dop_operator_3.py took 0.829 seconds
[2022-11-01 22:55:41,727] {processor.py:153} INFO - Started process (PID=19493) to work on /home/nayara/Documentos/airflowalura/venv/lib/python3.9/site-packages/airflow/example_dags/example_branch_python_dop_operator_3.py
[2022-11-01 22:55:41,759] {processor.py:641} INFO - Processing file /home/nayara/Documentos/airflowalura/venv/lib/python3.9/site-packages/airflow/example_dags/example_branch_python_dop_operator_3.py for tasks to queue
[2022-11-01 22:55:41,761] {logging_mixin.py:115} INFO - [2022-11-01 22:55:41,761] {dagbag.py:507} INFO - Filling up the DagBag from /home/nayara/Documentos/airflowalura/venv/lib/python3.9/site-packages/airflow/example_dags/example_branch_python_dop_operator_3.py
[2022-11-01 22:55:41,790] {processor.py:651} INFO - DAG(s) dict_keys(['example_branch_dop_operator_v3']) retrieved from /home/nayara/Documentos/airflowalura/venv/lib/python3.9/site-packages/airflow/example_dags/example_branch_python_dop_operator_3.py
[2022-11-01 22:55:41,810] {logging_mixin.py:115} INFO - [2022-11-01 22:55:41,810] {dag.py:2379} INFO - Sync 1 DAGs
[2022-11-01 22:55:41,833] {logging_mixin.py:115} INFO - [2022-11-01 22:55:41,833] {dag.py:2927} INFO - Setting next_dagrun for example_branch_dop_operator_v3 to 2022-11-02T01:54:00+00:00, run_after=2022-11-02T01:55:00+00:00
[2022-11-01 22:55:42,187] {processor.py:161} INFO - Processing /home/nayara/Documentos/airflowalura/venv/lib/python3.9/site-packages/airflow/example_dags/example_branch_python_dop_operator_3.py took 0.466 seconds
[2022-11-01 22:56:56,548] {processor.py:153} INFO - Started process (PID=19677) to work on /home/nayara/Documentos/airflowalura/venv/lib/python3.9/site-packages/airflow/example_dags/example_branch_python_dop_operator_3.py
[2022-11-01 22:56:56,605] {processor.py:641} INFO - Processing file /home/nayara/Documentos/airflowalura/venv/lib/python3.9/site-packages/airflow/example_dags/example_branch_python_dop_operator_3.py for tasks to queue
[2022-11-01 22:56:56,610] {logging_mixin.py:115} INFO - [2022-11-01 22:56:56,608] {dagbag.py:507} INFO - Filling up the DagBag from /home/nayara/Documentos/airflowalura/venv/lib/python3.9/site-packages/airflow/example_dags/example_branch_python_dop_operator_3.py
[2022-11-01 22:56:56,659] {processor.py:651} INFO - DAG(s) dict_keys(['example_branch_dop_operator_v3']) retrieved from /home/nayara/Documentos/airflowalura/venv/lib/python3.9/site-packages/airflow/example_dags/example_branch_python_dop_operator_3.py
[2022-11-01 22:56:56,810] {logging_mixin.py:115} INFO - [2022-11-01 22:56:56,809] {dag.py:2379} INFO - Sync 1 DAGs
[2022-11-01 22:56:56,864] {logging_mixin.py:115} INFO - [2022-11-01 22:56:56,864] {dag.py:2927} INFO - Setting next_dagrun for example_branch_dop_operator_v3 to 2022-11-02T01:55:00+00:00, run_after=2022-11-02T01:56:00+00:00
[2022-11-01 22:56:57,316] {processor.py:161} INFO - Processing /home/nayara/Documentos/airflowalura/venv/lib/python3.9/site-packages/airflow/example_dags/example_branch_python_dop_operator_3.py took 0.788 seconds
[2022-11-01 22:58:14,005] {processor.py:153} INFO - Started process (PID=19866) to work on /home/nayara/Documentos/airflowalura/venv/lib/python3.9/site-packages/airflow/example_dags/example_branch_python_dop_operator_3.py
[2022-11-01 22:58:14,023] {processor.py:641} INFO - Processing file /home/nayara/Documentos/airflowalura/venv/lib/python3.9/site-packages/airflow/example_dags/example_branch_python_dop_operator_3.py for tasks to queue
[2022-11-01 22:58:14,025] {logging_mixin.py:115} INFO - [2022-11-01 22:58:14,025] {dagbag.py:507} INFO - Filling up the DagBag from /home/nayara/Documentos/airflowalura/venv/lib/python3.9/site-packages/airflow/example_dags/example_branch_python_dop_operator_3.py
[2022-11-01 22:58:14,059] {processor.py:651} INFO - DAG(s) dict_keys(['example_branch_dop_operator_v3']) retrieved from /home/nayara/Documentos/airflowalura/venv/lib/python3.9/site-packages/airflow/example_dags/example_branch_python_dop_operator_3.py
[2022-11-01 22:58:14,081] {logging_mixin.py:115} INFO - [2022-11-01 22:58:14,081] {dag.py:2379} INFO - Sync 1 DAGs
[2022-11-01 22:58:14,106] {logging_mixin.py:115} INFO - [2022-11-01 22:58:14,106] {dag.py:2927} INFO - Setting next_dagrun for example_branch_dop_operator_v3 to 2022-11-02T01:57:00+00:00, run_after=2022-11-02T01:58:00+00:00
[2022-11-01 22:58:14,373] {processor.py:161} INFO - Processing /home/nayara/Documentos/airflowalura/venv/lib/python3.9/site-packages/airflow/example_dags/example_branch_python_dop_operator_3.py took 0.381 seconds
[2022-11-01 22:59:25,695] {processor.py:153} INFO - Started process (PID=20013) to work on /home/nayara/Documentos/airflowalura/venv/lib/python3.9/site-packages/airflow/example_dags/example_branch_python_dop_operator_3.py
[2022-11-01 22:59:25,725] {processor.py:641} INFO - Processing file /home/nayara/Documentos/airflowalura/venv/lib/python3.9/site-packages/airflow/example_dags/example_branch_python_dop_operator_3.py for tasks to queue
[2022-11-01 22:59:25,726] {logging_mixin.py:115} INFO - [2022-11-01 22:59:25,726] {dagbag.py:507} INFO - Filling up the DagBag from /home/nayara/Documentos/airflowalura/venv/lib/python3.9/site-packages/airflow/example_dags/example_branch_python_dop_operator_3.py
[2022-11-01 22:59:25,743] {processor.py:651} INFO - DAG(s) dict_keys(['example_branch_dop_operator_v3']) retrieved from /home/nayara/Documentos/airflowalura/venv/lib/python3.9/site-packages/airflow/example_dags/example_branch_python_dop_operator_3.py
[2022-11-01 22:59:25,767] {logging_mixin.py:115} INFO - [2022-11-01 22:59:25,767] {dag.py:2379} INFO - Sync 1 DAGs
[2022-11-01 22:59:25,794] {logging_mixin.py:115} INFO - [2022-11-01 22:59:25,793] {dag.py:2927} INFO - Setting next_dagrun for example_branch_dop_operator_v3 to 2022-11-02T01:58:00+00:00, run_after=2022-11-02T01:59:00+00:00
[2022-11-01 22:59:26,317] {processor.py:161} INFO - Processing /home/nayara/Documentos/airflowalura/venv/lib/python3.9/site-packages/airflow/example_dags/example_branch_python_dop_operator_3.py took 0.626 seconds
[2022-11-01 23:00:25,279] {processor.py:153} INFO - Started process (PID=20129) to work on /home/nayara/Documentos/airflowalura/venv/lib/python3.9/site-packages/airflow/example_dags/example_branch_python_dop_operator_3.py
[2022-11-01 23:00:25,309] {processor.py:641} INFO - Processing file /home/nayara/Documentos/airflowalura/venv/lib/python3.9/site-packages/airflow/example_dags/example_branch_python_dop_operator_3.py for tasks to queue
[2022-11-01 23:00:25,310] {logging_mixin.py:115} INFO - [2022-11-01 23:00:25,310] {dagbag.py:507} INFO - Filling up the DagBag from /home/nayara/Documentos/airflowalura/venv/lib/python3.9/site-packages/airflow/example_dags/example_branch_python_dop_operator_3.py
[2022-11-01 23:00:25,320] {processor.py:651} INFO - DAG(s) dict_keys(['example_branch_dop_operator_v3']) retrieved from /home/nayara/Documentos/airflowalura/venv/lib/python3.9/site-packages/airflow/example_dags/example_branch_python_dop_operator_3.py
[2022-11-01 23:00:25,339] {logging_mixin.py:115} INFO - [2022-11-01 23:00:25,339] {dag.py:2379} INFO - Sync 1 DAGs
[2022-11-01 23:00:25,363] {logging_mixin.py:115} INFO - [2022-11-01 23:00:25,362] {dag.py:2927} INFO - Setting next_dagrun for example_branch_dop_operator_v3 to 2022-11-02T01:59:00+00:00, run_after=2022-11-02T02:00:00+00:00
[2022-11-01 23:00:25,737] {processor.py:161} INFO - Processing /home/nayara/Documentos/airflowalura/venv/lib/python3.9/site-packages/airflow/example_dags/example_branch_python_dop_operator_3.py took 0.473 seconds
[2022-11-01 23:01:39,670] {processor.py:153} INFO - Started process (PID=20273) to work on /home/nayara/Documentos/airflowalura/venv/lib/python3.9/site-packages/airflow/example_dags/example_branch_python_dop_operator_3.py
[2022-11-01 23:01:39,733] {processor.py:641} INFO - Processing file /home/nayara/Documentos/airflowalura/venv/lib/python3.9/site-packages/airflow/example_dags/example_branch_python_dop_operator_3.py for tasks to queue
[2022-11-01 23:01:39,736] {logging_mixin.py:115} INFO - [2022-11-01 23:01:39,736] {dagbag.py:507} INFO - Filling up the DagBag from /home/nayara/Documentos/airflowalura/venv/lib/python3.9/site-packages/airflow/example_dags/example_branch_python_dop_operator_3.py
[2022-11-01 23:01:39,771] {processor.py:651} INFO - DAG(s) dict_keys(['example_branch_dop_operator_v3']) retrieved from /home/nayara/Documentos/airflowalura/venv/lib/python3.9/site-packages/airflow/example_dags/example_branch_python_dop_operator_3.py
[2022-11-01 23:01:39,798] {logging_mixin.py:115} INFO - [2022-11-01 23:01:39,798] {dag.py:2379} INFO - Sync 1 DAGs
[2022-11-01 23:01:39,824] {logging_mixin.py:115} INFO - [2022-11-01 23:01:39,824] {dag.py:2927} INFO - Setting next_dagrun for example_branch_dop_operator_v3 to 2022-11-02T02:00:00+00:00, run_after=2022-11-02T02:01:00+00:00
[2022-11-01 23:01:40,069] {processor.py:161} INFO - Processing /home/nayara/Documentos/airflowalura/venv/lib/python3.9/site-packages/airflow/example_dags/example_branch_python_dop_operator_3.py took 0.403 seconds
[2022-11-01 23:03:06,246] {processor.py:153} INFO - Started process (PID=20488) to work on /home/nayara/Documentos/airflowalura/venv/lib/python3.9/site-packages/airflow/example_dags/example_branch_python_dop_operator_3.py
[2022-11-01 23:03:06,331] {processor.py:641} INFO - Processing file /home/nayara/Documentos/airflowalura/venv/lib/python3.9/site-packages/airflow/example_dags/example_branch_python_dop_operator_3.py for tasks to queue
[2022-11-01 23:03:06,332] {logging_mixin.py:115} INFO - [2022-11-01 23:03:06,331] {dagbag.py:507} INFO - Filling up the DagBag from /home/nayara/Documentos/airflowalura/venv/lib/python3.9/site-packages/airflow/example_dags/example_branch_python_dop_operator_3.py
[2022-11-01 23:03:06,351] {processor.py:651} INFO - DAG(s) dict_keys(['example_branch_dop_operator_v3']) retrieved from /home/nayara/Documentos/airflowalura/venv/lib/python3.9/site-packages/airflow/example_dags/example_branch_python_dop_operator_3.py
[2022-11-01 23:03:06,670] {logging_mixin.py:115} INFO - [2022-11-01 23:03:06,669] {dag.py:2379} INFO - Sync 1 DAGs
[2022-11-01 23:03:06,749] {logging_mixin.py:115} INFO - [2022-11-01 23:03:06,748] {dag.py:2927} INFO - Setting next_dagrun for example_branch_dop_operator_v3 to 2022-11-02T02:02:00+00:00, run_after=2022-11-02T02:03:00+00:00
[2022-11-01 23:03:07,283] {processor.py:161} INFO - Processing /home/nayara/Documentos/airflowalura/venv/lib/python3.9/site-packages/airflow/example_dags/example_branch_python_dop_operator_3.py took 1.043 seconds
[2022-11-01 23:04:37,395] {processor.py:153} INFO - Started process (PID=20675) to work on /home/nayara/Documentos/airflowalura/venv/lib/python3.9/site-packages/airflow/example_dags/example_branch_python_dop_operator_3.py
[2022-11-01 23:04:37,453] {processor.py:641} INFO - Processing file /home/nayara/Documentos/airflowalura/venv/lib/python3.9/site-packages/airflow/example_dags/example_branch_python_dop_operator_3.py for tasks to queue
[2022-11-01 23:04:37,454] {logging_mixin.py:115} INFO - [2022-11-01 23:04:37,454] {dagbag.py:507} INFO - Filling up the DagBag from /home/nayara/Documentos/airflowalura/venv/lib/python3.9/site-packages/airflow/example_dags/example_branch_python_dop_operator_3.py
[2022-11-01 23:04:37,471] {processor.py:651} INFO - DAG(s) dict_keys(['example_branch_dop_operator_v3']) retrieved from /home/nayara/Documentos/airflowalura/venv/lib/python3.9/site-packages/airflow/example_dags/example_branch_python_dop_operator_3.py
[2022-11-01 23:04:37,494] {logging_mixin.py:115} INFO - [2022-11-01 23:04:37,494] {dag.py:2379} INFO - Sync 1 DAGs
[2022-11-01 23:04:37,529] {logging_mixin.py:115} INFO - [2022-11-01 23:04:37,529] {dag.py:2927} INFO - Setting next_dagrun for example_branch_dop_operator_v3 to 2022-11-02T02:03:00+00:00, run_after=2022-11-02T02:04:00+00:00
[2022-11-01 23:04:37,848] {processor.py:161} INFO - Processing /home/nayara/Documentos/airflowalura/venv/lib/python3.9/site-packages/airflow/example_dags/example_branch_python_dop_operator_3.py took 0.457 seconds
[2022-11-01 23:05:32,758] {processor.py:153} INFO - Started process (PID=20792) to work on /home/nayara/Documentos/airflowalura/venv/lib/python3.9/site-packages/airflow/example_dags/example_branch_python_dop_operator_3.py
[2022-11-01 23:05:32,782] {processor.py:641} INFO - Processing file /home/nayara/Documentos/airflowalura/venv/lib/python3.9/site-packages/airflow/example_dags/example_branch_python_dop_operator_3.py for tasks to queue
[2022-11-01 23:05:32,786] {logging_mixin.py:115} INFO - [2022-11-01 23:05:32,785] {dagbag.py:507} INFO - Filling up the DagBag from /home/nayara/Documentos/airflowalura/venv/lib/python3.9/site-packages/airflow/example_dags/example_branch_python_dop_operator_3.py
[2022-11-01 23:05:32,840] {processor.py:651} INFO - DAG(s) dict_keys(['example_branch_dop_operator_v3']) retrieved from /home/nayara/Documentos/airflowalura/venv/lib/python3.9/site-packages/airflow/example_dags/example_branch_python_dop_operator_3.py
[2022-11-01 23:05:32,868] {logging_mixin.py:115} INFO - [2022-11-01 23:05:32,868] {dag.py:2379} INFO - Sync 1 DAGs
[2022-11-01 23:05:32,891] {logging_mixin.py:115} INFO - [2022-11-01 23:05:32,891] {dag.py:2927} INFO - Setting next_dagrun for example_branch_dop_operator_v3 to 2022-11-02T02:04:00+00:00, run_after=2022-11-02T02:05:00+00:00
[2022-11-01 23:05:33,307] {processor.py:161} INFO - Processing /home/nayara/Documentos/airflowalura/venv/lib/python3.9/site-packages/airflow/example_dags/example_branch_python_dop_operator_3.py took 0.556 seconds
[2022-11-01 23:06:51,729] {processor.py:153} INFO - Started process (PID=20981) to work on /home/nayara/Documentos/airflowalura/venv/lib/python3.9/site-packages/airflow/example_dags/example_branch_python_dop_operator_3.py
[2022-11-01 23:06:51,771] {processor.py:641} INFO - Processing file /home/nayara/Documentos/airflowalura/venv/lib/python3.9/site-packages/airflow/example_dags/example_branch_python_dop_operator_3.py for tasks to queue
[2022-11-01 23:06:51,774] {logging_mixin.py:115} INFO - [2022-11-01 23:06:51,774] {dagbag.py:507} INFO - Filling up the DagBag from /home/nayara/Documentos/airflowalura/venv/lib/python3.9/site-packages/airflow/example_dags/example_branch_python_dop_operator_3.py
[2022-11-01 23:06:51,823] {processor.py:651} INFO - DAG(s) dict_keys(['example_branch_dop_operator_v3']) retrieved from /home/nayara/Documentos/airflowalura/venv/lib/python3.9/site-packages/airflow/example_dags/example_branch_python_dop_operator_3.py
[2022-11-01 23:06:51,850] {logging_mixin.py:115} INFO - [2022-11-01 23:06:51,850] {dag.py:2379} INFO - Sync 1 DAGs
[2022-11-01 23:06:51,882] {logging_mixin.py:115} INFO - [2022-11-01 23:06:51,882] {dag.py:2927} INFO - Setting next_dagrun for example_branch_dop_operator_v3 to 2022-11-02T02:05:00+00:00, run_after=2022-11-02T02:06:00+00:00
[2022-11-01 23:06:52,701] {processor.py:161} INFO - Processing /home/nayara/Documentos/airflowalura/venv/lib/python3.9/site-packages/airflow/example_dags/example_branch_python_dop_operator_3.py took 0.990 seconds
[2022-11-01 23:07:49,850] {processor.py:153} INFO - Started process (PID=21101) to work on /home/nayara/Documentos/airflowalura/venv/lib/python3.9/site-packages/airflow/example_dags/example_branch_python_dop_operator_3.py
[2022-11-01 23:07:49,870] {processor.py:641} INFO - Processing file /home/nayara/Documentos/airflowalura/venv/lib/python3.9/site-packages/airflow/example_dags/example_branch_python_dop_operator_3.py for tasks to queue
[2022-11-01 23:07:49,870] {logging_mixin.py:115} INFO - [2022-11-01 23:07:49,870] {dagbag.py:507} INFO - Filling up the DagBag from /home/nayara/Documentos/airflowalura/venv/lib/python3.9/site-packages/airflow/example_dags/example_branch_python_dop_operator_3.py
[2022-11-01 23:07:49,882] {processor.py:651} INFO - DAG(s) dict_keys(['example_branch_dop_operator_v3']) retrieved from /home/nayara/Documentos/airflowalura/venv/lib/python3.9/site-packages/airflow/example_dags/example_branch_python_dop_operator_3.py
[2022-11-01 23:07:49,901] {logging_mixin.py:115} INFO - [2022-11-01 23:07:49,900] {dag.py:2379} INFO - Sync 1 DAGs
[2022-11-01 23:07:49,925] {logging_mixin.py:115} INFO - [2022-11-01 23:07:49,924] {dag.py:2927} INFO - Setting next_dagrun for example_branch_dop_operator_v3 to 2022-11-02T02:06:00+00:00, run_after=2022-11-02T02:07:00+00:00
[2022-11-01 23:07:50,235] {processor.py:161} INFO - Processing /home/nayara/Documentos/airflowalura/venv/lib/python3.9/site-packages/airflow/example_dags/example_branch_python_dop_operator_3.py took 0.388 seconds
[2022-11-01 23:08:51,922] {processor.py:153} INFO - Started process (PID=21215) to work on /home/nayara/Documentos/airflowalura/venv/lib/python3.9/site-packages/airflow/example_dags/example_branch_python_dop_operator_3.py
[2022-11-01 23:08:51,941] {processor.py:641} INFO - Processing file /home/nayara/Documentos/airflowalura/venv/lib/python3.9/site-packages/airflow/example_dags/example_branch_python_dop_operator_3.py for tasks to queue
[2022-11-01 23:08:51,944] {logging_mixin.py:115} INFO - [2022-11-01 23:08:51,943] {dagbag.py:507} INFO - Filling up the DagBag from /home/nayara/Documentos/airflowalura/venv/lib/python3.9/site-packages/airflow/example_dags/example_branch_python_dop_operator_3.py
[2022-11-01 23:08:51,973] {processor.py:651} INFO - DAG(s) dict_keys(['example_branch_dop_operator_v3']) retrieved from /home/nayara/Documentos/airflowalura/venv/lib/python3.9/site-packages/airflow/example_dags/example_branch_python_dop_operator_3.py
[2022-11-01 23:08:51,994] {logging_mixin.py:115} INFO - [2022-11-01 23:08:51,993] {dag.py:2379} INFO - Sync 1 DAGs
[2022-11-01 23:08:52,016] {logging_mixin.py:115} INFO - [2022-11-01 23:08:52,016] {dag.py:2927} INFO - Setting next_dagrun for example_branch_dop_operator_v3 to 2022-11-02T02:07:00+00:00, run_after=2022-11-02T02:08:00+00:00
[2022-11-01 23:08:52,310] {processor.py:161} INFO - Processing /home/nayara/Documentos/airflowalura/venv/lib/python3.9/site-packages/airflow/example_dags/example_branch_python_dop_operator_3.py took 0.406 seconds
[2022-11-01 23:10:25,499] {processor.py:153} INFO - Started process (PID=21497) to work on /home/nayara/Documentos/airflowalura/venv/lib/python3.9/site-packages/airflow/example_dags/example_branch_python_dop_operator_3.py
[2022-11-01 23:10:25,560] {processor.py:641} INFO - Processing file /home/nayara/Documentos/airflowalura/venv/lib/python3.9/site-packages/airflow/example_dags/example_branch_python_dop_operator_3.py for tasks to queue
[2022-11-01 23:10:25,564] {logging_mixin.py:115} INFO - [2022-11-01 23:10:25,563] {dagbag.py:507} INFO - Filling up the DagBag from /home/nayara/Documentos/airflowalura/venv/lib/python3.9/site-packages/airflow/example_dags/example_branch_python_dop_operator_3.py
[2022-11-01 23:10:25,612] {processor.py:651} INFO - DAG(s) dict_keys(['example_branch_dop_operator_v3']) retrieved from /home/nayara/Documentos/airflowalura/venv/lib/python3.9/site-packages/airflow/example_dags/example_branch_python_dop_operator_3.py
[2022-11-01 23:10:25,641] {logging_mixin.py:115} INFO - [2022-11-01 23:10:25,641] {dag.py:2379} INFO - Sync 1 DAGs
[2022-11-01 23:10:25,670] {logging_mixin.py:115} INFO - [2022-11-01 23:10:25,670] {dag.py:2927} INFO - Setting next_dagrun for example_branch_dop_operator_v3 to 2022-11-02T02:09:00+00:00, run_after=2022-11-02T02:10:00+00:00
[2022-11-01 23:10:26,357] {processor.py:161} INFO - Processing /home/nayara/Documentos/airflowalura/venv/lib/python3.9/site-packages/airflow/example_dags/example_branch_python_dop_operator_3.py took 0.877 seconds
[2022-11-01 23:11:59,662] {processor.py:153} INFO - Started process (PID=21743) to work on /home/nayara/Documentos/airflowalura/venv/lib/python3.9/site-packages/airflow/example_dags/example_branch_python_dop_operator_3.py
[2022-11-01 23:11:59,676] {processor.py:641} INFO - Processing file /home/nayara/Documentos/airflowalura/venv/lib/python3.9/site-packages/airflow/example_dags/example_branch_python_dop_operator_3.py for tasks to queue
[2022-11-01 23:11:59,677] {logging_mixin.py:115} INFO - [2022-11-01 23:11:59,677] {dagbag.py:507} INFO - Filling up the DagBag from /home/nayara/Documentos/airflowalura/venv/lib/python3.9/site-packages/airflow/example_dags/example_branch_python_dop_operator_3.py
[2022-11-01 23:11:59,694] {processor.py:651} INFO - DAG(s) dict_keys(['example_branch_dop_operator_v3']) retrieved from /home/nayara/Documentos/airflowalura/venv/lib/python3.9/site-packages/airflow/example_dags/example_branch_python_dop_operator_3.py
[2022-11-01 23:11:59,726] {logging_mixin.py:115} INFO - [2022-11-01 23:11:59,726] {dag.py:2379} INFO - Sync 1 DAGs
[2022-11-01 23:11:59,762] {logging_mixin.py:115} INFO - [2022-11-01 23:11:59,762] {dag.py:2927} INFO - Setting next_dagrun for example_branch_dop_operator_v3 to 2022-11-02T02:10:00+00:00, run_after=2022-11-02T02:11:00+00:00
[2022-11-01 23:12:00,299] {processor.py:161} INFO - Processing /home/nayara/Documentos/airflowalura/venv/lib/python3.9/site-packages/airflow/example_dags/example_branch_python_dop_operator_3.py took 0.642 seconds
[2022-11-01 23:13:18,414] {processor.py:153} INFO - Started process (PID=21896) to work on /home/nayara/Documentos/airflowalura/venv/lib/python3.9/site-packages/airflow/example_dags/example_branch_python_dop_operator_3.py
[2022-11-01 23:13:18,443] {processor.py:641} INFO - Processing file /home/nayara/Documentos/airflowalura/venv/lib/python3.9/site-packages/airflow/example_dags/example_branch_python_dop_operator_3.py for tasks to queue
[2022-11-01 23:13:18,445] {logging_mixin.py:115} INFO - [2022-11-01 23:13:18,444] {dagbag.py:507} INFO - Filling up the DagBag from /home/nayara/Documentos/airflowalura/venv/lib/python3.9/site-packages/airflow/example_dags/example_branch_python_dop_operator_3.py
[2022-11-01 23:13:18,472] {processor.py:651} INFO - DAG(s) dict_keys(['example_branch_dop_operator_v3']) retrieved from /home/nayara/Documentos/airflowalura/venv/lib/python3.9/site-packages/airflow/example_dags/example_branch_python_dop_operator_3.py
[2022-11-01 23:13:18,503] {logging_mixin.py:115} INFO - [2022-11-01 23:13:18,503] {dag.py:2379} INFO - Sync 1 DAGs
[2022-11-01 23:13:18,532] {logging_mixin.py:115} INFO - [2022-11-01 23:13:18,532] {dag.py:2927} INFO - Setting next_dagrun for example_branch_dop_operator_v3 to 2022-11-02T02:12:00+00:00, run_after=2022-11-02T02:13:00+00:00
[2022-11-01 23:13:18,810] {processor.py:161} INFO - Processing /home/nayara/Documentos/airflowalura/venv/lib/python3.9/site-packages/airflow/example_dags/example_branch_python_dop_operator_3.py took 0.411 seconds
[2022-11-01 23:14:29,467] {processor.py:153} INFO - Started process (PID=22099) to work on /home/nayara/Documentos/airflowalura/venv/lib/python3.9/site-packages/airflow/example_dags/example_branch_python_dop_operator_3.py
[2022-11-01 23:14:29,475] {processor.py:641} INFO - Processing file /home/nayara/Documentos/airflowalura/venv/lib/python3.9/site-packages/airflow/example_dags/example_branch_python_dop_operator_3.py for tasks to queue
[2022-11-01 23:14:29,478] {logging_mixin.py:115} INFO - [2022-11-01 23:14:29,477] {dagbag.py:507} INFO - Filling up the DagBag from /home/nayara/Documentos/airflowalura/venv/lib/python3.9/site-packages/airflow/example_dags/example_branch_python_dop_operator_3.py
[2022-11-01 23:14:29,498] {processor.py:651} INFO - DAG(s) dict_keys(['example_branch_dop_operator_v3']) retrieved from /home/nayara/Documentos/airflowalura/venv/lib/python3.9/site-packages/airflow/example_dags/example_branch_python_dop_operator_3.py
[2022-11-01 23:14:29,516] {logging_mixin.py:115} INFO - [2022-11-01 23:14:29,516] {dag.py:2379} INFO - Sync 1 DAGs
[2022-11-01 23:14:29,540] {logging_mixin.py:115} INFO - [2022-11-01 23:14:29,540] {dag.py:2927} INFO - Setting next_dagrun for example_branch_dop_operator_v3 to 2022-11-02T02:13:00+00:00, run_after=2022-11-02T02:14:00+00:00
[2022-11-01 23:14:29,977] {processor.py:161} INFO - Processing /home/nayara/Documentos/airflowalura/venv/lib/python3.9/site-packages/airflow/example_dags/example_branch_python_dop_operator_3.py took 0.523 seconds
[2022-11-01 23:15:31,537] {processor.py:153} INFO - Started process (PID=22238) to work on /home/nayara/Documentos/airflowalura/venv/lib/python3.9/site-packages/airflow/example_dags/example_branch_python_dop_operator_3.py
[2022-11-01 23:15:31,555] {processor.py:641} INFO - Processing file /home/nayara/Documentos/airflowalura/venv/lib/python3.9/site-packages/airflow/example_dags/example_branch_python_dop_operator_3.py for tasks to queue
[2022-11-01 23:15:31,559] {logging_mixin.py:115} INFO - [2022-11-01 23:15:31,558] {dagbag.py:507} INFO - Filling up the DagBag from /home/nayara/Documentos/airflowalura/venv/lib/python3.9/site-packages/airflow/example_dags/example_branch_python_dop_operator_3.py
[2022-11-01 23:15:31,619] {processor.py:651} INFO - DAG(s) dict_keys(['example_branch_dop_operator_v3']) retrieved from /home/nayara/Documentos/airflowalura/venv/lib/python3.9/site-packages/airflow/example_dags/example_branch_python_dop_operator_3.py
[2022-11-01 23:15:31,655] {logging_mixin.py:115} INFO - [2022-11-01 23:15:31,655] {dag.py:2379} INFO - Sync 1 DAGs
[2022-11-01 23:15:31,689] {logging_mixin.py:115} INFO - [2022-11-01 23:15:31,689] {dag.py:2927} INFO - Setting next_dagrun for example_branch_dop_operator_v3 to 2022-11-02T02:14:00+00:00, run_after=2022-11-02T02:15:00+00:00
[2022-11-01 23:15:32,124] {processor.py:161} INFO - Processing /home/nayara/Documentos/airflowalura/venv/lib/python3.9/site-packages/airflow/example_dags/example_branch_python_dop_operator_3.py took 0.595 seconds
[2022-11-01 23:16:30,300] {processor.py:153} INFO - Started process (PID=22368) to work on /home/nayara/Documentos/airflowalura/venv/lib/python3.9/site-packages/airflow/example_dags/example_branch_python_dop_operator_3.py
[2022-11-01 23:16:30,327] {processor.py:641} INFO - Processing file /home/nayara/Documentos/airflowalura/venv/lib/python3.9/site-packages/airflow/example_dags/example_branch_python_dop_operator_3.py for tasks to queue
[2022-11-01 23:16:30,329] {logging_mixin.py:115} INFO - [2022-11-01 23:16:30,328] {dagbag.py:507} INFO - Filling up the DagBag from /home/nayara/Documentos/airflowalura/venv/lib/python3.9/site-packages/airflow/example_dags/example_branch_python_dop_operator_3.py
[2022-11-01 23:16:30,345] {processor.py:651} INFO - DAG(s) dict_keys(['example_branch_dop_operator_v3']) retrieved from /home/nayara/Documentos/airflowalura/venv/lib/python3.9/site-packages/airflow/example_dags/example_branch_python_dop_operator_3.py
[2022-11-01 23:16:30,368] {logging_mixin.py:115} INFO - [2022-11-01 23:16:30,368] {dag.py:2379} INFO - Sync 1 DAGs
[2022-11-01 23:16:30,404] {logging_mixin.py:115} INFO - [2022-11-01 23:16:30,403] {dag.py:2927} INFO - Setting next_dagrun for example_branch_dop_operator_v3 to 2022-11-02T02:15:00+00:00, run_after=2022-11-02T02:16:00+00:00
[2022-11-01 23:16:31,076] {processor.py:161} INFO - Processing /home/nayara/Documentos/airflowalura/venv/lib/python3.9/site-packages/airflow/example_dags/example_branch_python_dop_operator_3.py took 0.785 seconds
[2022-11-01 23:17:37,895] {processor.py:153} INFO - Started process (PID=22521) to work on /home/nayara/Documentos/airflowalura/venv/lib/python3.9/site-packages/airflow/example_dags/example_branch_python_dop_operator_3.py
[2022-11-01 23:17:38,078] {processor.py:641} INFO - Processing file /home/nayara/Documentos/airflowalura/venv/lib/python3.9/site-packages/airflow/example_dags/example_branch_python_dop_operator_3.py for tasks to queue
[2022-11-01 23:17:38,082] {logging_mixin.py:115} INFO - [2022-11-01 23:17:38,081] {dagbag.py:507} INFO - Filling up the DagBag from /home/nayara/Documentos/airflowalura/venv/lib/python3.9/site-packages/airflow/example_dags/example_branch_python_dop_operator_3.py
[2022-11-01 23:17:38,145] {processor.py:651} INFO - DAG(s) dict_keys(['example_branch_dop_operator_v3']) retrieved from /home/nayara/Documentos/airflowalura/venv/lib/python3.9/site-packages/airflow/example_dags/example_branch_python_dop_operator_3.py
[2022-11-01 23:17:38,178] {logging_mixin.py:115} INFO - [2022-11-01 23:17:38,178] {dag.py:2379} INFO - Sync 1 DAGs
[2022-11-01 23:17:38,214] {logging_mixin.py:115} INFO - [2022-11-01 23:17:38,214] {dag.py:2927} INFO - Setting next_dagrun for example_branch_dop_operator_v3 to 2022-11-02T02:16:00+00:00, run_after=2022-11-02T02:17:00+00:00
[2022-11-01 23:17:39,087] {processor.py:161} INFO - Processing /home/nayara/Documentos/airflowalura/venv/lib/python3.9/site-packages/airflow/example_dags/example_branch_python_dop_operator_3.py took 1.210 seconds
[2022-11-01 23:18:59,923] {processor.py:153} INFO - Started process (PID=22671) to work on /home/nayara/Documentos/airflowalura/venv/lib/python3.9/site-packages/airflow/example_dags/example_branch_python_dop_operator_3.py
[2022-11-01 23:18:59,934] {processor.py:641} INFO - Processing file /home/nayara/Documentos/airflowalura/venv/lib/python3.9/site-packages/airflow/example_dags/example_branch_python_dop_operator_3.py for tasks to queue
[2022-11-01 23:18:59,935] {logging_mixin.py:115} INFO - [2022-11-01 23:18:59,934] {dagbag.py:507} INFO - Filling up the DagBag from /home/nayara/Documentos/airflowalura/venv/lib/python3.9/site-packages/airflow/example_dags/example_branch_python_dop_operator_3.py
[2022-11-01 23:18:59,946] {processor.py:651} INFO - DAG(s) dict_keys(['example_branch_dop_operator_v3']) retrieved from /home/nayara/Documentos/airflowalura/venv/lib/python3.9/site-packages/airflow/example_dags/example_branch_python_dop_operator_3.py
[2022-11-01 23:18:59,964] {logging_mixin.py:115} INFO - [2022-11-01 23:18:59,964] {dag.py:2379} INFO - Sync 1 DAGs
[2022-11-01 23:18:59,987] {logging_mixin.py:115} INFO - [2022-11-01 23:18:59,987] {dag.py:2927} INFO - Setting next_dagrun for example_branch_dop_operator_v3 to 2022-11-02T02:17:00+00:00, run_after=2022-11-02T02:18:00+00:00
[2022-11-01 23:19:00,301] {processor.py:161} INFO - Processing /home/nayara/Documentos/airflowalura/venv/lib/python3.9/site-packages/airflow/example_dags/example_branch_python_dop_operator_3.py took 0.391 seconds
[2022-11-01 23:20:00,169] {processor.py:153} INFO - Started process (PID=22798) to work on /home/nayara/Documentos/airflowalura/venv/lib/python3.9/site-packages/airflow/example_dags/example_branch_python_dop_operator_3.py
[2022-11-01 23:20:00,193] {processor.py:641} INFO - Processing file /home/nayara/Documentos/airflowalura/venv/lib/python3.9/site-packages/airflow/example_dags/example_branch_python_dop_operator_3.py for tasks to queue
[2022-11-01 23:20:00,196] {logging_mixin.py:115} INFO - [2022-11-01 23:20:00,196] {dagbag.py:507} INFO - Filling up the DagBag from /home/nayara/Documentos/airflowalura/venv/lib/python3.9/site-packages/airflow/example_dags/example_branch_python_dop_operator_3.py
[2022-11-01 23:20:00,245] {processor.py:651} INFO - DAG(s) dict_keys(['example_branch_dop_operator_v3']) retrieved from /home/nayara/Documentos/airflowalura/venv/lib/python3.9/site-packages/airflow/example_dags/example_branch_python_dop_operator_3.py
[2022-11-01 23:20:00,275] {logging_mixin.py:115} INFO - [2022-11-01 23:20:00,275] {dag.py:2379} INFO - Sync 1 DAGs
[2022-11-01 23:20:00,312] {logging_mixin.py:115} INFO - [2022-11-01 23:20:00,312] {dag.py:2927} INFO - Setting next_dagrun for example_branch_dop_operator_v3 to 2022-11-02T02:19:00+00:00, run_after=2022-11-02T02:20:00+00:00
[2022-11-01 23:20:00,758] {processor.py:161} INFO - Processing /home/nayara/Documentos/airflowalura/venv/lib/python3.9/site-packages/airflow/example_dags/example_branch_python_dop_operator_3.py took 0.605 seconds
[2022-11-01 23:21:13,602] {processor.py:153} INFO - Started process (PID=23037) to work on /home/nayara/Documentos/airflowalura/venv/lib/python3.9/site-packages/airflow/example_dags/example_branch_python_dop_operator_3.py
[2022-11-01 23:21:13,621] {processor.py:641} INFO - Processing file /home/nayara/Documentos/airflowalura/venv/lib/python3.9/site-packages/airflow/example_dags/example_branch_python_dop_operator_3.py for tasks to queue
[2022-11-01 23:21:13,622] {logging_mixin.py:115} INFO - [2022-11-01 23:21:13,622] {dagbag.py:507} INFO - Filling up the DagBag from /home/nayara/Documentos/airflowalura/venv/lib/python3.9/site-packages/airflow/example_dags/example_branch_python_dop_operator_3.py
[2022-11-01 23:21:13,636] {processor.py:651} INFO - DAG(s) dict_keys(['example_branch_dop_operator_v3']) retrieved from /home/nayara/Documentos/airflowalura/venv/lib/python3.9/site-packages/airflow/example_dags/example_branch_python_dop_operator_3.py
[2022-11-01 23:21:13,668] {logging_mixin.py:115} INFO - [2022-11-01 23:21:13,668] {dag.py:2379} INFO - Sync 1 DAGs
[2022-11-01 23:21:13,706] {logging_mixin.py:115} INFO - [2022-11-01 23:21:13,706] {dag.py:2927} INFO - Setting next_dagrun for example_branch_dop_operator_v3 to 2022-11-02T02:20:00+00:00, run_after=2022-11-02T02:21:00+00:00
[2022-11-01 23:21:14,171] {processor.py:161} INFO - Processing /home/nayara/Documentos/airflowalura/venv/lib/python3.9/site-packages/airflow/example_dags/example_branch_python_dop_operator_3.py took 0.574 seconds
