[2022-11-01 22:40:20,371] {processor.py:153} INFO - Started process (PID=17734) to work on /home/nayara/Documentos/airflowalura/venv/lib/python3.9/site-packages/airflow/example_dags/tutorial_taskflow_api_etl.py
[2022-11-01 22:40:20,373] {processor.py:641} INFO - Processing file /home/nayara/Documentos/airflowalura/venv/lib/python3.9/site-packages/airflow/example_dags/tutorial_taskflow_api_etl.py for tasks to queue
[2022-11-01 22:40:20,380] {logging_mixin.py:115} INFO - [2022-11-01 22:40:20,380] {dagbag.py:507} INFO - Filling up the DagBag from /home/nayara/Documentos/airflowalura/venv/lib/python3.9/site-packages/airflow/example_dags/tutorial_taskflow_api_etl.py
[2022-11-01 22:40:20,563] {processor.py:651} INFO - DAG(s) dict_keys(['tutorial_taskflow_api_etl']) retrieved from /home/nayara/Documentos/airflowalura/venv/lib/python3.9/site-packages/airflow/example_dags/tutorial_taskflow_api_etl.py
[2022-11-01 22:40:20,710] {logging_mixin.py:115} INFO - [2022-11-01 22:40:20,710] {dag.py:2379} INFO - Sync 1 DAGs
[2022-11-01 22:40:20,737] {logging_mixin.py:115} INFO - [2022-11-01 22:40:20,737] {dag.py:2927} INFO - Setting next_dagrun for tutorial_taskflow_api_etl to None, run_after=None
[2022-11-01 22:40:21,051] {processor.py:161} INFO - Processing /home/nayara/Documentos/airflowalura/venv/lib/python3.9/site-packages/airflow/example_dags/tutorial_taskflow_api_etl.py took 0.700 seconds
[2022-11-01 22:42:44,381] {processor.py:153} INFO - Started process (PID=17958) to work on /home/nayara/Documentos/airflowalura/venv/lib/python3.9/site-packages/airflow/example_dags/tutorial_taskflow_api_etl.py
[2022-11-01 22:42:44,437] {processor.py:641} INFO - Processing file /home/nayara/Documentos/airflowalura/venv/lib/python3.9/site-packages/airflow/example_dags/tutorial_taskflow_api_etl.py for tasks to queue
[2022-11-01 22:42:44,442] {logging_mixin.py:115} INFO - [2022-11-01 22:42:44,441] {dagbag.py:507} INFO - Filling up the DagBag from /home/nayara/Documentos/airflowalura/venv/lib/python3.9/site-packages/airflow/example_dags/tutorial_taskflow_api_etl.py
[2022-11-01 22:42:44,559] {processor.py:651} INFO - DAG(s) dict_keys(['tutorial_taskflow_api_etl']) retrieved from /home/nayara/Documentos/airflowalura/venv/lib/python3.9/site-packages/airflow/example_dags/tutorial_taskflow_api_etl.py
[2022-11-01 22:42:45,434] {logging_mixin.py:115} INFO - [2022-11-01 22:42:45,434] {dag.py:2379} INFO - Sync 1 DAGs
[2022-11-01 22:42:45,489] {logging_mixin.py:115} INFO - [2022-11-01 22:42:45,489] {dag.py:2927} INFO - Setting next_dagrun for tutorial_taskflow_api_etl to None, run_after=None
[2022-11-01 22:42:46,246] {processor.py:161} INFO - Processing /home/nayara/Documentos/airflowalura/venv/lib/python3.9/site-packages/airflow/example_dags/tutorial_taskflow_api_etl.py took 1.870 seconds
[2022-11-01 22:43:45,037] {processor.py:153} INFO - Started process (PID=18050) to work on /home/nayara/Documentos/airflowalura/venv/lib/python3.9/site-packages/airflow/example_dags/tutorial_taskflow_api_etl.py
[2022-11-01 22:43:45,076] {processor.py:641} INFO - Processing file /home/nayara/Documentos/airflowalura/venv/lib/python3.9/site-packages/airflow/example_dags/tutorial_taskflow_api_etl.py for tasks to queue
[2022-11-01 22:43:45,080] {logging_mixin.py:115} INFO - [2022-11-01 22:43:45,080] {dagbag.py:507} INFO - Filling up the DagBag from /home/nayara/Documentos/airflowalura/venv/lib/python3.9/site-packages/airflow/example_dags/tutorial_taskflow_api_etl.py
[2022-11-01 22:43:45,130] {processor.py:651} INFO - DAG(s) dict_keys(['tutorial_taskflow_api_etl']) retrieved from /home/nayara/Documentos/airflowalura/venv/lib/python3.9/site-packages/airflow/example_dags/tutorial_taskflow_api_etl.py
[2022-11-01 22:43:45,164] {logging_mixin.py:115} INFO - [2022-11-01 22:43:45,164] {dag.py:2379} INFO - Sync 1 DAGs
[2022-11-01 22:43:45,198] {logging_mixin.py:115} INFO - [2022-11-01 22:43:45,197] {dag.py:2927} INFO - Setting next_dagrun for tutorial_taskflow_api_etl to None, run_after=None
[2022-11-01 22:43:45,810] {processor.py:161} INFO - Processing /home/nayara/Documentos/airflowalura/venv/lib/python3.9/site-packages/airflow/example_dags/tutorial_taskflow_api_etl.py took 0.778 seconds
[2022-11-01 22:45:05,012] {processor.py:153} INFO - Started process (PID=18180) to work on /home/nayara/Documentos/airflowalura/venv/lib/python3.9/site-packages/airflow/example_dags/tutorial_taskflow_api_etl.py
[2022-11-01 22:45:05,070] {processor.py:641} INFO - Processing file /home/nayara/Documentos/airflowalura/venv/lib/python3.9/site-packages/airflow/example_dags/tutorial_taskflow_api_etl.py for tasks to queue
[2022-11-01 22:45:05,071] {logging_mixin.py:115} INFO - [2022-11-01 22:45:05,071] {dagbag.py:507} INFO - Filling up the DagBag from /home/nayara/Documentos/airflowalura/venv/lib/python3.9/site-packages/airflow/example_dags/tutorial_taskflow_api_etl.py
[2022-11-01 22:45:05,122] {processor.py:651} INFO - DAG(s) dict_keys(['tutorial_taskflow_api_etl']) retrieved from /home/nayara/Documentos/airflowalura/venv/lib/python3.9/site-packages/airflow/example_dags/tutorial_taskflow_api_etl.py
[2022-11-01 22:45:05,228] {logging_mixin.py:115} INFO - [2022-11-01 22:45:05,227] {dag.py:2379} INFO - Sync 1 DAGs
[2022-11-01 22:45:05,257] {logging_mixin.py:115} INFO - [2022-11-01 22:45:05,257] {dag.py:2927} INFO - Setting next_dagrun for tutorial_taskflow_api_etl to None, run_after=None
[2022-11-01 22:45:05,873] {processor.py:161} INFO - Processing /home/nayara/Documentos/airflowalura/venv/lib/python3.9/site-packages/airflow/example_dags/tutorial_taskflow_api_etl.py took 0.869 seconds
[2022-11-01 22:46:05,252] {processor.py:153} INFO - Started process (PID=18286) to work on /home/nayara/Documentos/airflowalura/venv/lib/python3.9/site-packages/airflow/example_dags/tutorial_taskflow_api_etl.py
[2022-11-01 22:46:05,255] {processor.py:641} INFO - Processing file /home/nayara/Documentos/airflowalura/venv/lib/python3.9/site-packages/airflow/example_dags/tutorial_taskflow_api_etl.py for tasks to queue
[2022-11-01 22:46:05,256] {logging_mixin.py:115} INFO - [2022-11-01 22:46:05,256] {dagbag.py:507} INFO - Filling up the DagBag from /home/nayara/Documentos/airflowalura/venv/lib/python3.9/site-packages/airflow/example_dags/tutorial_taskflow_api_etl.py
[2022-11-01 22:46:05,304] {processor.py:651} INFO - DAG(s) dict_keys(['tutorial_taskflow_api_etl']) retrieved from /home/nayara/Documentos/airflowalura/venv/lib/python3.9/site-packages/airflow/example_dags/tutorial_taskflow_api_etl.py
[2022-11-01 22:46:05,404] {logging_mixin.py:115} INFO - [2022-11-01 22:46:05,404] {dag.py:2379} INFO - Sync 1 DAGs
[2022-11-01 22:46:05,438] {logging_mixin.py:115} INFO - [2022-11-01 22:46:05,437] {dag.py:2927} INFO - Setting next_dagrun for tutorial_taskflow_api_etl to None, run_after=None
[2022-11-01 22:46:05,641] {processor.py:161} INFO - Processing /home/nayara/Documentos/airflowalura/venv/lib/python3.9/site-packages/airflow/example_dags/tutorial_taskflow_api_etl.py took 0.396 seconds
[2022-11-01 22:47:14,340] {processor.py:153} INFO - Started process (PID=18453) to work on /home/nayara/Documentos/airflowalura/venv/lib/python3.9/site-packages/airflow/example_dags/tutorial_taskflow_api_etl.py
[2022-11-01 22:47:14,399] {processor.py:641} INFO - Processing file /home/nayara/Documentos/airflowalura/venv/lib/python3.9/site-packages/airflow/example_dags/tutorial_taskflow_api_etl.py for tasks to queue
[2022-11-01 22:47:14,400] {logging_mixin.py:115} INFO - [2022-11-01 22:47:14,400] {dagbag.py:507} INFO - Filling up the DagBag from /home/nayara/Documentos/airflowalura/venv/lib/python3.9/site-packages/airflow/example_dags/tutorial_taskflow_api_etl.py
[2022-11-01 22:47:14,449] {processor.py:651} INFO - DAG(s) dict_keys(['tutorial_taskflow_api_etl']) retrieved from /home/nayara/Documentos/airflowalura/venv/lib/python3.9/site-packages/airflow/example_dags/tutorial_taskflow_api_etl.py
[2022-11-01 22:47:14,482] {logging_mixin.py:115} INFO - [2022-11-01 22:47:14,482] {dag.py:2379} INFO - Sync 1 DAGs
[2022-11-01 22:47:14,516] {logging_mixin.py:115} INFO - [2022-11-01 22:47:14,516] {dag.py:2927} INFO - Setting next_dagrun for tutorial_taskflow_api_etl to None, run_after=None
[2022-11-01 22:47:14,826] {processor.py:161} INFO - Processing /home/nayara/Documentos/airflowalura/venv/lib/python3.9/site-packages/airflow/example_dags/tutorial_taskflow_api_etl.py took 0.492 seconds
[2022-11-01 22:48:13,081] {processor.py:153} INFO - Started process (PID=18571) to work on /home/nayara/Documentos/airflowalura/venv/lib/python3.9/site-packages/airflow/example_dags/tutorial_taskflow_api_etl.py
[2022-11-01 22:48:13,083] {processor.py:641} INFO - Processing file /home/nayara/Documentos/airflowalura/venv/lib/python3.9/site-packages/airflow/example_dags/tutorial_taskflow_api_etl.py for tasks to queue
[2022-11-01 22:48:13,084] {logging_mixin.py:115} INFO - [2022-11-01 22:48:13,084] {dagbag.py:507} INFO - Filling up the DagBag from /home/nayara/Documentos/airflowalura/venv/lib/python3.9/site-packages/airflow/example_dags/tutorial_taskflow_api_etl.py
[2022-11-01 22:48:13,137] {processor.py:651} INFO - DAG(s) dict_keys(['tutorial_taskflow_api_etl']) retrieved from /home/nayara/Documentos/airflowalura/venv/lib/python3.9/site-packages/airflow/example_dags/tutorial_taskflow_api_etl.py
[2022-11-01 22:48:13,179] {logging_mixin.py:115} INFO - [2022-11-01 22:48:13,179] {dag.py:2379} INFO - Sync 1 DAGs
[2022-11-01 22:48:13,219] {logging_mixin.py:115} INFO - [2022-11-01 22:48:13,219] {dag.py:2927} INFO - Setting next_dagrun for tutorial_taskflow_api_etl to None, run_after=None
[2022-11-01 22:48:13,410] {processor.py:161} INFO - Processing /home/nayara/Documentos/airflowalura/venv/lib/python3.9/site-packages/airflow/example_dags/tutorial_taskflow_api_etl.py took 0.336 seconds
[2022-11-01 22:49:09,866] {processor.py:153} INFO - Started process (PID=18680) to work on /home/nayara/Documentos/airflowalura/venv/lib/python3.9/site-packages/airflow/example_dags/tutorial_taskflow_api_etl.py
[2022-11-01 22:49:09,868] {processor.py:641} INFO - Processing file /home/nayara/Documentos/airflowalura/venv/lib/python3.9/site-packages/airflow/example_dags/tutorial_taskflow_api_etl.py for tasks to queue
[2022-11-01 22:49:09,869] {logging_mixin.py:115} INFO - [2022-11-01 22:49:09,868] {dagbag.py:507} INFO - Filling up the DagBag from /home/nayara/Documentos/airflowalura/venv/lib/python3.9/site-packages/airflow/example_dags/tutorial_taskflow_api_etl.py
[2022-11-01 22:49:09,916] {processor.py:651} INFO - DAG(s) dict_keys(['tutorial_taskflow_api_etl']) retrieved from /home/nayara/Documentos/airflowalura/venv/lib/python3.9/site-packages/airflow/example_dags/tutorial_taskflow_api_etl.py
[2022-11-01 22:49:09,949] {logging_mixin.py:115} INFO - [2022-11-01 22:49:09,949] {dag.py:2379} INFO - Sync 1 DAGs
[2022-11-01 22:49:09,984] {logging_mixin.py:115} INFO - [2022-11-01 22:49:09,984] {dag.py:2927} INFO - Setting next_dagrun for tutorial_taskflow_api_etl to None, run_after=None
[2022-11-01 22:49:10,172] {processor.py:161} INFO - Processing /home/nayara/Documentos/airflowalura/venv/lib/python3.9/site-packages/airflow/example_dags/tutorial_taskflow_api_etl.py took 0.311 seconds
[2022-11-01 22:50:06,458] {processor.py:153} INFO - Started process (PID=18784) to work on /home/nayara/Documentos/airflowalura/venv/lib/python3.9/site-packages/airflow/example_dags/tutorial_taskflow_api_etl.py
[2022-11-01 22:50:06,460] {processor.py:641} INFO - Processing file /home/nayara/Documentos/airflowalura/venv/lib/python3.9/site-packages/airflow/example_dags/tutorial_taskflow_api_etl.py for tasks to queue
[2022-11-01 22:50:06,462] {logging_mixin.py:115} INFO - [2022-11-01 22:50:06,461] {dagbag.py:507} INFO - Filling up the DagBag from /home/nayara/Documentos/airflowalura/venv/lib/python3.9/site-packages/airflow/example_dags/tutorial_taskflow_api_etl.py
[2022-11-01 22:50:06,509] {processor.py:651} INFO - DAG(s) dict_keys(['tutorial_taskflow_api_etl']) retrieved from /home/nayara/Documentos/airflowalura/venv/lib/python3.9/site-packages/airflow/example_dags/tutorial_taskflow_api_etl.py
[2022-11-01 22:50:06,622] {logging_mixin.py:115} INFO - [2022-11-01 22:50:06,622] {dag.py:2379} INFO - Sync 1 DAGs
[2022-11-01 22:50:06,654] {logging_mixin.py:115} INFO - [2022-11-01 22:50:06,654] {dag.py:2927} INFO - Setting next_dagrun for tutorial_taskflow_api_etl to None, run_after=None
[2022-11-01 22:50:06,982] {processor.py:161} INFO - Processing /home/nayara/Documentos/airflowalura/venv/lib/python3.9/site-packages/airflow/example_dags/tutorial_taskflow_api_etl.py took 0.533 seconds
[2022-11-01 22:50:58,377] {processor.py:153} INFO - Started process (PID=18884) to work on /home/nayara/Documentos/airflowalura/venv/lib/python3.9/site-packages/airflow/example_dags/tutorial_taskflow_api_etl.py
[2022-11-01 22:50:58,458] {processor.py:641} INFO - Processing file /home/nayara/Documentos/airflowalura/venv/lib/python3.9/site-packages/airflow/example_dags/tutorial_taskflow_api_etl.py for tasks to queue
[2022-11-01 22:50:58,460] {logging_mixin.py:115} INFO - [2022-11-01 22:50:58,459] {dagbag.py:507} INFO - Filling up the DagBag from /home/nayara/Documentos/airflowalura/venv/lib/python3.9/site-packages/airflow/example_dags/tutorial_taskflow_api_etl.py
[2022-11-01 22:50:58,506] {processor.py:651} INFO - DAG(s) dict_keys(['tutorial_taskflow_api_etl']) retrieved from /home/nayara/Documentos/airflowalura/venv/lib/python3.9/site-packages/airflow/example_dags/tutorial_taskflow_api_etl.py
[2022-11-01 22:50:58,543] {logging_mixin.py:115} INFO - [2022-11-01 22:50:58,543] {dag.py:2379} INFO - Sync 1 DAGs
[2022-11-01 22:50:58,584] {logging_mixin.py:115} INFO - [2022-11-01 22:50:58,583] {dag.py:2927} INFO - Setting next_dagrun for tutorial_taskflow_api_etl to None, run_after=None
[2022-11-01 22:50:58,780] {processor.py:161} INFO - Processing /home/nayara/Documentos/airflowalura/venv/lib/python3.9/site-packages/airflow/example_dags/tutorial_taskflow_api_etl.py took 0.407 seconds
[2022-11-01 22:51:41,290] {processor.py:153} INFO - Started process (PID=18961) to work on /home/nayara/Documentos/airflowalura/venv/lib/python3.9/site-packages/airflow/example_dags/tutorial_taskflow_api_etl.py
[2022-11-01 22:51:41,306] {processor.py:641} INFO - Processing file /home/nayara/Documentos/airflowalura/venv/lib/python3.9/site-packages/airflow/example_dags/tutorial_taskflow_api_etl.py for tasks to queue
[2022-11-01 22:51:41,307] {logging_mixin.py:115} INFO - [2022-11-01 22:51:41,307] {dagbag.py:507} INFO - Filling up the DagBag from /home/nayara/Documentos/airflowalura/venv/lib/python3.9/site-packages/airflow/example_dags/tutorial_taskflow_api_etl.py
[2022-11-01 22:51:41,377] {processor.py:651} INFO - DAG(s) dict_keys(['tutorial_taskflow_api_etl']) retrieved from /home/nayara/Documentos/airflowalura/venv/lib/python3.9/site-packages/airflow/example_dags/tutorial_taskflow_api_etl.py
[2022-11-01 22:51:41,435] {logging_mixin.py:115} INFO - [2022-11-01 22:51:41,434] {dag.py:2379} INFO - Sync 1 DAGs
[2022-11-01 22:51:41,476] {logging_mixin.py:115} INFO - [2022-11-01 22:51:41,476] {dag.py:2927} INFO - Setting next_dagrun for tutorial_taskflow_api_etl to None, run_after=None
[2022-11-01 22:51:41,673] {processor.py:161} INFO - Processing /home/nayara/Documentos/airflowalura/venv/lib/python3.9/site-packages/airflow/example_dags/tutorial_taskflow_api_etl.py took 0.401 seconds
[2022-11-01 22:52:32,616] {processor.py:153} INFO - Started process (PID=19084) to work on /home/nayara/Documentos/airflowalura/venv/lib/python3.9/site-packages/airflow/example_dags/tutorial_taskflow_api_etl.py
[2022-11-01 22:52:32,622] {processor.py:641} INFO - Processing file /home/nayara/Documentos/airflowalura/venv/lib/python3.9/site-packages/airflow/example_dags/tutorial_taskflow_api_etl.py for tasks to queue
[2022-11-01 22:52:32,624] {logging_mixin.py:115} INFO - [2022-11-01 22:52:32,624] {dagbag.py:507} INFO - Filling up the DagBag from /home/nayara/Documentos/airflowalura/venv/lib/python3.9/site-packages/airflow/example_dags/tutorial_taskflow_api_etl.py
[2022-11-01 22:52:32,670] {processor.py:651} INFO - DAG(s) dict_keys(['tutorial_taskflow_api_etl']) retrieved from /home/nayara/Documentos/airflowalura/venv/lib/python3.9/site-packages/airflow/example_dags/tutorial_taskflow_api_etl.py
[2022-11-01 22:52:32,708] {logging_mixin.py:115} INFO - [2022-11-01 22:52:32,708] {dag.py:2379} INFO - Sync 1 DAGs
[2022-11-01 22:52:32,746] {logging_mixin.py:115} INFO - [2022-11-01 22:52:32,745] {dag.py:2927} INFO - Setting next_dagrun for tutorial_taskflow_api_etl to None, run_after=None
[2022-11-01 22:52:33,056] {processor.py:161} INFO - Processing /home/nayara/Documentos/airflowalura/venv/lib/python3.9/site-packages/airflow/example_dags/tutorial_taskflow_api_etl.py took 0.447 seconds
[2022-11-01 22:53:33,872] {processor.py:153} INFO - Started process (PID=19202) to work on /home/nayara/Documentos/airflowalura/venv/lib/python3.9/site-packages/airflow/example_dags/tutorial_taskflow_api_etl.py
[2022-11-01 22:53:33,912] {processor.py:641} INFO - Processing file /home/nayara/Documentos/airflowalura/venv/lib/python3.9/site-packages/airflow/example_dags/tutorial_taskflow_api_etl.py for tasks to queue
[2022-11-01 22:53:33,913] {logging_mixin.py:115} INFO - [2022-11-01 22:53:33,913] {dagbag.py:507} INFO - Filling up the DagBag from /home/nayara/Documentos/airflowalura/venv/lib/python3.9/site-packages/airflow/example_dags/tutorial_taskflow_api_etl.py
[2022-11-01 22:53:33,950] {processor.py:651} INFO - DAG(s) dict_keys(['tutorial_taskflow_api_etl']) retrieved from /home/nayara/Documentos/airflowalura/venv/lib/python3.9/site-packages/airflow/example_dags/tutorial_taskflow_api_etl.py
[2022-11-01 22:53:33,981] {logging_mixin.py:115} INFO - [2022-11-01 22:53:33,981] {dag.py:2379} INFO - Sync 1 DAGs
[2022-11-01 22:53:34,006] {logging_mixin.py:115} INFO - [2022-11-01 22:53:34,006] {dag.py:2927} INFO - Setting next_dagrun for tutorial_taskflow_api_etl to None, run_after=None
[2022-11-01 22:53:34,265] {processor.py:161} INFO - Processing /home/nayara/Documentos/airflowalura/venv/lib/python3.9/site-packages/airflow/example_dags/tutorial_taskflow_api_etl.py took 0.397 seconds
[2022-11-01 22:54:39,605] {processor.py:153} INFO - Started process (PID=19333) to work on /home/nayara/Documentos/airflowalura/venv/lib/python3.9/site-packages/airflow/example_dags/tutorial_taskflow_api_etl.py
[2022-11-01 22:54:39,667] {processor.py:641} INFO - Processing file /home/nayara/Documentos/airflowalura/venv/lib/python3.9/site-packages/airflow/example_dags/tutorial_taskflow_api_etl.py for tasks to queue
[2022-11-01 22:54:39,669] {logging_mixin.py:115} INFO - [2022-11-01 22:54:39,669] {dagbag.py:507} INFO - Filling up the DagBag from /home/nayara/Documentos/airflowalura/venv/lib/python3.9/site-packages/airflow/example_dags/tutorial_taskflow_api_etl.py
[2022-11-01 22:54:39,705] {processor.py:651} INFO - DAG(s) dict_keys(['tutorial_taskflow_api_etl']) retrieved from /home/nayara/Documentos/airflowalura/venv/lib/python3.9/site-packages/airflow/example_dags/tutorial_taskflow_api_etl.py
[2022-11-01 22:54:39,770] {logging_mixin.py:115} INFO - [2022-11-01 22:54:39,770] {dag.py:2379} INFO - Sync 1 DAGs
[2022-11-01 22:54:39,786] {logging_mixin.py:115} INFO - [2022-11-01 22:54:39,786] {dag.py:2927} INFO - Setting next_dagrun for tutorial_taskflow_api_etl to None, run_after=None
[2022-11-01 22:54:40,360] {processor.py:161} INFO - Processing /home/nayara/Documentos/airflowalura/venv/lib/python3.9/site-packages/airflow/example_dags/tutorial_taskflow_api_etl.py took 0.766 seconds
[2022-11-01 22:55:23,743] {processor.py:153} INFO - Started process (PID=19459) to work on /home/nayara/Documentos/airflowalura/venv/lib/python3.9/site-packages/airflow/example_dags/tutorial_taskflow_api_etl.py
[2022-11-01 22:55:23,755] {processor.py:641} INFO - Processing file /home/nayara/Documentos/airflowalura/venv/lib/python3.9/site-packages/airflow/example_dags/tutorial_taskflow_api_etl.py for tasks to queue
[2022-11-01 22:55:23,756] {logging_mixin.py:115} INFO - [2022-11-01 22:55:23,755] {dagbag.py:507} INFO - Filling up the DagBag from /home/nayara/Documentos/airflowalura/venv/lib/python3.9/site-packages/airflow/example_dags/tutorial_taskflow_api_etl.py
[2022-11-01 22:55:23,776] {processor.py:651} INFO - DAG(s) dict_keys(['tutorial_taskflow_api_etl']) retrieved from /home/nayara/Documentos/airflowalura/venv/lib/python3.9/site-packages/airflow/example_dags/tutorial_taskflow_api_etl.py
[2022-11-01 22:55:23,794] {logging_mixin.py:115} INFO - [2022-11-01 22:55:23,794] {dag.py:2379} INFO - Sync 1 DAGs
[2022-11-01 22:55:23,810] {logging_mixin.py:115} INFO - [2022-11-01 22:55:23,810] {dag.py:2927} INFO - Setting next_dagrun for tutorial_taskflow_api_etl to None, run_after=None
[2022-11-01 22:55:24,087] {processor.py:161} INFO - Processing /home/nayara/Documentos/airflowalura/venv/lib/python3.9/site-packages/airflow/example_dags/tutorial_taskflow_api_etl.py took 0.347 seconds
[2022-11-01 22:56:31,844] {processor.py:153} INFO - Started process (PID=19596) to work on /home/nayara/Documentos/airflowalura/venv/lib/python3.9/site-packages/airflow/example_dags/tutorial_taskflow_api_etl.py
[2022-11-01 22:56:31,867] {processor.py:641} INFO - Processing file /home/nayara/Documentos/airflowalura/venv/lib/python3.9/site-packages/airflow/example_dags/tutorial_taskflow_api_etl.py for tasks to queue
[2022-11-01 22:56:31,869] {logging_mixin.py:115} INFO - [2022-11-01 22:56:31,868] {dagbag.py:507} INFO - Filling up the DagBag from /home/nayara/Documentos/airflowalura/venv/lib/python3.9/site-packages/airflow/example_dags/tutorial_taskflow_api_etl.py
[2022-11-01 22:56:31,912] {processor.py:651} INFO - DAG(s) dict_keys(['tutorial_taskflow_api_etl']) retrieved from /home/nayara/Documentos/airflowalura/venv/lib/python3.9/site-packages/airflow/example_dags/tutorial_taskflow_api_etl.py
[2022-11-01 22:56:31,998] {logging_mixin.py:115} INFO - [2022-11-01 22:56:31,998] {dag.py:2379} INFO - Sync 1 DAGs
[2022-11-01 22:56:32,015] {logging_mixin.py:115} INFO - [2022-11-01 22:56:32,015] {dag.py:2927} INFO - Setting next_dagrun for tutorial_taskflow_api_etl to None, run_after=None
[2022-11-01 22:56:32,845] {processor.py:161} INFO - Processing /home/nayara/Documentos/airflowalura/venv/lib/python3.9/site-packages/airflow/example_dags/tutorial_taskflow_api_etl.py took 1.008 seconds
[2022-11-01 22:57:58,528] {processor.py:153} INFO - Started process (PID=19830) to work on /home/nayara/Documentos/airflowalura/venv/lib/python3.9/site-packages/airflow/example_dags/tutorial_taskflow_api_etl.py
[2022-11-01 22:57:58,549] {processor.py:641} INFO - Processing file /home/nayara/Documentos/airflowalura/venv/lib/python3.9/site-packages/airflow/example_dags/tutorial_taskflow_api_etl.py for tasks to queue
[2022-11-01 22:57:58,553] {logging_mixin.py:115} INFO - [2022-11-01 22:57:58,552] {dagbag.py:507} INFO - Filling up the DagBag from /home/nayara/Documentos/airflowalura/venv/lib/python3.9/site-packages/airflow/example_dags/tutorial_taskflow_api_etl.py
[2022-11-01 22:57:58,623] {processor.py:651} INFO - DAG(s) dict_keys(['tutorial_taskflow_api_etl']) retrieved from /home/nayara/Documentos/airflowalura/venv/lib/python3.9/site-packages/airflow/example_dags/tutorial_taskflow_api_etl.py
[2022-11-01 22:57:58,689] {logging_mixin.py:115} INFO - [2022-11-01 22:57:58,689] {dag.py:2379} INFO - Sync 1 DAGs
[2022-11-01 22:57:58,709] {logging_mixin.py:115} INFO - [2022-11-01 22:57:58,709] {dag.py:2927} INFO - Setting next_dagrun for tutorial_taskflow_api_etl to None, run_after=None
[2022-11-01 22:57:58,883] {processor.py:161} INFO - Processing /home/nayara/Documentos/airflowalura/venv/lib/python3.9/site-packages/airflow/example_dags/tutorial_taskflow_api_etl.py took 0.360 seconds
[2022-11-01 22:58:53,444] {processor.py:153} INFO - Started process (PID=19935) to work on /home/nayara/Documentos/airflowalura/venv/lib/python3.9/site-packages/airflow/example_dags/tutorial_taskflow_api_etl.py
[2022-11-01 22:58:53,478] {processor.py:641} INFO - Processing file /home/nayara/Documentos/airflowalura/venv/lib/python3.9/site-packages/airflow/example_dags/tutorial_taskflow_api_etl.py for tasks to queue
[2022-11-01 22:58:53,480] {logging_mixin.py:115} INFO - [2022-11-01 22:58:53,480] {dagbag.py:507} INFO - Filling up the DagBag from /home/nayara/Documentos/airflowalura/venv/lib/python3.9/site-packages/airflow/example_dags/tutorial_taskflow_api_etl.py
[2022-11-01 22:58:53,545] {processor.py:651} INFO - DAG(s) dict_keys(['tutorial_taskflow_api_etl']) retrieved from /home/nayara/Documentos/airflowalura/venv/lib/python3.9/site-packages/airflow/example_dags/tutorial_taskflow_api_etl.py
[2022-11-01 22:58:53,564] {logging_mixin.py:115} INFO - [2022-11-01 22:58:53,564] {dag.py:2379} INFO - Sync 1 DAGs
[2022-11-01 22:58:53,581] {logging_mixin.py:115} INFO - [2022-11-01 22:58:53,581] {dag.py:2927} INFO - Setting next_dagrun for tutorial_taskflow_api_etl to None, run_after=None
[2022-11-01 22:58:53,927] {processor.py:161} INFO - Processing /home/nayara/Documentos/airflowalura/venv/lib/python3.9/site-packages/airflow/example_dags/tutorial_taskflow_api_etl.py took 0.498 seconds
[2022-11-01 22:59:41,665] {processor.py:153} INFO - Started process (PID=20051) to work on /home/nayara/Documentos/airflowalura/venv/lib/python3.9/site-packages/airflow/example_dags/tutorial_taskflow_api_etl.py
[2022-11-01 22:59:41,680] {processor.py:641} INFO - Processing file /home/nayara/Documentos/airflowalura/venv/lib/python3.9/site-packages/airflow/example_dags/tutorial_taskflow_api_etl.py for tasks to queue
[2022-11-01 22:59:41,681] {logging_mixin.py:115} INFO - [2022-11-01 22:59:41,681] {dagbag.py:507} INFO - Filling up the DagBag from /home/nayara/Documentos/airflowalura/venv/lib/python3.9/site-packages/airflow/example_dags/tutorial_taskflow_api_etl.py
[2022-11-01 22:59:41,702] {processor.py:651} INFO - DAG(s) dict_keys(['tutorial_taskflow_api_etl']) retrieved from /home/nayara/Documentos/airflowalura/venv/lib/python3.9/site-packages/airflow/example_dags/tutorial_taskflow_api_etl.py
[2022-11-01 22:59:41,754] {logging_mixin.py:115} INFO - [2022-11-01 22:59:41,754] {dag.py:2379} INFO - Sync 1 DAGs
[2022-11-01 22:59:41,769] {logging_mixin.py:115} INFO - [2022-11-01 22:59:41,769] {dag.py:2927} INFO - Setting next_dagrun for tutorial_taskflow_api_etl to None, run_after=None
[2022-11-01 22:59:42,009] {processor.py:161} INFO - Processing /home/nayara/Documentos/airflowalura/venv/lib/python3.9/site-packages/airflow/example_dags/tutorial_taskflow_api_etl.py took 0.350 seconds
[2022-11-01 23:00:37,158] {processor.py:153} INFO - Started process (PID=20149) to work on /home/nayara/Documentos/airflowalura/venv/lib/python3.9/site-packages/airflow/example_dags/tutorial_taskflow_api_etl.py
[2022-11-01 23:00:37,167] {processor.py:641} INFO - Processing file /home/nayara/Documentos/airflowalura/venv/lib/python3.9/site-packages/airflow/example_dags/tutorial_taskflow_api_etl.py for tasks to queue
[2022-11-01 23:00:37,169] {logging_mixin.py:115} INFO - [2022-11-01 23:00:37,169] {dagbag.py:507} INFO - Filling up the DagBag from /home/nayara/Documentos/airflowalura/venv/lib/python3.9/site-packages/airflow/example_dags/tutorial_taskflow_api_etl.py
[2022-11-01 23:00:37,200] {processor.py:651} INFO - DAG(s) dict_keys(['tutorial_taskflow_api_etl']) retrieved from /home/nayara/Documentos/airflowalura/venv/lib/python3.9/site-packages/airflow/example_dags/tutorial_taskflow_api_etl.py
[2022-11-01 23:00:37,253] {logging_mixin.py:115} INFO - [2022-11-01 23:00:37,252] {dag.py:2379} INFO - Sync 1 DAGs
[2022-11-01 23:00:37,267] {logging_mixin.py:115} INFO - [2022-11-01 23:00:37,267] {dag.py:2927} INFO - Setting next_dagrun for tutorial_taskflow_api_etl to None, run_after=None
[2022-11-01 23:00:37,480] {processor.py:161} INFO - Processing /home/nayara/Documentos/airflowalura/venv/lib/python3.9/site-packages/airflow/example_dags/tutorial_taskflow_api_etl.py took 0.338 seconds
[2022-11-01 23:01:27,057] {processor.py:153} INFO - Started process (PID=20244) to work on /home/nayara/Documentos/airflowalura/venv/lib/python3.9/site-packages/airflow/example_dags/tutorial_taskflow_api_etl.py
[2022-11-01 23:01:27,134] {processor.py:641} INFO - Processing file /home/nayara/Documentos/airflowalura/venv/lib/python3.9/site-packages/airflow/example_dags/tutorial_taskflow_api_etl.py for tasks to queue
[2022-11-01 23:01:27,137] {logging_mixin.py:115} INFO - [2022-11-01 23:01:27,136] {dagbag.py:507} INFO - Filling up the DagBag from /home/nayara/Documentos/airflowalura/venv/lib/python3.9/site-packages/airflow/example_dags/tutorial_taskflow_api_etl.py
[2022-11-01 23:01:27,171] {processor.py:651} INFO - DAG(s) dict_keys(['tutorial_taskflow_api_etl']) retrieved from /home/nayara/Documentos/airflowalura/venv/lib/python3.9/site-packages/airflow/example_dags/tutorial_taskflow_api_etl.py
[2022-11-01 23:01:27,190] {logging_mixin.py:115} INFO - [2022-11-01 23:01:27,190] {dag.py:2379} INFO - Sync 1 DAGs
[2022-11-01 23:01:27,208] {logging_mixin.py:115} INFO - [2022-11-01 23:01:27,208] {dag.py:2927} INFO - Setting next_dagrun for tutorial_taskflow_api_etl to None, run_after=None
[2022-11-01 23:01:27,917] {processor.py:161} INFO - Processing /home/nayara/Documentos/airflowalura/venv/lib/python3.9/site-packages/airflow/example_dags/tutorial_taskflow_api_etl.py took 0.864 seconds
[2022-11-01 23:02:30,226] {processor.py:153} INFO - Started process (PID=20419) to work on /home/nayara/Documentos/airflowalura/venv/lib/python3.9/site-packages/airflow/example_dags/tutorial_taskflow_api_etl.py
[2022-11-01 23:02:30,235] {processor.py:641} INFO - Processing file /home/nayara/Documentos/airflowalura/venv/lib/python3.9/site-packages/airflow/example_dags/tutorial_taskflow_api_etl.py for tasks to queue
[2022-11-01 23:02:30,236] {logging_mixin.py:115} INFO - [2022-11-01 23:02:30,236] {dagbag.py:507} INFO - Filling up the DagBag from /home/nayara/Documentos/airflowalura/venv/lib/python3.9/site-packages/airflow/example_dags/tutorial_taskflow_api_etl.py
[2022-11-01 23:02:30,276] {processor.py:651} INFO - DAG(s) dict_keys(['tutorial_taskflow_api_etl']) retrieved from /home/nayara/Documentos/airflowalura/venv/lib/python3.9/site-packages/airflow/example_dags/tutorial_taskflow_api_etl.py
[2022-11-01 23:02:30,307] {logging_mixin.py:115} INFO - [2022-11-01 23:02:30,306] {dag.py:2379} INFO - Sync 1 DAGs
[2022-11-01 23:02:30,337] {logging_mixin.py:115} INFO - [2022-11-01 23:02:30,337] {dag.py:2927} INFO - Setting next_dagrun for tutorial_taskflow_api_etl to None, run_after=None
[2022-11-01 23:02:30,880] {processor.py:161} INFO - Processing /home/nayara/Documentos/airflowalura/venv/lib/python3.9/site-packages/airflow/example_dags/tutorial_taskflow_api_etl.py took 0.658 seconds
[2022-11-01 23:03:26,999] {processor.py:153} INFO - Started process (PID=20523) to work on /home/nayara/Documentos/airflowalura/venv/lib/python3.9/site-packages/airflow/example_dags/tutorial_taskflow_api_etl.py
[2022-11-01 23:03:27,059] {processor.py:641} INFO - Processing file /home/nayara/Documentos/airflowalura/venv/lib/python3.9/site-packages/airflow/example_dags/tutorial_taskflow_api_etl.py for tasks to queue
[2022-11-01 23:03:27,060] {logging_mixin.py:115} INFO - [2022-11-01 23:03:27,060] {dagbag.py:507} INFO - Filling up the DagBag from /home/nayara/Documentos/airflowalura/venv/lib/python3.9/site-packages/airflow/example_dags/tutorial_taskflow_api_etl.py
[2022-11-01 23:03:27,094] {processor.py:651} INFO - DAG(s) dict_keys(['tutorial_taskflow_api_etl']) retrieved from /home/nayara/Documentos/airflowalura/venv/lib/python3.9/site-packages/airflow/example_dags/tutorial_taskflow_api_etl.py
[2022-11-01 23:03:27,664] {logging_mixin.py:115} INFO - [2022-11-01 23:03:27,664] {dag.py:2379} INFO - Sync 1 DAGs
[2022-11-01 23:03:27,688] {logging_mixin.py:115} INFO - [2022-11-01 23:03:27,688] {dag.py:2927} INFO - Setting next_dagrun for tutorial_taskflow_api_etl to None, run_after=None
[2022-11-01 23:03:28,838] {processor.py:161} INFO - Processing /home/nayara/Documentos/airflowalura/venv/lib/python3.9/site-packages/airflow/example_dags/tutorial_taskflow_api_etl.py took 1.851 seconds
[2022-11-01 23:04:18,693] {processor.py:153} INFO - Started process (PID=20633) to work on /home/nayara/Documentos/airflowalura/venv/lib/python3.9/site-packages/airflow/example_dags/tutorial_taskflow_api_etl.py
[2022-11-01 23:04:18,716] {processor.py:641} INFO - Processing file /home/nayara/Documentos/airflowalura/venv/lib/python3.9/site-packages/airflow/example_dags/tutorial_taskflow_api_etl.py for tasks to queue
[2022-11-01 23:04:18,717] {logging_mixin.py:115} INFO - [2022-11-01 23:04:18,717] {dagbag.py:507} INFO - Filling up the DagBag from /home/nayara/Documentos/airflowalura/venv/lib/python3.9/site-packages/airflow/example_dags/tutorial_taskflow_api_etl.py
[2022-11-01 23:04:18,750] {processor.py:651} INFO - DAG(s) dict_keys(['tutorial_taskflow_api_etl']) retrieved from /home/nayara/Documentos/airflowalura/venv/lib/python3.9/site-packages/airflow/example_dags/tutorial_taskflow_api_etl.py
[2022-11-01 23:04:18,820] {logging_mixin.py:115} INFO - [2022-11-01 23:04:18,820] {dag.py:2379} INFO - Sync 1 DAGs
[2022-11-01 23:04:18,840] {logging_mixin.py:115} INFO - [2022-11-01 23:04:18,840] {dag.py:2927} INFO - Setting next_dagrun for tutorial_taskflow_api_etl to None, run_after=None
[2022-11-01 23:04:19,107] {processor.py:161} INFO - Processing /home/nayara/Documentos/airflowalura/venv/lib/python3.9/site-packages/airflow/example_dags/tutorial_taskflow_api_etl.py took 0.419 seconds
[2022-11-01 23:05:14,726] {processor.py:153} INFO - Started process (PID=20745) to work on /home/nayara/Documentos/airflowalura/venv/lib/python3.9/site-packages/airflow/example_dags/tutorial_taskflow_api_etl.py
[2022-11-01 23:05:14,876] {processor.py:641} INFO - Processing file /home/nayara/Documentos/airflowalura/venv/lib/python3.9/site-packages/airflow/example_dags/tutorial_taskflow_api_etl.py for tasks to queue
[2022-11-01 23:05:14,878] {logging_mixin.py:115} INFO - [2022-11-01 23:05:14,878] {dagbag.py:507} INFO - Filling up the DagBag from /home/nayara/Documentos/airflowalura/venv/lib/python3.9/site-packages/airflow/example_dags/tutorial_taskflow_api_etl.py
[2022-11-01 23:05:14,914] {processor.py:651} INFO - DAG(s) dict_keys(['tutorial_taskflow_api_etl']) retrieved from /home/nayara/Documentos/airflowalura/venv/lib/python3.9/site-packages/airflow/example_dags/tutorial_taskflow_api_etl.py
[2022-11-01 23:05:14,985] {logging_mixin.py:115} INFO - [2022-11-01 23:05:14,985] {dag.py:2379} INFO - Sync 1 DAGs
[2022-11-01 23:05:15,007] {logging_mixin.py:115} INFO - [2022-11-01 23:05:15,007] {dag.py:2927} INFO - Setting next_dagrun for tutorial_taskflow_api_etl to None, run_after=None
[2022-11-01 23:05:15,230] {processor.py:161} INFO - Processing /home/nayara/Documentos/airflowalura/venv/lib/python3.9/site-packages/airflow/example_dags/tutorial_taskflow_api_etl.py took 0.507 seconds
[2022-11-01 23:06:06,438] {processor.py:153} INFO - Started process (PID=20854) to work on /home/nayara/Documentos/airflowalura/venv/lib/python3.9/site-packages/airflow/example_dags/tutorial_taskflow_api_etl.py
[2022-11-01 23:06:06,521] {processor.py:641} INFO - Processing file /home/nayara/Documentos/airflowalura/venv/lib/python3.9/site-packages/airflow/example_dags/tutorial_taskflow_api_etl.py for tasks to queue
[2022-11-01 23:06:06,524] {logging_mixin.py:115} INFO - [2022-11-01 23:06:06,523] {dagbag.py:507} INFO - Filling up the DagBag from /home/nayara/Documentos/airflowalura/venv/lib/python3.9/site-packages/airflow/example_dags/tutorial_taskflow_api_etl.py
[2022-11-01 23:06:06,567] {processor.py:651} INFO - DAG(s) dict_keys(['tutorial_taskflow_api_etl']) retrieved from /home/nayara/Documentos/airflowalura/venv/lib/python3.9/site-packages/airflow/example_dags/tutorial_taskflow_api_etl.py
[2022-11-01 23:06:06,625] {logging_mixin.py:115} INFO - [2022-11-01 23:06:06,625] {dag.py:2379} INFO - Sync 1 DAGs
[2022-11-01 23:06:06,640] {logging_mixin.py:115} INFO - [2022-11-01 23:06:06,640] {dag.py:2927} INFO - Setting next_dagrun for tutorial_taskflow_api_etl to None, run_after=None
[2022-11-01 23:06:06,847] {processor.py:161} INFO - Processing /home/nayara/Documentos/airflowalura/venv/lib/python3.9/site-packages/airflow/example_dags/tutorial_taskflow_api_etl.py took 0.418 seconds
[2022-11-01 23:07:06,918] {processor.py:153} INFO - Started process (PID=21029) to work on /home/nayara/Documentos/airflowalura/venv/lib/python3.9/site-packages/airflow/example_dags/tutorial_taskflow_api_etl.py
[2022-11-01 23:07:06,957] {processor.py:641} INFO - Processing file /home/nayara/Documentos/airflowalura/venv/lib/python3.9/site-packages/airflow/example_dags/tutorial_taskflow_api_etl.py for tasks to queue
[2022-11-01 23:07:06,959] {logging_mixin.py:115} INFO - [2022-11-01 23:07:06,958] {dagbag.py:507} INFO - Filling up the DagBag from /home/nayara/Documentos/airflowalura/venv/lib/python3.9/site-packages/airflow/example_dags/tutorial_taskflow_api_etl.py
[2022-11-01 23:07:06,980] {processor.py:651} INFO - DAG(s) dict_keys(['tutorial_taskflow_api_etl']) retrieved from /home/nayara/Documentos/airflowalura/venv/lib/python3.9/site-packages/airflow/example_dags/tutorial_taskflow_api_etl.py
[2022-11-01 23:07:07,332] {logging_mixin.py:115} INFO - [2022-11-01 23:07:07,332] {dag.py:2379} INFO - Sync 1 DAGs
[2022-11-01 23:07:07,357] {logging_mixin.py:115} INFO - [2022-11-01 23:07:07,357] {dag.py:2927} INFO - Setting next_dagrun for tutorial_taskflow_api_etl to None, run_after=None
[2022-11-01 23:07:07,917] {processor.py:161} INFO - Processing /home/nayara/Documentos/airflowalura/venv/lib/python3.9/site-packages/airflow/example_dags/tutorial_taskflow_api_etl.py took 1.003 seconds
[2022-11-01 23:07:59,404] {processor.py:153} INFO - Started process (PID=21119) to work on /home/nayara/Documentos/airflowalura/venv/lib/python3.9/site-packages/airflow/example_dags/tutorial_taskflow_api_etl.py
[2022-11-01 23:07:59,419] {processor.py:641} INFO - Processing file /home/nayara/Documentos/airflowalura/venv/lib/python3.9/site-packages/airflow/example_dags/tutorial_taskflow_api_etl.py for tasks to queue
[2022-11-01 23:07:59,421] {logging_mixin.py:115} INFO - [2022-11-01 23:07:59,420] {dagbag.py:507} INFO - Filling up the DagBag from /home/nayara/Documentos/airflowalura/venv/lib/python3.9/site-packages/airflow/example_dags/tutorial_taskflow_api_etl.py
[2022-11-01 23:07:59,475] {processor.py:651} INFO - DAG(s) dict_keys(['tutorial_taskflow_api_etl']) retrieved from /home/nayara/Documentos/airflowalura/venv/lib/python3.9/site-packages/airflow/example_dags/tutorial_taskflow_api_etl.py
[2022-11-01 23:07:59,495] {logging_mixin.py:115} INFO - [2022-11-01 23:07:59,495] {dag.py:2379} INFO - Sync 1 DAGs
[2022-11-01 23:07:59,512] {logging_mixin.py:115} INFO - [2022-11-01 23:07:59,512] {dag.py:2927} INFO - Setting next_dagrun for tutorial_taskflow_api_etl to None, run_after=None
[2022-11-01 23:07:59,661] {processor.py:161} INFO - Processing /home/nayara/Documentos/airflowalura/venv/lib/python3.9/site-packages/airflow/example_dags/tutorial_taskflow_api_etl.py took 0.270 seconds
[2022-11-01 23:08:40,186] {processor.py:153} INFO - Started process (PID=21197) to work on /home/nayara/Documentos/airflowalura/venv/lib/python3.9/site-packages/airflow/example_dags/tutorial_taskflow_api_etl.py
[2022-11-01 23:08:40,201] {processor.py:641} INFO - Processing file /home/nayara/Documentos/airflowalura/venv/lib/python3.9/site-packages/airflow/example_dags/tutorial_taskflow_api_etl.py for tasks to queue
[2022-11-01 23:08:40,202] {logging_mixin.py:115} INFO - [2022-11-01 23:08:40,202] {dagbag.py:507} INFO - Filling up the DagBag from /home/nayara/Documentos/airflowalura/venv/lib/python3.9/site-packages/airflow/example_dags/tutorial_taskflow_api_etl.py
[2022-11-01 23:08:40,233] {processor.py:651} INFO - DAG(s) dict_keys(['tutorial_taskflow_api_etl']) retrieved from /home/nayara/Documentos/airflowalura/venv/lib/python3.9/site-packages/airflow/example_dags/tutorial_taskflow_api_etl.py
[2022-11-01 23:08:40,251] {logging_mixin.py:115} INFO - [2022-11-01 23:08:40,250] {dag.py:2379} INFO - Sync 1 DAGs
[2022-11-01 23:08:40,267] {logging_mixin.py:115} INFO - [2022-11-01 23:08:40,267] {dag.py:2927} INFO - Setting next_dagrun for tutorial_taskflow_api_etl to None, run_after=None
[2022-11-01 23:08:40,459] {processor.py:161} INFO - Processing /home/nayara/Documentos/airflowalura/venv/lib/python3.9/site-packages/airflow/example_dags/tutorial_taskflow_api_etl.py took 0.285 seconds
[2022-11-01 23:09:24,819] {processor.py:153} INFO - Started process (PID=21334) to work on /home/nayara/Documentos/airflowalura/venv/lib/python3.9/site-packages/airflow/example_dags/tutorial_taskflow_api_etl.py
[2022-11-01 23:09:24,892] {processor.py:641} INFO - Processing file /home/nayara/Documentos/airflowalura/venv/lib/python3.9/site-packages/airflow/example_dags/tutorial_taskflow_api_etl.py for tasks to queue
[2022-11-01 23:09:24,894] {logging_mixin.py:115} INFO - [2022-11-01 23:09:24,894] {dagbag.py:507} INFO - Filling up the DagBag from /home/nayara/Documentos/airflowalura/venv/lib/python3.9/site-packages/airflow/example_dags/tutorial_taskflow_api_etl.py
[2022-11-01 23:09:24,940] {processor.py:651} INFO - DAG(s) dict_keys(['tutorial_taskflow_api_etl']) retrieved from /home/nayara/Documentos/airflowalura/venv/lib/python3.9/site-packages/airflow/example_dags/tutorial_taskflow_api_etl.py
[2022-11-01 23:09:24,993] {logging_mixin.py:115} INFO - [2022-11-01 23:09:24,993] {dag.py:2379} INFO - Sync 1 DAGs
[2022-11-01 23:09:25,009] {logging_mixin.py:115} INFO - [2022-11-01 23:09:25,009] {dag.py:2927} INFO - Setting next_dagrun for tutorial_taskflow_api_etl to None, run_after=None
[2022-11-01 23:09:25,508] {processor.py:161} INFO - Processing /home/nayara/Documentos/airflowalura/venv/lib/python3.9/site-packages/airflow/example_dags/tutorial_taskflow_api_etl.py took 0.699 seconds
[2022-11-01 23:10:47,791] {processor.py:153} INFO - Started process (PID=21533) to work on /home/nayara/Documentos/airflowalura/venv/lib/python3.9/site-packages/airflow/example_dags/tutorial_taskflow_api_etl.py
[2022-11-01 23:10:47,841] {processor.py:641} INFO - Processing file /home/nayara/Documentos/airflowalura/venv/lib/python3.9/site-packages/airflow/example_dags/tutorial_taskflow_api_etl.py for tasks to queue
[2022-11-01 23:10:47,842] {logging_mixin.py:115} INFO - [2022-11-01 23:10:47,842] {dagbag.py:507} INFO - Filling up the DagBag from /home/nayara/Documentos/airflowalura/venv/lib/python3.9/site-packages/airflow/example_dags/tutorial_taskflow_api_etl.py
[2022-11-01 23:10:47,882] {processor.py:651} INFO - DAG(s) dict_keys(['tutorial_taskflow_api_etl']) retrieved from /home/nayara/Documentos/airflowalura/venv/lib/python3.9/site-packages/airflow/example_dags/tutorial_taskflow_api_etl.py
[2022-11-01 23:10:47,943] {logging_mixin.py:115} INFO - [2022-11-01 23:10:47,943] {dag.py:2379} INFO - Sync 1 DAGs
[2022-11-01 23:10:47,961] {logging_mixin.py:115} INFO - [2022-11-01 23:10:47,961] {dag.py:2927} INFO - Setting next_dagrun for tutorial_taskflow_api_etl to None, run_after=None
[2022-11-01 23:10:48,525] {processor.py:161} INFO - Processing /home/nayara/Documentos/airflowalura/venv/lib/python3.9/site-packages/airflow/example_dags/tutorial_taskflow_api_etl.py took 0.750 seconds
[2022-11-01 23:11:36,772] {processor.py:153} INFO - Started process (PID=21669) to work on /home/nayara/Documentos/airflowalura/venv/lib/python3.9/site-packages/airflow/example_dags/tutorial_taskflow_api_etl.py
[2022-11-01 23:11:36,798] {processor.py:641} INFO - Processing file /home/nayara/Documentos/airflowalura/venv/lib/python3.9/site-packages/airflow/example_dags/tutorial_taskflow_api_etl.py for tasks to queue
[2022-11-01 23:11:36,802] {logging_mixin.py:115} INFO - [2022-11-01 23:11:36,801] {dagbag.py:507} INFO - Filling up the DagBag from /home/nayara/Documentos/airflowalura/venv/lib/python3.9/site-packages/airflow/example_dags/tutorial_taskflow_api_etl.py
[2022-11-01 23:11:36,874] {processor.py:651} INFO - DAG(s) dict_keys(['tutorial_taskflow_api_etl']) retrieved from /home/nayara/Documentos/airflowalura/venv/lib/python3.9/site-packages/airflow/example_dags/tutorial_taskflow_api_etl.py
[2022-11-01 23:11:36,895] {logging_mixin.py:115} INFO - [2022-11-01 23:11:36,895] {dag.py:2379} INFO - Sync 1 DAGs
[2022-11-01 23:11:36,916] {logging_mixin.py:115} INFO - [2022-11-01 23:11:36,916] {dag.py:2927} INFO - Setting next_dagrun for tutorial_taskflow_api_etl to None, run_after=None
[2022-11-01 23:11:37,125] {processor.py:161} INFO - Processing /home/nayara/Documentos/airflowalura/venv/lib/python3.9/site-packages/airflow/example_dags/tutorial_taskflow_api_etl.py took 0.369 seconds
[2022-11-01 23:12:19,674] {processor.py:153} INFO - Started process (PID=21794) to work on /home/nayara/Documentos/airflowalura/venv/lib/python3.9/site-packages/airflow/example_dags/tutorial_taskflow_api_etl.py
[2022-11-01 23:12:19,685] {processor.py:641} INFO - Processing file /home/nayara/Documentos/airflowalura/venv/lib/python3.9/site-packages/airflow/example_dags/tutorial_taskflow_api_etl.py for tasks to queue
[2022-11-01 23:12:19,686] {logging_mixin.py:115} INFO - [2022-11-01 23:12:19,686] {dagbag.py:507} INFO - Filling up the DagBag from /home/nayara/Documentos/airflowalura/venv/lib/python3.9/site-packages/airflow/example_dags/tutorial_taskflow_api_etl.py
[2022-11-01 23:12:19,724] {processor.py:651} INFO - DAG(s) dict_keys(['tutorial_taskflow_api_etl']) retrieved from /home/nayara/Documentos/airflowalura/venv/lib/python3.9/site-packages/airflow/example_dags/tutorial_taskflow_api_etl.py
[2022-11-01 23:12:19,748] {logging_mixin.py:115} INFO - [2022-11-01 23:12:19,748] {dag.py:2379} INFO - Sync 1 DAGs
[2022-11-01 23:12:19,769] {logging_mixin.py:115} INFO - [2022-11-01 23:12:19,769] {dag.py:2927} INFO - Setting next_dagrun for tutorial_taskflow_api_etl to None, run_after=None
[2022-11-01 23:12:20,096] {processor.py:161} INFO - Processing /home/nayara/Documentos/airflowalura/venv/lib/python3.9/site-packages/airflow/example_dags/tutorial_taskflow_api_etl.py took 0.426 seconds
[2022-11-01 23:13:30,569] {processor.py:153} INFO - Started process (PID=21914) to work on /home/nayara/Documentos/airflowalura/venv/lib/python3.9/site-packages/airflow/example_dags/tutorial_taskflow_api_etl.py
[2022-11-01 23:13:30,652] {processor.py:641} INFO - Processing file /home/nayara/Documentos/airflowalura/venv/lib/python3.9/site-packages/airflow/example_dags/tutorial_taskflow_api_etl.py for tasks to queue
[2022-11-01 23:13:30,656] {logging_mixin.py:115} INFO - [2022-11-01 23:13:30,655] {dagbag.py:507} INFO - Filling up the DagBag from /home/nayara/Documentos/airflowalura/venv/lib/python3.9/site-packages/airflow/example_dags/tutorial_taskflow_api_etl.py
[2022-11-01 23:13:30,755] {processor.py:651} INFO - DAG(s) dict_keys(['tutorial_taskflow_api_etl']) retrieved from /home/nayara/Documentos/airflowalura/venv/lib/python3.9/site-packages/airflow/example_dags/tutorial_taskflow_api_etl.py
[2022-11-01 23:13:30,778] {logging_mixin.py:115} INFO - [2022-11-01 23:13:30,778] {dag.py:2379} INFO - Sync 1 DAGs
[2022-11-01 23:13:30,799] {logging_mixin.py:115} INFO - [2022-11-01 23:13:30,799] {dag.py:2927} INFO - Setting next_dagrun for tutorial_taskflow_api_etl to None, run_after=None
[2022-11-01 23:13:31,084] {processor.py:161} INFO - Processing /home/nayara/Documentos/airflowalura/venv/lib/python3.9/site-packages/airflow/example_dags/tutorial_taskflow_api_etl.py took 0.521 seconds
[2022-11-01 23:14:38,602] {processor.py:153} INFO - Started process (PID=22110) to work on /home/nayara/Documentos/airflowalura/venv/lib/python3.9/site-packages/airflow/example_dags/tutorial_taskflow_api_etl.py
[2022-11-01 23:14:38,643] {processor.py:641} INFO - Processing file /home/nayara/Documentos/airflowalura/venv/lib/python3.9/site-packages/airflow/example_dags/tutorial_taskflow_api_etl.py for tasks to queue
[2022-11-01 23:14:38,646] {logging_mixin.py:115} INFO - [2022-11-01 23:14:38,645] {dagbag.py:507} INFO - Filling up the DagBag from /home/nayara/Documentos/airflowalura/venv/lib/python3.9/site-packages/airflow/example_dags/tutorial_taskflow_api_etl.py
[2022-11-01 23:14:38,689] {processor.py:651} INFO - DAG(s) dict_keys(['tutorial_taskflow_api_etl']) retrieved from /home/nayara/Documentos/airflowalura/venv/lib/python3.9/site-packages/airflow/example_dags/tutorial_taskflow_api_etl.py
[2022-11-01 23:14:38,746] {logging_mixin.py:115} INFO - [2022-11-01 23:14:38,745] {dag.py:2379} INFO - Sync 1 DAGs
[2022-11-01 23:14:38,761] {logging_mixin.py:115} INFO - [2022-11-01 23:14:38,761] {dag.py:2927} INFO - Setting next_dagrun for tutorial_taskflow_api_etl to None, run_after=None
[2022-11-01 23:14:39,164] {processor.py:161} INFO - Processing /home/nayara/Documentos/airflowalura/venv/lib/python3.9/site-packages/airflow/example_dags/tutorial_taskflow_api_etl.py took 0.565 seconds
[2022-11-01 23:15:39,970] {processor.py:153} INFO - Started process (PID=22260) to work on /home/nayara/Documentos/airflowalura/venv/lib/python3.9/site-packages/airflow/example_dags/tutorial_taskflow_api_etl.py
[2022-11-01 23:15:39,989] {processor.py:641} INFO - Processing file /home/nayara/Documentos/airflowalura/venv/lib/python3.9/site-packages/airflow/example_dags/tutorial_taskflow_api_etl.py for tasks to queue
[2022-11-01 23:15:39,992] {logging_mixin.py:115} INFO - [2022-11-01 23:15:39,992] {dagbag.py:507} INFO - Filling up the DagBag from /home/nayara/Documentos/airflowalura/venv/lib/python3.9/site-packages/airflow/example_dags/tutorial_taskflow_api_etl.py
[2022-11-01 23:15:40,057] {processor.py:651} INFO - DAG(s) dict_keys(['tutorial_taskflow_api_etl']) retrieved from /home/nayara/Documentos/airflowalura/venv/lib/python3.9/site-packages/airflow/example_dags/tutorial_taskflow_api_etl.py
[2022-11-01 23:15:40,077] {logging_mixin.py:115} INFO - [2022-11-01 23:15:40,077] {dag.py:2379} INFO - Sync 1 DAGs
[2022-11-01 23:15:40,100] {logging_mixin.py:115} INFO - [2022-11-01 23:15:40,100] {dag.py:2927} INFO - Setting next_dagrun for tutorial_taskflow_api_etl to None, run_after=None
[2022-11-01 23:15:40,329] {processor.py:161} INFO - Processing /home/nayara/Documentos/airflowalura/venv/lib/python3.9/site-packages/airflow/example_dags/tutorial_taskflow_api_etl.py took 0.376 seconds
[2022-11-01 23:16:39,865] {processor.py:153} INFO - Started process (PID=22388) to work on /home/nayara/Documentos/airflowalura/venv/lib/python3.9/site-packages/airflow/example_dags/tutorial_taskflow_api_etl.py
[2022-11-01 23:16:39,886] {processor.py:641} INFO - Processing file /home/nayara/Documentos/airflowalura/venv/lib/python3.9/site-packages/airflow/example_dags/tutorial_taskflow_api_etl.py for tasks to queue
[2022-11-01 23:16:39,887] {logging_mixin.py:115} INFO - [2022-11-01 23:16:39,887] {dagbag.py:507} INFO - Filling up the DagBag from /home/nayara/Documentos/airflowalura/venv/lib/python3.9/site-packages/airflow/example_dags/tutorial_taskflow_api_etl.py
[2022-11-01 23:16:39,919] {processor.py:651} INFO - DAG(s) dict_keys(['tutorial_taskflow_api_etl']) retrieved from /home/nayara/Documentos/airflowalura/venv/lib/python3.9/site-packages/airflow/example_dags/tutorial_taskflow_api_etl.py
[2022-11-01 23:16:39,945] {logging_mixin.py:115} INFO - [2022-11-01 23:16:39,945] {dag.py:2379} INFO - Sync 1 DAGs
[2022-11-01 23:16:39,970] {logging_mixin.py:115} INFO - [2022-11-01 23:16:39,970] {dag.py:2927} INFO - Setting next_dagrun for tutorial_taskflow_api_etl to None, run_after=None
[2022-11-01 23:16:40,181] {processor.py:161} INFO - Processing /home/nayara/Documentos/airflowalura/venv/lib/python3.9/site-packages/airflow/example_dags/tutorial_taskflow_api_etl.py took 0.319 seconds
[2022-11-01 23:17:52,337] {processor.py:153} INFO - Started process (PID=22561) to work on /home/nayara/Documentos/airflowalura/venv/lib/python3.9/site-packages/airflow/example_dags/tutorial_taskflow_api_etl.py
[2022-11-01 23:17:52,412] {processor.py:641} INFO - Processing file /home/nayara/Documentos/airflowalura/venv/lib/python3.9/site-packages/airflow/example_dags/tutorial_taskflow_api_etl.py for tasks to queue
[2022-11-01 23:17:52,415] {logging_mixin.py:115} INFO - [2022-11-01 23:17:52,414] {dagbag.py:507} INFO - Filling up the DagBag from /home/nayara/Documentos/airflowalura/venv/lib/python3.9/site-packages/airflow/example_dags/tutorial_taskflow_api_etl.py
[2022-11-01 23:17:52,513] {processor.py:651} INFO - DAG(s) dict_keys(['tutorial_taskflow_api_etl']) retrieved from /home/nayara/Documentos/airflowalura/venv/lib/python3.9/site-packages/airflow/example_dags/tutorial_taskflow_api_etl.py
[2022-11-01 23:17:52,545] {logging_mixin.py:115} INFO - [2022-11-01 23:17:52,545] {dag.py:2379} INFO - Sync 1 DAGs
[2022-11-01 23:17:52,575] {logging_mixin.py:115} INFO - [2022-11-01 23:17:52,575] {dag.py:2927} INFO - Setting next_dagrun for tutorial_taskflow_api_etl to None, run_after=None
[2022-11-01 23:17:53,429] {processor.py:161} INFO - Processing /home/nayara/Documentos/airflowalura/venv/lib/python3.9/site-packages/airflow/example_dags/tutorial_taskflow_api_etl.py took 1.101 seconds
[2022-11-01 23:18:41,139] {processor.py:153} INFO - Started process (PID=22639) to work on /home/nayara/Documentos/airflowalura/venv/lib/python3.9/site-packages/airflow/example_dags/tutorial_taskflow_api_etl.py
[2022-11-01 23:18:41,158] {processor.py:641} INFO - Processing file /home/nayara/Documentos/airflowalura/venv/lib/python3.9/site-packages/airflow/example_dags/tutorial_taskflow_api_etl.py for tasks to queue
[2022-11-01 23:18:41,159] {logging_mixin.py:115} INFO - [2022-11-01 23:18:41,159] {dagbag.py:507} INFO - Filling up the DagBag from /home/nayara/Documentos/airflowalura/venv/lib/python3.9/site-packages/airflow/example_dags/tutorial_taskflow_api_etl.py
[2022-11-01 23:18:41,187] {processor.py:651} INFO - DAG(s) dict_keys(['tutorial_taskflow_api_etl']) retrieved from /home/nayara/Documentos/airflowalura/venv/lib/python3.9/site-packages/airflow/example_dags/tutorial_taskflow_api_etl.py
[2022-11-01 23:18:41,205] {logging_mixin.py:115} INFO - [2022-11-01 23:18:41,205] {dag.py:2379} INFO - Sync 1 DAGs
[2022-11-01 23:18:41,223] {logging_mixin.py:115} INFO - [2022-11-01 23:18:41,223] {dag.py:2927} INFO - Setting next_dagrun for tutorial_taskflow_api_etl to None, run_after=None
[2022-11-01 23:18:41,475] {processor.py:161} INFO - Processing /home/nayara/Documentos/airflowalura/venv/lib/python3.9/site-packages/airflow/example_dags/tutorial_taskflow_api_etl.py took 0.347 seconds
[2022-11-01 23:19:37,986] {processor.py:153} INFO - Started process (PID=22757) to work on /home/nayara/Documentos/airflowalura/venv/lib/python3.9/site-packages/airflow/example_dags/tutorial_taskflow_api_etl.py
[2022-11-01 23:19:38,019] {processor.py:641} INFO - Processing file /home/nayara/Documentos/airflowalura/venv/lib/python3.9/site-packages/airflow/example_dags/tutorial_taskflow_api_etl.py for tasks to queue
[2022-11-01 23:19:38,020] {logging_mixin.py:115} INFO - [2022-11-01 23:19:38,020] {dagbag.py:507} INFO - Filling up the DagBag from /home/nayara/Documentos/airflowalura/venv/lib/python3.9/site-packages/airflow/example_dags/tutorial_taskflow_api_etl.py
[2022-11-01 23:19:38,075] {processor.py:651} INFO - DAG(s) dict_keys(['tutorial_taskflow_api_etl']) retrieved from /home/nayara/Documentos/airflowalura/venv/lib/python3.9/site-packages/airflow/example_dags/tutorial_taskflow_api_etl.py
[2022-11-01 23:19:38,860] {logging_mixin.py:115} INFO - [2022-11-01 23:19:38,860] {dag.py:2379} INFO - Sync 1 DAGs
[2022-11-01 23:19:38,877] {logging_mixin.py:115} INFO - [2022-11-01 23:19:38,877] {dag.py:2927} INFO - Setting next_dagrun for tutorial_taskflow_api_etl to None, run_after=None
[2022-11-01 23:19:39,446] {processor.py:161} INFO - Processing /home/nayara/Documentos/airflowalura/venv/lib/python3.9/site-packages/airflow/example_dags/tutorial_taskflow_api_etl.py took 1.472 seconds
[2022-11-01 23:20:52,016] {processor.py:153} INFO - Started process (PID=22951) to work on /home/nayara/Documentos/airflowalura/venv/lib/python3.9/site-packages/airflow/example_dags/tutorial_taskflow_api_etl.py
[2022-11-01 23:20:52,051] {processor.py:641} INFO - Processing file /home/nayara/Documentos/airflowalura/venv/lib/python3.9/site-packages/airflow/example_dags/tutorial_taskflow_api_etl.py for tasks to queue
[2022-11-01 23:20:52,053] {logging_mixin.py:115} INFO - [2022-11-01 23:20:52,052] {dagbag.py:507} INFO - Filling up the DagBag from /home/nayara/Documentos/airflowalura/venv/lib/python3.9/site-packages/airflow/example_dags/tutorial_taskflow_api_etl.py
[2022-11-01 23:20:52,103] {processor.py:651} INFO - DAG(s) dict_keys(['tutorial_taskflow_api_etl']) retrieved from /home/nayara/Documentos/airflowalura/venv/lib/python3.9/site-packages/airflow/example_dags/tutorial_taskflow_api_etl.py
[2022-11-01 23:20:52,173] {logging_mixin.py:115} INFO - [2022-11-01 23:20:52,172] {dag.py:2379} INFO - Sync 1 DAGs
[2022-11-01 23:20:52,189] {logging_mixin.py:115} INFO - [2022-11-01 23:20:52,189] {dag.py:2927} INFO - Setting next_dagrun for tutorial_taskflow_api_etl to None, run_after=None
[2022-11-01 23:20:52,439] {processor.py:161} INFO - Processing /home/nayara/Documentos/airflowalura/venv/lib/python3.9/site-packages/airflow/example_dags/tutorial_taskflow_api_etl.py took 0.433 seconds
