[2022-11-01 22:40:16,881] {processor.py:153} INFO - Started process (PID=17729) to work on /home/nayara/Documentos/airflowalura/venv/lib/python3.9/site-packages/airflow/example_dags/tutorial.py
[2022-11-01 22:40:16,882] {processor.py:641} INFO - Processing file /home/nayara/Documentos/airflowalura/venv/lib/python3.9/site-packages/airflow/example_dags/tutorial.py for tasks to queue
[2022-11-01 22:40:16,883] {logging_mixin.py:115} INFO - [2022-11-01 22:40:16,883] {dagbag.py:507} INFO - Filling up the DagBag from /home/nayara/Documentos/airflowalura/venv/lib/python3.9/site-packages/airflow/example_dags/tutorial.py
[2022-11-01 22:40:16,920] {processor.py:651} INFO - DAG(s) dict_keys(['tutorial']) retrieved from /home/nayara/Documentos/airflowalura/venv/lib/python3.9/site-packages/airflow/example_dags/tutorial.py
[2022-11-01 22:40:17,163] {logging_mixin.py:115} INFO - [2022-11-01 22:40:17,163] {dag.py:2379} INFO - Sync 1 DAGs
[2022-11-01 22:40:17,280] {logging_mixin.py:115} INFO - [2022-11-01 22:40:17,280] {dag.py:2927} INFO - Setting next_dagrun for tutorial to 2022-11-01T01:40:17.279453+00:00, run_after=2022-11-02T01:40:17.279453+00:00
[2022-11-01 22:40:17,876] {processor.py:161} INFO - Processing /home/nayara/Documentos/airflowalura/venv/lib/python3.9/site-packages/airflow/example_dags/tutorial.py took 1.003 seconds
[2022-11-01 22:42:40,106] {processor.py:153} INFO - Started process (PID=17953) to work on /home/nayara/Documentos/airflowalura/venv/lib/python3.9/site-packages/airflow/example_dags/tutorial.py
[2022-11-01 22:42:40,214] {processor.py:641} INFO - Processing file /home/nayara/Documentos/airflowalura/venv/lib/python3.9/site-packages/airflow/example_dags/tutorial.py for tasks to queue
[2022-11-01 22:42:40,216] {logging_mixin.py:115} INFO - [2022-11-01 22:42:40,216] {dagbag.py:507} INFO - Filling up the DagBag from /home/nayara/Documentos/airflowalura/venv/lib/python3.9/site-packages/airflow/example_dags/tutorial.py
[2022-11-01 22:42:40,245] {processor.py:651} INFO - DAG(s) dict_keys(['tutorial']) retrieved from /home/nayara/Documentos/airflowalura/venv/lib/python3.9/site-packages/airflow/example_dags/tutorial.py
[2022-11-01 22:42:40,311] {logging_mixin.py:115} INFO - [2022-11-01 22:42:40,311] {dag.py:2379} INFO - Sync 1 DAGs
[2022-11-01 22:42:40,334] {logging_mixin.py:115} INFO - [2022-11-01 22:42:40,334] {dag.py:2927} INFO - Setting next_dagrun for tutorial to 2022-11-01T01:42:40.333830+00:00, run_after=2022-11-02T01:42:40.333830+00:00
[2022-11-01 22:42:41,327] {processor.py:161} INFO - Processing /home/nayara/Documentos/airflowalura/venv/lib/python3.9/site-packages/airflow/example_dags/tutorial.py took 1.235 seconds
[2022-11-01 22:43:40,022] {processor.py:153} INFO - Started process (PID=18036) to work on /home/nayara/Documentos/airflowalura/venv/lib/python3.9/site-packages/airflow/example_dags/tutorial.py
[2022-11-01 22:43:40,051] {processor.py:641} INFO - Processing file /home/nayara/Documentos/airflowalura/venv/lib/python3.9/site-packages/airflow/example_dags/tutorial.py for tasks to queue
[2022-11-01 22:43:40,053] {logging_mixin.py:115} INFO - [2022-11-01 22:43:40,053] {dagbag.py:507} INFO - Filling up the DagBag from /home/nayara/Documentos/airflowalura/venv/lib/python3.9/site-packages/airflow/example_dags/tutorial.py
[2022-11-01 22:43:40,076] {processor.py:651} INFO - DAG(s) dict_keys(['tutorial']) retrieved from /home/nayara/Documentos/airflowalura/venv/lib/python3.9/site-packages/airflow/example_dags/tutorial.py
[2022-11-01 22:43:40,122] {logging_mixin.py:115} INFO - [2022-11-01 22:43:40,122] {dag.py:2379} INFO - Sync 1 DAGs
[2022-11-01 22:43:40,166] {logging_mixin.py:115} INFO - [2022-11-01 22:43:40,165] {dag.py:2927} INFO - Setting next_dagrun for tutorial to 2022-11-01T01:43:40.165022+00:00, run_after=2022-11-02T01:43:40.165022+00:00
[2022-11-01 22:43:40,512] {processor.py:161} INFO - Processing /home/nayara/Documentos/airflowalura/venv/lib/python3.9/site-packages/airflow/example_dags/tutorial.py took 0.494 seconds
[2022-11-01 22:44:27,860] {processor.py:153} INFO - Started process (PID=18118) to work on /home/nayara/Documentos/airflowalura/venv/lib/python3.9/site-packages/airflow/example_dags/tutorial.py
[2022-11-01 22:44:27,862] {processor.py:641} INFO - Processing file /home/nayara/Documentos/airflowalura/venv/lib/python3.9/site-packages/airflow/example_dags/tutorial.py for tasks to queue
[2022-11-01 22:44:27,863] {logging_mixin.py:115} INFO - [2022-11-01 22:44:27,863] {dagbag.py:507} INFO - Filling up the DagBag from /home/nayara/Documentos/airflowalura/venv/lib/python3.9/site-packages/airflow/example_dags/tutorial.py
[2022-11-01 22:44:27,883] {processor.py:651} INFO - DAG(s) dict_keys(['tutorial']) retrieved from /home/nayara/Documentos/airflowalura/venv/lib/python3.9/site-packages/airflow/example_dags/tutorial.py
[2022-11-01 22:44:27,934] {logging_mixin.py:115} INFO - [2022-11-01 22:44:27,933] {dag.py:2379} INFO - Sync 1 DAGs
[2022-11-01 22:44:27,976] {logging_mixin.py:115} INFO - [2022-11-01 22:44:27,975] {dag.py:2927} INFO - Setting next_dagrun for tutorial to 2022-11-01T01:44:27.975085+00:00, run_after=2022-11-02T01:44:27.975085+00:00
[2022-11-01 22:44:28,284] {processor.py:161} INFO - Processing /home/nayara/Documentos/airflowalura/venv/lib/python3.9/site-packages/airflow/example_dags/tutorial.py took 0.430 seconds
[2022-11-01 22:45:33,825] {processor.py:153} INFO - Started process (PID=18228) to work on /home/nayara/Documentos/airflowalura/venv/lib/python3.9/site-packages/airflow/example_dags/tutorial.py
[2022-11-01 22:45:33,873] {processor.py:641} INFO - Processing file /home/nayara/Documentos/airflowalura/venv/lib/python3.9/site-packages/airflow/example_dags/tutorial.py for tasks to queue
[2022-11-01 22:45:33,874] {logging_mixin.py:115} INFO - [2022-11-01 22:45:33,874] {dagbag.py:507} INFO - Filling up the DagBag from /home/nayara/Documentos/airflowalura/venv/lib/python3.9/site-packages/airflow/example_dags/tutorial.py
[2022-11-01 22:45:33,886] {processor.py:651} INFO - DAG(s) dict_keys(['tutorial']) retrieved from /home/nayara/Documentos/airflowalura/venv/lib/python3.9/site-packages/airflow/example_dags/tutorial.py
[2022-11-01 22:45:33,930] {logging_mixin.py:115} INFO - [2022-11-01 22:45:33,930] {dag.py:2379} INFO - Sync 1 DAGs
[2022-11-01 22:45:33,965] {logging_mixin.py:115} INFO - [2022-11-01 22:45:33,965] {dag.py:2927} INFO - Setting next_dagrun for tutorial to 2022-11-01T01:45:33.964623+00:00, run_after=2022-11-02T01:45:33.964623+00:00
[2022-11-01 22:45:34,412] {processor.py:161} INFO - Processing /home/nayara/Documentos/airflowalura/venv/lib/python3.9/site-packages/airflow/example_dags/tutorial.py took 0.595 seconds
[2022-11-01 22:46:31,593] {processor.py:153} INFO - Started process (PID=18342) to work on /home/nayara/Documentos/airflowalura/venv/lib/python3.9/site-packages/airflow/example_dags/tutorial.py
[2022-11-01 22:46:31,716] {processor.py:641} INFO - Processing file /home/nayara/Documentos/airflowalura/venv/lib/python3.9/site-packages/airflow/example_dags/tutorial.py for tasks to queue
[2022-11-01 22:46:31,718] {logging_mixin.py:115} INFO - [2022-11-01 22:46:31,718] {dagbag.py:507} INFO - Filling up the DagBag from /home/nayara/Documentos/airflowalura/venv/lib/python3.9/site-packages/airflow/example_dags/tutorial.py
[2022-11-01 22:46:31,743] {processor.py:651} INFO - DAG(s) dict_keys(['tutorial']) retrieved from /home/nayara/Documentos/airflowalura/venv/lib/python3.9/site-packages/airflow/example_dags/tutorial.py
[2022-11-01 22:46:31,790] {logging_mixin.py:115} INFO - [2022-11-01 22:46:31,790] {dag.py:2379} INFO - Sync 1 DAGs
[2022-11-01 22:46:31,824] {logging_mixin.py:115} INFO - [2022-11-01 22:46:31,824] {dag.py:2927} INFO - Setting next_dagrun for tutorial to 2022-11-01T01:46:31.823776+00:00, run_after=2022-11-02T01:46:31.823776+00:00
[2022-11-01 22:46:32,833] {processor.py:161} INFO - Processing /home/nayara/Documentos/airflowalura/venv/lib/python3.9/site-packages/airflow/example_dags/tutorial.py took 1.244 seconds
[2022-11-01 22:47:12,017] {processor.py:153} INFO - Started process (PID=18451) to work on /home/nayara/Documentos/airflowalura/venv/lib/python3.9/site-packages/airflow/example_dags/tutorial.py
[2022-11-01 22:47:12,034] {processor.py:641} INFO - Processing file /home/nayara/Documentos/airflowalura/venv/lib/python3.9/site-packages/airflow/example_dags/tutorial.py for tasks to queue
[2022-11-01 22:47:12,035] {logging_mixin.py:115} INFO - [2022-11-01 22:47:12,035] {dagbag.py:507} INFO - Filling up the DagBag from /home/nayara/Documentos/airflowalura/venv/lib/python3.9/site-packages/airflow/example_dags/tutorial.py
[2022-11-01 22:47:12,055] {processor.py:651} INFO - DAG(s) dict_keys(['tutorial']) retrieved from /home/nayara/Documentos/airflowalura/venv/lib/python3.9/site-packages/airflow/example_dags/tutorial.py
[2022-11-01 22:47:12,311] {logging_mixin.py:115} INFO - [2022-11-01 22:47:12,311] {dag.py:2379} INFO - Sync 1 DAGs
[2022-11-01 22:47:12,341] {logging_mixin.py:115} INFO - [2022-11-01 22:47:12,341] {dag.py:2927} INFO - Setting next_dagrun for tutorial to 2022-11-01T01:47:12.340821+00:00, run_after=2022-11-02T01:47:12.340821+00:00
[2022-11-01 22:47:12,741] {processor.py:161} INFO - Processing /home/nayara/Documentos/airflowalura/venv/lib/python3.9/site-packages/airflow/example_dags/tutorial.py took 0.746 seconds
[2022-11-01 22:48:11,591] {processor.py:153} INFO - Started process (PID=18570) to work on /home/nayara/Documentos/airflowalura/venv/lib/python3.9/site-packages/airflow/example_dags/tutorial.py
[2022-11-01 22:48:11,593] {processor.py:641} INFO - Processing file /home/nayara/Documentos/airflowalura/venv/lib/python3.9/site-packages/airflow/example_dags/tutorial.py for tasks to queue
[2022-11-01 22:48:11,594] {logging_mixin.py:115} INFO - [2022-11-01 22:48:11,594] {dagbag.py:507} INFO - Filling up the DagBag from /home/nayara/Documentos/airflowalura/venv/lib/python3.9/site-packages/airflow/example_dags/tutorial.py
[2022-11-01 22:48:11,608] {processor.py:651} INFO - DAG(s) dict_keys(['tutorial']) retrieved from /home/nayara/Documentos/airflowalura/venv/lib/python3.9/site-packages/airflow/example_dags/tutorial.py
[2022-11-01 22:48:11,650] {logging_mixin.py:115} INFO - [2022-11-01 22:48:11,650] {dag.py:2379} INFO - Sync 1 DAGs
[2022-11-01 22:48:11,684] {logging_mixin.py:115} INFO - [2022-11-01 22:48:11,684] {dag.py:2927} INFO - Setting next_dagrun for tutorial to 2022-11-01T01:48:11.683843+00:00, run_after=2022-11-02T01:48:11.683843+00:00
[2022-11-01 22:48:11,943] {processor.py:161} INFO - Processing /home/nayara/Documentos/airflowalura/venv/lib/python3.9/site-packages/airflow/example_dags/tutorial.py took 0.362 seconds
[2022-11-01 22:49:07,777] {processor.py:153} INFO - Started process (PID=18674) to work on /home/nayara/Documentos/airflowalura/venv/lib/python3.9/site-packages/airflow/example_dags/tutorial.py
[2022-11-01 22:49:07,806] {processor.py:641} INFO - Processing file /home/nayara/Documentos/airflowalura/venv/lib/python3.9/site-packages/airflow/example_dags/tutorial.py for tasks to queue
[2022-11-01 22:49:07,807] {logging_mixin.py:115} INFO - [2022-11-01 22:49:07,807] {dagbag.py:507} INFO - Filling up the DagBag from /home/nayara/Documentos/airflowalura/venv/lib/python3.9/site-packages/airflow/example_dags/tutorial.py
[2022-11-01 22:49:07,821] {processor.py:651} INFO - DAG(s) dict_keys(['tutorial']) retrieved from /home/nayara/Documentos/airflowalura/venv/lib/python3.9/site-packages/airflow/example_dags/tutorial.py
[2022-11-01 22:49:08,303] {logging_mixin.py:115} INFO - [2022-11-01 22:49:08,302] {dag.py:2379} INFO - Sync 1 DAGs
[2022-11-01 22:49:08,341] {logging_mixin.py:115} INFO - [2022-11-01 22:49:08,341] {dag.py:2927} INFO - Setting next_dagrun for tutorial to 2022-11-01T01:49:08.340692+00:00, run_after=2022-11-02T01:49:08.340692+00:00
[2022-11-01 22:49:08,801] {processor.py:161} INFO - Processing /home/nayara/Documentos/airflowalura/venv/lib/python3.9/site-packages/airflow/example_dags/tutorial.py took 1.039 seconds
[2022-11-01 22:50:04,708] {processor.py:153} INFO - Started process (PID=18778) to work on /home/nayara/Documentos/airflowalura/venv/lib/python3.9/site-packages/airflow/example_dags/tutorial.py
[2022-11-01 22:50:04,710] {processor.py:641} INFO - Processing file /home/nayara/Documentos/airflowalura/venv/lib/python3.9/site-packages/airflow/example_dags/tutorial.py for tasks to queue
[2022-11-01 22:50:04,711] {logging_mixin.py:115} INFO - [2022-11-01 22:50:04,711] {dagbag.py:507} INFO - Filling up the DagBag from /home/nayara/Documentos/airflowalura/venv/lib/python3.9/site-packages/airflow/example_dags/tutorial.py
[2022-11-01 22:50:04,727] {processor.py:651} INFO - DAG(s) dict_keys(['tutorial']) retrieved from /home/nayara/Documentos/airflowalura/venv/lib/python3.9/site-packages/airflow/example_dags/tutorial.py
[2022-11-01 22:50:04,772] {logging_mixin.py:115} INFO - [2022-11-01 22:50:04,771] {dag.py:2379} INFO - Sync 1 DAGs
[2022-11-01 22:50:04,806] {logging_mixin.py:115} INFO - [2022-11-01 22:50:04,805] {dag.py:2927} INFO - Setting next_dagrun for tutorial to 2022-11-01T01:50:04.805348+00:00, run_after=2022-11-02T01:50:04.805348+00:00
[2022-11-01 22:50:05,111] {processor.py:161} INFO - Processing /home/nayara/Documentos/airflowalura/venv/lib/python3.9/site-packages/airflow/example_dags/tutorial.py took 0.413 seconds
[2022-11-01 22:50:56,737] {processor.py:153} INFO - Started process (PID=18878) to work on /home/nayara/Documentos/airflowalura/venv/lib/python3.9/site-packages/airflow/example_dags/tutorial.py
[2022-11-01 22:50:56,773] {processor.py:641} INFO - Processing file /home/nayara/Documentos/airflowalura/venv/lib/python3.9/site-packages/airflow/example_dags/tutorial.py for tasks to queue
[2022-11-01 22:50:56,774] {logging_mixin.py:115} INFO - [2022-11-01 22:50:56,773] {dagbag.py:507} INFO - Filling up the DagBag from /home/nayara/Documentos/airflowalura/venv/lib/python3.9/site-packages/airflow/example_dags/tutorial.py
[2022-11-01 22:50:56,786] {processor.py:651} INFO - DAG(s) dict_keys(['tutorial']) retrieved from /home/nayara/Documentos/airflowalura/venv/lib/python3.9/site-packages/airflow/example_dags/tutorial.py
[2022-11-01 22:50:56,826] {logging_mixin.py:115} INFO - [2022-11-01 22:50:56,826] {dag.py:2379} INFO - Sync 1 DAGs
[2022-11-01 22:50:56,867] {logging_mixin.py:115} INFO - [2022-11-01 22:50:56,867] {dag.py:2927} INFO - Setting next_dagrun for tutorial to 2022-11-01T01:50:56.865499+00:00, run_after=2022-11-02T01:50:56.865499+00:00
[2022-11-01 22:50:57,339] {processor.py:161} INFO - Processing /home/nayara/Documentos/airflowalura/venv/lib/python3.9/site-packages/airflow/example_dags/tutorial.py took 0.609 seconds
[2022-11-01 22:51:37,692] {processor.py:153} INFO - Started process (PID=18953) to work on /home/nayara/Documentos/airflowalura/venv/lib/python3.9/site-packages/airflow/example_dags/tutorial.py
[2022-11-01 22:51:37,697] {processor.py:641} INFO - Processing file /home/nayara/Documentos/airflowalura/venv/lib/python3.9/site-packages/airflow/example_dags/tutorial.py for tasks to queue
[2022-11-01 22:51:37,698] {logging_mixin.py:115} INFO - [2022-11-01 22:51:37,698] {dagbag.py:507} INFO - Filling up the DagBag from /home/nayara/Documentos/airflowalura/venv/lib/python3.9/site-packages/airflow/example_dags/tutorial.py
[2022-11-01 22:51:37,716] {processor.py:651} INFO - DAG(s) dict_keys(['tutorial']) retrieved from /home/nayara/Documentos/airflowalura/venv/lib/python3.9/site-packages/airflow/example_dags/tutorial.py
[2022-11-01 22:51:37,757] {logging_mixin.py:115} INFO - [2022-11-01 22:51:37,757] {dag.py:2379} INFO - Sync 1 DAGs
[2022-11-01 22:51:37,796] {logging_mixin.py:115} INFO - [2022-11-01 22:51:37,796] {dag.py:2927} INFO - Setting next_dagrun for tutorial to 2022-11-01T01:51:37.796187+00:00, run_after=2022-11-02T01:51:37.796187+00:00
[2022-11-01 22:51:38,116] {processor.py:161} INFO - Processing /home/nayara/Documentos/airflowalura/venv/lib/python3.9/site-packages/airflow/example_dags/tutorial.py took 0.431 seconds
[2022-11-01 22:52:28,956] {processor.py:153} INFO - Started process (PID=19075) to work on /home/nayara/Documentos/airflowalura/venv/lib/python3.9/site-packages/airflow/example_dags/tutorial.py
[2022-11-01 22:52:29,004] {processor.py:641} INFO - Processing file /home/nayara/Documentos/airflowalura/venv/lib/python3.9/site-packages/airflow/example_dags/tutorial.py for tasks to queue
[2022-11-01 22:52:29,009] {logging_mixin.py:115} INFO - [2022-11-01 22:52:29,009] {dagbag.py:507} INFO - Filling up the DagBag from /home/nayara/Documentos/airflowalura/venv/lib/python3.9/site-packages/airflow/example_dags/tutorial.py
[2022-11-01 22:52:29,020] {processor.py:651} INFO - DAG(s) dict_keys(['tutorial']) retrieved from /home/nayara/Documentos/airflowalura/venv/lib/python3.9/site-packages/airflow/example_dags/tutorial.py
[2022-11-01 22:52:29,062] {logging_mixin.py:115} INFO - [2022-11-01 22:52:29,061] {dag.py:2379} INFO - Sync 1 DAGs
[2022-11-01 22:52:29,100] {logging_mixin.py:115} INFO - [2022-11-01 22:52:29,099] {dag.py:2927} INFO - Setting next_dagrun for tutorial to 2022-11-01T01:52:29.099381+00:00, run_after=2022-11-02T01:52:29.099381+00:00
[2022-11-01 22:52:29,479] {processor.py:161} INFO - Processing /home/nayara/Documentos/airflowalura/venv/lib/python3.9/site-packages/airflow/example_dags/tutorial.py took 0.531 seconds
[2022-11-01 22:53:09,924] {processor.py:153} INFO - Started process (PID=19158) to work on /home/nayara/Documentos/airflowalura/venv/lib/python3.9/site-packages/airflow/example_dags/tutorial.py
[2022-11-01 22:53:09,947] {processor.py:641} INFO - Processing file /home/nayara/Documentos/airflowalura/venv/lib/python3.9/site-packages/airflow/example_dags/tutorial.py for tasks to queue
[2022-11-01 22:53:09,948] {logging_mixin.py:115} INFO - [2022-11-01 22:53:09,948] {dagbag.py:507} INFO - Filling up the DagBag from /home/nayara/Documentos/airflowalura/venv/lib/python3.9/site-packages/airflow/example_dags/tutorial.py
[2022-11-01 22:53:09,958] {processor.py:651} INFO - DAG(s) dict_keys(['tutorial']) retrieved from /home/nayara/Documentos/airflowalura/venv/lib/python3.9/site-packages/airflow/example_dags/tutorial.py
[2022-11-01 22:53:09,995] {logging_mixin.py:115} INFO - [2022-11-01 22:53:09,995] {dag.py:2379} INFO - Sync 1 DAGs
[2022-11-01 22:53:10,040] {logging_mixin.py:115} INFO - [2022-11-01 22:53:10,039] {dag.py:2927} INFO - Setting next_dagrun for tutorial to 2022-11-01T01:53:10.039502+00:00, run_after=2022-11-02T01:53:10.039502+00:00
[2022-11-01 22:53:10,380] {processor.py:161} INFO - Processing /home/nayara/Documentos/airflowalura/venv/lib/python3.9/site-packages/airflow/example_dags/tutorial.py took 0.460 seconds
[2022-11-01 22:54:09,254] {processor.py:153} INFO - Started process (PID=19276) to work on /home/nayara/Documentos/airflowalura/venv/lib/python3.9/site-packages/airflow/example_dags/tutorial.py
[2022-11-01 22:54:09,272] {processor.py:641} INFO - Processing file /home/nayara/Documentos/airflowalura/venv/lib/python3.9/site-packages/airflow/example_dags/tutorial.py for tasks to queue
[2022-11-01 22:54:09,275] {logging_mixin.py:115} INFO - [2022-11-01 22:54:09,274] {dagbag.py:507} INFO - Filling up the DagBag from /home/nayara/Documentos/airflowalura/venv/lib/python3.9/site-packages/airflow/example_dags/tutorial.py
[2022-11-01 22:54:09,287] {processor.py:651} INFO - DAG(s) dict_keys(['tutorial']) retrieved from /home/nayara/Documentos/airflowalura/venv/lib/python3.9/site-packages/airflow/example_dags/tutorial.py
[2022-11-01 22:54:09,307] {logging_mixin.py:115} INFO - [2022-11-01 22:54:09,307] {dag.py:2379} INFO - Sync 1 DAGs
[2022-11-01 22:54:09,331] {logging_mixin.py:115} INFO - [2022-11-01 22:54:09,331] {dag.py:2927} INFO - Setting next_dagrun for tutorial to 2022-11-01T01:54:09.331368+00:00, run_after=2022-11-02T01:54:09.331368+00:00
[2022-11-01 22:54:09,665] {processor.py:161} INFO - Processing /home/nayara/Documentos/airflowalura/venv/lib/python3.9/site-packages/airflow/example_dags/tutorial.py took 0.415 seconds
[2022-11-01 22:55:19,618] {processor.py:153} INFO - Started process (PID=19452) to work on /home/nayara/Documentos/airflowalura/venv/lib/python3.9/site-packages/airflow/example_dags/tutorial.py
[2022-11-01 22:55:19,687] {processor.py:641} INFO - Processing file /home/nayara/Documentos/airflowalura/venv/lib/python3.9/site-packages/airflow/example_dags/tutorial.py for tasks to queue
[2022-11-01 22:55:19,689] {logging_mixin.py:115} INFO - [2022-11-01 22:55:19,689] {dagbag.py:507} INFO - Filling up the DagBag from /home/nayara/Documentos/airflowalura/venv/lib/python3.9/site-packages/airflow/example_dags/tutorial.py
[2022-11-01 22:55:19,714] {processor.py:651} INFO - DAG(s) dict_keys(['tutorial']) retrieved from /home/nayara/Documentos/airflowalura/venv/lib/python3.9/site-packages/airflow/example_dags/tutorial.py
[2022-11-01 22:55:19,738] {logging_mixin.py:115} INFO - [2022-11-01 22:55:19,738] {dag.py:2379} INFO - Sync 1 DAGs
[2022-11-01 22:55:19,755] {logging_mixin.py:115} INFO - [2022-11-01 22:55:19,755] {dag.py:2927} INFO - Setting next_dagrun for tutorial to 2022-11-01T01:55:19.755438+00:00, run_after=2022-11-02T01:55:19.755438+00:00
[2022-11-01 22:55:20,234] {processor.py:161} INFO - Processing /home/nayara/Documentos/airflowalura/venv/lib/python3.9/site-packages/airflow/example_dags/tutorial.py took 0.621 seconds
[2022-11-01 22:56:26,752] {processor.py:153} INFO - Started process (PID=19586) to work on /home/nayara/Documentos/airflowalura/venv/lib/python3.9/site-packages/airflow/example_dags/tutorial.py
[2022-11-01 22:56:26,890] {processor.py:641} INFO - Processing file /home/nayara/Documentos/airflowalura/venv/lib/python3.9/site-packages/airflow/example_dags/tutorial.py for tasks to queue
[2022-11-01 22:56:26,892] {logging_mixin.py:115} INFO - [2022-11-01 22:56:26,891] {dagbag.py:507} INFO - Filling up the DagBag from /home/nayara/Documentos/airflowalura/venv/lib/python3.9/site-packages/airflow/example_dags/tutorial.py
[2022-11-01 22:56:26,905] {processor.py:651} INFO - DAG(s) dict_keys(['tutorial']) retrieved from /home/nayara/Documentos/airflowalura/venv/lib/python3.9/site-packages/airflow/example_dags/tutorial.py
[2022-11-01 22:56:26,925] {logging_mixin.py:115} INFO - [2022-11-01 22:56:26,925] {dag.py:2379} INFO - Sync 1 DAGs
[2022-11-01 22:56:26,943] {logging_mixin.py:115} INFO - [2022-11-01 22:56:26,943] {dag.py:2927} INFO - Setting next_dagrun for tutorial to 2022-11-01T01:56:26.942857+00:00, run_after=2022-11-02T01:56:26.942857+00:00
[2022-11-01 22:56:27,672] {processor.py:161} INFO - Processing /home/nayara/Documentos/airflowalura/venv/lib/python3.9/site-packages/airflow/example_dags/tutorial.py took 0.926 seconds
[2022-11-01 22:57:13,674] {processor.py:153} INFO - Started process (PID=19737) to work on /home/nayara/Documentos/airflowalura/venv/lib/python3.9/site-packages/airflow/example_dags/tutorial.py
[2022-11-01 22:57:13,675] {processor.py:641} INFO - Processing file /home/nayara/Documentos/airflowalura/venv/lib/python3.9/site-packages/airflow/example_dags/tutorial.py for tasks to queue
[2022-11-01 22:57:13,676] {logging_mixin.py:115} INFO - [2022-11-01 22:57:13,676] {dagbag.py:507} INFO - Filling up the DagBag from /home/nayara/Documentos/airflowalura/venv/lib/python3.9/site-packages/airflow/example_dags/tutorial.py
[2022-11-01 22:57:13,684] {processor.py:651} INFO - DAG(s) dict_keys(['tutorial']) retrieved from /home/nayara/Documentos/airflowalura/venv/lib/python3.9/site-packages/airflow/example_dags/tutorial.py
[2022-11-01 22:57:13,708] {logging_mixin.py:115} INFO - [2022-11-01 22:57:13,708] {dag.py:2379} INFO - Sync 1 DAGs
[2022-11-01 22:57:13,729] {logging_mixin.py:115} INFO - [2022-11-01 22:57:13,729] {dag.py:2927} INFO - Setting next_dagrun for tutorial to 2022-11-01T01:57:13.729161+00:00, run_after=2022-11-02T01:57:13.729161+00:00
[2022-11-01 22:57:14,094] {processor.py:161} INFO - Processing /home/nayara/Documentos/airflowalura/venv/lib/python3.9/site-packages/airflow/example_dags/tutorial.py took 0.424 seconds
[2022-11-01 22:57:56,037] {processor.py:153} INFO - Started process (PID=19827) to work on /home/nayara/Documentos/airflowalura/venv/lib/python3.9/site-packages/airflow/example_dags/tutorial.py
[2022-11-01 22:57:56,039] {processor.py:641} INFO - Processing file /home/nayara/Documentos/airflowalura/venv/lib/python3.9/site-packages/airflow/example_dags/tutorial.py for tasks to queue
[2022-11-01 22:57:56,040] {logging_mixin.py:115} INFO - [2022-11-01 22:57:56,039] {dagbag.py:507} INFO - Filling up the DagBag from /home/nayara/Documentos/airflowalura/venv/lib/python3.9/site-packages/airflow/example_dags/tutorial.py
[2022-11-01 22:57:56,048] {processor.py:651} INFO - DAG(s) dict_keys(['tutorial']) retrieved from /home/nayara/Documentos/airflowalura/venv/lib/python3.9/site-packages/airflow/example_dags/tutorial.py
[2022-11-01 22:57:56,067] {logging_mixin.py:115} INFO - [2022-11-01 22:57:56,067] {dag.py:2379} INFO - Sync 1 DAGs
[2022-11-01 22:57:56,085] {logging_mixin.py:115} INFO - [2022-11-01 22:57:56,085] {dag.py:2927} INFO - Setting next_dagrun for tutorial to 2022-11-01T01:57:56.084847+00:00, run_after=2022-11-02T01:57:56.084847+00:00
[2022-11-01 22:57:56,363] {processor.py:161} INFO - Processing /home/nayara/Documentos/airflowalura/venv/lib/python3.9/site-packages/airflow/example_dags/tutorial.py took 0.333 seconds
[2022-11-01 22:58:50,277] {processor.py:153} INFO - Started process (PID=19927) to work on /home/nayara/Documentos/airflowalura/venv/lib/python3.9/site-packages/airflow/example_dags/tutorial.py
[2022-11-01 22:58:50,330] {processor.py:641} INFO - Processing file /home/nayara/Documentos/airflowalura/venv/lib/python3.9/site-packages/airflow/example_dags/tutorial.py for tasks to queue
[2022-11-01 22:58:50,333] {logging_mixin.py:115} INFO - [2022-11-01 22:58:50,332] {dagbag.py:507} INFO - Filling up the DagBag from /home/nayara/Documentos/airflowalura/venv/lib/python3.9/site-packages/airflow/example_dags/tutorial.py
[2022-11-01 22:58:50,359] {processor.py:651} INFO - DAG(s) dict_keys(['tutorial']) retrieved from /home/nayara/Documentos/airflowalura/venv/lib/python3.9/site-packages/airflow/example_dags/tutorial.py
[2022-11-01 22:58:50,383] {logging_mixin.py:115} INFO - [2022-11-01 22:58:50,383] {dag.py:2379} INFO - Sync 1 DAGs
[2022-11-01 22:58:50,401] {logging_mixin.py:115} INFO - [2022-11-01 22:58:50,401] {dag.py:2927} INFO - Setting next_dagrun for tutorial to 2022-11-01T01:58:50.400804+00:00, run_after=2022-11-02T01:58:50.400804+00:00
[2022-11-01 22:58:51,046] {processor.py:161} INFO - Processing /home/nayara/Documentos/airflowalura/venv/lib/python3.9/site-packages/airflow/example_dags/tutorial.py took 0.772 seconds
[2022-11-01 22:59:38,473] {processor.py:153} INFO - Started process (PID=20039) to work on /home/nayara/Documentos/airflowalura/venv/lib/python3.9/site-packages/airflow/example_dags/tutorial.py
[2022-11-01 22:59:38,493] {processor.py:641} INFO - Processing file /home/nayara/Documentos/airflowalura/venv/lib/python3.9/site-packages/airflow/example_dags/tutorial.py for tasks to queue
[2022-11-01 22:59:38,495] {logging_mixin.py:115} INFO - [2022-11-01 22:59:38,495] {dagbag.py:507} INFO - Filling up the DagBag from /home/nayara/Documentos/airflowalura/venv/lib/python3.9/site-packages/airflow/example_dags/tutorial.py
[2022-11-01 22:59:38,516] {processor.py:651} INFO - DAG(s) dict_keys(['tutorial']) retrieved from /home/nayara/Documentos/airflowalura/venv/lib/python3.9/site-packages/airflow/example_dags/tutorial.py
[2022-11-01 22:59:38,538] {logging_mixin.py:115} INFO - [2022-11-01 22:59:38,538] {dag.py:2379} INFO - Sync 1 DAGs
[2022-11-01 22:59:38,557] {logging_mixin.py:115} INFO - [2022-11-01 22:59:38,556] {dag.py:2927} INFO - Setting next_dagrun for tutorial to 2022-11-01T01:59:38.556561+00:00, run_after=2022-11-02T01:59:38.556561+00:00
[2022-11-01 22:59:38,923] {processor.py:161} INFO - Processing /home/nayara/Documentos/airflowalura/venv/lib/python3.9/site-packages/airflow/example_dags/tutorial.py took 0.463 seconds
[2022-11-01 23:00:34,570] {processor.py:153} INFO - Started process (PID=20144) to work on /home/nayara/Documentos/airflowalura/venv/lib/python3.9/site-packages/airflow/example_dags/tutorial.py
[2022-11-01 23:00:34,571] {processor.py:641} INFO - Processing file /home/nayara/Documentos/airflowalura/venv/lib/python3.9/site-packages/airflow/example_dags/tutorial.py for tasks to queue
[2022-11-01 23:00:34,572] {logging_mixin.py:115} INFO - [2022-11-01 23:00:34,572] {dagbag.py:507} INFO - Filling up the DagBag from /home/nayara/Documentos/airflowalura/venv/lib/python3.9/site-packages/airflow/example_dags/tutorial.py
[2022-11-01 23:00:34,579] {processor.py:651} INFO - DAG(s) dict_keys(['tutorial']) retrieved from /home/nayara/Documentos/airflowalura/venv/lib/python3.9/site-packages/airflow/example_dags/tutorial.py
[2022-11-01 23:00:34,599] {logging_mixin.py:115} INFO - [2022-11-01 23:00:34,599] {dag.py:2379} INFO - Sync 1 DAGs
[2022-11-01 23:00:34,616] {logging_mixin.py:115} INFO - [2022-11-01 23:00:34,616] {dag.py:2927} INFO - Setting next_dagrun for tutorial to 2022-11-01T02:00:34.616060+00:00, run_after=2022-11-02T02:00:34.616060+00:00
[2022-11-01 23:00:34,887] {processor.py:161} INFO - Processing /home/nayara/Documentos/airflowalura/venv/lib/python3.9/site-packages/airflow/example_dags/tutorial.py took 0.323 seconds
[2022-11-01 23:01:24,367] {processor.py:153} INFO - Started process (PID=20240) to work on /home/nayara/Documentos/airflowalura/venv/lib/python3.9/site-packages/airflow/example_dags/tutorial.py
[2022-11-01 23:01:24,376] {processor.py:641} INFO - Processing file /home/nayara/Documentos/airflowalura/venv/lib/python3.9/site-packages/airflow/example_dags/tutorial.py for tasks to queue
[2022-11-01 23:01:24,377] {logging_mixin.py:115} INFO - [2022-11-01 23:01:24,377] {dagbag.py:507} INFO - Filling up the DagBag from /home/nayara/Documentos/airflowalura/venv/lib/python3.9/site-packages/airflow/example_dags/tutorial.py
[2022-11-01 23:01:24,384] {processor.py:651} INFO - DAG(s) dict_keys(['tutorial']) retrieved from /home/nayara/Documentos/airflowalura/venv/lib/python3.9/site-packages/airflow/example_dags/tutorial.py
[2022-11-01 23:01:24,405] {logging_mixin.py:115} INFO - [2022-11-01 23:01:24,405] {dag.py:2379} INFO - Sync 1 DAGs
[2022-11-01 23:01:24,423] {logging_mixin.py:115} INFO - [2022-11-01 23:01:24,423] {dag.py:2927} INFO - Setting next_dagrun for tutorial to 2022-11-01T02:01:24.423281+00:00, run_after=2022-11-02T02:01:24.423281+00:00
[2022-11-01 23:01:24,823] {processor.py:161} INFO - Processing /home/nayara/Documentos/airflowalura/venv/lib/python3.9/site-packages/airflow/example_dags/tutorial.py took 0.460 seconds
[2022-11-01 23:02:26,789] {processor.py:153} INFO - Started process (PID=20416) to work on /home/nayara/Documentos/airflowalura/venv/lib/python3.9/site-packages/airflow/example_dags/tutorial.py
[2022-11-01 23:02:26,801] {processor.py:641} INFO - Processing file /home/nayara/Documentos/airflowalura/venv/lib/python3.9/site-packages/airflow/example_dags/tutorial.py for tasks to queue
[2022-11-01 23:02:26,802] {logging_mixin.py:115} INFO - [2022-11-01 23:02:26,802] {dagbag.py:507} INFO - Filling up the DagBag from /home/nayara/Documentos/airflowalura/venv/lib/python3.9/site-packages/airflow/example_dags/tutorial.py
[2022-11-01 23:02:26,809] {processor.py:651} INFO - DAG(s) dict_keys(['tutorial']) retrieved from /home/nayara/Documentos/airflowalura/venv/lib/python3.9/site-packages/airflow/example_dags/tutorial.py
[2022-11-01 23:02:26,833] {logging_mixin.py:115} INFO - [2022-11-01 23:02:26,833] {dag.py:2379} INFO - Sync 1 DAGs
[2022-11-01 23:02:26,852] {logging_mixin.py:115} INFO - [2022-11-01 23:02:26,852] {dag.py:2927} INFO - Setting next_dagrun for tutorial to 2022-11-01T02:02:26.852245+00:00, run_after=2022-11-02T02:02:26.852245+00:00
[2022-11-01 23:02:27,298] {processor.py:161} INFO - Processing /home/nayara/Documentos/airflowalura/venv/lib/python3.9/site-packages/airflow/example_dags/tutorial.py took 0.514 seconds
[2022-11-01 23:03:21,715] {processor.py:153} INFO - Started process (PID=20516) to work on /home/nayara/Documentos/airflowalura/venv/lib/python3.9/site-packages/airflow/example_dags/tutorial.py
[2022-11-01 23:03:21,787] {processor.py:641} INFO - Processing file /home/nayara/Documentos/airflowalura/venv/lib/python3.9/site-packages/airflow/example_dags/tutorial.py for tasks to queue
[2022-11-01 23:03:21,791] {logging_mixin.py:115} INFO - [2022-11-01 23:03:21,790] {dagbag.py:507} INFO - Filling up the DagBag from /home/nayara/Documentos/airflowalura/venv/lib/python3.9/site-packages/airflow/example_dags/tutorial.py
[2022-11-01 23:03:21,826] {processor.py:651} INFO - DAG(s) dict_keys(['tutorial']) retrieved from /home/nayara/Documentos/airflowalura/venv/lib/python3.9/site-packages/airflow/example_dags/tutorial.py
[2022-11-01 23:03:21,862] {logging_mixin.py:115} INFO - [2022-11-01 23:03:21,862] {dag.py:2379} INFO - Sync 1 DAGs
[2022-11-01 23:03:21,889] {logging_mixin.py:115} INFO - [2022-11-01 23:03:21,889] {dag.py:2927} INFO - Setting next_dagrun for tutorial to 2022-11-01T02:03:21.889370+00:00, run_after=2022-11-02T02:03:21.889370+00:00
[2022-11-01 23:03:22,920] {processor.py:161} INFO - Processing /home/nayara/Documentos/airflowalura/venv/lib/python3.9/site-packages/airflow/example_dags/tutorial.py took 1.210 seconds
[2022-11-01 23:04:14,740] {processor.py:153} INFO - Started process (PID=20614) to work on /home/nayara/Documentos/airflowalura/venv/lib/python3.9/site-packages/airflow/example_dags/tutorial.py
[2022-11-01 23:04:14,755] {processor.py:641} INFO - Processing file /home/nayara/Documentos/airflowalura/venv/lib/python3.9/site-packages/airflow/example_dags/tutorial.py for tasks to queue
[2022-11-01 23:04:14,759] {logging_mixin.py:115} INFO - [2022-11-01 23:04:14,759] {dagbag.py:507} INFO - Filling up the DagBag from /home/nayara/Documentos/airflowalura/venv/lib/python3.9/site-packages/airflow/example_dags/tutorial.py
[2022-11-01 23:04:14,787] {processor.py:651} INFO - DAG(s) dict_keys(['tutorial']) retrieved from /home/nayara/Documentos/airflowalura/venv/lib/python3.9/site-packages/airflow/example_dags/tutorial.py
[2022-11-01 23:04:14,834] {logging_mixin.py:115} INFO - [2022-11-01 23:04:14,834] {dag.py:2379} INFO - Sync 1 DAGs
[2022-11-01 23:04:14,862] {logging_mixin.py:115} INFO - [2022-11-01 23:04:14,862] {dag.py:2927} INFO - Setting next_dagrun for tutorial to 2022-11-01T02:04:14.862131+00:00, run_after=2022-11-02T02:04:14.862131+00:00
[2022-11-01 23:04:15,355] {processor.py:161} INFO - Processing /home/nayara/Documentos/airflowalura/venv/lib/python3.9/site-packages/airflow/example_dags/tutorial.py took 0.631 seconds
[2022-11-01 23:05:12,252] {processor.py:153} INFO - Started process (PID=20736) to work on /home/nayara/Documentos/airflowalura/venv/lib/python3.9/site-packages/airflow/example_dags/tutorial.py
[2022-11-01 23:05:12,254] {processor.py:641} INFO - Processing file /home/nayara/Documentos/airflowalura/venv/lib/python3.9/site-packages/airflow/example_dags/tutorial.py for tasks to queue
[2022-11-01 23:05:12,256] {logging_mixin.py:115} INFO - [2022-11-01 23:05:12,255] {dagbag.py:507} INFO - Filling up the DagBag from /home/nayara/Documentos/airflowalura/venv/lib/python3.9/site-packages/airflow/example_dags/tutorial.py
[2022-11-01 23:05:12,269] {processor.py:651} INFO - DAG(s) dict_keys(['tutorial']) retrieved from /home/nayara/Documentos/airflowalura/venv/lib/python3.9/site-packages/airflow/example_dags/tutorial.py
[2022-11-01 23:05:12,295] {logging_mixin.py:115} INFO - [2022-11-01 23:05:12,295] {dag.py:2379} INFO - Sync 1 DAGs
[2022-11-01 23:05:12,316] {logging_mixin.py:115} INFO - [2022-11-01 23:05:12,315] {dag.py:2927} INFO - Setting next_dagrun for tutorial to 2022-11-01T02:05:12.315537+00:00, run_after=2022-11-02T02:05:12.315537+00:00
[2022-11-01 23:05:12,551] {processor.py:161} INFO - Processing /home/nayara/Documentos/airflowalura/venv/lib/python3.9/site-packages/airflow/example_dags/tutorial.py took 0.321 seconds
[2022-11-01 23:06:04,641] {processor.py:153} INFO - Started process (PID=20851) to work on /home/nayara/Documentos/airflowalura/venv/lib/python3.9/site-packages/airflow/example_dags/tutorial.py
[2022-11-01 23:06:04,643] {processor.py:641} INFO - Processing file /home/nayara/Documentos/airflowalura/venv/lib/python3.9/site-packages/airflow/example_dags/tutorial.py for tasks to queue
[2022-11-01 23:06:04,644] {logging_mixin.py:115} INFO - [2022-11-01 23:06:04,644] {dagbag.py:507} INFO - Filling up the DagBag from /home/nayara/Documentos/airflowalura/venv/lib/python3.9/site-packages/airflow/example_dags/tutorial.py
[2022-11-01 23:06:04,653] {processor.py:651} INFO - DAG(s) dict_keys(['tutorial']) retrieved from /home/nayara/Documentos/airflowalura/venv/lib/python3.9/site-packages/airflow/example_dags/tutorial.py
[2022-11-01 23:06:04,673] {logging_mixin.py:115} INFO - [2022-11-01 23:06:04,673] {dag.py:2379} INFO - Sync 1 DAGs
[2022-11-01 23:06:04,690] {logging_mixin.py:115} INFO - [2022-11-01 23:06:04,690] {dag.py:2927} INFO - Setting next_dagrun for tutorial to 2022-11-01T02:06:04.690497+00:00, run_after=2022-11-02T02:06:04.690497+00:00
[2022-11-01 23:06:05,199] {processor.py:161} INFO - Processing /home/nayara/Documentos/airflowalura/venv/lib/python3.9/site-packages/airflow/example_dags/tutorial.py took 0.569 seconds
[2022-11-01 23:07:00,247] {processor.py:153} INFO - Started process (PID=21020) to work on /home/nayara/Documentos/airflowalura/venv/lib/python3.9/site-packages/airflow/example_dags/tutorial.py
[2022-11-01 23:07:00,250] {processor.py:641} INFO - Processing file /home/nayara/Documentos/airflowalura/venv/lib/python3.9/site-packages/airflow/example_dags/tutorial.py for tasks to queue
[2022-11-01 23:07:00,251] {logging_mixin.py:115} INFO - [2022-11-01 23:07:00,251] {dagbag.py:507} INFO - Filling up the DagBag from /home/nayara/Documentos/airflowalura/venv/lib/python3.9/site-packages/airflow/example_dags/tutorial.py
[2022-11-01 23:07:00,258] {processor.py:651} INFO - DAG(s) dict_keys(['tutorial']) retrieved from /home/nayara/Documentos/airflowalura/venv/lib/python3.9/site-packages/airflow/example_dags/tutorial.py
[2022-11-01 23:07:00,278] {logging_mixin.py:115} INFO - [2022-11-01 23:07:00,278] {dag.py:2379} INFO - Sync 1 DAGs
[2022-11-01 23:07:00,296] {logging_mixin.py:115} INFO - [2022-11-01 23:07:00,296] {dag.py:2927} INFO - Setting next_dagrun for tutorial to 2022-11-01T02:07:00.296044+00:00, run_after=2022-11-02T02:07:00.296044+00:00
[2022-11-01 23:07:00,627] {processor.py:161} INFO - Processing /home/nayara/Documentos/airflowalura/venv/lib/python3.9/site-packages/airflow/example_dags/tutorial.py took 0.383 seconds
[2022-11-01 23:07:56,005] {processor.py:153} INFO - Started process (PID=21115) to work on /home/nayara/Documentos/airflowalura/venv/lib/python3.9/site-packages/airflow/example_dags/tutorial.py
[2022-11-01 23:07:56,007] {processor.py:641} INFO - Processing file /home/nayara/Documentos/airflowalura/venv/lib/python3.9/site-packages/airflow/example_dags/tutorial.py for tasks to queue
[2022-11-01 23:07:56,009] {logging_mixin.py:115} INFO - [2022-11-01 23:07:56,008] {dagbag.py:507} INFO - Filling up the DagBag from /home/nayara/Documentos/airflowalura/venv/lib/python3.9/site-packages/airflow/example_dags/tutorial.py
[2022-11-01 23:07:56,017] {processor.py:651} INFO - DAG(s) dict_keys(['tutorial']) retrieved from /home/nayara/Documentos/airflowalura/venv/lib/python3.9/site-packages/airflow/example_dags/tutorial.py
[2022-11-01 23:07:56,037] {logging_mixin.py:115} INFO - [2022-11-01 23:07:56,037] {dag.py:2379} INFO - Sync 1 DAGs
[2022-11-01 23:07:56,054] {logging_mixin.py:115} INFO - [2022-11-01 23:07:56,054] {dag.py:2927} INFO - Setting next_dagrun for tutorial to 2022-11-01T02:07:56.054011+00:00, run_after=2022-11-02T02:07:56.054011+00:00
[2022-11-01 23:07:56,308] {processor.py:161} INFO - Processing /home/nayara/Documentos/airflowalura/venv/lib/python3.9/site-packages/airflow/example_dags/tutorial.py took 0.315 seconds
[2022-11-01 23:08:37,632] {processor.py:153} INFO - Started process (PID=21195) to work on /home/nayara/Documentos/airflowalura/venv/lib/python3.9/site-packages/airflow/example_dags/tutorial.py
[2022-11-01 23:08:37,633] {processor.py:641} INFO - Processing file /home/nayara/Documentos/airflowalura/venv/lib/python3.9/site-packages/airflow/example_dags/tutorial.py for tasks to queue
[2022-11-01 23:08:37,635] {logging_mixin.py:115} INFO - [2022-11-01 23:08:37,634] {dagbag.py:507} INFO - Filling up the DagBag from /home/nayara/Documentos/airflowalura/venv/lib/python3.9/site-packages/airflow/example_dags/tutorial.py
[2022-11-01 23:08:37,644] {processor.py:651} INFO - DAG(s) dict_keys(['tutorial']) retrieved from /home/nayara/Documentos/airflowalura/venv/lib/python3.9/site-packages/airflow/example_dags/tutorial.py
[2022-11-01 23:08:37,664] {logging_mixin.py:115} INFO - [2022-11-01 23:08:37,664] {dag.py:2379} INFO - Sync 1 DAGs
[2022-11-01 23:08:37,682] {logging_mixin.py:115} INFO - [2022-11-01 23:08:37,682] {dag.py:2927} INFO - Setting next_dagrun for tutorial to 2022-11-01T02:08:37.681806+00:00, run_after=2022-11-02T02:08:37.681806+00:00
[2022-11-01 23:08:37,962] {processor.py:161} INFO - Processing /home/nayara/Documentos/airflowalura/venv/lib/python3.9/site-packages/airflow/example_dags/tutorial.py took 0.344 seconds
[2022-11-01 23:09:21,613] {processor.py:153} INFO - Started process (PID=21328) to work on /home/nayara/Documentos/airflowalura/venv/lib/python3.9/site-packages/airflow/example_dags/tutorial.py
[2022-11-01 23:09:21,630] {processor.py:641} INFO - Processing file /home/nayara/Documentos/airflowalura/venv/lib/python3.9/site-packages/airflow/example_dags/tutorial.py for tasks to queue
[2022-11-01 23:09:21,632] {logging_mixin.py:115} INFO - [2022-11-01 23:09:21,631] {dagbag.py:507} INFO - Filling up the DagBag from /home/nayara/Documentos/airflowalura/venv/lib/python3.9/site-packages/airflow/example_dags/tutorial.py
[2022-11-01 23:09:21,646] {processor.py:651} INFO - DAG(s) dict_keys(['tutorial']) retrieved from /home/nayara/Documentos/airflowalura/venv/lib/python3.9/site-packages/airflow/example_dags/tutorial.py
[2022-11-01 23:09:21,668] {logging_mixin.py:115} INFO - [2022-11-01 23:09:21,668] {dag.py:2379} INFO - Sync 1 DAGs
[2022-11-01 23:09:21,686] {logging_mixin.py:115} INFO - [2022-11-01 23:09:21,686] {dag.py:2927} INFO - Setting next_dagrun for tutorial to 2022-11-01T02:09:21.685651+00:00, run_after=2022-11-02T02:09:21.685651+00:00
[2022-11-01 23:09:22,112] {processor.py:161} INFO - Processing /home/nayara/Documentos/airflowalura/venv/lib/python3.9/site-packages/airflow/example_dags/tutorial.py took 0.512 seconds
[2022-11-01 23:10:43,878] {processor.py:153} INFO - Started process (PID=21526) to work on /home/nayara/Documentos/airflowalura/venv/lib/python3.9/site-packages/airflow/example_dags/tutorial.py
[2022-11-01 23:10:43,916] {processor.py:641} INFO - Processing file /home/nayara/Documentos/airflowalura/venv/lib/python3.9/site-packages/airflow/example_dags/tutorial.py for tasks to queue
[2022-11-01 23:10:43,932] {logging_mixin.py:115} INFO - [2022-11-01 23:10:43,931] {dagbag.py:507} INFO - Filling up the DagBag from /home/nayara/Documentos/airflowalura/venv/lib/python3.9/site-packages/airflow/example_dags/tutorial.py
[2022-11-01 23:10:43,967] {processor.py:651} INFO - DAG(s) dict_keys(['tutorial']) retrieved from /home/nayara/Documentos/airflowalura/venv/lib/python3.9/site-packages/airflow/example_dags/tutorial.py
[2022-11-01 23:10:44,019] {logging_mixin.py:115} INFO - [2022-11-01 23:10:44,019] {dag.py:2379} INFO - Sync 1 DAGs
[2022-11-01 23:10:44,041] {logging_mixin.py:115} INFO - [2022-11-01 23:10:44,040] {dag.py:2927} INFO - Setting next_dagrun for tutorial to 2022-11-01T02:10:44.040439+00:00, run_after=2022-11-02T02:10:44.040439+00:00
[2022-11-01 23:10:44,557] {processor.py:161} INFO - Processing /home/nayara/Documentos/airflowalura/venv/lib/python3.9/site-packages/airflow/example_dags/tutorial.py took 0.696 seconds
[2022-11-01 23:11:33,331] {processor.py:153} INFO - Started process (PID=21651) to work on /home/nayara/Documentos/airflowalura/venv/lib/python3.9/site-packages/airflow/example_dags/tutorial.py
[2022-11-01 23:11:33,333] {processor.py:641} INFO - Processing file /home/nayara/Documentos/airflowalura/venv/lib/python3.9/site-packages/airflow/example_dags/tutorial.py for tasks to queue
[2022-11-01 23:11:33,335] {logging_mixin.py:115} INFO - [2022-11-01 23:11:33,335] {dagbag.py:507} INFO - Filling up the DagBag from /home/nayara/Documentos/airflowalura/venv/lib/python3.9/site-packages/airflow/example_dags/tutorial.py
[2022-11-01 23:11:33,348] {processor.py:651} INFO - DAG(s) dict_keys(['tutorial']) retrieved from /home/nayara/Documentos/airflowalura/venv/lib/python3.9/site-packages/airflow/example_dags/tutorial.py
[2022-11-01 23:11:33,389] {logging_mixin.py:115} INFO - [2022-11-01 23:11:33,389] {dag.py:2379} INFO - Sync 1 DAGs
[2022-11-01 23:11:33,409] {logging_mixin.py:115} INFO - [2022-11-01 23:11:33,409] {dag.py:2927} INFO - Setting next_dagrun for tutorial to 2022-11-01T02:11:33.409222+00:00, run_after=2022-11-02T02:11:33.409222+00:00
[2022-11-01 23:11:33,887] {processor.py:161} INFO - Processing /home/nayara/Documentos/airflowalura/venv/lib/python3.9/site-packages/airflow/example_dags/tutorial.py took 0.566 seconds
[2022-11-01 23:12:16,570] {processor.py:153} INFO - Started process (PID=21784) to work on /home/nayara/Documentos/airflowalura/venv/lib/python3.9/site-packages/airflow/example_dags/tutorial.py
[2022-11-01 23:12:16,572] {processor.py:641} INFO - Processing file /home/nayara/Documentos/airflowalura/venv/lib/python3.9/site-packages/airflow/example_dags/tutorial.py for tasks to queue
[2022-11-01 23:12:16,573] {logging_mixin.py:115} INFO - [2022-11-01 23:12:16,573] {dagbag.py:507} INFO - Filling up the DagBag from /home/nayara/Documentos/airflowalura/venv/lib/python3.9/site-packages/airflow/example_dags/tutorial.py
[2022-11-01 23:12:16,587] {processor.py:651} INFO - DAG(s) dict_keys(['tutorial']) retrieved from /home/nayara/Documentos/airflowalura/venv/lib/python3.9/site-packages/airflow/example_dags/tutorial.py
[2022-11-01 23:12:16,950] {logging_mixin.py:115} INFO - [2022-11-01 23:12:16,949] {dag.py:2379} INFO - Sync 1 DAGs
[2022-11-01 23:12:17,015] {logging_mixin.py:115} INFO - [2022-11-01 23:12:17,015] {dag.py:2927} INFO - Setting next_dagrun for tutorial to 2022-11-01T02:12:17.014334+00:00, run_after=2022-11-02T02:12:17.014334+00:00
[2022-11-01 23:12:17,448] {processor.py:161} INFO - Processing /home/nayara/Documentos/airflowalura/venv/lib/python3.9/site-packages/airflow/example_dags/tutorial.py took 0.894 seconds
[2022-11-01 23:12:57,499] {processor.py:153} INFO - Started process (PID=21853) to work on /home/nayara/Documentos/airflowalura/venv/lib/python3.9/site-packages/airflow/example_dags/tutorial.py
[2022-11-01 23:12:57,501] {processor.py:641} INFO - Processing file /home/nayara/Documentos/airflowalura/venv/lib/python3.9/site-packages/airflow/example_dags/tutorial.py for tasks to queue
[2022-11-01 23:12:57,503] {logging_mixin.py:115} INFO - [2022-11-01 23:12:57,503] {dagbag.py:507} INFO - Filling up the DagBag from /home/nayara/Documentos/airflowalura/venv/lib/python3.9/site-packages/airflow/example_dags/tutorial.py
[2022-11-01 23:12:57,520] {processor.py:651} INFO - DAG(s) dict_keys(['tutorial']) retrieved from /home/nayara/Documentos/airflowalura/venv/lib/python3.9/site-packages/airflow/example_dags/tutorial.py
[2022-11-01 23:12:57,544] {logging_mixin.py:115} INFO - [2022-11-01 23:12:57,544] {dag.py:2379} INFO - Sync 1 DAGs
[2022-11-01 23:12:57,570] {logging_mixin.py:115} INFO - [2022-11-01 23:12:57,569] {dag.py:2927} INFO - Setting next_dagrun for tutorial to 2022-11-01T02:12:57.569360+00:00, run_after=2022-11-02T02:12:57.569360+00:00
[2022-11-01 23:12:57,887] {processor.py:161} INFO - Processing /home/nayara/Documentos/airflowalura/venv/lib/python3.9/site-packages/airflow/example_dags/tutorial.py took 0.406 seconds
[2022-11-01 23:14:08,671] {processor.py:153} INFO - Started process (PID=22040) to work on /home/nayara/Documentos/airflowalura/venv/lib/python3.9/site-packages/airflow/example_dags/tutorial.py
[2022-11-01 23:14:08,786] {processor.py:641} INFO - Processing file /home/nayara/Documentos/airflowalura/venv/lib/python3.9/site-packages/airflow/example_dags/tutorial.py for tasks to queue
[2022-11-01 23:14:08,788] {logging_mixin.py:115} INFO - [2022-11-01 23:14:08,788] {dagbag.py:507} INFO - Filling up the DagBag from /home/nayara/Documentos/airflowalura/venv/lib/python3.9/site-packages/airflow/example_dags/tutorial.py
[2022-11-01 23:14:08,795] {processor.py:651} INFO - DAG(s) dict_keys(['tutorial']) retrieved from /home/nayara/Documentos/airflowalura/venv/lib/python3.9/site-packages/airflow/example_dags/tutorial.py
[2022-11-01 23:14:08,884] {logging_mixin.py:115} INFO - [2022-11-01 23:14:08,883] {dag.py:2379} INFO - Sync 1 DAGs
[2022-11-01 23:14:08,910] {logging_mixin.py:115} INFO - [2022-11-01 23:14:08,910] {dag.py:2927} INFO - Setting next_dagrun for tutorial to 2022-11-01T02:14:08.910066+00:00, run_after=2022-11-02T02:14:08.910066+00:00
[2022-11-01 23:14:09,961] {processor.py:161} INFO - Processing /home/nayara/Documentos/airflowalura/venv/lib/python3.9/site-packages/airflow/example_dags/tutorial.py took 1.294 seconds
[2022-11-01 23:15:10,462] {processor.py:153} INFO - Started process (PID=22166) to work on /home/nayara/Documentos/airflowalura/venv/lib/python3.9/site-packages/airflow/example_dags/tutorial.py
[2022-11-01 23:15:10,464] {processor.py:641} INFO - Processing file /home/nayara/Documentos/airflowalura/venv/lib/python3.9/site-packages/airflow/example_dags/tutorial.py for tasks to queue
[2022-11-01 23:15:10,465] {logging_mixin.py:115} INFO - [2022-11-01 23:15:10,465] {dagbag.py:507} INFO - Filling up the DagBag from /home/nayara/Documentos/airflowalura/venv/lib/python3.9/site-packages/airflow/example_dags/tutorial.py
[2022-11-01 23:15:10,476] {processor.py:651} INFO - DAG(s) dict_keys(['tutorial']) retrieved from /home/nayara/Documentos/airflowalura/venv/lib/python3.9/site-packages/airflow/example_dags/tutorial.py
[2022-11-01 23:15:10,498] {logging_mixin.py:115} INFO - [2022-11-01 23:15:10,498] {dag.py:2379} INFO - Sync 1 DAGs
[2022-11-01 23:15:10,522] {logging_mixin.py:115} INFO - [2022-11-01 23:15:10,522] {dag.py:2927} INFO - Setting next_dagrun for tutorial to 2022-11-01T02:15:10.521913+00:00, run_after=2022-11-02T02:15:10.521913+00:00
[2022-11-01 23:15:11,159] {processor.py:161} INFO - Processing /home/nayara/Documentos/airflowalura/venv/lib/python3.9/site-packages/airflow/example_dags/tutorial.py took 0.704 seconds
[2022-11-01 23:16:12,879] {processor.py:153} INFO - Started process (PID=22337) to work on /home/nayara/Documentos/airflowalura/venv/lib/python3.9/site-packages/airflow/example_dags/tutorial.py
[2022-11-01 23:16:12,969] {processor.py:641} INFO - Processing file /home/nayara/Documentos/airflowalura/venv/lib/python3.9/site-packages/airflow/example_dags/tutorial.py for tasks to queue
[2022-11-01 23:16:12,971] {logging_mixin.py:115} INFO - [2022-11-01 23:16:12,971] {dagbag.py:507} INFO - Filling up the DagBag from /home/nayara/Documentos/airflowalura/venv/lib/python3.9/site-packages/airflow/example_dags/tutorial.py
[2022-11-01 23:16:12,989] {processor.py:651} INFO - DAG(s) dict_keys(['tutorial']) retrieved from /home/nayara/Documentos/airflowalura/venv/lib/python3.9/site-packages/airflow/example_dags/tutorial.py
[2022-11-01 23:16:13,040] {logging_mixin.py:115} INFO - [2022-11-01 23:16:13,040] {dag.py:2379} INFO - Sync 1 DAGs
[2022-11-01 23:16:13,080] {logging_mixin.py:115} INFO - [2022-11-01 23:16:13,080] {dag.py:2927} INFO - Setting next_dagrun for tutorial to 2022-11-01T02:16:13.080117+00:00, run_after=2022-11-02T02:16:13.080117+00:00
[2022-11-01 23:16:13,476] {processor.py:161} INFO - Processing /home/nayara/Documentos/airflowalura/venv/lib/python3.9/site-packages/airflow/example_dags/tutorial.py took 0.604 seconds
[2022-11-01 23:17:18,494] {processor.py:153} INFO - Started process (PID=22488) to work on /home/nayara/Documentos/airflowalura/venv/lib/python3.9/site-packages/airflow/example_dags/tutorial.py
[2022-11-01 23:17:18,518] {processor.py:641} INFO - Processing file /home/nayara/Documentos/airflowalura/venv/lib/python3.9/site-packages/airflow/example_dags/tutorial.py for tasks to queue
[2022-11-01 23:17:18,519] {logging_mixin.py:115} INFO - [2022-11-01 23:17:18,519] {dagbag.py:507} INFO - Filling up the DagBag from /home/nayara/Documentos/airflowalura/venv/lib/python3.9/site-packages/airflow/example_dags/tutorial.py
[2022-11-01 23:17:18,530] {processor.py:651} INFO - DAG(s) dict_keys(['tutorial']) retrieved from /home/nayara/Documentos/airflowalura/venv/lib/python3.9/site-packages/airflow/example_dags/tutorial.py
[2022-11-01 23:17:18,567] {logging_mixin.py:115} INFO - [2022-11-01 23:17:18,567] {dag.py:2379} INFO - Sync 1 DAGs
[2022-11-01 23:17:18,598] {logging_mixin.py:115} INFO - [2022-11-01 23:17:18,598] {dag.py:2927} INFO - Setting next_dagrun for tutorial to 2022-11-01T02:17:18.597603+00:00, run_after=2022-11-02T02:17:18.597603+00:00
[2022-11-01 23:17:18,903] {processor.py:161} INFO - Processing /home/nayara/Documentos/airflowalura/venv/lib/python3.9/site-packages/airflow/example_dags/tutorial.py took 0.416 seconds
[2022-11-01 23:18:37,421] {processor.py:153} INFO - Started process (PID=22632) to work on /home/nayara/Documentos/airflowalura/venv/lib/python3.9/site-packages/airflow/example_dags/tutorial.py
[2022-11-01 23:18:37,443] {processor.py:641} INFO - Processing file /home/nayara/Documentos/airflowalura/venv/lib/python3.9/site-packages/airflow/example_dags/tutorial.py for tasks to queue
[2022-11-01 23:18:37,444] {logging_mixin.py:115} INFO - [2022-11-01 23:18:37,444] {dagbag.py:507} INFO - Filling up the DagBag from /home/nayara/Documentos/airflowalura/venv/lib/python3.9/site-packages/airflow/example_dags/tutorial.py
[2022-11-01 23:18:37,458] {processor.py:651} INFO - DAG(s) dict_keys(['tutorial']) retrieved from /home/nayara/Documentos/airflowalura/venv/lib/python3.9/site-packages/airflow/example_dags/tutorial.py
[2022-11-01 23:18:37,481] {logging_mixin.py:115} INFO - [2022-11-01 23:18:37,481] {dag.py:2379} INFO - Sync 1 DAGs
[2022-11-01 23:18:37,499] {logging_mixin.py:115} INFO - [2022-11-01 23:18:37,499] {dag.py:2927} INFO - Setting next_dagrun for tutorial to 2022-11-01T02:18:37.499026+00:00, run_after=2022-11-02T02:18:37.499026+00:00
[2022-11-01 23:18:37,782] {processor.py:161} INFO - Processing /home/nayara/Documentos/airflowalura/venv/lib/python3.9/site-packages/airflow/example_dags/tutorial.py took 0.373 seconds
[2022-11-01 23:19:34,962] {processor.py:153} INFO - Started process (PID=22753) to work on /home/nayara/Documentos/airflowalura/venv/lib/python3.9/site-packages/airflow/example_dags/tutorial.py
[2022-11-01 23:19:34,985] {processor.py:641} INFO - Processing file /home/nayara/Documentos/airflowalura/venv/lib/python3.9/site-packages/airflow/example_dags/tutorial.py for tasks to queue
[2022-11-01 23:19:34,986] {logging_mixin.py:115} INFO - [2022-11-01 23:19:34,986] {dagbag.py:507} INFO - Filling up the DagBag from /home/nayara/Documentos/airflowalura/venv/lib/python3.9/site-packages/airflow/example_dags/tutorial.py
[2022-11-01 23:19:34,995] {processor.py:651} INFO - DAG(s) dict_keys(['tutorial']) retrieved from /home/nayara/Documentos/airflowalura/venv/lib/python3.9/site-packages/airflow/example_dags/tutorial.py
[2022-11-01 23:19:35,022] {logging_mixin.py:115} INFO - [2022-11-01 23:19:35,022] {dag.py:2379} INFO - Sync 1 DAGs
[2022-11-01 23:19:35,046] {logging_mixin.py:115} INFO - [2022-11-01 23:19:35,046] {dag.py:2927} INFO - Setting next_dagrun for tutorial to 2022-11-01T02:19:35.045973+00:00, run_after=2022-11-02T02:19:35.045973+00:00
[2022-11-01 23:19:35,369] {processor.py:161} INFO - Processing /home/nayara/Documentos/airflowalura/venv/lib/python3.9/site-packages/airflow/example_dags/tutorial.py took 0.411 seconds
[2022-11-01 23:20:48,879] {processor.py:153} INFO - Started process (PID=22945) to work on /home/nayara/Documentos/airflowalura/venv/lib/python3.9/site-packages/airflow/example_dags/tutorial.py
[2022-11-01 23:20:48,908] {processor.py:641} INFO - Processing file /home/nayara/Documentos/airflowalura/venv/lib/python3.9/site-packages/airflow/example_dags/tutorial.py for tasks to queue
[2022-11-01 23:20:48,912] {logging_mixin.py:115} INFO - [2022-11-01 23:20:48,911] {dagbag.py:507} INFO - Filling up the DagBag from /home/nayara/Documentos/airflowalura/venv/lib/python3.9/site-packages/airflow/example_dags/tutorial.py
[2022-11-01 23:20:48,948] {processor.py:651} INFO - DAG(s) dict_keys(['tutorial']) retrieved from /home/nayara/Documentos/airflowalura/venv/lib/python3.9/site-packages/airflow/example_dags/tutorial.py
[2022-11-01 23:20:49,015] {logging_mixin.py:115} INFO - [2022-11-01 23:20:49,014] {dag.py:2379} INFO - Sync 1 DAGs
[2022-11-01 23:20:49,038] {logging_mixin.py:115} INFO - [2022-11-01 23:20:49,037] {dag.py:2927} INFO - Setting next_dagrun for tutorial to 2022-11-01T02:20:49.037318+00:00, run_after=2022-11-02T02:20:49.037318+00:00
[2022-11-01 23:20:49,365] {processor.py:161} INFO - Processing /home/nayara/Documentos/airflowalura/venv/lib/python3.9/site-packages/airflow/example_dags/tutorial.py took 0.490 seconds
