[2022-11-01 22:40:00,758] {taskinstance.py:1159} INFO - Dependencies all met for <TaskInstance: example_branch_operator.branching scheduled__2022-11-01T00:00:00+00:00 [queued]>
[2022-11-01 22:40:00,766] {taskinstance.py:1159} INFO - Dependencies all met for <TaskInstance: example_branch_operator.branching scheduled__2022-11-01T00:00:00+00:00 [queued]>
[2022-11-01 22:40:00,766] {taskinstance.py:1356} INFO - 
--------------------------------------------------------------------------------
[2022-11-01 22:40:00,766] {taskinstance.py:1357} INFO - Starting attempt 1 of 1
[2022-11-01 22:40:00,766] {taskinstance.py:1358} INFO - 
--------------------------------------------------------------------------------
[2022-11-01 22:40:01,281] {taskinstance.py:1377} INFO - Executing <Task(BranchPythonOperator): branching> on 2022-11-01 00:00:00+00:00
[2022-11-01 22:40:01,286] {standard_task_runner.py:52} INFO - Started process 17698 to run task
[2022-11-01 22:40:01,290] {standard_task_runner.py:79} INFO - Running: ['airflow', 'tasks', 'run', 'example_branch_operator', 'branching', 'scheduled__2022-11-01T00:00:00+00:00', '--job-id', '23', '--raw', '--subdir', '/home/nayara/Documentos/airflowalura/venv/lib/python3.9/site-packages/airflow/example_dags/example_branch_operator.py', '--cfg-path', '/tmp/tmp7wgrhhr5', '--error-file', '/tmp/tmp36zoi5pl']
[2022-11-01 22:40:01,291] {standard_task_runner.py:80} INFO - Job 23: Subtask branching
[2022-11-01 22:40:01,936] {task_command.py:370} INFO - Running <TaskInstance: example_branch_operator.branching scheduled__2022-11-01T00:00:00+00:00 [running]> on host nayara-S14SL01
[2022-11-01 22:40:03,858] {taskinstance.py:1569} INFO - Exporting the following env vars:
AIRFLOW_CTX_DAG_OWNER=airflow
AIRFLOW_CTX_DAG_ID=example_branch_operator
AIRFLOW_CTX_TASK_ID=branching
AIRFLOW_CTX_EXECUTION_DATE=2022-11-01T00:00:00+00:00
AIRFLOW_CTX_TRY_NUMBER=1
AIRFLOW_CTX_DAG_RUN_ID=scheduled__2022-11-01T00:00:00+00:00
[2022-11-01 22:40:03,860] {python.py:173} INFO - Done. Returned value was: branch_c
[2022-11-01 22:40:03,861] {skipmixin.py:140} INFO - Following branch branch_c
[2022-11-01 22:40:03,862] {skipmixin.py:175} INFO - Skipping tasks ['branch_b', 'branch_d', 'branch_a']
[2022-11-01 22:40:05,538] {taskinstance.py:1395} INFO - Marking task as SUCCESS. dag_id=example_branch_operator, task_id=branching, execution_date=20221101T000000, start_date=20221102T014000, end_date=20221102T014005
[2022-11-01 22:40:06,122] {local_task_job.py:156} INFO - Task exited with return code 0
[2022-11-01 22:40:07,087] {local_task_job.py:273} INFO - 1 downstream tasks scheduled from follow-on schedule check
