[2022-11-01 22:40:11,427] {processor.py:153} INFO - Started process (PID=17713) to work on /home/nayara/Documentos/airflowalura/venv/lib/python3.9/site-packages/airflow/example_dags/subdags/subdag.py
[2022-11-01 22:40:11,428] {processor.py:641} INFO - Processing file /home/nayara/Documentos/airflowalura/venv/lib/python3.9/site-packages/airflow/example_dags/subdags/subdag.py for tasks to queue
[2022-11-01 22:40:11,430] {logging_mixin.py:115} INFO - [2022-11-01 22:40:11,429] {dagbag.py:507} INFO - Filling up the DagBag from /home/nayara/Documentos/airflowalura/venv/lib/python3.9/site-packages/airflow/example_dags/subdags/subdag.py
[2022-11-01 22:40:11,433] {processor.py:653} WARNING - No viable dags retrieved from /home/nayara/Documentos/airflowalura/venv/lib/python3.9/site-packages/airflow/example_dags/subdags/subdag.py
[2022-11-01 22:40:11,459] {processor.py:161} INFO - Processing /home/nayara/Documentos/airflowalura/venv/lib/python3.9/site-packages/airflow/example_dags/subdags/subdag.py took 0.040 seconds
[2022-11-01 22:42:38,022] {processor.py:153} INFO - Started process (PID=17950) to work on /home/nayara/Documentos/airflowalura/venv/lib/python3.9/site-packages/airflow/example_dags/subdags/subdag.py
[2022-11-01 22:42:38,034] {processor.py:641} INFO - Processing file /home/nayara/Documentos/airflowalura/venv/lib/python3.9/site-packages/airflow/example_dags/subdags/subdag.py for tasks to queue
[2022-11-01 22:42:38,037] {logging_mixin.py:115} INFO - [2022-11-01 22:42:38,036] {dagbag.py:507} INFO - Filling up the DagBag from /home/nayara/Documentos/airflowalura/venv/lib/python3.9/site-packages/airflow/example_dags/subdags/subdag.py
[2022-11-01 22:42:38,044] {processor.py:653} WARNING - No viable dags retrieved from /home/nayara/Documentos/airflowalura/venv/lib/python3.9/site-packages/airflow/example_dags/subdags/subdag.py
[2022-11-01 22:42:38,094] {processor.py:161} INFO - Processing /home/nayara/Documentos/airflowalura/venv/lib/python3.9/site-packages/airflow/example_dags/subdags/subdag.py took 0.087 seconds
[2022-11-01 22:43:38,109] {processor.py:153} INFO - Started process (PID=18032) to work on /home/nayara/Documentos/airflowalura/venv/lib/python3.9/site-packages/airflow/example_dags/subdags/subdag.py
[2022-11-01 22:43:38,110] {processor.py:641} INFO - Processing file /home/nayara/Documentos/airflowalura/venv/lib/python3.9/site-packages/airflow/example_dags/subdags/subdag.py for tasks to queue
[2022-11-01 22:43:38,112] {logging_mixin.py:115} INFO - [2022-11-01 22:43:38,111] {dagbag.py:507} INFO - Filling up the DagBag from /home/nayara/Documentos/airflowalura/venv/lib/python3.9/site-packages/airflow/example_dags/subdags/subdag.py
[2022-11-01 22:43:38,115] {processor.py:653} WARNING - No viable dags retrieved from /home/nayara/Documentos/airflowalura/venv/lib/python3.9/site-packages/airflow/example_dags/subdags/subdag.py
[2022-11-01 22:43:38,144] {processor.py:161} INFO - Processing /home/nayara/Documentos/airflowalura/venv/lib/python3.9/site-packages/airflow/example_dags/subdags/subdag.py took 0.042 seconds
[2022-11-01 22:44:25,351] {processor.py:153} INFO - Started process (PID=18115) to work on /home/nayara/Documentos/airflowalura/venv/lib/python3.9/site-packages/airflow/example_dags/subdags/subdag.py
[2022-11-01 22:44:25,354] {processor.py:641} INFO - Processing file /home/nayara/Documentos/airflowalura/venv/lib/python3.9/site-packages/airflow/example_dags/subdags/subdag.py for tasks to queue
[2022-11-01 22:44:25,355] {logging_mixin.py:115} INFO - [2022-11-01 22:44:25,355] {dagbag.py:507} INFO - Filling up the DagBag from /home/nayara/Documentos/airflowalura/venv/lib/python3.9/site-packages/airflow/example_dags/subdags/subdag.py
[2022-11-01 22:44:25,358] {processor.py:653} WARNING - No viable dags retrieved from /home/nayara/Documentos/airflowalura/venv/lib/python3.9/site-packages/airflow/example_dags/subdags/subdag.py
[2022-11-01 22:44:25,386] {processor.py:161} INFO - Processing /home/nayara/Documentos/airflowalura/venv/lib/python3.9/site-packages/airflow/example_dags/subdags/subdag.py took 0.044 seconds
[2022-11-01 22:45:03,450] {processor.py:153} INFO - Started process (PID=18178) to work on /home/nayara/Documentos/airflowalura/venv/lib/python3.9/site-packages/airflow/example_dags/subdags/subdag.py
[2022-11-01 22:45:03,470] {processor.py:641} INFO - Processing file /home/nayara/Documentos/airflowalura/venv/lib/python3.9/site-packages/airflow/example_dags/subdags/subdag.py for tasks to queue
[2022-11-01 22:45:03,472] {logging_mixin.py:115} INFO - [2022-11-01 22:45:03,471] {dagbag.py:507} INFO - Filling up the DagBag from /home/nayara/Documentos/airflowalura/venv/lib/python3.9/site-packages/airflow/example_dags/subdags/subdag.py
[2022-11-01 22:45:03,475] {processor.py:653} WARNING - No viable dags retrieved from /home/nayara/Documentos/airflowalura/venv/lib/python3.9/site-packages/airflow/example_dags/subdags/subdag.py
[2022-11-01 22:45:03,503] {processor.py:161} INFO - Processing /home/nayara/Documentos/airflowalura/venv/lib/python3.9/site-packages/airflow/example_dags/subdags/subdag.py took 0.066 seconds
[2022-11-01 22:46:02,927] {processor.py:153} INFO - Started process (PID=18278) to work on /home/nayara/Documentos/airflowalura/venv/lib/python3.9/site-packages/airflow/example_dags/subdags/subdag.py
[2022-11-01 22:46:02,953] {processor.py:641} INFO - Processing file /home/nayara/Documentos/airflowalura/venv/lib/python3.9/site-packages/airflow/example_dags/subdags/subdag.py for tasks to queue
[2022-11-01 22:46:02,958] {logging_mixin.py:115} INFO - [2022-11-01 22:46:02,958] {dagbag.py:507} INFO - Filling up the DagBag from /home/nayara/Documentos/airflowalura/venv/lib/python3.9/site-packages/airflow/example_dags/subdags/subdag.py
[2022-11-01 22:46:02,960] {processor.py:653} WARNING - No viable dags retrieved from /home/nayara/Documentos/airflowalura/venv/lib/python3.9/site-packages/airflow/example_dags/subdags/subdag.py
[2022-11-01 22:46:02,982] {processor.py:161} INFO - Processing /home/nayara/Documentos/airflowalura/venv/lib/python3.9/site-packages/airflow/example_dags/subdags/subdag.py took 0.064 seconds
[2022-11-01 22:47:10,355] {processor.py:153} INFO - Started process (PID=18447) to work on /home/nayara/Documentos/airflowalura/venv/lib/python3.9/site-packages/airflow/example_dags/subdags/subdag.py
[2022-11-01 22:47:10,377] {processor.py:641} INFO - Processing file /home/nayara/Documentos/airflowalura/venv/lib/python3.9/site-packages/airflow/example_dags/subdags/subdag.py for tasks to queue
[2022-11-01 22:47:10,378] {logging_mixin.py:115} INFO - [2022-11-01 22:47:10,378] {dagbag.py:507} INFO - Filling up the DagBag from /home/nayara/Documentos/airflowalura/venv/lib/python3.9/site-packages/airflow/example_dags/subdags/subdag.py
[2022-11-01 22:47:10,380] {processor.py:653} WARNING - No viable dags retrieved from /home/nayara/Documentos/airflowalura/venv/lib/python3.9/site-packages/airflow/example_dags/subdags/subdag.py
[2022-11-01 22:47:10,399] {processor.py:161} INFO - Processing /home/nayara/Documentos/airflowalura/venv/lib/python3.9/site-packages/airflow/example_dags/subdags/subdag.py took 0.051 seconds
[2022-11-01 22:48:09,149] {processor.py:153} INFO - Started process (PID=18562) to work on /home/nayara/Documentos/airflowalura/venv/lib/python3.9/site-packages/airflow/example_dags/subdags/subdag.py
[2022-11-01 22:48:09,185] {processor.py:641} INFO - Processing file /home/nayara/Documentos/airflowalura/venv/lib/python3.9/site-packages/airflow/example_dags/subdags/subdag.py for tasks to queue
[2022-11-01 22:48:09,188] {logging_mixin.py:115} INFO - [2022-11-01 22:48:09,188] {dagbag.py:507} INFO - Filling up the DagBag from /home/nayara/Documentos/airflowalura/venv/lib/python3.9/site-packages/airflow/example_dags/subdags/subdag.py
[2022-11-01 22:48:09,193] {processor.py:653} WARNING - No viable dags retrieved from /home/nayara/Documentos/airflowalura/venv/lib/python3.9/site-packages/airflow/example_dags/subdags/subdag.py
[2022-11-01 22:48:09,218] {processor.py:161} INFO - Processing /home/nayara/Documentos/airflowalura/venv/lib/python3.9/site-packages/airflow/example_dags/subdags/subdag.py took 0.074 seconds
[2022-11-01 22:49:05,725] {processor.py:153} INFO - Started process (PID=18664) to work on /home/nayara/Documentos/airflowalura/venv/lib/python3.9/site-packages/airflow/example_dags/subdags/subdag.py
[2022-11-01 22:49:05,757] {processor.py:641} INFO - Processing file /home/nayara/Documentos/airflowalura/venv/lib/python3.9/site-packages/airflow/example_dags/subdags/subdag.py for tasks to queue
[2022-11-01 22:49:05,758] {logging_mixin.py:115} INFO - [2022-11-01 22:49:05,758] {dagbag.py:507} INFO - Filling up the DagBag from /home/nayara/Documentos/airflowalura/venv/lib/python3.9/site-packages/airflow/example_dags/subdags/subdag.py
[2022-11-01 22:49:05,762] {processor.py:653} WARNING - No viable dags retrieved from /home/nayara/Documentos/airflowalura/venv/lib/python3.9/site-packages/airflow/example_dags/subdags/subdag.py
[2022-11-01 22:49:05,788] {processor.py:161} INFO - Processing /home/nayara/Documentos/airflowalura/venv/lib/python3.9/site-packages/airflow/example_dags/subdags/subdag.py took 0.067 seconds
[2022-11-01 22:50:02,694] {processor.py:153} INFO - Started process (PID=18776) to work on /home/nayara/Documentos/airflowalura/venv/lib/python3.9/site-packages/airflow/example_dags/subdags/subdag.py
[2022-11-01 22:50:02,719] {processor.py:641} INFO - Processing file /home/nayara/Documentos/airflowalura/venv/lib/python3.9/site-packages/airflow/example_dags/subdags/subdag.py for tasks to queue
[2022-11-01 22:50:02,720] {logging_mixin.py:115} INFO - [2022-11-01 22:50:02,720] {dagbag.py:507} INFO - Filling up the DagBag from /home/nayara/Documentos/airflowalura/venv/lib/python3.9/site-packages/airflow/example_dags/subdags/subdag.py
[2022-11-01 22:50:02,724] {processor.py:653} WARNING - No viable dags retrieved from /home/nayara/Documentos/airflowalura/venv/lib/python3.9/site-packages/airflow/example_dags/subdags/subdag.py
[2022-11-01 22:50:02,747] {processor.py:161} INFO - Processing /home/nayara/Documentos/airflowalura/venv/lib/python3.9/site-packages/airflow/example_dags/subdags/subdag.py took 0.060 seconds
[2022-11-01 22:50:55,376] {processor.py:153} INFO - Started process (PID=18876) to work on /home/nayara/Documentos/airflowalura/venv/lib/python3.9/site-packages/airflow/example_dags/subdags/subdag.py
[2022-11-01 22:50:55,392] {processor.py:641} INFO - Processing file /home/nayara/Documentos/airflowalura/venv/lib/python3.9/site-packages/airflow/example_dags/subdags/subdag.py for tasks to queue
[2022-11-01 22:50:55,394] {logging_mixin.py:115} INFO - [2022-11-01 22:50:55,393] {dagbag.py:507} INFO - Filling up the DagBag from /home/nayara/Documentos/airflowalura/venv/lib/python3.9/site-packages/airflow/example_dags/subdags/subdag.py
[2022-11-01 22:50:55,399] {processor.py:653} WARNING - No viable dags retrieved from /home/nayara/Documentos/airflowalura/venv/lib/python3.9/site-packages/airflow/example_dags/subdags/subdag.py
[2022-11-01 22:50:55,421] {processor.py:161} INFO - Processing /home/nayara/Documentos/airflowalura/venv/lib/python3.9/site-packages/airflow/example_dags/subdags/subdag.py took 0.049 seconds
[2022-11-01 22:51:35,162] {processor.py:153} INFO - Started process (PID=18946) to work on /home/nayara/Documentos/airflowalura/venv/lib/python3.9/site-packages/airflow/example_dags/subdags/subdag.py
[2022-11-01 22:51:35,198] {processor.py:641} INFO - Processing file /home/nayara/Documentos/airflowalura/venv/lib/python3.9/site-packages/airflow/example_dags/subdags/subdag.py for tasks to queue
[2022-11-01 22:51:35,199] {logging_mixin.py:115} INFO - [2022-11-01 22:51:35,198] {dagbag.py:507} INFO - Filling up the DagBag from /home/nayara/Documentos/airflowalura/venv/lib/python3.9/site-packages/airflow/example_dags/subdags/subdag.py
[2022-11-01 22:51:35,201] {processor.py:653} WARNING - No viable dags retrieved from /home/nayara/Documentos/airflowalura/venv/lib/python3.9/site-packages/airflow/example_dags/subdags/subdag.py
[2022-11-01 22:51:35,232] {processor.py:161} INFO - Processing /home/nayara/Documentos/airflowalura/venv/lib/python3.9/site-packages/airflow/example_dags/subdags/subdag.py took 0.078 seconds
[2022-11-01 22:52:27,396] {processor.py:153} INFO - Started process (PID=19072) to work on /home/nayara/Documentos/airflowalura/venv/lib/python3.9/site-packages/airflow/example_dags/subdags/subdag.py
[2022-11-01 22:52:27,408] {processor.py:641} INFO - Processing file /home/nayara/Documentos/airflowalura/venv/lib/python3.9/site-packages/airflow/example_dags/subdags/subdag.py for tasks to queue
[2022-11-01 22:52:27,409] {logging_mixin.py:115} INFO - [2022-11-01 22:52:27,409] {dagbag.py:507} INFO - Filling up the DagBag from /home/nayara/Documentos/airflowalura/venv/lib/python3.9/site-packages/airflow/example_dags/subdags/subdag.py
[2022-11-01 22:52:27,412] {processor.py:653} WARNING - No viable dags retrieved from /home/nayara/Documentos/airflowalura/venv/lib/python3.9/site-packages/airflow/example_dags/subdags/subdag.py
[2022-11-01 22:52:27,441] {processor.py:161} INFO - Processing /home/nayara/Documentos/airflowalura/venv/lib/python3.9/site-packages/airflow/example_dags/subdags/subdag.py took 0.055 seconds
[2022-11-01 22:53:07,569] {processor.py:153} INFO - Started process (PID=19154) to work on /home/nayara/Documentos/airflowalura/venv/lib/python3.9/site-packages/airflow/example_dags/subdags/subdag.py
[2022-11-01 22:53:07,616] {processor.py:641} INFO - Processing file /home/nayara/Documentos/airflowalura/venv/lib/python3.9/site-packages/airflow/example_dags/subdags/subdag.py for tasks to queue
[2022-11-01 22:53:07,617] {logging_mixin.py:115} INFO - [2022-11-01 22:53:07,617] {dagbag.py:507} INFO - Filling up the DagBag from /home/nayara/Documentos/airflowalura/venv/lib/python3.9/site-packages/airflow/example_dags/subdags/subdag.py
[2022-11-01 22:53:07,619] {processor.py:653} WARNING - No viable dags retrieved from /home/nayara/Documentos/airflowalura/venv/lib/python3.9/site-packages/airflow/example_dags/subdags/subdag.py
[2022-11-01 22:53:07,648] {processor.py:161} INFO - Processing /home/nayara/Documentos/airflowalura/venv/lib/python3.9/site-packages/airflow/example_dags/subdags/subdag.py took 0.088 seconds
[2022-11-01 22:54:06,969] {processor.py:153} INFO - Started process (PID=19274) to work on /home/nayara/Documentos/airflowalura/venv/lib/python3.9/site-packages/airflow/example_dags/subdags/subdag.py
[2022-11-01 22:54:06,970] {processor.py:641} INFO - Processing file /home/nayara/Documentos/airflowalura/venv/lib/python3.9/site-packages/airflow/example_dags/subdags/subdag.py for tasks to queue
[2022-11-01 22:54:06,971] {logging_mixin.py:115} INFO - [2022-11-01 22:54:06,971] {dagbag.py:507} INFO - Filling up the DagBag from /home/nayara/Documentos/airflowalura/venv/lib/python3.9/site-packages/airflow/example_dags/subdags/subdag.py
[2022-11-01 22:54:06,973] {processor.py:653} WARNING - No viable dags retrieved from /home/nayara/Documentos/airflowalura/venv/lib/python3.9/site-packages/airflow/example_dags/subdags/subdag.py
[2022-11-01 22:54:06,992] {processor.py:161} INFO - Processing /home/nayara/Documentos/airflowalura/venv/lib/python3.9/site-packages/airflow/example_dags/subdags/subdag.py took 0.027 seconds
[2022-11-01 22:55:17,766] {processor.py:153} INFO - Started process (PID=19446) to work on /home/nayara/Documentos/airflowalura/venv/lib/python3.9/site-packages/airflow/example_dags/subdags/subdag.py
[2022-11-01 22:55:17,796] {processor.py:641} INFO - Processing file /home/nayara/Documentos/airflowalura/venv/lib/python3.9/site-packages/airflow/example_dags/subdags/subdag.py for tasks to queue
[2022-11-01 22:55:17,799] {logging_mixin.py:115} INFO - [2022-11-01 22:55:17,799] {dagbag.py:507} INFO - Filling up the DagBag from /home/nayara/Documentos/airflowalura/venv/lib/python3.9/site-packages/airflow/example_dags/subdags/subdag.py
[2022-11-01 22:55:17,808] {processor.py:653} WARNING - No viable dags retrieved from /home/nayara/Documentos/airflowalura/venv/lib/python3.9/site-packages/airflow/example_dags/subdags/subdag.py
[2022-11-01 22:55:17,832] {processor.py:161} INFO - Processing /home/nayara/Documentos/airflowalura/venv/lib/python3.9/site-packages/airflow/example_dags/subdags/subdag.py took 0.071 seconds
[2022-11-01 22:56:23,832] {processor.py:153} INFO - Started process (PID=19581) to work on /home/nayara/Documentos/airflowalura/venv/lib/python3.9/site-packages/airflow/example_dags/subdags/subdag.py
[2022-11-01 22:56:23,996] {processor.py:641} INFO - Processing file /home/nayara/Documentos/airflowalura/venv/lib/python3.9/site-packages/airflow/example_dags/subdags/subdag.py for tasks to queue
[2022-11-01 22:56:23,998] {logging_mixin.py:115} INFO - [2022-11-01 22:56:23,998] {dagbag.py:507} INFO - Filling up the DagBag from /home/nayara/Documentos/airflowalura/venv/lib/python3.9/site-packages/airflow/example_dags/subdags/subdag.py
[2022-11-01 22:56:24,005] {processor.py:653} WARNING - No viable dags retrieved from /home/nayara/Documentos/airflowalura/venv/lib/python3.9/site-packages/airflow/example_dags/subdags/subdag.py
[2022-11-01 22:56:24,367] {processor.py:161} INFO - Processing /home/nayara/Documentos/airflowalura/venv/lib/python3.9/site-packages/airflow/example_dags/subdags/subdag.py took 0.543 seconds
[2022-11-01 22:57:11,572] {processor.py:153} INFO - Started process (PID=19719) to work on /home/nayara/Documentos/airflowalura/venv/lib/python3.9/site-packages/airflow/example_dags/subdags/subdag.py
[2022-11-01 22:57:11,648] {processor.py:641} INFO - Processing file /home/nayara/Documentos/airflowalura/venv/lib/python3.9/site-packages/airflow/example_dags/subdags/subdag.py for tasks to queue
[2022-11-01 22:57:11,652] {logging_mixin.py:115} INFO - [2022-11-01 22:57:11,651] {dagbag.py:507} INFO - Filling up the DagBag from /home/nayara/Documentos/airflowalura/venv/lib/python3.9/site-packages/airflow/example_dags/subdags/subdag.py
[2022-11-01 22:57:11,676] {processor.py:653} WARNING - No viable dags retrieved from /home/nayara/Documentos/airflowalura/venv/lib/python3.9/site-packages/airflow/example_dags/subdags/subdag.py
[2022-11-01 22:57:11,703] {processor.py:161} INFO - Processing /home/nayara/Documentos/airflowalura/venv/lib/python3.9/site-packages/airflow/example_dags/subdags/subdag.py took 0.148 seconds
[2022-11-01 22:57:53,911] {processor.py:153} INFO - Started process (PID=19823) to work on /home/nayara/Documentos/airflowalura/venv/lib/python3.9/site-packages/airflow/example_dags/subdags/subdag.py
[2022-11-01 22:57:53,944] {processor.py:641} INFO - Processing file /home/nayara/Documentos/airflowalura/venv/lib/python3.9/site-packages/airflow/example_dags/subdags/subdag.py for tasks to queue
[2022-11-01 22:57:53,949] {logging_mixin.py:115} INFO - [2022-11-01 22:57:53,948] {dagbag.py:507} INFO - Filling up the DagBag from /home/nayara/Documentos/airflowalura/venv/lib/python3.9/site-packages/airflow/example_dags/subdags/subdag.py
[2022-11-01 22:57:53,959] {processor.py:653} WARNING - No viable dags retrieved from /home/nayara/Documentos/airflowalura/venv/lib/python3.9/site-packages/airflow/example_dags/subdags/subdag.py
[2022-11-01 22:57:54,001] {processor.py:161} INFO - Processing /home/nayara/Documentos/airflowalura/venv/lib/python3.9/site-packages/airflow/example_dags/subdags/subdag.py took 0.110 seconds
[2022-11-01 22:58:47,954] {processor.py:153} INFO - Started process (PID=19923) to work on /home/nayara/Documentos/airflowalura/venv/lib/python3.9/site-packages/airflow/example_dags/subdags/subdag.py
[2022-11-01 22:58:47,978] {processor.py:641} INFO - Processing file /home/nayara/Documentos/airflowalura/venv/lib/python3.9/site-packages/airflow/example_dags/subdags/subdag.py for tasks to queue
[2022-11-01 22:58:47,980] {logging_mixin.py:115} INFO - [2022-11-01 22:58:47,980] {dagbag.py:507} INFO - Filling up the DagBag from /home/nayara/Documentos/airflowalura/venv/lib/python3.9/site-packages/airflow/example_dags/subdags/subdag.py
[2022-11-01 22:58:47,987] {processor.py:653} WARNING - No viable dags retrieved from /home/nayara/Documentos/airflowalura/venv/lib/python3.9/site-packages/airflow/example_dags/subdags/subdag.py
[2022-11-01 22:58:48,025] {processor.py:161} INFO - Processing /home/nayara/Documentos/airflowalura/venv/lib/python3.9/site-packages/airflow/example_dags/subdags/subdag.py took 0.076 seconds
[2022-11-01 22:59:35,799] {processor.py:153} INFO - Started process (PID=20035) to work on /home/nayara/Documentos/airflowalura/venv/lib/python3.9/site-packages/airflow/example_dags/subdags/subdag.py
[2022-11-01 22:59:35,813] {processor.py:641} INFO - Processing file /home/nayara/Documentos/airflowalura/venv/lib/python3.9/site-packages/airflow/example_dags/subdags/subdag.py for tasks to queue
[2022-11-01 22:59:35,814] {logging_mixin.py:115} INFO - [2022-11-01 22:59:35,814] {dagbag.py:507} INFO - Filling up the DagBag from /home/nayara/Documentos/airflowalura/venv/lib/python3.9/site-packages/airflow/example_dags/subdags/subdag.py
[2022-11-01 22:59:35,817] {processor.py:653} WARNING - No viable dags retrieved from /home/nayara/Documentos/airflowalura/venv/lib/python3.9/site-packages/airflow/example_dags/subdags/subdag.py
[2022-11-01 22:59:35,833] {processor.py:161} INFO - Processing /home/nayara/Documentos/airflowalura/venv/lib/python3.9/site-packages/airflow/example_dags/subdags/subdag.py took 0.041 seconds
[2022-11-01 23:00:32,596] {processor.py:153} INFO - Started process (PID=20141) to work on /home/nayara/Documentos/airflowalura/venv/lib/python3.9/site-packages/airflow/example_dags/subdags/subdag.py
[2022-11-01 23:00:32,619] {processor.py:641} INFO - Processing file /home/nayara/Documentos/airflowalura/venv/lib/python3.9/site-packages/airflow/example_dags/subdags/subdag.py for tasks to queue
[2022-11-01 23:00:32,622] {logging_mixin.py:115} INFO - [2022-11-01 23:00:32,621] {dagbag.py:507} INFO - Filling up the DagBag from /home/nayara/Documentos/airflowalura/venv/lib/python3.9/site-packages/airflow/example_dags/subdags/subdag.py
[2022-11-01 23:00:32,630] {processor.py:653} WARNING - No viable dags retrieved from /home/nayara/Documentos/airflowalura/venv/lib/python3.9/site-packages/airflow/example_dags/subdags/subdag.py
[2022-11-01 23:00:32,652] {processor.py:161} INFO - Processing /home/nayara/Documentos/airflowalura/venv/lib/python3.9/site-packages/airflow/example_dags/subdags/subdag.py took 0.070 seconds
[2022-11-01 23:01:21,573] {processor.py:153} INFO - Started process (PID=20227) to work on /home/nayara/Documentos/airflowalura/venv/lib/python3.9/site-packages/airflow/example_dags/subdags/subdag.py
[2022-11-01 23:01:21,621] {processor.py:641} INFO - Processing file /home/nayara/Documentos/airflowalura/venv/lib/python3.9/site-packages/airflow/example_dags/subdags/subdag.py for tasks to queue
[2022-11-01 23:01:21,624] {logging_mixin.py:115} INFO - [2022-11-01 23:01:21,623] {dagbag.py:507} INFO - Filling up the DagBag from /home/nayara/Documentos/airflowalura/venv/lib/python3.9/site-packages/airflow/example_dags/subdags/subdag.py
[2022-11-01 23:01:21,630] {processor.py:653} WARNING - No viable dags retrieved from /home/nayara/Documentos/airflowalura/venv/lib/python3.9/site-packages/airflow/example_dags/subdags/subdag.py
[2022-11-01 23:01:21,659] {processor.py:161} INFO - Processing /home/nayara/Documentos/airflowalura/venv/lib/python3.9/site-packages/airflow/example_dags/subdags/subdag.py took 0.098 seconds
[2022-11-01 23:02:23,926] {processor.py:153} INFO - Started process (PID=20406) to work on /home/nayara/Documentos/airflowalura/venv/lib/python3.9/site-packages/airflow/example_dags/subdags/subdag.py
[2022-11-01 23:02:23,975] {processor.py:641} INFO - Processing file /home/nayara/Documentos/airflowalura/venv/lib/python3.9/site-packages/airflow/example_dags/subdags/subdag.py for tasks to queue
[2022-11-01 23:02:23,980] {logging_mixin.py:115} INFO - [2022-11-01 23:02:23,979] {dagbag.py:507} INFO - Filling up the DagBag from /home/nayara/Documentos/airflowalura/venv/lib/python3.9/site-packages/airflow/example_dags/subdags/subdag.py
[2022-11-01 23:02:23,996] {processor.py:653} WARNING - No viable dags retrieved from /home/nayara/Documentos/airflowalura/venv/lib/python3.9/site-packages/airflow/example_dags/subdags/subdag.py
[2022-11-01 23:02:24,052] {processor.py:161} INFO - Processing /home/nayara/Documentos/airflowalura/venv/lib/python3.9/site-packages/airflow/example_dags/subdags/subdag.py took 0.133 seconds
[2022-11-01 23:03:18,599] {processor.py:153} INFO - Started process (PID=20511) to work on /home/nayara/Documentos/airflowalura/venv/lib/python3.9/site-packages/airflow/example_dags/subdags/subdag.py
[2022-11-01 23:03:18,694] {processor.py:641} INFO - Processing file /home/nayara/Documentos/airflowalura/venv/lib/python3.9/site-packages/airflow/example_dags/subdags/subdag.py for tasks to queue
[2022-11-01 23:03:18,698] {logging_mixin.py:115} INFO - [2022-11-01 23:03:18,697] {dagbag.py:507} INFO - Filling up the DagBag from /home/nayara/Documentos/airflowalura/venv/lib/python3.9/site-packages/airflow/example_dags/subdags/subdag.py
[2022-11-01 23:03:18,710] {processor.py:653} WARNING - No viable dags retrieved from /home/nayara/Documentos/airflowalura/venv/lib/python3.9/site-packages/airflow/example_dags/subdags/subdag.py
[2022-11-01 23:03:18,754] {processor.py:161} INFO - Processing /home/nayara/Documentos/airflowalura/venv/lib/python3.9/site-packages/airflow/example_dags/subdags/subdag.py took 0.162 seconds
[2022-11-01 23:04:11,967] {processor.py:153} INFO - Started process (PID=20609) to work on /home/nayara/Documentos/airflowalura/venv/lib/python3.9/site-packages/airflow/example_dags/subdags/subdag.py
[2022-11-01 23:04:12,006] {processor.py:641} INFO - Processing file /home/nayara/Documentos/airflowalura/venv/lib/python3.9/site-packages/airflow/example_dags/subdags/subdag.py for tasks to queue
[2022-11-01 23:04:12,010] {logging_mixin.py:115} INFO - [2022-11-01 23:04:12,009] {dagbag.py:507} INFO - Filling up the DagBag from /home/nayara/Documentos/airflowalura/venv/lib/python3.9/site-packages/airflow/example_dags/subdags/subdag.py
[2022-11-01 23:04:12,018] {processor.py:653} WARNING - No viable dags retrieved from /home/nayara/Documentos/airflowalura/venv/lib/python3.9/site-packages/airflow/example_dags/subdags/subdag.py
[2022-11-01 23:04:12,066] {processor.py:161} INFO - Processing /home/nayara/Documentos/airflowalura/venv/lib/python3.9/site-packages/airflow/example_dags/subdags/subdag.py took 0.116 seconds
[2022-11-01 23:05:10,444] {processor.py:153} INFO - Started process (PID=20734) to work on /home/nayara/Documentos/airflowalura/venv/lib/python3.9/site-packages/airflow/example_dags/subdags/subdag.py
[2022-11-01 23:05:10,463] {processor.py:641} INFO - Processing file /home/nayara/Documentos/airflowalura/venv/lib/python3.9/site-packages/airflow/example_dags/subdags/subdag.py for tasks to queue
[2022-11-01 23:05:10,467] {logging_mixin.py:115} INFO - [2022-11-01 23:05:10,466] {dagbag.py:507} INFO - Filling up the DagBag from /home/nayara/Documentos/airflowalura/venv/lib/python3.9/site-packages/airflow/example_dags/subdags/subdag.py
[2022-11-01 23:05:10,475] {processor.py:653} WARNING - No viable dags retrieved from /home/nayara/Documentos/airflowalura/venv/lib/python3.9/site-packages/airflow/example_dags/subdags/subdag.py
[2022-11-01 23:05:10,501] {processor.py:161} INFO - Processing /home/nayara/Documentos/airflowalura/venv/lib/python3.9/site-packages/airflow/example_dags/subdags/subdag.py took 0.075 seconds
[2022-11-01 23:06:02,341] {processor.py:153} INFO - Started process (PID=20849) to work on /home/nayara/Documentos/airflowalura/venv/lib/python3.9/site-packages/airflow/example_dags/subdags/subdag.py
[2022-11-01 23:06:02,365] {processor.py:641} INFO - Processing file /home/nayara/Documentos/airflowalura/venv/lib/python3.9/site-packages/airflow/example_dags/subdags/subdag.py for tasks to queue
[2022-11-01 23:06:02,366] {logging_mixin.py:115} INFO - [2022-11-01 23:06:02,366] {dagbag.py:507} INFO - Filling up the DagBag from /home/nayara/Documentos/airflowalura/venv/lib/python3.9/site-packages/airflow/example_dags/subdags/subdag.py
[2022-11-01 23:06:02,369] {processor.py:653} WARNING - No viable dags retrieved from /home/nayara/Documentos/airflowalura/venv/lib/python3.9/site-packages/airflow/example_dags/subdags/subdag.py
[2022-11-01 23:06:02,388] {processor.py:161} INFO - Processing /home/nayara/Documentos/airflowalura/venv/lib/python3.9/site-packages/airflow/example_dags/subdags/subdag.py took 0.058 seconds
[2022-11-01 23:06:57,992] {processor.py:153} INFO - Started process (PID=21005) to work on /home/nayara/Documentos/airflowalura/venv/lib/python3.9/site-packages/airflow/example_dags/subdags/subdag.py
[2022-11-01 23:06:58,008] {processor.py:641} INFO - Processing file /home/nayara/Documentos/airflowalura/venv/lib/python3.9/site-packages/airflow/example_dags/subdags/subdag.py for tasks to queue
[2022-11-01 23:06:58,010] {logging_mixin.py:115} INFO - [2022-11-01 23:06:58,009] {dagbag.py:507} INFO - Filling up the DagBag from /home/nayara/Documentos/airflowalura/venv/lib/python3.9/site-packages/airflow/example_dags/subdags/subdag.py
[2022-11-01 23:06:58,014] {processor.py:653} WARNING - No viable dags retrieved from /home/nayara/Documentos/airflowalura/venv/lib/python3.9/site-packages/airflow/example_dags/subdags/subdag.py
[2022-11-01 23:06:58,040] {processor.py:161} INFO - Processing /home/nayara/Documentos/airflowalura/venv/lib/python3.9/site-packages/airflow/example_dags/subdags/subdag.py took 0.066 seconds
[2022-11-01 23:07:53,643] {processor.py:153} INFO - Started process (PID=21113) to work on /home/nayara/Documentos/airflowalura/venv/lib/python3.9/site-packages/airflow/example_dags/subdags/subdag.py
[2022-11-01 23:07:53,644] {processor.py:641} INFO - Processing file /home/nayara/Documentos/airflowalura/venv/lib/python3.9/site-packages/airflow/example_dags/subdags/subdag.py for tasks to queue
[2022-11-01 23:07:53,645] {logging_mixin.py:115} INFO - [2022-11-01 23:07:53,645] {dagbag.py:507} INFO - Filling up the DagBag from /home/nayara/Documentos/airflowalura/venv/lib/python3.9/site-packages/airflow/example_dags/subdags/subdag.py
[2022-11-01 23:07:53,647] {processor.py:653} WARNING - No viable dags retrieved from /home/nayara/Documentos/airflowalura/venv/lib/python3.9/site-packages/airflow/example_dags/subdags/subdag.py
[2022-11-01 23:07:53,660] {processor.py:161} INFO - Processing /home/nayara/Documentos/airflowalura/venv/lib/python3.9/site-packages/airflow/example_dags/subdags/subdag.py took 0.022 seconds
[2022-11-01 23:08:35,597] {processor.py:153} INFO - Started process (PID=21186) to work on /home/nayara/Documentos/airflowalura/venv/lib/python3.9/site-packages/airflow/example_dags/subdags/subdag.py
[2022-11-01 23:08:35,599] {processor.py:641} INFO - Processing file /home/nayara/Documentos/airflowalura/venv/lib/python3.9/site-packages/airflow/example_dags/subdags/subdag.py for tasks to queue
[2022-11-01 23:08:35,601] {logging_mixin.py:115} INFO - [2022-11-01 23:08:35,600] {dagbag.py:507} INFO - Filling up the DagBag from /home/nayara/Documentos/airflowalura/venv/lib/python3.9/site-packages/airflow/example_dags/subdags/subdag.py
[2022-11-01 23:08:35,603] {processor.py:653} WARNING - No viable dags retrieved from /home/nayara/Documentos/airflowalura/venv/lib/python3.9/site-packages/airflow/example_dags/subdags/subdag.py
[2022-11-01 23:08:35,618] {processor.py:161} INFO - Processing /home/nayara/Documentos/airflowalura/venv/lib/python3.9/site-packages/airflow/example_dags/subdags/subdag.py took 0.032 seconds
[2022-11-01 23:09:19,782] {processor.py:153} INFO - Started process (PID=21326) to work on /home/nayara/Documentos/airflowalura/venv/lib/python3.9/site-packages/airflow/example_dags/subdags/subdag.py
[2022-11-01 23:09:19,817] {processor.py:641} INFO - Processing file /home/nayara/Documentos/airflowalura/venv/lib/python3.9/site-packages/airflow/example_dags/subdags/subdag.py for tasks to queue
[2022-11-01 23:09:19,818] {logging_mixin.py:115} INFO - [2022-11-01 23:09:19,818] {dagbag.py:507} INFO - Filling up the DagBag from /home/nayara/Documentos/airflowalura/venv/lib/python3.9/site-packages/airflow/example_dags/subdags/subdag.py
[2022-11-01 23:09:19,822] {processor.py:653} WARNING - No viable dags retrieved from /home/nayara/Documentos/airflowalura/venv/lib/python3.9/site-packages/airflow/example_dags/subdags/subdag.py
[2022-11-01 23:09:19,846] {processor.py:161} INFO - Processing /home/nayara/Documentos/airflowalura/venv/lib/python3.9/site-packages/airflow/example_dags/subdags/subdag.py took 0.074 seconds
[2022-11-01 23:10:40,919] {processor.py:153} INFO - Started process (PID=21522) to work on /home/nayara/Documentos/airflowalura/venv/lib/python3.9/site-packages/airflow/example_dags/subdags/subdag.py
[2022-11-01 23:10:40,965] {processor.py:641} INFO - Processing file /home/nayara/Documentos/airflowalura/venv/lib/python3.9/site-packages/airflow/example_dags/subdags/subdag.py for tasks to queue
[2022-11-01 23:10:40,968] {logging_mixin.py:115} INFO - [2022-11-01 23:10:40,968] {dagbag.py:507} INFO - Filling up the DagBag from /home/nayara/Documentos/airflowalura/venv/lib/python3.9/site-packages/airflow/example_dags/subdags/subdag.py
[2022-11-01 23:10:40,978] {processor.py:653} WARNING - No viable dags retrieved from /home/nayara/Documentos/airflowalura/venv/lib/python3.9/site-packages/airflow/example_dags/subdags/subdag.py
[2022-11-01 23:10:41,022] {processor.py:161} INFO - Processing /home/nayara/Documentos/airflowalura/venv/lib/python3.9/site-packages/airflow/example_dags/subdags/subdag.py took 0.123 seconds
[2022-11-01 23:11:30,165] {processor.py:153} INFO - Started process (PID=21646) to work on /home/nayara/Documentos/airflowalura/venv/lib/python3.9/site-packages/airflow/example_dags/subdags/subdag.py
[2022-11-01 23:11:30,209] {processor.py:641} INFO - Processing file /home/nayara/Documentos/airflowalura/venv/lib/python3.9/site-packages/airflow/example_dags/subdags/subdag.py for tasks to queue
[2022-11-01 23:11:30,211] {logging_mixin.py:115} INFO - [2022-11-01 23:11:30,211] {dagbag.py:507} INFO - Filling up the DagBag from /home/nayara/Documentos/airflowalura/venv/lib/python3.9/site-packages/airflow/example_dags/subdags/subdag.py
[2022-11-01 23:11:30,218] {processor.py:653} WARNING - No viable dags retrieved from /home/nayara/Documentos/airflowalura/venv/lib/python3.9/site-packages/airflow/example_dags/subdags/subdag.py
[2022-11-01 23:11:30,250] {processor.py:161} INFO - Processing /home/nayara/Documentos/airflowalura/venv/lib/python3.9/site-packages/airflow/example_dags/subdags/subdag.py took 0.099 seconds
[2022-11-01 23:12:13,959] {processor.py:153} INFO - Started process (PID=21777) to work on /home/nayara/Documentos/airflowalura/venv/lib/python3.9/site-packages/airflow/example_dags/subdags/subdag.py
[2022-11-01 23:12:13,986] {processor.py:641} INFO - Processing file /home/nayara/Documentos/airflowalura/venv/lib/python3.9/site-packages/airflow/example_dags/subdags/subdag.py for tasks to queue
[2022-11-01 23:12:13,987] {logging_mixin.py:115} INFO - [2022-11-01 23:12:13,987] {dagbag.py:507} INFO - Filling up the DagBag from /home/nayara/Documentos/airflowalura/venv/lib/python3.9/site-packages/airflow/example_dags/subdags/subdag.py
[2022-11-01 23:12:13,990] {processor.py:653} WARNING - No viable dags retrieved from /home/nayara/Documentos/airflowalura/venv/lib/python3.9/site-packages/airflow/example_dags/subdags/subdag.py
[2022-11-01 23:12:14,012] {processor.py:161} INFO - Processing /home/nayara/Documentos/airflowalura/venv/lib/python3.9/site-packages/airflow/example_dags/subdags/subdag.py took 0.057 seconds
[2022-11-01 23:12:54,455] {processor.py:153} INFO - Started process (PID=21848) to work on /home/nayara/Documentos/airflowalura/venv/lib/python3.9/site-packages/airflow/example_dags/subdags/subdag.py
[2022-11-01 23:12:54,475] {processor.py:641} INFO - Processing file /home/nayara/Documentos/airflowalura/venv/lib/python3.9/site-packages/airflow/example_dags/subdags/subdag.py for tasks to queue
[2022-11-01 23:12:54,478] {logging_mixin.py:115} INFO - [2022-11-01 23:12:54,477] {dagbag.py:507} INFO - Filling up the DagBag from /home/nayara/Documentos/airflowalura/venv/lib/python3.9/site-packages/airflow/example_dags/subdags/subdag.py
[2022-11-01 23:12:54,484] {processor.py:653} WARNING - No viable dags retrieved from /home/nayara/Documentos/airflowalura/venv/lib/python3.9/site-packages/airflow/example_dags/subdags/subdag.py
[2022-11-01 23:12:54,530] {processor.py:161} INFO - Processing /home/nayara/Documentos/airflowalura/venv/lib/python3.9/site-packages/airflow/example_dags/subdags/subdag.py took 0.088 seconds
[2022-11-01 23:14:06,869] {processor.py:153} INFO - Started process (PID=22026) to work on /home/nayara/Documentos/airflowalura/venv/lib/python3.9/site-packages/airflow/example_dags/subdags/subdag.py
[2022-11-01 23:14:06,885] {processor.py:641} INFO - Processing file /home/nayara/Documentos/airflowalura/venv/lib/python3.9/site-packages/airflow/example_dags/subdags/subdag.py for tasks to queue
[2022-11-01 23:14:06,886] {logging_mixin.py:115} INFO - [2022-11-01 23:14:06,886] {dagbag.py:507} INFO - Filling up the DagBag from /home/nayara/Documentos/airflowalura/venv/lib/python3.9/site-packages/airflow/example_dags/subdags/subdag.py
[2022-11-01 23:14:06,889] {processor.py:653} WARNING - No viable dags retrieved from /home/nayara/Documentos/airflowalura/venv/lib/python3.9/site-packages/airflow/example_dags/subdags/subdag.py
[2022-11-01 23:14:06,908] {processor.py:161} INFO - Processing /home/nayara/Documentos/airflowalura/venv/lib/python3.9/site-packages/airflow/example_dags/subdags/subdag.py took 0.045 seconds
[2022-11-01 23:15:09,389] {processor.py:153} INFO - Started process (PID=22164) to work on /home/nayara/Documentos/airflowalura/venv/lib/python3.9/site-packages/airflow/example_dags/subdags/subdag.py
[2022-11-01 23:15:09,414] {processor.py:641} INFO - Processing file /home/nayara/Documentos/airflowalura/venv/lib/python3.9/site-packages/airflow/example_dags/subdags/subdag.py for tasks to queue
[2022-11-01 23:15:09,415] {logging_mixin.py:115} INFO - [2022-11-01 23:15:09,415] {dagbag.py:507} INFO - Filling up the DagBag from /home/nayara/Documentos/airflowalura/venv/lib/python3.9/site-packages/airflow/example_dags/subdags/subdag.py
[2022-11-01 23:15:09,419] {processor.py:653} WARNING - No viable dags retrieved from /home/nayara/Documentos/airflowalura/venv/lib/python3.9/site-packages/airflow/example_dags/subdags/subdag.py
[2022-11-01 23:15:09,442] {processor.py:161} INFO - Processing /home/nayara/Documentos/airflowalura/venv/lib/python3.9/site-packages/airflow/example_dags/subdags/subdag.py took 0.066 seconds
[2022-11-01 23:16:10,311] {processor.py:153} INFO - Started process (PID=22323) to work on /home/nayara/Documentos/airflowalura/venv/lib/python3.9/site-packages/airflow/example_dags/subdags/subdag.py
[2022-11-01 23:16:10,312] {processor.py:641} INFO - Processing file /home/nayara/Documentos/airflowalura/venv/lib/python3.9/site-packages/airflow/example_dags/subdags/subdag.py for tasks to queue
[2022-11-01 23:16:10,313] {logging_mixin.py:115} INFO - [2022-11-01 23:16:10,313] {dagbag.py:507} INFO - Filling up the DagBag from /home/nayara/Documentos/airflowalura/venv/lib/python3.9/site-packages/airflow/example_dags/subdags/subdag.py
[2022-11-01 23:16:10,316] {processor.py:653} WARNING - No viable dags retrieved from /home/nayara/Documentos/airflowalura/venv/lib/python3.9/site-packages/airflow/example_dags/subdags/subdag.py
[2022-11-01 23:16:10,337] {processor.py:161} INFO - Processing /home/nayara/Documentos/airflowalura/venv/lib/python3.9/site-packages/airflow/example_dags/subdags/subdag.py took 0.032 seconds
[2022-11-01 23:17:15,572] {processor.py:153} INFO - Started process (PID=22483) to work on /home/nayara/Documentos/airflowalura/venv/lib/python3.9/site-packages/airflow/example_dags/subdags/subdag.py
[2022-11-01 23:17:15,590] {processor.py:641} INFO - Processing file /home/nayara/Documentos/airflowalura/venv/lib/python3.9/site-packages/airflow/example_dags/subdags/subdag.py for tasks to queue
[2022-11-01 23:17:15,591] {logging_mixin.py:115} INFO - [2022-11-01 23:17:15,591] {dagbag.py:507} INFO - Filling up the DagBag from /home/nayara/Documentos/airflowalura/venv/lib/python3.9/site-packages/airflow/example_dags/subdags/subdag.py
[2022-11-01 23:17:15,594] {processor.py:653} WARNING - No viable dags retrieved from /home/nayara/Documentos/airflowalura/venv/lib/python3.9/site-packages/airflow/example_dags/subdags/subdag.py
[2022-11-01 23:17:15,621] {processor.py:161} INFO - Processing /home/nayara/Documentos/airflowalura/venv/lib/python3.9/site-packages/airflow/example_dags/subdags/subdag.py took 0.054 seconds
[2022-11-01 23:18:35,446] {processor.py:153} INFO - Started process (PID=22630) to work on /home/nayara/Documentos/airflowalura/venv/lib/python3.9/site-packages/airflow/example_dags/subdags/subdag.py
[2022-11-01 23:18:35,458] {processor.py:641} INFO - Processing file /home/nayara/Documentos/airflowalura/venv/lib/python3.9/site-packages/airflow/example_dags/subdags/subdag.py for tasks to queue
[2022-11-01 23:18:35,459] {logging_mixin.py:115} INFO - [2022-11-01 23:18:35,459] {dagbag.py:507} INFO - Filling up the DagBag from /home/nayara/Documentos/airflowalura/venv/lib/python3.9/site-packages/airflow/example_dags/subdags/subdag.py
[2022-11-01 23:18:35,461] {processor.py:653} WARNING - No viable dags retrieved from /home/nayara/Documentos/airflowalura/venv/lib/python3.9/site-packages/airflow/example_dags/subdags/subdag.py
[2022-11-01 23:18:35,477] {processor.py:161} INFO - Processing /home/nayara/Documentos/airflowalura/venv/lib/python3.9/site-packages/airflow/example_dags/subdags/subdag.py took 0.044 seconds
[2022-11-01 23:19:32,271] {processor.py:153} INFO - Started process (PID=22748) to work on /home/nayara/Documentos/airflowalura/venv/lib/python3.9/site-packages/airflow/example_dags/subdags/subdag.py
[2022-11-01 23:19:32,275] {processor.py:641} INFO - Processing file /home/nayara/Documentos/airflowalura/venv/lib/python3.9/site-packages/airflow/example_dags/subdags/subdag.py for tasks to queue
[2022-11-01 23:19:32,278] {logging_mixin.py:115} INFO - [2022-11-01 23:19:32,278] {dagbag.py:507} INFO - Filling up the DagBag from /home/nayara/Documentos/airflowalura/venv/lib/python3.9/site-packages/airflow/example_dags/subdags/subdag.py
[2022-11-01 23:19:32,286] {processor.py:653} WARNING - No viable dags retrieved from /home/nayara/Documentos/airflowalura/venv/lib/python3.9/site-packages/airflow/example_dags/subdags/subdag.py
[2022-11-01 23:19:32,667] {processor.py:161} INFO - Processing /home/nayara/Documentos/airflowalura/venv/lib/python3.9/site-packages/airflow/example_dags/subdags/subdag.py took 0.413 seconds
[2022-11-01 23:20:09,306] {processor.py:153} INFO - Started process (PID=22822) to work on /home/nayara/Documentos/airflowalura/venv/lib/python3.9/site-packages/airflow/example_dags/subdags/subdag.py
[2022-11-01 23:20:09,318] {processor.py:641} INFO - Processing file /home/nayara/Documentos/airflowalura/venv/lib/python3.9/site-packages/airflow/example_dags/subdags/subdag.py for tasks to queue
[2022-11-01 23:20:09,320] {logging_mixin.py:115} INFO - [2022-11-01 23:20:09,320] {dagbag.py:507} INFO - Filling up the DagBag from /home/nayara/Documentos/airflowalura/venv/lib/python3.9/site-packages/airflow/example_dags/subdags/subdag.py
[2022-11-01 23:20:09,331] {processor.py:653} WARNING - No viable dags retrieved from /home/nayara/Documentos/airflowalura/venv/lib/python3.9/site-packages/airflow/example_dags/subdags/subdag.py
[2022-11-01 23:20:09,610] {processor.py:161} INFO - Processing /home/nayara/Documentos/airflowalura/venv/lib/python3.9/site-packages/airflow/example_dags/subdags/subdag.py took 0.312 seconds
[2022-11-01 23:20:46,066] {processor.py:153} INFO - Started process (PID=22942) to work on /home/nayara/Documentos/airflowalura/venv/lib/python3.9/site-packages/airflow/example_dags/subdags/subdag.py
[2022-11-01 23:20:46,087] {processor.py:641} INFO - Processing file /home/nayara/Documentos/airflowalura/venv/lib/python3.9/site-packages/airflow/example_dags/subdags/subdag.py for tasks to queue
[2022-11-01 23:20:46,089] {logging_mixin.py:115} INFO - [2022-11-01 23:20:46,088] {dagbag.py:507} INFO - Filling up the DagBag from /home/nayara/Documentos/airflowalura/venv/lib/python3.9/site-packages/airflow/example_dags/subdags/subdag.py
[2022-11-01 23:20:46,092] {processor.py:653} WARNING - No viable dags retrieved from /home/nayara/Documentos/airflowalura/venv/lib/python3.9/site-packages/airflow/example_dags/subdags/subdag.py
[2022-11-01 23:20:46,129] {processor.py:161} INFO - Processing /home/nayara/Documentos/airflowalura/venv/lib/python3.9/site-packages/airflow/example_dags/subdags/subdag.py took 0.082 seconds
[2022-11-01 23:21:32,865] {processor.py:153} INFO - Started process (PID=23065) to work on /home/nayara/Documentos/airflowalura/venv/lib/python3.9/site-packages/airflow/example_dags/subdags/subdag.py
[2022-11-01 23:21:33,050] {processor.py:641} INFO - Processing file /home/nayara/Documentos/airflowalura/venv/lib/python3.9/site-packages/airflow/example_dags/subdags/subdag.py for tasks to queue
[2022-11-01 23:21:33,052] {logging_mixin.py:115} INFO - [2022-11-01 23:21:33,052] {dagbag.py:507} INFO - Filling up the DagBag from /home/nayara/Documentos/airflowalura/venv/lib/python3.9/site-packages/airflow/example_dags/subdags/subdag.py
[2022-11-01 23:21:33,059] {processor.py:653} WARNING - No viable dags retrieved from /home/nayara/Documentos/airflowalura/venv/lib/python3.9/site-packages/airflow/example_dags/subdags/subdag.py
[2022-11-01 23:21:33,101] {processor.py:161} INFO - Processing /home/nayara/Documentos/airflowalura/venv/lib/python3.9/site-packages/airflow/example_dags/subdags/subdag.py took 0.246 seconds
