[2022-10-31 22:13:29,829] {taskinstance.py:1159} INFO - Dependencies all met for <TaskInstance: meu_primeiro_dag.cria_pasta scheduled__2022-10-31T00:00:00+00:00 [queued]>
[2022-10-31 22:13:29,847] {taskinstance.py:1159} INFO - Dependencies all met for <TaskInstance: meu_primeiro_dag.cria_pasta scheduled__2022-10-31T00:00:00+00:00 [queued]>
[2022-10-31 22:13:29,847] {taskinstance.py:1356} INFO - 
--------------------------------------------------------------------------------
[2022-10-31 22:13:29,847] {taskinstance.py:1357} INFO - Starting attempt 1 of 1
[2022-10-31 22:13:29,847] {taskinstance.py:1358} INFO - 
--------------------------------------------------------------------------------
[2022-10-31 22:13:30,620] {taskinstance.py:1377} INFO - Executing <Task(BashOperator): cria_pasta> on 2022-10-31 00:00:00+00:00
[2022-10-31 22:13:30,639] {standard_task_runner.py:52} INFO - Started process 49346 to run task
[2022-10-31 22:13:30,654] {standard_task_runner.py:79} INFO - Running: ['airflow', 'tasks', 'run', 'meu_primeiro_dag', 'cria_pasta', 'scheduled__2022-10-31T00:00:00+00:00', '--job-id', '9', '--raw', '--subdir', 'DAGS_FOLDER/meu_primeiro_dag.py', '--cfg-path', '/tmp/tmpph3t4sqt', '--error-file', '/tmp/tmplce17my1']
[2022-10-31 22:13:30,668] {standard_task_runner.py:80} INFO - Job 9: Subtask cria_pasta
[2022-10-31 22:13:31,692] {task_command.py:370} INFO - Running <TaskInstance: meu_primeiro_dag.cria_pasta scheduled__2022-10-31T00:00:00+00:00 [running]> on host nayara-S14SL01
[2022-10-31 22:13:35,579] {taskinstance.py:1569} INFO - Exporting the following env vars:
AIRFLOW_CTX_DAG_OWNER=airflow
AIRFLOW_CTX_DAG_ID=meu_primeiro_dag
AIRFLOW_CTX_TASK_ID=cria_pasta
AIRFLOW_CTX_EXECUTION_DATE=2022-10-31T00:00:00+00:00
AIRFLOW_CTX_TRY_NUMBER=1
AIRFLOW_CTX_DAG_RUN_ID=scheduled__2022-10-31T00:00:00+00:00
[2022-10-31 22:13:35,584] {subprocess.py:62} INFO - Tmp dir root location: 
 /tmp
[2022-10-31 22:13:35,700] {subprocess.py:74} INFO - Running command: ['bash', '-c', 'mkdir -p "/home/nayara/Documentos/airflowalura/pasta" ']
[2022-10-31 22:13:35,872] {subprocess.py:85} INFO - Output:
[2022-10-31 22:13:37,415] {subprocess.py:96} INFO - Command exited with return code 0
[2022-10-31 22:13:38,446] {taskinstance.py:1395} INFO - Marking task as SUCCESS. dag_id=meu_primeiro_dag, task_id=cria_pasta, execution_date=20221031T000000, start_date=20221101T011329, end_date=20221101T011338
[2022-10-31 22:13:39,453] {local_task_job.py:156} INFO - Task exited with return code 0
[2022-10-31 22:13:39,500] {local_task_job.py:273} INFO - 0 downstream tasks scheduled from follow-on schedule check
[2022-10-31 22:17:43,858] {taskinstance.py:1159} INFO - Dependencies all met for <TaskInstance: meu_primeiro_dag.cria_pasta scheduled__2022-10-31T00:00:00+00:00 [queued]>
[2022-10-31 22:17:43,890] {taskinstance.py:1159} INFO - Dependencies all met for <TaskInstance: meu_primeiro_dag.cria_pasta scheduled__2022-10-31T00:00:00+00:00 [queued]>
[2022-10-31 22:17:43,891] {taskinstance.py:1356} INFO - 
--------------------------------------------------------------------------------
[2022-10-31 22:17:43,891] {taskinstance.py:1357} INFO - Starting attempt 1 of 1
[2022-10-31 22:17:43,891] {taskinstance.py:1358} INFO - 
--------------------------------------------------------------------------------
[2022-10-31 22:17:44,258] {taskinstance.py:1377} INFO - Executing <Task(BashOperator): cria_pasta> on 2022-10-31 00:00:00+00:00
[2022-10-31 22:17:44,269] {standard_task_runner.py:52} INFO - Started process 49806 to run task
[2022-10-31 22:17:44,295] {standard_task_runner.py:79} INFO - Running: ['airflow', 'tasks', 'run', 'meu_primeiro_dag', 'cria_pasta', 'scheduled__2022-10-31T00:00:00+00:00', '--job-id', '10', '--raw', '--subdir', 'DAGS_FOLDER/meu_primeiro_dag.py', '--cfg-path', '/tmp/tmpvngxgdzz', '--error-file', '/tmp/tmp9_w5ui4d']
[2022-10-31 22:17:44,298] {standard_task_runner.py:80} INFO - Job 10: Subtask cria_pasta
[2022-10-31 22:17:44,674] {task_command.py:370} INFO - Running <TaskInstance: meu_primeiro_dag.cria_pasta scheduled__2022-10-31T00:00:00+00:00 [running]> on host nayara-S14SL01
[2022-10-31 22:17:45,659] {taskinstance.py:1569} INFO - Exporting the following env vars:
AIRFLOW_CTX_DAG_OWNER=airflow
AIRFLOW_CTX_DAG_ID=meu_primeiro_dag
AIRFLOW_CTX_TASK_ID=cria_pasta
AIRFLOW_CTX_EXECUTION_DATE=2022-10-31T00:00:00+00:00
AIRFLOW_CTX_TRY_NUMBER=1
AIRFLOW_CTX_DAG_RUN_ID=scheduled__2022-10-31T00:00:00+00:00
[2022-10-31 22:17:45,661] {subprocess.py:62} INFO - Tmp dir root location: 
 /tmp
[2022-10-31 22:17:45,662] {subprocess.py:74} INFO - Running command: ['bash', '-c', 'mkdir -p "/home/nayara/Documentos/airflowalura/pasta=2022-11-01T00:00:00+00:00" ']
[2022-10-31 22:17:45,676] {subprocess.py:85} INFO - Output:
[2022-10-31 22:17:45,680] {subprocess.py:96} INFO - Command exited with return code 0
[2022-10-31 22:17:46,132] {taskinstance.py:1395} INFO - Marking task as SUCCESS. dag_id=meu_primeiro_dag, task_id=cria_pasta, execution_date=20221031T000000, start_date=20221101T011743, end_date=20221101T011746
[2022-10-31 22:17:46,547] {local_task_job.py:156} INFO - Task exited with return code 0
[2022-10-31 22:17:46,587] {local_task_job.py:273} INFO - 0 downstream tasks scheduled from follow-on schedule check
