[2022-10-31 22:17:31,752] {taskinstance.py:1159} INFO - Dependencies all met for <TaskInstance: meu_primeiro_dag.cria_pasta scheduled__2022-10-30T00:00:00+00:00 [queued]>
[2022-10-31 22:17:31,764] {taskinstance.py:1159} INFO - Dependencies all met for <TaskInstance: meu_primeiro_dag.cria_pasta scheduled__2022-10-30T00:00:00+00:00 [queued]>
[2022-10-31 22:17:31,764] {taskinstance.py:1356} INFO - 
--------------------------------------------------------------------------------
[2022-10-31 22:17:31,764] {taskinstance.py:1357} INFO - Starting attempt 1 of 1
[2022-10-31 22:17:31,764] {taskinstance.py:1358} INFO - 
--------------------------------------------------------------------------------
[2022-10-31 22:17:32,211] {taskinstance.py:1377} INFO - Executing <Task(BashOperator): cria_pasta> on 2022-10-30 00:00:00+00:00
[2022-10-31 22:17:32,215] {standard_task_runner.py:52} INFO - Started process 49780 to run task
[2022-10-31 22:17:32,221] {standard_task_runner.py:79} INFO - Running: ['airflow', 'tasks', 'run', 'meu_primeiro_dag', 'cria_pasta', 'scheduled__2022-10-30T00:00:00+00:00', '--job-id', '9', '--raw', '--subdir', 'DAGS_FOLDER/meu_primeiro_dag.py', '--cfg-path', '/tmp/tmp3o0ahlyx', '--error-file', '/tmp/tmp7nkt2mua']
[2022-10-31 22:17:32,222] {standard_task_runner.py:80} INFO - Job 9: Subtask cria_pasta
[2022-10-31 22:17:32,785] {task_command.py:370} INFO - Running <TaskInstance: meu_primeiro_dag.cria_pasta scheduled__2022-10-30T00:00:00+00:00 [running]> on host nayara-S14SL01
[2022-10-31 22:17:35,180] {taskinstance.py:1569} INFO - Exporting the following env vars:
AIRFLOW_CTX_DAG_OWNER=airflow
AIRFLOW_CTX_DAG_ID=meu_primeiro_dag
AIRFLOW_CTX_TASK_ID=cria_pasta
AIRFLOW_CTX_EXECUTION_DATE=2022-10-30T00:00:00+00:00
AIRFLOW_CTX_TRY_NUMBER=1
AIRFLOW_CTX_DAG_RUN_ID=scheduled__2022-10-30T00:00:00+00:00
[2022-10-31 22:17:35,184] {subprocess.py:62} INFO - Tmp dir root location: 
 /tmp
[2022-10-31 22:17:35,186] {subprocess.py:74} INFO - Running command: ['bash', '-c', 'mkdir -p "/home/nayara/Documentos/airflowalura/pasta=2022-10-31T00:00:00+00:00" ']
[2022-10-31 22:17:35,205] {subprocess.py:85} INFO - Output:
[2022-10-31 22:17:35,212] {subprocess.py:96} INFO - Command exited with return code 0
[2022-10-31 22:17:35,713] {taskinstance.py:1395} INFO - Marking task as SUCCESS. dag_id=meu_primeiro_dag, task_id=cria_pasta, execution_date=20221030T000000, start_date=20221101T011731, end_date=20221101T011735
[2022-10-31 22:17:36,209] {local_task_job.py:156} INFO - Task exited with return code 0
[2022-10-31 22:17:36,284] {local_task_job.py:273} INFO - 0 downstream tasks scheduled from follow-on schedule check
