[2022-11-01 22:38:48,925] {taskinstance.py:1159} INFO - Dependencies all met for <TaskInstance: dados_climaticos.extrai_dados scheduled__2022-11-01T00:00:00+00:00 [queued]>
[2022-11-01 22:38:48,938] {taskinstance.py:1159} INFO - Dependencies all met for <TaskInstance: dados_climaticos.extrai_dados scheduled__2022-11-01T00:00:00+00:00 [queued]>
[2022-11-01 22:38:48,939] {taskinstance.py:1356} INFO - 
--------------------------------------------------------------------------------
[2022-11-01 22:38:48,939] {taskinstance.py:1357} INFO - Starting attempt 1 of 1
[2022-11-01 22:38:48,939] {taskinstance.py:1358} INFO - 
--------------------------------------------------------------------------------
[2022-11-01 22:38:50,028] {taskinstance.py:1377} INFO - Executing <Task(PythonOperator): extrai_dados> on 2022-11-01 00:00:00+00:00
[2022-11-01 22:38:50,043] {standard_task_runner.py:52} INFO - Started process 17625 to run task
[2022-11-01 22:38:50,064] {standard_task_runner.py:79} INFO - Running: ['airflow', 'tasks', 'run', 'dados_climaticos', 'extrai_dados', 'scheduled__2022-11-01T00:00:00+00:00', '--job-id', '21', '--raw', '--subdir', 'DAGS_FOLDER/dados_climaticos.py', '--cfg-path', '/tmp/tmpwnbzbg1x', '--error-file', '/tmp/tmpln5fh1nq']
[2022-11-01 22:38:50,066] {standard_task_runner.py:80} INFO - Job 21: Subtask extrai_dados
[2022-11-01 22:38:50,936] {task_command.py:370} INFO - Running <TaskInstance: dados_climaticos.extrai_dados scheduled__2022-11-01T00:00:00+00:00 [running]> on host nayara-S14SL01
[2022-11-01 22:38:53,310] {taskinstance.py:1569} INFO - Exporting the following env vars:
AIRFLOW_CTX_DAG_OWNER=airflow
AIRFLOW_CTX_DAG_ID=dados_climaticos
AIRFLOW_CTX_TASK_ID=extrai_dados
AIRFLOW_CTX_EXECUTION_DATE=2022-11-01T00:00:00+00:00
AIRFLOW_CTX_TRY_NUMBER=1
AIRFLOW_CTX_DAG_RUN_ID=scheduled__2022-11-01T00:00:00+00:00
[2022-11-01 22:38:59,084] {python.py:173} INFO - Done. Returned value was: None
[2022-11-01 22:38:59,125] {taskinstance.py:1395} INFO - Marking task as SUCCESS. dag_id=dados_climaticos, task_id=extrai_dados, execution_date=20221101T000000, start_date=20221102T013848, end_date=20221102T013859
[2022-11-01 22:39:00,047] {local_task_job.py:156} INFO - Task exited with return code 0
[2022-11-01 22:39:00,071] {local_task_job.py:273} INFO - 0 downstream tasks scheduled from follow-on schedule check
