[2022-10-31 22:06:02,618] {taskinstance.py:1159} INFO - Dependencies all met for <TaskInstance: atividade_aula_4.cumprimentos scheduled__2022-10-31T00:00:00+00:00 [queued]>
[2022-10-31 22:06:02,631] {taskinstance.py:1159} INFO - Dependencies all met for <TaskInstance: atividade_aula_4.cumprimentos scheduled__2022-10-31T00:00:00+00:00 [queued]>
[2022-10-31 22:06:02,631] {taskinstance.py:1356} INFO - 
--------------------------------------------------------------------------------
[2022-10-31 22:06:02,632] {taskinstance.py:1357} INFO - Starting attempt 1 of 1
[2022-10-31 22:06:02,632] {taskinstance.py:1358} INFO - 
--------------------------------------------------------------------------------
[2022-10-31 22:06:03,072] {taskinstance.py:1377} INFO - Executing <Task(PythonOperator): cumprimentos> on 2022-10-31 00:00:00+00:00
[2022-10-31 22:06:03,077] {standard_task_runner.py:52} INFO - Started process 48481 to run task
[2022-10-31 22:06:03,093] {standard_task_runner.py:79} INFO - Running: ['airflow', 'tasks', 'run', 'atividade_aula_4', 'cumprimentos', 'scheduled__2022-10-31T00:00:00+00:00', '--job-id', '8', '--raw', '--subdir', 'DAGS_FOLDER/atividade_aula_4.py', '--cfg-path', '/tmp/tmp11pel977', '--error-file', '/tmp/tmpnm6tmgni']
[2022-10-31 22:06:03,094] {standard_task_runner.py:80} INFO - Job 8: Subtask cumprimentos
[2022-10-31 22:06:04,083] {task_command.py:370} INFO - Running <TaskInstance: atividade_aula_4.cumprimentos scheduled__2022-10-31T00:00:00+00:00 [running]> on host nayara-S14SL01
[2022-10-31 22:06:05,380] {taskinstance.py:1569} INFO - Exporting the following env vars:
AIRFLOW_CTX_DAG_OWNER=airflow
AIRFLOW_CTX_DAG_ID=atividade_aula_4
AIRFLOW_CTX_TASK_ID=cumprimentos
AIRFLOW_CTX_EXECUTION_DATE=2022-10-31T00:00:00+00:00
AIRFLOW_CTX_TRY_NUMBER=1
AIRFLOW_CTX_DAG_RUN_ID=scheduled__2022-10-31T00:00:00+00:00
[2022-10-31 22:06:05,382] {logging_mixin.py:115} INFO - Boas-vindas ao Airflow!
[2022-10-31 22:06:05,383] {python.py:173} INFO - Done. Returned value was: None
[2022-10-31 22:06:05,401] {taskinstance.py:1395} INFO - Marking task as SUCCESS. dag_id=atividade_aula_4, task_id=cumprimentos, execution_date=20221031T000000, start_date=20221101T010602, end_date=20221101T010605
[2022-10-31 22:06:05,787] {local_task_job.py:156} INFO - Task exited with return code 0
[2022-10-31 22:06:05,860] {local_task_job.py:273} INFO - 0 downstream tasks scheduled from follow-on schedule check
