[2022-11-01 22:39:46,788] {taskinstance.py:1159} INFO - Dependencies all met for <TaskInstance: example_branch_operator.branching scheduled__2022-10-31T00:00:00+00:00 [queued]>
[2022-11-01 22:39:46,801] {taskinstance.py:1159} INFO - Dependencies all met for <TaskInstance: example_branch_operator.branching scheduled__2022-10-31T00:00:00+00:00 [queued]>
[2022-11-01 22:39:46,801] {taskinstance.py:1356} INFO - 
--------------------------------------------------------------------------------
[2022-11-01 22:39:46,801] {taskinstance.py:1357} INFO - Starting attempt 1 of 1
[2022-11-01 22:39:46,801] {taskinstance.py:1358} INFO - 
--------------------------------------------------------------------------------
[2022-11-01 22:39:47,220] {taskinstance.py:1377} INFO - Executing <Task(BranchPythonOperator): branching> on 2022-10-31 00:00:00+00:00
[2022-11-01 22:39:47,225] {standard_task_runner.py:52} INFO - Started process 17683 to run task
[2022-11-01 22:39:47,231] {standard_task_runner.py:79} INFO - Running: ['airflow', 'tasks', 'run', 'example_branch_operator', 'branching', 'scheduled__2022-10-31T00:00:00+00:00', '--job-id', '22', '--raw', '--subdir', '/home/nayara/Documentos/airflowalura/venv/lib/python3.9/site-packages/airflow/example_dags/example_branch_operator.py', '--cfg-path', '/tmp/tmpbx9umb5r', '--error-file', '/tmp/tmp9_s6dajc']
[2022-11-01 22:39:47,233] {standard_task_runner.py:80} INFO - Job 22: Subtask branching
[2022-11-01 22:39:47,674] {task_command.py:370} INFO - Running <TaskInstance: example_branch_operator.branching scheduled__2022-10-31T00:00:00+00:00 [running]> on host nayara-S14SL01
[2022-11-01 22:39:48,594] {taskinstance.py:1569} INFO - Exporting the following env vars:
AIRFLOW_CTX_DAG_OWNER=airflow
AIRFLOW_CTX_DAG_ID=example_branch_operator
AIRFLOW_CTX_TASK_ID=branching
AIRFLOW_CTX_EXECUTION_DATE=2022-10-31T00:00:00+00:00
AIRFLOW_CTX_TRY_NUMBER=1
AIRFLOW_CTX_DAG_RUN_ID=scheduled__2022-10-31T00:00:00+00:00
[2022-11-01 22:39:48,597] {python.py:173} INFO - Done. Returned value was: branch_d
[2022-11-01 22:39:48,598] {skipmixin.py:140} INFO - Following branch branch_d
[2022-11-01 22:39:48,598] {skipmixin.py:175} INFO - Skipping tasks ['branch_b', 'branch_a', 'branch_c']
[2022-11-01 22:39:50,320] {taskinstance.py:1395} INFO - Marking task as SUCCESS. dag_id=example_branch_operator, task_id=branching, execution_date=20221031T000000, start_date=20221102T013946, end_date=20221102T013950
[2022-11-01 22:39:50,828] {local_task_job.py:156} INFO - Task exited with return code 0
[2022-11-01 22:39:51,243] {local_task_job.py:273} INFO - 1 downstream tasks scheduled from follow-on schedule check
